
[2025-10-08 08:48:16] CMD: C:\Users\owner\AppData\Local\Programs\Python\Python313\python.exe -X faulthandler -u C:\Users\owner\Desktop\es_futures_backtester\paper_trader.py C:\Users\owner\AppData\Local\Programs\Python\Python313\python.exe -X faulthandler -u .\paper_trader.py --host 127.0.0.1 --port 7497 --clientId 111 --symbol ES --auto-front-month --entry-slippage-ticks 2 --atomic-bracket --qty 1 --risk-ticks 12 --tick-size 0.25 --tp-R 1.0 --enable-arms trend,breakout --gate-adx 19 --gate-bbbw 0.00020 --gate-atrp 0.000055 --min-hold-sec 60 --breakeven-after-R 2.2 --trail-atr-mult 3.2 --trail-delay-sec 240 --trail-on-bar-close --max-trades-per-day 12 --day-loss-cap-R 3 --strategy-cooldown-sec 150 --trade-start-ct 00:00 --trade-end-ct 23:59 --tif GTC --outsideRth --require-new-bar-after-start --startup-delay-sec 10 --debounce-one-bar --duration "1 D" --connect-timeout-sec 300 --timeout-sec 300 --chooser bandit_hybrid --bandit ucb --bandit-state .\data\learn\bandit_state.json --learn-log --learn-log-dir .\logs\learn -v --place-orders --place-orders
[2025-10-08 08:48:21] [WD] hb uptime=5s restarts=0 child_alive=True
[2025-10-08 08:48:26] [WD] hb uptime=10s restarts=0 child_alive=True
[2025-10-08 08:48:31] [WD] hb uptime=15s restarts=0 child_alive=True
[2025-10-08 08:48:36] [WD] hb uptime=20s restarts=0 child_alive=True
[2025-10-08 08:48:41] [WD] hb uptime=25s restarts=0 child_alive=True
[2025-10-08 08:48:46] [WD] hb uptime=30s restarts=0 child_alive=True
[2025-10-08 08:48:51] [WD] hb uptime=35s restarts=0 child_alive=True
[2025-10-08 08:48:56] [WD] hb uptime=40s restarts=0 child_alive=True
[CLI] Ignoring unknown args: ['C:\\Users\\owner\\AppData\\Local\\Programs\\Python\\Python313\\python.exe', '-X', 'faulthandler', '-u', '.\\paper_trader.py']
Starting ES paper bot...
[CONNECT] 127.0.0.1:7497 clientId=111
Connected
[MD] Market data type set to LIVE (1)
[CONTRACT] Auto-picked ESZ5 conId=495512563 expiry=20251219
Error 321, reqId 3604: Error validating request.-'bM' : cause - Historical data request for durations longer than 12 months must be made in years., contract: Contract(secType='FUT', conId=495512563, symbol='ES', lastTradeDateOrContractMonth='20251219', multiplier='50', exchange='CME', currency='USD', localSymbol='ESZ5', tradingClass='ES')
[BOOT] Hist seed: 0 bars
2025-10-08 08:48:27 INFO [HB] active    | dayR=0.00R open=0 tradesToday=0 bars=0 | arms=trend 0/0.00, breakout 0/0.00
2025-10-08 08:48:27 INFO [HB] active    | dayR=0.00R open=0 tradesToday=0 bars=0 | arms=trend 0/0.00, breakout 0/0.00
2025-10-08 08:48:28 INFO [HB] active    | dayR=0.00R open=0 tradesToday=0 bars=0 | arms=trend 0/0.00, breakout 0/0.00
2025-10-08 08:48:28 INFO [HB] active    | dayR=0.00R open=0 tradesToday=0 bars=0 | arms=trend 0/0.00, breakout 0/0.00
2025-10-08 08:48:29 INFO [HB] active    | dayR=0.00R open=0 tradesToday=0 bars=0 | arms=trend 0/0.00, breakout 0/0.00
2025-10-08 08:48:29 INFO [HB] active    | dayR=0.00R open=0 tradesToday=0 bars=0 | arms=trend 0/0.00, breakout 0/0.00
2025-10-08 08:48:30 INFO [HB] active    | dayR=0.00R open=0 tradesToday=0 bars=0 | arms=trend 0/0.00, breakout 0/0.00
2025-10-08 08:48:30 INFO [HB] active    | dayR=0.00R open=0 tradesToday=0 bars=0 | arms=trend 0/0.00, breakout 0/0.00
2025-10-08 08:48:31 INFO [HB] active    | dayR=0.00R open=0 tradesToday=0 bars=0 | arms=trend 0/0.00, breakout 0/0.00
2025-10-08 08:48:31 INFO [HB] active    | dayR=0.00R open=0 tradesToday=0 bars=0 | arms=trend 0/0.00, breakout 0/0.00
2025-10-08 08:48:32 INFO [HB] active    | dayR=0.00R open=0 tradesToday=0 bars=0 | arms=trend 0/0.00, breakout 0/0.00
2025-10-08 08:48:32 INFO [HB] active    | dayR=0.00R open=0 tradesToday=0 bars=0 | arms=trend 0/0.00, breakout 0/0.00
2025-10-08 08:48:33 INFO [HB] active    | dayR=0.00R open=0 tradesToday=0 bars=0 | arms=trend 0/0.00, breakout 0/0.00
2025-10-08 08:48:33 INFO [HB] active    | dayR=0.00R open=0 tradesToday=0 bars=0 | arms=trend 0/0.00, breakout 0/0.00
2025-10-08 08:48:34 INFO [HB] active    | dayR=0.00R open=0 tradesToday=0 bars=0 | arms=trend 0/0.00, breakout 0/0.00
2025-10-08 08:48:34 INFO [HB] active    | dayR=0.00R open=0 tradesToday=0 bars=0 | arms=trend 0/0.00, breakout 0/0.00
2025-10-08 08:48:35 INFO [HB] active    | dayR=0.00R open=0 tradesToday=0 bars=0 | arms=trend 0/0.00, breakout 0/0.00
2025-10-08 08:48:35 INFO [HB] active    | dayR=0.00R open=0 tradesToday=0 bars=0 | arms=trend 0/0.00, breakout 0/0.00
2025-10-08 08:48:36 INFO [HB] active    | dayR=0.00R open=0 tradesToday=0 bars=0 | arms=trend 0/0.00, breakout 0/0.00
2025-10-08 08:48:36 INFO [HB] active    | dayR=0.00R open=0 tradesToday=0 bars=0 | arms=trend 0/0.00, breakout 0/0.00
[MD] Switched to DELAYED (3) market data (no live bars arrived).
2025-10-08 08:48:37 INFO [HB] active    | dayR=0.00R open=0 tradesToday=0 bars=0 | arms=trend 0/0.00, breakout 0/0.00
2025-10-08 08:48:37 INFO [HB] active    | dayR=0.00R open=0 tradesToday=0 bars=0 | arms=trend 0/0.00, breakout 0/0.00
2025-10-08 08:48:38 INFO [HB] active    | dayR=0.00R open=0 tradesToday=0 bars=0 | arms=trend 0/0.00, breakout 0/0.00
2025-10-08 08:48:38 INFO [HB] active    | dayR=0.00R open=0 tradesToday=0 bars=0 | arms=trend 0/0.00, breakout 0/0.00
2025-10-08 08:48:39 INFO [HB] active    | dayR=0.00R open=0 tradesToday=0 bars=0 | arms=trend 0/0.00, breakout 0/0.00
2025-10-08 08:48:39 INFO [HB] active    | dayR=0.00R open=0 tradesToday=0 bars=0 | arms=trend 0/0.00, breakout 0/0.00
2025-10-08 08:48:40 INFO [HB] active    | dayR=0.00R open=0 tradesToday=0 bars=0 | arms=trend 0/0.00, breakout 0/0.00
2025-10-08 08:48:40 INFO [HB] active    | dayR=0.00R open=0 tradesToday=0 bars=0 | arms=trend 0/0.00, breakout 0/0.00
2025-10-08 08:48:41 INFO [HB] active    | dayR=0.00R open=0 tradesToday=0 bars=0 | arms=trend 0/0.00, breakout 0/0.00
2025-10-08 08:48:41 INFO [HB] active    | dayR=0.00R open=0 tradesToday=0 bars=0 | arms=trend 0/0.00, breakout 0/0.00
2025-10-08 08:48:42 INFO [HB] active    | dayR=0.00R open=0 tradesToday=0 bars=0 | arms=trend 0/0.00, breakout 0/0.00
2025-10-08 08:48:42 INFO [HB] active    | dayR=0.00R open=0 tradesToday=0 bars=0 | arms=trend 0/0.00, breakout 0/0.00
2025-10-08 08:48:43 INFO [HB] active    | dayR=0.00R open=0 tradesToday=0 bars=0 | arms=trend 0/0.00, breakout 0/0.00
2025-10-08 08:48:43 INFO [HB] active    | dayR=0.00R open=0 tradesToday=0 bars=0 | arms=trend 0/0.00, breakout 0/0.00
2025-10-08 08:48:44 INFO [HB] active    | dayR=0.00R open=0 tradesToday=0 bars=0 | arms=trend 0/0.00, breakout 0/0.00
2025-10-08 08:48:44 INFO [HB] active    | dayR=0.00R open=0 tradesToday=0 bars=0 | arms=trend 0/0.00, breakout 0/0.00
2025-10-08 08:48:45 INFO [HB] active    | dayR=0.00R open=0 tradesToday=0 bars=0 | arms=trend 0/0.00, breakout 0/0.00
2025-10-08 08:48:45 INFO [HB] active    | dayR=0.00R open=0 tradesToday=0 bars=0 | arms=trend 0/0.00, breakout 0/0.00
2025-10-08 08:48:46 INFO [HB] active    | dayR=0.00R open=0 tradesToday=0 bars=0 | arms=trend 0/0.00, breakout 0/0.00
2025-10-08 08:48:46 INFO [HB] active    | dayR=0.00R open=0 tradesToday=0 bars=0 | arms=trend 0/0.00, breakout 0/0.00
2025-10-08 08:48:47 INFO [HB] active    | dayR=0.00R open=0 tradesToday=0 bars=0 | arms=trend 0/0.00, breakout 0/0.00
2025-10-08 08:48:47 INFO [HB] active    | dayR=0.00R open=0 tradesToday=0 bars=0 | arms=trend 0/0.00, breakout 0/0.00
2025-10-08 08:48:48 INFO [HB] active    | dayR=0.00R open=0 tradesToday=0 bars=0 | arms=trend 0/0.00, breakout 0/0.00
2025-10-08 08:48:48 INFO [HB] active    | dayR=0.00R open=0 tradesToday=0 bars=0 | arms=trend 0/0.00, breakout 0/0.00
2025-10-08 08:48:49 INFO [HB] active    | dayR=0.00R open=0 tradesToday=0 bars=0 | arms=trend 0/0.00, breakout 0/0.00
2025-10-08 08:48:49 INFO [HB] active    | dayR=0.00R open=0 tradesToday=0 bars=0 | arms=trend 0/0.00, breakout 0/0.00
2025-10-08 08:48:50 INFO [HB] active    | dayR=0.00R open=0 tradesToday=0 bars=0 | arms=trend 0/0.00, breakout 0/0.00
2025-10-08 08:48:50 INFO [HB] active    | dayR=0.00R open=0 tradesToday=0 bars=0 | arms=trend 0/0.00, breakout 0/0.00
2025-10-08 08:48:51 INFO [HB] active    | dayR=0.00R open=0 tradesToday=0 bars=0 | arms=trend 0/0.00, breakout 0/0.00
2025-10-08 08:48:51 INFO [HB] active    | dayR=0.00R open=0 tradesToday=0 bars=0 | arms=trend 0/0.00, breakout 0/0.00
2025-10-08 08:48:52 INFO [HB] active    | dayR=0.00R open=0 tradesToday=0 bars=0 | arms=trend 0/0.00, breakout 0/0.00
2025-10-08 08:48:52 INFO [HB] active    | dayR=0.00R open=0 tradesToday=0 bars=0 | arms=trend 0/0.00, breakout 0/0.00
2025-10-08 08:48:53 INFO [HB] active    | dayR=0.00R open=0 tradesToday=0 bars=0 | arms=trend 0/0.00, breakout 0/0.00
2025-10-08 08:48:53 INFO [HB] active    | dayR=0.00R open=0 tradesToday=0 bars=0 | arms=trend 0/0.00, breakout 0/0.00
2025-10-08 08:48:54 INFO [HB] active    | dayR=0.00R open=0 tradesToday=0 bars=0 | arms=trend 0/0.00, breakout 0/0.00
2025-10-08 08:48:54 INFO [HB] active    | dayR=0.00R open=0 tradesToday=0 bars=0 | arms=trend 0/0.00, breakout 0/0.00
2025-10-08 08:48:55 INFO [HB] active    | dayR=0.00R open=0 tradesToday=0 bars=0 | arms=trend 0/0.00, breakout 0/0.00
2025-10-08 08:48:55 INFO [HB] active    | dayR=0.00R open=0 tradesToday=0 bars=0 | arms=trend 0/0.00, breakout 0/0.00
2025-10-08 08:48:56 INFO [HB] active    | dayR=0.00R open=0 tradesToday=0 bars=0 | arms=trend 0/0.00, breakout 0/0.00
2025-10-08 08:48:56 INFO [HB] active    | dayR=0.00R open=0 tradesToday=0 bars=0 | arms=trend 0/0.00, breakout 0/0.00
2025-10-08 08:48:57 INFO [HB] active    | dayR=0.00R open=0 tradesToday=0 bars=0 | arms=trend 0/0.00, breakout 0/0.00
2025-10-08 08:48:57 INFO [HB] active    | dayR=0.00R open=0 tradesToday=0 bars=0 | arms=trend 0/0.00, breakout 0/0.00
2025-10-08 08:48:58 INFO [HB] active    | dayR=0.00R open=0 tradesToday=0 bars=0 | arms=trend 0/0.00, breakout 0/0.00
INFO [CTRL-C] Shutting down...
Disconnected.
[2025-10-08 08:48:58] EXIT CODE: 0
[2025-10-08 08:49:01] [WD] hb uptime=45s restarts=1 child_alive=False
