
[2025-10-07 18:51:08] CMD: C:\Users\owner\AppData\Local\Programs\Python\Python313\python.exe -X faulthandler -u C:\Users\owner\Desktop\es_futures_backtester\paper_trader.py --host 127.0.0.1 --port 7497 --clientId 111 --symbol ES --auto-front-month --entry-slippage-ticks 2 --atomic-bracket --qty 1 --risk-ticks 12 --tick-size 0.25 --tp-R 1.0 --enable-arms trend,breakout --gate-adx 0 --gate-bbbw 0 --gate-atrp 0 --min-hold-sec 5 --breakeven-after-R 2.2 --trail-atr-mult 3.2 --trail-delay-sec 60 --trail-on-bar-close --max-trades-per-day 12 --day-loss-cap-R 3 --strategy-cooldown-sec 30 --trade-start-ct 00:00 --trade-end-ct 23:59 --tif GTC --outsideRth --debounce-one-bar --duration 1 D --connect-timeout-sec 300 --timeout-sec 300 --chooser bandit_hybrid --bandit ucb --bandit-state .\data\learn\bandit_state.json --learn-log --learn-log-dir .\logs\learn --place-orders -v C:\Users\owner\AppData\Local\Programs\Python\Python313\python.exe -X faulthandler -u .\paper_trader.py --host 127.0.0.1 --port 7497 --clientId 111 --symbol ES --auto-front-month --entry-slippage-ticks 2 --atomic-bracket --qty 1 --risk-ticks 12 --tick-size 0.25 --tp-R 1.0 --enable-arms trend,breakout --gate-adx 19 --gate-bbbw 0.00020 --gate-atrp 0.000055 --min-hold-sec 60 --breakeven-after-R 2.2 --trail-atr-mult 3.2 --trail-delay-sec 240 --trail-on-bar-close --max-trades-per-day 12 --day-loss-cap-R 3 --strategy-cooldown-sec 150 --trade-start-ct 00:00 --trade-end-ct 23:59 --tif GTC --outsideRth --require-new-bar-after-start --startup-delay-sec 10 --debounce-one-bar --duration "1 D" --connect-timeout-sec 300 --timeout-sec 300 --chooser bandit_hybrid --bandit ucb --bandit-state .\data\learn\bandit_state.json --learn-log --learn-log-dir .\logs\learn -v --place-orders --place-orders
[2025-10-07 18:51:13] [WD] hb uptime=5s restarts=0 child_alive=True
[2025-10-07 18:51:18] [WD] hb uptime=10s restarts=0 child_alive=True
[2025-10-07 18:51:23] [WD] hb uptime=15s restarts=0 child_alive=True
[2025-10-07 18:51:28] [WD] hb uptime=20s restarts=0 child_alive=True
[2025-10-07 18:51:33] [WD] hb uptime=25s restarts=0 child_alive=True
[2025-10-07 18:51:38] [WD] hb uptime=30s restarts=0 child_alive=True
[2025-10-07 18:51:43] [WD] hb uptime=35s restarts=0 child_alive=True
[2025-10-07 18:51:48] [WD] hb uptime=40s restarts=0 child_alive=True
[CLI] Ignoring unknown args: ['C:\\Users\\owner\\AppData\\Local\\Programs\\Python\\Python313\\python.exe', '-X', 'faulthandler', '-u', '.\\paper_trader.py']
Starting ES paper bot...
[CONNECT] 127.0.0.1:7497 clientId=111
Connected
2025-10-07 18:51:19 INFO [HB] active    | dayR=0.00R open=0 tradesToday=0 bars=0 | arms=trend 0/0.00, breakout 0/0.00
2025-10-07 18:51:19 INFO [HB] active    | dayR=0.00R open=0 tradesToday=0 bars=0 | arms=trend 0/0.00, breakout 0/0.00
2025-10-07 18:51:20 INFO [HB] active    | dayR=0.00R open=0 tradesToday=0 bars=0 | arms=trend 0/0.00, breakout 0/0.00
2025-10-07 18:51:20 INFO [HB] active    | dayR=0.00R open=0 tradesToday=0 bars=0 | arms=trend 0/0.00, breakout 0/0.00
2025-10-07 18:51:21 INFO [HB] active    | dayR=0.00R open=0 tradesToday=0 bars=0 | arms=trend 0/0.00, breakout 0/0.00
2025-10-07 18:51:21 INFO [HB] active    | dayR=0.00R open=0 tradesToday=0 bars=0 | arms=trend 0/0.00, breakout 0/0.00
2025-10-07 18:51:22 INFO [HB] active    | dayR=0.00R open=0 tradesToday=0 bars=0 | arms=trend 0/0.00, breakout 0/0.00
2025-10-07 18:51:22 INFO [HB] active    | dayR=0.00R open=0 tradesToday=0 bars=0 | arms=trend 0/0.00, breakout 0/0.00
2025-10-07 18:51:23 INFO [HB] active    | dayR=0.00R open=0 tradesToday=0 bars=0 | arms=trend 0/0.00, breakout 0/0.00
2025-10-07 18:51:23 INFO [HB] active    | dayR=0.00R open=0 tradesToday=0 bars=0 | arms=trend 0/0.00, breakout 0/0.00
2025-10-07 18:51:24 INFO [HB] active    | dayR=0.00R open=0 tradesToday=0 bars=0 | arms=trend 0/0.00, breakout 0/0.00
2025-10-07 18:51:24 INFO [HB] active    | dayR=0.00R open=0 tradesToday=0 bars=0 | arms=trend 0/0.00, breakout 0/0.00
2025-10-07 18:51:25 INFO [HB] active    | dayR=0.00R open=0 tradesToday=0 bars=0 | arms=trend 0/0.00, breakout 0/0.00
2025-10-07 18:51:25 INFO [HB] active    | dayR=0.00R open=0 tradesToday=0 bars=0 | arms=trend 0/0.00, breakout 0/0.00
2025-10-07 18:51:26 INFO [HB] active    | dayR=0.00R open=0 tradesToday=0 bars=0 | arms=trend 0/0.00, breakout 0/0.00
2025-10-07 18:51:26 INFO [HB] active    | dayR=0.00R open=0 tradesToday=0 bars=0 | arms=trend 0/0.00, breakout 0/0.00
2025-10-07 18:51:27 INFO [HB] active    | dayR=0.00R open=0 tradesToday=0 bars=0 | arms=trend 0/0.00, breakout 0/0.00
2025-10-07 18:51:27 INFO [HB] active    | dayR=0.00R open=0 tradesToday=0 bars=0 | arms=trend 0/0.00, breakout 0/0.00
2025-10-07 18:51:28 INFO [HB] active    | dayR=0.00R open=0 tradesToday=0 bars=0 | arms=trend 0/0.00, breakout 0/0.00
2025-10-07 18:51:28 INFO [HB] active    | dayR=0.00R open=0 tradesToday=0 bars=0 | arms=trend 0/0.00, breakout 0/0.00
2025-10-07 18:51:29 INFO [HB] active    | dayR=0.00R open=0 tradesToday=0 bars=0 | arms=trend 0/0.00, breakout 0/0.00
2025-10-07 18:51:29 INFO [HB] active    | dayR=0.00R open=0 tradesToday=0 bars=0 | arms=trend 0/0.00, breakout 0/0.00
2025-10-07 18:51:30 INFO [HB] active    | dayR=0.00R open=0 tradesToday=0 bars=0 | arms=trend 0/0.00, breakout 0/0.00
2025-10-07 18:51:30 INFO [HB] active    | dayR=0.00R open=0 tradesToday=0 bars=0 | arms=trend 0/0.00, breakout 0/0.00
2025-10-07 18:51:31 INFO [HB] active    | dayR=0.00R open=0 tradesToday=0 bars=0 | arms=trend 0/0.00, breakout 0/0.00
2025-10-07 18:51:31 INFO [HB] active    | dayR=0.00R open=0 tradesToday=0 bars=0 | arms=trend 0/0.00, breakout 0/0.00
2025-10-07 18:51:32 INFO [HB] active    | dayR=0.00R open=0 tradesToday=0 bars=0 | arms=trend 0/0.00, breakout 0/0.00
2025-10-07 18:51:32 INFO [HB] active    | dayR=0.00R open=0 tradesToday=0 bars=0 | arms=trend 0/0.00, breakout 0/0.00
2025-10-07 18:51:33 INFO [HB] active    | dayR=0.00R open=0 tradesToday=0 bars=0 | arms=trend 0/0.00, breakout 0/0.00
2025-10-07 18:51:33 INFO [HB] active    | dayR=0.00R open=0 tradesToday=0 bars=0 | arms=trend 0/0.00, breakout 0/0.00
2025-10-07 18:51:34 INFO [HB] active    | dayR=0.00R open=0 tradesToday=0 bars=0 | arms=trend 0/0.00, breakout 0/0.00
2025-10-07 18:51:34 INFO [HB] active    | dayR=0.00R open=0 tradesToday=0 bars=0 | arms=trend 0/0.00, breakout 0/0.00
2025-10-07 18:51:35 INFO [HB] active    | dayR=0.00R open=0 tradesToday=0 bars=0 | arms=trend 0/0.00, breakout 0/0.00
2025-10-07 18:51:35 INFO [HB] active    | dayR=0.00R open=0 tradesToday=0 bars=0 | arms=trend 0/0.00, breakout 0/0.00
2025-10-07 18:51:36 INFO [HB] active    | dayR=0.00R open=0 tradesToday=0 bars=0 | arms=trend 0/0.00, breakout 0/0.00
2025-10-07 18:51:36 INFO [HB] active    | dayR=0.00R open=0 tradesToday=0 bars=0 | arms=trend 0/0.00, breakout 0/0.00
2025-10-07 18:51:37 INFO [HB] active    | dayR=0.00R open=0 tradesToday=0 bars=0 | arms=trend 0/0.00, breakout 0/0.00
2025-10-07 18:51:37 INFO [HB] active    | dayR=0.00R open=0 tradesToday=0 bars=0 | arms=trend 0/0.00, breakout 0/0.00
2025-10-07 18:51:38 INFO [HB] active    | dayR=0.00R open=0 tradesToday=0 bars=0 | arms=trend 0/0.00, breakout 0/0.00
2025-10-07 18:51:38 INFO [HB] active    | dayR=0.00R open=0 tradesToday=0 bars=0 | arms=trend 0/0.00, breakout 0/0.00
2025-10-07 18:51:39 INFO [HB] active    | dayR=0.00R open=0 tradesToday=0 bars=0 | arms=trend 0/0.00, breakout 0/0.00
2025-10-07 18:51:39 INFO [HB] active    | dayR=0.00R open=0 tradesToday=0 bars=0 | arms=trend 0/0.00, breakout 0/0.00
2025-10-07 18:51:40 INFO [HB] active    | dayR=0.00R open=0 tradesToday=0 bars=0 | arms=trend 0/0.00, breakout 0/0.00
2025-10-07 18:51:40 INFO [HB] active    | dayR=0.00R open=0 tradesToday=0 bars=0 | arms=trend 0/0.00, breakout 0/0.00
2025-10-07 18:51:41 INFO [HB] active    | dayR=0.00R open=0 tradesToday=0 bars=0 | arms=trend 0/0.00, breakout 0/0.00
2025-10-07 18:51:41 INFO [HB] active    | dayR=0.00R open=0 tradesToday=0 bars=0 | arms=trend 0/0.00, breakout 0/0.00
2025-10-07 18:51:42 INFO [HB] active    | dayR=0.00R open=0 tradesToday=0 bars=0 | arms=trend 0/0.00, breakout 0/0.00
2025-10-07 18:51:42 INFO [HB] active    | dayR=0.00R open=0 tradesToday=0 bars=0 | arms=trend 0/0.00, breakout 0/0.00
2025-10-07 18:51:43 INFO [HB] active    | dayR=0.00R open=0 tradesToday=0 bars=0 | arms=trend 0/0.00, breakout 0/0.00
2025-10-07 18:51:43 INFO [HB] active    | dayR=0.00R open=0 tradesToday=0 bars=0 | arms=trend 0/0.00, breakout 0/0.00
2025-10-07 18:51:44 INFO [HB] active    | dayR=0.00R open=0 tradesToday=0 bars=0 | arms=trend 0/0.00, breakout 0/0.00
2025-10-07 18:51:44 INFO [HB] active    | dayR=0.00R open=0 tradesToday=0 bars=0 | arms=trend 0/0.00, breakout 0/0.00
2025-10-07 18:51:45 INFO [HB] active    | dayR=0.00R open=0 tradesToday=0 bars=0 | arms=trend 0/0.00, breakout 0/0.00
2025-10-07 18:51:45 INFO [HB] active    | dayR=0.00R open=0 tradesToday=0 bars=0 | arms=trend 0/0.00, breakout 0/0.00
2025-10-07 18:51:46 INFO [HB] active    | dayR=0.00R open=0 tradesToday=0 bars=0 | arms=trend 0/0.00, breakout 0/0.00
2025-10-07 18:51:46 INFO [HB] active    | dayR=0.00R open=0 tradesToday=0 bars=0 | arms=trend 0/0.00, breakout 0/0.00
2025-10-07 18:51:47 INFO [HB] active    | dayR=0.00R open=0 tradesToday=0 bars=0 | arms=trend 0/0.00, breakout 0/0.00
2025-10-07 18:51:47 INFO [HB] active    | dayR=0.00R open=0 tradesToday=0 bars=0 | arms=trend 0/0.00, breakout 0/0.00
2025-10-07 18:51:48 INFO [HB] active    | dayR=0.00R open=0 tradesToday=0 bars=0 | arms=trend 0/0.00, breakout 0/0.00
2025-10-07 18:51:48 INFO [HB] active    | dayR=0.00R open=0 tradesToday=0 bars=0 | arms=trend 0/0.00, breakout 0/0.00
2025-10-07 18:51:49 INFO [HB] active    | dayR=0.00R open=0 tradesToday=0 bars=0 | arms=trend 0/0.00, breakout 0/0.00
2025-10-07 18:51:49 INFO [HB] active    | dayR=0.00R open=0 tradesToday=0 bars=0 | arms=trend 0/0.00, breakout 0/0.00
2025-10-07 18:51:50 INFO [HB] active    | dayR=0.00R open=0 tradesToday=0 bars=0 | arms=trend 0/0.00, breakout 0/0.00
2025-10-07 18:51:50 INFO [HB] active    | dayR=0.00R open=0 tradesToday=0 bars=0 | arms=trend 0/0.00, breakout 0/0.00
2025-10-07 18:51:51 INFO [HB] active    | dayR=0.00R open=0 tradesToday=0 bars=0 | arms=trend 0/0.00, breakout 0/0.00
2025-10-07 18:51:51 INFO [HB] active    | dayR=0.00R open=0 tradesToday=0 bars=0 | arms=trend 0/0.00, breakout 0/0.00
2025-10-07 18:51:52 INFO [HB] active    | dayR=0.00R open=0 tradesToday=0 bars=0 | arms=trend 0/0.00, breakout 0/0.00
[2025-10-07 18:51:53] [WD] hb uptime=45s restarts=0 child_alive=True
[2025-10-07 18:51:58] [WD] hb uptime=50s restarts=0 child_alive=True
[2025-10-07 18:52:03] [WD] hb uptime=55s restarts=0 child_alive=True
[2025-10-07 18:52:08] [WD] hb uptime=60s restarts=0 child_alive=True
[2025-10-07 18:52:13] [WD] hb uptime=65s restarts=0 child_alive=True
[2025-10-07 18:52:18] [WD] hb uptime=70s restarts=0 child_alive=True
[2025-10-07 18:52:23] [WD] hb uptime=75s restarts=0 child_alive=True
2025-10-07 18:51:52 INFO [HB] active    | dayR=0.00R open=0 tradesToday=0 bars=0 | arms=trend 0/0.00, breakout 0/0.00
2025-10-07 18:51:53 INFO [HB] active    | dayR=0.00R open=0 tradesToday=0 bars=0 | arms=trend 0/0.00, breakout 0/0.00
2025-10-07 18:51:53 INFO [HB] active    | dayR=0.00R open=0 tradesToday=0 bars=0 | arms=trend 0/0.00, breakout 0/0.00
2025-10-07 18:51:54 INFO [HB] active    | dayR=0.00R open=0 tradesToday=0 bars=0 | arms=trend 0/0.00, breakout 0/0.00
2025-10-07 18:51:54 INFO [HB] active    | dayR=0.00R open=0 tradesToday=0 bars=0 | arms=trend 0/0.00, breakout 0/0.00
2025-10-07 18:51:55 INFO [HB] active    | dayR=0.00R open=0 tradesToday=0 bars=0 | arms=trend 0/0.00, breakout 0/0.00
2025-10-07 18:51:55 INFO [HB] active    | dayR=0.00R open=0 tradesToday=0 bars=0 | arms=trend 0/0.00, breakout 0/0.00
2025-10-07 18:51:56 INFO [HB] active    | dayR=0.00R open=0 tradesToday=0 bars=0 | arms=trend 0/0.00, breakout 0/0.00
2025-10-07 18:51:56 INFO [HB] active    | dayR=0.00R open=0 tradesToday=0 bars=0 | arms=trend 0/0.00, breakout 0/0.00
2025-10-07 18:51:57 INFO [HB] active    | dayR=0.00R open=0 tradesToday=0 bars=0 | arms=trend 0/0.00, breakout 0/0.00
2025-10-07 18:51:57 INFO [HB] active    | dayR=0.00R open=0 tradesToday=0 bars=0 | arms=trend 0/0.00, breakout 0/0.00
2025-10-07 18:51:58 INFO [HB] active    | dayR=0.00R open=0 tradesToday=0 bars=0 | arms=trend 0/0.00, breakout 0/0.00
2025-10-07 18:51:58 INFO [HB] active    | dayR=0.00R open=0 tradesToday=0 bars=0 | arms=trend 0/0.00, breakout 0/0.00
2025-10-07 18:51:59 INFO [HB] active    | dayR=0.00R open=0 tradesToday=0 bars=0 | arms=trend 0/0.00, breakout 0/0.00
2025-10-07 18:51:59 INFO [HB] active    | dayR=0.00R open=0 tradesToday=0 bars=0 | arms=trend 0/0.00, breakout 0/0.00
2025-10-07 18:52:00 INFO [HB] active    | dayR=0.00R open=0 tradesToday=0 bars=0 | arms=trend 0/0.00, breakout 0/0.00
2025-10-07 18:52:00 INFO [HB] active    | dayR=0.00R open=0 tradesToday=0 bars=0 | arms=trend 0/0.00, breakout 0/0.00
2025-10-07 18:52:01 INFO [HB] active    | dayR=0.00R open=0 tradesToday=0 bars=0 | arms=trend 0/0.00, breakout 0/0.00
2025-10-07 18:52:01 INFO [HB] active    | dayR=0.00R open=0 tradesToday=0 bars=0 | arms=trend 0/0.00, breakout 0/0.00
2025-10-07 18:52:02 INFO [HB] active    | dayR=0.00R open=0 tradesToday=0 bars=0 | arms=trend 0/0.00, breakout 0/0.00
2025-10-07 18:52:02 INFO [HB] active    | dayR=0.00R open=0 tradesToday=0 bars=0 | arms=trend 0/0.00, breakout 0/0.00
2025-10-07 18:52:03 INFO [HB] active    | dayR=0.00R open=0 tradesToday=0 bars=0 | arms=trend 0/0.00, breakout 0/0.00
2025-10-07 18:52:03 INFO [HB] active    | dayR=0.00R open=0 tradesToday=0 bars=0 | arms=trend 0/0.00, breakout 0/0.00
2025-10-07 18:52:04 INFO [HB] active    | dayR=0.00R open=0 tradesToday=0 bars=0 | arms=trend 0/0.00, breakout 0/0.00
2025-10-07 18:52:04 INFO [HB] active    | dayR=0.00R open=0 tradesToday=0 bars=0 | arms=trend 0/0.00, breakout 0/0.00
2025-10-07 18:52:05 INFO [HB] active    | dayR=0.00R open=0 tradesToday=0 bars=0 | arms=trend 0/0.00, breakout 0/0.00
2025-10-07 18:52:05 INFO [HB] active    | dayR=0.00R open=0 tradesToday=0 bars=0 | arms=trend 0/0.00, breakout 0/0.00
2025-10-07 18:52:06 INFO [HB] active    | dayR=0.00R open=0 tradesToday=0 bars=0 | arms=trend 0/0.00, breakout 0/0.00
2025-10-07 18:52:06 INFO [HB] active    | dayR=0.00R open=0 tradesToday=0 bars=0 | arms=trend 0/0.00, breakout 0/0.00
2025-10-07 18:52:07 INFO [HB] active    | dayR=0.00R open=0 tradesToday=0 bars=0 | arms=trend 0/0.00, breakout 0/0.00
2025-10-07 18:52:07 INFO [HB] active    | dayR=0.00R open=0 tradesToday=0 bars=0 | arms=trend 0/0.00, breakout 0/0.00
2025-10-07 18:52:08 INFO [HB] active    | dayR=0.00R open=0 tradesToday=0 bars=0 | arms=trend 0/0.00, breakout 0/0.00
2025-10-07 18:52:08 INFO [HB] active    | dayR=0.00R open=0 tradesToday=0 bars=0 | arms=trend 0/0.00, breakout 0/0.00
2025-10-07 18:52:09 INFO [HB] active    | dayR=0.00R open=0 tradesToday=0 bars=0 | arms=trend 0/0.00, breakout 0/0.00
2025-10-07 18:52:09 INFO [HB] active    | dayR=0.00R open=0 tradesToday=0 bars=0 | arms=trend 0/0.00, breakout 0/0.00
2025-10-07 18:52:10 INFO [HB] active    | dayR=0.00R open=0 tradesToday=0 bars=0 | arms=trend 0/0.00, breakout 0/0.00
2025-10-07 18:52:10 INFO [HB] active    | dayR=0.00R open=0 tradesToday=0 bars=0 | arms=trend 0/0.00, breakout 0/0.00
2025-10-07 18:52:11 INFO [HB] active    | dayR=0.00R open=0 tradesToday=0 bars=0 | arms=trend 0/0.00, breakout 0/0.00
2025-10-07 18:52:11 INFO [HB] active    | dayR=0.00R open=0 tradesToday=0 bars=0 | arms=trend 0/0.00, breakout 0/0.00
2025-10-07 18:52:12 INFO [HB] active    | dayR=0.00R open=0 tradesToday=0 bars=0 | arms=trend 0/0.00, breakout 0/0.00
2025-10-07 18:52:12 INFO [HB] active    | dayR=0.00R open=0 tradesToday=0 bars=0 | arms=trend 0/0.00, breakout 0/0.00
2025-10-07 18:52:13 INFO [HB] active    | dayR=0.00R open=0 tradesToday=0 bars=0 | arms=trend 0/0.00, breakout 0/0.00
2025-10-07 18:52:13 INFO [HB] active    | dayR=0.00R open=0 tradesToday=0 bars=0 | arms=trend 0/0.00, breakout 0/0.00
2025-10-07 18:52:14 INFO [HB] active    | dayR=0.00R open=0 tradesToday=0 bars=0 | arms=trend 0/0.00, breakout 0/0.00
2025-10-07 18:52:14 INFO [HB] active    | dayR=0.00R open=0 tradesToday=0 bars=0 | arms=trend 0/0.00, breakout 0/0.00
2025-10-07 18:52:15 INFO [HB] active    | dayR=0.00R open=0 tradesToday=0 bars=0 | arms=trend 0/0.00, breakout 0/0.00
2025-10-07 18:52:15 INFO [HB] active    | dayR=0.00R open=0 tradesToday=0 bars=0 | arms=trend 0/0.00, breakout 0/0.00
2025-10-07 18:52:16 INFO [HB] active    | dayR=0.00R open=0 tradesToday=0 bars=0 | arms=trend 0/0.00, breakout 0/0.00
2025-10-07 18:52:16 INFO [HB] active    | dayR=0.00R open=0 tradesToday=0 bars=0 | arms=trend 0/0.00, breakout 0/0.00
2025-10-07 18:52:17 INFO [HB] active    | dayR=0.00R open=0 tradesToday=0 bars=0 | arms=trend 0/0.00, breakout 0/0.00
2025-10-07 18:52:17 INFO [HB] active    | dayR=0.00R open=0 tradesToday=0 bars=0 | arms=trend 0/0.00, breakout 0/0.00
2025-10-07 18:52:18 INFO [HB] active    | dayR=0.00R open=0 tradesToday=0 bars=0 | arms=trend 0/0.00, breakout 0/0.00
2025-10-07 18:52:18 INFO [HB] active    | dayR=0.00R open=0 tradesToday=0 bars=0 | arms=trend 0/0.00, breakout 0/0.00
2025-10-07 18:52:19 INFO [HB] active    | dayR=0.00R open=0 tradesToday=0 bars=0 | arms=trend 0/0.00, breakout 0/0.00
2025-10-07 18:52:19 INFO [HB] active    | dayR=0.00R open=0 tradesToday=0 bars=0 | arms=trend 0/0.00, breakout 0/0.00
2025-10-07 18:52:20 INFO [HB] active    | dayR=0.00R open=0 tradesToday=0 bars=0 | arms=trend 0/0.00, breakout 0/0.00
2025-10-07 18:52:20 INFO [HB] active    | dayR=0.00R open=0 tradesToday=0 bars=0 | arms=trend 0/0.00, breakout 0/0.00
2025-10-07 18:52:21 INFO [HB] active    | dayR=0.00R open=0 tradesToday=0 bars=0 | arms=trend 0/0.00, breakout 0/0.00
2025-10-07 18:52:21 INFO [HB] active    | dayR=0.00R open=0 tradesToday=0 bars=0 | arms=trend 0/0.00, breakout 0/0.00
2025-10-07 18:52:22 INFO [HB] active    | dayR=0.00R open=0 tradesToday=0 bars=0 | arms=trend 0/0.00, breakout 0/0.00
2025-10-07 18:52:22 INFO [HB] active    | dayR=0.00R open=0 tradesToday=0 bars=0 | arms=trend 0/0.00, breakout 0/0.00
2025-10-07 18:52:23 INFO [HB] active    | dayR=0.00R open=0 tradesToday=0 bars=0 | arms=trend 0/0.00, breakout 0/0.00
2025-10-07 18:52:23 INFO [HB] active    | dayR=0.00R open=0 tradesToday=0 bars=0 | arms=trend 0/0.00, breakout 0/0.00
2025-10-07 18:52:24 INFO [HB] active    | dayR=0.00R open=0 tradesToday=0 bars=0 | arms=trend 0/0.00, breakout 0/0.00
2025-10-07 18:52:24 INFO [HB] active    | dayR=0.00R open=0 tradesToday=0 bars=0 | arms=trend 0/0.00, breakout 0/0.00
2025-10-07 18:52:25 INFO [HB] active    | dayR=0.00R open=0 tradesToday=0 bars=0 | arms=trend 0/0.00, breakout 0/0.00
2025-10-07 18:52:25 INFO [HB] active    | dayR=0.00R open=0 tradesToday=0 bars=0 | arms=trend 0/0.00, breakout 0/0.00
2025-10-07 18:52:26 INFO [HB] active    | dayR=0.00R open=0 tradesToday=0 bars=0 | arms=trend 0/0.00, breakout 0/0.00
2025-10-07 18:52:26 INFO [HB] active    | dayR=0.00R open=0 tradesToday=0 bars=0 | arms=trend 0/0.00, breakout 0/0.00
[2025-10-07 18:52:28] [WD] hb uptime=80s restarts=0 child_alive=True
[2025-10-07 18:52:33] [WD] hb uptime=85s restarts=0 child_alive=True
[2025-10-07 18:52:38] [WD] hb uptime=90s restarts=0 child_alive=True
[2025-10-07 18:52:43] [WD] hb uptime=95s restarts=0 child_alive=True
[2025-10-07 18:52:48] [WD] hb uptime=100s restarts=0 child_alive=True
[2025-10-07 18:52:53] [WD] hb uptime=105s restarts=0 child_alive=True
[2025-10-07 18:52:58] [WD] hb uptime=110s restarts=0 child_alive=True
2025-10-07 18:52:27 INFO [HB] active    | dayR=0.00R open=0 tradesToday=0 bars=0 | arms=trend 0/0.00, breakout 0/0.00
2025-10-07 18:52:27 INFO [HB] active    | dayR=0.00R open=0 tradesToday=0 bars=0 | arms=trend 0/0.00, breakout 0/0.00
2025-10-07 18:52:28 INFO [HB] active    | dayR=0.00R open=0 tradesToday=0 bars=0 | arms=trend 0/0.00, breakout 0/0.00
2025-10-07 18:52:28 INFO [HB] active    | dayR=0.00R open=0 tradesToday=0 bars=0 | arms=trend 0/0.00, breakout 0/0.00
2025-10-07 18:52:29 INFO [HB] active    | dayR=0.00R open=0 tradesToday=0 bars=0 | arms=trend 0/0.00, breakout 0/0.00
2025-10-07 18:52:29 INFO [HB] active    | dayR=0.00R open=0 tradesToday=0 bars=0 | arms=trend 0/0.00, breakout 0/0.00
2025-10-07 18:52:30 INFO [HB] active    | dayR=0.00R open=0 tradesToday=0 bars=0 | arms=trend 0/0.00, breakout 0/0.00
2025-10-07 18:52:30 INFO [HB] active    | dayR=0.00R open=0 tradesToday=0 bars=0 | arms=trend 0/0.00, breakout 0/0.00
2025-10-07 18:52:31 INFO [HB] active    | dayR=0.00R open=0 tradesToday=0 bars=0 | arms=trend 0/0.00, breakout 0/0.00
2025-10-07 18:52:31 INFO [HB] active    | dayR=0.00R open=0 tradesToday=0 bars=0 | arms=trend 0/0.00, breakout 0/0.00
2025-10-07 18:52:32 INFO [HB] active    | dayR=0.00R open=0 tradesToday=0 bars=0 | arms=trend 0/0.00, breakout 0/0.00
2025-10-07 18:52:32 INFO [HB] active    | dayR=0.00R open=0 tradesToday=0 bars=0 | arms=trend 0/0.00, breakout 0/0.00
2025-10-07 18:52:33 INFO [HB] active    | dayR=0.00R open=0 tradesToday=0 bars=0 | arms=trend 0/0.00, breakout 0/0.00
2025-10-07 18:52:33 INFO [HB] active    | dayR=0.00R open=0 tradesToday=0 bars=0 | arms=trend 0/0.00, breakout 0/0.00
2025-10-07 18:52:34 INFO [HB] active    | dayR=0.00R open=0 tradesToday=0 bars=0 | arms=trend 0/0.00, breakout 0/0.00
2025-10-07 18:52:34 INFO [HB] active    | dayR=0.00R open=0 tradesToday=0 bars=0 | arms=trend 0/0.00, breakout 0/0.00
2025-10-07 18:52:35 INFO [HB] active    | dayR=0.00R open=0 tradesToday=0 bars=0 | arms=trend 0/0.00, breakout 0/0.00
2025-10-07 18:52:35 INFO [HB] active    | dayR=0.00R open=0 tradesToday=0 bars=0 | arms=trend 0/0.00, breakout 0/0.00
2025-10-07 18:52:36 INFO [HB] active    | dayR=0.00R open=0 tradesToday=0 bars=0 | arms=trend 0/0.00, breakout 0/0.00
2025-10-07 18:52:36 INFO [HB] active    | dayR=0.00R open=0 tradesToday=0 bars=0 | arms=trend 0/0.00, breakout 0/0.00
2025-10-07 18:52:37 INFO [HB] active    | dayR=0.00R open=0 tradesToday=0 bars=0 | arms=trend 0/0.00, breakout 0/0.00
2025-10-07 18:52:37 INFO [HB] active    | dayR=0.00R open=0 tradesToday=0 bars=0 | arms=trend 0/0.00, breakout 0/0.00
2025-10-07 18:52:38 INFO [HB] active    | dayR=0.00R open=0 tradesToday=0 bars=0 | arms=trend 0/0.00, breakout 0/0.00
2025-10-07 18:52:38 INFO [HB] active    | dayR=0.00R open=0 tradesToday=0 bars=0 | arms=trend 0/0.00, breakout 0/0.00
2025-10-07 18:52:39 INFO [HB] active    | dayR=0.00R open=0 tradesToday=0 bars=0 | arms=trend 0/0.00, breakout 0/0.00
2025-10-07 18:52:39 INFO [HB] active    | dayR=0.00R open=0 tradesToday=0 bars=0 | arms=trend 0/0.00, breakout 0/0.00
2025-10-07 18:52:40 INFO [HB] active    | dayR=0.00R open=0 tradesToday=0 bars=0 | arms=trend 0/0.00, breakout 0/0.00
2025-10-07 18:52:40 INFO [HB] active    | dayR=0.00R open=0 tradesToday=0 bars=0 | arms=trend 0/0.00, breakout 0/0.00
2025-10-07 18:52:41 INFO [HB] active    | dayR=0.00R open=0 tradesToday=0 bars=0 | arms=trend 0/0.00, breakout 0/0.00
2025-10-07 18:52:41 INFO [HB] active    | dayR=0.00R open=0 tradesToday=0 bars=0 | arms=trend 0/0.00, breakout 0/0.00
2025-10-07 18:52:42 INFO [HB] active    | dayR=0.00R open=0 tradesToday=0 bars=0 | arms=trend 0/0.00, breakout 0/0.00
2025-10-07 18:52:42 INFO [HB] active    | dayR=0.00R open=0 tradesToday=0 bars=0 | arms=trend 0/0.00, breakout 0/0.00
2025-10-07 18:52:43 INFO [HB] active    | dayR=0.00R open=0 tradesToday=0 bars=0 | arms=trend 0/0.00, breakout 0/0.00
2025-10-07 18:52:43 INFO [HB] active    | dayR=0.00R open=0 tradesToday=0 bars=0 | arms=trend 0/0.00, breakout 0/0.00
2025-10-07 18:52:44 INFO [HB] active    | dayR=0.00R open=0 tradesToday=0 bars=0 | arms=trend 0/0.00, breakout 0/0.00
2025-10-07 18:52:44 INFO [HB] active    | dayR=0.00R open=0 tradesToday=0 bars=0 | arms=trend 0/0.00, breakout 0/0.00
2025-10-07 18:52:45 INFO [HB] active    | dayR=0.00R open=0 tradesToday=0 bars=0 | arms=trend 0/0.00, breakout 0/0.00
2025-10-07 18:52:45 INFO [HB] active    | dayR=0.00R open=0 tradesToday=0 bars=0 | arms=trend 0/0.00, breakout 0/0.00
2025-10-07 18:52:46 INFO [HB] active    | dayR=0.00R open=0 tradesToday=0 bars=0 | arms=trend 0/0.00, breakout 0/0.00
2025-10-07 18:52:46 INFO [HB] active    | dayR=0.00R open=0 tradesToday=0 bars=0 | arms=trend 0/0.00, breakout 0/0.00
2025-10-07 18:52:47 INFO [HB] active    | dayR=0.00R open=0 tradesToday=0 bars=0 | arms=trend 0/0.00, breakout 0/0.00
2025-10-07 18:52:47 INFO [HB] active    | dayR=0.00R open=0 tradesToday=0 bars=0 | arms=trend 0/0.00, breakout 0/0.00
2025-10-07 18:52:48 INFO [HB] active    | dayR=0.00R open=0 tradesToday=0 bars=0 | arms=trend 0/0.00, breakout 0/0.00
2025-10-07 18:52:48 INFO [HB] active    | dayR=0.00R open=0 tradesToday=0 bars=0 | arms=trend 0/0.00, breakout 0/0.00
2025-10-07 18:52:49 INFO [HB] active    | dayR=0.00R open=0 tradesToday=0 bars=0 | arms=trend 0/0.00, breakout 0/0.00
2025-10-07 18:52:49 INFO [HB] active    | dayR=0.00R open=0 tradesToday=0 bars=0 | arms=trend 0/0.00, breakout 0/0.00
2025-10-07 18:52:50 INFO [HB] active    | dayR=0.00R open=0 tradesToday=0 bars=0 | arms=trend 0/0.00, breakout 0/0.00
2025-10-07 18:52:50 INFO [HB] active    | dayR=0.00R open=0 tradesToday=0 bars=0 | arms=trend 0/0.00, breakout 0/0.00
2025-10-07 18:52:51 INFO [HB] active    | dayR=0.00R open=0 tradesToday=0 bars=0 | arms=trend 0/0.00, breakout 0/0.00
2025-10-07 18:52:51 INFO [HB] active    | dayR=0.00R open=0 tradesToday=0 bars=0 | arms=trend 0/0.00, breakout 0/0.00
2025-10-07 18:52:52 INFO [HB] active    | dayR=0.00R open=0 tradesToday=0 bars=0 | arms=trend 0/0.00, breakout 0/0.00
2025-10-07 18:52:52 INFO [HB] active    | dayR=0.00R open=0 tradesToday=0 bars=0 | arms=trend 0/0.00, breakout 0/0.00
2025-10-07 18:52:53 INFO [HB] active    | dayR=0.00R open=0 tradesToday=0 bars=0 | arms=trend 0/0.00, breakout 0/0.00
2025-10-07 18:52:53 INFO [HB] active    | dayR=0.00R open=0 tradesToday=0 bars=0 | arms=trend 0/0.00, breakout 0/0.00
2025-10-07 18:52:54 INFO [HB] active    | dayR=0.00R open=0 tradesToday=0 bars=0 | arms=trend 0/0.00, breakout 0/0.00
2025-10-07 18:52:54 INFO [HB] active    | dayR=0.00R open=0 tradesToday=0 bars=0 | arms=trend 0/0.00, breakout 0/0.00
2025-10-07 18:52:55 INFO [HB] active    | dayR=0.00R open=0 tradesToday=0 bars=0 | arms=trend 0/0.00, breakout 0/0.00
2025-10-07 18:52:55 INFO [HB] active    | dayR=0.00R open=0 tradesToday=0 bars=0 | arms=trend 0/0.00, breakout 0/0.00
2025-10-07 18:52:56 INFO [HB] active    | dayR=0.00R open=0 tradesToday=0 bars=0 | arms=trend 0/0.00, breakout 0/0.00
2025-10-07 18:52:56 INFO [HB] active    | dayR=0.00R open=0 tradesToday=0 bars=0 | arms=trend 0/0.00, breakout 0/0.00
2025-10-07 18:52:57 INFO [HB] active    | dayR=0.00R open=0 tradesToday=0 bars=0 | arms=trend 0/0.00, breakout 0/0.00
2025-10-07 18:52:57 INFO [HB] active    | dayR=0.00R open=0 tradesToday=0 bars=0 | arms=trend 0/0.00, breakout 0/0.00
2025-10-07 18:52:58 INFO [HB] active    | dayR=0.00R open=0 tradesToday=0 bars=0 | arms=trend 0/0.00, breakout 0/0.00
2025-10-07 18:52:58 INFO [HB] active    | dayR=0.00R open=0 tradesToday=0 bars=0 | arms=trend 0/0.00, breakout 0/0.00
2025-10-07 18:52:59 INFO [HB] active    | dayR=0.00R open=0 tradesToday=0 bars=0 | arms=trend 0/0.00, breakout 0/0.00
2025-10-07 18:52:59 INFO [HB] active    | dayR=0.00R open=0 tradesToday=0 bars=0 | arms=trend 0/0.00, breakout 0/0.00
2025-10-07 18:53:00 INFO [HB] active    | dayR=0.00R open=0 tradesToday=0 bars=0 | arms=trend 0/0.00, breakout 0/0.00
2025-10-07 18:53:00 INFO [HB] active    | dayR=0.00R open=0 tradesToday=0 bars=0 | arms=trend 0/0.00, breakout 0/0.00
2025-10-07 18:53:01 INFO [HB] active    | dayR=0.00R open=0 tradesToday=0 bars=0 | arms=trend 0/0.00, breakout 0/0.00
[2025-10-07 18:53:03] [WD] hb uptime=115s restarts=0 child_alive=True
[2025-10-07 18:53:08] [WD] hb uptime=120s restarts=0 child_alive=True
[2025-10-07 18:53:13] [WD] hb uptime=125s restarts=0 child_alive=True
[2025-10-07 18:53:18] [WD] hb uptime=130s restarts=0 child_alive=True
[2025-10-07 18:53:23] [WD] hb uptime=135s restarts=0 child_alive=True
[2025-10-07 18:53:28] [WD] hb uptime=140s restarts=0 child_alive=True
[2025-10-07 18:53:33] [WD] hb uptime=145s restarts=0 child_alive=True
2025-10-07 18:53:01 INFO [HB] active    | dayR=0.00R open=0 tradesToday=0 bars=0 | arms=trend 0/0.00, breakout 0/0.00
2025-10-07 18:53:02 INFO [HB] active    | dayR=0.00R open=0 tradesToday=0 bars=0 | arms=trend 0/0.00, breakout 0/0.00
2025-10-07 18:53:02 INFO [HB] active    | dayR=0.00R open=0 tradesToday=0 bars=0 | arms=trend 0/0.00, breakout 0/0.00
2025-10-07 18:53:03 INFO [HB] active    | dayR=0.00R open=0 tradesToday=0 bars=0 | arms=trend 0/0.00, breakout 0/0.00
2025-10-07 18:53:03 INFO [HB] active    | dayR=0.00R open=0 tradesToday=0 bars=0 | arms=trend 0/0.00, breakout 0/0.00
2025-10-07 18:53:04 INFO [HB] active    | dayR=0.00R open=0 tradesToday=0 bars=0 | arms=trend 0/0.00, breakout 0/0.00
2025-10-07 18:53:04 INFO [HB] active    | dayR=0.00R open=0 tradesToday=0 bars=0 | arms=trend 0/0.00, breakout 0/0.00
2025-10-07 18:53:05 INFO [HB] active    | dayR=0.00R open=0 tradesToday=0 bars=0 | arms=trend 0/0.00, breakout 0/0.00
2025-10-07 18:53:05 INFO [HB] active    | dayR=0.00R open=0 tradesToday=0 bars=0 | arms=trend 0/0.00, breakout 0/0.00
2025-10-07 18:53:06 INFO [HB] active    | dayR=0.00R open=0 tradesToday=0 bars=0 | arms=trend 0/0.00, breakout 0/0.00
2025-10-07 18:53:06 INFO [HB] active    | dayR=0.00R open=0 tradesToday=0 bars=0 | arms=trend 0/0.00, breakout 0/0.00
2025-10-07 18:53:07 INFO [HB] active    | dayR=0.00R open=0 tradesToday=0 bars=0 | arms=trend 0/0.00, breakout 0/0.00
2025-10-07 18:53:07 INFO [HB] active    | dayR=0.00R open=0 tradesToday=0 bars=0 | arms=trend 0/0.00, breakout 0/0.00
2025-10-07 18:53:08 INFO [HB] active    | dayR=0.00R open=0 tradesToday=0 bars=0 | arms=trend 0/0.00, breakout 0/0.00
2025-10-07 18:53:08 INFO [HB] active    | dayR=0.00R open=0 tradesToday=0 bars=0 | arms=trend 0/0.00, breakout 0/0.00
2025-10-07 18:53:09 INFO [HB] active    | dayR=0.00R open=0 tradesToday=0 bars=0 | arms=trend 0/0.00, breakout 0/0.00
2025-10-07 18:53:09 INFO [HB] active    | dayR=0.00R open=0 tradesToday=0 bars=0 | arms=trend 0/0.00, breakout 0/0.00
2025-10-07 18:53:10 INFO [HB] active    | dayR=0.00R open=0 tradesToday=0 bars=0 | arms=trend 0/0.00, breakout 0/0.00
2025-10-07 18:53:10 INFO [HB] active    | dayR=0.00R open=0 tradesToday=0 bars=0 | arms=trend 0/0.00, breakout 0/0.00
2025-10-07 18:53:11 INFO [HB] active    | dayR=0.00R open=0 tradesToday=0 bars=0 | arms=trend 0/0.00, breakout 0/0.00
2025-10-07 18:53:11 INFO [HB] active    | dayR=0.00R open=0 tradesToday=0 bars=0 | arms=trend 0/0.00, breakout 0/0.00
2025-10-07 18:53:12 INFO [HB] active    | dayR=0.00R open=0 tradesToday=0 bars=0 | arms=trend 0/0.00, breakout 0/0.00
2025-10-07 18:53:12 INFO [HB] active    | dayR=0.00R open=0 tradesToday=0 bars=0 | arms=trend 0/0.00, breakout 0/0.00
2025-10-07 18:53:13 INFO [HB] active    | dayR=0.00R open=0 tradesToday=0 bars=0 | arms=trend 0/0.00, breakout 0/0.00
2025-10-07 18:53:13 INFO [HB] active    | dayR=0.00R open=0 tradesToday=0 bars=0 | arms=trend 0/0.00, breakout 0/0.00
2025-10-07 18:53:14 INFO [HB] active    | dayR=0.00R open=0 tradesToday=0 bars=0 | arms=trend 0/0.00, breakout 0/0.00
2025-10-07 18:53:14 INFO [HB] active    | dayR=0.00R open=0 tradesToday=0 bars=0 | arms=trend 0/0.00, breakout 0/0.00
2025-10-07 18:53:15 INFO [HB] active    | dayR=0.00R open=0 tradesToday=0 bars=0 | arms=trend 0/0.00, breakout 0/0.00
2025-10-07 18:53:15 INFO [HB] active    | dayR=0.00R open=0 tradesToday=0 bars=0 | arms=trend 0/0.00, breakout 0/0.00
2025-10-07 18:53:16 INFO [HB] active    | dayR=0.00R open=0 tradesToday=0 bars=0 | arms=trend 0/0.00, breakout 0/0.00
2025-10-07 18:53:16 INFO [HB] active    | dayR=0.00R open=0 tradesToday=0 bars=0 | arms=trend 0/0.00, breakout 0/0.00
2025-10-07 18:53:17 INFO [HB] active    | dayR=0.00R open=0 tradesToday=0 bars=0 | arms=trend 0/0.00, breakout 0/0.00
2025-10-07 18:53:17 INFO [HB] active    | dayR=0.00R open=0 tradesToday=0 bars=0 | arms=trend 0/0.00, breakout 0/0.00
2025-10-07 18:53:18 INFO [HB] active    | dayR=0.00R open=0 tradesToday=0 bars=0 | arms=trend 0/0.00, breakout 0/0.00
2025-10-07 18:53:18 INFO [HB] active    | dayR=0.00R open=0 tradesToday=0 bars=0 | arms=trend 0/0.00, breakout 0/0.00
2025-10-07 18:53:19 INFO [HB] active    | dayR=0.00R open=0 tradesToday=0 bars=0 | arms=trend 0/0.00, breakout 0/0.00
2025-10-07 18:53:19 INFO [HB] active    | dayR=0.00R open=0 tradesToday=0 bars=0 | arms=trend 0/0.00, breakout 0/0.00
2025-10-07 18:53:20 INFO [HB] active    | dayR=0.00R open=0 tradesToday=0 bars=0 | arms=trend 0/0.00, breakout 0/0.00
2025-10-07 18:53:20 INFO [HB] active    | dayR=0.00R open=0 tradesToday=0 bars=0 | arms=trend 0/0.00, breakout 0/0.00
2025-10-07 18:53:21 INFO [HB] active    | dayR=0.00R open=0 tradesToday=0 bars=0 | arms=trend 0/0.00, breakout 0/0.00
2025-10-07 18:53:21 INFO [HB] active    | dayR=0.00R open=0 tradesToday=0 bars=0 | arms=trend 0/0.00, breakout 0/0.00
2025-10-07 18:53:22 INFO [HB] active    | dayR=0.00R open=0 tradesToday=0 bars=0 | arms=trend 0/0.00, breakout 0/0.00
2025-10-07 18:53:22 INFO [HB] active    | dayR=0.00R open=0 tradesToday=0 bars=0 | arms=trend 0/0.00, breakout 0/0.00
2025-10-07 18:53:23 INFO [HB] active    | dayR=0.00R open=0 tradesToday=0 bars=0 | arms=trend 0/0.00, breakout 0/0.00
2025-10-07 18:53:23 INFO [HB] active    | dayR=0.00R open=0 tradesToday=0 bars=0 | arms=trend 0/0.00, breakout 0/0.00
2025-10-07 18:53:24 INFO [HB] active    | dayR=0.00R open=0 tradesToday=0 bars=0 | arms=trend 0/0.00, breakout 0/0.00
2025-10-07 18:53:24 INFO [HB] active    | dayR=0.00R open=0 tradesToday=0 bars=0 | arms=trend 0/0.00, breakout 0/0.00
2025-10-07 18:53:25 INFO [HB] active    | dayR=0.00R open=0 tradesToday=0 bars=0 | arms=trend 0/0.00, breakout 0/0.00
2025-10-07 18:53:25 INFO [HB] active    | dayR=0.00R open=0 tradesToday=0 bars=0 | arms=trend 0/0.00, breakout 0/0.00
2025-10-07 18:53:26 INFO [HB] active    | dayR=0.00R open=0 tradesToday=0 bars=0 | arms=trend 0/0.00, breakout 0/0.00
2025-10-07 18:53:26 INFO [HB] active    | dayR=0.00R open=0 tradesToday=0 bars=0 | arms=trend 0/0.00, breakout 0/0.00
2025-10-07 18:53:27 INFO [HB] active    | dayR=0.00R open=0 tradesToday=0 bars=0 | arms=trend 0/0.00, breakout 0/0.00
2025-10-07 18:53:27 INFO [HB] active    | dayR=0.00R open=0 tradesToday=0 bars=0 | arms=trend 0/0.00, breakout 0/0.00
2025-10-07 18:53:28 INFO [HB] active    | dayR=0.00R open=0 tradesToday=0 bars=0 | arms=trend 0/0.00, breakout 0/0.00
2025-10-07 18:53:28 INFO [HB] active    | dayR=0.00R open=0 tradesToday=0 bars=0 | arms=trend 0/0.00, breakout 0/0.00
2025-10-07 18:53:29 INFO [HB] active    | dayR=0.00R open=0 tradesToday=0 bars=0 | arms=trend 0/0.00, breakout 0/0.00
2025-10-07 18:53:29 INFO [HB] active    | dayR=0.00R open=0 tradesToday=0 bars=0 | arms=trend 0/0.00, breakout 0/0.00
2025-10-07 18:53:30 INFO [HB] active    | dayR=0.00R open=0 tradesToday=0 bars=0 | arms=trend 0/0.00, breakout 0/0.00
2025-10-07 18:53:30 INFO [HB] active    | dayR=0.00R open=0 tradesToday=0 bars=0 | arms=trend 0/0.00, breakout 0/0.00
2025-10-07 18:53:31 INFO [HB] active    | dayR=0.00R open=0 tradesToday=0 bars=0 | arms=trend 0/0.00, breakout 0/0.00
2025-10-07 18:53:31 INFO [HB] active    | dayR=0.00R open=0 tradesToday=0 bars=0 | arms=trend 0/0.00, breakout 0/0.00
2025-10-07 18:53:32 INFO [HB] active    | dayR=0.00R open=0 tradesToday=0 bars=0 | arms=trend 0/0.00, breakout 0/0.00
2025-10-07 18:53:32 INFO [HB] active    | dayR=0.00R open=0 tradesToday=0 bars=0 | arms=trend 0/0.00, breakout 0/0.00
2025-10-07 18:53:33 INFO [HB] active    | dayR=0.00R open=0 tradesToday=0 bars=0 | arms=trend 0/0.00, breakout 0/0.00
2025-10-07 18:53:33 INFO [HB] active    | dayR=0.00R open=0 tradesToday=0 bars=0 | arms=trend 0/0.00, breakout 0/0.00
2025-10-07 18:53:34 INFO [HB] active    | dayR=0.00R open=0 tradesToday=0 bars=0 | arms=trend 0/0.00, breakout 0/0.00
2025-10-07 18:53:34 INFO [HB] active    | dayR=0.00R open=0 tradesToday=0 bars=0 | arms=trend 0/0.00, breakout 0/0.00
2025-10-07 18:53:35 INFO [HB] active    | dayR=0.00R open=0 tradesToday=0 bars=0 | arms=trend 0/0.00, breakout 0/0.00
2025-10-07 18:53:35 INFO [HB] active    | dayR=0.00R open=0 tradesToday=0 bars=0 | arms=trend 0/0.00, breakout 0/0.00
[2025-10-07 18:53:38] [WD] hb uptime=150s restarts=0 child_alive=True
[2025-10-07 18:53:43] [WD] hb uptime=155s restarts=0 child_alive=True
[2025-10-07 18:53:48] [WD] hb uptime=160s restarts=0 child_alive=True
[2025-10-07 18:53:53] [WD] hb uptime=165s restarts=0 child_alive=True
[2025-10-07 18:53:58] [WD] hb uptime=170s restarts=0 child_alive=True
[2025-10-07 18:54:03] [WD] hb uptime=175s restarts=0 child_alive=True
[2025-10-07 18:54:08] [WD] hb uptime=180s restarts=0 child_alive=True
2025-10-07 18:53:36 INFO [HB] active    | dayR=0.00R open=0 tradesToday=0 bars=0 | arms=trend 0/0.00, breakout 0/0.00
2025-10-07 18:53:36 INFO [HB] active    | dayR=0.00R open=0 tradesToday=0 bars=0 | arms=trend 0/0.00, breakout 0/0.00
2025-10-07 18:53:37 INFO [HB] active    | dayR=0.00R open=0 tradesToday=0 bars=0 | arms=trend 0/0.00, breakout 0/0.00
2025-10-07 18:53:37 INFO [HB] active    | dayR=0.00R open=0 tradesToday=0 bars=0 | arms=trend 0/0.00, breakout 0/0.00
2025-10-07 18:53:38 INFO [HB] active    | dayR=0.00R open=0 tradesToday=0 bars=0 | arms=trend 0/0.00, breakout 0/0.00
2025-10-07 18:53:38 INFO [HB] active    | dayR=0.00R open=0 tradesToday=0 bars=0 | arms=trend 0/0.00, breakout 0/0.00
2025-10-07 18:53:39 INFO [HB] active    | dayR=0.00R open=0 tradesToday=0 bars=0 | arms=trend 0/0.00, breakout 0/0.00
2025-10-07 18:53:39 INFO [HB] active    | dayR=0.00R open=0 tradesToday=0 bars=0 | arms=trend 0/0.00, breakout 0/0.00
2025-10-07 18:53:40 INFO [HB] active    | dayR=0.00R open=0 tradesToday=0 bars=0 | arms=trend 0/0.00, breakout 0/0.00
2025-10-07 18:53:40 INFO [HB] active    | dayR=0.00R open=0 tradesToday=0 bars=0 | arms=trend 0/0.00, breakout 0/0.00
2025-10-07 18:53:41 INFO [HB] active    | dayR=0.00R open=0 tradesToday=0 bars=0 | arms=trend 0/0.00, breakout 0/0.00
2025-10-07 18:53:41 INFO [HB] active    | dayR=0.00R open=0 tradesToday=0 bars=0 | arms=trend 0/0.00, breakout 0/0.00
2025-10-07 18:53:42 INFO [HB] active    | dayR=0.00R open=0 tradesToday=0 bars=0 | arms=trend 0/0.00, breakout 0/0.00
2025-10-07 18:53:42 INFO [HB] active    | dayR=0.00R open=0 tradesToday=0 bars=0 | arms=trend 0/0.00, breakout 0/0.00
2025-10-07 18:53:43 INFO [HB] active    | dayR=0.00R open=0 tradesToday=0 bars=0 | arms=trend 0/0.00, breakout 0/0.00
2025-10-07 18:53:43 INFO [HB] active    | dayR=0.00R open=0 tradesToday=0 bars=0 | arms=trend 0/0.00, breakout 0/0.00
2025-10-07 18:53:44 INFO [HB] active    | dayR=0.00R open=0 tradesToday=0 bars=0 | arms=trend 0/0.00, breakout 0/0.00
2025-10-07 18:53:44 INFO [HB] active    | dayR=0.00R open=0 tradesToday=0 bars=0 | arms=trend 0/0.00, breakout 0/0.00
2025-10-07 18:53:45 INFO [HB] active    | dayR=0.00R open=0 tradesToday=0 bars=0 | arms=trend 0/0.00, breakout 0/0.00
2025-10-07 18:53:45 INFO [HB] active    | dayR=0.00R open=0 tradesToday=0 bars=0 | arms=trend 0/0.00, breakout 0/0.00
2025-10-07 18:53:46 INFO [HB] active    | dayR=0.00R open=0 tradesToday=0 bars=0 | arms=trend 0/0.00, breakout 0/0.00
2025-10-07 18:53:46 INFO [HB] active    | dayR=0.00R open=0 tradesToday=0 bars=0 | arms=trend 0/0.00, breakout 0/0.00
2025-10-07 18:53:47 INFO [HB] active    | dayR=0.00R open=0 tradesToday=0 bars=0 | arms=trend 0/0.00, breakout 0/0.00
2025-10-07 18:53:47 INFO [HB] active    | dayR=0.00R open=0 tradesToday=0 bars=0 | arms=trend 0/0.00, breakout 0/0.00
2025-10-07 18:53:48 INFO [HB] active    | dayR=0.00R open=0 tradesToday=0 bars=0 | arms=trend 0/0.00, breakout 0/0.00
2025-10-07 18:53:48 INFO [HB] active    | dayR=0.00R open=0 tradesToday=0 bars=0 | arms=trend 0/0.00, breakout 0/0.00
2025-10-07 18:53:49 INFO [HB] active    | dayR=0.00R open=0 tradesToday=0 bars=0 | arms=trend 0/0.00, breakout 0/0.00
2025-10-07 18:53:49 INFO [HB] active    | dayR=0.00R open=0 tradesToday=0 bars=0 | arms=trend 0/0.00, breakout 0/0.00
2025-10-07 18:53:50 INFO [HB] active    | dayR=0.00R open=0 tradesToday=0 bars=0 | arms=trend 0/0.00, breakout 0/0.00
2025-10-07 18:53:50 INFO [HB] active    | dayR=0.00R open=0 tradesToday=0 bars=0 | arms=trend 0/0.00, breakout 0/0.00
2025-10-07 18:53:51 INFO [HB] active    | dayR=0.00R open=0 tradesToday=0 bars=0 | arms=trend 0/0.00, breakout 0/0.00
2025-10-07 18:53:51 INFO [HB] active    | dayR=0.00R open=0 tradesToday=0 bars=0 | arms=trend 0/0.00, breakout 0/0.00
2025-10-07 18:53:52 INFO [HB] active    | dayR=0.00R open=0 tradesToday=0 bars=0 | arms=trend 0/0.00, breakout 0/0.00
2025-10-07 18:53:52 INFO [HB] active    | dayR=0.00R open=0 tradesToday=0 bars=0 | arms=trend 0/0.00, breakout 0/0.00
2025-10-07 18:53:53 INFO [HB] active    | dayR=0.00R open=0 tradesToday=0 bars=0 | arms=trend 0/0.00, breakout 0/0.00
2025-10-07 18:53:53 INFO [HB] active    | dayR=0.00R open=0 tradesToday=0 bars=0 | arms=trend 0/0.00, breakout 0/0.00
2025-10-07 18:53:54 INFO [HB] active    | dayR=0.00R open=0 tradesToday=0 bars=0 | arms=trend 0/0.00, breakout 0/0.00
2025-10-07 18:53:54 INFO [HB] active    | dayR=0.00R open=0 tradesToday=0 bars=0 | arms=trend 0/0.00, breakout 0/0.00
2025-10-07 18:53:55 INFO [HB] active    | dayR=0.00R open=0 tradesToday=0 bars=0 | arms=trend 0/0.00, breakout 0/0.00
2025-10-07 18:53:55 INFO [HB] active    | dayR=0.00R open=0 tradesToday=0 bars=0 | arms=trend 0/0.00, breakout 0/0.00
2025-10-07 18:53:56 INFO [HB] active    | dayR=0.00R open=0 tradesToday=0 bars=0 | arms=trend 0/0.00, breakout 0/0.00
2025-10-07 18:53:56 INFO [HB] active    | dayR=0.00R open=0 tradesToday=0 bars=0 | arms=trend 0/0.00, breakout 0/0.00
2025-10-07 18:53:57 INFO [HB] active    | dayR=0.00R open=0 tradesToday=0 bars=0 | arms=trend 0/0.00, breakout 0/0.00
2025-10-07 18:53:57 INFO [HB] active    | dayR=0.00R open=0 tradesToday=0 bars=0 | arms=trend 0/0.00, breakout 0/0.00
2025-10-07 18:53:58 INFO [HB] active    | dayR=0.00R open=0 tradesToday=0 bars=0 | arms=trend 0/0.00, breakout 0/0.00
2025-10-07 18:53:58 INFO [HB] active    | dayR=0.00R open=0 tradesToday=0 bars=0 | arms=trend 0/0.00, breakout 0/0.00
2025-10-07 18:53:59 INFO [HB] active    | dayR=0.00R open=0 tradesToday=0 bars=0 | arms=trend 0/0.00, breakout 0/0.00
2025-10-07 18:53:59 INFO [HB] active    | dayR=0.00R open=0 tradesToday=0 bars=0 | arms=trend 0/0.00, breakout 0/0.00
2025-10-07 18:54:00 INFO [HB] active    | dayR=0.00R open=0 tradesToday=0 bars=0 | arms=trend 0/0.00, breakout 0/0.00
2025-10-07 18:54:00 INFO [HB] active    | dayR=0.00R open=0 tradesToday=0 bars=0 | arms=trend 0/0.00, breakout 0/0.00
2025-10-07 18:54:01 INFO [HB] active    | dayR=0.00R open=0 tradesToday=0 bars=0 | arms=trend 0/0.00, breakout 0/0.00
2025-10-07 18:54:01 INFO [HB] active    | dayR=0.00R open=0 tradesToday=0 bars=0 | arms=trend 0/0.00, breakout 0/0.00
2025-10-07 18:54:02 INFO [HB] active    | dayR=0.00R open=0 tradesToday=0 bars=0 | arms=trend 0/0.00, breakout 0/0.00
2025-10-07 18:54:02 INFO [HB] active    | dayR=0.00R open=0 tradesToday=0 bars=0 | arms=trend 0/0.00, breakout 0/0.00
2025-10-07 18:54:03 INFO [HB] active    | dayR=0.00R open=0 tradesToday=0 bars=0 | arms=trend 0/0.00, breakout 0/0.00
2025-10-07 18:54:03 INFO [HB] active    | dayR=0.00R open=0 tradesToday=0 bars=0 | arms=trend 0/0.00, breakout 0/0.00
2025-10-07 18:54:04 INFO [HB] active    | dayR=0.00R open=0 tradesToday=0 bars=0 | arms=trend 0/0.00, breakout 0/0.00
2025-10-07 18:54:04 INFO [HB] active    | dayR=0.00R open=0 tradesToday=0 bars=0 | arms=trend 0/0.00, breakout 0/0.00
2025-10-07 18:54:05 INFO [HB] active    | dayR=0.00R open=0 tradesToday=0 bars=0 | arms=trend 0/0.00, breakout 0/0.00
2025-10-07 18:54:05 INFO [HB] active    | dayR=0.00R open=0 tradesToday=0 bars=0 | arms=trend 0/0.00, breakout 0/0.00
2025-10-07 18:54:06 INFO [HB] active    | dayR=0.00R open=0 tradesToday=0 bars=0 | arms=trend 0/0.00, breakout 0/0.00
2025-10-07 18:54:06 INFO [HB] active    | dayR=0.00R open=0 tradesToday=0 bars=0 | arms=trend 0/0.00, breakout 0/0.00
2025-10-07 18:54:07 INFO [HB] active    | dayR=0.00R open=0 tradesToday=0 bars=0 | arms=trend 0/0.00, breakout 0/0.00
2025-10-07 18:54:07 INFO [HB] active    | dayR=0.00R open=0 tradesToday=0 bars=0 | arms=trend 0/0.00, breakout 0/0.00
2025-10-07 18:54:08 INFO [HB] active    | dayR=0.00R open=0 tradesToday=0 bars=0 | arms=trend 0/0.00, breakout 0/0.00
2025-10-07 18:54:08 INFO [HB] active    | dayR=0.00R open=0 tradesToday=0 bars=0 | arms=trend 0/0.00, breakout 0/0.00
2025-10-07 18:54:09 INFO [HB] active    | dayR=0.00R open=0 tradesToday=0 bars=0 | arms=trend 0/0.00, breakout 0/0.00
2025-10-07 18:54:09 INFO [HB] active    | dayR=0.00R open=0 tradesToday=0 bars=0 | arms=trend 0/0.00, breakout 0/0.00
2025-10-07 18:54:10 INFO [HB] active    | dayR=0.00R open=0 tradesToday=0 bars=0 | arms=trend 0/0.00, breakout 0/0.00
[2025-10-07 18:54:13] [WD] hb uptime=185s restarts=0 child_alive=True
[2025-10-07 18:54:18] [WD] hb uptime=190s restarts=0 child_alive=True
[2025-10-07 18:54:23] [WD] hb uptime=195s restarts=0 child_alive=True
[2025-10-07 18:54:28] [WD] hb uptime=200s restarts=0 child_alive=True
[2025-10-07 18:54:33] [WD] hb uptime=205s restarts=0 child_alive=True
[2025-10-07 18:54:38] [WD] hb uptime=210s restarts=0 child_alive=True
[2025-10-07 18:54:43] [WD] hb uptime=215s restarts=0 child_alive=True
2025-10-07 18:54:10 INFO [HB] active    | dayR=0.00R open=0 tradesToday=0 bars=0 | arms=trend 0/0.00, breakout 0/0.00
2025-10-07 18:54:11 INFO [HB] active    | dayR=0.00R open=0 tradesToday=0 bars=0 | arms=trend 0/0.00, breakout 0/0.00
2025-10-07 18:54:11 INFO [HB] active    | dayR=0.00R open=0 tradesToday=0 bars=0 | arms=trend 0/0.00, breakout 0/0.00
2025-10-07 18:54:12 INFO [HB] active    | dayR=0.00R open=0 tradesToday=0 bars=0 | arms=trend 0/0.00, breakout 0/0.00
2025-10-07 18:54:12 INFO [HB] active    | dayR=0.00R open=0 tradesToday=0 bars=0 | arms=trend 0/0.00, breakout 0/0.00
2025-10-07 18:54:13 INFO [HB] active    | dayR=0.00R open=0 tradesToday=0 bars=0 | arms=trend 0/0.00, breakout 0/0.00
2025-10-07 18:54:13 INFO [HB] active    | dayR=0.00R open=0 tradesToday=0 bars=0 | arms=trend 0/0.00, breakout 0/0.00
2025-10-07 18:54:14 INFO [HB] active    | dayR=0.00R open=0 tradesToday=0 bars=0 | arms=trend 0/0.00, breakout 0/0.00
2025-10-07 18:54:14 INFO [HB] active    | dayR=0.00R open=0 tradesToday=0 bars=0 | arms=trend 0/0.00, breakout 0/0.00
2025-10-07 18:54:15 INFO [HB] active    | dayR=0.00R open=0 tradesToday=0 bars=0 | arms=trend 0/0.00, breakout 0/0.00
2025-10-07 18:54:15 INFO [HB] active    | dayR=0.00R open=0 tradesToday=0 bars=0 | arms=trend 0/0.00, breakout 0/0.00
2025-10-07 18:54:16 INFO [HB] active    | dayR=0.00R open=0 tradesToday=0 bars=0 | arms=trend 0/0.00, breakout 0/0.00
2025-10-07 18:54:16 INFO [HB] active    | dayR=0.00R open=0 tradesToday=0 bars=0 | arms=trend 0/0.00, breakout 0/0.00
2025-10-07 18:54:17 INFO [HB] active    | dayR=0.00R open=0 tradesToday=0 bars=0 | arms=trend 0/0.00, breakout 0/0.00
2025-10-07 18:54:17 INFO [HB] active    | dayR=0.00R open=0 tradesToday=0 bars=0 | arms=trend 0/0.00, breakout 0/0.00
2025-10-07 18:54:18 INFO [HB] active    | dayR=0.00R open=0 tradesToday=0 bars=0 | arms=trend 0/0.00, breakout 0/0.00
2025-10-07 18:54:18 INFO [HB] active    | dayR=0.00R open=0 tradesToday=0 bars=0 | arms=trend 0/0.00, breakout 0/0.00
2025-10-07 18:54:19 INFO [HB] active    | dayR=0.00R open=0 tradesToday=0 bars=0 | arms=trend 0/0.00, breakout 0/0.00
2025-10-07 18:54:19 INFO [HB] active    | dayR=0.00R open=0 tradesToday=0 bars=0 | arms=trend 0/0.00, breakout 0/0.00
2025-10-07 18:54:20 INFO [HB] active    | dayR=0.00R open=0 tradesToday=0 bars=0 | arms=trend 0/0.00, breakout 0/0.00
2025-10-07 18:54:20 INFO [HB] active    | dayR=0.00R open=0 tradesToday=0 bars=0 | arms=trend 0/0.00, breakout 0/0.00
2025-10-07 18:54:21 INFO [HB] active    | dayR=0.00R open=0 tradesToday=0 bars=0 | arms=trend 0/0.00, breakout 0/0.00
2025-10-07 18:54:21 INFO [HB] active    | dayR=0.00R open=0 tradesToday=0 bars=0 | arms=trend 0/0.00, breakout 0/0.00
2025-10-07 18:54:22 INFO [HB] active    | dayR=0.00R open=0 tradesToday=0 bars=0 | arms=trend 0/0.00, breakout 0/0.00
2025-10-07 18:54:22 INFO [HB] active    | dayR=0.00R open=0 tradesToday=0 bars=0 | arms=trend 0/0.00, breakout 0/0.00
2025-10-07 18:54:23 INFO [HB] active    | dayR=0.00R open=0 tradesToday=0 bars=0 | arms=trend 0/0.00, breakout 0/0.00
2025-10-07 18:54:23 INFO [HB] active    | dayR=0.00R open=0 tradesToday=0 bars=0 | arms=trend 0/0.00, breakout 0/0.00
2025-10-07 18:54:24 INFO [HB] active    | dayR=0.00R open=0 tradesToday=0 bars=0 | arms=trend 0/0.00, breakout 0/0.00
2025-10-07 18:54:24 INFO [HB] active    | dayR=0.00R open=0 tradesToday=0 bars=0 | arms=trend 0/0.00, breakout 0/0.00
2025-10-07 18:54:25 INFO [HB] active    | dayR=0.00R open=0 tradesToday=0 bars=0 | arms=trend 0/0.00, breakout 0/0.00
2025-10-07 18:54:25 INFO [HB] active    | dayR=0.00R open=0 tradesToday=0 bars=0 | arms=trend 0/0.00, breakout 0/0.00
2025-10-07 18:54:26 INFO [HB] active    | dayR=0.00R open=0 tradesToday=0 bars=0 | arms=trend 0/0.00, breakout 0/0.00
2025-10-07 18:54:26 INFO [HB] active    | dayR=0.00R open=0 tradesToday=0 bars=0 | arms=trend 0/0.00, breakout 0/0.00
2025-10-07 18:54:27 INFO [HB] active    | dayR=0.00R open=0 tradesToday=0 bars=0 | arms=trend 0/0.00, breakout 0/0.00
2025-10-07 18:54:27 INFO [HB] active    | dayR=0.00R open=0 tradesToday=0 bars=0 | arms=trend 0/0.00, breakout 0/0.00
2025-10-07 18:54:28 INFO [HB] active    | dayR=0.00R open=0 tradesToday=0 bars=0 | arms=trend 0/0.00, breakout 0/0.00
2025-10-07 18:54:28 INFO [HB] active    | dayR=0.00R open=0 tradesToday=0 bars=0 | arms=trend 0/0.00, breakout 0/0.00
2025-10-07 18:54:29 INFO [HB] active    | dayR=0.00R open=0 tradesToday=0 bars=0 | arms=trend 0/0.00, breakout 0/0.00
2025-10-07 18:54:29 INFO [HB] active    | dayR=0.00R open=0 tradesToday=0 bars=0 | arms=trend 0/0.00, breakout 0/0.00
2025-10-07 18:54:30 INFO [HB] active    | dayR=0.00R open=0 tradesToday=0 bars=0 | arms=trend 0/0.00, breakout 0/0.00
2025-10-07 18:54:30 INFO [HB] active    | dayR=0.00R open=0 tradesToday=0 bars=0 | arms=trend 0/0.00, breakout 0/0.00
2025-10-07 18:54:31 INFO [HB] active    | dayR=0.00R open=0 tradesToday=0 bars=0 | arms=trend 0/0.00, breakout 0/0.00
2025-10-07 18:54:31 INFO [HB] active    | dayR=0.00R open=0 tradesToday=0 bars=0 | arms=trend 0/0.00, breakout 0/0.00
2025-10-07 18:54:32 INFO [HB] active    | dayR=0.00R open=0 tradesToday=0 bars=0 | arms=trend 0/0.00, breakout 0/0.00
2025-10-07 18:54:32 INFO [HB] active    | dayR=0.00R open=0 tradesToday=0 bars=0 | arms=trend 0/0.00, breakout 0/0.00
2025-10-07 18:54:33 INFO [HB] active    | dayR=0.00R open=0 tradesToday=0 bars=0 | arms=trend 0/0.00, breakout 0/0.00
2025-10-07 18:54:33 INFO [HB] active    | dayR=0.00R open=0 tradesToday=0 bars=0 | arms=trend 0/0.00, breakout 0/0.00
2025-10-07 18:54:34 INFO [HB] active    | dayR=0.00R open=0 tradesToday=0 bars=0 | arms=trend 0/0.00, breakout 0/0.00
2025-10-07 18:54:34 INFO [HB] active    | dayR=0.00R open=0 tradesToday=0 bars=0 | arms=trend 0/0.00, breakout 0/0.00
2025-10-07 18:54:35 INFO [HB] active    | dayR=0.00R open=0 tradesToday=0 bars=0 | arms=trend 0/0.00, breakout 0/0.00
2025-10-07 18:54:35 INFO [HB] active    | dayR=0.00R open=0 tradesToday=0 bars=0 | arms=trend 0/0.00, breakout 0/0.00
2025-10-07 18:54:36 INFO [HB] active    | dayR=0.00R open=0 tradesToday=0 bars=0 | arms=trend 0/0.00, breakout 0/0.00
2025-10-07 18:54:36 INFO [HB] active    | dayR=0.00R open=0 tradesToday=0 bars=0 | arms=trend 0/0.00, breakout 0/0.00
2025-10-07 18:54:37 INFO [HB] active    | dayR=0.00R open=0 tradesToday=0 bars=0 | arms=trend 0/0.00, breakout 0/0.00
2025-10-07 18:54:37 INFO [HB] active    | dayR=0.00R open=0 tradesToday=0 bars=0 | arms=trend 0/0.00, breakout 0/0.00
2025-10-07 18:54:38 INFO [HB] active    | dayR=0.00R open=0 tradesToday=0 bars=0 | arms=trend 0/0.00, breakout 0/0.00
2025-10-07 18:54:38 INFO [HB] active    | dayR=0.00R open=0 tradesToday=0 bars=0 | arms=trend 0/0.00, breakout 0/0.00
2025-10-07 18:54:39 INFO [HB] active    | dayR=0.00R open=0 tradesToday=0 bars=0 | arms=trend 0/0.00, breakout 0/0.00
2025-10-07 18:54:39 INFO [HB] active    | dayR=0.00R open=0 tradesToday=0 bars=0 | arms=trend 0/0.00, breakout 0/0.00
2025-10-07 18:54:40 INFO [HB] active    | dayR=0.00R open=0 tradesToday=0 bars=0 | arms=trend 0/0.00, breakout 0/0.00
2025-10-07 18:54:40 INFO [HB] active    | dayR=0.00R open=0 tradesToday=0 bars=0 | arms=trend 0/0.00, breakout 0/0.00
2025-10-07 18:54:41 INFO [HB] active    | dayR=0.00R open=0 tradesToday=0 bars=0 | arms=trend 0/0.00, breakout 0/0.00
2025-10-07 18:54:41 INFO [HB] active    | dayR=0.00R open=0 tradesToday=0 bars=0 | arms=trend 0/0.00, breakout 0/0.00
2025-10-07 18:54:42 INFO [HB] active    | dayR=0.00R open=0 tradesToday=0 bars=0 | arms=trend 0/0.00, breakout 0/0.00
2025-10-07 18:54:42 INFO [HB] active    | dayR=0.00R open=0 tradesToday=0 bars=0 | arms=trend 0/0.00, breakout 0/0.00
2025-10-07 18:54:43 INFO [HB] active    | dayR=0.00R open=0 tradesToday=0 bars=0 | arms=trend 0/0.00, breakout 0/0.00
2025-10-07 18:54:43 INFO [HB] active    | dayR=0.00R open=0 tradesToday=0 bars=0 | arms=trend 0/0.00, breakout 0/0.00
2025-10-07 18:54:44 INFO [HB] active    | dayR=0.00R open=0 tradesToday=0 bars=0 | arms=trend 0/0.00, breakout 0/0.00
2025-10-07 18:54:44 INFO [HB] active    | dayR=0.00R open=0 tradesToday=0 bars=0 | arms=trend 0/0.00, breakout 0/0.00
[2025-10-07 18:54:48] [WD] hb uptime=220s restarts=0 child_alive=True
[2025-10-07 18:54:53] [WD] hb uptime=225s restarts=0 child_alive=True
[2025-10-07 18:54:58] [WD] hb uptime=230s restarts=0 child_alive=True
[2025-10-07 18:55:03] [WD] hb uptime=235s restarts=0 child_alive=True
[2025-10-07 18:55:09] [WD] hb uptime=240s restarts=0 child_alive=True
[2025-10-07 18:55:14] [WD] hb uptime=245s restarts=0 child_alive=True
[2025-10-07 18:55:19] [WD] hb uptime=250s restarts=0 child_alive=True
2025-10-07 18:54:45 INFO [HB] active    | dayR=0.00R open=0 tradesToday=0 bars=0 | arms=trend 0/0.00, breakout 0/0.00
2025-10-07 18:54:45 INFO [HB] active    | dayR=0.00R open=0 tradesToday=0 bars=0 | arms=trend 0/0.00, breakout 0/0.00
2025-10-07 18:54:46 INFO [HB] active    | dayR=0.00R open=0 tradesToday=0 bars=0 | arms=trend 0/0.00, breakout 0/0.00
2025-10-07 18:54:46 INFO [HB] active    | dayR=0.00R open=0 tradesToday=0 bars=0 | arms=trend 0/0.00, breakout 0/0.00
2025-10-07 18:54:47 INFO [HB] active    | dayR=0.00R open=0 tradesToday=0 bars=0 | arms=trend 0/0.00, breakout 0/0.00
2025-10-07 18:54:47 INFO [HB] active    | dayR=0.00R open=0 tradesToday=0 bars=0 | arms=trend 0/0.00, breakout 0/0.00
2025-10-07 18:54:48 INFO [HB] active    | dayR=0.00R open=0 tradesToday=0 bars=0 | arms=trend 0/0.00, breakout 0/0.00
2025-10-07 18:54:48 INFO [HB] active    | dayR=0.00R open=0 tradesToday=0 bars=0 | arms=trend 0/0.00, breakout 0/0.00
2025-10-07 18:54:49 INFO [HB] active    | dayR=0.00R open=0 tradesToday=0 bars=0 | arms=trend 0/0.00, breakout 0/0.00
2025-10-07 18:54:49 INFO [HB] active    | dayR=0.00R open=0 tradesToday=0 bars=0 | arms=trend 0/0.00, breakout 0/0.00
2025-10-07 18:54:50 INFO [HB] active    | dayR=0.00R open=0 tradesToday=0 bars=0 | arms=trend 0/0.00, breakout 0/0.00
2025-10-07 18:54:50 INFO [HB] active    | dayR=0.00R open=0 tradesToday=0 bars=0 | arms=trend 0/0.00, breakout 0/0.00
2025-10-07 18:54:51 INFO [HB] active    | dayR=0.00R open=0 tradesToday=0 bars=0 | arms=trend 0/0.00, breakout 0/0.00
2025-10-07 18:54:51 INFO [HB] active    | dayR=0.00R open=0 tradesToday=0 bars=0 | arms=trend 0/0.00, breakout 0/0.00
2025-10-07 18:54:52 INFO [HB] active    | dayR=0.00R open=0 tradesToday=0 bars=0 | arms=trend 0/0.00, breakout 0/0.00
2025-10-07 18:54:52 INFO [HB] active    | dayR=0.00R open=0 tradesToday=0 bars=0 | arms=trend 0/0.00, breakout 0/0.00
2025-10-07 18:54:53 INFO [HB] active    | dayR=0.00R open=0 tradesToday=0 bars=0 | arms=trend 0/0.00, breakout 0/0.00
2025-10-07 18:54:53 INFO [HB] active    | dayR=0.00R open=0 tradesToday=0 bars=0 | arms=trend 0/0.00, breakout 0/0.00
2025-10-07 18:54:54 INFO [HB] active    | dayR=0.00R open=0 tradesToday=0 bars=0 | arms=trend 0/0.00, breakout 0/0.00
2025-10-07 18:54:54 INFO [HB] active    | dayR=0.00R open=0 tradesToday=0 bars=0 | arms=trend 0/0.00, breakout 0/0.00
2025-10-07 18:54:55 INFO [HB] active    | dayR=0.00R open=0 tradesToday=0 bars=0 | arms=trend 0/0.00, breakout 0/0.00
2025-10-07 18:54:55 INFO [HB] active    | dayR=0.00R open=0 tradesToday=0 bars=0 | arms=trend 0/0.00, breakout 0/0.00
2025-10-07 18:54:56 INFO [HB] active    | dayR=0.00R open=0 tradesToday=0 bars=0 | arms=trend 0/0.00, breakout 0/0.00
2025-10-07 18:54:56 INFO [HB] active    | dayR=0.00R open=0 tradesToday=0 bars=0 | arms=trend 0/0.00, breakout 0/0.00
2025-10-07 18:54:57 INFO [HB] active    | dayR=0.00R open=0 tradesToday=0 bars=0 | arms=trend 0/0.00, breakout 0/0.00
2025-10-07 18:54:57 INFO [HB] active    | dayR=0.00R open=0 tradesToday=0 bars=0 | arms=trend 0/0.00, breakout 0/0.00
2025-10-07 18:54:58 INFO [HB] active    | dayR=0.00R open=0 tradesToday=0 bars=0 | arms=trend 0/0.00, breakout 0/0.00
2025-10-07 18:54:58 INFO [HB] active    | dayR=0.00R open=0 tradesToday=0 bars=0 | arms=trend 0/0.00, breakout 0/0.00
2025-10-07 18:54:59 INFO [HB] active    | dayR=0.00R open=0 tradesToday=0 bars=0 | arms=trend 0/0.00, breakout 0/0.00
2025-10-07 18:54:59 INFO [HB] active    | dayR=0.00R open=0 tradesToday=0 bars=0 | arms=trend 0/0.00, breakout 0/0.00
2025-10-07 18:55:00 INFO [HB] active    | dayR=0.00R open=0 tradesToday=0 bars=0 | arms=trend 0/0.00, breakout 0/0.00
2025-10-07 18:55:00 INFO [HB] active    | dayR=0.00R open=0 tradesToday=0 bars=0 | arms=trend 0/0.00, breakout 0/0.00
2025-10-07 18:55:01 INFO [HB] active    | dayR=0.00R open=0 tradesToday=0 bars=0 | arms=trend 0/0.00, breakout 0/0.00
2025-10-07 18:55:01 INFO [HB] active    | dayR=0.00R open=0 tradesToday=0 bars=0 | arms=trend 0/0.00, breakout 0/0.00
2025-10-07 18:55:02 INFO [HB] active    | dayR=0.00R open=0 tradesToday=0 bars=0 | arms=trend 0/0.00, breakout 0/0.00
2025-10-07 18:55:02 INFO [HB] active    | dayR=0.00R open=0 tradesToday=0 bars=0 | arms=trend 0/0.00, breakout 0/0.00
2025-10-07 18:55:03 INFO [HB] active    | dayR=0.00R open=0 tradesToday=0 bars=0 | arms=trend 0/0.00, breakout 0/0.00
2025-10-07 18:55:03 INFO [HB] active    | dayR=0.00R open=0 tradesToday=0 bars=0 | arms=trend 0/0.00, breakout 0/0.00
2025-10-07 18:55:04 INFO [HB] active    | dayR=0.00R open=0 tradesToday=0 bars=0 | arms=trend 0/0.00, breakout 0/0.00
2025-10-07 18:55:04 INFO [HB] active    | dayR=0.00R open=0 tradesToday=0 bars=0 | arms=trend 0/0.00, breakout 0/0.00
2025-10-07 18:55:05 INFO [HB] active    | dayR=0.00R open=0 tradesToday=0 bars=0 | arms=trend 0/0.00, breakout 0/0.00
2025-10-07 18:55:05 INFO [HB] active    | dayR=0.00R open=0 tradesToday=0 bars=0 | arms=trend 0/0.00, breakout 0/0.00
2025-10-07 18:55:06 INFO [HB] active    | dayR=0.00R open=0 tradesToday=0 bars=0 | arms=trend 0/0.00, breakout 0/0.00
2025-10-07 18:55:06 INFO [HB] active    | dayR=0.00R open=0 tradesToday=0 bars=0 | arms=trend 0/0.00, breakout 0/0.00
2025-10-07 18:55:07 INFO [HB] active    | dayR=0.00R open=0 tradesToday=0 bars=0 | arms=trend 0/0.00, breakout 0/0.00
2025-10-07 18:55:07 INFO [HB] active    | dayR=0.00R open=0 tradesToday=0 bars=0 | arms=trend 0/0.00, breakout 0/0.00
2025-10-07 18:55:08 INFO [HB] active    | dayR=0.00R open=0 tradesToday=0 bars=0 | arms=trend 0/0.00, breakout 0/0.00
2025-10-07 18:55:08 INFO [HB] active    | dayR=0.00R open=0 tradesToday=0 bars=0 | arms=trend 0/0.00, breakout 0/0.00
2025-10-07 18:55:09 INFO [HB] active    | dayR=0.00R open=0 tradesToday=0 bars=0 | arms=trend 0/0.00, breakout 0/0.00
2025-10-07 18:55:09 INFO [HB] active    | dayR=0.00R open=0 tradesToday=0 bars=0 | arms=trend 0/0.00, breakout 0/0.00
2025-10-07 18:55:10 INFO [HB] active    | dayR=0.00R open=0 tradesToday=0 bars=0 | arms=trend 0/0.00, breakout 0/0.00
2025-10-07 18:55:10 INFO [HB] active    | dayR=0.00R open=0 tradesToday=0 bars=0 | arms=trend 0/0.00, breakout 0/0.00
2025-10-07 18:55:11 INFO [HB] active    | dayR=0.00R open=0 tradesToday=0 bars=0 | arms=trend 0/0.00, breakout 0/0.00
2025-10-07 18:55:11 INFO [HB] active    | dayR=0.00R open=0 tradesToday=0 bars=0 | arms=trend 0/0.00, breakout 0/0.00
2025-10-07 18:55:12 INFO [HB] active    | dayR=0.00R open=0 tradesToday=0 bars=0 | arms=trend 0/0.00, breakout 0/0.00
2025-10-07 18:55:12 INFO [HB] active    | dayR=0.00R open=0 tradesToday=0 bars=0 | arms=trend 0/0.00, breakout 0/0.00
2025-10-07 18:55:13 INFO [HB] active    | dayR=0.00R open=0 tradesToday=0 bars=0 | arms=trend 0/0.00, breakout 0/0.00
2025-10-07 18:55:13 INFO [HB] active    | dayR=0.00R open=0 tradesToday=0 bars=0 | arms=trend 0/0.00, breakout 0/0.00
2025-10-07 18:55:14 INFO [HB] active    | dayR=0.00R open=0 tradesToday=0 bars=0 | arms=trend 0/0.00, breakout 0/0.00
2025-10-07 18:55:14 INFO [HB] active    | dayR=0.00R open=0 tradesToday=0 bars=0 | arms=trend 0/0.00, breakout 0/0.00
2025-10-07 18:55:15 INFO [HB] active    | dayR=0.00R open=0 tradesToday=0 bars=0 | arms=trend 0/0.00, breakout 0/0.00
2025-10-07 18:55:15 INFO [HB] active    | dayR=0.00R open=0 tradesToday=0 bars=0 | arms=trend 0/0.00, breakout 0/0.00
2025-10-07 18:55:16 INFO [HB] active    | dayR=0.00R open=0 tradesToday=0 bars=0 | arms=trend 0/0.00, breakout 0/0.00
2025-10-07 18:55:16 INFO [HB] active    | dayR=0.00R open=0 tradesToday=0 bars=0 | arms=trend 0/0.00, breakout 0/0.00
2025-10-07 18:55:17 INFO [HB] active    | dayR=0.00R open=0 tradesToday=0 bars=0 | arms=trend 0/0.00, breakout 0/0.00
2025-10-07 18:55:17 INFO [HB] active    | dayR=0.00R open=0 tradesToday=0 bars=0 | arms=trend 0/0.00, breakout 0/0.00
2025-10-07 18:55:18 INFO [HB] active    | dayR=0.00R open=0 tradesToday=0 bars=0 | arms=trend 0/0.00, breakout 0/0.00
2025-10-07 18:55:18 INFO [HB] active    | dayR=0.00R open=0 tradesToday=0 bars=0 | arms=trend 0/0.00, breakout 0/0.00
2025-10-07 18:55:19 INFO [HB] active    | dayR=0.00R open=0 tradesToday=0 bars=0 | arms=trend 0/0.00, breakout 0/0.00
[2025-10-07 18:55:24] [WD] hb uptime=255s restarts=0 child_alive=True
[2025-10-07 18:55:29] [WD] hb uptime=260s restarts=0 child_alive=True
[2025-10-07 18:55:34] [WD] hb uptime=265s restarts=0 child_alive=True
[2025-10-07 18:55:39] [WD] hb uptime=270s restarts=0 child_alive=True
[2025-10-07 18:55:44] [WD] hb uptime=275s restarts=0 child_alive=True
[2025-10-07 18:55:49] [WD] hb uptime=280s restarts=0 child_alive=True
2025-10-07 18:55:19 INFO [HB] active    | dayR=0.00R open=0 tradesToday=0 bars=0 | arms=trend 0/0.00, breakout 0/0.00
2025-10-07 18:55:20 INFO [HB] active    | dayR=0.00R open=0 tradesToday=0 bars=0 | arms=trend 0/0.00, breakout 0/0.00
2025-10-07 18:55:20 INFO [HB] active    | dayR=0.00R open=0 tradesToday=0 bars=0 | arms=trend 0/0.00, breakout 0/0.00
2025-10-07 18:55:21 INFO [HB] active    | dayR=0.00R open=0 tradesToday=0 bars=0 | arms=trend 0/0.00, breakout 0/0.00
2025-10-07 18:55:21 INFO [HB] active    | dayR=0.00R open=0 tradesToday=0 bars=0 | arms=trend 0/0.00, breakout 0/0.00
2025-10-07 18:55:22 INFO [HB] active    | dayR=0.00R open=0 tradesToday=0 bars=0 | arms=trend 0/0.00, breakout 0/0.00
2025-10-07 18:55:22 INFO [HB] active    | dayR=0.00R open=0 tradesToday=0 bars=0 | arms=trend 0/0.00, breakout 0/0.00
2025-10-07 18:55:23 INFO [HB] active    | dayR=0.00R open=0 tradesToday=0 bars=0 | arms=trend 0/0.00, breakout 0/0.00
2025-10-07 18:55:23 INFO [HB] active    | dayR=0.00R open=0 tradesToday=0 bars=0 | arms=trend 0/0.00, breakout 0/0.00
2025-10-07 18:55:24 INFO [HB] active    | dayR=0.00R open=0 tradesToday=0 bars=0 | arms=trend 0/0.00, breakout 0/0.00
2025-10-07 18:55:24 INFO [HB] active    | dayR=0.00R open=0 tradesToday=0 bars=0 | arms=trend 0/0.00, breakout 0/0.00
2025-10-07 18:55:25 INFO [HB] active    | dayR=0.00R open=0 tradesToday=0 bars=0 | arms=trend 0/0.00, breakout 0/0.00
2025-10-07 18:55:25 INFO [HB] active    | dayR=0.00R open=0 tradesToday=0 bars=0 | arms=trend 0/0.00, breakout 0/0.00
2025-10-07 18:55:26 INFO [HB] active    | dayR=0.00R open=0 tradesToday=0 bars=0 | arms=trend 0/0.00, breakout 0/0.00
2025-10-07 18:55:26 INFO [HB] active    | dayR=0.00R open=0 tradesToday=0 bars=0 | arms=trend 0/0.00, breakout 0/0.00
2025-10-07 18:55:27 INFO [HB] active    | dayR=0.00R open=0 tradesToday=0 bars=0 | arms=trend 0/0.00, breakout 0/0.00
2025-10-07 18:55:27 INFO [HB] active    | dayR=0.00R open=0 tradesToday=0 bars=0 | arms=trend 0/0.00, breakout 0/0.00
2025-10-07 18:55:28 INFO [HB] active    | dayR=0.00R open=0 tradesToday=0 bars=0 | arms=trend 0/0.00, breakout 0/0.00
2025-10-07 18:55:28 INFO [HB] active    | dayR=0.00R open=0 tradesToday=0 bars=0 | arms=trend 0/0.00, breakout 0/0.00
2025-10-07 18:55:29 INFO [HB] active    | dayR=0.00R open=0 tradesToday=0 bars=0 | arms=trend 0/0.00, breakout 0/0.00
2025-10-07 18:55:29 INFO [HB] active    | dayR=0.00R open=0 tradesToday=0 bars=0 | arms=trend 0/0.00, breakout 0/0.00
2025-10-07 18:55:30 INFO [HB] active    | dayR=0.00R open=0 tradesToday=0 bars=0 | arms=trend 0/0.00, breakout 0/0.00
2025-10-07 18:55:30 INFO [HB] active    | dayR=0.00R open=0 tradesToday=0 bars=0 | arms=trend 0/0.00, breakout 0/0.00
2025-10-07 18:55:31 INFO [HB] active    | dayR=0.00R open=0 tradesToday=0 bars=0 | arms=trend 0/0.00, breakout 0/0.00
2025-10-07 18:55:31 INFO [HB] active    | dayR=0.00R open=0 tradesToday=0 bars=0 | arms=trend 0/0.00, breakout 0/0.00
2025-10-07 18:55:32 INFO [HB] active    | dayR=0.00R open=0 tradesToday=0 bars=0 | arms=trend 0/0.00, breakout 0/0.00
2025-10-07 18:55:32 INFO [HB] active    | dayR=0.00R open=0 tradesToday=0 bars=0 | arms=trend 0/0.00, breakout 0/0.00
2025-10-07 18:55:33 INFO [HB] active    | dayR=0.00R open=0 tradesToday=0 bars=0 | arms=trend 0/0.00, breakout 0/0.00
2025-10-07 18:55:33 INFO [HB] active    | dayR=0.00R open=0 tradesToday=0 bars=0 | arms=trend 0/0.00, breakout 0/0.00
2025-10-07 18:55:34 INFO [HB] active    | dayR=0.00R open=0 tradesToday=0 bars=0 | arms=trend 0/0.00, breakout 0/0.00
2025-10-07 18:55:34 INFO [HB] active    | dayR=0.00R open=0 tradesToday=0 bars=0 | arms=trend 0/0.00, breakout 0/0.00
2025-10-07 18:55:35 INFO [HB] active    | dayR=0.00R open=0 tradesToday=0 bars=0 | arms=trend 0/0.00, breakout 0/0.00
2025-10-07 18:55:35 INFO [HB] active    | dayR=0.00R open=0 tradesToday=0 bars=0 | arms=trend 0/0.00, breakout 0/0.00
2025-10-07 18:55:36 INFO [HB] active    | dayR=0.00R open=0 tradesToday=0 bars=0 | arms=trend 0/0.00, breakout 0/0.00
2025-10-07 18:55:36 INFO [HB] active    | dayR=0.00R open=0 tradesToday=0 bars=0 | arms=trend 0/0.00, breakout 0/0.00
2025-10-07 18:55:37 INFO [HB] active    | dayR=0.00R open=0 tradesToday=0 bars=0 | arms=trend 0/0.00, breakout 0/0.00
2025-10-07 18:55:37 INFO [HB] active    | dayR=0.00R open=0 tradesToday=0 bars=0 | arms=trend 0/0.00, breakout 0/0.00
2025-10-07 18:55:38 INFO [HB] active    | dayR=0.00R open=0 tradesToday=0 bars=0 | arms=trend 0/0.00, breakout 0/0.00
2025-10-07 18:55:38 INFO [HB] active    | dayR=0.00R open=0 tradesToday=0 bars=0 | arms=trend 0/0.00, breakout 0/0.00
2025-10-07 18:55:39 INFO [HB] active    | dayR=0.00R open=0 tradesToday=0 bars=0 | arms=trend 0/0.00, breakout 0/0.00
2025-10-07 18:55:39 INFO [HB] active    | dayR=0.00R open=0 tradesToday=0 bars=0 | arms=trend 0/0.00, breakout 0/0.00
2025-10-07 18:55:40 INFO [HB] active    | dayR=0.00R open=0 tradesToday=0 bars=0 | arms=trend 0/0.00, breakout 0/0.00
2025-10-07 18:55:40 INFO [HB] active    | dayR=0.00R open=0 tradesToday=0 bars=0 | arms=trend 0/0.00, breakout 0/0.00
2025-10-07 18:55:41 INFO [HB] active    | dayR=0.00R open=0 tradesToday=0 bars=0 | arms=trend 0/0.00, breakout 0/0.00
2025-10-07 18:55:41 INFO [HB] active    | dayR=0.00R open=0 tradesToday=0 bars=0 | arms=trend 0/0.00, breakout 0/0.00
2025-10-07 18:55:42 INFO [HB] active    | dayR=0.00R open=0 tradesToday=0 bars=0 | arms=trend 0/0.00, breakout 0/0.00
2025-10-07 18:55:42 INFO [HB] active    | dayR=0.00R open=0 tradesToday=0 bars=0 | arms=trend 0/0.00, breakout 0/0.00
2025-10-07 18:55:43 INFO [HB] active    | dayR=0.00R open=0 tradesToday=0 bars=0 | arms=trend 0/0.00, breakout 0/0.00
2025-10-07 18:55:43 INFO [HB] active    | dayR=0.00R open=0 tradesToday=0 bars=0 | arms=trend 0/0.00, breakout 0/0.00
2025-10-07 18:55:44 INFO [HB] active    | dayR=0.00R open=0 tradesToday=0 bars=0 | arms=trend 0/0.00, breakout 0/0.00
2025-10-07 18:55:44 INFO [HB] active    | dayR=0.00R open=0 tradesToday=0 bars=0 | arms=trend 0/0.00, breakout 0/0.00
2025-10-07 18:55:45 INFO [HB] active    | dayR=0.00R open=0 tradesToday=0 bars=0 | arms=trend 0/0.00, breakout 0/0.00
2025-10-07 18:55:45 INFO [HB] active    | dayR=0.00R open=0 tradesToday=0 bars=0 | arms=trend 0/0.00, breakout 0/0.00
2025-10-07 18:55:46 INFO [HB] active    | dayR=0.00R open=0 tradesToday=0 bars=0 | arms=trend 0/0.00, breakout 0/0.00
2025-10-07 18:55:46 INFO [HB] active    | dayR=0.00R open=0 tradesToday=0 bars=0 | arms=trend 0/0.00, breakout 0/0.00
2025-10-07 18:55:47 INFO [HB] active    | dayR=0.00R open=0 tradesToday=0 bars=0 | arms=trend 0/0.00, breakout 0/0.00
2025-10-07 18:55:47 INFO [HB] active    | dayR=0.00R open=0 tradesToday=0 bars=0 | arms=trend 0/0.00, breakout 0/0.00
2025-10-07 18:55:48 INFO [HB] active    | dayR=0.00R open=0 tradesToday=0 bars=0 | arms=trend 0/0.00, breakout 0/0.00
2025-10-07 18:55:48 INFO [HB] active    | dayR=0.00R open=0 tradesToday=0 bars=0 | arms=trend 0/0.00, breakout 0/0.00
2025-10-07 18:55:49 INFO [HB] active    | dayR=0.00R open=0 tradesToday=0 bars=0 | arms=trend 0/0.00, breakout 0/0.00
2025-10-07 18:55:49 INFO [HB] active    | dayR=0.00R open=0 tradesToday=0 bars=0 | arms=trend 0/0.00, breakout 0/0.00
2025-10-07 18:55:50 INFO [HB] active    | dayR=0.00R open=0 tradesToday=0 bars=0 | arms=trend 0/0.00, breakout 0/0.00
2025-10-07 18:55:50 INFO [HB] active    | dayR=0.00R open=0 tradesToday=0 bars=0 | arms=trend 0/0.00, breakout 0/0.00
2025-10-07 18:55:51 INFO [HB] active    | dayR=0.00R open=0 tradesToday=0 bars=0 | arms=trend 0/0.00, breakout 0/0.00
2025-10-07 18:55:51 INFO [HB] active    | dayR=0.00R open=0 tradesToday=0 bars=0 | arms=trend 0/0.00, breakout 0/0.00
2025-10-07 18:55:52 INFO [HB] active    | dayR=0.00R open=0 tradesToday=0 bars=0 | arms=trend 0/0.00, breakout 0/0.00
2025-10-07 18:55:52 INFO [HB] active    | dayR=0.00R open=0 tradesToday=0 bars=0 | arms=trend 0/0.00, breakout 0/0.00
2025-10-07 18:55:53 INFO [HB] active    | dayR=0.00R open=0 tradesToday=0 bars=0 | arms=trend 0/0.00, breakout 0/0.00
2025-10-07 18:55:53 INFO [HB] active    | dayR=0.00R open=0 tradesToday=0 bars=0 | arms=trend 0/0.00, breakout 0/0.00
[2025-10-07 18:55:54] [WD] hb uptime=285s restarts=0 child_alive=True
[2025-10-07 18:55:59] [WD] hb uptime=290s restarts=0 child_alive=True
[2025-10-07 18:56:04] [WD] hb uptime=295s restarts=0 child_alive=True
[2025-10-07 18:56:09] [WD] hb uptime=300s restarts=0 child_alive=True
[2025-10-07 18:56:14] [WD] hb uptime=305s restarts=0 child_alive=True
[2025-10-07 18:56:19] [WD] hb uptime=310s restarts=0 child_alive=True
[2025-10-07 18:56:24] [WD] hb uptime=315s restarts=0 child_alive=True
2025-10-07 18:55:54 INFO [HB] active    | dayR=0.00R open=0 tradesToday=0 bars=0 | arms=trend 0/0.00, breakout 0/0.00
2025-10-07 18:55:54 INFO [HB] active    | dayR=0.00R open=0 tradesToday=0 bars=0 | arms=trend 0/0.00, breakout 0/0.00
2025-10-07 18:55:55 INFO [HB] active    | dayR=0.00R open=0 tradesToday=0 bars=0 | arms=trend 0/0.00, breakout 0/0.00
2025-10-07 18:55:55 INFO [HB] active    | dayR=0.00R open=0 tradesToday=0 bars=0 | arms=trend 0/0.00, breakout 0/0.00
2025-10-07 18:55:56 INFO [HB] active    | dayR=0.00R open=0 tradesToday=0 bars=0 | arms=trend 0/0.00, breakout 0/0.00
2025-10-07 18:55:56 INFO [HB] active    | dayR=0.00R open=0 tradesToday=0 bars=0 | arms=trend 0/0.00, breakout 0/0.00
2025-10-07 18:55:57 INFO [HB] active    | dayR=0.00R open=0 tradesToday=0 bars=0 | arms=trend 0/0.00, breakout 0/0.00
2025-10-07 18:55:57 INFO [HB] active    | dayR=0.00R open=0 tradesToday=0 bars=0 | arms=trend 0/0.00, breakout 0/0.00
2025-10-07 18:55:58 INFO [HB] active    | dayR=0.00R open=0 tradesToday=0 bars=0 | arms=trend 0/0.00, breakout 0/0.00
2025-10-07 18:55:58 INFO [HB] active    | dayR=0.00R open=0 tradesToday=0 bars=0 | arms=trend 0/0.00, breakout 0/0.00
2025-10-07 18:55:59 INFO [HB] active    | dayR=0.00R open=0 tradesToday=0 bars=0 | arms=trend 0/0.00, breakout 0/0.00
2025-10-07 18:55:59 INFO [HB] active    | dayR=0.00R open=0 tradesToday=0 bars=0 | arms=trend 0/0.00, breakout 0/0.00
2025-10-07 18:56:00 INFO [HB] active    | dayR=0.00R open=0 tradesToday=0 bars=0 | arms=trend 0/0.00, breakout 0/0.00
2025-10-07 18:56:01 INFO [HB] active    | dayR=0.00R open=0 tradesToday=0 bars=0 | arms=trend 0/0.00, breakout 0/0.00
2025-10-07 18:56:01 INFO [HB] active    | dayR=0.00R open=0 tradesToday=0 bars=0 | arms=trend 0/0.00, breakout 0/0.00
2025-10-07 18:56:02 INFO [HB] active    | dayR=0.00R open=0 tradesToday=0 bars=0 | arms=trend 0/0.00, breakout 0/0.00
2025-10-07 18:56:02 INFO [HB] active    | dayR=0.00R open=0 tradesToday=0 bars=0 | arms=trend 0/0.00, breakout 0/0.00
2025-10-07 18:56:03 INFO [HB] active    | dayR=0.00R open=0 tradesToday=0 bars=0 | arms=trend 0/0.00, breakout 0/0.00
2025-10-07 18:56:03 INFO [HB] active    | dayR=0.00R open=0 tradesToday=0 bars=0 | arms=trend 0/0.00, breakout 0/0.00
2025-10-07 18:56:04 INFO [HB] active    | dayR=0.00R open=0 tradesToday=0 bars=0 | arms=trend 0/0.00, breakout 0/0.00
2025-10-07 18:56:04 INFO [HB] active    | dayR=0.00R open=0 tradesToday=0 bars=0 | arms=trend 0/0.00, breakout 0/0.00
2025-10-07 18:56:05 INFO [HB] active    | dayR=0.00R open=0 tradesToday=0 bars=0 | arms=trend 0/0.00, breakout 0/0.00
2025-10-07 18:56:05 INFO [HB] active    | dayR=0.00R open=0 tradesToday=0 bars=0 | arms=trend 0/0.00, breakout 0/0.00
2025-10-07 18:56:06 INFO [HB] active    | dayR=0.00R open=0 tradesToday=0 bars=0 | arms=trend 0/0.00, breakout 0/0.00
2025-10-07 18:56:06 INFO [HB] active    | dayR=0.00R open=0 tradesToday=0 bars=0 | arms=trend 0/0.00, breakout 0/0.00
2025-10-07 18:56:07 INFO [HB] active    | dayR=0.00R open=0 tradesToday=0 bars=0 | arms=trend 0/0.00, breakout 0/0.00
2025-10-07 18:56:07 INFO [HB] active    | dayR=0.00R open=0 tradesToday=0 bars=0 | arms=trend 0/0.00, breakout 0/0.00
2025-10-07 18:56:08 INFO [HB] active    | dayR=0.00R open=0 tradesToday=0 bars=0 | arms=trend 0/0.00, breakout 0/0.00
2025-10-07 18:56:08 INFO [HB] active    | dayR=0.00R open=0 tradesToday=0 bars=0 | arms=trend 0/0.00, breakout 0/0.00
2025-10-07 18:56:09 INFO [HB] active    | dayR=0.00R open=0 tradesToday=0 bars=0 | arms=trend 0/0.00, breakout 0/0.00
2025-10-07 18:56:09 INFO [HB] active    | dayR=0.00R open=0 tradesToday=0 bars=0 | arms=trend 0/0.00, breakout 0/0.00
2025-10-07 18:56:10 INFO [HB] active    | dayR=0.00R open=0 tradesToday=0 bars=0 | arms=trend 0/0.00, breakout 0/0.00
2025-10-07 18:56:10 INFO [HB] active    | dayR=0.00R open=0 tradesToday=0 bars=0 | arms=trend 0/0.00, breakout 0/0.00
2025-10-07 18:56:11 INFO [HB] active    | dayR=0.00R open=0 tradesToday=0 bars=0 | arms=trend 0/0.00, breakout 0/0.00
2025-10-07 18:56:11 INFO [HB] active    | dayR=0.00R open=0 tradesToday=0 bars=0 | arms=trend 0/0.00, breakout 0/0.00
2025-10-07 18:56:12 INFO [HB] active    | dayR=0.00R open=0 tradesToday=0 bars=0 | arms=trend 0/0.00, breakout 0/0.00
2025-10-07 18:56:12 INFO [HB] active    | dayR=0.00R open=0 tradesToday=0 bars=0 | arms=trend 0/0.00, breakout 0/0.00
2025-10-07 18:56:13 INFO [HB] active    | dayR=0.00R open=0 tradesToday=0 bars=0 | arms=trend 0/0.00, breakout 0/0.00
2025-10-07 18:56:13 INFO [HB] active    | dayR=0.00R open=0 tradesToday=0 bars=0 | arms=trend 0/0.00, breakout 0/0.00
2025-10-07 18:56:14 INFO [HB] active    | dayR=0.00R open=0 tradesToday=0 bars=0 | arms=trend 0/0.00, breakout 0/0.00
2025-10-07 18:56:14 INFO [HB] active    | dayR=0.00R open=0 tradesToday=0 bars=0 | arms=trend 0/0.00, breakout 0/0.00
2025-10-07 18:56:15 INFO [HB] active    | dayR=0.00R open=0 tradesToday=0 bars=0 | arms=trend 0/0.00, breakout 0/0.00
2025-10-07 18:56:15 INFO [HB] active    | dayR=0.00R open=0 tradesToday=0 bars=0 | arms=trend 0/0.00, breakout 0/0.00
2025-10-07 18:56:16 INFO [HB] active    | dayR=0.00R open=0 tradesToday=0 bars=0 | arms=trend 0/0.00, breakout 0/0.00
2025-10-07 18:56:16 INFO [HB] active    | dayR=0.00R open=0 tradesToday=0 bars=0 | arms=trend 0/0.00, breakout 0/0.00
2025-10-07 18:56:17 INFO [HB] active    | dayR=0.00R open=0 tradesToday=0 bars=0 | arms=trend 0/0.00, breakout 0/0.00
2025-10-07 18:56:17 INFO [HB] active    | dayR=0.00R open=0 tradesToday=0 bars=0 | arms=trend 0/0.00, breakout 0/0.00
2025-10-07 18:56:18 INFO [HB] active    | dayR=0.00R open=0 tradesToday=0 bars=0 | arms=trend 0/0.00, breakout 0/0.00
2025-10-07 18:56:18 INFO [HB] active    | dayR=0.00R open=0 tradesToday=0 bars=0 | arms=trend 0/0.00, breakout 0/0.00
2025-10-07 18:56:19 INFO [HB] active    | dayR=0.00R open=0 tradesToday=0 bars=0 | arms=trend 0/0.00, breakout 0/0.00
2025-10-07 18:56:19 INFO [HB] active    | dayR=0.00R open=0 tradesToday=0 bars=0 | arms=trend 0/0.00, breakout 0/0.00
2025-10-07 18:56:20 INFO [HB] active    | dayR=0.00R open=0 tradesToday=0 bars=0 | arms=trend 0/0.00, breakout 0/0.00
2025-10-07 18:56:20 INFO [HB] active    | dayR=0.00R open=0 tradesToday=0 bars=0 | arms=trend 0/0.00, breakout 0/0.00
2025-10-07 18:56:21 INFO [HB] active    | dayR=0.00R open=0 tradesToday=0 bars=0 | arms=trend 0/0.00, breakout 0/0.00
2025-10-07 18:56:21 INFO [HB] active    | dayR=0.00R open=0 tradesToday=0 bars=0 | arms=trend 0/0.00, breakout 0/0.00
2025-10-07 18:56:22 INFO [HB] active    | dayR=0.00R open=0 tradesToday=0 bars=0 | arms=trend 0/0.00, breakout 0/0.00
2025-10-07 18:56:22 INFO [HB] active    | dayR=0.00R open=0 tradesToday=0 bars=0 | arms=trend 0/0.00, breakout 0/0.00
2025-10-07 18:56:23 INFO [HB] active    | dayR=0.00R open=0 tradesToday=0 bars=0 | arms=trend 0/0.00, breakout 0/0.00
2025-10-07 18:56:23 INFO [HB] active    | dayR=0.00R open=0 tradesToday=0 bars=0 | arms=trend 0/0.00, breakout 0/0.00
2025-10-07 18:56:24 INFO [HB] active    | dayR=0.00R open=0 tradesToday=0 bars=0 | arms=trend 0/0.00, breakout 0/0.00
2025-10-07 18:56:24 INFO [HB] active    | dayR=0.00R open=0 tradesToday=0 bars=0 | arms=trend 0/0.00, breakout 0/0.00
2025-10-07 18:56:25 INFO [HB] active    | dayR=0.00R open=0 tradesToday=0 bars=0 | arms=trend 0/0.00, breakout 0/0.00
2025-10-07 18:56:25 INFO [HB] active    | dayR=0.00R open=0 tradesToday=0 bars=0 | arms=trend 0/0.00, breakout 0/0.00
2025-10-07 18:56:26 INFO [HB] active    | dayR=0.00R open=0 tradesToday=0 bars=0 | arms=trend 0/0.00, breakout 0/0.00
2025-10-07 18:56:26 INFO [HB] active    | dayR=0.00R open=0 tradesToday=0 bars=0 | arms=trend 0/0.00, breakout 0/0.00
2025-10-07 18:56:27 INFO [HB] active    | dayR=0.00R open=0 tradesToday=0 bars=0 | arms=trend 0/0.00, breakout 0/0.00
2025-10-07 18:56:27 INFO [HB] active    | dayR=0.00R open=0 tradesToday=0 bars=0 | arms=trend 0/0.00, breakout 0/0.00
2025-10-07 18:56:28 INFO [HB] active    | dayR=0.00R open=0 tradesToday=0 bars=0 | arms=trend 0/0.00, breakout 0/0.00
2025-10-07 18:56:28 INFO [HB] active    | dayR=0.00R open=0 tradesToday=0 bars=0 | arms=trend 0/0.00, breakout 0/0.00
[2025-10-07 18:56:29] [WD] hb uptime=320s restarts=0 child_alive=True
[2025-10-07 18:56:34] [WD] hb uptime=325s restarts=0 child_alive=True
[2025-10-07 18:56:39] [WD] hb uptime=330s restarts=0 child_alive=True
[2025-10-07 18:56:44] [WD] hb uptime=335s restarts=0 child_alive=True
[2025-10-07 18:56:49] [WD] hb uptime=340s restarts=0 child_alive=True
[2025-10-07 18:56:54] [WD] hb uptime=345s restarts=0 child_alive=True
2025-10-07 18:56:29 INFO [HB] active    | dayR=0.00R open=0 tradesToday=0 bars=0 | arms=trend 0/0.00, breakout 0/0.00
2025-10-07 18:56:29 INFO [HB] active    | dayR=0.00R open=0 tradesToday=0 bars=0 | arms=trend 0/0.00, breakout 0/0.00
2025-10-07 18:56:30 INFO [HB] active    | dayR=0.00R open=0 tradesToday=0 bars=0 | arms=trend 0/0.00, breakout 0/0.00
2025-10-07 18:56:30 INFO [HB] active    | dayR=0.00R open=0 tradesToday=0 bars=0 | arms=trend 0/0.00, breakout 0/0.00
2025-10-07 18:56:31 INFO [HB] active    | dayR=0.00R open=0 tradesToday=0 bars=0 | arms=trend 0/0.00, breakout 0/0.00
2025-10-07 18:56:31 INFO [HB] active    | dayR=0.00R open=0 tradesToday=0 bars=0 | arms=trend 0/0.00, breakout 0/0.00
2025-10-07 18:56:32 INFO [HB] active    | dayR=0.00R open=0 tradesToday=0 bars=0 | arms=trend 0/0.00, breakout 0/0.00
2025-10-07 18:56:32 INFO [HB] active    | dayR=0.00R open=0 tradesToday=0 bars=0 | arms=trend 0/0.00, breakout 0/0.00
2025-10-07 18:56:33 INFO [HB] active    | dayR=0.00R open=0 tradesToday=0 bars=0 | arms=trend 0/0.00, breakout 0/0.00
2025-10-07 18:56:33 INFO [HB] active    | dayR=0.00R open=0 tradesToday=0 bars=0 | arms=trend 0/0.00, breakout 0/0.00
2025-10-07 18:56:34 INFO [HB] active    | dayR=0.00R open=0 tradesToday=0 bars=0 | arms=trend 0/0.00, breakout 0/0.00
2025-10-07 18:56:34 INFO [HB] active    | dayR=0.00R open=0 tradesToday=0 bars=0 | arms=trend 0/0.00, breakout 0/0.00
2025-10-07 18:56:35 INFO [HB] active    | dayR=0.00R open=0 tradesToday=0 bars=0 | arms=trend 0/0.00, breakout 0/0.00
2025-10-07 18:56:35 INFO [HB] active    | dayR=0.00R open=0 tradesToday=0 bars=0 | arms=trend 0/0.00, breakout 0/0.00
2025-10-07 18:56:36 INFO [HB] active    | dayR=0.00R open=0 tradesToday=0 bars=0 | arms=trend 0/0.00, breakout 0/0.00
2025-10-07 18:56:36 INFO [HB] active    | dayR=0.00R open=0 tradesToday=0 bars=0 | arms=trend 0/0.00, breakout 0/0.00
2025-10-07 18:56:37 INFO [HB] active    | dayR=0.00R open=0 tradesToday=0 bars=0 | arms=trend 0/0.00, breakout 0/0.00
2025-10-07 18:56:37 INFO [HB] active    | dayR=0.00R open=0 tradesToday=0 bars=0 | arms=trend 0/0.00, breakout 0/0.00
2025-10-07 18:56:38 INFO [HB] active    | dayR=0.00R open=0 tradesToday=0 bars=0 | arms=trend 0/0.00, breakout 0/0.00
2025-10-07 18:56:38 INFO [HB] active    | dayR=0.00R open=0 tradesToday=0 bars=0 | arms=trend 0/0.00, breakout 0/0.00
2025-10-07 18:56:39 INFO [HB] active    | dayR=0.00R open=0 tradesToday=0 bars=0 | arms=trend 0/0.00, breakout 0/0.00
2025-10-07 18:56:39 INFO [HB] active    | dayR=0.00R open=0 tradesToday=0 bars=0 | arms=trend 0/0.00, breakout 0/0.00
2025-10-07 18:56:40 INFO [HB] active    | dayR=0.00R open=0 tradesToday=0 bars=0 | arms=trend 0/0.00, breakout 0/0.00
2025-10-07 18:56:40 INFO [HB] active    | dayR=0.00R open=0 tradesToday=0 bars=0 | arms=trend 0/0.00, breakout 0/0.00
2025-10-07 18:56:41 INFO [HB] active    | dayR=0.00R open=0 tradesToday=0 bars=0 | arms=trend 0/0.00, breakout 0/0.00
2025-10-07 18:56:41 INFO [HB] active    | dayR=0.00R open=0 tradesToday=0 bars=0 | arms=trend 0/0.00, breakout 0/0.00
2025-10-07 18:56:42 INFO [HB] active    | dayR=0.00R open=0 tradesToday=0 bars=0 | arms=trend 0/0.00, breakout 0/0.00
2025-10-07 18:56:42 INFO [HB] active    | dayR=0.00R open=0 tradesToday=0 bars=0 | arms=trend 0/0.00, breakout 0/0.00
2025-10-07 18:56:43 INFO [HB] active    | dayR=0.00R open=0 tradesToday=0 bars=0 | arms=trend 0/0.00, breakout 0/0.00
2025-10-07 18:56:43 INFO [HB] active    | dayR=0.00R open=0 tradesToday=0 bars=0 | arms=trend 0/0.00, breakout 0/0.00
2025-10-07 18:56:44 INFO [HB] active    | dayR=0.00R open=0 tradesToday=0 bars=0 | arms=trend 0/0.00, breakout 0/0.00
2025-10-07 18:56:44 INFO [HB] active    | dayR=0.00R open=0 tradesToday=0 bars=0 | arms=trend 0/0.00, breakout 0/0.00
2025-10-07 18:56:45 INFO [HB] active    | dayR=0.00R open=0 tradesToday=0 bars=0 | arms=trend 0/0.00, breakout 0/0.00
2025-10-07 18:56:45 INFO [HB] active    | dayR=0.00R open=0 tradesToday=0 bars=0 | arms=trend 0/0.00, breakout 0/0.00
2025-10-07 18:56:46 INFO [HB] active    | dayR=0.00R open=0 tradesToday=0 bars=0 | arms=trend 0/0.00, breakout 0/0.00
2025-10-07 18:56:46 INFO [HB] active    | dayR=0.00R open=0 tradesToday=0 bars=0 | arms=trend 0/0.00, breakout 0/0.00
2025-10-07 18:56:47 INFO [HB] active    | dayR=0.00R open=0 tradesToday=0 bars=0 | arms=trend 0/0.00, breakout 0/0.00
2025-10-07 18:56:47 INFO [HB] active    | dayR=0.00R open=0 tradesToday=0 bars=0 | arms=trend 0/0.00, breakout 0/0.00
2025-10-07 18:56:48 INFO [HB] active    | dayR=0.00R open=0 tradesToday=0 bars=0 | arms=trend 0/0.00, breakout 0/0.00
2025-10-07 18:56:48 INFO [HB] active    | dayR=0.00R open=0 tradesToday=0 bars=0 | arms=trend 0/0.00, breakout 0/0.00
2025-10-07 18:56:49 INFO [HB] active    | dayR=0.00R open=0 tradesToday=0 bars=0 | arms=trend 0/0.00, breakout 0/0.00
2025-10-07 18:56:49 INFO [HB] active    | dayR=0.00R open=0 tradesToday=0 bars=0 | arms=trend 0/0.00, breakout 0/0.00
2025-10-07 18:56:50 INFO [HB] active    | dayR=0.00R open=0 tradesToday=0 bars=0 | arms=trend 0/0.00, breakout 0/0.00
2025-10-07 18:56:50 INFO [HB] active    | dayR=0.00R open=0 tradesToday=0 bars=0 | arms=trend 0/0.00, breakout 0/0.00
2025-10-07 18:56:51 INFO [HB] active    | dayR=0.00R open=0 tradesToday=0 bars=0 | arms=trend 0/0.00, breakout 0/0.00
2025-10-07 18:56:51 INFO [HB] active    | dayR=0.00R open=0 tradesToday=0 bars=0 | arms=trend 0/0.00, breakout 0/0.00
2025-10-07 18:56:52 INFO [HB] active    | dayR=0.00R open=0 tradesToday=0 bars=0 | arms=trend 0/0.00, breakout 0/0.00
2025-10-07 18:56:52 INFO [HB] active    | dayR=0.00R open=0 tradesToday=0 bars=0 | arms=trend 0/0.00, breakout 0/0.00
2025-10-07 18:56:53 INFO [HB] active    | dayR=0.00R open=0 tradesToday=0 bars=0 | arms=trend 0/0.00, breakout 0/0.00
2025-10-07 18:56:53 INFO [HB] active    | dayR=0.00R open=0 tradesToday=0 bars=0 | arms=trend 0/0.00, breakout 0/0.00
2025-10-07 18:56:54 INFO [HB] active    | dayR=0.00R open=0 tradesToday=0 bars=0 | arms=trend 0/0.00, breakout 0/0.00
2025-10-07 18:56:54 INFO [HB] active    | dayR=0.00R open=0 tradesToday=0 bars=0 | arms=trend 0/0.00, breakout 0/0.00
2025-10-07 18:56:55 INFO [HB] active    | dayR=0.00R open=0 tradesToday=0 bars=0 | arms=trend 0/0.00, breakout 0/0.00
2025-10-07 18:56:55 INFO [HB] active    | dayR=0.00R open=0 tradesToday=0 bars=0 | arms=trend 0/0.00, breakout 0/0.00
