
[2025-10-08 08:49:05] CMD: C:\Users\owner\AppData\Local\Programs\Python\Python313\python.exe -X faulthandler -u C:\Users\owner\Desktop\es_futures_backtester\paper_trader.py C:\Users\owner\AppData\Local\Programs\Python\Python313\python.exe -X faulthandler -u .\paper_trader.py --host 127.0.0.1 --port 7497 --clientId 111 --symbol ES --auto-front-month --entry-slippage-ticks 2 --atomic-bracket --qty 1 --risk-ticks 12 --tick-size 0.25 --tp-R 1.0 --enable-arms trend,breakout --gate-adx 19 --gate-bbbw 0.00020 --gate-atrp 0.000055 --min-hold-sec 60 --breakeven-after-R 2.2 --trail-atr-mult 3.2 --trail-delay-sec 240 --trail-on-bar-close --max-trades-per-day 12 --day-loss-cap-R 3 --strategy-cooldown-sec 150 --trade-start-ct 00:00 --trade-end-ct 23:59 --tif GTC --outsideRth --require-new-bar-after-start --startup-delay-sec 10 --debounce-one-bar --duration "1 D" --connect-timeout-sec 300 --timeout-sec 300 --chooser bandit_hybrid --bandit ucb --bandit-state .\data\learn\bandit_state.json --learn-log --learn-log-dir .\logs\learn -v --place-orders --place-orders
[2025-10-08 08:49:10] [WD] hb uptime=5s restarts=0 child_alive=True
[2025-10-08 08:49:15] [WD] hb uptime=10s restarts=0 child_alive=True
[2025-10-08 08:49:20] [WD] hb uptime=15s restarts=0 child_alive=True
[2025-10-08 08:49:25] [WD] hb uptime=20s restarts=0 child_alive=True
[2025-10-08 08:49:30] [WD] hb uptime=25s restarts=0 child_alive=True
[2025-10-08 08:49:35] [WD] hb uptime=30s restarts=0 child_alive=True
[2025-10-08 08:49:40] [WD] hb uptime=35s restarts=0 child_alive=True
[2025-10-08 08:49:45] [WD] hb uptime=40s restarts=0 child_alive=True
[CLI] Ignoring unknown args: ['C:\\Users\\owner\\AppData\\Local\\Programs\\Python\\Python313\\python.exe', '-X', 'faulthandler', '-u', '.\\paper_trader.py']
Starting ES paper bot...
[CONNECT] 127.0.0.1:7497 clientId=111
Connected
[MD] Market data type set to LIVE (1)
[CONTRACT] Auto-picked ESZ5 conId=495512563 expiry=20251219
Error 321, reqId 3604: Error validating request.-'bM' : cause - Historical data request for durations longer than 12 months must be made in years., contract: Contract(secType='FUT', conId=495512563, symbol='ES', lastTradeDateOrContractMonth='20251219', multiplier='50', exchange='CME', currency='USD', localSymbol='ESZ5', tradingClass='ES')
[BOOT] Hist seed: 0 bars
2025-10-08 08:49:15 INFO [HB] active    | dayR=0.00R open=0 tradesToday=0 bars=0 | arms=trend 0/0.00, breakout 0/0.00
2025-10-08 08:49:16 INFO [HB] active    | dayR=0.00R open=0 tradesToday=0 bars=0 | arms=trend 0/0.00, breakout 0/0.00
2025-10-08 08:49:16 INFO [HB] active    | dayR=0.00R open=0 tradesToday=0 bars=0 | arms=trend 0/0.00, breakout 0/0.00
2025-10-08 08:49:17 INFO [HB] active    | dayR=0.00R open=0 tradesToday=0 bars=0 | arms=trend 0/0.00, breakout 0/0.00
2025-10-08 08:49:17 INFO [HB] active    | dayR=0.00R open=0 tradesToday=0 bars=0 | arms=trend 0/0.00, breakout 0/0.00
2025-10-08 08:49:18 INFO [HB] active    | dayR=0.00R open=0 tradesToday=0 bars=0 | arms=trend 0/0.00, breakout 0/0.00
2025-10-08 08:49:18 INFO [HB] active    | dayR=0.00R open=0 tradesToday=0 bars=0 | arms=trend 0/0.00, breakout 0/0.00
2025-10-08 08:49:19 INFO [HB] active    | dayR=0.00R open=0 tradesToday=0 bars=0 | arms=trend 0/0.00, breakout 0/0.00
2025-10-08 08:49:19 INFO [HB] active    | dayR=0.00R open=0 tradesToday=0 bars=0 | arms=trend 0/0.00, breakout 0/0.00
2025-10-08 08:49:20 INFO [HB] active    | dayR=0.00R open=0 tradesToday=0 bars=0 | arms=trend 0/0.00, breakout 0/0.00
2025-10-08 08:49:20 INFO [HB] active    | dayR=0.00R open=0 tradesToday=0 bars=0 | arms=trend 0/0.00, breakout 0/0.00
2025-10-08 08:49:21 INFO [HB] active    | dayR=0.00R open=0 tradesToday=0 bars=0 | arms=trend 0/0.00, breakout 0/0.00
2025-10-08 08:49:21 INFO [HB] active    | dayR=0.00R open=0 tradesToday=0 bars=0 | arms=trend 0/0.00, breakout 0/0.00
2025-10-08 08:49:22 INFO [HB] active    | dayR=0.00R open=0 tradesToday=0 bars=0 | arms=trend 0/0.00, breakout 0/0.00
2025-10-08 08:49:22 INFO [HB] active    | dayR=0.00R open=0 tradesToday=0 bars=0 | arms=trend 0/0.00, breakout 0/0.00
2025-10-08 08:49:23 INFO [HB] active    | dayR=0.00R open=0 tradesToday=0 bars=0 | arms=trend 0/0.00, breakout 0/0.00
2025-10-08 08:49:23 INFO [HB] active    | dayR=0.00R open=0 tradesToday=0 bars=0 | arms=trend 0/0.00, breakout 0/0.00
2025-10-08 08:49:24 INFO [HB] active    | dayR=0.00R open=0 tradesToday=0 bars=0 | arms=trend 0/0.00, breakout 0/0.00
2025-10-08 08:49:24 INFO [HB] active    | dayR=0.00R open=0 tradesToday=0 bars=0 | arms=trend 0/0.00, breakout 0/0.00
2025-10-08 08:49:25 INFO [HB] active    | dayR=0.00R open=0 tradesToday=0 bars=0 | arms=trend 0/0.00, breakout 0/0.00
[MD] Switched to DELAYED (3) market data (no live bars arrived).
2025-10-08 08:49:25 INFO [HB] active    | dayR=0.00R open=0 tradesToday=0 bars=0 | arms=trend 0/0.00, breakout 0/0.00
2025-10-08 08:49:26 INFO [HB] active    | dayR=0.00R open=0 tradesToday=0 bars=0 | arms=trend 0/0.00, breakout 0/0.00
2025-10-08 08:49:26 INFO [HB] active    | dayR=0.00R open=0 tradesToday=0 bars=0 | arms=trend 0/0.00, breakout 0/0.00
2025-10-08 08:49:27 INFO [HB] active    | dayR=0.00R open=0 tradesToday=0 bars=0 | arms=trend 0/0.00, breakout 0/0.00
2025-10-08 08:49:27 INFO [HB] active    | dayR=0.00R open=0 tradesToday=0 bars=0 | arms=trend 0/0.00, breakout 0/0.00
2025-10-08 08:49:28 INFO [HB] active    | dayR=0.00R open=0 tradesToday=0 bars=0 | arms=trend 0/0.00, breakout 0/0.00
2025-10-08 08:49:28 INFO [HB] active    | dayR=0.00R open=0 tradesToday=0 bars=0 | arms=trend 0/0.00, breakout 0/0.00
2025-10-08 08:49:29 INFO [HB] active    | dayR=0.00R open=0 tradesToday=0 bars=0 | arms=trend 0/0.00, breakout 0/0.00
2025-10-08 08:49:29 INFO [HB] active    | dayR=0.00R open=0 tradesToday=0 bars=0 | arms=trend 0/0.00, breakout 0/0.00
2025-10-08 08:49:30 INFO [HB] active    | dayR=0.00R open=0 tradesToday=0 bars=0 | arms=trend 0/0.00, breakout 0/0.00
2025-10-08 08:49:30 INFO [HB] active    | dayR=0.00R open=0 tradesToday=0 bars=0 | arms=trend 0/0.00, breakout 0/0.00
2025-10-08 08:49:31 INFO [HB] active    | dayR=0.00R open=0 tradesToday=0 bars=0 | arms=trend 0/0.00, breakout 0/0.00
2025-10-08 08:49:31 INFO [HB] active    | dayR=0.00R open=0 tradesToday=0 bars=0 | arms=trend 0/0.00, breakout 0/0.00
2025-10-08 08:49:32 INFO [HB] active    | dayR=0.00R open=0 tradesToday=0 bars=0 | arms=trend 0/0.00, breakout 0/0.00
2025-10-08 08:49:32 INFO [HB] active    | dayR=0.00R open=0 tradesToday=0 bars=0 | arms=trend 0/0.00, breakout 0/0.00
2025-10-08 08:49:33 INFO [HB] active    | dayR=0.00R open=0 tradesToday=0 bars=0 | arms=trend 0/0.00, breakout 0/0.00
2025-10-08 08:49:33 INFO [HB] active    | dayR=0.00R open=0 tradesToday=0 bars=0 | arms=trend 0/0.00, breakout 0/0.00
2025-10-08 08:49:34 INFO [HB] active    | dayR=0.00R open=0 tradesToday=0 bars=0 | arms=trend 0/0.00, breakout 0/0.00
2025-10-08 08:49:34 INFO [HB] active    | dayR=0.00R open=0 tradesToday=0 bars=0 | arms=trend 0/0.00, breakout 0/0.00
2025-10-08 08:49:35 INFO [HB] active    | dayR=0.00R open=0 tradesToday=0 bars=0 | arms=trend 0/0.00, breakout 0/0.00
2025-10-08 08:49:35 INFO [HB] active    | dayR=0.00R open=0 tradesToday=0 bars=0 | arms=trend 0/0.00, breakout 0/0.00
2025-10-08 08:49:36 INFO [HB] active    | dayR=0.00R open=0 tradesToday=0 bars=0 | arms=trend 0/0.00, breakout 0/0.00
2025-10-08 08:49:36 INFO [HB] active    | dayR=0.00R open=0 tradesToday=0 bars=0 | arms=trend 0/0.00, breakout 0/0.00
2025-10-08 08:49:37 INFO [HB] active    | dayR=0.00R open=0 tradesToday=0 bars=0 | arms=trend 0/0.00, breakout 0/0.00
2025-10-08 08:49:37 INFO [HB] active    | dayR=0.00R open=0 tradesToday=0 bars=0 | arms=trend 0/0.00, breakout 0/0.00
2025-10-08 08:49:38 INFO [HB] active    | dayR=0.00R open=0 tradesToday=0 bars=0 | arms=trend 0/0.00, breakout 0/0.00
2025-10-08 08:49:38 INFO [HB] active    | dayR=0.00R open=0 tradesToday=0 bars=0 | arms=trend 0/0.00, breakout 0/0.00
2025-10-08 08:49:39 INFO [HB] active    | dayR=0.00R open=0 tradesToday=0 bars=0 | arms=trend 0/0.00, breakout 0/0.00
2025-10-08 08:49:39 INFO [HB] active    | dayR=0.00R open=0 tradesToday=0 bars=0 | arms=trend 0/0.00, breakout 0/0.00
2025-10-08 08:49:40 INFO [HB] active    | dayR=0.00R open=0 tradesToday=0 bars=0 | arms=trend 0/0.00, breakout 0/0.00
2025-10-08 08:49:40 INFO [HB] active    | dayR=0.00R open=0 tradesToday=0 bars=0 | arms=trend 0/0.00, breakout 0/0.00
2025-10-08 08:49:41 INFO [HB] active    | dayR=0.00R open=0 tradesToday=0 bars=0 | arms=trend 0/0.00, breakout 0/0.00
2025-10-08 08:49:41 INFO [HB] active    | dayR=0.00R open=0 tradesToday=0 bars=0 | arms=trend 0/0.00, breakout 0/0.00
2025-10-08 08:49:42 INFO [HB] active    | dayR=0.00R open=0 tradesToday=0 bars=0 | arms=trend 0/0.00, breakout 0/0.00
2025-10-08 08:49:42 INFO [HB] active    | dayR=0.00R open=0 tradesToday=0 bars=0 | arms=trend 0/0.00, breakout 0/0.00
2025-10-08 08:49:43 INFO [HB] active    | dayR=0.00R open=0 tradesToday=0 bars=0 | arms=trend 0/0.00, breakout 0/0.00
2025-10-08 08:49:43 INFO [HB] active    | dayR=0.00R open=0 tradesToday=0 bars=0 | arms=trend 0/0.00, breakout 0/0.00
2025-10-08 08:49:44 INFO [HB] active    | dayR=0.00R open=0 tradesToday=0 bars=0 | arms=trend 0/0.00, breakout 0/0.00
2025-10-08 08:49:44 INFO [HB] active    | dayR=0.00R open=0 tradesToday=0 bars=0 | arms=trend 0/0.00, breakout 0/0.00
2025-10-08 08:49:45 INFO [HB] active    | dayR=0.00R open=0 tradesToday=0 bars=0 | arms=trend 0/0.00, breakout 0/0.00
2025-10-08 08:49:45 INFO [HB] active    | dayR=0.00R open=0 tradesToday=0 bars=0 | arms=trend 0/0.00, breakout 0/0.00
2025-10-08 08:49:46 INFO [HB] active    | dayR=0.00R open=0 tradesToday=0 bars=0 | arms=trend 0/0.00, breakout 0/0.00
2025-10-08 08:49:46 INFO [HB] active    | dayR=0.00R open=0 tradesToday=0 bars=0 | arms=trend 0/0.00, breakout 0/0.00
[2025-10-08 08:49:50] [WD] hb uptime=45s restarts=0 child_alive=True
[2025-10-08 08:49:55] [WD] hb uptime=50s restarts=0 child_alive=True
[2025-10-08 08:50:00] [WD] hb uptime=55s restarts=0 child_alive=True
[2025-10-08 08:50:05] [WD] hb uptime=60s restarts=0 child_alive=True
[2025-10-08 08:50:10] [WD] hb uptime=65s restarts=0 child_alive=True
[2025-10-08 08:50:15] [WD] hb uptime=70s restarts=0 child_alive=True
[2025-10-08 08:50:20] [WD] hb uptime=75s restarts=0 child_alive=True
2025-10-08 08:49:47 INFO [HB] active    | dayR=0.00R open=0 tradesToday=0 bars=0 | arms=trend 0/0.00, breakout 0/0.00
2025-10-08 08:49:47 INFO [HB] active    | dayR=0.00R open=0 tradesToday=0 bars=0 | arms=trend 0/0.00, breakout 0/0.00
2025-10-08 08:49:48 INFO [HB] active    | dayR=0.00R open=0 tradesToday=0 bars=0 | arms=trend 0/0.00, breakout 0/0.00
2025-10-08 08:49:48 INFO [HB] active    | dayR=0.00R open=0 tradesToday=0 bars=0 | arms=trend 0/0.00, breakout 0/0.00
2025-10-08 08:49:49 INFO [HB] active    | dayR=0.00R open=0 tradesToday=0 bars=0 | arms=trend 0/0.00, breakout 0/0.00
2025-10-08 08:49:49 INFO [HB] active    | dayR=0.00R open=0 tradesToday=0 bars=0 | arms=trend 0/0.00, breakout 0/0.00
2025-10-08 08:49:50 INFO [HB] active    | dayR=0.00R open=0 tradesToday=0 bars=0 | arms=trend 0/0.00, breakout 0/0.00
2025-10-08 08:49:50 INFO [HB] active    | dayR=0.00R open=0 tradesToday=0 bars=0 | arms=trend 0/0.00, breakout 0/0.00
2025-10-08 08:49:51 INFO [HB] active    | dayR=0.00R open=0 tradesToday=0 bars=0 | arms=trend 0/0.00, breakout 0/0.00
2025-10-08 08:49:51 INFO [HB] active    | dayR=0.00R open=0 tradesToday=0 bars=0 | arms=trend 0/0.00, breakout 0/0.00
2025-10-08 08:49:52 INFO [HB] active    | dayR=0.00R open=0 tradesToday=0 bars=0 | arms=trend 0/0.00, breakout 0/0.00
2025-10-08 08:49:52 INFO [HB] active    | dayR=0.00R open=0 tradesToday=0 bars=0 | arms=trend 0/0.00, breakout 0/0.00
2025-10-08 08:49:53 INFO [HB] active    | dayR=0.00R open=0 tradesToday=0 bars=0 | arms=trend 0/0.00, breakout 0/0.00
2025-10-08 08:49:53 INFO [HB] active    | dayR=0.00R open=0 tradesToday=0 bars=0 | arms=trend 0/0.00, breakout 0/0.00
2025-10-08 08:49:54 INFO [HB] active    | dayR=0.00R open=0 tradesToday=0 bars=0 | arms=trend 0/0.00, breakout 0/0.00
2025-10-08 08:49:54 INFO [HB] active    | dayR=0.00R open=0 tradesToday=0 bars=0 | arms=trend 0/0.00, breakout 0/0.00
2025-10-08 08:49:55 INFO [HB] active    | dayR=0.00R open=0 tradesToday=0 bars=0 | arms=trend 0/0.00, breakout 0/0.00
2025-10-08 08:49:55 INFO [HB] active    | dayR=0.00R open=0 tradesToday=0 bars=0 | arms=trend 0/0.00, breakout 0/0.00
2025-10-08 08:49:56 INFO [HB] active    | dayR=0.00R open=0 tradesToday=0 bars=0 | arms=trend 0/0.00, breakout 0/0.00
2025-10-08 08:49:56 INFO [HB] active    | dayR=0.00R open=0 tradesToday=0 bars=0 | arms=trend 0/0.00, breakout 0/0.00
2025-10-08 08:49:57 INFO [HB] active    | dayR=0.00R open=0 tradesToday=0 bars=0 | arms=trend 0/0.00, breakout 0/0.00
2025-10-08 08:49:57 INFO [HB] active    | dayR=0.00R open=0 tradesToday=0 bars=0 | arms=trend 0/0.00, breakout 0/0.00
2025-10-08 08:49:58 INFO [HB] active    | dayR=0.00R open=0 tradesToday=0 bars=0 | arms=trend 0/0.00, breakout 0/0.00
2025-10-08 08:49:58 INFO [HB] active    | dayR=0.00R open=0 tradesToday=0 bars=0 | arms=trend 0/0.00, breakout 0/0.00
2025-10-08 08:49:59 INFO [HB] active    | dayR=0.00R open=0 tradesToday=0 bars=0 | arms=trend 0/0.00, breakout 0/0.00
2025-10-08 08:49:59 INFO [HB] active    | dayR=0.00R open=0 tradesToday=0 bars=0 | arms=trend 0/0.00, breakout 0/0.00
2025-10-08 08:50:00 INFO [HB] active    | dayR=0.00R open=0 tradesToday=0 bars=0 | arms=trend 0/0.00, breakout 0/0.00
2025-10-08 08:50:00 INFO [HB] active    | dayR=0.00R open=0 tradesToday=0 bars=0 | arms=trend 0/0.00, breakout 0/0.00
2025-10-08 08:50:01 INFO [HB] active    | dayR=0.00R open=0 tradesToday=0 bars=0 | arms=trend 0/0.00, breakout 0/0.00
2025-10-08 08:50:01 INFO [HB] active    | dayR=0.00R open=0 tradesToday=0 bars=0 | arms=trend 0/0.00, breakout 0/0.00
2025-10-08 08:50:02 INFO [HB] active    | dayR=0.00R open=0 tradesToday=0 bars=0 | arms=trend 0/0.00, breakout 0/0.00
2025-10-08 08:50:02 INFO [HB] active    | dayR=0.00R open=0 tradesToday=0 bars=0 | arms=trend 0/0.00, breakout 0/0.00
2025-10-08 08:50:03 INFO [HB] active    | dayR=0.00R open=0 tradesToday=0 bars=0 | arms=trend 0/0.00, breakout 0/0.00
2025-10-08 08:50:03 INFO [HB] active    | dayR=0.00R open=0 tradesToday=0 bars=0 | arms=trend 0/0.00, breakout 0/0.00
2025-10-08 08:50:04 INFO [HB] active    | dayR=0.00R open=0 tradesToday=0 bars=0 | arms=trend 0/0.00, breakout 0/0.00
2025-10-08 08:50:04 INFO [HB] active    | dayR=0.00R open=0 tradesToday=0 bars=0 | arms=trend 0/0.00, breakout 0/0.00
2025-10-08 08:50:05 INFO [HB] active    | dayR=0.00R open=0 tradesToday=0 bars=0 | arms=trend 0/0.00, breakout 0/0.00
2025-10-08 08:50:05 INFO [HB] active    | dayR=0.00R open=0 tradesToday=0 bars=0 | arms=trend 0/0.00, breakout 0/0.00
2025-10-08 08:50:06 INFO [HB] active    | dayR=0.00R open=0 tradesToday=0 bars=0 | arms=trend 0/0.00, breakout 0/0.00
2025-10-08 08:50:06 INFO [HB] active    | dayR=0.00R open=0 tradesToday=0 bars=0 | arms=trend 0/0.00, breakout 0/0.00
2025-10-08 08:50:07 INFO [HB] active    | dayR=0.00R open=0 tradesToday=0 bars=0 | arms=trend 0/0.00, breakout 0/0.00
2025-10-08 08:50:07 INFO [HB] active    | dayR=0.00R open=0 tradesToday=0 bars=0 | arms=trend 0/0.00, breakout 0/0.00
2025-10-08 08:50:08 INFO [HB] active    | dayR=0.00R open=0 tradesToday=0 bars=0 | arms=trend 0/0.00, breakout 0/0.00
2025-10-08 08:50:08 INFO [HB] active    | dayR=0.00R open=0 tradesToday=0 bars=0 | arms=trend 0/0.00, breakout 0/0.00
2025-10-08 08:50:09 INFO [HB] active    | dayR=0.00R open=0 tradesToday=0 bars=0 | arms=trend 0/0.00, breakout 0/0.00
2025-10-08 08:50:09 INFO [HB] active    | dayR=0.00R open=0 tradesToday=0 bars=0 | arms=trend 0/0.00, breakout 0/0.00
2025-10-08 08:50:10 INFO [HB] active    | dayR=0.00R open=0 tradesToday=0 bars=0 | arms=trend 0/0.00, breakout 0/0.00
2025-10-08 08:50:10 INFO [HB] active    | dayR=0.00R open=0 tradesToday=0 bars=0 | arms=trend 0/0.00, breakout 0/0.00
2025-10-08 08:50:11 INFO [HB] active    | dayR=0.00R open=0 tradesToday=0 bars=0 | arms=trend 0/0.00, breakout 0/0.00
2025-10-08 08:50:11 INFO [HB] active    | dayR=0.00R open=0 tradesToday=0 bars=0 | arms=trend 0/0.00, breakout 0/0.00
2025-10-08 08:50:12 INFO [HB] active    | dayR=0.00R open=0 tradesToday=0 bars=0 | arms=trend 0/0.00, breakout 0/0.00
2025-10-08 08:50:12 INFO [HB] active    | dayR=0.00R open=0 tradesToday=0 bars=0 | arms=trend 0/0.00, breakout 0/0.00
2025-10-08 08:50:13 INFO [HB] active    | dayR=0.00R open=0 tradesToday=0 bars=0 | arms=trend 0/0.00, breakout 0/0.00
2025-10-08 08:50:13 INFO [HB] active    | dayR=0.00R open=0 tradesToday=0 bars=0 | arms=trend 0/0.00, breakout 0/0.00
2025-10-08 08:50:14 INFO [HB] active    | dayR=0.00R open=0 tradesToday=0 bars=0 | arms=trend 0/0.00, breakout 0/0.00
2025-10-08 08:50:14 INFO [HB] active    | dayR=0.00R open=0 tradesToday=0 bars=0 | arms=trend 0/0.00, breakout 0/0.00
2025-10-08 08:50:15 INFO [HB] active    | dayR=0.00R open=0 tradesToday=0 bars=0 | arms=trend 0/0.00, breakout 0/0.00
2025-10-08 08:50:15 INFO [HB] active    | dayR=0.00R open=0 tradesToday=0 bars=0 | arms=trend 0/0.00, breakout 0/0.00
2025-10-08 08:50:16 INFO [HB] active    | dayR=0.00R open=0 tradesToday=0 bars=0 | arms=trend 0/0.00, breakout 0/0.00
2025-10-08 08:50:16 INFO [HB] active    | dayR=0.00R open=0 tradesToday=0 bars=0 | arms=trend 0/0.00, breakout 0/0.00
2025-10-08 08:50:17 INFO [HB] active    | dayR=0.00R open=0 tradesToday=0 bars=0 | arms=trend 0/0.00, breakout 0/0.00
2025-10-08 08:50:17 INFO [HB] active    | dayR=0.00R open=0 tradesToday=0 bars=0 | arms=trend 0/0.00, breakout 0/0.00
2025-10-08 08:50:18 INFO [HB] active    | dayR=0.00R open=0 tradesToday=0 bars=0 | arms=trend 0/0.00, breakout 0/0.00
2025-10-08 08:50:18 INFO [HB] active    | dayR=0.00R open=0 tradesToday=0 bars=0 | arms=trend 0/0.00, breakout 0/0.00
2025-10-08 08:50:19 INFO [HB] active    | dayR=0.00R open=0 tradesToday=0 bars=0 | arms=trend 0/0.00, breakout 0/0.00
2025-10-08 08:50:19 INFO [HB] active    | dayR=0.00R open=0 tradesToday=0 bars=0 | arms=trend 0/0.00, breakout 0/0.00
2025-10-08 08:50:20 INFO [HB] active    | dayR=0.00R open=0 tradesToday=0 bars=0 | arms=trend 0/0.00, breakout 0/0.00
2025-10-08 08:50:20 INFO [HB] active    | dayR=0.00R open=0 tradesToday=0 bars=0 | arms=trend 0/0.00, breakout 0/0.00
2025-10-08 08:50:21 INFO [HB] active    | dayR=0.00R open=0 tradesToday=0 bars=0 | arms=trend 0/0.00, breakout 0/0.00
[2025-10-08 08:50:25] [WD] hb uptime=80s restarts=0 child_alive=True
[2025-10-08 08:50:30] [WD] hb uptime=85s restarts=0 child_alive=True
[2025-10-08 08:50:35] [WD] hb uptime=90s restarts=0 child_alive=True
[2025-10-08 08:50:40] [WD] hb uptime=95s restarts=0 child_alive=True
[2025-10-08 08:50:45] [WD] hb uptime=100s restarts=0 child_alive=True
[2025-10-08 08:50:50] [WD] hb uptime=105s restarts=0 child_alive=True
[2025-10-08 08:50:55] [WD] hb uptime=110s restarts=0 child_alive=True
2025-10-08 08:50:21 INFO [HB] active    | dayR=0.00R open=0 tradesToday=0 bars=0 | arms=trend 0/0.00, breakout 0/0.00
2025-10-08 08:50:22 INFO [HB] active    | dayR=0.00R open=0 tradesToday=0 bars=0 | arms=trend 0/0.00, breakout 0/0.00
2025-10-08 08:50:22 INFO [HB] active    | dayR=0.00R open=0 tradesToday=0 bars=0 | arms=trend 0/0.00, breakout 0/0.00
2025-10-08 08:50:23 INFO [HB] active    | dayR=0.00R open=0 tradesToday=0 bars=0 | arms=trend 0/0.00, breakout 0/0.00
2025-10-08 08:50:23 INFO [HB] active    | dayR=0.00R open=0 tradesToday=0 bars=0 | arms=trend 0/0.00, breakout 0/0.00
2025-10-08 08:50:24 INFO [HB] active    | dayR=0.00R open=0 tradesToday=0 bars=0 | arms=trend 0/0.00, breakout 0/0.00
2025-10-08 08:50:24 INFO [HB] active    | dayR=0.00R open=0 tradesToday=0 bars=0 | arms=trend 0/0.00, breakout 0/0.00
2025-10-08 08:50:25 INFO [HB] active    | dayR=0.00R open=0 tradesToday=0 bars=0 | arms=trend 0/0.00, breakout 0/0.00
2025-10-08 08:50:25 INFO [HB] active    | dayR=0.00R open=0 tradesToday=0 bars=0 | arms=trend 0/0.00, breakout 0/0.00
2025-10-08 08:50:26 INFO [HB] active    | dayR=0.00R open=0 tradesToday=0 bars=0 | arms=trend 0/0.00, breakout 0/0.00
2025-10-08 08:50:26 INFO [HB] active    | dayR=0.00R open=0 tradesToday=0 bars=0 | arms=trend 0/0.00, breakout 0/0.00
2025-10-08 08:50:27 INFO [HB] active    | dayR=0.00R open=0 tradesToday=0 bars=0 | arms=trend 0/0.00, breakout 0/0.00
2025-10-08 08:50:27 INFO [HB] active    | dayR=0.00R open=0 tradesToday=0 bars=0 | arms=trend 0/0.00, breakout 0/0.00
2025-10-08 08:50:28 INFO [HB] active    | dayR=0.00R open=0 tradesToday=0 bars=0 | arms=trend 0/0.00, breakout 0/0.00
2025-10-08 08:50:28 INFO [HB] active    | dayR=0.00R open=0 tradesToday=0 bars=0 | arms=trend 0/0.00, breakout 0/0.00
2025-10-08 08:50:29 INFO [HB] active    | dayR=0.00R open=0 tradesToday=0 bars=0 | arms=trend 0/0.00, breakout 0/0.00
2025-10-08 08:50:29 INFO [HB] active    | dayR=0.00R open=0 tradesToday=0 bars=0 | arms=trend 0/0.00, breakout 0/0.00
2025-10-08 08:50:30 INFO [HB] active    | dayR=0.00R open=0 tradesToday=0 bars=0 | arms=trend 0/0.00, breakout 0/0.00
2025-10-08 08:50:30 INFO [HB] active    | dayR=0.00R open=0 tradesToday=0 bars=0 | arms=trend 0/0.00, breakout 0/0.00
2025-10-08 08:50:31 INFO [HB] active    | dayR=0.00R open=0 tradesToday=0 bars=0 | arms=trend 0/0.00, breakout 0/0.00
2025-10-08 08:50:31 INFO [HB] active    | dayR=0.00R open=0 tradesToday=0 bars=0 | arms=trend 0/0.00, breakout 0/0.00
2025-10-08 08:50:32 INFO [HB] active    | dayR=0.00R open=0 tradesToday=0 bars=0 | arms=trend 0/0.00, breakout 0/0.00
2025-10-08 08:50:32 INFO [HB] active    | dayR=0.00R open=0 tradesToday=0 bars=0 | arms=trend 0/0.00, breakout 0/0.00
2025-10-08 08:50:33 INFO [HB] active    | dayR=0.00R open=0 tradesToday=0 bars=0 | arms=trend 0/0.00, breakout 0/0.00
2025-10-08 08:50:33 INFO [HB] active    | dayR=0.00R open=0 tradesToday=0 bars=0 | arms=trend 0/0.00, breakout 0/0.00
2025-10-08 08:50:34 INFO [HB] active    | dayR=0.00R open=0 tradesToday=0 bars=0 | arms=trend 0/0.00, breakout 0/0.00
2025-10-08 08:50:34 INFO [HB] active    | dayR=0.00R open=0 tradesToday=0 bars=0 | arms=trend 0/0.00, breakout 0/0.00
2025-10-08 08:50:35 INFO [HB] active    | dayR=0.00R open=0 tradesToday=0 bars=0 | arms=trend 0/0.00, breakout 0/0.00
2025-10-08 08:50:35 INFO [HB] active    | dayR=0.00R open=0 tradesToday=0 bars=0 | arms=trend 0/0.00, breakout 0/0.00
2025-10-08 08:50:36 INFO [HB] active    | dayR=0.00R open=0 tradesToday=0 bars=0 | arms=trend 0/0.00, breakout 0/0.00
2025-10-08 08:50:36 INFO [HB] active    | dayR=0.00R open=0 tradesToday=0 bars=0 | arms=trend 0/0.00, breakout 0/0.00
2025-10-08 08:50:37 INFO [HB] active    | dayR=0.00R open=0 tradesToday=0 bars=0 | arms=trend 0/0.00, breakout 0/0.00
2025-10-08 08:50:37 INFO [HB] active    | dayR=0.00R open=0 tradesToday=0 bars=0 | arms=trend 0/0.00, breakout 0/0.00
2025-10-08 08:50:38 INFO [HB] active    | dayR=0.00R open=0 tradesToday=0 bars=0 | arms=trend 0/0.00, breakout 0/0.00
2025-10-08 08:50:38 INFO [HB] active    | dayR=0.00R open=0 tradesToday=0 bars=0 | arms=trend 0/0.00, breakout 0/0.00
2025-10-08 08:50:39 INFO [HB] active    | dayR=0.00R open=0 tradesToday=0 bars=0 | arms=trend 0/0.00, breakout 0/0.00
2025-10-08 08:50:39 INFO [HB] active    | dayR=0.00R open=0 tradesToday=0 bars=0 | arms=trend 0/0.00, breakout 0/0.00
2025-10-08 08:50:40 INFO [HB] active    | dayR=0.00R open=0 tradesToday=0 bars=0 | arms=trend 0/0.00, breakout 0/0.00
2025-10-08 08:50:40 INFO [HB] active    | dayR=0.00R open=0 tradesToday=0 bars=0 | arms=trend 0/0.00, breakout 0/0.00
2025-10-08 08:50:41 INFO [HB] active    | dayR=0.00R open=0 tradesToday=0 bars=0 | arms=trend 0/0.00, breakout 0/0.00
2025-10-08 08:50:41 INFO [HB] active    | dayR=0.00R open=0 tradesToday=0 bars=0 | arms=trend 0/0.00, breakout 0/0.00
2025-10-08 08:50:42 INFO [HB] active    | dayR=0.00R open=0 tradesToday=0 bars=0 | arms=trend 0/0.00, breakout 0/0.00
2025-10-08 08:50:42 INFO [HB] active    | dayR=0.00R open=0 tradesToday=0 bars=0 | arms=trend 0/0.00, breakout 0/0.00
2025-10-08 08:50:43 INFO [HB] active    | dayR=0.00R open=0 tradesToday=0 bars=0 | arms=trend 0/0.00, breakout 0/0.00
2025-10-08 08:50:43 INFO [HB] active    | dayR=0.00R open=0 tradesToday=0 bars=0 | arms=trend 0/0.00, breakout 0/0.00
2025-10-08 08:50:44 INFO [HB] active    | dayR=0.00R open=0 tradesToday=0 bars=0 | arms=trend 0/0.00, breakout 0/0.00
2025-10-08 08:50:44 INFO [HB] active    | dayR=0.00R open=0 tradesToday=0 bars=0 | arms=trend 0/0.00, breakout 0/0.00
2025-10-08 08:50:45 INFO [HB] active    | dayR=0.00R open=0 tradesToday=0 bars=0 | arms=trend 0/0.00, breakout 0/0.00
2025-10-08 08:50:45 INFO [HB] active    | dayR=0.00R open=0 tradesToday=0 bars=0 | arms=trend 0/0.00, breakout 0/0.00
2025-10-08 08:50:46 INFO [HB] active    | dayR=0.00R open=0 tradesToday=0 bars=0 | arms=trend 0/0.00, breakout 0/0.00
2025-10-08 08:50:46 INFO [HB] active    | dayR=0.00R open=0 tradesToday=0 bars=0 | arms=trend 0/0.00, breakout 0/0.00
2025-10-08 08:50:47 INFO [HB] active    | dayR=0.00R open=0 tradesToday=0 bars=0 | arms=trend 0/0.00, breakout 0/0.00
2025-10-08 08:50:47 INFO [HB] active    | dayR=0.00R open=0 tradesToday=0 bars=0 | arms=trend 0/0.00, breakout 0/0.00
2025-10-08 08:50:48 INFO [HB] active    | dayR=0.00R open=0 tradesToday=0 bars=0 | arms=trend 0/0.00, breakout 0/0.00
2025-10-08 08:50:48 INFO [HB] active    | dayR=0.00R open=0 tradesToday=0 bars=0 | arms=trend 0/0.00, breakout 0/0.00
2025-10-08 08:50:49 INFO [HB] active    | dayR=0.00R open=0 tradesToday=0 bars=0 | arms=trend 0/0.00, breakout 0/0.00
2025-10-08 08:50:49 INFO [HB] active    | dayR=0.00R open=0 tradesToday=0 bars=0 | arms=trend 0/0.00, breakout 0/0.00
2025-10-08 08:50:50 INFO [HB] active    | dayR=0.00R open=0 tradesToday=0 bars=0 | arms=trend 0/0.00, breakout 0/0.00
2025-10-08 08:50:50 INFO [HB] active    | dayR=0.00R open=0 tradesToday=0 bars=0 | arms=trend 0/0.00, breakout 0/0.00
2025-10-08 08:50:51 INFO [HB] active    | dayR=0.00R open=0 tradesToday=0 bars=0 | arms=trend 0/0.00, breakout 0/0.00
2025-10-08 08:50:51 INFO [HB] active    | dayR=0.00R open=0 tradesToday=0 bars=0 | arms=trend 0/0.00, breakout 0/0.00
2025-10-08 08:50:52 INFO [HB] active    | dayR=0.00R open=0 tradesToday=0 bars=0 | arms=trend 0/0.00, breakout 0/0.00
2025-10-08 08:50:52 INFO [HB] active    | dayR=0.00R open=0 tradesToday=0 bars=0 | arms=trend 0/0.00, breakout 0/0.00
2025-10-08 08:50:53 INFO [HB] active    | dayR=0.00R open=0 tradesToday=0 bars=0 | arms=trend 0/0.00, breakout 0/0.00
2025-10-08 08:50:53 INFO [HB] active    | dayR=0.00R open=0 tradesToday=0 bars=0 | arms=trend 0/0.00, breakout 0/0.00
2025-10-08 08:50:54 INFO [HB] active    | dayR=0.00R open=0 tradesToday=0 bars=0 | arms=trend 0/0.00, breakout 0/0.00
2025-10-08 08:50:54 INFO [HB] active    | dayR=0.00R open=0 tradesToday=0 bars=0 | arms=trend 0/0.00, breakout 0/0.00
2025-10-08 08:50:55 INFO [HB] active    | dayR=0.00R open=0 tradesToday=0 bars=0 | arms=trend 0/0.00, breakout 0/0.00
2025-10-08 08:50:55 INFO [HB] active    | dayR=0.00R open=0 tradesToday=0 bars=0 | arms=trend 0/0.00, breakout 0/0.00
[2025-10-08 08:51:00] [WD] hb uptime=115s restarts=0 child_alive=True
[2025-10-08 08:51:05] [WD] hb uptime=120s restarts=0 child_alive=True
[2025-10-08 08:51:10] [WD] hb uptime=125s restarts=0 child_alive=True
[2025-10-08 08:51:15] [WD] hb uptime=130s restarts=0 child_alive=True
[2025-10-08 08:51:20] [WD] hb uptime=135s restarts=0 child_alive=True
[2025-10-08 08:51:25] [WD] hb uptime=140s restarts=0 child_alive=True
[2025-10-08 08:51:30] [WD] hb uptime=145s restarts=0 child_alive=True
2025-10-08 08:50:56 INFO [HB] active    | dayR=0.00R open=0 tradesToday=0 bars=0 | arms=trend 0/0.00, breakout 0/0.00
2025-10-08 08:50:56 INFO [HB] active    | dayR=0.00R open=0 tradesToday=0 bars=0 | arms=trend 0/0.00, breakout 0/0.00
2025-10-08 08:50:57 INFO [HB] active    | dayR=0.00R open=0 tradesToday=0 bars=0 | arms=trend 0/0.00, breakout 0/0.00
2025-10-08 08:50:57 INFO [HB] active    | dayR=0.00R open=0 tradesToday=0 bars=0 | arms=trend 0/0.00, breakout 0/0.00
2025-10-08 08:50:58 INFO [HB] active    | dayR=0.00R open=0 tradesToday=0 bars=0 | arms=trend 0/0.00, breakout 0/0.00
2025-10-08 08:50:58 INFO [HB] active    | dayR=0.00R open=0 tradesToday=0 bars=0 | arms=trend 0/0.00, breakout 0/0.00
2025-10-08 08:50:59 INFO [HB] active    | dayR=0.00R open=0 tradesToday=0 bars=0 | arms=trend 0/0.00, breakout 0/0.00
2025-10-08 08:50:59 INFO [HB] active    | dayR=0.00R open=0 tradesToday=0 bars=0 | arms=trend 0/0.00, breakout 0/0.00
2025-10-08 08:51:00 INFO [HB] active    | dayR=0.00R open=0 tradesToday=0 bars=0 | arms=trend 0/0.00, breakout 0/0.00
2025-10-08 08:51:00 INFO [HB] active    | dayR=0.00R open=0 tradesToday=0 bars=0 | arms=trend 0/0.00, breakout 0/0.00
2025-10-08 08:51:01 INFO [HB] active    | dayR=0.00R open=0 tradesToday=0 bars=0 | arms=trend 0/0.00, breakout 0/0.00
2025-10-08 08:51:01 INFO [HB] active    | dayR=0.00R open=0 tradesToday=0 bars=0 | arms=trend 0/0.00, breakout 0/0.00
2025-10-08 08:51:02 INFO [HB] active    | dayR=0.00R open=0 tradesToday=0 bars=0 | arms=trend 0/0.00, breakout 0/0.00
2025-10-08 08:51:02 INFO [HB] active    | dayR=0.00R open=0 tradesToday=0 bars=0 | arms=trend 0/0.00, breakout 0/0.00
2025-10-08 08:51:03 INFO [HB] active    | dayR=0.00R open=0 tradesToday=0 bars=0 | arms=trend 0/0.00, breakout 0/0.00
2025-10-08 08:51:03 INFO [HB] active    | dayR=0.00R open=0 tradesToday=0 bars=0 | arms=trend 0/0.00, breakout 0/0.00
2025-10-08 08:51:04 INFO [HB] active    | dayR=0.00R open=0 tradesToday=0 bars=0 | arms=trend 0/0.00, breakout 0/0.00
2025-10-08 08:51:04 INFO [HB] active    | dayR=0.00R open=0 tradesToday=0 bars=0 | arms=trend 0/0.00, breakout 0/0.00
2025-10-08 08:51:05 INFO [HB] active    | dayR=0.00R open=0 tradesToday=0 bars=0 | arms=trend 0/0.00, breakout 0/0.00
2025-10-08 08:51:05 INFO [HB] active    | dayR=0.00R open=0 tradesToday=0 bars=0 | arms=trend 0/0.00, breakout 0/0.00
2025-10-08 08:51:06 INFO [HB] active    | dayR=0.00R open=0 tradesToday=0 bars=0 | arms=trend 0/0.00, breakout 0/0.00
2025-10-08 08:51:06 INFO [HB] active    | dayR=0.00R open=0 tradesToday=0 bars=0 | arms=trend 0/0.00, breakout 0/0.00
2025-10-08 08:51:07 INFO [HB] active    | dayR=0.00R open=0 tradesToday=0 bars=0 | arms=trend 0/0.00, breakout 0/0.00
2025-10-08 08:51:07 INFO [HB] active    | dayR=0.00R open=0 tradesToday=0 bars=0 | arms=trend 0/0.00, breakout 0/0.00
2025-10-08 08:51:08 INFO [HB] active    | dayR=0.00R open=0 tradesToday=0 bars=0 | arms=trend 0/0.00, breakout 0/0.00
2025-10-08 08:51:08 INFO [HB] active    | dayR=0.00R open=0 tradesToday=0 bars=0 | arms=trend 0/0.00, breakout 0/0.00
2025-10-08 08:51:09 INFO [HB] active    | dayR=0.00R open=0 tradesToday=0 bars=0 | arms=trend 0/0.00, breakout 0/0.00
2025-10-08 08:51:09 INFO [HB] active    | dayR=0.00R open=0 tradesToday=0 bars=0 | arms=trend 0/0.00, breakout 0/0.00
2025-10-08 08:51:10 INFO [HB] active    | dayR=0.00R open=0 tradesToday=0 bars=0 | arms=trend 0/0.00, breakout 0/0.00
2025-10-08 08:51:10 INFO [HB] active    | dayR=0.00R open=0 tradesToday=0 bars=0 | arms=trend 0/0.00, breakout 0/0.00
2025-10-08 08:51:11 INFO [HB] active    | dayR=0.00R open=0 tradesToday=0 bars=0 | arms=trend 0/0.00, breakout 0/0.00
2025-10-08 08:51:11 INFO [HB] active    | dayR=0.00R open=0 tradesToday=0 bars=0 | arms=trend 0/0.00, breakout 0/0.00
2025-10-08 08:51:12 INFO [HB] active    | dayR=0.00R open=0 tradesToday=0 bars=0 | arms=trend 0/0.00, breakout 0/0.00
2025-10-08 08:51:12 INFO [HB] active    | dayR=0.00R open=0 tradesToday=0 bars=0 | arms=trend 0/0.00, breakout 0/0.00
2025-10-08 08:51:13 INFO [HB] active    | dayR=0.00R open=0 tradesToday=0 bars=0 | arms=trend 0/0.00, breakout 0/0.00
2025-10-08 08:51:13 INFO [HB] active    | dayR=0.00R open=0 tradesToday=0 bars=0 | arms=trend 0/0.00, breakout 0/0.00
2025-10-08 08:51:14 INFO [HB] active    | dayR=0.00R open=0 tradesToday=0 bars=0 | arms=trend 0/0.00, breakout 0/0.00
2025-10-08 08:51:14 INFO [HB] active    | dayR=0.00R open=0 tradesToday=0 bars=0 | arms=trend 0/0.00, breakout 0/0.00
2025-10-08 08:51:15 INFO [HB] active    | dayR=0.00R open=0 tradesToday=0 bars=0 | arms=trend 0/0.00, breakout 0/0.00
2025-10-08 08:51:15 INFO [HB] active    | dayR=0.00R open=0 tradesToday=0 bars=0 | arms=trend 0/0.00, breakout 0/0.00
2025-10-08 08:51:16 INFO [HB] active    | dayR=0.00R open=0 tradesToday=0 bars=0 | arms=trend 0/0.00, breakout 0/0.00
2025-10-08 08:51:16 INFO [HB] active    | dayR=0.00R open=0 tradesToday=0 bars=0 | arms=trend 0/0.00, breakout 0/0.00
2025-10-08 08:51:17 INFO [HB] active    | dayR=0.00R open=0 tradesToday=0 bars=0 | arms=trend 0/0.00, breakout 0/0.00
2025-10-08 08:51:17 INFO [HB] active    | dayR=0.00R open=0 tradesToday=0 bars=0 | arms=trend 0/0.00, breakout 0/0.00
2025-10-08 08:51:18 INFO [HB] active    | dayR=0.00R open=0 tradesToday=0 bars=0 | arms=trend 0/0.00, breakout 0/0.00
2025-10-08 08:51:18 INFO [HB] active    | dayR=0.00R open=0 tradesToday=0 bars=0 | arms=trend 0/0.00, breakout 0/0.00
2025-10-08 08:51:19 INFO [HB] active    | dayR=0.00R open=0 tradesToday=0 bars=0 | arms=trend 0/0.00, breakout 0/0.00
2025-10-08 08:51:19 INFO [HB] active    | dayR=0.00R open=0 tradesToday=0 bars=0 | arms=trend 0/0.00, breakout 0/0.00
2025-10-08 08:51:20 INFO [HB] active    | dayR=0.00R open=0 tradesToday=0 bars=0 | arms=trend 0/0.00, breakout 0/0.00
2025-10-08 08:51:20 INFO [HB] active    | dayR=0.00R open=0 tradesToday=0 bars=0 | arms=trend 0/0.00, breakout 0/0.00
2025-10-08 08:51:21 INFO [HB] active    | dayR=0.00R open=0 tradesToday=0 bars=0 | arms=trend 0/0.00, breakout 0/0.00
2025-10-08 08:51:21 INFO [HB] active    | dayR=0.00R open=0 tradesToday=0 bars=0 | arms=trend 0/0.00, breakout 0/0.00
2025-10-08 08:51:22 INFO [HB] active    | dayR=0.00R open=0 tradesToday=0 bars=0 | arms=trend 0/0.00, breakout 0/0.00
2025-10-08 08:51:22 INFO [HB] active    | dayR=0.00R open=0 tradesToday=0 bars=0 | arms=trend 0/0.00, breakout 0/0.00
2025-10-08 08:51:23 INFO [HB] active    | dayR=0.00R open=0 tradesToday=0 bars=0 | arms=trend 0/0.00, breakout 0/0.00
2025-10-08 08:51:23 INFO [HB] active    | dayR=0.00R open=0 tradesToday=0 bars=0 | arms=trend 0/0.00, breakout 0/0.00
2025-10-08 08:51:24 INFO [HB] active    | dayR=0.00R open=0 tradesToday=0 bars=0 | arms=trend 0/0.00, breakout 0/0.00
2025-10-08 08:51:24 INFO [HB] active    | dayR=0.00R open=0 tradesToday=0 bars=0 | arms=trend 0/0.00, breakout 0/0.00
2025-10-08 08:51:25 INFO [HB] active    | dayR=0.00R open=0 tradesToday=0 bars=0 | arms=trend 0/0.00, breakout 0/0.00
2025-10-08 08:51:25 INFO [HB] active    | dayR=0.00R open=0 tradesToday=0 bars=0 | arms=trend 0/0.00, breakout 0/0.00
2025-10-08 08:51:26 INFO [HB] active    | dayR=0.00R open=0 tradesToday=0 bars=0 | arms=trend 0/0.00, breakout 0/0.00
2025-10-08 08:51:26 INFO [HB] active    | dayR=0.00R open=0 tradesToday=0 bars=0 | arms=trend 0/0.00, breakout 0/0.00
2025-10-08 08:51:27 INFO [HB] active    | dayR=0.00R open=0 tradesToday=0 bars=0 | arms=trend 0/0.00, breakout 0/0.00
2025-10-08 08:51:27 INFO [HB] active    | dayR=0.00R open=0 tradesToday=0 bars=0 | arms=trend 0/0.00, breakout 0/0.00
2025-10-08 08:51:28 INFO [HB] active    | dayR=0.00R open=0 tradesToday=0 bars=0 | arms=trend 0/0.00, breakout 0/0.00
2025-10-08 08:51:28 INFO [HB] active    | dayR=0.00R open=0 tradesToday=0 bars=0 | arms=trend 0/0.00, breakout 0/0.00
2025-10-08 08:51:29 INFO [HB] active    | dayR=0.00R open=0 tradesToday=0 bars=0 | arms=trend 0/0.00, breakout 0/0.00
2025-10-08 08:51:29 INFO [HB] active    | dayR=0.00R open=0 tradesToday=0 bars=0 | arms=trend 0/0.00, breakout 0/0.00
2025-10-08 08:51:30 INFO [HB] active    | dayR=0.00R open=0 tradesToday=0 bars=0 | arms=trend 0/0.00, breakout 0/0.00
[2025-10-08 08:51:35] [WD] hb uptime=150s restarts=0 child_alive=True
[2025-10-08 08:51:40] [WD] hb uptime=155s restarts=0 child_alive=True
[2025-10-08 08:51:45] [WD] hb uptime=160s restarts=0 child_alive=True
[2025-10-08 08:51:50] [WD] hb uptime=165s restarts=0 child_alive=True
[2025-10-08 08:51:55] [WD] hb uptime=170s restarts=0 child_alive=True
[2025-10-08 08:52:00] [WD] hb uptime=175s restarts=0 child_alive=True
2025-10-08 08:51:30 INFO [HB] active    | dayR=0.00R open=0 tradesToday=0 bars=0 | arms=trend 0/0.00, breakout 0/0.00
2025-10-08 08:51:31 INFO [HB] active    | dayR=0.00R open=0 tradesToday=0 bars=0 | arms=trend 0/0.00, breakout 0/0.00
2025-10-08 08:51:31 INFO [HB] active    | dayR=0.00R open=0 tradesToday=0 bars=0 | arms=trend 0/0.00, breakout 0/0.00
2025-10-08 08:51:32 INFO [HB] active    | dayR=0.00R open=0 tradesToday=0 bars=0 | arms=trend 0/0.00, breakout 0/0.00
2025-10-08 08:51:32 INFO [HB] active    | dayR=0.00R open=0 tradesToday=0 bars=0 | arms=trend 0/0.00, breakout 0/0.00
2025-10-08 08:51:33 INFO [HB] active    | dayR=0.00R open=0 tradesToday=0 bars=0 | arms=trend 0/0.00, breakout 0/0.00
2025-10-08 08:51:33 INFO [HB] active    | dayR=0.00R open=0 tradesToday=0 bars=0 | arms=trend 0/0.00, breakout 0/0.00
2025-10-08 08:51:34 INFO [HB] active    | dayR=0.00R open=0 tradesToday=0 bars=0 | arms=trend 0/0.00, breakout 0/0.00
2025-10-08 08:51:34 INFO [HB] active    | dayR=0.00R open=0 tradesToday=0 bars=0 | arms=trend 0/0.00, breakout 0/0.00
2025-10-08 08:51:35 INFO [HB] active    | dayR=0.00R open=0 tradesToday=0 bars=0 | arms=trend 0/0.00, breakout 0/0.00
2025-10-08 08:51:35 INFO [HB] active    | dayR=0.00R open=0 tradesToday=0 bars=0 | arms=trend 0/0.00, breakout 0/0.00
2025-10-08 08:51:36 INFO [HB] active    | dayR=0.00R open=0 tradesToday=0 bars=0 | arms=trend 0/0.00, breakout 0/0.00
2025-10-08 08:51:36 INFO [HB] active    | dayR=0.00R open=0 tradesToday=0 bars=0 | arms=trend 0/0.00, breakout 0/0.00
2025-10-08 08:51:37 INFO [HB] active    | dayR=0.00R open=0 tradesToday=0 bars=0 | arms=trend 0/0.00, breakout 0/0.00
2025-10-08 08:51:37 INFO [HB] active    | dayR=0.00R open=0 tradesToday=0 bars=0 | arms=trend 0/0.00, breakout 0/0.00
2025-10-08 08:51:38 INFO [HB] active    | dayR=0.00R open=0 tradesToday=0 bars=0 | arms=trend 0/0.00, breakout 0/0.00
2025-10-08 08:51:38 INFO [HB] active    | dayR=0.00R open=0 tradesToday=0 bars=0 | arms=trend 0/0.00, breakout 0/0.00
2025-10-08 08:51:39 INFO [HB] active    | dayR=0.00R open=0 tradesToday=0 bars=0 | arms=trend 0/0.00, breakout 0/0.00
2025-10-08 08:51:39 INFO [HB] active    | dayR=0.00R open=0 tradesToday=0 bars=0 | arms=trend 0/0.00, breakout 0/0.00
2025-10-08 08:51:40 INFO [HB] active    | dayR=0.00R open=0 tradesToday=0 bars=0 | arms=trend 0/0.00, breakout 0/0.00
2025-10-08 08:51:40 INFO [HB] active    | dayR=0.00R open=0 tradesToday=0 bars=0 | arms=trend 0/0.00, breakout 0/0.00
2025-10-08 08:51:41 INFO [HB] active    | dayR=0.00R open=0 tradesToday=0 bars=0 | arms=trend 0/0.00, breakout 0/0.00
2025-10-08 08:51:41 INFO [HB] active    | dayR=0.00R open=0 tradesToday=0 bars=0 | arms=trend 0/0.00, breakout 0/0.00
2025-10-08 08:51:42 INFO [HB] active    | dayR=0.00R open=0 tradesToday=0 bars=0 | arms=trend 0/0.00, breakout 0/0.00
2025-10-08 08:51:42 INFO [HB] active    | dayR=0.00R open=0 tradesToday=0 bars=0 | arms=trend 0/0.00, breakout 0/0.00
2025-10-08 08:51:43 INFO [HB] active    | dayR=0.00R open=0 tradesToday=0 bars=0 | arms=trend 0/0.00, breakout 0/0.00
2025-10-08 08:51:43 INFO [HB] active    | dayR=0.00R open=0 tradesToday=0 bars=0 | arms=trend 0/0.00, breakout 0/0.00
2025-10-08 08:51:44 INFO [HB] active    | dayR=0.00R open=0 tradesToday=0 bars=0 | arms=trend 0/0.00, breakout 0/0.00
2025-10-08 08:51:44 INFO [HB] active    | dayR=0.00R open=0 tradesToday=0 bars=0 | arms=trend 0/0.00, breakout 0/0.00
2025-10-08 08:51:45 INFO [HB] active    | dayR=0.00R open=0 tradesToday=0 bars=0 | arms=trend 0/0.00, breakout 0/0.00
2025-10-08 08:51:45 INFO [HB] active    | dayR=0.00R open=0 tradesToday=0 bars=0 | arms=trend 0/0.00, breakout 0/0.00
2025-10-08 08:51:46 INFO [HB] active    | dayR=0.00R open=0 tradesToday=0 bars=0 | arms=trend 0/0.00, breakout 0/0.00
2025-10-08 08:51:46 INFO [HB] active    | dayR=0.00R open=0 tradesToday=0 bars=0 | arms=trend 0/0.00, breakout 0/0.00
2025-10-08 08:51:47 INFO [HB] active    | dayR=0.00R open=0 tradesToday=0 bars=0 | arms=trend 0/0.00, breakout 0/0.00
2025-10-08 08:51:47 INFO [HB] active    | dayR=0.00R open=0 tradesToday=0 bars=0 | arms=trend 0/0.00, breakout 0/0.00
2025-10-08 08:51:48 INFO [HB] active    | dayR=0.00R open=0 tradesToday=0 bars=0 | arms=trend 0/0.00, breakout 0/0.00
2025-10-08 08:51:48 INFO [HB] active    | dayR=0.00R open=0 tradesToday=0 bars=0 | arms=trend 0/0.00, breakout 0/0.00
2025-10-08 08:51:49 INFO [HB] active    | dayR=0.00R open=0 tradesToday=0 bars=0 | arms=trend 0/0.00, breakout 0/0.00
2025-10-08 08:51:49 INFO [HB] active    | dayR=0.00R open=0 tradesToday=0 bars=0 | arms=trend 0/0.00, breakout 0/0.00
2025-10-08 08:51:50 INFO [HB] active    | dayR=0.00R open=0 tradesToday=0 bars=0 | arms=trend 0/0.00, breakout 0/0.00
2025-10-08 08:51:50 INFO [HB] active    | dayR=0.00R open=0 tradesToday=0 bars=0 | arms=trend 0/0.00, breakout 0/0.00
2025-10-08 08:51:51 INFO [HB] active    | dayR=0.00R open=0 tradesToday=0 bars=0 | arms=trend 0/0.00, breakout 0/0.00
2025-10-08 08:51:51 INFO [HB] active    | dayR=0.00R open=0 tradesToday=0 bars=0 | arms=trend 0/0.00, breakout 0/0.00
2025-10-08 08:51:52 INFO [HB] active    | dayR=0.00R open=0 tradesToday=0 bars=0 | arms=trend 0/0.00, breakout 0/0.00
2025-10-08 08:51:52 INFO [HB] active    | dayR=0.00R open=0 tradesToday=0 bars=0 | arms=trend 0/0.00, breakout 0/0.00
2025-10-08 08:51:53 INFO [HB] active    | dayR=0.00R open=0 tradesToday=0 bars=0 | arms=trend 0/0.00, breakout 0/0.00
2025-10-08 08:51:53 INFO [HB] active    | dayR=0.00R open=0 tradesToday=0 bars=0 | arms=trend 0/0.00, breakout 0/0.00
2025-10-08 08:51:54 INFO [HB] active    | dayR=0.00R open=0 tradesToday=0 bars=0 | arms=trend 0/0.00, breakout 0/0.00
2025-10-08 08:51:54 INFO [HB] active    | dayR=0.00R open=0 tradesToday=0 bars=0 | arms=trend 0/0.00, breakout 0/0.00
2025-10-08 08:51:55 INFO [HB] active    | dayR=0.00R open=0 tradesToday=0 bars=0 | arms=trend 0/0.00, breakout 0/0.00
2025-10-08 08:51:55 INFO [HB] active    | dayR=0.00R open=0 tradesToday=0 bars=0 | arms=trend 0/0.00, breakout 0/0.00
2025-10-08 08:51:56 INFO [HB] active    | dayR=0.00R open=0 tradesToday=0 bars=0 | arms=trend 0/0.00, breakout 0/0.00
2025-10-08 08:51:56 INFO [HB] active    | dayR=0.00R open=0 tradesToday=0 bars=0 | arms=trend 0/0.00, breakout 0/0.00
2025-10-08 08:51:57 INFO [HB] active    | dayR=0.00R open=0 tradesToday=0 bars=0 | arms=trend 0/0.00, breakout 0/0.00
2025-10-08 08:51:57 INFO [HB] active    | dayR=0.00R open=0 tradesToday=0 bars=0 | arms=trend 0/0.00, breakout 0/0.00
2025-10-08 08:51:58 INFO [HB] active    | dayR=0.00R open=0 tradesToday=0 bars=0 | arms=trend 0/0.00, breakout 0/0.00
2025-10-08 08:51:58 INFO [HB] active    | dayR=0.00R open=0 tradesToday=0 bars=0 | arms=trend 0/0.00, breakout 0/0.00
2025-10-08 08:51:59 INFO [HB] active    | dayR=0.00R open=0 tradesToday=0 bars=0 | arms=trend 0/0.00, breakout 0/0.00
2025-10-08 08:51:59 INFO [HB] active    | dayR=0.00R open=0 tradesToday=0 bars=0 | arms=trend 0/0.00, breakout 0/0.00
2025-10-08 08:52:00 INFO [HB] active    | dayR=0.00R open=0 tradesToday=0 bars=0 | arms=trend 0/0.00, breakout 0/0.00
2025-10-08 08:52:00 INFO [HB] active    | dayR=0.00R open=0 tradesToday=0 bars=0 | arms=trend 0/0.00, breakout 0/0.00
2025-10-08 08:52:01 INFO [HB] active    | dayR=0.00R open=0 tradesToday=0 bars=0 | arms=trend 0/0.00, breakout 0/0.00
2025-10-08 08:52:01 INFO [HB] active    | dayR=0.00R open=0 tradesToday=0 bars=0 | arms=trend 0/0.00, breakout 0/0.00
2025-10-08 08:52:02 INFO [HB] active    | dayR=0.00R open=0 tradesToday=0 bars=0 | arms=trend 0/0.00, breakout 0/0.00
2025-10-08 08:52:02 INFO [HB] active    | dayR=0.00R open=0 tradesToday=0 bars=0 | arms=trend 0/0.00, breakout 0/0.00
2025-10-08 08:52:03 INFO [HB] active    | dayR=0.00R open=0 tradesToday=0 bars=0 | arms=trend 0/0.00, breakout 0/0.00
2025-10-08 08:52:03 INFO [HB] active    | dayR=0.00R open=0 tradesToday=0 bars=0 | arms=trend 0/0.00, breakout 0/0.00
2025-10-08 08:52:04 INFO [HB] active    | dayR=0.00R open=0 tradesToday=0 bars=0 | arms=trend 0/0.00, breakout 0/0.00
2025-10-08 08:52:04 INFO [HB] active    | dayR=0.00R open=0 tradesToday=0 bars=0 | arms=trend 0/0.00, breakout 0/0.00
[2025-10-08 08:52:05] [WD] hb uptime=180s restarts=0 child_alive=True
[2025-10-08 08:52:10] [WD] hb uptime=185s restarts=0 child_alive=True
[2025-10-08 08:52:15] [WD] hb uptime=190s restarts=0 child_alive=True
[2025-10-08 08:52:20] [WD] hb uptime=195s restarts=0 child_alive=True
[2025-10-08 08:52:25] [WD] hb uptime=200s restarts=0 child_alive=True
[2025-10-08 08:52:30] [WD] hb uptime=205s restarts=0 child_alive=True
[2025-10-08 08:52:35] [WD] hb uptime=210s restarts=0 child_alive=True
2025-10-08 08:52:05 INFO [HB] active    | dayR=0.00R open=0 tradesToday=0 bars=0 | arms=trend 0/0.00, breakout 0/0.00
2025-10-08 08:52:05 INFO [HB] active    | dayR=0.00R open=0 tradesToday=0 bars=0 | arms=trend 0/0.00, breakout 0/0.00
2025-10-08 08:52:06 INFO [HB] active    | dayR=0.00R open=0 tradesToday=0 bars=0 | arms=trend 0/0.00, breakout 0/0.00
2025-10-08 08:52:06 INFO [HB] active    | dayR=0.00R open=0 tradesToday=0 bars=0 | arms=trend 0/0.00, breakout 0/0.00
2025-10-08 08:52:07 INFO [HB] active    | dayR=0.00R open=0 tradesToday=0 bars=0 | arms=trend 0/0.00, breakout 0/0.00
2025-10-08 08:52:07 INFO [HB] active    | dayR=0.00R open=0 tradesToday=0 bars=0 | arms=trend 0/0.00, breakout 0/0.00
2025-10-08 08:52:08 INFO [HB] active    | dayR=0.00R open=0 tradesToday=0 bars=0 | arms=trend 0/0.00, breakout 0/0.00
2025-10-08 08:52:08 INFO [HB] active    | dayR=0.00R open=0 tradesToday=0 bars=0 | arms=trend 0/0.00, breakout 0/0.00
2025-10-08 08:52:09 INFO [HB] active    | dayR=0.00R open=0 tradesToday=0 bars=0 | arms=trend 0/0.00, breakout 0/0.00
2025-10-08 08:52:09 INFO [HB] active    | dayR=0.00R open=0 tradesToday=0 bars=0 | arms=trend 0/0.00, breakout 0/0.00
2025-10-08 08:52:10 INFO [HB] active    | dayR=0.00R open=0 tradesToday=0 bars=0 | arms=trend 0/0.00, breakout 0/0.00
2025-10-08 08:52:10 INFO [HB] active    | dayR=0.00R open=0 tradesToday=0 bars=0 | arms=trend 0/0.00, breakout 0/0.00
2025-10-08 08:52:11 INFO [HB] active    | dayR=0.00R open=0 tradesToday=0 bars=0 | arms=trend 0/0.00, breakout 0/0.00
2025-10-08 08:52:11 INFO [HB] active    | dayR=0.00R open=0 tradesToday=0 bars=0 | arms=trend 0/0.00, breakout 0/0.00
2025-10-08 08:52:12 INFO [HB] active    | dayR=0.00R open=0 tradesToday=0 bars=0 | arms=trend 0/0.00, breakout 0/0.00
2025-10-08 08:52:12 INFO [HB] active    | dayR=0.00R open=0 tradesToday=0 bars=0 | arms=trend 0/0.00, breakout 0/0.00
2025-10-08 08:52:13 INFO [HB] active    | dayR=0.00R open=0 tradesToday=0 bars=0 | arms=trend 0/0.00, breakout 0/0.00
2025-10-08 08:52:13 INFO [HB] active    | dayR=0.00R open=0 tradesToday=0 bars=0 | arms=trend 0/0.00, breakout 0/0.00
2025-10-08 08:52:14 INFO [HB] active    | dayR=0.00R open=0 tradesToday=0 bars=0 | arms=trend 0/0.00, breakout 0/0.00
2025-10-08 08:52:14 INFO [HB] active    | dayR=0.00R open=0 tradesToday=0 bars=0 | arms=trend 0/0.00, breakout 0/0.00
2025-10-08 08:52:15 INFO [HB] active    | dayR=0.00R open=0 tradesToday=0 bars=0 | arms=trend 0/0.00, breakout 0/0.00
2025-10-08 08:52:15 INFO [HB] active    | dayR=0.00R open=0 tradesToday=0 bars=0 | arms=trend 0/0.00, breakout 0/0.00
2025-10-08 08:52:16 INFO [HB] active    | dayR=0.00R open=0 tradesToday=0 bars=0 | arms=trend 0/0.00, breakout 0/0.00
2025-10-08 08:52:16 INFO [HB] active    | dayR=0.00R open=0 tradesToday=0 bars=0 | arms=trend 0/0.00, breakout 0/0.00
2025-10-08 08:52:17 INFO [HB] active    | dayR=0.00R open=0 tradesToday=0 bars=0 | arms=trend 0/0.00, breakout 0/0.00
2025-10-08 08:52:17 INFO [HB] active    | dayR=0.00R open=0 tradesToday=0 bars=0 | arms=trend 0/0.00, breakout 0/0.00
2025-10-08 08:52:18 INFO [HB] active    | dayR=0.00R open=0 tradesToday=0 bars=0 | arms=trend 0/0.00, breakout 0/0.00
2025-10-08 08:52:19 INFO [HB] active    | dayR=0.00R open=0 tradesToday=0 bars=0 | arms=trend 0/0.00, breakout 0/0.00
2025-10-08 08:52:19 INFO [HB] active    | dayR=0.00R open=0 tradesToday=0 bars=0 | arms=trend 0/0.00, breakout 0/0.00
2025-10-08 08:52:20 INFO [HB] active    | dayR=0.00R open=0 tradesToday=0 bars=0 | arms=trend 0/0.00, breakout 0/0.00
2025-10-08 08:52:20 INFO [HB] active    | dayR=0.00R open=0 tradesToday=0 bars=0 | arms=trend 0/0.00, breakout 0/0.00
2025-10-08 08:52:21 INFO [HB] active    | dayR=0.00R open=0 tradesToday=0 bars=0 | arms=trend 0/0.00, breakout 0/0.00
2025-10-08 08:52:21 INFO [HB] active    | dayR=0.00R open=0 tradesToday=0 bars=0 | arms=trend 0/0.00, breakout 0/0.00
2025-10-08 08:52:22 INFO [HB] active    | dayR=0.00R open=0 tradesToday=0 bars=0 | arms=trend 0/0.00, breakout 0/0.00
2025-10-08 08:52:22 INFO [HB] active    | dayR=0.00R open=0 tradesToday=0 bars=0 | arms=trend 0/0.00, breakout 0/0.00
2025-10-08 08:52:23 INFO [HB] active    | dayR=0.00R open=0 tradesToday=0 bars=0 | arms=trend 0/0.00, breakout 0/0.00
2025-10-08 08:52:23 INFO [HB] active    | dayR=0.00R open=0 tradesToday=0 bars=0 | arms=trend 0/0.00, breakout 0/0.00
2025-10-08 08:52:24 INFO [HB] active    | dayR=0.00R open=0 tradesToday=0 bars=0 | arms=trend 0/0.00, breakout 0/0.00
2025-10-08 08:52:24 INFO [HB] active    | dayR=0.00R open=0 tradesToday=0 bars=0 | arms=trend 0/0.00, breakout 0/0.00
2025-10-08 08:52:25 INFO [HB] active    | dayR=0.00R open=0 tradesToday=0 bars=0 | arms=trend 0/0.00, breakout 0/0.00
2025-10-08 08:52:25 INFO [HB] active    | dayR=0.00R open=0 tradesToday=0 bars=0 | arms=trend 0/0.00, breakout 0/0.00
2025-10-08 08:52:26 INFO [HB] active    | dayR=0.00R open=0 tradesToday=0 bars=0 | arms=trend 0/0.00, breakout 0/0.00
2025-10-08 08:52:26 INFO [HB] active    | dayR=0.00R open=0 tradesToday=0 bars=0 | arms=trend 0/0.00, breakout 0/0.00
2025-10-08 08:52:27 INFO [HB] active    | dayR=0.00R open=0 tradesToday=0 bars=0 | arms=trend 0/0.00, breakout 0/0.00
2025-10-08 08:52:27 INFO [HB] active    | dayR=0.00R open=0 tradesToday=0 bars=0 | arms=trend 0/0.00, breakout 0/0.00
2025-10-08 08:52:28 INFO [HB] active    | dayR=0.00R open=0 tradesToday=0 bars=0 | arms=trend 0/0.00, breakout 0/0.00
2025-10-08 08:52:28 INFO [HB] active    | dayR=0.00R open=0 tradesToday=0 bars=0 | arms=trend 0/0.00, breakout 0/0.00
2025-10-08 08:52:29 INFO [HB] active    | dayR=0.00R open=0 tradesToday=0 bars=0 | arms=trend 0/0.00, breakout 0/0.00
2025-10-08 08:52:29 INFO [HB] active    | dayR=0.00R open=0 tradesToday=0 bars=0 | arms=trend 0/0.00, breakout 0/0.00
2025-10-08 08:52:30 INFO [HB] active    | dayR=0.00R open=0 tradesToday=0 bars=0 | arms=trend 0/0.00, breakout 0/0.00
2025-10-08 08:52:30 INFO [HB] active    | dayR=0.00R open=0 tradesToday=0 bars=0 | arms=trend 0/0.00, breakout 0/0.00
2025-10-08 08:52:31 INFO [HB] active    | dayR=0.00R open=0 tradesToday=0 bars=0 | arms=trend 0/0.00, breakout 0/0.00
2025-10-08 08:52:31 INFO [HB] active    | dayR=0.00R open=0 tradesToday=0 bars=0 | arms=trend 0/0.00, breakout 0/0.00
2025-10-08 08:52:32 INFO [HB] active    | dayR=0.00R open=0 tradesToday=0 bars=0 | arms=trend 0/0.00, breakout 0/0.00
2025-10-08 08:52:32 INFO [HB] active    | dayR=0.00R open=0 tradesToday=0 bars=0 | arms=trend 0/0.00, breakout 0/0.00
2025-10-08 08:52:33 INFO [HB] active    | dayR=0.00R open=0 tradesToday=0 bars=0 | arms=trend 0/0.00, breakout 0/0.00
2025-10-08 08:52:33 INFO [HB] active    | dayR=0.00R open=0 tradesToday=0 bars=0 | arms=trend 0/0.00, breakout 0/0.00
2025-10-08 08:52:34 INFO [HB] active    | dayR=0.00R open=0 tradesToday=0 bars=0 | arms=trend 0/0.00, breakout 0/0.00
2025-10-08 08:52:34 INFO [HB] active    | dayR=0.00R open=0 tradesToday=0 bars=0 | arms=trend 0/0.00, breakout 0/0.00
2025-10-08 08:52:35 INFO [HB] active    | dayR=0.00R open=0 tradesToday=0 bars=0 | arms=trend 0/0.00, breakout 0/0.00
2025-10-08 08:52:35 INFO [HB] active    | dayR=0.00R open=0 tradesToday=0 bars=0 | arms=trend 0/0.00, breakout 0/0.00
2025-10-08 08:52:36 INFO [HB] active    | dayR=0.00R open=0 tradesToday=0 bars=0 | arms=trend 0/0.00, breakout 0/0.00
2025-10-08 08:52:36 INFO [HB] active    | dayR=0.00R open=0 tradesToday=0 bars=0 | arms=trend 0/0.00, breakout 0/0.00
2025-10-08 08:52:37 INFO [HB] active    | dayR=0.00R open=0 tradesToday=0 bars=0 | arms=trend 0/0.00, breakout 0/0.00
2025-10-08 08:52:37 INFO [HB] active    | dayR=0.00R open=0 tradesToday=0 bars=0 | arms=trend 0/0.00, breakout 0/0.00
2025-10-08 08:52:38 INFO [HB] active    | dayR=0.00R open=0 tradesToday=0 bars=0 | arms=trend 0/0.00, breakout 0/0.00
2025-10-08 08:52:38 INFO [HB] active    | dayR=0.00R open=0 tradesToday=0 bars=0 | arms=trend 0/0.00, breakout 0/0.00
2025-10-08 08:52:39 INFO [HB] active    | dayR=0.00R open=0 tradesToday=0 bars=0 | arms=trend 0/0.00, breakout 0/0.00
2025-10-08 08:52:39 INFO [HB] active    | dayR=0.00R open=0 tradesToday=0 bars=0 | arms=trend 0/0.00, breakout 0/0.00
[2025-10-08 08:52:40] [WD] hb uptime=215s restarts=0 child_alive=True
[2025-10-08 08:52:45] [WD] hb uptime=220s restarts=0 child_alive=True
[2025-10-08 08:52:50] [WD] hb uptime=225s restarts=0 child_alive=True
[2025-10-08 08:52:55] [WD] hb uptime=230s restarts=0 child_alive=True
[2025-10-08 08:53:00] [WD] hb uptime=235s restarts=0 child_alive=True
[2025-10-08 08:53:05] [WD] hb uptime=240s restarts=0 child_alive=True
[2025-10-08 08:53:10] [WD] hb uptime=245s restarts=0 child_alive=True
2025-10-08 08:52:40 INFO [HB] active    | dayR=0.00R open=0 tradesToday=0 bars=0 | arms=trend 0/0.00, breakout 0/0.00
2025-10-08 08:52:40 INFO [HB] active    | dayR=0.00R open=0 tradesToday=0 bars=0 | arms=trend 0/0.00, breakout 0/0.00
2025-10-08 08:52:41 INFO [HB] active    | dayR=0.00R open=0 tradesToday=0 bars=0 | arms=trend 0/0.00, breakout 0/0.00
2025-10-08 08:52:41 INFO [HB] active    | dayR=0.00R open=0 tradesToday=0 bars=0 | arms=trend 0/0.00, breakout 0/0.00
2025-10-08 08:52:42 INFO [HB] active    | dayR=0.00R open=0 tradesToday=0 bars=0 | arms=trend 0/0.00, breakout 0/0.00
2025-10-08 08:52:42 INFO [HB] active    | dayR=0.00R open=0 tradesToday=0 bars=0 | arms=trend 0/0.00, breakout 0/0.00
2025-10-08 08:52:43 INFO [HB] active    | dayR=0.00R open=0 tradesToday=0 bars=0 | arms=trend 0/0.00, breakout 0/0.00
2025-10-08 08:52:43 INFO [HB] active    | dayR=0.00R open=0 tradesToday=0 bars=0 | arms=trend 0/0.00, breakout 0/0.00
2025-10-08 08:52:44 INFO [HB] active    | dayR=0.00R open=0 tradesToday=0 bars=0 | arms=trend 0/0.00, breakout 0/0.00
2025-10-08 08:52:44 INFO [HB] active    | dayR=0.00R open=0 tradesToday=0 bars=0 | arms=trend 0/0.00, breakout 0/0.00
2025-10-08 08:52:45 INFO [HB] active    | dayR=0.00R open=0 tradesToday=0 bars=0 | arms=trend 0/0.00, breakout 0/0.00
2025-10-08 08:52:45 INFO [HB] active    | dayR=0.00R open=0 tradesToday=0 bars=0 | arms=trend 0/0.00, breakout 0/0.00
2025-10-08 08:52:46 INFO [HB] active    | dayR=0.00R open=0 tradesToday=0 bars=0 | arms=trend 0/0.00, breakout 0/0.00
2025-10-08 08:52:46 INFO [HB] active    | dayR=0.00R open=0 tradesToday=0 bars=0 | arms=trend 0/0.00, breakout 0/0.00
2025-10-08 08:52:47 INFO [HB] active    | dayR=0.00R open=0 tradesToday=0 bars=0 | arms=trend 0/0.00, breakout 0/0.00
2025-10-08 08:52:47 INFO [HB] active    | dayR=0.00R open=0 tradesToday=0 bars=0 | arms=trend 0/0.00, breakout 0/0.00
2025-10-08 08:52:48 INFO [HB] active    | dayR=0.00R open=0 tradesToday=0 bars=0 | arms=trend 0/0.00, breakout 0/0.00
2025-10-08 08:52:48 INFO [HB] active    | dayR=0.00R open=0 tradesToday=0 bars=0 | arms=trend 0/0.00, breakout 0/0.00
2025-10-08 08:52:49 INFO [HB] active    | dayR=0.00R open=0 tradesToday=0 bars=0 | arms=trend 0/0.00, breakout 0/0.00
2025-10-08 08:52:49 INFO [HB] active    | dayR=0.00R open=0 tradesToday=0 bars=0 | arms=trend 0/0.00, breakout 0/0.00
2025-10-08 08:52:50 INFO [HB] active    | dayR=0.00R open=0 tradesToday=0 bars=0 | arms=trend 0/0.00, breakout 0/0.00
2025-10-08 08:52:50 INFO [HB] active    | dayR=0.00R open=0 tradesToday=0 bars=0 | arms=trend 0/0.00, breakout 0/0.00
2025-10-08 08:52:51 INFO [HB] active    | dayR=0.00R open=0 tradesToday=0 bars=0 | arms=trend 0/0.00, breakout 0/0.00
2025-10-08 08:52:51 INFO [HB] active    | dayR=0.00R open=0 tradesToday=0 bars=0 | arms=trend 0/0.00, breakout 0/0.00
2025-10-08 08:52:52 INFO [HB] active    | dayR=0.00R open=0 tradesToday=0 bars=0 | arms=trend 0/0.00, breakout 0/0.00
2025-10-08 08:52:52 INFO [HB] active    | dayR=0.00R open=0 tradesToday=0 bars=0 | arms=trend 0/0.00, breakout 0/0.00
2025-10-08 08:52:53 INFO [HB] active    | dayR=0.00R open=0 tradesToday=0 bars=0 | arms=trend 0/0.00, breakout 0/0.00
2025-10-08 08:52:53 INFO [HB] active    | dayR=0.00R open=0 tradesToday=0 bars=0 | arms=trend 0/0.00, breakout 0/0.00
2025-10-08 08:52:54 INFO [HB] active    | dayR=0.00R open=0 tradesToday=0 bars=0 | arms=trend 0/0.00, breakout 0/0.00
2025-10-08 08:52:54 INFO [HB] active    | dayR=0.00R open=0 tradesToday=0 bars=0 | arms=trend 0/0.00, breakout 0/0.00
2025-10-08 08:52:55 INFO [HB] active    | dayR=0.00R open=0 tradesToday=0 bars=0 | arms=trend 0/0.00, breakout 0/0.00
2025-10-08 08:52:55 INFO [HB] active    | dayR=0.00R open=0 tradesToday=0 bars=0 | arms=trend 0/0.00, breakout 0/0.00
2025-10-08 08:52:56 INFO [HB] active    | dayR=0.00R open=0 tradesToday=0 bars=0 | arms=trend 0/0.00, breakout 0/0.00
2025-10-08 08:52:56 INFO [HB] active    | dayR=0.00R open=0 tradesToday=0 bars=0 | arms=trend 0/0.00, breakout 0/0.00
2025-10-08 08:52:57 INFO [HB] active    | dayR=0.00R open=0 tradesToday=0 bars=0 | arms=trend 0/0.00, breakout 0/0.00
2025-10-08 08:52:57 INFO [HB] active    | dayR=0.00R open=0 tradesToday=0 bars=0 | arms=trend 0/0.00, breakout 0/0.00
2025-10-08 08:52:58 INFO [HB] active    | dayR=0.00R open=0 tradesToday=0 bars=0 | arms=trend 0/0.00, breakout 0/0.00
2025-10-08 08:52:58 INFO [HB] active    | dayR=0.00R open=0 tradesToday=0 bars=0 | arms=trend 0/0.00, breakout 0/0.00
2025-10-08 08:52:59 INFO [HB] active    | dayR=0.00R open=0 tradesToday=0 bars=0 | arms=trend 0/0.00, breakout 0/0.00
2025-10-08 08:52:59 INFO [HB] active    | dayR=0.00R open=0 tradesToday=0 bars=0 | arms=trend 0/0.00, breakout 0/0.00
2025-10-08 08:53:00 INFO [HB] active    | dayR=0.00R open=0 tradesToday=0 bars=0 | arms=trend 0/0.00, breakout 0/0.00
2025-10-08 08:53:00 INFO [HB] active    | dayR=0.00R open=0 tradesToday=0 bars=0 | arms=trend 0/0.00, breakout 0/0.00
2025-10-08 08:53:01 INFO [HB] active    | dayR=0.00R open=0 tradesToday=0 bars=0 | arms=trend 0/0.00, breakout 0/0.00
2025-10-08 08:53:01 INFO [HB] active    | dayR=0.00R open=0 tradesToday=0 bars=0 | arms=trend 0/0.00, breakout 0/0.00
2025-10-08 08:53:02 INFO [HB] active    | dayR=0.00R open=0 tradesToday=0 bars=0 | arms=trend 0/0.00, breakout 0/0.00
2025-10-08 08:53:02 INFO [HB] active    | dayR=0.00R open=0 tradesToday=0 bars=0 | arms=trend 0/0.00, breakout 0/0.00
2025-10-08 08:53:03 INFO [HB] active    | dayR=0.00R open=0 tradesToday=0 bars=0 | arms=trend 0/0.00, breakout 0/0.00
2025-10-08 08:53:03 INFO [HB] active    | dayR=0.00R open=0 tradesToday=0 bars=0 | arms=trend 0/0.00, breakout 0/0.00
2025-10-08 08:53:04 INFO [HB] active    | dayR=0.00R open=0 tradesToday=0 bars=0 | arms=trend 0/0.00, breakout 0/0.00
2025-10-08 08:53:04 INFO [HB] active    | dayR=0.00R open=0 tradesToday=0 bars=0 | arms=trend 0/0.00, breakout 0/0.00
2025-10-08 08:53:05 INFO [HB] active    | dayR=0.00R open=0 tradesToday=0 bars=0 | arms=trend 0/0.00, breakout 0/0.00
2025-10-08 08:53:05 INFO [HB] active    | dayR=0.00R open=0 tradesToday=0 bars=0 | arms=trend 0/0.00, breakout 0/0.00
2025-10-08 08:53:06 INFO [HB] active    | dayR=0.00R open=0 tradesToday=0 bars=0 | arms=trend 0/0.00, breakout 0/0.00
2025-10-08 08:53:06 INFO [HB] active    | dayR=0.00R open=0 tradesToday=0 bars=0 | arms=trend 0/0.00, breakout 0/0.00
2025-10-08 08:53:07 INFO [HB] active    | dayR=0.00R open=0 tradesToday=0 bars=0 | arms=trend 0/0.00, breakout 0/0.00
2025-10-08 08:53:07 INFO [HB] active    | dayR=0.00R open=0 tradesToday=0 bars=0 | arms=trend 0/0.00, breakout 0/0.00
2025-10-08 08:53:08 INFO [HB] active    | dayR=0.00R open=0 tradesToday=0 bars=0 | arms=trend 0/0.00, breakout 0/0.00
2025-10-08 08:53:08 INFO [HB] active    | dayR=0.00R open=0 tradesToday=0 bars=0 | arms=trend 0/0.00, breakout 0/0.00
2025-10-08 08:53:09 INFO [HB] active    | dayR=0.00R open=0 tradesToday=0 bars=0 | arms=trend 0/0.00, breakout 0/0.00
2025-10-08 08:53:09 INFO [HB] active    | dayR=0.00R open=0 tradesToday=0 bars=0 | arms=trend 0/0.00, breakout 0/0.00
2025-10-08 08:53:10 INFO [HB] active    | dayR=0.00R open=0 tradesToday=0 bars=0 | arms=trend 0/0.00, breakout 0/0.00
2025-10-08 08:53:10 INFO [HB] active    | dayR=0.00R open=0 tradesToday=0 bars=0 | arms=trend 0/0.00, breakout 0/0.00
2025-10-08 08:53:11 INFO [HB] active    | dayR=0.00R open=0 tradesToday=0 bars=0 | arms=trend 0/0.00, breakout 0/0.00
2025-10-08 08:53:11 INFO [HB] active    | dayR=0.00R open=0 tradesToday=0 bars=0 | arms=trend 0/0.00, breakout 0/0.00
2025-10-08 08:53:12 INFO [HB] active    | dayR=0.00R open=0 tradesToday=0 bars=0 | arms=trend 0/0.00, breakout 0/0.00
2025-10-08 08:53:12 INFO [HB] active    | dayR=0.00R open=0 tradesToday=0 bars=0 | arms=trend 0/0.00, breakout 0/0.00
2025-10-08 08:53:13 INFO [HB] active    | dayR=0.00R open=0 tradesToday=0 bars=0 | arms=trend 0/0.00, breakout 0/0.00
2025-10-08 08:53:13 INFO [HB] active    | dayR=0.00R open=0 tradesToday=0 bars=0 | arms=trend 0/0.00, breakout 0/0.00
2025-10-08 08:53:14 INFO [HB] active    | dayR=0.00R open=0 tradesToday=0 bars=0 | arms=trend 0/0.00, breakout 0/0.00
[2025-10-08 08:53:15] [WD] hb uptime=250s restarts=0 child_alive=True
[2025-10-08 08:53:20] [WD] hb uptime=255s restarts=0 child_alive=True
2025-10-08 08:53:14 INFO [HB] active    | dayR=0.00R open=0 tradesToday=0 bars=0 | arms=trend 0/0.00, breakout 0/0.00
2025-10-08 08:53:15 INFO [HB] active    | dayR=0.00R open=0 tradesToday=0 bars=0 | arms=trend 0/0.00, breakout 0/0.00
2025-10-08 08:53:15 INFO [HB] active    | dayR=0.00R open=0 tradesToday=0 bars=0 | arms=trend 0/0.00, breakout 0/0.00
2025-10-08 08:53:16 INFO [HB] active    | dayR=0.00R open=0 tradesToday=0 bars=0 | arms=trend 0/0.00, breakout 0/0.00
2025-10-08 08:53:16 INFO [HB] active    | dayR=0.00R open=0 tradesToday=0 bars=0 | arms=trend 0/0.00, breakout 0/0.00
2025-10-08 08:53:17 INFO [HB] active    | dayR=0.00R open=0 tradesToday=0 bars=0 | arms=trend 0/0.00, breakout 0/0.00
2025-10-08 08:53:17 INFO [HB] active    | dayR=0.00R open=0 tradesToday=0 bars=0 | arms=trend 0/0.00, breakout 0/0.00
2025-10-08 08:53:18 INFO [HB] active    | dayR=0.00R open=0 tradesToday=0 bars=0 | arms=trend 0/0.00, breakout 0/0.00
2025-10-08 08:53:18 INFO [HB] active    | dayR=0.00R open=0 tradesToday=0 bars=0 | arms=trend 0/0.00, breakout 0/0.00
2025-10-08 08:53:19 INFO [HB] active    | dayR=0.00R open=0 tradesToday=0 bars=0 | arms=trend 0/0.00, breakout 0/0.00
2025-10-08 08:53:19 INFO [HB] active    | dayR=0.00R open=0 tradesToday=0 bars=0 | arms=trend 0/0.00, breakout 0/0.00
2025-10-08 08:53:20 INFO [HB] active    | dayR=0.00R open=0 tradesToday=0 bars=0 | arms=trend 0/0.00, breakout 0/0.00
2025-10-08 08:53:20 INFO [HB] active    | dayR=0.00R open=0 tradesToday=0 bars=0 | arms=trend 0/0.00, breakout 0/0.00
2025-10-08 08:53:21 INFO [HB] active    | dayR=0.00R open=0 tradesToday=0 bars=0 | arms=trend 0/0.00, breakout 0/0.00
2025-10-08 08:53:21 INFO [HB] active    | dayR=0.00R open=0 tradesToday=0 bars=0 | arms=trend 0/0.00, breakout 0/0.00
2025-10-08 08:53:22 INFO [HB] active    | dayR=0.00R open=0 tradesToday=0 bars=0 | arms=trend 0/0.00, breakout 0/0.00
2025-10-08 08:53:22 INFO [HB] active    | dayR=0.00R open=0 tradesToday=0 bars=0 | arms=trend 0/0.00, breakout 0/0.00
2025-10-08 08:53:23 INFO [HB] active    | dayR=0.00R open=0 tradesToday=0 bars=0 | arms=trend 0/0.00, breakout 0/0.00
[2025-10-08 08:53:23] EXIT CODE: 3221225786
