
[2025-10-08 10:06:10] CMD: C:\Users\owner\AppData\Local\Programs\Python\Python313\python.exe -X faulthandler -u C:\Users\owner\Desktop\es_futures_backtester\paper_trader.py --local-symbol ESZ5 --host 127.0.0.1 --port 7497 --clientId 111 --symbol ES --auto-front-month --entry-slippage-ticks 2 --atomic-bracket --qty 1 --risk-ticks 12 --tick-size 0.25 --tp-R 1.0 --enable-arms trend,breakout --gate-adx 19 --gate-bbbw 0.00020 --gate-atrp 0.000055 --min-hold-sec 60 --breakeven-after-R 2.2 --trail-atr-mult 3.2 --trail-delay-sec 240 --trail-on-bar-close --max-trades-per-day 12 --day-loss-cap-R 3 --strategy-cooldown-sec 150 --trade-start-ct 00:00 --trade-end-ct 23:59 --tif GTC --outsideRth --require-new-bar-after-start --startup-delay-sec 10 --debounce-one-bar --duration "1 D" --connect-timeout-sec 300 --timeout-sec 300 --chooser bandit_hybrid --bandit ucb --bandit-state .\data\learn\bandit_state.json --learn-log --learn-log-dir .\logs\learn --place-orders -v
[2025-10-08 10:06:15] [WD] hb uptime=5s restarts=0 child_alive=True
[2025-10-08 10:06:20] [WD] hb uptime=10s restarts=0 child_alive=True
[2025-10-08 10:06:25] [WD] hb uptime=15s restarts=0 child_alive=True
[2025-10-08 10:06:30] [WD] hb uptime=20s restarts=0 child_alive=True
[2025-10-08 10:06:35] [WD] hb uptime=25s restarts=0 child_alive=True
[2025-10-08 10:06:40] [WD] hb uptime=30s restarts=0 child_alive=True
[2025-10-08 10:06:45] [WD] hb uptime=35s restarts=0 child_alive=True
[2025-10-08 10:06:50] [WD] hb uptime=40s restarts=0 child_alive=True
Starting ES paper bot...
[CONNECT] 127.0.0.1:7497 clientId=111
Connected
[MD] Market data type set to LIVE (1)
[CONTRACT] Using localSymbol=ESZ5 conId=495512563 expiry=20251219
[BOOT] Hist seed: 360 bars
2025-10-08 10:06:21 INFO [HB] active    | src=SEED dayR=0.00R open=0 tradesToday=0 bars=360 | arms=trend 0/0.00, breakout 0/0.00
2025-10-08 10:06:21 INFO [HB] active    | src=SEED dayR=0.00R open=0 tradesToday=0 bars=360 | arms=trend 0/0.00, breakout 0/0.00
2025-10-08 10:06:22 INFO [HB] active    | src=SEED dayR=0.00R open=0 tradesToday=0 bars=360 | arms=trend 0/0.00, breakout 0/0.00
2025-10-08 10:06:22 INFO [HB] active    | src=SEED dayR=0.00R open=0 tradesToday=0 bars=360 | arms=trend 0/0.00, breakout 0/0.00
2025-10-08 10:06:23 INFO [HB] active    | src=SEED dayR=0.00R open=0 tradesToday=0 bars=360 | arms=trend 0/0.00, breakout 0/0.00
2025-10-08 10:06:23 INFO [HB] active    | src=SEED dayR=0.00R open=0 tradesToday=0 bars=360 | arms=trend 0/0.00, breakout 0/0.00
2025-10-08 10:06:24 INFO [HB] active    | src=SEED dayR=0.00R open=0 tradesToday=0 bars=360 | arms=trend 0/0.00, breakout 0/0.00
2025-10-08 10:06:24 INFO [HB] active    | src=SEED dayR=0.00R open=0 tradesToday=0 bars=360 | arms=trend 0/0.00, breakout 0/0.00
2025-10-08 10:06:25 INFO [HB] active    | src=SEED dayR=0.00R open=0 tradesToday=0 bars=360 | arms=trend 0/0.00, breakout 0/0.00
2025-10-08 10:06:25 INFO [HB] active    | src=SEED dayR=0.00R open=0 tradesToday=0 bars=360 | arms=trend 0/0.00, breakout 0/0.00
2025-10-08 10:06:26 INFO [HB] active    | src=SEED dayR=0.00R open=0 tradesToday=0 bars=360 | arms=trend 0/0.00, breakout 0/0.00
2025-10-08 10:06:26 INFO [HB] active    | src=SEED dayR=0.00R open=0 tradesToday=0 bars=360 | arms=trend 0/0.00, breakout 0/0.00
2025-10-08 10:06:27 INFO [HB] active    | src=SEED dayR=0.00R open=0 tradesToday=0 bars=360 | arms=trend 0/0.00, breakout 0/0.00
2025-10-08 10:06:27 INFO [HB] active    | src=SEED dayR=0.00R open=0 tradesToday=0 bars=360 | arms=trend 0/0.00, breakout 0/0.00
2025-10-08 10:06:28 INFO [HB] active    | src=SEED dayR=0.00R open=0 tradesToday=0 bars=360 | arms=trend 0/0.00, breakout 0/0.00
2025-10-08 10:06:28 INFO [HB] active    | src=SEED dayR=0.00R open=0 tradesToday=0 bars=360 | arms=trend 0/0.00, breakout 0/0.00
2025-10-08 10:06:29 INFO [HB] active    | src=SEED dayR=0.00R open=0 tradesToday=0 bars=360 | arms=trend 0/0.00, breakout 0/0.00
2025-10-08 10:06:29 INFO [HB] active    | src=SEED dayR=0.00R open=0 tradesToday=0 bars=360 | arms=trend 0/0.00, breakout 0/0.00
2025-10-08 10:06:30 INFO [HB] active    | src=SEED dayR=0.00R open=0 tradesToday=0 bars=360 | arms=trend 0/0.00, breakout 0/0.00
2025-10-08 10:06:30 INFO [HB] active    | src=SEED dayR=0.00R open=0 tradesToday=0 bars=360 | arms=trend 0/0.00, breakout 0/0.00
[MD] Switched to DELAYED (3) market data (no live bars arrived).
2025-10-08 10:06:31 INFO [HB] active    | src=SEED dayR=0.00R open=0 tradesToday=0 bars=360 | arms=trend 0/0.00, breakout 0/0.00
2025-10-08 10:06:31 INFO [HB] active    | src=SEED dayR=0.00R open=0 tradesToday=0 bars=360 | arms=trend 0/0.00, breakout 0/0.00
2025-10-08 10:06:32 INFO [HB] active    | src=SEED dayR=0.00R open=0 tradesToday=0 bars=360 | arms=trend 0/0.00, breakout 0/0.00
2025-10-08 10:06:32 INFO [HB] active    | src=SEED dayR=0.00R open=0 tradesToday=0 bars=360 | arms=trend 0/0.00, breakout 0/0.00
2025-10-08 10:06:33 INFO [HB] active    | src=SEED dayR=0.00R open=0 tradesToday=0 bars=360 | arms=trend 0/0.00, breakout 0/0.00
2025-10-08 10:06:33 INFO [HB] active    | src=SEED dayR=0.00R open=0 tradesToday=0 bars=360 | arms=trend 0/0.00, breakout 0/0.00
2025-10-08 10:06:34 INFO [HB] active    | src=SEED dayR=0.00R open=0 tradesToday=0 bars=360 | arms=trend 0/0.00, breakout 0/0.00
2025-10-08 10:06:34 INFO [HB] active    | src=SEED dayR=0.00R open=0 tradesToday=0 bars=360 | arms=trend 0/0.00, breakout 0/0.00
2025-10-08 10:06:35 INFO [HB] active    | src=SEED dayR=0.00R open=0 tradesToday=0 bars=360 | arms=trend 0/0.00, breakout 0/0.00
2025-10-08 10:06:35 INFO [HB] active    | src=SEED dayR=0.00R open=0 tradesToday=0 bars=360 | arms=trend 0/0.00, breakout 0/0.00
2025-10-08 10:06:36 INFO [HB] active    | src=SEED dayR=0.00R open=0 tradesToday=0 bars=360 | arms=trend 0/0.00, breakout 0/0.00
2025-10-08 10:06:36 INFO [HB] active    | src=SEED dayR=0.00R open=0 tradesToday=0 bars=360 | arms=trend 0/0.00, breakout 0/0.00
2025-10-08 10:06:37 INFO [HB] active    | src=SEED dayR=0.00R open=0 tradesToday=0 bars=360 | arms=trend 0/0.00, breakout 0/0.00
2025-10-08 10:06:37 INFO [HB] active    | src=SEED dayR=0.00R open=0 tradesToday=0 bars=360 | arms=trend 0/0.00, breakout 0/0.00
2025-10-08 10:06:38 INFO [HB] active    | src=SEED dayR=0.00R open=0 tradesToday=0 bars=360 | arms=trend 0/0.00, breakout 0/0.00
2025-10-08 10:06:38 INFO [HB] active    | src=SEED dayR=0.00R open=0 tradesToday=0 bars=360 | arms=trend 0/0.00, breakout 0/0.00
2025-10-08 10:06:39 INFO [HB] active    | src=SEED dayR=0.00R open=0 tradesToday=0 bars=360 | arms=trend 0/0.00, breakout 0/0.00
2025-10-08 10:06:39 INFO [HB] active    | src=SEED dayR=0.00R open=0 tradesToday=0 bars=360 | arms=trend 0/0.00, breakout 0/0.00
2025-10-08 10:06:40 INFO [HB] active    | src=SEED dayR=0.00R open=0 tradesToday=0 bars=360 | arms=trend 0/0.00, breakout 0/0.00
2025-10-08 10:06:40 INFO [HB] active    | src=SEED dayR=0.00R open=0 tradesToday=0 bars=360 | arms=trend 0/0.00, breakout 0/0.00
2025-10-08 10:06:41 INFO [HB] active    | src=SEED dayR=0.00R open=0 tradesToday=0 bars=360 | arms=trend 0/0.00, breakout 0/0.00
2025-10-08 10:06:41 INFO [HB] active    | src=SEED dayR=0.00R open=0 tradesToday=0 bars=360 | arms=trend 0/0.00, breakout 0/0.00
2025-10-08 10:06:42 INFO [HB] active    | src=SEED dayR=0.00R open=0 tradesToday=0 bars=360 | arms=trend 0/0.00, breakout 0/0.00
2025-10-08 10:06:42 INFO [HB] active    | src=SEED dayR=0.00R open=0 tradesToday=0 bars=360 | arms=trend 0/0.00, breakout 0/0.00
2025-10-08 10:06:43 INFO [HB] active    | src=SEED dayR=0.00R open=0 tradesToday=0 bars=360 | arms=trend 0/0.00, breakout 0/0.00
2025-10-08 10:06:43 INFO [HB] active    | src=SEED dayR=0.00R open=0 tradesToday=0 bars=360 | arms=trend 0/0.00, breakout 0/0.00
2025-10-08 10:06:44 INFO [HB] active    | src=SEED dayR=0.00R open=0 tradesToday=0 bars=360 | arms=trend 0/0.00, breakout 0/0.00
2025-10-08 10:06:44 INFO [HB] active    | src=SEED dayR=0.00R open=0 tradesToday=0 bars=360 | arms=trend 0/0.00, breakout 0/0.00
2025-10-08 10:06:45 INFO [HB] active    | src=SEED dayR=0.00R open=0 tradesToday=0 bars=360 | arms=trend 0/0.00, breakout 0/0.00
2025-10-08 10:06:45 INFO [HB] active    | src=SEED dayR=0.00R open=0 tradesToday=0 bars=360 | arms=trend 0/0.00, breakout 0/0.00
2025-10-08 10:06:46 INFO [HB] active    | src=SEED dayR=0.00R open=0 tradesToday=0 bars=360 | arms=trend 0/0.00, breakout 0/0.00
2025-10-08 10:06:46 INFO [HB] active    | src=SEED dayR=0.00R open=0 tradesToday=0 bars=360 | arms=trend 0/0.00, breakout 0/0.00
2025-10-08 10:06:47 INFO [HB] active    | src=SEED dayR=0.00R open=0 tradesToday=0 bars=360 | arms=trend 0/0.00, breakout 0/0.00
2025-10-08 10:06:47 INFO [HB] active    | src=SEED dayR=0.00R open=0 tradesToday=0 bars=360 | arms=trend 0/0.00, breakout 0/0.00
2025-10-08 10:06:48 INFO [HB] active    | src=SEED dayR=0.00R open=0 tradesToday=0 bars=360 | arms=trend 0/0.00, breakout 0/0.00
2025-10-08 10:06:48 INFO [HB] active    | src=SEED dayR=0.00R open=0 tradesToday=0 bars=360 | arms=trend 0/0.00, breakout 0/0.00
2025-10-08 10:06:49 INFO [HB] active    | src=SEED dayR=0.00R open=0 tradesToday=0 bars=360 | arms=trend 0/0.00, breakout 0/0.00
2025-10-08 10:06:49 INFO [HB] active    | src=SEED dayR=0.00R open=0 tradesToday=0 bars=360 | arms=trend 0/0.00, breakout 0/0.00
2025-10-08 10:06:50 INFO [HB] active    | src=SEED dayR=0.00R open=0 tradesToday=0 bars=360 | arms=trend 0/0.00, breakout 0/0.00
2025-10-08 10:06:50 INFO [HB] active    | src=SEED dayR=0.00R open=0 tradesToday=0 bars=360 | arms=trend 0/0.00, breakout 0/0.00
2025-10-08 10:06:51 INFO [HB] active    | src=SEED dayR=0.00R open=0 tradesToday=0 bars=360 | arms=trend 0/0.00, breakout 0/0.00
[2025-10-08 10:06:55] [WD] hb uptime=45s restarts=0 child_alive=True
[2025-10-08 10:07:00] [WD] hb uptime=50s restarts=0 child_alive=True
[2025-10-08 10:07:05] [WD] hb uptime=55s restarts=0 child_alive=True
[2025-10-08 10:07:10] [WD] hb uptime=60s restarts=0 child_alive=True
[2025-10-08 10:07:15] [WD] hb uptime=65s restarts=0 child_alive=True
[2025-10-08 10:07:20] [WD] hb uptime=70s restarts=0 child_alive=True
2025-10-08 10:06:51 INFO [HB] active    | src=SEED dayR=0.00R open=0 tradesToday=0 bars=360 | arms=trend 0/0.00, breakout 0/0.00
2025-10-08 10:06:52 INFO [HB] active    | src=SEED dayR=0.00R open=0 tradesToday=0 bars=360 | arms=trend 0/0.00, breakout 0/0.00
2025-10-08 10:06:52 INFO [HB] active    | src=SEED dayR=0.00R open=0 tradesToday=0 bars=360 | arms=trend 0/0.00, breakout 0/0.00
2025-10-08 10:06:53 INFO [HB] active    | src=SEED dayR=0.00R open=0 tradesToday=0 bars=360 | arms=trend 0/0.00, breakout 0/0.00
2025-10-08 10:06:53 INFO [HB] active    | src=SEED dayR=0.00R open=0 tradesToday=0 bars=360 | arms=trend 0/0.00, breakout 0/0.00
2025-10-08 10:06:54 INFO [HB] active    | src=SEED dayR=0.00R open=0 tradesToday=0 bars=360 | arms=trend 0/0.00, breakout 0/0.00
2025-10-08 10:06:54 INFO [HB] active    | src=SEED dayR=0.00R open=0 tradesToday=0 bars=360 | arms=trend 0/0.00, breakout 0/0.00
2025-10-08 10:06:55 INFO [HB] active    | src=SEED dayR=0.00R open=0 tradesToday=0 bars=360 | arms=trend 0/0.00, breakout 0/0.00
2025-10-08 10:06:55 INFO [HB] active    | src=SEED dayR=0.00R open=0 tradesToday=0 bars=360 | arms=trend 0/0.00, breakout 0/0.00
2025-10-08 10:06:56 INFO [HB] active    | src=SEED dayR=0.00R open=0 tradesToday=0 bars=360 | arms=trend 0/0.00, breakout 0/0.00
2025-10-08 10:06:56 INFO [HB] active    | src=SEED dayR=0.00R open=0 tradesToday=0 bars=360 | arms=trend 0/0.00, breakout 0/0.00
2025-10-08 10:06:57 INFO [HB] active    | src=SEED dayR=0.00R open=0 tradesToday=0 bars=360 | arms=trend 0/0.00, breakout 0/0.00
2025-10-08 10:06:57 INFO [HB] active    | src=SEED dayR=0.00R open=0 tradesToday=0 bars=360 | arms=trend 0/0.00, breakout 0/0.00
2025-10-08 10:06:58 INFO [HB] active    | src=SEED dayR=0.00R open=0 tradesToday=0 bars=360 | arms=trend 0/0.00, breakout 0/0.00
2025-10-08 10:06:58 INFO [HB] active    | src=SEED dayR=0.00R open=0 tradesToday=0 bars=360 | arms=trend 0/0.00, breakout 0/0.00
2025-10-08 10:06:59 INFO [HB] active    | src=SEED dayR=0.00R open=0 tradesToday=0 bars=360 | arms=trend 0/0.00, breakout 0/0.00
2025-10-08 10:06:59 INFO [HB] active    | src=SEED dayR=0.00R open=0 tradesToday=0 bars=360 | arms=trend 0/0.00, breakout 0/0.00
2025-10-08 10:07:00 INFO [HB] active    | src=SEED dayR=0.00R open=0 tradesToday=0 bars=360 | arms=trend 0/0.00, breakout 0/0.00
2025-10-08 10:07:00 INFO [HB] active    | src=SEED dayR=0.00R open=0 tradesToday=0 bars=360 | arms=trend 0/0.00, breakout 0/0.00
2025-10-08 10:07:01 INFO [HB] active    | src=SEED dayR=0.00R open=0 tradesToday=0 bars=360 | arms=trend 0/0.00, breakout 0/0.00
2025-10-08 10:07:01 INFO [HB] active    | src=SEED dayR=0.00R open=0 tradesToday=0 bars=360 | arms=trend 0/0.00, breakout 0/0.00
2025-10-08 10:07:02 INFO [HB] active    | src=SEED dayR=0.00R open=0 tradesToday=0 bars=360 | arms=trend 0/0.00, breakout 0/0.00
2025-10-08 10:07:02 INFO [HB] active    | src=SEED dayR=0.00R open=0 tradesToday=0 bars=360 | arms=trend 0/0.00, breakout 0/0.00
2025-10-08 10:07:03 INFO [HB] active    | src=SEED dayR=0.00R open=0 tradesToday=0 bars=360 | arms=trend 0/0.00, breakout 0/0.00
2025-10-08 10:07:03 INFO [HB] active    | src=SEED dayR=0.00R open=0 tradesToday=0 bars=360 | arms=trend 0/0.00, breakout 0/0.00
2025-10-08 10:07:04 INFO [HB] active    | src=SEED dayR=0.00R open=0 tradesToday=0 bars=360 | arms=trend 0/0.00, breakout 0/0.00
2025-10-08 10:07:04 INFO [HB] active    | src=SEED dayR=0.00R open=0 tradesToday=0 bars=360 | arms=trend 0/0.00, breakout 0/0.00
2025-10-08 10:07:05 INFO [HB] active    | src=SEED dayR=0.00R open=0 tradesToday=0 bars=360 | arms=trend 0/0.00, breakout 0/0.00
2025-10-08 10:07:05 INFO [HB] active    | src=SEED dayR=0.00R open=0 tradesToday=0 bars=360 | arms=trend 0/0.00, breakout 0/0.00
2025-10-08 10:07:06 INFO [HB] active    | src=SEED dayR=0.00R open=0 tradesToday=0 bars=360 | arms=trend 0/0.00, breakout 0/0.00
2025-10-08 10:07:06 INFO [HB] active    | src=SEED dayR=0.00R open=0 tradesToday=0 bars=360 | arms=trend 0/0.00, breakout 0/0.00
2025-10-08 10:07:07 INFO [HB] active    | src=SEED dayR=0.00R open=0 tradesToday=0 bars=360 | arms=trend 0/0.00, breakout 0/0.00
2025-10-08 10:07:07 INFO [HB] active    | src=SEED dayR=0.00R open=0 tradesToday=0 bars=360 | arms=trend 0/0.00, breakout 0/0.00
2025-10-08 10:07:08 INFO [HB] active    | src=SEED dayR=0.00R open=0 tradesToday=0 bars=360 | arms=trend 0/0.00, breakout 0/0.00
2025-10-08 10:07:08 INFO [HB] active    | src=SEED dayR=0.00R open=0 tradesToday=0 bars=360 | arms=trend 0/0.00, breakout 0/0.00
2025-10-08 10:07:09 INFO [HB] active    | src=SEED dayR=0.00R open=0 tradesToday=0 bars=360 | arms=trend 0/0.00, breakout 0/0.00
2025-10-08 10:07:09 INFO [HB] active    | src=SEED dayR=0.00R open=0 tradesToday=0 bars=360 | arms=trend 0/0.00, breakout 0/0.00
2025-10-08 10:07:10 INFO [HB] active    | src=SEED dayR=0.00R open=0 tradesToday=0 bars=360 | arms=trend 0/0.00, breakout 0/0.00
2025-10-08 10:07:10 INFO [HB] active    | src=SEED dayR=0.00R open=0 tradesToday=0 bars=360 | arms=trend 0/0.00, breakout 0/0.00
2025-10-08 10:07:11 INFO [HB] active    | src=SEED dayR=0.00R open=0 tradesToday=0 bars=360 | arms=trend 0/0.00, breakout 0/0.00
2025-10-08 10:07:11 INFO [HB] active    | src=SEED dayR=0.00R open=0 tradesToday=0 bars=360 | arms=trend 0/0.00, breakout 0/0.00
2025-10-08 10:07:12 INFO [HB] active    | src=SEED dayR=0.00R open=0 tradesToday=0 bars=360 | arms=trend 0/0.00, breakout 0/0.00
2025-10-08 10:07:12 INFO [HB] active    | src=SEED dayR=0.00R open=0 tradesToday=0 bars=360 | arms=trend 0/0.00, breakout 0/0.00
2025-10-08 10:07:13 INFO [HB] active    | src=SEED dayR=0.00R open=0 tradesToday=0 bars=360 | arms=trend 0/0.00, breakout 0/0.00
2025-10-08 10:07:13 INFO [HB] active    | src=SEED dayR=0.00R open=0 tradesToday=0 bars=360 | arms=trend 0/0.00, breakout 0/0.00
2025-10-08 10:07:14 INFO [HB] active    | src=SEED dayR=0.00R open=0 tradesToday=0 bars=360 | arms=trend 0/0.00, breakout 0/0.00
2025-10-08 10:07:14 INFO [HB] active    | src=SEED dayR=0.00R open=0 tradesToday=0 bars=360 | arms=trend 0/0.00, breakout 0/0.00
2025-10-08 10:07:15 INFO [HB] active    | src=SEED dayR=0.00R open=0 tradesToday=0 bars=360 | arms=trend 0/0.00, breakout 0/0.00
2025-10-08 10:07:15 INFO [HB] active    | src=SEED dayR=0.00R open=0 tradesToday=0 bars=360 | arms=trend 0/0.00, breakout 0/0.00
2025-10-08 10:07:16 INFO [HB] active    | src=SEED dayR=0.00R open=0 tradesToday=0 bars=360 | arms=trend 0/0.00, breakout 0/0.00
2025-10-08 10:07:16 INFO [HB] active    | src=SEED dayR=0.00R open=0 tradesToday=0 bars=360 | arms=trend 0/0.00, breakout 0/0.00
2025-10-08 10:07:17 INFO [HB] active    | src=SEED dayR=0.00R open=0 tradesToday=0 bars=360 | arms=trend 0/0.00, breakout 0/0.00
2025-10-08 10:07:17 INFO [HB] active    | src=SEED dayR=0.00R open=0 tradesToday=0 bars=360 | arms=trend 0/0.00, breakout 0/0.00
2025-10-08 10:07:18 INFO [HB] active    | src=SEED dayR=0.00R open=0 tradesToday=0 bars=360 | arms=trend 0/0.00, breakout 0/0.00
2025-10-08 10:07:18 INFO [HB] active    | src=SEED dayR=0.00R open=0 tradesToday=0 bars=360 | arms=trend 0/0.00, breakout 0/0.00
2025-10-08 10:07:19 INFO [HB] active    | src=SEED dayR=0.00R open=0 tradesToday=0 bars=360 | arms=trend 0/0.00, breakout 0/0.00
2025-10-08 10:07:19 INFO [HB] active    | src=SEED dayR=0.00R open=0 tradesToday=0 bars=360 | arms=trend 0/0.00, breakout 0/0.00
2025-10-08 10:07:20 INFO [HB] active    | src=SEED dayR=0.00R open=0 tradesToday=0 bars=360 | arms=trend 0/0.00, breakout 0/0.00
2025-10-08 10:07:20 INFO [HB] active    | src=SEED dayR=0.00R open=0 tradesToday=0 bars=360 | arms=trend 0/0.00, breakout 0/0.00
2025-10-08 10:07:21 INFO [HB] active    | src=SEED dayR=0.00R open=0 tradesToday=0 bars=360 | arms=trend 0/0.00, breakout 0/0.00
2025-10-08 10:07:21 INFO [HB] active    | src=SEED dayR=0.00R open=0 tradesToday=0 bars=360 | arms=trend 0/0.00, breakout 0/0.00
2025-10-08 10:07:22 INFO [HB] active    | src=SEED dayR=0.00R open=0 tradesToday=0 bars=360 | arms=trend 0/0.00, breakout 0/0.00
2025-10-08 10:07:22 INFO [HB] active    | src=SEED dayR=0.00R open=0 tradesToday=0 bars=360 | arms=trend 0/0.00, breakout 0/0.00
2025-10-08 10:07:23 INFO [HB] active    | src=SEED dayR=0.00R open=0 tradesToday=0 bars=360 | arms=trend 0/0.00, breakout 0/0.00
[2025-10-08 10:07:25] [WD] hb uptime=75s restarts=0 child_alive=True
[2025-10-08 10:07:30] [WD] hb uptime=80s restarts=0 child_alive=True
[2025-10-08 10:07:35] [WD] hb uptime=85s restarts=0 child_alive=True
[2025-10-08 10:07:40] [WD] hb uptime=90s restarts=0 child_alive=True
[2025-10-08 10:07:45] [WD] hb uptime=95s restarts=0 child_alive=True
[2025-10-08 10:07:50] [WD] hb uptime=100s restarts=0 child_alive=True
[2025-10-08 10:07:55] [WD] hb uptime=105s restarts=0 child_alive=True
2025-10-08 10:07:23 INFO [HB] active    | src=SEED dayR=0.00R open=0 tradesToday=0 bars=360 | arms=trend 0/0.00, breakout 0/0.00
2025-10-08 10:07:24 INFO [HB] active    | src=SEED dayR=0.00R open=0 tradesToday=0 bars=360 | arms=trend 0/0.00, breakout 0/0.00
2025-10-08 10:07:24 INFO [HB] active    | src=SEED dayR=0.00R open=0 tradesToday=0 bars=360 | arms=trend 0/0.00, breakout 0/0.00
2025-10-08 10:07:25 INFO [HB] active    | src=SEED dayR=0.00R open=0 tradesToday=0 bars=360 | arms=trend 0/0.00, breakout 0/0.00
2025-10-08 10:07:25 INFO [HB] active    | src=SEED dayR=0.00R open=0 tradesToday=0 bars=360 | arms=trend 0/0.00, breakout 0/0.00
2025-10-08 10:07:26 INFO [HB] active    | src=SEED dayR=0.00R open=0 tradesToday=0 bars=360 | arms=trend 0/0.00, breakout 0/0.00
2025-10-08 10:07:26 INFO [HB] active    | src=SEED dayR=0.00R open=0 tradesToday=0 bars=360 | arms=trend 0/0.00, breakout 0/0.00
2025-10-08 10:07:27 INFO [HB] active    | src=SEED dayR=0.00R open=0 tradesToday=0 bars=360 | arms=trend 0/0.00, breakout 0/0.00
2025-10-08 10:07:27 INFO [HB] active    | src=SEED dayR=0.00R open=0 tradesToday=0 bars=360 | arms=trend 0/0.00, breakout 0/0.00
2025-10-08 10:07:28 INFO [HB] active    | src=SEED dayR=0.00R open=0 tradesToday=0 bars=360 | arms=trend 0/0.00, breakout 0/0.00
2025-10-08 10:07:28 INFO [HB] active    | src=SEED dayR=0.00R open=0 tradesToday=0 bars=360 | arms=trend 0/0.00, breakout 0/0.00
2025-10-08 10:07:29 INFO [HB] active    | src=SEED dayR=0.00R open=0 tradesToday=0 bars=360 | arms=trend 0/0.00, breakout 0/0.00
2025-10-08 10:07:29 INFO [HB] active    | src=SEED dayR=0.00R open=0 tradesToday=0 bars=360 | arms=trend 0/0.00, breakout 0/0.00
2025-10-08 10:07:30 INFO [HB] active    | src=SEED dayR=0.00R open=0 tradesToday=0 bars=360 | arms=trend 0/0.00, breakout 0/0.00
2025-10-08 10:07:30 INFO [HB] active    | src=SEED dayR=0.00R open=0 tradesToday=0 bars=360 | arms=trend 0/0.00, breakout 0/0.00
2025-10-08 10:07:31 INFO [HB] active    | src=SEED dayR=0.00R open=0 tradesToday=0 bars=360 | arms=trend 0/0.00, breakout 0/0.00
2025-10-08 10:07:31 INFO [HB] active    | src=SEED dayR=0.00R open=0 tradesToday=0 bars=360 | arms=trend 0/0.00, breakout 0/0.00
2025-10-08 10:07:32 INFO [HB] active    | src=SEED dayR=0.00R open=0 tradesToday=0 bars=360 | arms=trend 0/0.00, breakout 0/0.00
2025-10-08 10:07:32 INFO [HB] active    | src=SEED dayR=0.00R open=0 tradesToday=0 bars=360 | arms=trend 0/0.00, breakout 0/0.00
2025-10-08 10:07:33 INFO [HB] active    | src=SEED dayR=0.00R open=0 tradesToday=0 bars=360 | arms=trend 0/0.00, breakout 0/0.00
2025-10-08 10:07:33 INFO [HB] active    | src=SEED dayR=0.00R open=0 tradesToday=0 bars=360 | arms=trend 0/0.00, breakout 0/0.00
2025-10-08 10:07:34 INFO [HB] active    | src=SEED dayR=0.00R open=0 tradesToday=0 bars=360 | arms=trend 0/0.00, breakout 0/0.00
2025-10-08 10:07:34 INFO [HB] active    | src=SEED dayR=0.00R open=0 tradesToday=0 bars=360 | arms=trend 0/0.00, breakout 0/0.00
2025-10-08 10:07:35 INFO [HB] active    | src=SEED dayR=0.00R open=0 tradesToday=0 bars=360 | arms=trend 0/0.00, breakout 0/0.00
2025-10-08 10:07:35 INFO [HB] active    | src=SEED dayR=0.00R open=0 tradesToday=0 bars=360 | arms=trend 0/0.00, breakout 0/0.00
2025-10-08 10:07:36 INFO [HB] active    | src=SEED dayR=0.00R open=0 tradesToday=0 bars=360 | arms=trend 0/0.00, breakout 0/0.00
2025-10-08 10:07:36 INFO [HB] active    | src=SEED dayR=0.00R open=0 tradesToday=0 bars=360 | arms=trend 0/0.00, breakout 0/0.00
2025-10-08 10:07:37 INFO [HB] active    | src=SEED dayR=0.00R open=0 tradesToday=0 bars=360 | arms=trend 0/0.00, breakout 0/0.00
2025-10-08 10:07:37 INFO [HB] active    | src=SEED dayR=0.00R open=0 tradesToday=0 bars=360 | arms=trend 0/0.00, breakout 0/0.00
2025-10-08 10:07:38 INFO [HB] active    | src=SEED dayR=0.00R open=0 tradesToday=0 bars=360 | arms=trend 0/0.00, breakout 0/0.00
2025-10-08 10:07:38 INFO [HB] active    | src=SEED dayR=0.00R open=0 tradesToday=0 bars=360 | arms=trend 0/0.00, breakout 0/0.00
2025-10-08 10:07:39 INFO [HB] active    | src=SEED dayR=0.00R open=0 tradesToday=0 bars=360 | arms=trend 0/0.00, breakout 0/0.00
2025-10-08 10:07:39 INFO [HB] active    | src=SEED dayR=0.00R open=0 tradesToday=0 bars=360 | arms=trend 0/0.00, breakout 0/0.00
2025-10-08 10:07:40 INFO [HB] active    | src=SEED dayR=0.00R open=0 tradesToday=0 bars=360 | arms=trend 0/0.00, breakout 0/0.00
2025-10-08 10:07:40 INFO [HB] active    | src=SEED dayR=0.00R open=0 tradesToday=0 bars=360 | arms=trend 0/0.00, breakout 0/0.00
2025-10-08 10:07:41 INFO [HB] active    | src=SEED dayR=0.00R open=0 tradesToday=0 bars=360 | arms=trend 0/0.00, breakout 0/0.00
2025-10-08 10:07:41 INFO [HB] active    | src=SEED dayR=0.00R open=0 tradesToday=0 bars=360 | arms=trend 0/0.00, breakout 0/0.00
2025-10-08 10:07:42 INFO [HB] active    | src=SEED dayR=0.00R open=0 tradesToday=0 bars=360 | arms=trend 0/0.00, breakout 0/0.00
2025-10-08 10:07:43 INFO [HB] active    | src=SEED dayR=0.00R open=0 tradesToday=0 bars=360 | arms=trend 0/0.00, breakout 0/0.00
2025-10-08 10:07:43 INFO [HB] active    | src=SEED dayR=0.00R open=0 tradesToday=0 bars=360 | arms=trend 0/0.00, breakout 0/0.00
2025-10-08 10:07:44 INFO [HB] active    | src=SEED dayR=0.00R open=0 tradesToday=0 bars=360 | arms=trend 0/0.00, breakout 0/0.00
2025-10-08 10:07:44 INFO [HB] active    | src=SEED dayR=0.00R open=0 tradesToday=0 bars=360 | arms=trend 0/0.00, breakout 0/0.00
2025-10-08 10:07:45 INFO [HB] active    | src=SEED dayR=0.00R open=0 tradesToday=0 bars=360 | arms=trend 0/0.00, breakout 0/0.00
2025-10-08 10:07:45 INFO [HB] active    | src=SEED dayR=0.00R open=0 tradesToday=0 bars=360 | arms=trend 0/0.00, breakout 0/0.00
2025-10-08 10:07:46 INFO [HB] active    | src=SEED dayR=0.00R open=0 tradesToday=0 bars=360 | arms=trend 0/0.00, breakout 0/0.00
2025-10-08 10:07:46 INFO [HB] active    | src=SEED dayR=0.00R open=0 tradesToday=0 bars=360 | arms=trend 0/0.00, breakout 0/0.00
2025-10-08 10:07:47 INFO [HB] active    | src=SEED dayR=0.00R open=0 tradesToday=0 bars=360 | arms=trend 0/0.00, breakout 0/0.00
2025-10-08 10:07:47 INFO [HB] active    | src=SEED dayR=0.00R open=0 tradesToday=0 bars=360 | arms=trend 0/0.00, breakout 0/0.00
2025-10-08 10:07:48 INFO [HB] active    | src=SEED dayR=0.00R open=0 tradesToday=0 bars=360 | arms=trend 0/0.00, breakout 0/0.00
2025-10-08 10:07:48 INFO [HB] active    | src=SEED dayR=0.00R open=0 tradesToday=0 bars=360 | arms=trend 0/0.00, breakout 0/0.00
2025-10-08 10:07:49 INFO [HB] active    | src=SEED dayR=0.00R open=0 tradesToday=0 bars=360 | arms=trend 0/0.00, breakout 0/0.00
2025-10-08 10:07:49 INFO [HB] active    | src=SEED dayR=0.00R open=0 tradesToday=0 bars=360 | arms=trend 0/0.00, breakout 0/0.00
2025-10-08 10:07:50 INFO [HB] active    | src=SEED dayR=0.00R open=0 tradesToday=0 bars=360 | arms=trend 0/0.00, breakout 0/0.00
2025-10-08 10:07:50 INFO [HB] active    | src=SEED dayR=0.00R open=0 tradesToday=0 bars=360 | arms=trend 0/0.00, breakout 0/0.00
2025-10-08 10:07:51 INFO [HB] active    | src=SEED dayR=0.00R open=0 tradesToday=0 bars=360 | arms=trend 0/0.00, breakout 0/0.00
2025-10-08 10:07:51 INFO [HB] active    | src=SEED dayR=0.00R open=0 tradesToday=0 bars=360 | arms=trend 0/0.00, breakout 0/0.00
2025-10-08 10:07:52 INFO [HB] active    | src=SEED dayR=0.00R open=0 tradesToday=0 bars=360 | arms=trend 0/0.00, breakout 0/0.00
2025-10-08 10:07:52 INFO [HB] active    | src=SEED dayR=0.00R open=0 tradesToday=0 bars=360 | arms=trend 0/0.00, breakout 0/0.00
2025-10-08 10:07:53 INFO [HB] active    | src=SEED dayR=0.00R open=0 tradesToday=0 bars=360 | arms=trend 0/0.00, breakout 0/0.00
2025-10-08 10:07:53 INFO [HB] active    | src=SEED dayR=0.00R open=0 tradesToday=0 bars=360 | arms=trend 0/0.00, breakout 0/0.00
2025-10-08 10:07:54 INFO [HB] active    | src=SEED dayR=0.00R open=0 tradesToday=0 bars=360 | arms=trend 0/0.00, breakout 0/0.00
2025-10-08 10:07:54 INFO [HB] active    | src=SEED dayR=0.00R open=0 tradesToday=0 bars=360 | arms=trend 0/0.00, breakout 0/0.00
2025-10-08 10:07:55 INFO [HB] active    | src=SEED dayR=0.00R open=0 tradesToday=0 bars=360 | arms=trend 0/0.00, breakout 0/0.00
2025-10-08 10:07:55 INFO [HB] active    | src=SEED dayR=0.00R open=0 tradesToday=0 bars=360 | arms=trend 0/0.00, breakout 0/0.00
[2025-10-08 10:08:00] [WD] hb uptime=110s restarts=0 child_alive=True
[2025-10-08 10:08:05] [WD] hb uptime=115s restarts=0 child_alive=True
[2025-10-08 10:08:10] [WD] hb uptime=120s restarts=0 child_alive=True
[2025-10-08 10:08:15] [WD] hb uptime=125s restarts=0 child_alive=True
[2025-10-08 10:08:20] [WD] hb uptime=130s restarts=0 child_alive=True
[2025-10-08 10:08:25] [WD] hb uptime=135s restarts=0 child_alive=True
2025-10-08 10:07:56 INFO [HB] active    | src=SEED dayR=0.00R open=0 tradesToday=0 bars=360 | arms=trend 0/0.00, breakout 0/0.00
2025-10-08 10:07:56 INFO [HB] active    | src=SEED dayR=0.00R open=0 tradesToday=0 bars=360 | arms=trend 0/0.00, breakout 0/0.00
2025-10-08 10:07:57 INFO [HB] active    | src=SEED dayR=0.00R open=0 tradesToday=0 bars=360 | arms=trend 0/0.00, breakout 0/0.00
2025-10-08 10:07:57 INFO [HB] active    | src=SEED dayR=0.00R open=0 tradesToday=0 bars=360 | arms=trend 0/0.00, breakout 0/0.00
2025-10-08 10:07:58 INFO [HB] active    | src=SEED dayR=0.00R open=0 tradesToday=0 bars=360 | arms=trend 0/0.00, breakout 0/0.00
2025-10-08 10:07:58 INFO [HB] active    | src=SEED dayR=0.00R open=0 tradesToday=0 bars=360 | arms=trend 0/0.00, breakout 0/0.00
2025-10-08 10:07:59 INFO [HB] active    | src=SEED dayR=0.00R open=0 tradesToday=0 bars=360 | arms=trend 0/0.00, breakout 0/0.00
2025-10-08 10:07:59 INFO [HB] active    | src=SEED dayR=0.00R open=0 tradesToday=0 bars=360 | arms=trend 0/0.00, breakout 0/0.00
2025-10-08 10:08:00 INFO [HB] active    | src=SEED dayR=0.00R open=0 tradesToday=0 bars=360 | arms=trend 0/0.00, breakout 0/0.00
2025-10-08 10:08:00 INFO [HB] active    | src=SEED dayR=0.00R open=0 tradesToday=0 bars=360 | arms=trend 0/0.00, breakout 0/0.00
2025-10-08 10:08:01 INFO [HB] active    | src=SEED dayR=0.00R open=0 tradesToday=0 bars=360 | arms=trend 0/0.00, breakout 0/0.00
2025-10-08 10:08:01 INFO [HB] active    | src=SEED dayR=0.00R open=0 tradesToday=0 bars=360 | arms=trend 0/0.00, breakout 0/0.00
2025-10-08 10:08:02 INFO [HB] active    | src=SEED dayR=0.00R open=0 tradesToday=0 bars=360 | arms=trend 0/0.00, breakout 0/0.00
2025-10-08 10:08:02 INFO [HB] active    | src=SEED dayR=0.00R open=0 tradesToday=0 bars=360 | arms=trend 0/0.00, breakout 0/0.00
2025-10-08 10:08:03 INFO [HB] active    | src=SEED dayR=0.00R open=0 tradesToday=0 bars=360 | arms=trend 0/0.00, breakout 0/0.00
2025-10-08 10:08:03 INFO [HB] active    | src=SEED dayR=0.00R open=0 tradesToday=0 bars=360 | arms=trend 0/0.00, breakout 0/0.00
2025-10-08 10:08:04 INFO [HB] active    | src=SEED dayR=0.00R open=0 tradesToday=0 bars=360 | arms=trend 0/0.00, breakout 0/0.00
2025-10-08 10:08:04 INFO [HB] active    | src=SEED dayR=0.00R open=0 tradesToday=0 bars=360 | arms=trend 0/0.00, breakout 0/0.00
2025-10-08 10:08:05 INFO [HB] active    | src=SEED dayR=0.00R open=0 tradesToday=0 bars=360 | arms=trend 0/0.00, breakout 0/0.00
2025-10-08 10:08:05 INFO [HB] active    | src=SEED dayR=0.00R open=0 tradesToday=0 bars=360 | arms=trend 0/0.00, breakout 0/0.00
2025-10-08 10:08:06 INFO [HB] active    | src=SEED dayR=0.00R open=0 tradesToday=0 bars=360 | arms=trend 0/0.00, breakout 0/0.00
2025-10-08 10:08:06 INFO [HB] active    | src=SEED dayR=0.00R open=0 tradesToday=0 bars=360 | arms=trend 0/0.00, breakout 0/0.00
2025-10-08 10:08:07 INFO [HB] active    | src=SEED dayR=0.00R open=0 tradesToday=0 bars=360 | arms=trend 0/0.00, breakout 0/0.00
2025-10-08 10:08:07 INFO [HB] active    | src=SEED dayR=0.00R open=0 tradesToday=0 bars=360 | arms=trend 0/0.00, breakout 0/0.00
2025-10-08 10:08:08 INFO [HB] active    | src=SEED dayR=0.00R open=0 tradesToday=0 bars=360 | arms=trend 0/0.00, breakout 0/0.00
2025-10-08 10:08:08 INFO [HB] active    | src=SEED dayR=0.00R open=0 tradesToday=0 bars=360 | arms=trend 0/0.00, breakout 0/0.00
2025-10-08 10:08:09 INFO [HB] active    | src=SEED dayR=0.00R open=0 tradesToday=0 bars=360 | arms=trend 0/0.00, breakout 0/0.00
2025-10-08 10:08:09 INFO [HB] active    | src=SEED dayR=0.00R open=0 tradesToday=0 bars=360 | arms=trend 0/0.00, breakout 0/0.00
2025-10-08 10:08:10 INFO [HB] active    | src=SEED dayR=0.00R open=0 tradesToday=0 bars=360 | arms=trend 0/0.00, breakout 0/0.00
2025-10-08 10:08:10 INFO [HB] active    | src=SEED dayR=0.00R open=0 tradesToday=0 bars=360 | arms=trend 0/0.00, breakout 0/0.00
2025-10-08 10:08:11 INFO [HB] active    | src=SEED dayR=0.00R open=0 tradesToday=0 bars=360 | arms=trend 0/0.00, breakout 0/0.00
2025-10-08 10:08:11 INFO [HB] active    | src=SEED dayR=0.00R open=0 tradesToday=0 bars=360 | arms=trend 0/0.00, breakout 0/0.00
2025-10-08 10:08:12 INFO [HB] active    | src=SEED dayR=0.00R open=0 tradesToday=0 bars=360 | arms=trend 0/0.00, breakout 0/0.00
2025-10-08 10:08:12 INFO [HB] active    | src=SEED dayR=0.00R open=0 tradesToday=0 bars=360 | arms=trend 0/0.00, breakout 0/0.00
2025-10-08 10:08:13 INFO [HB] active    | src=SEED dayR=0.00R open=0 tradesToday=0 bars=360 | arms=trend 0/0.00, breakout 0/0.00
2025-10-08 10:08:13 INFO [HB] active    | src=SEED dayR=0.00R open=0 tradesToday=0 bars=360 | arms=trend 0/0.00, breakout 0/0.00
2025-10-08 10:08:14 INFO [HB] active    | src=SEED dayR=0.00R open=0 tradesToday=0 bars=360 | arms=trend 0/0.00, breakout 0/0.00
2025-10-08 10:08:14 INFO [HB] active    | src=SEED dayR=0.00R open=0 tradesToday=0 bars=360 | arms=trend 0/0.00, breakout 0/0.00
2025-10-08 10:08:15 INFO [HB] active    | src=SEED dayR=0.00R open=0 tradesToday=0 bars=360 | arms=trend 0/0.00, breakout 0/0.00
2025-10-08 10:08:15 INFO [HB] active    | src=SEED dayR=0.00R open=0 tradesToday=0 bars=360 | arms=trend 0/0.00, breakout 0/0.00
2025-10-08 10:08:16 INFO [HB] active    | src=SEED dayR=0.00R open=0 tradesToday=0 bars=360 | arms=trend 0/0.00, breakout 0/0.00
2025-10-08 10:08:16 INFO [HB] active    | src=SEED dayR=0.00R open=0 tradesToday=0 bars=360 | arms=trend 0/0.00, breakout 0/0.00
2025-10-08 10:08:17 INFO [HB] active    | src=SEED dayR=0.00R open=0 tradesToday=0 bars=360 | arms=trend 0/0.00, breakout 0/0.00
2025-10-08 10:08:17 INFO [HB] active    | src=SEED dayR=0.00R open=0 tradesToday=0 bars=360 | arms=trend 0/0.00, breakout 0/0.00
2025-10-08 10:08:18 INFO [HB] active    | src=SEED dayR=0.00R open=0 tradesToday=0 bars=360 | arms=trend 0/0.00, breakout 0/0.00
2025-10-08 10:08:18 INFO [HB] active    | src=SEED dayR=0.00R open=0 tradesToday=0 bars=360 | arms=trend 0/0.00, breakout 0/0.00
2025-10-08 10:08:19 INFO [HB] active    | src=SEED dayR=0.00R open=0 tradesToday=0 bars=360 | arms=trend 0/0.00, breakout 0/0.00
2025-10-08 10:08:19 INFO [HB] active    | src=SEED dayR=0.00R open=0 tradesToday=0 bars=360 | arms=trend 0/0.00, breakout 0/0.00
2025-10-08 10:08:20 INFO [HB] active    | src=SEED dayR=0.00R open=0 tradesToday=0 bars=360 | arms=trend 0/0.00, breakout 0/0.00
2025-10-08 10:08:20 INFO [HB] active    | src=SEED dayR=0.00R open=0 tradesToday=0 bars=360 | arms=trend 0/0.00, breakout 0/0.00
2025-10-08 10:08:21 INFO [HB] active    | src=SEED dayR=0.00R open=0 tradesToday=0 bars=360 | arms=trend 0/0.00, breakout 0/0.00
2025-10-08 10:08:21 INFO [HB] active    | src=SEED dayR=0.00R open=0 tradesToday=0 bars=360 | arms=trend 0/0.00, breakout 0/0.00
2025-10-08 10:08:22 INFO [HB] active    | src=SEED dayR=0.00R open=0 tradesToday=0 bars=360 | arms=trend 0/0.00, breakout 0/0.00
2025-10-08 10:08:22 INFO [HB] active    | src=SEED dayR=0.00R open=0 tradesToday=0 bars=360 | arms=trend 0/0.00, breakout 0/0.00
2025-10-08 10:08:23 INFO [HB] active    | src=SEED dayR=0.00R open=0 tradesToday=0 bars=360 | arms=trend 0/0.00, breakout 0/0.00
2025-10-08 10:08:23 INFO [HB] active    | src=SEED dayR=0.00R open=0 tradesToday=0 bars=360 | arms=trend 0/0.00, breakout 0/0.00
2025-10-08 10:08:24 INFO [HB] active    | src=SEED dayR=0.00R open=0 tradesToday=0 bars=360 | arms=trend 0/0.00, breakout 0/0.00
2025-10-08 10:08:24 INFO [HB] active    | src=SEED dayR=0.00R open=0 tradesToday=0 bars=360 | arms=trend 0/0.00, breakout 0/0.00
2025-10-08 10:08:25 INFO [HB] active    | src=SEED dayR=0.00R open=0 tradesToday=0 bars=360 | arms=trend 0/0.00, breakout 0/0.00
2025-10-08 10:08:25 INFO [HB] active    | src=SEED dayR=0.00R open=0 tradesToday=0 bars=360 | arms=trend 0/0.00, breakout 0/0.00
2025-10-08 10:08:26 INFO [HB] active    | src=SEED dayR=0.00R open=0 tradesToday=0 bars=360 | arms=trend 0/0.00, breakout 0/0.00
2025-10-08 10:08:26 INFO [HB] active    | src=SEED dayR=0.00R open=0 tradesToday=0 bars=360 | arms=trend 0/0.00, breakout 0/0.00
2025-10-08 10:08:27 INFO [HB] active    | src=SEED dayR=0.00R open=0 tradesToday=0 bars=360 | arms=trend 0/0.00, breakout 0/0.00
2025-10-08 10:08:27 INFO [HB] active    | src=SEED dayR=0.00R open=0 tradesToday=0 bars=360 | arms=trend 0/0.00, breakout 0/0.00
[2025-10-08 10:08:30] [WD] hb uptime=140s restarts=0 child_alive=True
[2025-10-08 10:08:35] [WD] hb uptime=145s restarts=0 child_alive=True
[2025-10-08 10:08:40] [WD] hb uptime=150s restarts=0 child_alive=True
[2025-10-08 10:08:45] [WD] hb uptime=155s restarts=0 child_alive=True
[2025-10-08 10:08:50] [WD] hb uptime=160s restarts=0 child_alive=True
[2025-10-08 10:08:55] [WD] hb uptime=165s restarts=0 child_alive=True
2025-10-08 10:08:28 INFO [HB] active    | src=SEED dayR=0.00R open=0 tradesToday=0 bars=360 | arms=trend 0/0.00, breakout 0/0.00
2025-10-08 10:08:28 INFO [HB] active    | src=SEED dayR=0.00R open=0 tradesToday=0 bars=360 | arms=trend 0/0.00, breakout 0/0.00
2025-10-08 10:08:29 INFO [HB] active    | src=SEED dayR=0.00R open=0 tradesToday=0 bars=360 | arms=trend 0/0.00, breakout 0/0.00
2025-10-08 10:08:29 INFO [HB] active    | src=SEED dayR=0.00R open=0 tradesToday=0 bars=360 | arms=trend 0/0.00, breakout 0/0.00
2025-10-08 10:08:30 INFO [HB] active    | src=SEED dayR=0.00R open=0 tradesToday=0 bars=360 | arms=trend 0/0.00, breakout 0/0.00
2025-10-08 10:08:30 INFO [HB] active    | src=SEED dayR=0.00R open=0 tradesToday=0 bars=360 | arms=trend 0/0.00, breakout 0/0.00
2025-10-08 10:08:31 INFO [HB] active    | src=SEED dayR=0.00R open=0 tradesToday=0 bars=360 | arms=trend 0/0.00, breakout 0/0.00
2025-10-08 10:08:31 INFO [HB] active    | src=SEED dayR=0.00R open=0 tradesToday=0 bars=360 | arms=trend 0/0.00, breakout 0/0.00
2025-10-08 10:08:32 INFO [HB] active    | src=SEED dayR=0.00R open=0 tradesToday=0 bars=360 | arms=trend 0/0.00, breakout 0/0.00
2025-10-08 10:08:32 INFO [HB] active    | src=SEED dayR=0.00R open=0 tradesToday=0 bars=360 | arms=trend 0/0.00, breakout 0/0.00
2025-10-08 10:08:33 INFO [HB] active    | src=SEED dayR=0.00R open=0 tradesToday=0 bars=360 | arms=trend 0/0.00, breakout 0/0.00
2025-10-08 10:08:33 INFO [HB] active    | src=SEED dayR=0.00R open=0 tradesToday=0 bars=360 | arms=trend 0/0.00, breakout 0/0.00
2025-10-08 10:08:34 INFO [HB] active    | src=SEED dayR=0.00R open=0 tradesToday=0 bars=360 | arms=trend 0/0.00, breakout 0/0.00
2025-10-08 10:08:34 INFO [HB] active    | src=SEED dayR=0.00R open=0 tradesToday=0 bars=360 | arms=trend 0/0.00, breakout 0/0.00
2025-10-08 10:08:35 INFO [HB] active    | src=SEED dayR=0.00R open=0 tradesToday=0 bars=360 | arms=trend 0/0.00, breakout 0/0.00
2025-10-08 10:08:35 INFO [HB] active    | src=SEED dayR=0.00R open=0 tradesToday=0 bars=360 | arms=trend 0/0.00, breakout 0/0.00
2025-10-08 10:08:36 INFO [HB] active    | src=SEED dayR=0.00R open=0 tradesToday=0 bars=360 | arms=trend 0/0.00, breakout 0/0.00
2025-10-08 10:08:36 INFO [HB] active    | src=SEED dayR=0.00R open=0 tradesToday=0 bars=360 | arms=trend 0/0.00, breakout 0/0.00
2025-10-08 10:08:37 INFO [HB] active    | src=SEED dayR=0.00R open=0 tradesToday=0 bars=360 | arms=trend 0/0.00, breakout 0/0.00
2025-10-08 10:08:37 INFO [HB] active    | src=SEED dayR=0.00R open=0 tradesToday=0 bars=360 | arms=trend 0/0.00, breakout 0/0.00
2025-10-08 10:08:38 INFO [HB] active    | src=SEED dayR=0.00R open=0 tradesToday=0 bars=360 | arms=trend 0/0.00, breakout 0/0.00
2025-10-08 10:08:38 INFO [HB] active    | src=SEED dayR=0.00R open=0 tradesToday=0 bars=360 | arms=trend 0/0.00, breakout 0/0.00
2025-10-08 10:08:39 INFO [HB] active    | src=SEED dayR=0.00R open=0 tradesToday=0 bars=360 | arms=trend 0/0.00, breakout 0/0.00
2025-10-08 10:08:39 INFO [HB] active    | src=SEED dayR=0.00R open=0 tradesToday=0 bars=360 | arms=trend 0/0.00, breakout 0/0.00
2025-10-08 10:08:40 INFO [HB] active    | src=SEED dayR=0.00R open=0 tradesToday=0 bars=360 | arms=trend 0/0.00, breakout 0/0.00
2025-10-08 10:08:40 INFO [HB] active    | src=SEED dayR=0.00R open=0 tradesToday=0 bars=360 | arms=trend 0/0.00, breakout 0/0.00
2025-10-08 10:08:41 INFO [HB] active    | src=SEED dayR=0.00R open=0 tradesToday=0 bars=360 | arms=trend 0/0.00, breakout 0/0.00
2025-10-08 10:08:41 INFO [HB] active    | src=SEED dayR=0.00R open=0 tradesToday=0 bars=360 | arms=trend 0/0.00, breakout 0/0.00
2025-10-08 10:08:42 INFO [HB] active    | src=SEED dayR=0.00R open=0 tradesToday=0 bars=360 | arms=trend 0/0.00, breakout 0/0.00
2025-10-08 10:08:42 INFO [HB] active    | src=SEED dayR=0.00R open=0 tradesToday=0 bars=360 | arms=trend 0/0.00, breakout 0/0.00
2025-10-08 10:08:43 INFO [HB] active    | src=SEED dayR=0.00R open=0 tradesToday=0 bars=360 | arms=trend 0/0.00, breakout 0/0.00
2025-10-08 10:08:43 INFO [HB] active    | src=SEED dayR=0.00R open=0 tradesToday=0 bars=360 | arms=trend 0/0.00, breakout 0/0.00
2025-10-08 10:08:44 INFO [HB] active    | src=SEED dayR=0.00R open=0 tradesToday=0 bars=360 | arms=trend 0/0.00, breakout 0/0.00
2025-10-08 10:08:44 INFO [HB] active    | src=SEED dayR=0.00R open=0 tradesToday=0 bars=360 | arms=trend 0/0.00, breakout 0/0.00
2025-10-08 10:08:45 INFO [HB] active    | src=SEED dayR=0.00R open=0 tradesToday=0 bars=360 | arms=trend 0/0.00, breakout 0/0.00
2025-10-08 10:08:45 INFO [HB] active    | src=SEED dayR=0.00R open=0 tradesToday=0 bars=360 | arms=trend 0/0.00, breakout 0/0.00
2025-10-08 10:08:46 INFO [HB] active    | src=SEED dayR=0.00R open=0 tradesToday=0 bars=360 | arms=trend 0/0.00, breakout 0/0.00
2025-10-08 10:08:46 INFO [HB] active    | src=SEED dayR=0.00R open=0 tradesToday=0 bars=360 | arms=trend 0/0.00, breakout 0/0.00
2025-10-08 10:08:47 INFO [HB] active    | src=SEED dayR=0.00R open=0 tradesToday=0 bars=360 | arms=trend 0/0.00, breakout 0/0.00
2025-10-08 10:08:47 INFO [HB] active    | src=SEED dayR=0.00R open=0 tradesToday=0 bars=360 | arms=trend 0/0.00, breakout 0/0.00
2025-10-08 10:08:48 INFO [HB] active    | src=SEED dayR=0.00R open=0 tradesToday=0 bars=360 | arms=trend 0/0.00, breakout 0/0.00
2025-10-08 10:08:48 INFO [HB] active    | src=SEED dayR=0.00R open=0 tradesToday=0 bars=360 | arms=trend 0/0.00, breakout 0/0.00
2025-10-08 10:08:49 INFO [HB] active    | src=SEED dayR=0.00R open=0 tradesToday=0 bars=360 | arms=trend 0/0.00, breakout 0/0.00
2025-10-08 10:08:49 INFO [HB] active    | src=SEED dayR=0.00R open=0 tradesToday=0 bars=360 | arms=trend 0/0.00, breakout 0/0.00
2025-10-08 10:08:50 INFO [HB] active    | src=SEED dayR=0.00R open=0 tradesToday=0 bars=360 | arms=trend 0/0.00, breakout 0/0.00
2025-10-08 10:08:50 INFO [HB] active    | src=SEED dayR=0.00R open=0 tradesToday=0 bars=360 | arms=trend 0/0.00, breakout 0/0.00
2025-10-08 10:08:51 INFO [HB] active    | src=SEED dayR=0.00R open=0 tradesToday=0 bars=360 | arms=trend 0/0.00, breakout 0/0.00
2025-10-08 10:08:51 INFO [HB] active    | src=SEED dayR=0.00R open=0 tradesToday=0 bars=360 | arms=trend 0/0.00, breakout 0/0.00
2025-10-08 10:08:52 INFO [HB] active    | src=SEED dayR=0.00R open=0 tradesToday=0 bars=360 | arms=trend 0/0.00, breakout 0/0.00
2025-10-08 10:08:52 INFO [HB] active    | src=SEED dayR=0.00R open=0 tradesToday=0 bars=360 | arms=trend 0/0.00, breakout 0/0.00
2025-10-08 10:08:53 INFO [HB] active    | src=SEED dayR=0.00R open=0 tradesToday=0 bars=360 | arms=trend 0/0.00, breakout 0/0.00
2025-10-08 10:08:53 INFO [HB] active    | src=SEED dayR=0.00R open=0 tradesToday=0 bars=360 | arms=trend 0/0.00, breakout 0/0.00
2025-10-08 10:08:54 INFO [HB] active    | src=SEED dayR=0.00R open=0 tradesToday=0 bars=360 | arms=trend 0/0.00, breakout 0/0.00
2025-10-08 10:08:54 INFO [HB] active    | src=SEED dayR=0.00R open=0 tradesToday=0 bars=360 | arms=trend 0/0.00, breakout 0/0.00
2025-10-08 10:08:55 INFO [HB] active    | src=SEED dayR=0.00R open=0 tradesToday=0 bars=360 | arms=trend 0/0.00, breakout 0/0.00
2025-10-08 10:08:55 INFO [HB] active    | src=SEED dayR=0.00R open=0 tradesToday=0 bars=360 | arms=trend 0/0.00, breakout 0/0.00
2025-10-08 10:08:56 INFO [HB] active    | src=SEED dayR=0.00R open=0 tradesToday=0 bars=360 | arms=trend 0/0.00, breakout 0/0.00
2025-10-08 10:08:56 INFO [HB] active    | src=SEED dayR=0.00R open=0 tradesToday=0 bars=360 | arms=trend 0/0.00, breakout 0/0.00
2025-10-08 10:08:57 INFO [HB] active    | src=SEED dayR=0.00R open=0 tradesToday=0 bars=360 | arms=trend 0/0.00, breakout 0/0.00
2025-10-08 10:08:57 INFO [HB] active    | src=SEED dayR=0.00R open=0 tradesToday=0 bars=360 | arms=trend 0/0.00, breakout 0/0.00
2025-10-08 10:08:58 INFO [HB] active    | src=SEED dayR=0.00R open=0 tradesToday=0 bars=360 | arms=trend 0/0.00, breakout 0/0.00
2025-10-08 10:08:58 INFO [HB] active    | src=SEED dayR=0.00R open=0 tradesToday=0 bars=360 | arms=trend 0/0.00, breakout 0/0.00
2025-10-08 10:08:59 INFO [HB] active    | src=SEED dayR=0.00R open=0 tradesToday=0 bars=360 | arms=trend 0/0.00, breakout 0/0.00
2025-10-08 10:08:59 INFO [HB] active    | src=SEED dayR=0.00R open=0 tradesToday=0 bars=360 | arms=trend 0/0.00, breakout 0/0.00
[2025-10-08 10:09:00] [WD] hb uptime=170s restarts=0 child_alive=True
[2025-10-08 10:09:05] [WD] hb uptime=175s restarts=0 child_alive=True
[2025-10-08 10:09:10] [WD] hb uptime=180s restarts=0 child_alive=True
[2025-10-08 10:09:15] [WD] hb uptime=185s restarts=0 child_alive=True
[2025-10-08 10:09:20] [WD] hb uptime=190s restarts=0 child_alive=True
[2025-10-08 10:09:25] [WD] hb uptime=195s restarts=0 child_alive=True
[2025-10-08 10:09:30] [WD] hb uptime=200s restarts=0 child_alive=True
2025-10-08 10:09:00 INFO [HB] active    | src=SEED dayR=0.00R open=0 tradesToday=0 bars=360 | arms=trend 0/0.00, breakout 0/0.00
2025-10-08 10:09:00 INFO [HB] active    | src=SEED dayR=0.00R open=0 tradesToday=0 bars=360 | arms=trend 0/0.00, breakout 0/0.00
2025-10-08 10:09:01 INFO [HB] active    | src=SEED dayR=0.00R open=0 tradesToday=0 bars=360 | arms=trend 0/0.00, breakout 0/0.00
2025-10-08 10:09:01 INFO [HB] active    | src=SEED dayR=0.00R open=0 tradesToday=0 bars=360 | arms=trend 0/0.00, breakout 0/0.00
2025-10-08 10:09:02 INFO [HB] active    | src=SEED dayR=0.00R open=0 tradesToday=0 bars=360 | arms=trend 0/0.00, breakout 0/0.00
2025-10-08 10:09:02 INFO [HB] active    | src=SEED dayR=0.00R open=0 tradesToday=0 bars=360 | arms=trend 0/0.00, breakout 0/0.00
2025-10-08 10:09:03 INFO [HB] active    | src=SEED dayR=0.00R open=0 tradesToday=0 bars=360 | arms=trend 0/0.00, breakout 0/0.00
2025-10-08 10:09:03 INFO [HB] active    | src=SEED dayR=0.00R open=0 tradesToday=0 bars=360 | arms=trend 0/0.00, breakout 0/0.00
2025-10-08 10:09:04 INFO [HB] active    | src=SEED dayR=0.00R open=0 tradesToday=0 bars=360 | arms=trend 0/0.00, breakout 0/0.00
2025-10-08 10:09:04 INFO [HB] active    | src=SEED dayR=0.00R open=0 tradesToday=0 bars=360 | arms=trend 0/0.00, breakout 0/0.00
2025-10-08 10:09:05 INFO [HB] active    | src=SEED dayR=0.00R open=0 tradesToday=0 bars=360 | arms=trend 0/0.00, breakout 0/0.00
2025-10-08 10:09:05 INFO [HB] active    | src=SEED dayR=0.00R open=0 tradesToday=0 bars=360 | arms=trend 0/0.00, breakout 0/0.00
2025-10-08 10:09:06 INFO [HB] active    | src=SEED dayR=0.00R open=0 tradesToday=0 bars=360 | arms=trend 0/0.00, breakout 0/0.00
2025-10-08 10:09:06 INFO [HB] active    | src=SEED dayR=0.00R open=0 tradesToday=0 bars=360 | arms=trend 0/0.00, breakout 0/0.00
2025-10-08 10:09:07 INFO [HB] active    | src=SEED dayR=0.00R open=0 tradesToday=0 bars=360 | arms=trend 0/0.00, breakout 0/0.00
2025-10-08 10:09:07 INFO [HB] active    | src=SEED dayR=0.00R open=0 tradesToday=0 bars=360 | arms=trend 0/0.00, breakout 0/0.00
2025-10-08 10:09:08 INFO [HB] active    | src=SEED dayR=0.00R open=0 tradesToday=0 bars=360 | arms=trend 0/0.00, breakout 0/0.00
2025-10-08 10:09:08 INFO [HB] active    | src=SEED dayR=0.00R open=0 tradesToday=0 bars=360 | arms=trend 0/0.00, breakout 0/0.00
2025-10-08 10:09:09 INFO [HB] active    | src=SEED dayR=0.00R open=0 tradesToday=0 bars=360 | arms=trend 0/0.00, breakout 0/0.00
2025-10-08 10:09:09 INFO [HB] active    | src=SEED dayR=0.00R open=0 tradesToday=0 bars=360 | arms=trend 0/0.00, breakout 0/0.00
2025-10-08 10:09:10 INFO [HB] active    | src=SEED dayR=0.00R open=0 tradesToday=0 bars=360 | arms=trend 0/0.00, breakout 0/0.00
2025-10-08 10:09:10 INFO [HB] active    | src=SEED dayR=0.00R open=0 tradesToday=0 bars=360 | arms=trend 0/0.00, breakout 0/0.00
2025-10-08 10:09:11 INFO [HB] active    | src=SEED dayR=0.00R open=0 tradesToday=0 bars=360 | arms=trend 0/0.00, breakout 0/0.00
2025-10-08 10:09:11 INFO [HB] active    | src=SEED dayR=0.00R open=0 tradesToday=0 bars=360 | arms=trend 0/0.00, breakout 0/0.00
2025-10-08 10:09:12 INFO [HB] active    | src=SEED dayR=0.00R open=0 tradesToday=0 bars=360 | arms=trend 0/0.00, breakout 0/0.00
2025-10-08 10:09:12 INFO [HB] active    | src=SEED dayR=0.00R open=0 tradesToday=0 bars=360 | arms=trend 0/0.00, breakout 0/0.00
2025-10-08 10:09:13 INFO [HB] active    | src=SEED dayR=0.00R open=0 tradesToday=0 bars=360 | arms=trend 0/0.00, breakout 0/0.00
2025-10-08 10:09:13 INFO [HB] active    | src=SEED dayR=0.00R open=0 tradesToday=0 bars=360 | arms=trend 0/0.00, breakout 0/0.00
2025-10-08 10:09:14 INFO [HB] active    | src=SEED dayR=0.00R open=0 tradesToday=0 bars=360 | arms=trend 0/0.00, breakout 0/0.00
2025-10-08 10:09:14 INFO [HB] active    | src=SEED dayR=0.00R open=0 tradesToday=0 bars=360 | arms=trend 0/0.00, breakout 0/0.00
2025-10-08 10:09:15 INFO [HB] active    | src=SEED dayR=0.00R open=0 tradesToday=0 bars=360 | arms=trend 0/0.00, breakout 0/0.00
2025-10-08 10:09:15 INFO [HB] active    | src=SEED dayR=0.00R open=0 tradesToday=0 bars=360 | arms=trend 0/0.00, breakout 0/0.00
2025-10-08 10:09:16 INFO [HB] active    | src=SEED dayR=0.00R open=0 tradesToday=0 bars=360 | arms=trend 0/0.00, breakout 0/0.00
2025-10-08 10:09:16 INFO [HB] active    | src=SEED dayR=0.00R open=0 tradesToday=0 bars=360 | arms=trend 0/0.00, breakout 0/0.00
2025-10-08 10:09:17 INFO [HB] active    | src=SEED dayR=0.00R open=0 tradesToday=0 bars=360 | arms=trend 0/0.00, breakout 0/0.00
2025-10-08 10:09:17 INFO [HB] active    | src=SEED dayR=0.00R open=0 tradesToday=0 bars=360 | arms=trend 0/0.00, breakout 0/0.00
2025-10-08 10:09:18 INFO [HB] active    | src=SEED dayR=0.00R open=0 tradesToday=0 bars=360 | arms=trend 0/0.00, breakout 0/0.00
2025-10-08 10:09:18 INFO [HB] active    | src=SEED dayR=0.00R open=0 tradesToday=0 bars=360 | arms=trend 0/0.00, breakout 0/0.00
2025-10-08 10:09:19 INFO [HB] active    | src=SEED dayR=0.00R open=0 tradesToday=0 bars=360 | arms=trend 0/0.00, breakout 0/0.00
2025-10-08 10:09:19 INFO [HB] active    | src=SEED dayR=0.00R open=0 tradesToday=0 bars=360 | arms=trend 0/0.00, breakout 0/0.00
2025-10-08 10:09:20 INFO [HB] active    | src=SEED dayR=0.00R open=0 tradesToday=0 bars=360 | arms=trend 0/0.00, breakout 0/0.00
2025-10-08 10:09:20 INFO [HB] active    | src=SEED dayR=0.00R open=0 tradesToday=0 bars=360 | arms=trend 0/0.00, breakout 0/0.00
2025-10-08 10:09:21 INFO [HB] active    | src=SEED dayR=0.00R open=0 tradesToday=0 bars=360 | arms=trend 0/0.00, breakout 0/0.00
2025-10-08 10:09:21 INFO [HB] active    | src=SEED dayR=0.00R open=0 tradesToday=0 bars=360 | arms=trend 0/0.00, breakout 0/0.00
2025-10-08 10:09:22 INFO [HB] active    | src=SEED dayR=0.00R open=0 tradesToday=0 bars=360 | arms=trend 0/0.00, breakout 0/0.00
2025-10-08 10:09:22 INFO [HB] active    | src=SEED dayR=0.00R open=0 tradesToday=0 bars=360 | arms=trend 0/0.00, breakout 0/0.00
2025-10-08 10:09:23 INFO [HB] active    | src=SEED dayR=0.00R open=0 tradesToday=0 bars=360 | arms=trend 0/0.00, breakout 0/0.00
2025-10-08 10:09:23 INFO [HB] active    | src=SEED dayR=0.00R open=0 tradesToday=0 bars=360 | arms=trend 0/0.00, breakout 0/0.00
2025-10-08 10:09:24 INFO [HB] active    | src=SEED dayR=0.00R open=0 tradesToday=0 bars=360 | arms=trend 0/0.00, breakout 0/0.00
2025-10-08 10:09:24 INFO [HB] active    | src=SEED dayR=0.00R open=0 tradesToday=0 bars=360 | arms=trend 0/0.00, breakout 0/0.00
2025-10-08 10:09:25 INFO [HB] active    | src=SEED dayR=0.00R open=0 tradesToday=0 bars=360 | arms=trend 0/0.00, breakout 0/0.00
2025-10-08 10:09:25 INFO [HB] active    | src=SEED dayR=0.00R open=0 tradesToday=0 bars=360 | arms=trend 0/0.00, breakout 0/0.00
2025-10-08 10:09:26 INFO [HB] active    | src=SEED dayR=0.00R open=0 tradesToday=0 bars=360 | arms=trend 0/0.00, breakout 0/0.00
2025-10-08 10:09:26 INFO [HB] active    | src=SEED dayR=0.00R open=0 tradesToday=0 bars=360 | arms=trend 0/0.00, breakout 0/0.00
2025-10-08 10:09:27 INFO [HB] active    | src=SEED dayR=0.00R open=0 tradesToday=0 bars=360 | arms=trend 0/0.00, breakout 0/0.00
2025-10-08 10:09:27 INFO [HB] active    | src=SEED dayR=0.00R open=0 tradesToday=0 bars=360 | arms=trend 0/0.00, breakout 0/0.00
2025-10-08 10:09:28 INFO [HB] active    | src=SEED dayR=0.00R open=0 tradesToday=0 bars=360 | arms=trend 0/0.00, breakout 0/0.00
2025-10-08 10:09:28 INFO [HB] active    | src=SEED dayR=0.00R open=0 tradesToday=0 bars=360 | arms=trend 0/0.00, breakout 0/0.00
2025-10-08 10:09:29 INFO [HB] active    | src=SEED dayR=0.00R open=0 tradesToday=0 bars=360 | arms=trend 0/0.00, breakout 0/0.00
2025-10-08 10:09:29 INFO [HB] active    | src=SEED dayR=0.00R open=0 tradesToday=0 bars=360 | arms=trend 0/0.00, breakout 0/0.00
2025-10-08 10:09:30 INFO [HB] active    | src=SEED dayR=0.00R open=0 tradesToday=0 bars=360 | arms=trend 0/0.00, breakout 0/0.00
2025-10-08 10:09:30 INFO [HB] active    | src=SEED dayR=0.00R open=0 tradesToday=0 bars=360 | arms=trend 0/0.00, breakout 0/0.00
2025-10-08 10:09:31 INFO [HB] active    | src=SEED dayR=0.00R open=0 tradesToday=0 bars=360 | arms=trend 0/0.00, breakout 0/0.00
2025-10-08 10:09:31 INFO [HB] active    | src=SEED dayR=0.00R open=0 tradesToday=0 bars=360 | arms=trend 0/0.00, breakout 0/0.00
[2025-10-08 10:09:35] [WD] hb uptime=205s restarts=0 child_alive=True
[2025-10-08 10:09:40] [WD] hb uptime=210s restarts=0 child_alive=True
[2025-10-08 10:09:45] [WD] hb uptime=215s restarts=0 child_alive=True
[2025-10-08 10:09:50] [WD] hb uptime=220s restarts=0 child_alive=True
[2025-10-08 10:09:55] [WD] hb uptime=225s restarts=0 child_alive=True
[2025-10-08 10:10:00] [WD] hb uptime=230s restarts=0 child_alive=True
2025-10-08 10:09:32 INFO [HB] active    | src=SEED dayR=0.00R open=0 tradesToday=0 bars=360 | arms=trend 0/0.00, breakout 0/0.00
2025-10-08 10:09:32 INFO [HB] active    | src=SEED dayR=0.00R open=0 tradesToday=0 bars=360 | arms=trend 0/0.00, breakout 0/0.00
2025-10-08 10:09:33 INFO [HB] active    | src=SEED dayR=0.00R open=0 tradesToday=0 bars=360 | arms=trend 0/0.00, breakout 0/0.00
2025-10-08 10:09:33 INFO [HB] active    | src=SEED dayR=0.00R open=0 tradesToday=0 bars=360 | arms=trend 0/0.00, breakout 0/0.00
2025-10-08 10:09:34 INFO [HB] active    | src=SEED dayR=0.00R open=0 tradesToday=0 bars=360 | arms=trend 0/0.00, breakout 0/0.00
2025-10-08 10:09:34 INFO [HB] active    | src=SEED dayR=0.00R open=0 tradesToday=0 bars=360 | arms=trend 0/0.00, breakout 0/0.00
2025-10-08 10:09:35 INFO [HB] active    | src=SEED dayR=0.00R open=0 tradesToday=0 bars=360 | arms=trend 0/0.00, breakout 0/0.00
2025-10-08 10:09:35 INFO [HB] active    | src=SEED dayR=0.00R open=0 tradesToday=0 bars=360 | arms=trend 0/0.00, breakout 0/0.00
2025-10-08 10:09:36 INFO [HB] active    | src=SEED dayR=0.00R open=0 tradesToday=0 bars=360 | arms=trend 0/0.00, breakout 0/0.00
2025-10-08 10:09:36 INFO [HB] active    | src=SEED dayR=0.00R open=0 tradesToday=0 bars=360 | arms=trend 0/0.00, breakout 0/0.00
2025-10-08 10:09:37 INFO [HB] active    | src=SEED dayR=0.00R open=0 tradesToday=0 bars=360 | arms=trend 0/0.00, breakout 0/0.00
2025-10-08 10:09:37 INFO [HB] active    | src=SEED dayR=0.00R open=0 tradesToday=0 bars=360 | arms=trend 0/0.00, breakout 0/0.00
2025-10-08 10:09:38 INFO [HB] active    | src=SEED dayR=0.00R open=0 tradesToday=0 bars=360 | arms=trend 0/0.00, breakout 0/0.00
2025-10-08 10:09:38 INFO [HB] active    | src=SEED dayR=0.00R open=0 tradesToday=0 bars=360 | arms=trend 0/0.00, breakout 0/0.00
2025-10-08 10:09:39 INFO [HB] active    | src=SEED dayR=0.00R open=0 tradesToday=0 bars=360 | arms=trend 0/0.00, breakout 0/0.00
2025-10-08 10:09:39 INFO [HB] active    | src=SEED dayR=0.00R open=0 tradesToday=0 bars=360 | arms=trend 0/0.00, breakout 0/0.00
2025-10-08 10:09:40 INFO [HB] active    | src=SEED dayR=0.00R open=0 tradesToday=0 bars=360 | arms=trend 0/0.00, breakout 0/0.00
2025-10-08 10:09:40 INFO [HB] active    | src=SEED dayR=0.00R open=0 tradesToday=0 bars=360 | arms=trend 0/0.00, breakout 0/0.00
2025-10-08 10:09:41 INFO [HB] active    | src=SEED dayR=0.00R open=0 tradesToday=0 bars=360 | arms=trend 0/0.00, breakout 0/0.00
2025-10-08 10:09:41 INFO [HB] active    | src=SEED dayR=0.00R open=0 tradesToday=0 bars=360 | arms=trend 0/0.00, breakout 0/0.00
2025-10-08 10:09:42 INFO [HB] active    | src=SEED dayR=0.00R open=0 tradesToday=0 bars=360 | arms=trend 0/0.00, breakout 0/0.00
2025-10-08 10:09:42 INFO [HB] active    | src=SEED dayR=0.00R open=0 tradesToday=0 bars=360 | arms=trend 0/0.00, breakout 0/0.00
2025-10-08 10:09:43 INFO [HB] active    | src=SEED dayR=0.00R open=0 tradesToday=0 bars=360 | arms=trend 0/0.00, breakout 0/0.00
2025-10-08 10:09:43 INFO [HB] active    | src=SEED dayR=0.00R open=0 tradesToday=0 bars=360 | arms=trend 0/0.00, breakout 0/0.00
2025-10-08 10:09:44 INFO [HB] active    | src=SEED dayR=0.00R open=0 tradesToday=0 bars=360 | arms=trend 0/0.00, breakout 0/0.00
2025-10-08 10:09:44 INFO [HB] active    | src=SEED dayR=0.00R open=0 tradesToday=0 bars=360 | arms=trend 0/0.00, breakout 0/0.00
2025-10-08 10:09:45 INFO [HB] active    | src=SEED dayR=0.00R open=0 tradesToday=0 bars=360 | arms=trend 0/0.00, breakout 0/0.00
2025-10-08 10:09:45 INFO [HB] active    | src=SEED dayR=0.00R open=0 tradesToday=0 bars=360 | arms=trend 0/0.00, breakout 0/0.00
2025-10-08 10:09:46 INFO [HB] active    | src=SEED dayR=0.00R open=0 tradesToday=0 bars=360 | arms=trend 0/0.00, breakout 0/0.00
2025-10-08 10:09:46 INFO [HB] active    | src=SEED dayR=0.00R open=0 tradesToday=0 bars=360 | arms=trend 0/0.00, breakout 0/0.00
2025-10-08 10:09:47 INFO [HB] active    | src=SEED dayR=0.00R open=0 tradesToday=0 bars=360 | arms=trend 0/0.00, breakout 0/0.00
2025-10-08 10:09:47 INFO [HB] active    | src=SEED dayR=0.00R open=0 tradesToday=0 bars=360 | arms=trend 0/0.00, breakout 0/0.00
2025-10-08 10:09:48 INFO [HB] active    | src=SEED dayR=0.00R open=0 tradesToday=0 bars=360 | arms=trend 0/0.00, breakout 0/0.00
2025-10-08 10:09:48 INFO [HB] active    | src=SEED dayR=0.00R open=0 tradesToday=0 bars=360 | arms=trend 0/0.00, breakout 0/0.00
2025-10-08 10:09:49 INFO [HB] active    | src=SEED dayR=0.00R open=0 tradesToday=0 bars=360 | arms=trend 0/0.00, breakout 0/0.00
2025-10-08 10:09:49 INFO [HB] active    | src=SEED dayR=0.00R open=0 tradesToday=0 bars=360 | arms=trend 0/0.00, breakout 0/0.00
2025-10-08 10:09:50 INFO [HB] active    | src=SEED dayR=0.00R open=0 tradesToday=0 bars=360 | arms=trend 0/0.00, breakout 0/0.00
2025-10-08 10:09:50 INFO [HB] active    | src=SEED dayR=0.00R open=0 tradesToday=0 bars=360 | arms=trend 0/0.00, breakout 0/0.00
2025-10-08 10:09:51 INFO [HB] active    | src=SEED dayR=0.00R open=0 tradesToday=0 bars=360 | arms=trend 0/0.00, breakout 0/0.00
2025-10-08 10:09:51 INFO [HB] active    | src=SEED dayR=0.00R open=0 tradesToday=0 bars=360 | arms=trend 0/0.00, breakout 0/0.00
2025-10-08 10:09:52 INFO [HB] active    | src=SEED dayR=0.00R open=0 tradesToday=0 bars=360 | arms=trend 0/0.00, breakout 0/0.00
2025-10-08 10:09:52 INFO [HB] active    | src=SEED dayR=0.00R open=0 tradesToday=0 bars=360 | arms=trend 0/0.00, breakout 0/0.00
2025-10-08 10:09:53 INFO [HB] active    | src=SEED dayR=0.00R open=0 tradesToday=0 bars=360 | arms=trend 0/0.00, breakout 0/0.00
2025-10-08 10:09:53 INFO [HB] active    | src=SEED dayR=0.00R open=0 tradesToday=0 bars=360 | arms=trend 0/0.00, breakout 0/0.00
2025-10-08 10:09:54 INFO [HB] active    | src=SEED dayR=0.00R open=0 tradesToday=0 bars=360 | arms=trend 0/0.00, breakout 0/0.00
2025-10-08 10:09:54 INFO [HB] active    | src=SEED dayR=0.00R open=0 tradesToday=0 bars=360 | arms=trend 0/0.00, breakout 0/0.00
2025-10-08 10:09:55 INFO [HB] active    | src=SEED dayR=0.00R open=0 tradesToday=0 bars=360 | arms=trend 0/0.00, breakout 0/0.00
2025-10-08 10:09:55 INFO [HB] active    | src=SEED dayR=0.00R open=0 tradesToday=0 bars=360 | arms=trend 0/0.00, breakout 0/0.00
2025-10-08 10:09:56 INFO [HB] active    | src=SEED dayR=0.00R open=0 tradesToday=0 bars=360 | arms=trend 0/0.00, breakout 0/0.00
2025-10-08 10:09:56 INFO [HB] active    | src=SEED dayR=0.00R open=0 tradesToday=0 bars=360 | arms=trend 0/0.00, breakout 0/0.00
2025-10-08 10:09:57 INFO [HB] active    | src=SEED dayR=0.00R open=0 tradesToday=0 bars=360 | arms=trend 0/0.00, breakout 0/0.00
2025-10-08 10:09:57 INFO [HB] active    | src=SEED dayR=0.00R open=0 tradesToday=0 bars=360 | arms=trend 0/0.00, breakout 0/0.00
2025-10-08 10:09:58 INFO [HB] active    | src=SEED dayR=0.00R open=0 tradesToday=0 bars=360 | arms=trend 0/0.00, breakout 0/0.00
2025-10-08 10:09:58 INFO [HB] active    | src=SEED dayR=0.00R open=0 tradesToday=0 bars=360 | arms=trend 0/0.00, breakout 0/0.00
2025-10-08 10:09:59 INFO [HB] active    | src=SEED dayR=0.00R open=0 tradesToday=0 bars=360 | arms=trend 0/0.00, breakout 0/0.00
2025-10-08 10:09:59 INFO [HB] active    | src=SEED dayR=0.00R open=0 tradesToday=0 bars=360 | arms=trend 0/0.00, breakout 0/0.00
2025-10-08 10:10:00 INFO [HB] active    | src=SEED dayR=0.00R open=0 tradesToday=0 bars=360 | arms=trend 0/0.00, breakout 0/0.00
2025-10-08 10:10:00 INFO [HB] active    | src=SEED dayR=0.00R open=0 tradesToday=0 bars=360 | arms=trend 0/0.00, breakout 0/0.00
2025-10-08 10:10:01 INFO [HB] active    | src=SEED dayR=0.00R open=0 tradesToday=0 bars=360 | arms=trend 0/0.00, breakout 0/0.00
2025-10-08 10:10:01 INFO [HB] active    | src=SEED dayR=0.00R open=0 tradesToday=0 bars=360 | arms=trend 0/0.00, breakout 0/0.00
2025-10-08 10:10:02 INFO [HB] active    | src=SEED dayR=0.00R open=0 tradesToday=0 bars=360 | arms=trend 0/0.00, breakout 0/0.00
2025-10-08 10:10:02 INFO [HB] active    | src=SEED dayR=0.00R open=0 tradesToday=0 bars=360 | arms=trend 0/0.00, breakout 0/0.00
2025-10-08 10:10:03 INFO [HB] active    | src=SEED dayR=0.00R open=0 tradesToday=0 bars=360 | arms=trend 0/0.00, breakout 0/0.00
2025-10-08 10:10:03 INFO [HB] active    | src=SEED dayR=0.00R open=0 tradesToday=0 bars=360 | arms=trend 0/0.00, breakout 0/0.00
[2025-10-08 10:10:05] [WD] hb uptime=235s restarts=0 child_alive=True
[2025-10-08 10:10:10] [WD] hb uptime=240s restarts=0 child_alive=True
[2025-10-08 10:10:15] [WD] hb uptime=245s restarts=0 child_alive=True
[2025-10-08 10:10:20] [WD] hb uptime=250s restarts=0 child_alive=True
[2025-10-08 10:10:25] [WD] hb uptime=255s restarts=0 child_alive=True
[2025-10-08 10:10:30] [WD] hb uptime=260s restarts=0 child_alive=True
[2025-10-08 10:10:35] [WD] hb uptime=265s restarts=0 child_alive=True
2025-10-08 10:10:04 INFO [HB] active    | src=SEED dayR=0.00R open=0 tradesToday=0 bars=360 | arms=trend 0/0.00, breakout 0/0.00
2025-10-08 10:10:04 INFO [HB] active    | src=SEED dayR=0.00R open=0 tradesToday=0 bars=360 | arms=trend 0/0.00, breakout 0/0.00
2025-10-08 10:10:05 INFO [HB] active    | src=SEED dayR=0.00R open=0 tradesToday=0 bars=360 | arms=trend 0/0.00, breakout 0/0.00
2025-10-08 10:10:05 INFO [HB] active    | src=SEED dayR=0.00R open=0 tradesToday=0 bars=360 | arms=trend 0/0.00, breakout 0/0.00
2025-10-08 10:10:06 INFO [HB] active    | src=SEED dayR=0.00R open=0 tradesToday=0 bars=360 | arms=trend 0/0.00, breakout 0/0.00
2025-10-08 10:10:06 INFO [HB] active    | src=SEED dayR=0.00R open=0 tradesToday=0 bars=360 | arms=trend 0/0.00, breakout 0/0.00
2025-10-08 10:10:07 INFO [HB] active    | src=SEED dayR=0.00R open=0 tradesToday=0 bars=360 | arms=trend 0/0.00, breakout 0/0.00
2025-10-08 10:10:07 INFO [HB] active    | src=SEED dayR=0.00R open=0 tradesToday=0 bars=360 | arms=trend 0/0.00, breakout 0/0.00
2025-10-08 10:10:08 INFO [HB] active    | src=SEED dayR=0.00R open=0 tradesToday=0 bars=360 | arms=trend 0/0.00, breakout 0/0.00
2025-10-08 10:10:08 INFO [HB] active    | src=SEED dayR=0.00R open=0 tradesToday=0 bars=360 | arms=trend 0/0.00, breakout 0/0.00
2025-10-08 10:10:09 INFO [HB] active    | src=SEED dayR=0.00R open=0 tradesToday=0 bars=360 | arms=trend 0/0.00, breakout 0/0.00
2025-10-08 10:10:10 INFO [HB] active    | src=SEED dayR=0.00R open=0 tradesToday=0 bars=360 | arms=trend 0/0.00, breakout 0/0.00
2025-10-08 10:10:10 INFO [HB] active    | src=SEED dayR=0.00R open=0 tradesToday=0 bars=360 | arms=trend 0/0.00, breakout 0/0.00
2025-10-08 10:10:11 INFO [HB] active    | src=SEED dayR=0.00R open=0 tradesToday=0 bars=360 | arms=trend 0/0.00, breakout 0/0.00
2025-10-08 10:10:11 INFO [HB] active    | src=SEED dayR=0.00R open=0 tradesToday=0 bars=360 | arms=trend 0/0.00, breakout 0/0.00
2025-10-08 10:10:12 INFO [HB] active    | src=SEED dayR=0.00R open=0 tradesToday=0 bars=360 | arms=trend 0/0.00, breakout 0/0.00
2025-10-08 10:10:12 INFO [HB] active    | src=SEED dayR=0.00R open=0 tradesToday=0 bars=360 | arms=trend 0/0.00, breakout 0/0.00
2025-10-08 10:10:13 INFO [HB] active    | src=SEED dayR=0.00R open=0 tradesToday=0 bars=360 | arms=trend 0/0.00, breakout 0/0.00
2025-10-08 10:10:13 INFO [HB] active    | src=SEED dayR=0.00R open=0 tradesToday=0 bars=360 | arms=trend 0/0.00, breakout 0/0.00
2025-10-08 10:10:14 INFO [HB] active    | src=SEED dayR=0.00R open=0 tradesToday=0 bars=360 | arms=trend 0/0.00, breakout 0/0.00
2025-10-08 10:10:14 INFO [HB] active    | src=SEED dayR=0.00R open=0 tradesToday=0 bars=360 | arms=trend 0/0.00, breakout 0/0.00
2025-10-08 10:10:15 INFO [HB] active    | src=SEED dayR=0.00R open=0 tradesToday=0 bars=360 | arms=trend 0/0.00, breakout 0/0.00
2025-10-08 10:10:15 INFO [HB] active    | src=SEED dayR=0.00R open=0 tradesToday=0 bars=360 | arms=trend 0/0.00, breakout 0/0.00
2025-10-08 10:10:16 INFO [HB] active    | src=SEED dayR=0.00R open=0 tradesToday=0 bars=360 | arms=trend 0/0.00, breakout 0/0.00
2025-10-08 10:10:16 INFO [HB] active    | src=SEED dayR=0.00R open=0 tradesToday=0 bars=360 | arms=trend 0/0.00, breakout 0/0.00
2025-10-08 10:10:17 INFO [HB] active    | src=SEED dayR=0.00R open=0 tradesToday=0 bars=360 | arms=trend 0/0.00, breakout 0/0.00
2025-10-08 10:10:17 INFO [HB] active    | src=SEED dayR=0.00R open=0 tradesToday=0 bars=360 | arms=trend 0/0.00, breakout 0/0.00
2025-10-08 10:10:18 INFO [HB] active    | src=SEED dayR=0.00R open=0 tradesToday=0 bars=360 | arms=trend 0/0.00, breakout 0/0.00
2025-10-08 10:10:18 INFO [HB] active    | src=SEED dayR=0.00R open=0 tradesToday=0 bars=360 | arms=trend 0/0.00, breakout 0/0.00
2025-10-08 10:10:19 INFO [HB] active    | src=SEED dayR=0.00R open=0 tradesToday=0 bars=360 | arms=trend 0/0.00, breakout 0/0.00
2025-10-08 10:10:19 INFO [HB] active    | src=SEED dayR=0.00R open=0 tradesToday=0 bars=360 | arms=trend 0/0.00, breakout 0/0.00
2025-10-08 10:10:20 INFO [HB] active    | src=SEED dayR=0.00R open=0 tradesToday=0 bars=360 | arms=trend 0/0.00, breakout 0/0.00
2025-10-08 10:10:20 INFO [HB] active    | src=SEED dayR=0.00R open=0 tradesToday=0 bars=360 | arms=trend 0/0.00, breakout 0/0.00
2025-10-08 10:10:21 INFO [HB] active    | src=SEED dayR=0.00R open=0 tradesToday=0 bars=360 | arms=trend 0/0.00, breakout 0/0.00
2025-10-08 10:10:21 INFO [HB] active    | src=SEED dayR=0.00R open=0 tradesToday=0 bars=360 | arms=trend 0/0.00, breakout 0/0.00
2025-10-08 10:10:22 INFO [HB] active    | src=SEED dayR=0.00R open=0 tradesToday=0 bars=360 | arms=trend 0/0.00, breakout 0/0.00
2025-10-08 10:10:22 INFO [HB] active    | src=SEED dayR=0.00R open=0 tradesToday=0 bars=360 | arms=trend 0/0.00, breakout 0/0.00
2025-10-08 10:10:23 INFO [HB] active    | src=SEED dayR=0.00R open=0 tradesToday=0 bars=360 | arms=trend 0/0.00, breakout 0/0.00
2025-10-08 10:10:23 INFO [HB] active    | src=SEED dayR=0.00R open=0 tradesToday=0 bars=360 | arms=trend 0/0.00, breakout 0/0.00
2025-10-08 10:10:24 INFO [HB] active    | src=SEED dayR=0.00R open=0 tradesToday=0 bars=360 | arms=trend 0/0.00, breakout 0/0.00
2025-10-08 10:10:24 INFO [HB] active    | src=SEED dayR=0.00R open=0 tradesToday=0 bars=360 | arms=trend 0/0.00, breakout 0/0.00
2025-10-08 10:10:25 INFO [HB] active    | src=SEED dayR=0.00R open=0 tradesToday=0 bars=360 | arms=trend 0/0.00, breakout 0/0.00
2025-10-08 10:10:25 INFO [HB] active    | src=SEED dayR=0.00R open=0 tradesToday=0 bars=360 | arms=trend 0/0.00, breakout 0/0.00
2025-10-08 10:10:26 INFO [HB] active    | src=SEED dayR=0.00R open=0 tradesToday=0 bars=360 | arms=trend 0/0.00, breakout 0/0.00
2025-10-08 10:10:26 INFO [HB] active    | src=SEED dayR=0.00R open=0 tradesToday=0 bars=360 | arms=trend 0/0.00, breakout 0/0.00
2025-10-08 10:10:27 INFO [HB] active    | src=SEED dayR=0.00R open=0 tradesToday=0 bars=360 | arms=trend 0/0.00, breakout 0/0.00
2025-10-08 10:10:27 INFO [HB] active    | src=SEED dayR=0.00R open=0 tradesToday=0 bars=360 | arms=trend 0/0.00, breakout 0/0.00
2025-10-08 10:10:28 INFO [HB] active    | src=SEED dayR=0.00R open=0 tradesToday=0 bars=360 | arms=trend 0/0.00, breakout 0/0.00
2025-10-08 10:10:28 INFO [HB] active    | src=SEED dayR=0.00R open=0 tradesToday=0 bars=360 | arms=trend 0/0.00, breakout 0/0.00
2025-10-08 10:10:29 INFO [HB] active    | src=SEED dayR=0.00R open=0 tradesToday=0 bars=360 | arms=trend 0/0.00, breakout 0/0.00
2025-10-08 10:10:29 INFO [HB] active    | src=SEED dayR=0.00R open=0 tradesToday=0 bars=360 | arms=trend 0/0.00, breakout 0/0.00
2025-10-08 10:10:30 INFO [HB] active    | src=SEED dayR=0.00R open=0 tradesToday=0 bars=360 | arms=trend 0/0.00, breakout 0/0.00
2025-10-08 10:10:30 INFO [HB] active    | src=SEED dayR=0.00R open=0 tradesToday=0 bars=360 | arms=trend 0/0.00, breakout 0/0.00
2025-10-08 10:10:31 INFO [HB] active    | src=SEED dayR=0.00R open=0 tradesToday=0 bars=360 | arms=trend 0/0.00, breakout 0/0.00
2025-10-08 10:10:31 INFO [HB] active    | src=SEED dayR=0.00R open=0 tradesToday=0 bars=360 | arms=trend 0/0.00, breakout 0/0.00
2025-10-08 10:10:32 INFO [HB] active    | src=SEED dayR=0.00R open=0 tradesToday=0 bars=360 | arms=trend 0/0.00, breakout 0/0.00
2025-10-08 10:10:32 INFO [HB] active    | src=SEED dayR=0.00R open=0 tradesToday=0 bars=360 | arms=trend 0/0.00, breakout 0/0.00
2025-10-08 10:10:33 INFO [HB] active    | src=SEED dayR=0.00R open=0 tradesToday=0 bars=360 | arms=trend 0/0.00, breakout 0/0.00
2025-10-08 10:10:33 INFO [HB] active    | src=SEED dayR=0.00R open=0 tradesToday=0 bars=360 | arms=trend 0/0.00, breakout 0/0.00
2025-10-08 10:10:34 INFO [HB] active    | src=SEED dayR=0.00R open=0 tradesToday=0 bars=360 | arms=trend 0/0.00, breakout 0/0.00
2025-10-08 10:10:34 INFO [HB] active    | src=SEED dayR=0.00R open=0 tradesToday=0 bars=360 | arms=trend 0/0.00, breakout 0/0.00
2025-10-08 10:10:35 INFO [HB] active    | src=SEED dayR=0.00R open=0 tradesToday=0 bars=360 | arms=trend 0/0.00, breakout 0/0.00
2025-10-08 10:10:35 INFO [HB] active    | src=SEED dayR=0.00R open=0 tradesToday=0 bars=360 | arms=trend 0/0.00, breakout 0/0.00
2025-10-08 10:10:36 INFO [HB] active    | src=SEED dayR=0.00R open=0 tradesToday=0 bars=360 | arms=trend 0/0.00, breakout 0/0.00
[2025-10-08 10:10:40] [WD] hb uptime=270s restarts=0 child_alive=True
[2025-10-08 10:10:45] [WD] hb uptime=275s restarts=0 child_alive=True
[2025-10-08 10:10:50] [WD] hb uptime=280s restarts=0 child_alive=True
[2025-10-08 10:10:55] [WD] hb uptime=285s restarts=0 child_alive=True
2025-10-08 10:10:36 INFO [HB] active    | src=SEED dayR=0.00R open=0 tradesToday=0 bars=360 | arms=trend 0/0.00, breakout 0/0.00
2025-10-08 10:10:37 INFO [HB] active    | src=SEED dayR=0.00R open=0 tradesToday=0 bars=360 | arms=trend 0/0.00, breakout 0/0.00
2025-10-08 10:10:37 INFO [HB] active    | src=SEED dayR=0.00R open=0 tradesToday=0 bars=360 | arms=trend 0/0.00, breakout 0/0.00
2025-10-08 10:10:38 INFO [HB] active    | src=SEED dayR=0.00R open=0 tradesToday=0 bars=360 | arms=trend 0/0.00, breakout 0/0.00
2025-10-08 10:10:38 INFO [HB] active    | src=SEED dayR=0.00R open=0 tradesToday=0 bars=360 | arms=trend 0/0.00, breakout 0/0.00
2025-10-08 10:10:39 INFO [HB] active    | src=SEED dayR=0.00R open=0 tradesToday=0 bars=360 | arms=trend 0/0.00, breakout 0/0.00
2025-10-08 10:10:39 INFO [HB] active    | src=SEED dayR=0.00R open=0 tradesToday=0 bars=360 | arms=trend 0/0.00, breakout 0/0.00
2025-10-08 10:10:40 INFO [HB] active    | src=SEED dayR=0.00R open=0 tradesToday=0 bars=360 | arms=trend 0/0.00, breakout 0/0.00
2025-10-08 10:10:40 INFO [HB] active    | src=SEED dayR=0.00R open=0 tradesToday=0 bars=360 | arms=trend 0/0.00, breakout 0/0.00
2025-10-08 10:10:41 INFO [HB] active    | src=SEED dayR=0.00R open=0 tradesToday=0 bars=360 | arms=trend 0/0.00, breakout 0/0.00
2025-10-08 10:10:41 INFO [HB] active    | src=SEED dayR=0.00R open=0 tradesToday=0 bars=360 | arms=trend 0/0.00, breakout 0/0.00
2025-10-08 10:10:42 INFO [HB] active    | src=SEED dayR=0.00R open=0 tradesToday=0 bars=360 | arms=trend 0/0.00, breakout 0/0.00
2025-10-08 10:10:42 INFO [HB] active    | src=SEED dayR=0.00R open=0 tradesToday=0 bars=360 | arms=trend 0/0.00, breakout 0/0.00
2025-10-08 10:10:43 INFO [HB] active    | src=SEED dayR=0.00R open=0 tradesToday=0 bars=360 | arms=trend 0/0.00, breakout 0/0.00
2025-10-08 10:10:43 INFO [HB] active    | src=SEED dayR=0.00R open=0 tradesToday=0 bars=360 | arms=trend 0/0.00, breakout 0/0.00
2025-10-08 10:10:44 INFO [HB] active    | src=SEED dayR=0.00R open=0 tradesToday=0 bars=360 | arms=trend 0/0.00, breakout 0/0.00
2025-10-08 10:10:44 INFO [HB] active    | src=SEED dayR=0.00R open=0 tradesToday=0 bars=360 | arms=trend 0/0.00, breakout 0/0.00
2025-10-08 10:10:45 INFO [HB] active    | src=SEED dayR=0.00R open=0 tradesToday=0 bars=360 | arms=trend 0/0.00, breakout 0/0.00
2025-10-08 10:10:45 INFO [HB] active    | src=SEED dayR=0.00R open=0 tradesToday=0 bars=360 | arms=trend 0/0.00, breakout 0/0.00
2025-10-08 10:10:46 INFO [HB] active    | src=SEED dayR=0.00R open=0 tradesToday=0 bars=360 | arms=trend 0/0.00, breakout 0/0.00
2025-10-08 10:10:46 INFO [HB] active    | src=SEED dayR=0.00R open=0 tradesToday=0 bars=360 | arms=trend 0/0.00, breakout 0/0.00
2025-10-08 10:10:47 INFO [HB] active    | src=SEED dayR=0.00R open=0 tradesToday=0 bars=360 | arms=trend 0/0.00, breakout 0/0.00
2025-10-08 10:10:47 INFO [HB] active    | src=SEED dayR=0.00R open=0 tradesToday=0 bars=360 | arms=trend 0/0.00, breakout 0/0.00
2025-10-08 10:10:48 INFO [HB] active    | src=SEED dayR=0.00R open=0 tradesToday=0 bars=360 | arms=trend 0/0.00, breakout 0/0.00
2025-10-08 10:10:48 INFO [HB] active    | src=SEED dayR=0.00R open=0 tradesToday=0 bars=360 | arms=trend 0/0.00, breakout 0/0.00
2025-10-08 10:10:49 INFO [HB] active    | src=SEED dayR=0.00R open=0 tradesToday=0 bars=360 | arms=trend 0/0.00, breakout 0/0.00
2025-10-08 10:10:49 INFO [HB] active    | src=SEED dayR=0.00R open=0 tradesToday=0 bars=360 | arms=trend 0/0.00, breakout 0/0.00
2025-10-08 10:10:50 INFO [HB] active    | src=SEED dayR=0.00R open=0 tradesToday=0 bars=360 | arms=trend 0/0.00, breakout 0/0.00
2025-10-08 10:10:50 INFO [HB] active    | src=SEED dayR=0.00R open=0 tradesToday=0 bars=360 | arms=trend 0/0.00, breakout 0/0.00
2025-10-08 10:10:51 INFO [HB] active    | src=SEED dayR=0.00R open=0 tradesToday=0 bars=360 | arms=trend 0/0.00, breakout 0/0.00
2025-10-08 10:10:51 INFO [HB] active    | src=SEED dayR=0.00R open=0 tradesToday=0 bars=360 | arms=trend 0/0.00, breakout 0/0.00
2025-10-08 10:10:52 INFO [HB] active    | src=SEED dayR=0.00R open=0 tradesToday=0 bars=360 | arms=trend 0/0.00, breakout 0/0.00
2025-10-08 10:10:52 INFO [HB] active    | src=SEED dayR=0.00R open=0 tradesToday=0 bars=360 | arms=trend 0/0.00, breakout 0/0.00
2025-10-08 10:10:53 INFO [HB] active    | src=SEED dayR=0.00R open=0 tradesToday=0 bars=360 | arms=trend 0/0.00, breakout 0/0.00
2025-10-08 10:10:53 INFO [HB] active    | src=SEED dayR=0.00R open=0 tradesToday=0 bars=360 | arms=trend 0/0.00, breakout 0/0.00
2025-10-08 10:10:54 INFO [HB] active    | src=SEED dayR=0.00R open=0 tradesToday=0 bars=360 | arms=trend 0/0.00, breakout 0/0.00
2025-10-08 10:10:54 INFO [HB] active    | src=SEED dayR=0.00R open=0 tradesToday=0 bars=360 | arms=trend 0/0.00, breakout 0/0.00
2025-10-08 10:10:55 INFO [HB] active    | src=SEED dayR=0.00R open=0 tradesToday=0 bars=360 | arms=trend 0/0.00, breakout 0/0.00
2025-10-08 10:10:55 INFO [HB] active    | src=SEED dayR=0.00R open=0 tradesToday=0 bars=360 | arms=trend 0/0.00, breakout 0/0.00
[2025-10-08 10:10:56] EXIT CODE: 1
