
[2025-10-08 09:27:29] CMD: C:\Users\owner\AppData\Local\Programs\Python\Python313\python.exe -X faulthandler -u C:\Users\owner\Desktop\es_futures_backtester\paper_trader.py ﻿--local-symbol ESZ5 --host 127.0.0.1 --port 7497 --clientId 111 --symbol ES --auto-front-month --entry-slippage-ticks 2 --atomic-bracket --qty 1 --risk-ticks 12 --tick-size 0.25 --tp-R 1.0 --enable-arms trend,breakout --gate-adx 19 --gate-bbbw 0.00020 --gate-atrp 0.000055 --min-hold-sec 60 --breakeven-after-R 2.2 --trail-atr-mult 3.2 --trail-delay-sec 240 --trail-on-bar-close --max-trades-per-day 12 --day-loss-cap-R 3 --strategy-cooldown-sec 150 --trade-start-ct 00:00 --trade-end-ct 23:59 --tif GTC --outsideRth --require-new-bar-after-start --startup-delay-sec 10 --debounce-one-bar --duration "1 D" --connect-timeout-sec 300 --timeout-sec 300 --chooser bandit_hybrid --bandit ucb --bandit-state .\data\learn\bandit_state.json --learn-log --learn-log-dir .\logs\learn --place-orders -v
[2025-10-08 09:27:34] [WD] hb uptime=5s restarts=0 child_alive=True
[2025-10-08 09:27:39] [WD] hb uptime=10s restarts=0 child_alive=True
[2025-10-08 09:27:44] [WD] hb uptime=15s restarts=0 child_alive=True
[2025-10-08 09:27:49] [WD] hb uptime=20s restarts=0 child_alive=True
[2025-10-08 09:27:54] [WD] hb uptime=25s restarts=0 child_alive=True
[2025-10-08 09:27:59] [WD] hb uptime=30s restarts=0 child_alive=True
[2025-10-08 09:28:04] [WD] hb uptime=35s restarts=0 child_alive=True
[2025-10-08 09:28:09] [WD] hb uptime=40s restarts=0 child_alive=True
[CLI] Ignoring unknown args: ['\ufeff--local-symbol', 'ESZ5']
Starting ES paper bot...
[CONNECT] 127.0.0.1:7497 clientId=111
Connected
[MD] Market data type set to LIVE (1)
[CONTRACT] Auto-picked ESZ5 conId=495512563 expiry=20251219
[BOOT] Hist seed: 361 bars
2025-10-08 09:27:40 INFO [HB] active    | dayR=0.00R open=0 tradesToday=0 bars=361 | arms=trend 0/0.00, breakout 0/0.00
2025-10-08 09:27:41 INFO [HB] active    | dayR=0.00R open=0 tradesToday=0 bars=361 | arms=trend 0/0.00, breakout 0/0.00
2025-10-08 09:27:41 INFO [HB] active    | dayR=0.00R open=0 tradesToday=0 bars=361 | arms=trend 0/0.00, breakout 0/0.00
2025-10-08 09:27:42 INFO [HB] active    | dayR=0.00R open=0 tradesToday=0 bars=361 | arms=trend 0/0.00, breakout 0/0.00
2025-10-08 09:27:42 INFO [HB] active    | dayR=0.00R open=0 tradesToday=0 bars=361 | arms=trend 0/0.00, breakout 0/0.00
2025-10-08 09:27:43 INFO [HB] active    | dayR=0.00R open=0 tradesToday=0 bars=361 | arms=trend 0/0.00, breakout 0/0.00
2025-10-08 09:27:43 INFO [HB] active    | dayR=0.00R open=0 tradesToday=0 bars=361 | arms=trend 0/0.00, breakout 0/0.00
2025-10-08 09:27:44 INFO [HB] active    | dayR=0.00R open=0 tradesToday=0 bars=361 | arms=trend 0/0.00, breakout 0/0.00
2025-10-08 09:27:44 INFO [HB] active    | dayR=0.00R open=0 tradesToday=0 bars=361 | arms=trend 0/0.00, breakout 0/0.00
2025-10-08 09:27:45 INFO [HB] active    | dayR=0.00R open=0 tradesToday=0 bars=361 | arms=trend 0/0.00, breakout 0/0.00
2025-10-08 09:27:45 INFO [HB] active    | dayR=0.00R open=0 tradesToday=0 bars=361 | arms=trend 0/0.00, breakout 0/0.00
2025-10-08 09:27:46 INFO [HB] active    | dayR=0.00R open=0 tradesToday=0 bars=361 | arms=trend 0/0.00, breakout 0/0.00
2025-10-08 09:27:46 INFO [HB] active    | dayR=0.00R open=0 tradesToday=0 bars=361 | arms=trend 0/0.00, breakout 0/0.00
2025-10-08 09:27:47 INFO [HB] active    | dayR=0.00R open=0 tradesToday=0 bars=361 | arms=trend 0/0.00, breakout 0/0.00
2025-10-08 09:27:47 INFO [HB] active    | dayR=0.00R open=0 tradesToday=0 bars=361 | arms=trend 0/0.00, breakout 0/0.00
2025-10-08 09:27:48 INFO [HB] active    | dayR=0.00R open=0 tradesToday=0 bars=361 | arms=trend 0/0.00, breakout 0/0.00
2025-10-08 09:27:48 INFO [HB] active    | dayR=0.00R open=0 tradesToday=0 bars=361 | arms=trend 0/0.00, breakout 0/0.00
2025-10-08 09:27:49 INFO [HB] active    | dayR=0.00R open=0 tradesToday=0 bars=361 | arms=trend 0/0.00, breakout 0/0.00
2025-10-08 09:27:49 INFO [HB] active    | dayR=0.00R open=0 tradesToday=0 bars=361 | arms=trend 0/0.00, breakout 0/0.00
2025-10-08 09:27:50 INFO [HB] active    | dayR=0.00R open=0 tradesToday=0 bars=361 | arms=trend 0/0.00, breakout 0/0.00
2025-10-08 09:27:50 INFO [HB] active    | dayR=0.00R open=0 tradesToday=0 bars=361 | arms=trend 0/0.00, breakout 0/0.00
2025-10-08 09:27:51 INFO [HB] active    | dayR=0.00R open=0 tradesToday=0 bars=361 | arms=trend 0/0.00, breakout 0/0.00
2025-10-08 09:27:51 INFO [HB] active    | dayR=0.00R open=0 tradesToday=0 bars=361 | arms=trend 0/0.00, breakout 0/0.00
2025-10-08 09:27:52 INFO [HB] active    | dayR=0.00R open=0 tradesToday=0 bars=361 | arms=trend 0/0.00, breakout 0/0.00
2025-10-08 09:27:52 INFO [HB] active    | dayR=0.00R open=0 tradesToday=0 bars=361 | arms=trend 0/0.00, breakout 0/0.00
2025-10-08 09:27:53 INFO [HB] active    | dayR=0.00R open=0 tradesToday=0 bars=361 | arms=trend 0/0.00, breakout 0/0.00
2025-10-08 09:27:53 INFO [HB] active    | dayR=0.00R open=0 tradesToday=0 bars=361 | arms=trend 0/0.00, breakout 0/0.00
2025-10-08 09:27:54 INFO [HB] active    | dayR=0.00R open=0 tradesToday=0 bars=361 | arms=trend 0/0.00, breakout 0/0.00
2025-10-08 09:27:54 INFO [HB] active    | dayR=0.00R open=0 tradesToday=0 bars=361 | arms=trend 0/0.00, breakout 0/0.00
2025-10-08 09:27:55 INFO [HB] active    | dayR=0.00R open=0 tradesToday=0 bars=361 | arms=trend 0/0.00, breakout 0/0.00
2025-10-08 09:27:55 INFO [HB] active    | dayR=0.00R open=0 tradesToday=0 bars=361 | arms=trend 0/0.00, breakout 0/0.00
2025-10-08 09:27:56 INFO [HB] active    | dayR=0.00R open=0 tradesToday=0 bars=361 | arms=trend 0/0.00, breakout 0/0.00
2025-10-08 09:27:56 INFO [HB] active    | dayR=0.00R open=0 tradesToday=0 bars=361 | arms=trend 0/0.00, breakout 0/0.00
2025-10-08 09:27:57 INFO [HB] active    | dayR=0.00R open=0 tradesToday=0 bars=361 | arms=trend 0/0.00, breakout 0/0.00
2025-10-08 09:27:57 INFO [HB] active    | dayR=0.00R open=0 tradesToday=0 bars=361 | arms=trend 0/0.00, breakout 0/0.00
2025-10-08 09:27:58 INFO [HB] active    | dayR=0.00R open=0 tradesToday=0 bars=361 | arms=trend 0/0.00, breakout 0/0.00
2025-10-08 09:27:58 INFO [HB] active    | dayR=0.00R open=0 tradesToday=0 bars=361 | arms=trend 0/0.00, breakout 0/0.00
2025-10-08 09:27:59 INFO [HB] active    | dayR=0.00R open=0 tradesToday=0 bars=361 | arms=trend 0/0.00, breakout 0/0.00
2025-10-08 09:27:59 INFO [HB] active    | dayR=0.00R open=0 tradesToday=0 bars=361 | arms=trend 0/0.00, breakout 0/0.00
2025-10-08 09:28:00 INFO [HB] active    | dayR=0.00R open=0 tradesToday=0 bars=361 | arms=trend 0/0.00, breakout 0/0.00
2025-10-08 09:28:00 INFO [HB] active    | dayR=0.00R open=0 tradesToday=0 bars=361 | arms=trend 0/0.00, breakout 0/0.00
2025-10-08 09:28:01 INFO [HB] active    | dayR=0.00R open=0 tradesToday=0 bars=361 | arms=trend 0/0.00, breakout 0/0.00
2025-10-08 09:28:01 INFO [HB] active    | dayR=0.00R open=0 tradesToday=0 bars=361 | arms=trend 0/0.00, breakout 0/0.00
2025-10-08 09:28:02 INFO [HB] active    | dayR=0.00R open=0 tradesToday=0 bars=361 | arms=trend 0/0.00, breakout 0/0.00
2025-10-08 09:28:02 INFO [HB] active    | dayR=0.00R open=0 tradesToday=0 bars=361 | arms=trend 0/0.00, breakout 0/0.00
2025-10-08 09:28:03 INFO [HB] active    | dayR=0.00R open=0 tradesToday=0 bars=361 | arms=trend 0/0.00, breakout 0/0.00
2025-10-08 09:28:03 INFO [HB] active    | dayR=0.00R open=0 tradesToday=0 bars=361 | arms=trend 0/0.00, breakout 0/0.00
2025-10-08 09:28:04 INFO [HB] active    | dayR=0.00R open=0 tradesToday=0 bars=361 | arms=trend 0/0.00, breakout 0/0.00
2025-10-08 09:28:04 INFO [HB] active    | dayR=0.00R open=0 tradesToday=0 bars=361 | arms=trend 0/0.00, breakout 0/0.00
2025-10-08 09:28:05 INFO [HB] active    | dayR=0.00R open=0 tradesToday=0 bars=361 | arms=trend 0/0.00, breakout 0/0.00
2025-10-08 09:28:05 INFO [HB] active    | dayR=0.00R open=0 tradesToday=0 bars=361 | arms=trend 0/0.00, breakout 0/0.00
2025-10-08 09:28:06 INFO [HB] active    | dayR=0.00R open=0 tradesToday=0 bars=361 | arms=trend 0/0.00, breakout 0/0.00
2025-10-08 09:28:06 INFO [HB] active    | dayR=0.00R open=0 tradesToday=0 bars=361 | arms=trend 0/0.00, breakout 0/0.00
2025-10-08 09:28:07 INFO [HB] active    | dayR=0.00R open=0 tradesToday=0 bars=361 | arms=trend 0/0.00, breakout 0/0.00
2025-10-08 09:28:07 INFO [HB] active    | dayR=0.00R open=0 tradesToday=0 bars=361 | arms=trend 0/0.00, breakout 0/0.00
2025-10-08 09:28:08 INFO [HB] active    | dayR=0.00R open=0 tradesToday=0 bars=361 | arms=trend 0/0.00, breakout 0/0.00
2025-10-08 09:28:08 INFO [HB] active    | dayR=0.00R open=0 tradesToday=0 bars=361 | arms=trend 0/0.00, breakout 0/0.00
2025-10-08 09:28:09 INFO [HB] active    | dayR=0.00R open=0 tradesToday=0 bars=361 | arms=trend 0/0.00, breakout 0/0.00
2025-10-08 09:28:09 INFO [HB] active    | dayR=0.00R open=0 tradesToday=0 bars=361 | arms=trend 0/0.00, breakout 0/0.00
2025-10-08 09:28:10 INFO [HB] active    | dayR=0.00R open=0 tradesToday=0 bars=361 | arms=trend 0/0.00, breakout 0/0.00
2025-10-08 09:28:10 INFO [HB] active    | dayR=0.00R open=0 tradesToday=0 bars=361 | arms=trend 0/0.00, breakout 0/0.00
2025-10-08 09:28:11 INFO [HB] active    | dayR=0.00R open=0 tradesToday=0 bars=361 | arms=trend 0/0.00, breakout 0/0.00
2025-10-08 09:28:11 INFO [HB] active    | dayR=0.00R open=0 tradesToday=0 bars=361 | arms=trend 0/0.00, breakout 0/0.00
2025-10-08 09:28:12 INFO [HB] active    | dayR=0.00R open=0 tradesToday=0 bars=361 | arms=trend 0/0.00, breakout 0/0.00
2025-10-08 09:28:12 INFO [HB] active    | dayR=0.00R open=0 tradesToday=0 bars=361 | arms=trend 0/0.00, breakout 0/0.00
2025-10-08 09:28:13 INFO [HB] active    | dayR=0.00R open=0 tradesToday=0 bars=361 | arms=trend 0/0.00, breakout 0/0.00
[2025-10-08 09:28:14] [WD] hb uptime=45s restarts=0 child_alive=True
[2025-10-08 09:28:19] [WD] hb uptime=50s restarts=0 child_alive=True
[2025-10-08 09:28:24] [WD] hb uptime=55s restarts=0 child_alive=True
[2025-10-08 09:28:29] [WD] hb uptime=60s restarts=0 child_alive=True
[2025-10-08 09:28:34] [WD] hb uptime=65s restarts=0 child_alive=True
[2025-10-08 09:28:39] [WD] hb uptime=70s restarts=0 child_alive=True
[2025-10-08 09:28:44] [WD] hb uptime=75s restarts=0 child_alive=True
2025-10-08 09:28:13 INFO [HB] active    | dayR=0.00R open=0 tradesToday=0 bars=361 | arms=trend 0/0.00, breakout 0/0.00
2025-10-08 09:28:14 INFO [HB] active    | dayR=0.00R open=0 tradesToday=0 bars=361 | arms=trend 0/0.00, breakout 0/0.00
2025-10-08 09:28:14 INFO [HB] active    | dayR=0.00R open=0 tradesToday=0 bars=361 | arms=trend 0/0.00, breakout 0/0.00
2025-10-08 09:28:15 INFO [HB] active    | dayR=0.00R open=0 tradesToday=0 bars=361 | arms=trend 0/0.00, breakout 0/0.00
2025-10-08 09:28:15 INFO [HB] active    | dayR=0.00R open=0 tradesToday=0 bars=361 | arms=trend 0/0.00, breakout 0/0.00
2025-10-08 09:28:16 INFO [HB] active    | dayR=0.00R open=0 tradesToday=0 bars=361 | arms=trend 0/0.00, breakout 0/0.00
2025-10-08 09:28:16 INFO [HB] active    | dayR=0.00R open=0 tradesToday=0 bars=361 | arms=trend 0/0.00, breakout 0/0.00
2025-10-08 09:28:17 INFO [HB] active    | dayR=0.00R open=0 tradesToday=0 bars=361 | arms=trend 0/0.00, breakout 0/0.00
2025-10-08 09:28:17 INFO [HB] active    | dayR=0.00R open=0 tradesToday=0 bars=361 | arms=trend 0/0.00, breakout 0/0.00
2025-10-08 09:28:18 INFO [HB] active    | dayR=0.00R open=0 tradesToday=0 bars=361 | arms=trend 0/0.00, breakout 0/0.00
2025-10-08 09:28:18 INFO [HB] active    | dayR=0.00R open=0 tradesToday=0 bars=361 | arms=trend 0/0.00, breakout 0/0.00
2025-10-08 09:28:19 INFO [HB] active    | dayR=0.00R open=0 tradesToday=0 bars=361 | arms=trend 0/0.00, breakout 0/0.00
2025-10-08 09:28:19 INFO [HB] active    | dayR=0.00R open=0 tradesToday=0 bars=361 | arms=trend 0/0.00, breakout 0/0.00
2025-10-08 09:28:20 INFO [HB] active    | dayR=0.00R open=0 tradesToday=0 bars=361 | arms=trend 0/0.00, breakout 0/0.00
2025-10-08 09:28:20 INFO [HB] active    | dayR=0.00R open=0 tradesToday=0 bars=361 | arms=trend 0/0.00, breakout 0/0.00
2025-10-08 09:28:21 INFO [HB] active    | dayR=0.00R open=0 tradesToday=0 bars=361 | arms=trend 0/0.00, breakout 0/0.00
2025-10-08 09:28:21 INFO [HB] active    | dayR=0.00R open=0 tradesToday=0 bars=361 | arms=trend 0/0.00, breakout 0/0.00
2025-10-08 09:28:22 INFO [HB] active    | dayR=0.00R open=0 tradesToday=0 bars=361 | arms=trend 0/0.00, breakout 0/0.00
2025-10-08 09:28:22 INFO [HB] active    | dayR=0.00R open=0 tradesToday=0 bars=361 | arms=trend 0/0.00, breakout 0/0.00
2025-10-08 09:28:23 INFO [HB] active    | dayR=0.00R open=0 tradesToday=0 bars=361 | arms=trend 0/0.00, breakout 0/0.00
2025-10-08 09:28:23 INFO [HB] active    | dayR=0.00R open=0 tradesToday=0 bars=361 | arms=trend 0/0.00, breakout 0/0.00
2025-10-08 09:28:24 INFO [HB] active    | dayR=0.00R open=0 tradesToday=0 bars=361 | arms=trend 0/0.00, breakout 0/0.00
2025-10-08 09:28:24 INFO [HB] active    | dayR=0.00R open=0 tradesToday=0 bars=361 | arms=trend 0/0.00, breakout 0/0.00
2025-10-08 09:28:25 INFO [HB] active    | dayR=0.00R open=0 tradesToday=0 bars=361 | arms=trend 0/0.00, breakout 0/0.00
2025-10-08 09:28:25 INFO [HB] active    | dayR=0.00R open=0 tradesToday=0 bars=361 | arms=trend 0/0.00, breakout 0/0.00
2025-10-08 09:28:26 INFO [HB] active    | dayR=0.00R open=0 tradesToday=0 bars=361 | arms=trend 0/0.00, breakout 0/0.00
2025-10-08 09:28:26 INFO [HB] active    | dayR=0.00R open=0 tradesToday=0 bars=361 | arms=trend 0/0.00, breakout 0/0.00
2025-10-08 09:28:27 INFO [HB] active    | dayR=0.00R open=0 tradesToday=0 bars=361 | arms=trend 0/0.00, breakout 0/0.00
2025-10-08 09:28:27 INFO [HB] active    | dayR=0.00R open=0 tradesToday=0 bars=361 | arms=trend 0/0.00, breakout 0/0.00
2025-10-08 09:28:28 INFO [HB] active    | dayR=0.00R open=0 tradesToday=0 bars=361 | arms=trend 0/0.00, breakout 0/0.00
2025-10-08 09:28:28 INFO [HB] active    | dayR=0.00R open=0 tradesToday=0 bars=361 | arms=trend 0/0.00, breakout 0/0.00
2025-10-08 09:28:29 INFO [HB] active    | dayR=0.00R open=0 tradesToday=0 bars=361 | arms=trend 0/0.00, breakout 0/0.00
2025-10-08 09:28:29 INFO [HB] active    | dayR=0.00R open=0 tradesToday=0 bars=361 | arms=trend 0/0.00, breakout 0/0.00
2025-10-08 09:28:30 INFO [HB] active    | dayR=0.00R open=0 tradesToday=0 bars=361 | arms=trend 0/0.00, breakout 0/0.00
2025-10-08 09:28:30 INFO [HB] active    | dayR=0.00R open=0 tradesToday=0 bars=361 | arms=trend 0/0.00, breakout 0/0.00
2025-10-08 09:28:31 INFO [HB] active    | dayR=0.00R open=0 tradesToday=0 bars=361 | arms=trend 0/0.00, breakout 0/0.00
2025-10-08 09:28:31 INFO [HB] active    | dayR=0.00R open=0 tradesToday=0 bars=361 | arms=trend 0/0.00, breakout 0/0.00
2025-10-08 09:28:32 INFO [HB] active    | dayR=0.00R open=0 tradesToday=0 bars=361 | arms=trend 0/0.00, breakout 0/0.00
2025-10-08 09:28:32 INFO [HB] active    | dayR=0.00R open=0 tradesToday=0 bars=361 | arms=trend 0/0.00, breakout 0/0.00
2025-10-08 09:28:33 INFO [HB] active    | dayR=0.00R open=0 tradesToday=0 bars=361 | arms=trend 0/0.00, breakout 0/0.00
2025-10-08 09:28:33 INFO [HB] active    | dayR=0.00R open=0 tradesToday=0 bars=361 | arms=trend 0/0.00, breakout 0/0.00
2025-10-08 09:28:34 INFO [HB] active    | dayR=0.00R open=0 tradesToday=0 bars=361 | arms=trend 0/0.00, breakout 0/0.00
2025-10-08 09:28:34 INFO [HB] active    | dayR=0.00R open=0 tradesToday=0 bars=361 | arms=trend 0/0.00, breakout 0/0.00
2025-10-08 09:28:35 INFO [HB] active    | dayR=0.00R open=0 tradesToday=0 bars=361 | arms=trend 0/0.00, breakout 0/0.00
2025-10-08 09:28:35 INFO [HB] active    | dayR=0.00R open=0 tradesToday=0 bars=361 | arms=trend 0/0.00, breakout 0/0.00
2025-10-08 09:28:36 INFO [HB] active    | dayR=0.00R open=0 tradesToday=0 bars=361 | arms=trend 0/0.00, breakout 0/0.00
2025-10-08 09:28:36 INFO [HB] active    | dayR=0.00R open=0 tradesToday=0 bars=361 | arms=trend 0/0.00, breakout 0/0.00
2025-10-08 09:28:37 INFO [HB] active    | dayR=0.00R open=0 tradesToday=0 bars=361 | arms=trend 0/0.00, breakout 0/0.00
2025-10-08 09:28:37 INFO [HB] active    | dayR=0.00R open=0 tradesToday=0 bars=361 | arms=trend 0/0.00, breakout 0/0.00
2025-10-08 09:28:38 INFO [HB] active    | dayR=0.00R open=0 tradesToday=0 bars=361 | arms=trend 0/0.00, breakout 0/0.00
2025-10-08 09:28:38 INFO [HB] active    | dayR=0.00R open=0 tradesToday=0 bars=361 | arms=trend 0/0.00, breakout 0/0.00
2025-10-08 09:28:39 INFO [HB] active    | dayR=0.00R open=0 tradesToday=0 bars=361 | arms=trend 0/0.00, breakout 0/0.00
2025-10-08 09:28:39 INFO [HB] active    | dayR=0.00R open=0 tradesToday=0 bars=361 | arms=trend 0/0.00, breakout 0/0.00
2025-10-08 09:28:40 INFO [HB] active    | dayR=0.00R open=0 tradesToday=0 bars=361 | arms=trend 0/0.00, breakout 0/0.00
2025-10-08 09:28:40 INFO [HB] active    | dayR=0.00R open=0 tradesToday=0 bars=361 | arms=trend 0/0.00, breakout 0/0.00
2025-10-08 09:28:41 INFO [HB] active    | dayR=0.00R open=0 tradesToday=0 bars=361 | arms=trend 0/0.00, breakout 0/0.00
2025-10-08 09:28:41 INFO [HB] active    | dayR=0.00R open=0 tradesToday=0 bars=361 | arms=trend 0/0.00, breakout 0/0.00
2025-10-08 09:28:42 INFO [HB] active    | dayR=0.00R open=0 tradesToday=0 bars=361 | arms=trend 0/0.00, breakout 0/0.00
2025-10-08 09:28:42 INFO [HB] active    | dayR=0.00R open=0 tradesToday=0 bars=361 | arms=trend 0/0.00, breakout 0/0.00
2025-10-08 09:28:43 INFO [HB] active    | dayR=0.00R open=0 tradesToday=0 bars=361 | arms=trend 0/0.00, breakout 0/0.00
2025-10-08 09:28:43 INFO [HB] active    | dayR=0.00R open=0 tradesToday=0 bars=361 | arms=trend 0/0.00, breakout 0/0.00
2025-10-08 09:28:44 INFO [HB] active    | dayR=0.00R open=0 tradesToday=0 bars=361 | arms=trend 0/0.00, breakout 0/0.00
2025-10-08 09:28:44 INFO [HB] active    | dayR=0.00R open=0 tradesToday=0 bars=361 | arms=trend 0/0.00, breakout 0/0.00
2025-10-08 09:28:45 INFO [HB] active    | dayR=0.00R open=0 tradesToday=0 bars=361 | arms=trend 0/0.00, breakout 0/0.00
2025-10-08 09:28:45 INFO [HB] active    | dayR=0.00R open=0 tradesToday=0 bars=361 | arms=trend 0/0.00, breakout 0/0.00
2025-10-08 09:28:46 INFO [HB] active    | dayR=0.00R open=0 tradesToday=0 bars=361 | arms=trend 0/0.00, breakout 0/0.00
2025-10-08 09:28:46 INFO [HB] active    | dayR=0.00R open=0 tradesToday=0 bars=361 | arms=trend 0/0.00, breakout 0/0.00
2025-10-08 09:28:47 INFO [HB] active    | dayR=0.00R open=0 tradesToday=0 bars=361 | arms=trend 0/0.00, breakout 0/0.00
[2025-10-08 09:28:49] [WD] hb uptime=80s restarts=0 child_alive=True
[2025-10-08 09:28:54] [WD] hb uptime=85s restarts=0 child_alive=True
[2025-10-08 09:28:59] [WD] hb uptime=90s restarts=0 child_alive=True
[2025-10-08 09:29:04] [WD] hb uptime=95s restarts=0 child_alive=True
[2025-10-08 09:29:09] [WD] hb uptime=100s restarts=0 child_alive=True
[2025-10-08 09:29:14] [WD] hb uptime=105s restarts=0 child_alive=True
[2025-10-08 09:29:19] [WD] hb uptime=110s restarts=0 child_alive=True
2025-10-08 09:28:47 INFO [HB] active    | dayR=0.00R open=0 tradesToday=0 bars=361 | arms=trend 0/0.00, breakout 0/0.00
2025-10-08 09:28:48 INFO [HB] active    | dayR=0.00R open=0 tradesToday=0 bars=361 | arms=trend 0/0.00, breakout 0/0.00
2025-10-08 09:28:48 INFO [HB] active    | dayR=0.00R open=0 tradesToday=0 bars=361 | arms=trend 0/0.00, breakout 0/0.00
2025-10-08 09:28:49 INFO [HB] active    | dayR=0.00R open=0 tradesToday=0 bars=361 | arms=trend 0/0.00, breakout 0/0.00
2025-10-08 09:28:49 INFO [HB] active    | dayR=0.00R open=0 tradesToday=0 bars=361 | arms=trend 0/0.00, breakout 0/0.00
2025-10-08 09:28:50 INFO [HB] active    | dayR=0.00R open=0 tradesToday=0 bars=361 | arms=trend 0/0.00, breakout 0/0.00
2025-10-08 09:28:50 INFO [HB] active    | dayR=0.00R open=0 tradesToday=0 bars=361 | arms=trend 0/0.00, breakout 0/0.00
2025-10-08 09:28:51 INFO [HB] active    | dayR=0.00R open=0 tradesToday=0 bars=361 | arms=trend 0/0.00, breakout 0/0.00
2025-10-08 09:28:51 INFO [HB] active    | dayR=0.00R open=0 tradesToday=0 bars=361 | arms=trend 0/0.00, breakout 0/0.00
2025-10-08 09:28:52 INFO [HB] active    | dayR=0.00R open=0 tradesToday=0 bars=361 | arms=trend 0/0.00, breakout 0/0.00
2025-10-08 09:28:52 INFO [HB] active    | dayR=0.00R open=0 tradesToday=0 bars=361 | arms=trend 0/0.00, breakout 0/0.00
2025-10-08 09:28:53 INFO [HB] active    | dayR=0.00R open=0 tradesToday=0 bars=361 | arms=trend 0/0.00, breakout 0/0.00
2025-10-08 09:28:53 INFO [HB] active    | dayR=0.00R open=0 tradesToday=0 bars=361 | arms=trend 0/0.00, breakout 0/0.00
2025-10-08 09:28:54 INFO [HB] active    | dayR=0.00R open=0 tradesToday=0 bars=361 | arms=trend 0/0.00, breakout 0/0.00
2025-10-08 09:28:54 INFO [HB] active    | dayR=0.00R open=0 tradesToday=0 bars=361 | arms=trend 0/0.00, breakout 0/0.00
2025-10-08 09:28:55 INFO [HB] active    | dayR=0.00R open=0 tradesToday=0 bars=361 | arms=trend 0/0.00, breakout 0/0.00
2025-10-08 09:28:56 INFO [HB] active    | dayR=0.00R open=0 tradesToday=0 bars=361 | arms=trend 0/0.00, breakout 0/0.00
2025-10-08 09:28:56 INFO [HB] active    | dayR=0.00R open=0 tradesToday=0 bars=361 | arms=trend 0/0.00, breakout 0/0.00
2025-10-08 09:28:57 INFO [HB] active    | dayR=0.00R open=0 tradesToday=0 bars=361 | arms=trend 0/0.00, breakout 0/0.00
2025-10-08 09:28:57 INFO [HB] active    | dayR=0.00R open=0 tradesToday=0 bars=361 | arms=trend 0/0.00, breakout 0/0.00
2025-10-08 09:28:58 INFO [HB] active    | dayR=0.00R open=0 tradesToday=0 bars=361 | arms=trend 0/0.00, breakout 0/0.00
2025-10-08 09:28:58 INFO [HB] active    | dayR=0.00R open=0 tradesToday=0 bars=361 | arms=trend 0/0.00, breakout 0/0.00
2025-10-08 09:28:59 INFO [HB] active    | dayR=0.00R open=0 tradesToday=0 bars=361 | arms=trend 0/0.00, breakout 0/0.00
2025-10-08 09:28:59 INFO [HB] active    | dayR=0.00R open=0 tradesToday=0 bars=361 | arms=trend 0/0.00, breakout 0/0.00
2025-10-08 09:29:00 INFO [HB] active    | dayR=0.00R open=0 tradesToday=0 bars=361 | arms=trend 0/0.00, breakout 0/0.00
2025-10-08 09:29:00 INFO [HB] active    | dayR=0.00R open=0 tradesToday=0 bars=361 | arms=trend 0/0.00, breakout 0/0.00
2025-10-08 09:29:01 INFO [HB] active    | dayR=0.00R open=0 tradesToday=0 bars=361 | arms=trend 0/0.00, breakout 0/0.00
2025-10-08 09:29:01 INFO [HB] active    | dayR=0.00R open=0 tradesToday=0 bars=361 | arms=trend 0/0.00, breakout 0/0.00
2025-10-08 09:29:02 INFO [HB] active    | dayR=0.00R open=0 tradesToday=0 bars=361 | arms=trend 0/0.00, breakout 0/0.00
2025-10-08 09:29:02 INFO [HB] active    | dayR=0.00R open=0 tradesToday=0 bars=361 | arms=trend 0/0.00, breakout 0/0.00
2025-10-08 09:29:03 INFO [HB] active    | dayR=0.00R open=0 tradesToday=0 bars=361 | arms=trend 0/0.00, breakout 0/0.00
2025-10-08 09:29:03 INFO [HB] active    | dayR=0.00R open=0 tradesToday=0 bars=361 | arms=trend 0/0.00, breakout 0/0.00
2025-10-08 09:29:04 INFO [HB] active    | dayR=0.00R open=0 tradesToday=0 bars=361 | arms=trend 0/0.00, breakout 0/0.00
2025-10-08 09:29:04 INFO [HB] active    | dayR=0.00R open=0 tradesToday=0 bars=361 | arms=trend 0/0.00, breakout 0/0.00
2025-10-08 09:29:05 INFO [HB] active    | dayR=0.00R open=0 tradesToday=0 bars=361 | arms=trend 0/0.00, breakout 0/0.00
2025-10-08 09:29:05 INFO [HB] active    | dayR=0.00R open=0 tradesToday=0 bars=361 | arms=trend 0/0.00, breakout 0/0.00
2025-10-08 09:29:06 INFO [HB] active    | dayR=0.00R open=0 tradesToday=0 bars=361 | arms=trend 0/0.00, breakout 0/0.00
2025-10-08 09:29:06 INFO [HB] active    | dayR=0.00R open=0 tradesToday=0 bars=361 | arms=trend 0/0.00, breakout 0/0.00
2025-10-08 09:29:07 INFO [HB] active    | dayR=0.00R open=0 tradesToday=0 bars=361 | arms=trend 0/0.00, breakout 0/0.00
2025-10-08 09:29:07 INFO [HB] active    | dayR=0.00R open=0 tradesToday=0 bars=361 | arms=trend 0/0.00, breakout 0/0.00
2025-10-08 09:29:08 INFO [HB] active    | dayR=0.00R open=0 tradesToday=0 bars=361 | arms=trend 0/0.00, breakout 0/0.00
2025-10-08 09:29:08 INFO [HB] active    | dayR=0.00R open=0 tradesToday=0 bars=361 | arms=trend 0/0.00, breakout 0/0.00
2025-10-08 09:29:09 INFO [HB] active    | dayR=0.00R open=0 tradesToday=0 bars=361 | arms=trend 0/0.00, breakout 0/0.00
2025-10-08 09:29:09 INFO [HB] active    | dayR=0.00R open=0 tradesToday=0 bars=361 | arms=trend 0/0.00, breakout 0/0.00
2025-10-08 09:29:10 INFO [HB] active    | dayR=0.00R open=0 tradesToday=0 bars=361 | arms=trend 0/0.00, breakout 0/0.00
2025-10-08 09:29:10 INFO [HB] active    | dayR=0.00R open=0 tradesToday=0 bars=361 | arms=trend 0/0.00, breakout 0/0.00
2025-10-08 09:29:11 INFO [HB] active    | dayR=0.00R open=0 tradesToday=0 bars=361 | arms=trend 0/0.00, breakout 0/0.00
2025-10-08 09:29:11 INFO [HB] active    | dayR=0.00R open=0 tradesToday=0 bars=361 | arms=trend 0/0.00, breakout 0/0.00
2025-10-08 09:29:12 INFO [HB] active    | dayR=0.00R open=0 tradesToday=0 bars=361 | arms=trend 0/0.00, breakout 0/0.00
2025-10-08 09:29:12 INFO [HB] active    | dayR=0.00R open=0 tradesToday=0 bars=361 | arms=trend 0/0.00, breakout 0/0.00
2025-10-08 09:29:13 INFO [HB] active    | dayR=0.00R open=0 tradesToday=0 bars=361 | arms=trend 0/0.00, breakout 0/0.00
2025-10-08 09:29:13 INFO [HB] active    | dayR=0.00R open=0 tradesToday=0 bars=361 | arms=trend 0/0.00, breakout 0/0.00
2025-10-08 09:29:14 INFO [HB] active    | dayR=0.00R open=0 tradesToday=0 bars=361 | arms=trend 0/0.00, breakout 0/0.00
2025-10-08 09:29:14 INFO [HB] active    | dayR=0.00R open=0 tradesToday=0 bars=361 | arms=trend 0/0.00, breakout 0/0.00
2025-10-08 09:29:15 INFO [HB] active    | dayR=0.00R open=0 tradesToday=0 bars=361 | arms=trend 0/0.00, breakout 0/0.00
2025-10-08 09:29:15 INFO [HB] active    | dayR=0.00R open=0 tradesToday=0 bars=361 | arms=trend 0/0.00, breakout 0/0.00
2025-10-08 09:29:16 INFO [HB] active    | dayR=0.00R open=0 tradesToday=0 bars=361 | arms=trend 0/0.00, breakout 0/0.00
2025-10-08 09:29:16 INFO [HB] active    | dayR=0.00R open=0 tradesToday=0 bars=361 | arms=trend 0/0.00, breakout 0/0.00
2025-10-08 09:29:17 INFO [HB] active    | dayR=0.00R open=0 tradesToday=0 bars=361 | arms=trend 0/0.00, breakout 0/0.00
2025-10-08 09:29:17 INFO [HB] active    | dayR=0.00R open=0 tradesToday=0 bars=361 | arms=trend 0/0.00, breakout 0/0.00
2025-10-08 09:29:18 INFO [HB] active    | dayR=0.00R open=0 tradesToday=0 bars=361 | arms=trend 0/0.00, breakout 0/0.00
2025-10-08 09:29:18 INFO [HB] active    | dayR=0.00R open=0 tradesToday=0 bars=361 | arms=trend 0/0.00, breakout 0/0.00
2025-10-08 09:29:19 INFO [HB] active    | dayR=0.00R open=0 tradesToday=0 bars=361 | arms=trend 0/0.00, breakout 0/0.00
2025-10-08 09:29:19 INFO [HB] active    | dayR=0.00R open=0 tradesToday=0 bars=361 | arms=trend 0/0.00, breakout 0/0.00
2025-10-08 09:29:20 INFO [HB] active    | dayR=0.00R open=0 tradesToday=0 bars=361 | arms=trend 0/0.00, breakout 0/0.00
2025-10-08 09:29:20 INFO [HB] active    | dayR=0.00R open=0 tradesToday=0 bars=361 | arms=trend 0/0.00, breakout 0/0.00
2025-10-08 09:29:21 INFO [HB] active    | dayR=0.00R open=0 tradesToday=0 bars=361 | arms=trend 0/0.00, breakout 0/0.00
2025-10-08 09:29:21 INFO [HB] active    | dayR=0.00R open=0 tradesToday=0 bars=361 | arms=trend 0/0.00, breakout 0/0.00
[2025-10-08 09:29:24] [WD] hb uptime=115s restarts=0 child_alive=True
[2025-10-08 09:29:29] [WD] hb uptime=120s restarts=0 child_alive=True
[2025-10-08 09:29:34] [WD] hb uptime=125s restarts=0 child_alive=True
[2025-10-08 09:29:39] [WD] hb uptime=130s restarts=0 child_alive=True
[2025-10-08 09:29:44] [WD] hb uptime=135s restarts=0 child_alive=True
[2025-10-08 09:29:49] [WD] hb uptime=140s restarts=0 child_alive=True
[2025-10-08 09:29:54] [WD] hb uptime=145s restarts=0 child_alive=True
2025-10-08 09:29:22 INFO [HB] active    | dayR=0.00R open=0 tradesToday=0 bars=361 | arms=trend 0/0.00, breakout 0/0.00
2025-10-08 09:29:22 INFO [HB] active    | dayR=0.00R open=0 tradesToday=0 bars=361 | arms=trend 0/0.00, breakout 0/0.00
2025-10-08 09:29:23 INFO [HB] active    | dayR=0.00R open=0 tradesToday=0 bars=361 | arms=trend 0/0.00, breakout 0/0.00
2025-10-08 09:29:23 INFO [HB] active    | dayR=0.00R open=0 tradesToday=0 bars=361 | arms=trend 0/0.00, breakout 0/0.00
2025-10-08 09:29:24 INFO [HB] active    | dayR=0.00R open=0 tradesToday=0 bars=361 | arms=trend 0/0.00, breakout 0/0.00
2025-10-08 09:29:24 INFO [HB] active    | dayR=0.00R open=0 tradesToday=0 bars=361 | arms=trend 0/0.00, breakout 0/0.00
2025-10-08 09:29:25 INFO [HB] active    | dayR=0.00R open=0 tradesToday=0 bars=361 | arms=trend 0/0.00, breakout 0/0.00
2025-10-08 09:29:25 INFO [HB] active    | dayR=0.00R open=0 tradesToday=0 bars=361 | arms=trend 0/0.00, breakout 0/0.00
2025-10-08 09:29:26 INFO [HB] active    | dayR=0.00R open=0 tradesToday=0 bars=361 | arms=trend 0/0.00, breakout 0/0.00
2025-10-08 09:29:26 INFO [HB] active    | dayR=0.00R open=0 tradesToday=0 bars=361 | arms=trend 0/0.00, breakout 0/0.00
2025-10-08 09:29:27 INFO [HB] active    | dayR=0.00R open=0 tradesToday=0 bars=361 | arms=trend 0/0.00, breakout 0/0.00
2025-10-08 09:29:27 INFO [HB] active    | dayR=0.00R open=0 tradesToday=0 bars=361 | arms=trend 0/0.00, breakout 0/0.00
2025-10-08 09:29:28 INFO [HB] active    | dayR=0.00R open=0 tradesToday=0 bars=361 | arms=trend 0/0.00, breakout 0/0.00
2025-10-08 09:29:28 INFO [HB] active    | dayR=0.00R open=0 tradesToday=0 bars=361 | arms=trend 0/0.00, breakout 0/0.00
2025-10-08 09:29:29 INFO [HB] active    | dayR=0.00R open=0 tradesToday=0 bars=361 | arms=trend 0/0.00, breakout 0/0.00
2025-10-08 09:29:29 INFO [HB] active    | dayR=0.00R open=0 tradesToday=0 bars=361 | arms=trend 0/0.00, breakout 0/0.00
2025-10-08 09:29:30 INFO [HB] active    | dayR=0.00R open=0 tradesToday=0 bars=361 | arms=trend 0/0.00, breakout 0/0.00
2025-10-08 09:29:30 INFO [HB] active    | dayR=0.00R open=0 tradesToday=0 bars=361 | arms=trend 0/0.00, breakout 0/0.00
2025-10-08 09:29:31 INFO [HB] active    | dayR=0.00R open=0 tradesToday=0 bars=361 | arms=trend 0/0.00, breakout 0/0.00
2025-10-08 09:29:31 INFO [HB] active    | dayR=0.00R open=0 tradesToday=0 bars=361 | arms=trend 0/0.00, breakout 0/0.00
2025-10-08 09:29:32 INFO [HB] active    | dayR=0.00R open=0 tradesToday=0 bars=361 | arms=trend 0/0.00, breakout 0/0.00
2025-10-08 09:29:32 INFO [HB] active    | dayR=0.00R open=0 tradesToday=0 bars=361 | arms=trend 0/0.00, breakout 0/0.00
2025-10-08 09:29:33 INFO [HB] active    | dayR=0.00R open=0 tradesToday=0 bars=361 | arms=trend 0/0.00, breakout 0/0.00
2025-10-08 09:29:33 INFO [HB] active    | dayR=0.00R open=0 tradesToday=0 bars=361 | arms=trend 0/0.00, breakout 0/0.00
2025-10-08 09:29:34 INFO [HB] active    | dayR=0.00R open=0 tradesToday=0 bars=361 | arms=trend 0/0.00, breakout 0/0.00
2025-10-08 09:29:34 INFO [HB] active    | dayR=0.00R open=0 tradesToday=0 bars=361 | arms=trend 0/0.00, breakout 0/0.00
2025-10-08 09:29:35 INFO [HB] active    | dayR=0.00R open=0 tradesToday=0 bars=361 | arms=trend 0/0.00, breakout 0/0.00
2025-10-08 09:29:35 INFO [HB] active    | dayR=0.00R open=0 tradesToday=0 bars=361 | arms=trend 0/0.00, breakout 0/0.00
2025-10-08 09:29:36 INFO [HB] active    | dayR=0.00R open=0 tradesToday=0 bars=361 | arms=trend 0/0.00, breakout 0/0.00
2025-10-08 09:29:36 INFO [HB] active    | dayR=0.00R open=0 tradesToday=0 bars=361 | arms=trend 0/0.00, breakout 0/0.00
2025-10-08 09:29:37 INFO [HB] active    | dayR=0.00R open=0 tradesToday=0 bars=361 | arms=trend 0/0.00, breakout 0/0.00
2025-10-08 09:29:37 INFO [HB] active    | dayR=0.00R open=0 tradesToday=0 bars=361 | arms=trend 0/0.00, breakout 0/0.00
2025-10-08 09:29:38 INFO [HB] active    | dayR=0.00R open=0 tradesToday=0 bars=361 | arms=trend 0/0.00, breakout 0/0.00
2025-10-08 09:29:38 INFO [HB] active    | dayR=0.00R open=0 tradesToday=0 bars=361 | arms=trend 0/0.00, breakout 0/0.00
2025-10-08 09:29:39 INFO [HB] active    | dayR=0.00R open=0 tradesToday=0 bars=361 | arms=trend 0/0.00, breakout 0/0.00
2025-10-08 09:29:39 INFO [HB] active    | dayR=0.00R open=0 tradesToday=0 bars=361 | arms=trend 0/0.00, breakout 0/0.00
2025-10-08 09:29:40 INFO [HB] active    | dayR=0.00R open=0 tradesToday=0 bars=361 | arms=trend 0/0.00, breakout 0/0.00
2025-10-08 09:29:40 INFO [HB] active    | dayR=0.00R open=0 tradesToday=0 bars=361 | arms=trend 0/0.00, breakout 0/0.00
2025-10-08 09:29:41 INFO [HB] active    | dayR=0.00R open=0 tradesToday=0 bars=361 | arms=trend 0/0.00, breakout 0/0.00
2025-10-08 09:29:41 INFO [HB] active    | dayR=0.00R open=0 tradesToday=0 bars=361 | arms=trend 0/0.00, breakout 0/0.00
2025-10-08 09:29:42 INFO [HB] active    | dayR=0.00R open=0 tradesToday=0 bars=361 | arms=trend 0/0.00, breakout 0/0.00
2025-10-08 09:29:42 INFO [HB] active    | dayR=0.00R open=0 tradesToday=0 bars=361 | arms=trend 0/0.00, breakout 0/0.00
2025-10-08 09:29:43 INFO [HB] active    | dayR=0.00R open=0 tradesToday=0 bars=361 | arms=trend 0/0.00, breakout 0/0.00
2025-10-08 09:29:43 INFO [HB] active    | dayR=0.00R open=0 tradesToday=0 bars=361 | arms=trend 0/0.00, breakout 0/0.00
2025-10-08 09:29:44 INFO [HB] active    | dayR=0.00R open=0 tradesToday=0 bars=361 | arms=trend 0/0.00, breakout 0/0.00
2025-10-08 09:29:44 INFO [HB] active    | dayR=0.00R open=0 tradesToday=0 bars=361 | arms=trend 0/0.00, breakout 0/0.00
2025-10-08 09:29:45 INFO [HB] active    | dayR=0.00R open=0 tradesToday=0 bars=361 | arms=trend 0/0.00, breakout 0/0.00
2025-10-08 09:29:45 INFO [HB] active    | dayR=0.00R open=0 tradesToday=0 bars=361 | arms=trend 0/0.00, breakout 0/0.00
2025-10-08 09:29:46 INFO [HB] active    | dayR=0.00R open=0 tradesToday=0 bars=361 | arms=trend 0/0.00, breakout 0/0.00
2025-10-08 09:29:46 INFO [HB] active    | dayR=0.00R open=0 tradesToday=0 bars=361 | arms=trend 0/0.00, breakout 0/0.00
2025-10-08 09:29:47 INFO [HB] active    | dayR=0.00R open=0 tradesToday=0 bars=361 | arms=trend 0/0.00, breakout 0/0.00
2025-10-08 09:29:47 INFO [HB] active    | dayR=0.00R open=0 tradesToday=0 bars=361 | arms=trend 0/0.00, breakout 0/0.00
2025-10-08 09:29:48 INFO [HB] active    | dayR=0.00R open=0 tradesToday=0 bars=361 | arms=trend 0/0.00, breakout 0/0.00
2025-10-08 09:29:48 INFO [HB] active    | dayR=0.00R open=0 tradesToday=0 bars=361 | arms=trend 0/0.00, breakout 0/0.00
2025-10-08 09:29:49 INFO [HB] active    | dayR=0.00R open=0 tradesToday=0 bars=361 | arms=trend 0/0.00, breakout 0/0.00
2025-10-08 09:29:49 INFO [HB] active    | dayR=0.00R open=0 tradesToday=0 bars=361 | arms=trend 0/0.00, breakout 0/0.00
2025-10-08 09:29:50 INFO [HB] active    | dayR=0.00R open=0 tradesToday=0 bars=361 | arms=trend 0/0.00, breakout 0/0.00
2025-10-08 09:29:50 INFO [HB] active    | dayR=0.00R open=0 tradesToday=0 bars=361 | arms=trend 0/0.00, breakout 0/0.00
2025-10-08 09:29:51 INFO [HB] active    | dayR=0.00R open=0 tradesToday=0 bars=361 | arms=trend 0/0.00, breakout 0/0.00
2025-10-08 09:29:51 INFO [HB] active    | dayR=0.00R open=0 tradesToday=0 bars=361 | arms=trend 0/0.00, breakout 0/0.00
2025-10-08 09:29:52 INFO [HB] active    | dayR=0.00R open=0 tradesToday=0 bars=361 | arms=trend 0/0.00, breakout 0/0.00
2025-10-08 09:29:52 INFO [HB] active    | dayR=0.00R open=0 tradesToday=0 bars=361 | arms=trend 0/0.00, breakout 0/0.00
2025-10-08 09:29:53 INFO [HB] active    | dayR=0.00R open=0 tradesToday=0 bars=361 | arms=trend 0/0.00, breakout 0/0.00
2025-10-08 09:29:53 INFO [HB] active    | dayR=0.00R open=0 tradesToday=0 bars=361 | arms=trend 0/0.00, breakout 0/0.00
2025-10-08 09:29:54 INFO [HB] active    | dayR=0.00R open=0 tradesToday=0 bars=361 | arms=trend 0/0.00, breakout 0/0.00
2025-10-08 09:29:54 INFO [HB] active    | dayR=0.00R open=0 tradesToday=0 bars=361 | arms=trend 0/0.00, breakout 0/0.00
2025-10-08 09:29:55 INFO [HB] active    | dayR=0.00R open=0 tradesToday=0 bars=361 | arms=trend 0/0.00, breakout 0/0.00
2025-10-08 09:29:55 INFO [HB] active    | dayR=0.00R open=0 tradesToday=0 bars=361 | arms=trend 0/0.00, breakout 0/0.00
[2025-10-08 09:29:59] [WD] hb uptime=150s restarts=0 child_alive=True
[2025-10-08 09:30:04] [WD] hb uptime=155s restarts=0 child_alive=True
[2025-10-08 09:30:09] [WD] hb uptime=160s restarts=0 child_alive=True
[2025-10-08 09:30:14] [WD] hb uptime=165s restarts=0 child_alive=True
[2025-10-08 09:30:19] [WD] hb uptime=170s restarts=0 child_alive=True
[2025-10-08 09:30:24] [WD] hb uptime=175s restarts=0 child_alive=True
2025-10-08 09:29:56 INFO [HB] active    | dayR=0.00R open=0 tradesToday=0 bars=361 | arms=trend 0/0.00, breakout 0/0.00
2025-10-08 09:29:56 INFO [HB] active    | dayR=0.00R open=0 tradesToday=0 bars=361 | arms=trend 0/0.00, breakout 0/0.00
2025-10-08 09:29:57 INFO [HB] active    | dayR=0.00R open=0 tradesToday=0 bars=361 | arms=trend 0/0.00, breakout 0/0.00
2025-10-08 09:29:57 INFO [HB] active    | dayR=0.00R open=0 tradesToday=0 bars=361 | arms=trend 0/0.00, breakout 0/0.00
2025-10-08 09:29:58 INFO [HB] active    | dayR=0.00R open=0 tradesToday=0 bars=361 | arms=trend 0/0.00, breakout 0/0.00
2025-10-08 09:29:58 INFO [HB] active    | dayR=0.00R open=0 tradesToday=0 bars=361 | arms=trend 0/0.00, breakout 0/0.00
2025-10-08 09:29:59 INFO [HB] active    | dayR=0.00R open=0 tradesToday=0 bars=361 | arms=trend 0/0.00, breakout 0/0.00
2025-10-08 09:29:59 INFO [HB] active    | dayR=0.00R open=0 tradesToday=0 bars=361 | arms=trend 0/0.00, breakout 0/0.00
2025-10-08 09:30:00 INFO [HB] active    | dayR=0.00R open=0 tradesToday=0 bars=361 | arms=trend 0/0.00, breakout 0/0.00
2025-10-08 09:30:00 INFO [HB] active    | dayR=0.00R open=0 tradesToday=0 bars=361 | arms=trend 0/0.00, breakout 0/0.00
2025-10-08 09:30:01 INFO [HB] active    | dayR=0.00R open=0 tradesToday=0 bars=361 | arms=trend 0/0.00, breakout 0/0.00
2025-10-08 09:30:01 INFO [HB] active    | dayR=0.00R open=0 tradesToday=0 bars=361 | arms=trend 0/0.00, breakout 0/0.00
2025-10-08 09:30:02 INFO [HB] active    | dayR=0.00R open=0 tradesToday=0 bars=361 | arms=trend 0/0.00, breakout 0/0.00
2025-10-08 09:30:02 INFO [HB] active    | dayR=0.00R open=0 tradesToday=0 bars=361 | arms=trend 0/0.00, breakout 0/0.00
2025-10-08 09:30:03 INFO [HB] active    | dayR=0.00R open=0 tradesToday=0 bars=361 | arms=trend 0/0.00, breakout 0/0.00
2025-10-08 09:30:03 INFO [HB] active    | dayR=0.00R open=0 tradesToday=0 bars=361 | arms=trend 0/0.00, breakout 0/0.00
2025-10-08 09:30:04 INFO [HB] active    | dayR=0.00R open=0 tradesToday=0 bars=361 | arms=trend 0/0.00, breakout 0/0.00
2025-10-08 09:30:04 INFO [HB] active    | dayR=0.00R open=0 tradesToday=0 bars=361 | arms=trend 0/0.00, breakout 0/0.00
2025-10-08 09:30:05 INFO [HB] active    | dayR=0.00R open=0 tradesToday=0 bars=361 | arms=trend 0/0.00, breakout 0/0.00
2025-10-08 09:30:05 INFO [HB] active    | dayR=0.00R open=0 tradesToday=0 bars=361 | arms=trend 0/0.00, breakout 0/0.00
2025-10-08 09:30:06 INFO [HB] active    | dayR=0.00R open=0 tradesToday=0 bars=361 | arms=trend 0/0.00, breakout 0/0.00
2025-10-08 09:30:06 INFO [HB] active    | dayR=0.00R open=0 tradesToday=0 bars=361 | arms=trend 0/0.00, breakout 0/0.00
2025-10-08 09:30:07 INFO [HB] active    | dayR=0.00R open=0 tradesToday=0 bars=361 | arms=trend 0/0.00, breakout 0/0.00
2025-10-08 09:30:07 INFO [HB] active    | dayR=0.00R open=0 tradesToday=0 bars=361 | arms=trend 0/0.00, breakout 0/0.00
2025-10-08 09:30:08 INFO [HB] active    | dayR=0.00R open=0 tradesToday=0 bars=361 | arms=trend 0/0.00, breakout 0/0.00
2025-10-08 09:30:08 INFO [HB] active    | dayR=0.00R open=0 tradesToday=0 bars=361 | arms=trend 0/0.00, breakout 0/0.00
2025-10-08 09:30:09 INFO [HB] active    | dayR=0.00R open=0 tradesToday=0 bars=361 | arms=trend 0/0.00, breakout 0/0.00
2025-10-08 09:30:09 INFO [HB] active    | dayR=0.00R open=0 tradesToday=0 bars=361 | arms=trend 0/0.00, breakout 0/0.00
2025-10-08 09:30:10 INFO [HB] active    | dayR=0.00R open=0 tradesToday=0 bars=361 | arms=trend 0/0.00, breakout 0/0.00
2025-10-08 09:30:10 INFO [HB] active    | dayR=0.00R open=0 tradesToday=0 bars=361 | arms=trend 0/0.00, breakout 0/0.00
2025-10-08 09:30:11 INFO [HB] active    | dayR=0.00R open=0 tradesToday=0 bars=361 | arms=trend 0/0.00, breakout 0/0.00
2025-10-08 09:30:11 INFO [HB] active    | dayR=0.00R open=0 tradesToday=0 bars=361 | arms=trend 0/0.00, breakout 0/0.00
2025-10-08 09:30:12 INFO [HB] active    | dayR=0.00R open=0 tradesToday=0 bars=361 | arms=trend 0/0.00, breakout 0/0.00
2025-10-08 09:30:12 INFO [HB] active    | dayR=0.00R open=0 tradesToday=0 bars=361 | arms=trend 0/0.00, breakout 0/0.00
2025-10-08 09:30:13 INFO [HB] active    | dayR=0.00R open=0 tradesToday=0 bars=361 | arms=trend 0/0.00, breakout 0/0.00
2025-10-08 09:30:13 INFO [HB] active    | dayR=0.00R open=0 tradesToday=0 bars=361 | arms=trend 0/0.00, breakout 0/0.00
2025-10-08 09:30:14 INFO [HB] active    | dayR=0.00R open=0 tradesToday=0 bars=361 | arms=trend 0/0.00, breakout 0/0.00
2025-10-08 09:30:14 INFO [HB] active    | dayR=0.00R open=0 tradesToday=0 bars=361 | arms=trend 0/0.00, breakout 0/0.00
2025-10-08 09:30:15 INFO [HB] active    | dayR=0.00R open=0 tradesToday=0 bars=361 | arms=trend 0/0.00, breakout 0/0.00
2025-10-08 09:30:15 INFO [HB] active    | dayR=0.00R open=0 tradesToday=0 bars=361 | arms=trend 0/0.00, breakout 0/0.00
2025-10-08 09:30:16 INFO [HB] active    | dayR=0.00R open=0 tradesToday=0 bars=361 | arms=trend 0/0.00, breakout 0/0.00
2025-10-08 09:30:16 INFO [HB] active    | dayR=0.00R open=0 tradesToday=0 bars=361 | arms=trend 0/0.00, breakout 0/0.00
2025-10-08 09:30:17 INFO [HB] active    | dayR=0.00R open=0 tradesToday=0 bars=361 | arms=trend 0/0.00, breakout 0/0.00
2025-10-08 09:30:17 INFO [HB] active    | dayR=0.00R open=0 tradesToday=0 bars=361 | arms=trend 0/0.00, breakout 0/0.00
2025-10-08 09:30:18 INFO [HB] active    | dayR=0.00R open=0 tradesToday=0 bars=361 | arms=trend 0/0.00, breakout 0/0.00
2025-10-08 09:30:18 INFO [HB] active    | dayR=0.00R open=0 tradesToday=0 bars=361 | arms=trend 0/0.00, breakout 0/0.00
2025-10-08 09:30:19 INFO [HB] active    | dayR=0.00R open=0 tradesToday=0 bars=361 | arms=trend 0/0.00, breakout 0/0.00
2025-10-08 09:30:19 INFO [HB] active    | dayR=0.00R open=0 tradesToday=0 bars=361 | arms=trend 0/0.00, breakout 0/0.00
2025-10-08 09:30:20 INFO [HB] active    | dayR=0.00R open=0 tradesToday=0 bars=361 | arms=trend 0/0.00, breakout 0/0.00
2025-10-08 09:30:20 INFO [HB] active    | dayR=0.00R open=0 tradesToday=0 bars=361 | arms=trend 0/0.00, breakout 0/0.00
2025-10-08 09:30:21 INFO [HB] active    | dayR=0.00R open=0 tradesToday=0 bars=361 | arms=trend 0/0.00, breakout 0/0.00
2025-10-08 09:30:21 INFO [HB] active    | dayR=0.00R open=0 tradesToday=0 bars=361 | arms=trend 0/0.00, breakout 0/0.00
2025-10-08 09:30:22 INFO [HB] active    | dayR=0.00R open=0 tradesToday=0 bars=361 | arms=trend 0/0.00, breakout 0/0.00
2025-10-08 09:30:22 INFO [HB] active    | dayR=0.00R open=0 tradesToday=0 bars=361 | arms=trend 0/0.00, breakout 0/0.00
2025-10-08 09:30:23 INFO [HB] active    | dayR=0.00R open=0 tradesToday=0 bars=361 | arms=trend 0/0.00, breakout 0/0.00
2025-10-08 09:30:23 INFO [HB] active    | dayR=0.00R open=0 tradesToday=0 bars=361 | arms=trend 0/0.00, breakout 0/0.00
2025-10-08 09:30:24 INFO [HB] active    | dayR=0.00R open=0 tradesToday=0 bars=361 | arms=trend 0/0.00, breakout 0/0.00
2025-10-08 09:30:24 INFO [HB] active    | dayR=0.00R open=0 tradesToday=0 bars=361 | arms=trend 0/0.00, breakout 0/0.00
2025-10-08 09:30:25 INFO [HB] active    | dayR=0.00R open=0 tradesToday=0 bars=361 | arms=trend 0/0.00, breakout 0/0.00
2025-10-08 09:30:25 INFO [HB] active    | dayR=0.00R open=0 tradesToday=0 bars=361 | arms=trend 0/0.00, breakout 0/0.00
2025-10-08 09:30:26 INFO [HB] active    | dayR=0.00R open=0 tradesToday=0 bars=361 | arms=trend 0/0.00, breakout 0/0.00
2025-10-08 09:30:26 INFO [HB] active    | dayR=0.00R open=0 tradesToday=0 bars=361 | arms=trend 0/0.00, breakout 0/0.00
2025-10-08 09:30:27 INFO [HB] active    | dayR=0.00R open=0 tradesToday=0 bars=361 | arms=trend 0/0.00, breakout 0/0.00
2025-10-08 09:30:27 INFO [HB] active    | dayR=0.00R open=0 tradesToday=0 bars=361 | arms=trend 0/0.00, breakout 0/0.00
2025-10-08 09:30:28 INFO [HB] active    | dayR=0.00R open=0 tradesToday=0 bars=361 | arms=trend 0/0.00, breakout 0/0.00
2025-10-08 09:30:28 INFO [HB] active    | dayR=0.00R open=0 tradesToday=0 bars=361 | arms=trend 0/0.00, breakout 0/0.00
2025-10-08 09:30:29 INFO [HB] active    | dayR=0.00R open=0 tradesToday=0 bars=361 | arms=trend 0/0.00, breakout 0/0.00
2025-10-08 09:30:29 INFO [HB] active    | dayR=0.00R open=0 tradesToday=0 bars=361 | arms=trend 0/0.00, breakout 0/0.00
[2025-10-08 09:30:30] [WD] hb uptime=180s restarts=0 child_alive=True
[2025-10-08 09:30:35] [WD] hb uptime=185s restarts=0 child_alive=True
[2025-10-08 09:30:40] [WD] hb uptime=190s restarts=0 child_alive=True
[2025-10-08 09:30:45] [WD] hb uptime=195s restarts=0 child_alive=True
[2025-10-08 09:30:50] [WD] hb uptime=200s restarts=0 child_alive=True
[2025-10-08 09:30:55] [WD] hb uptime=205s restarts=0 child_alive=True
[2025-10-08 09:31:00] [WD] hb uptime=210s restarts=0 child_alive=True
2025-10-08 09:30:30 INFO [HB] active    | dayR=0.00R open=0 tradesToday=0 bars=361 | arms=trend 0/0.00, breakout 0/0.00
2025-10-08 09:30:30 INFO [HB] active    | dayR=0.00R open=0 tradesToday=0 bars=361 | arms=trend 0/0.00, breakout 0/0.00
2025-10-08 09:30:31 INFO [HB] active    | dayR=0.00R open=0 tradesToday=0 bars=361 | arms=trend 0/0.00, breakout 0/0.00
2025-10-08 09:30:31 INFO [HB] active    | dayR=0.00R open=0 tradesToday=0 bars=361 | arms=trend 0/0.00, breakout 0/0.00
2025-10-08 09:30:32 INFO [HB] active    | dayR=0.00R open=0 tradesToday=0 bars=361 | arms=trend 0/0.00, breakout 0/0.00
2025-10-08 09:30:32 INFO [HB] active    | dayR=0.00R open=0 tradesToday=0 bars=361 | arms=trend 0/0.00, breakout 0/0.00
2025-10-08 09:30:33 INFO [HB] active    | dayR=0.00R open=0 tradesToday=0 bars=361 | arms=trend 0/0.00, breakout 0/0.00
2025-10-08 09:30:33 INFO [HB] active    | dayR=0.00R open=0 tradesToday=0 bars=361 | arms=trend 0/0.00, breakout 0/0.00
2025-10-08 09:30:34 INFO [HB] active    | dayR=0.00R open=0 tradesToday=0 bars=361 | arms=trend 0/0.00, breakout 0/0.00
2025-10-08 09:30:34 INFO [HB] active    | dayR=0.00R open=0 tradesToday=0 bars=361 | arms=trend 0/0.00, breakout 0/0.00
2025-10-08 09:30:35 INFO [HB] active    | dayR=0.00R open=0 tradesToday=0 bars=361 | arms=trend 0/0.00, breakout 0/0.00
2025-10-08 09:30:35 INFO [HB] active    | dayR=0.00R open=0 tradesToday=0 bars=361 | arms=trend 0/0.00, breakout 0/0.00
2025-10-08 09:30:36 INFO [HB] active    | dayR=0.00R open=0 tradesToday=0 bars=361 | arms=trend 0/0.00, breakout 0/0.00
2025-10-08 09:30:36 INFO [HB] active    | dayR=0.00R open=0 tradesToday=0 bars=361 | arms=trend 0/0.00, breakout 0/0.00
2025-10-08 09:30:37 INFO [HB] active    | dayR=0.00R open=0 tradesToday=0 bars=361 | arms=trend 0/0.00, breakout 0/0.00
2025-10-08 09:30:37 INFO [HB] active    | dayR=0.00R open=0 tradesToday=0 bars=361 | arms=trend 0/0.00, breakout 0/0.00
2025-10-08 09:30:38 INFO [HB] active    | dayR=0.00R open=0 tradesToday=0 bars=361 | arms=trend 0/0.00, breakout 0/0.00
2025-10-08 09:30:38 INFO [HB] active    | dayR=0.00R open=0 tradesToday=0 bars=361 | arms=trend 0/0.00, breakout 0/0.00
2025-10-08 09:30:39 INFO [HB] active    | dayR=0.00R open=0 tradesToday=0 bars=361 | arms=trend 0/0.00, breakout 0/0.00
2025-10-08 09:30:39 INFO [HB] active    | dayR=0.00R open=0 tradesToday=0 bars=361 | arms=trend 0/0.00, breakout 0/0.00
2025-10-08 09:30:40 INFO [HB] active    | dayR=0.00R open=0 tradesToday=0 bars=361 | arms=trend 0/0.00, breakout 0/0.00
2025-10-08 09:30:40 INFO [HB] active    | dayR=0.00R open=0 tradesToday=0 bars=361 | arms=trend 0/0.00, breakout 0/0.00
2025-10-08 09:30:41 INFO [HB] active    | dayR=0.00R open=0 tradesToday=0 bars=361 | arms=trend 0/0.00, breakout 0/0.00
2025-10-08 09:30:41 INFO [HB] active    | dayR=0.00R open=0 tradesToday=0 bars=361 | arms=trend 0/0.00, breakout 0/0.00
2025-10-08 09:30:42 INFO [HB] active    | dayR=0.00R open=0 tradesToday=0 bars=361 | arms=trend 0/0.00, breakout 0/0.00
2025-10-08 09:30:42 INFO [HB] active    | dayR=0.00R open=0 tradesToday=0 bars=361 | arms=trend 0/0.00, breakout 0/0.00
2025-10-08 09:30:43 INFO [HB] active    | dayR=0.00R open=0 tradesToday=0 bars=361 | arms=trend 0/0.00, breakout 0/0.00
2025-10-08 09:30:43 INFO [HB] active    | dayR=0.00R open=0 tradesToday=0 bars=361 | arms=trend 0/0.00, breakout 0/0.00
2025-10-08 09:30:44 INFO [HB] active    | dayR=0.00R open=0 tradesToday=0 bars=361 | arms=trend 0/0.00, breakout 0/0.00
2025-10-08 09:30:44 INFO [HB] active    | dayR=0.00R open=0 tradesToday=0 bars=361 | arms=trend 0/0.00, breakout 0/0.00
2025-10-08 09:30:45 INFO [HB] active    | dayR=0.00R open=0 tradesToday=0 bars=361 | arms=trend 0/0.00, breakout 0/0.00
2025-10-08 09:30:45 INFO [HB] active    | dayR=0.00R open=0 tradesToday=0 bars=361 | arms=trend 0/0.00, breakout 0/0.00
2025-10-08 09:30:46 INFO [HB] active    | dayR=0.00R open=0 tradesToday=0 bars=361 | arms=trend 0/0.00, breakout 0/0.00
2025-10-08 09:30:46 INFO [HB] active    | dayR=0.00R open=0 tradesToday=0 bars=361 | arms=trend 0/0.00, breakout 0/0.00
2025-10-08 09:30:47 INFO [HB] active    | dayR=0.00R open=0 tradesToday=0 bars=361 | arms=trend 0/0.00, breakout 0/0.00
2025-10-08 09:30:47 INFO [HB] active    | dayR=0.00R open=0 tradesToday=0 bars=361 | arms=trend 0/0.00, breakout 0/0.00
2025-10-08 09:30:48 INFO [HB] active    | dayR=0.00R open=0 tradesToday=0 bars=361 | arms=trend 0/0.00, breakout 0/0.00
2025-10-08 09:30:48 INFO [HB] active    | dayR=0.00R open=0 tradesToday=0 bars=361 | arms=trend 0/0.00, breakout 0/0.00
2025-10-08 09:30:49 INFO [HB] active    | dayR=0.00R open=0 tradesToday=0 bars=361 | arms=trend 0/0.00, breakout 0/0.00
2025-10-08 09:30:49 INFO [HB] active    | dayR=0.00R open=0 tradesToday=0 bars=361 | arms=trend 0/0.00, breakout 0/0.00
2025-10-08 09:30:50 INFO [HB] active    | dayR=0.00R open=0 tradesToday=0 bars=361 | arms=trend 0/0.00, breakout 0/0.00
2025-10-08 09:30:50 INFO [HB] active    | dayR=0.00R open=0 tradesToday=0 bars=361 | arms=trend 0/0.00, breakout 0/0.00
2025-10-08 09:30:51 INFO [HB] active    | dayR=0.00R open=0 tradesToday=0 bars=361 | arms=trend 0/0.00, breakout 0/0.00
2025-10-08 09:30:51 INFO [HB] active    | dayR=0.00R open=0 tradesToday=0 bars=361 | arms=trend 0/0.00, breakout 0/0.00
2025-10-08 09:30:52 INFO [HB] active    | dayR=0.00R open=0 tradesToday=0 bars=361 | arms=trend 0/0.00, breakout 0/0.00
2025-10-08 09:30:52 INFO [HB] active    | dayR=0.00R open=0 tradesToday=0 bars=361 | arms=trend 0/0.00, breakout 0/0.00
2025-10-08 09:30:53 INFO [HB] active    | dayR=0.00R open=0 tradesToday=0 bars=361 | arms=trend 0/0.00, breakout 0/0.00
2025-10-08 09:30:53 INFO [HB] active    | dayR=0.00R open=0 tradesToday=0 bars=361 | arms=trend 0/0.00, breakout 0/0.00
2025-10-08 09:30:54 INFO [HB] active    | dayR=0.00R open=0 tradesToday=0 bars=361 | arms=trend 0/0.00, breakout 0/0.00
2025-10-08 09:30:54 INFO [HB] active    | dayR=0.00R open=0 tradesToday=0 bars=361 | arms=trend 0/0.00, breakout 0/0.00
2025-10-08 09:30:55 INFO [HB] active    | dayR=0.00R open=0 tradesToday=0 bars=361 | arms=trend 0/0.00, breakout 0/0.00
2025-10-08 09:30:55 INFO [HB] active    | dayR=0.00R open=0 tradesToday=0 bars=361 | arms=trend 0/0.00, breakout 0/0.00
2025-10-08 09:30:56 INFO [HB] active    | dayR=0.00R open=0 tradesToday=0 bars=361 | arms=trend 0/0.00, breakout 0/0.00
2025-10-08 09:30:56 INFO [HB] active    | dayR=0.00R open=0 tradesToday=0 bars=361 | arms=trend 0/0.00, breakout 0/0.00
2025-10-08 09:30:57 INFO [HB] active    | dayR=0.00R open=0 tradesToday=0 bars=361 | arms=trend 0/0.00, breakout 0/0.00
2025-10-08 09:30:57 INFO [HB] active    | dayR=0.00R open=0 tradesToday=0 bars=361 | arms=trend 0/0.00, breakout 0/0.00
2025-10-08 09:30:58 INFO [HB] active    | dayR=0.00R open=0 tradesToday=0 bars=361 | arms=trend 0/0.00, breakout 0/0.00
2025-10-08 09:30:58 INFO [HB] active    | dayR=0.00R open=0 tradesToday=0 bars=361 | arms=trend 0/0.00, breakout 0/0.00
2025-10-08 09:30:59 INFO [HB] active    | dayR=0.00R open=0 tradesToday=0 bars=361 | arms=trend 0/0.00, breakout 0/0.00
2025-10-08 09:30:59 INFO [HB] active    | dayR=0.00R open=0 tradesToday=0 bars=361 | arms=trend 0/0.00, breakout 0/0.00
2025-10-08 09:31:00 INFO [HB] active    | dayR=0.00R open=0 tradesToday=0 bars=361 | arms=trend 0/0.00, breakout 0/0.00
2025-10-08 09:31:00 INFO [HB] active    | dayR=0.00R open=0 tradesToday=0 bars=361 | arms=trend 0/0.00, breakout 0/0.00
2025-10-08 09:31:01 INFO [HB] active    | dayR=0.00R open=0 tradesToday=0 bars=361 | arms=trend 0/0.00, breakout 0/0.00
2025-10-08 09:31:01 INFO [HB] active    | dayR=0.00R open=0 tradesToday=0 bars=361 | arms=trend 0/0.00, breakout 0/0.00
2025-10-08 09:31:02 INFO [HB] active    | dayR=0.00R open=0 tradesToday=0 bars=361 | arms=trend 0/0.00, breakout 0/0.00
2025-10-08 09:31:02 INFO [HB] active    | dayR=0.00R open=0 tradesToday=0 bars=361 | arms=trend 0/0.00, breakout 0/0.00
2025-10-08 09:31:03 INFO [HB] active    | dayR=0.00R open=0 tradesToday=0 bars=361 | arms=trend 0/0.00, breakout 0/0.00
2025-10-08 09:31:03 INFO [HB] active    | dayR=0.00R open=0 tradesToday=0 bars=361 | arms=trend 0/0.00, breakout 0/0.00
[2025-10-08 09:31:05] [WD] hb uptime=215s restarts=0 child_alive=True
[2025-10-08 09:31:10] [WD] hb uptime=220s restarts=0 child_alive=True
[2025-10-08 09:31:15] [WD] hb uptime=225s restarts=0 child_alive=True
[2025-10-08 09:31:20] [WD] hb uptime=230s restarts=0 child_alive=True
[2025-10-08 09:31:25] [WD] hb uptime=235s restarts=0 child_alive=True
[2025-10-08 09:31:30] [WD] hb uptime=240s restarts=0 child_alive=True
[2025-10-08 09:31:35] [WD] hb uptime=245s restarts=0 child_alive=True
2025-10-08 09:31:04 INFO [HB] active    | dayR=0.00R open=0 tradesToday=0 bars=361 | arms=trend 0/0.00, breakout 0/0.00
2025-10-08 09:31:04 INFO [HB] active    | dayR=0.00R open=0 tradesToday=0 bars=361 | arms=trend 0/0.00, breakout 0/0.00
2025-10-08 09:31:05 INFO [HB] active    | dayR=0.00R open=0 tradesToday=0 bars=361 | arms=trend 0/0.00, breakout 0/0.00
2025-10-08 09:31:05 INFO [HB] active    | dayR=0.00R open=0 tradesToday=0 bars=361 | arms=trend 0/0.00, breakout 0/0.00
2025-10-08 09:31:06 INFO [HB] active    | dayR=0.00R open=0 tradesToday=0 bars=361 | arms=trend 0/0.00, breakout 0/0.00
2025-10-08 09:31:06 INFO [HB] active    | dayR=0.00R open=0 tradesToday=0 bars=361 | arms=trend 0/0.00, breakout 0/0.00
2025-10-08 09:31:07 INFO [HB] active    | dayR=0.00R open=0 tradesToday=0 bars=361 | arms=trend 0/0.00, breakout 0/0.00
2025-10-08 09:31:08 INFO [HB] active    | dayR=0.00R open=0 tradesToday=0 bars=361 | arms=trend 0/0.00, breakout 0/0.00
2025-10-08 09:31:08 INFO [HB] active    | dayR=0.00R open=0 tradesToday=0 bars=361 | arms=trend 0/0.00, breakout 0/0.00
2025-10-08 09:31:09 INFO [HB] active    | dayR=0.00R open=0 tradesToday=0 bars=361 | arms=trend 0/0.00, breakout 0/0.00
2025-10-08 09:31:09 INFO [HB] active    | dayR=0.00R open=0 tradesToday=0 bars=361 | arms=trend 0/0.00, breakout 0/0.00
2025-10-08 09:31:10 INFO [HB] active    | dayR=0.00R open=0 tradesToday=0 bars=361 | arms=trend 0/0.00, breakout 0/0.00
2025-10-08 09:31:10 INFO [HB] active    | dayR=0.00R open=0 tradesToday=0 bars=361 | arms=trend 0/0.00, breakout 0/0.00
2025-10-08 09:31:11 INFO [HB] active    | dayR=0.00R open=0 tradesToday=0 bars=361 | arms=trend 0/0.00, breakout 0/0.00
2025-10-08 09:31:11 INFO [HB] active    | dayR=0.00R open=0 tradesToday=0 bars=361 | arms=trend 0/0.00, breakout 0/0.00
2025-10-08 09:31:12 INFO [HB] active    | dayR=0.00R open=0 tradesToday=0 bars=361 | arms=trend 0/0.00, breakout 0/0.00
2025-10-08 09:31:12 INFO [HB] active    | dayR=0.00R open=0 tradesToday=0 bars=361 | arms=trend 0/0.00, breakout 0/0.00
2025-10-08 09:31:13 INFO [HB] active    | dayR=0.00R open=0 tradesToday=0 bars=361 | arms=trend 0/0.00, breakout 0/0.00
2025-10-08 09:31:13 INFO [HB] active    | dayR=0.00R open=0 tradesToday=0 bars=361 | arms=trend 0/0.00, breakout 0/0.00
2025-10-08 09:31:14 INFO [HB] active    | dayR=0.00R open=0 tradesToday=0 bars=361 | arms=trend 0/0.00, breakout 0/0.00
2025-10-08 09:31:14 INFO [HB] active    | dayR=0.00R open=0 tradesToday=0 bars=361 | arms=trend 0/0.00, breakout 0/0.00
2025-10-08 09:31:15 INFO [HB] active    | dayR=0.00R open=0 tradesToday=0 bars=361 | arms=trend 0/0.00, breakout 0/0.00
2025-10-08 09:31:15 INFO [HB] active    | dayR=0.00R open=0 tradesToday=0 bars=361 | arms=trend 0/0.00, breakout 0/0.00
2025-10-08 09:31:16 INFO [HB] active    | dayR=0.00R open=0 tradesToday=0 bars=361 | arms=trend 0/0.00, breakout 0/0.00
2025-10-08 09:31:16 INFO [HB] active    | dayR=0.00R open=0 tradesToday=0 bars=361 | arms=trend 0/0.00, breakout 0/0.00
2025-10-08 09:31:17 INFO [HB] active    | dayR=0.00R open=0 tradesToday=0 bars=361 | arms=trend 0/0.00, breakout 0/0.00
2025-10-08 09:31:17 INFO [HB] active    | dayR=0.00R open=0 tradesToday=0 bars=361 | arms=trend 0/0.00, breakout 0/0.00
2025-10-08 09:31:18 INFO [HB] active    | dayR=0.00R open=0 tradesToday=0 bars=361 | arms=trend 0/0.00, breakout 0/0.00
2025-10-08 09:31:18 INFO [HB] active    | dayR=0.00R open=0 tradesToday=0 bars=361 | arms=trend 0/0.00, breakout 0/0.00
2025-10-08 09:31:19 INFO [HB] active    | dayR=0.00R open=0 tradesToday=0 bars=361 | arms=trend 0/0.00, breakout 0/0.00
2025-10-08 09:31:19 INFO [HB] active    | dayR=0.00R open=0 tradesToday=0 bars=361 | arms=trend 0/0.00, breakout 0/0.00
2025-10-08 09:31:20 INFO [HB] active    | dayR=0.00R open=0 tradesToday=0 bars=361 | arms=trend 0/0.00, breakout 0/0.00
2025-10-08 09:31:20 INFO [HB] active    | dayR=0.00R open=0 tradesToday=0 bars=361 | arms=trend 0/0.00, breakout 0/0.00
2025-10-08 09:31:21 INFO [HB] active    | dayR=0.00R open=0 tradesToday=0 bars=361 | arms=trend 0/0.00, breakout 0/0.00
2025-10-08 09:31:21 INFO [HB] active    | dayR=0.00R open=0 tradesToday=0 bars=361 | arms=trend 0/0.00, breakout 0/0.00
2025-10-08 09:31:22 INFO [HB] active    | dayR=0.00R open=0 tradesToday=0 bars=361 | arms=trend 0/0.00, breakout 0/0.00
2025-10-08 09:31:22 INFO [HB] active    | dayR=0.00R open=0 tradesToday=0 bars=361 | arms=trend 0/0.00, breakout 0/0.00
2025-10-08 09:31:23 INFO [HB] active    | dayR=0.00R open=0 tradesToday=0 bars=361 | arms=trend 0/0.00, breakout 0/0.00
2025-10-08 09:31:23 INFO [HB] active    | dayR=0.00R open=0 tradesToday=0 bars=361 | arms=trend 0/0.00, breakout 0/0.00
2025-10-08 09:31:24 INFO [HB] active    | dayR=0.00R open=0 tradesToday=0 bars=361 | arms=trend 0/0.00, breakout 0/0.00
2025-10-08 09:31:24 INFO [HB] active    | dayR=0.00R open=0 tradesToday=0 bars=361 | arms=trend 0/0.00, breakout 0/0.00
2025-10-08 09:31:25 INFO [HB] active    | dayR=0.00R open=0 tradesToday=0 bars=361 | arms=trend 0/0.00, breakout 0/0.00
2025-10-08 09:31:25 INFO [HB] active    | dayR=0.00R open=0 tradesToday=0 bars=361 | arms=trend 0/0.00, breakout 0/0.00
2025-10-08 09:31:26 INFO [HB] active    | dayR=0.00R open=0 tradesToday=0 bars=361 | arms=trend 0/0.00, breakout 0/0.00
2025-10-08 09:31:26 INFO [HB] active    | dayR=0.00R open=0 tradesToday=0 bars=361 | arms=trend 0/0.00, breakout 0/0.00
2025-10-08 09:31:27 INFO [HB] active    | dayR=0.00R open=0 tradesToday=0 bars=361 | arms=trend 0/0.00, breakout 0/0.00
2025-10-08 09:31:27 INFO [HB] active    | dayR=0.00R open=0 tradesToday=0 bars=361 | arms=trend 0/0.00, breakout 0/0.00
2025-10-08 09:31:28 INFO [HB] active    | dayR=0.00R open=0 tradesToday=0 bars=361 | arms=trend 0/0.00, breakout 0/0.00
2025-10-08 09:31:28 INFO [HB] active    | dayR=0.00R open=0 tradesToday=0 bars=361 | arms=trend 0/0.00, breakout 0/0.00
2025-10-08 09:31:29 INFO [HB] active    | dayR=0.00R open=0 tradesToday=0 bars=361 | arms=trend 0/0.00, breakout 0/0.00
2025-10-08 09:31:29 INFO [HB] active    | dayR=0.00R open=0 tradesToday=0 bars=361 | arms=trend 0/0.00, breakout 0/0.00
2025-10-08 09:31:30 INFO [HB] active    | dayR=0.00R open=0 tradesToday=0 bars=361 | arms=trend 0/0.00, breakout 0/0.00
2025-10-08 09:31:30 INFO [HB] active    | dayR=0.00R open=0 tradesToday=0 bars=361 | arms=trend 0/0.00, breakout 0/0.00
2025-10-08 09:31:31 INFO [HB] active    | dayR=0.00R open=0 tradesToday=0 bars=361 | arms=trend 0/0.00, breakout 0/0.00
2025-10-08 09:31:31 INFO [HB] active    | dayR=0.00R open=0 tradesToday=0 bars=361 | arms=trend 0/0.00, breakout 0/0.00
2025-10-08 09:31:32 INFO [HB] active    | dayR=0.00R open=0 tradesToday=0 bars=361 | arms=trend 0/0.00, breakout 0/0.00
2025-10-08 09:31:32 INFO [HB] active    | dayR=0.00R open=0 tradesToday=0 bars=361 | arms=trend 0/0.00, breakout 0/0.00
2025-10-08 09:31:33 INFO [HB] active    | dayR=0.00R open=0 tradesToday=0 bars=361 | arms=trend 0/0.00, breakout 0/0.00
2025-10-08 09:31:33 INFO [HB] active    | dayR=0.00R open=0 tradesToday=0 bars=361 | arms=trend 0/0.00, breakout 0/0.00
2025-10-08 09:31:34 INFO [HB] active    | dayR=0.00R open=0 tradesToday=0 bars=361 | arms=trend 0/0.00, breakout 0/0.00
2025-10-08 09:31:34 INFO [HB] active    | dayR=0.00R open=0 tradesToday=0 bars=361 | arms=trend 0/0.00, breakout 0/0.00
2025-10-08 09:31:35 INFO [HB] active    | dayR=0.00R open=0 tradesToday=0 bars=361 | arms=trend 0/0.00, breakout 0/0.00
2025-10-08 09:31:35 INFO [HB] active    | dayR=0.00R open=0 tradesToday=0 bars=361 | arms=trend 0/0.00, breakout 0/0.00
2025-10-08 09:31:36 INFO [HB] active    | dayR=0.00R open=0 tradesToday=0 bars=361 | arms=trend 0/0.00, breakout 0/0.00
2025-10-08 09:31:36 INFO [HB] active    | dayR=0.00R open=0 tradesToday=0 bars=361 | arms=trend 0/0.00, breakout 0/0.00
2025-10-08 09:31:37 INFO [HB] active    | dayR=0.00R open=0 tradesToday=0 bars=361 | arms=trend 0/0.00, breakout 0/0.00
2025-10-08 09:31:37 INFO [HB] active    | dayR=0.00R open=0 tradesToday=0 bars=361 | arms=trend 0/0.00, breakout 0/0.00
2025-10-08 09:31:38 INFO [HB] active    | dayR=0.00R open=0 tradesToday=0 bars=361 | arms=trend 0/0.00, breakout 0/0.00
[2025-10-08 09:31:40] [WD] hb uptime=250s restarts=0 child_alive=True
2025-10-08 09:31:38 INFO [HB] active    | dayR=0.00R open=0 tradesToday=0 bars=361 | arms=trend 0/0.00, breakout 0/0.00
2025-10-08 09:31:39 INFO [HB] active    | dayR=0.00R open=0 tradesToday=0 bars=361 | arms=trend 0/0.00, breakout 0/0.00
2025-10-08 09:31:39 INFO [HB] active    | dayR=0.00R open=0 tradesToday=0 bars=361 | arms=trend 0/0.00, breakout 0/0.00
2025-10-08 09:31:40 INFO [HB] active    | dayR=0.00R open=0 tradesToday=0 bars=361 | arms=trend 0/0.00, breakout 0/0.00
2025-10-08 09:31:40 INFO [HB] active    | dayR=0.00R open=0 tradesToday=0 bars=361 | arms=trend 0/0.00, breakout 0/0.00
2025-10-08 09:31:41 INFO [HB] active    | dayR=0.00R open=0 tradesToday=0 bars=361 | arms=trend 0/0.00, breakout 0/0.00
[2025-10-08 09:31:41] EXIT CODE: 1
