2025-10-03 15:00:04 INFO Starting ES paper bot...
2025-10-03 15:00:04 INFO [CONNECT] 127.0.0.1:7497 clientId=111
2025-10-03 15:00:04 INFO Connecting to 127.0.0.1:7497 with clientId 111...
2025-10-03 15:00:04 INFO Connected
2025-10-03 15:00:04 INFO Logged on to server version 176
2025-10-03 15:00:04 INFO API connection ready
2025-10-03 15:00:04 INFO Warning 2104, reqId -1: Market data farm connection is OK:usfuture.nj
2025-10-03 15:00:04 INFO Warning 2104, reqId -1: Market data farm connection is OK:usfarm.nj
2025-10-03 15:00:04 INFO Warning 2104, reqId -1: Market data farm connection is OK:usfuture
2025-10-03 15:00:04 INFO Warning 2104, reqId -1: Market data farm connection is OK:cashfarm
2025-10-03 15:00:04 INFO Warning 2104, reqId -1: Market data farm connection is OK:usfarm
2025-10-03 15:00:04 INFO Warning 2106, reqId -1: HMDS data farm connection is OK:ushmds
2025-10-03 15:00:04 INFO Warning 2158, reqId -1: Sec-def data farm connection is OK:secdefil
2025-10-03 15:00:04 INFO position: Position(account='DU2660649', contract=Future(conId=495512563, symbol='ES', lastTradeDateOrContractMonth='20251219', multiplier='50', currency='USD', localSymbol='ESZ5', tradingClass='ES'), position=0.0, avgCost=0.0)
2025-10-03 15:00:04 INFO updatePortfolio: PortfolioItem(contract=Future(conId=495512563, symbol='ES', lastTradeDateOrContractMonth='20251219', right='0', multiplier='50', primaryExchange='CME', currency='USD', localSymbol='ESZ5', tradingClass='ES'), position=0.0, marketPrice=6764.75, marketValue=0.0, averageCost=0.0, unrealizedPNL=0.0, realizedPNL=-505.5, account='DU2660649')
2025-10-03 15:00:04 INFO execDetails Execution(execId='0000e1a7.68df2d43.01.01', time=datetime.datetime(2025, 10, 3, 13, 31, 6, tzinfo=datetime.timezone.utc), acctNumber='DU2660649', exchange='CME', side='SLD', shares=1.0, price=6774.25, permId=934297575, clientId=111, orderId=3331, liquidation=0, cumQty=1.0, avgPrice=6774.25, orderRef='', evRule='', evMultiplier=0.0, modelCode='', lastLiquidity=1)
2025-10-03 15:00:04 INFO execDetails Execution(execId='0000e1a7.68df2da6.01.01', time=datetime.datetime(2025, 10, 3, 13, 31, 26, tzinfo=datetime.timezone.utc), acctNumber='DU2660649', exchange='CME', side='BOT', shares=1.0, price=6776.75, permId=934297576, clientId=111, orderId=3332, liquidation=0, cumQty=1.0, avgPrice=6776.75, orderRef='', evRule='', evMultiplier=0.0, modelCode='', lastLiquidity=1)
2025-10-03 15:00:04 INFO execDetails Execution(execId='0000e1a7.68df3184.01.01', time=datetime.datetime(2025, 10, 3, 13, 33, 57, tzinfo=datetime.timezone.utc), acctNumber='DU2660649', exchange='CME', side='SLD', shares=1.0, price=6778.25, permId=934297578, clientId=111, orderId=3353, liquidation=0, cumQty=1.0, avgPrice=6778.25, orderRef='', evRule='', evMultiplier=0.0, modelCode='', lastLiquidity=1)
2025-10-03 15:00:04 INFO execDetails Execution(execId='0000e1a7.68df34ef.01.01', time=datetime.datetime(2025, 10, 3, 13, 37, 12, tzinfo=datetime.timezone.utc), acctNumber='DU2660649', exchange='CME', side='BOT', shares=1.0, price=6780.5, permId=934297579, clientId=111, orderId=3354, liquidation=0, cumQty=1.0, avgPrice=6780.5, orderRef='', evRule='', evMultiplier=0.0, modelCode='', lastLiquidity=1)
2025-10-03 15:00:04 INFO execDetails Execution(execId='0000e1a7.68df35dd.01.01', time=datetime.datetime(2025, 10, 3, 13, 39, 43, tzinfo=datetime.timezone.utc), acctNumber='DU2660649', exchange='CME', side='SLD', shares=1.0, price=6783.5, permId=934297581, clientId=111, orderId=3542, liquidation=0, cumQty=1.0, avgPrice=6783.5, orderRef='', evRule='', evMultiplier=0.0, modelCode='', lastLiquidity=1)
2025-10-03 15:00:04 INFO execDetails Execution(execId='0000e1a7.68df3677.01.01', time=datetime.datetime(2025, 10, 3, 13, 40, 36, tzinfo=datetime.timezone.utc), acctNumber='DU2660649', exchange='CME', side='BOT', shares=1.0, price=6786.0, permId=934297582, clientId=111, orderId=3543, liquidation=0, cumQty=1.0, avgPrice=6786.0, orderRef='', evRule='', evMultiplier=0.0, modelCode='', lastLiquidity=1)
2025-10-03 15:00:04 INFO execDetails Execution(execId='0000e1a7.68df3884.01.01', time=datetime.datetime(2025, 10, 3, 13, 43, 7, tzinfo=datetime.timezone.utc), acctNumber='DU2660649', exchange='CME', side='SLD', shares=1.0, price=6779.0, permId=934297584, clientId=111, orderId=3596, liquidation=0, cumQty=1.0, avgPrice=6779.0, orderRef='', evRule='', evMultiplier=0.0, modelCode='', lastLiquidity=1)
2025-10-03 15:00:04 INFO execDetails Execution(execId='0000e1a7.68df399c.01.01', time=datetime.datetime(2025, 10, 3, 13, 45, 6, tzinfo=datetime.timezone.utc), acctNumber='DU2660649', exchange='CME', side='BOT', shares=1.0, price=6781.5, permId=934297585, clientId=111, orderId=3597, liquidation=0, cumQty=1.0, avgPrice=6781.5, orderRef='', evRule='', evMultiplier=0.0, modelCode='', lastLiquidity=1)
2025-10-03 15:00:04 INFO commissionReport: CommissionReport(execId='0000e1a7.68df2d43.01.01', commission=2.25, currency='USD', realizedPNL=0.0, yield_=0.0, yieldRedemptionDate=0)
2025-10-03 15:00:04 INFO commissionReport: CommissionReport(execId='0000e1a7.68df2da6.01.01', commission=2.25, currency='USD', realizedPNL=-129.5, yield_=0.0, yieldRedemptionDate=0)
2025-10-03 15:00:04 INFO commissionReport: CommissionReport(execId='0000e1a7.68df3184.01.01', commission=2.25, currency='USD', realizedPNL=0.0, yield_=0.0, yieldRedemptionDate=0)
2025-10-03 15:00:04 INFO commissionReport: CommissionReport(execId='0000e1a7.68df34ef.01.01', commission=2.25, currency='USD', realizedPNL=-117.0, yield_=0.0, yieldRedemptionDate=0)
2025-10-03 15:00:04 INFO commissionReport: CommissionReport(execId='0000e1a7.68df35dd.01.01', commission=2.25, currency='USD', realizedPNL=0.0, yield_=0.0, yieldRedemptionDate=0)
2025-10-03 15:00:04 INFO commissionReport: CommissionReport(execId='0000e1a7.68df3677.01.01', commission=2.25, currency='USD', realizedPNL=-129.5, yield_=0.0, yieldRedemptionDate=0)
2025-10-03 15:00:04 INFO commissionReport: CommissionReport(execId='0000e1a7.68df3884.01.01', commission=2.25, currency='USD', realizedPNL=0.0, yield_=0.0, yieldRedemptionDate=0)
2025-10-03 15:00:04 INFO commissionReport: CommissionReport(execId='0000e1a7.68df399c.01.01', commission=2.25, currency='USD', realizedPNL=-129.5, yield_=0.0, yieldRedemptionDate=0)
2025-10-03 15:00:04 INFO Synchronization complete
2025-10-03 15:00:04 INFO [CONNECT] Connected.
2025-10-03 15:00:04 INFO [CONTRACT] Auto front-month: ES 20251219 conId=495512563 exch=CME
2025-10-03 15:00:05 INFO [HB] outside window         | open=0
2025-10-03 15:00:10 INFO [HB] outside window         | open=0
2025-10-03 15:00:15 INFO [HB] outside window         | open=0
2025-10-03 15:00:20 INFO [HB] outside window         | open=0
2025-10-03 15:00:25 INFO [HB] outside window         | open=0
2025-10-03 15:00:30 INFO [HB] outside window         | open=0
2025-10-03 15:00:35 INFO [HB] outside window         | open=0
2025-10-03 15:00:40 INFO [HB] outside window         | open=0
2025-10-03 15:00:45 INFO [HB] outside window         | open=0
2025-10-03 15:00:50 INFO [HB] outside window         | open=0
2025-10-03 15:00:55 INFO [HB] outside window         | open=0
2025-10-03 15:01:00 INFO [HB] outside window         | open=0
2025-10-03 15:01:05 INFO [HB] outside window         | open=0
2025-10-03 15:01:10 INFO [HB] outside window         | open=0
2025-10-03 15:01:11 INFO updatePortfolio: PortfolioItem(contract=Future(conId=495512563, symbol='ES', lastTradeDateOrContractMonth='20251219', right='0', multiplier='50', primaryExchange='CME', currency='USD', localSymbol='ESZ5', tradingClass='ES'), position=0.0, marketPrice=6766.0, marketValue=0.0, averageCost=0.0, unrealizedPNL=0.0, realizedPNL=-505.5, account='DU2660649')
2025-10-03 15:01:15 INFO [HB] outside window         | open=0
2025-10-03 15:01:20 INFO [HB] outside window         | open=0
2025-10-03 15:01:25 INFO [HB] outside window         | open=0
2025-10-03 15:01:30 INFO [HB] outside window         | open=0
2025-10-03 15:01:35 INFO [HB] outside window         | open=0
2025-10-03 15:01:40 INFO [HB] outside window         | open=0
2025-10-03 15:01:45 INFO [HB] outside window         | open=0
2025-10-03 15:01:50 INFO [HB] outside window         | open=0
2025-10-03 15:01:55 INFO [HB] outside window         | open=0
2025-10-03 15:02:00 INFO [HB] outside window         | open=0
2025-10-03 15:02:05 INFO [HB] outside window         | open=0
2025-10-03 15:02:10 INFO [HB] outside window         | open=0
2025-10-03 15:02:15 INFO [HB] outside window         | open=0
2025-10-03 15:02:20 INFO [HB] outside window         | open=0
2025-10-03 15:02:25 INFO [HB] outside window         | open=0
2025-10-03 15:02:30 INFO [HB] outside window         | open=0
2025-10-03 15:02:35 INFO [HB] outside window         | open=0
2025-10-03 15:02:40 INFO [HB] outside window         | open=0
2025-10-03 15:02:45 INFO [HB] outside window         | open=0
2025-10-03 15:02:50 INFO [HB] outside window         | open=0
2025-10-03 15:02:55 INFO [HB] outside window         | open=0
2025-10-03 15:03:00 INFO [HB] outside window         | open=0
2025-10-03 15:03:05 INFO [HB] outside window         | open=0
2025-10-03 15:03:10 INFO [HB] outside window         | open=0
2025-10-03 15:03:15 INFO [HB] outside window         | open=0
2025-10-03 15:03:20 INFO [HB] outside window         | open=0
2025-10-03 15:03:25 INFO [HB] outside window         | open=0
2025-10-03 15:03:30 INFO [HB] outside window         | open=0
2025-10-03 15:03:35 INFO [HB] outside window         | open=0
2025-10-03 15:03:40 INFO [HB] outside window         | open=0
2025-10-03 15:03:45 INFO [HB] outside window         | open=0
2025-10-03 15:03:50 INFO [HB] outside window         | open=0
2025-10-03 15:03:55 INFO [HB] outside window         | open=0
2025-10-03 15:04:00 INFO [HB] outside window         | open=0
2025-10-03 15:04:05 INFO [HB] outside window         | open=0
2025-10-03 15:04:10 INFO [HB] outside window         | open=0
2025-10-03 15:04:11 INFO updatePortfolio: PortfolioItem(contract=Future(conId=495512563, symbol='ES', lastTradeDateOrContractMonth='20251219', right='0', multiplier='50', primaryExchange='CME', currency='USD', localSymbol='ESZ5', tradingClass='ES'), position=0.0, marketPrice=6761.3339844, marketValue=0.0, averageCost=0.0, unrealizedPNL=0.0, realizedPNL=-505.5, account='DU2660649')
2025-10-03 15:04:15 INFO [HB] outside window         | open=0
2025-10-03 15:04:20 INFO [HB] outside window         | open=0
2025-10-03 15:04:25 INFO [HB] outside window         | open=0
2025-10-03 15:04:30 INFO [HB] outside window         | open=0
2025-10-03 15:04:35 INFO [HB] outside window         | open=0
2025-10-03 15:04:40 INFO [HB] outside window         | open=0
2025-10-03 15:04:45 INFO [HB] outside window         | open=0
2025-10-03 15:04:50 INFO [HB] outside window         | open=0
2025-10-03 15:04:55 INFO [HB] outside window         | open=0
2025-10-03 15:05:00 INFO [HB] outside window         | open=0
2025-10-03 15:05:05 INFO [HB] outside window         | open=0
2025-10-03 15:05:10 INFO [HB] outside window         | open=0
2025-10-03 15:05:15 INFO [HB] outside window         | open=0
2025-10-03 15:05:20 INFO [HB] outside window         | open=0
2025-10-03 15:05:25 INFO [HB] outside window         | open=0
2025-10-03 15:05:30 INFO [HB] outside window         | open=0
2025-10-03 15:05:35 INFO [HB] outside window         | open=0
2025-10-03 15:05:40 INFO [HB] outside window         | open=0
2025-10-03 15:05:45 INFO [HB] outside window         | open=0
2025-10-03 15:05:50 INFO [HB] outside window         | open=0
2025-10-03 15:05:55 INFO [HB] outside window         | open=0
2025-10-03 15:06:00 INFO [HB] outside window         | open=0
2025-10-03 15:06:05 INFO [HB] outside window         | open=0
2025-10-03 15:06:10 INFO [HB] outside window         | open=0
2025-10-03 15:06:15 INFO [HB] outside window         | open=0
2025-10-03 15:06:20 INFO [HB] outside window         | open=0
2025-10-03 15:06:25 INFO [HB] outside window         | open=0
2025-10-03 15:06:30 INFO [HB] outside window         | open=0
2025-10-03 15:06:35 INFO [HB] outside window         | open=0
2025-10-03 15:06:40 INFO [HB] outside window         | open=0
2025-10-03 15:06:45 INFO [HB] outside window         | open=0
2025-10-03 15:06:50 INFO [HB] outside window         | open=0
2025-10-03 15:06:55 INFO [HB] outside window         | open=0
2025-10-03 15:07:00 INFO [HB] outside window         | open=0
2025-10-03 15:07:05 INFO [HB] outside window         | open=0
2025-10-03 15:07:11 INFO [HB] outside window         | open=0
2025-10-03 15:07:11 INFO updatePortfolio: PortfolioItem(contract=Future(conId=495512563, symbol='ES', lastTradeDateOrContractMonth='20251219', right='0', multiplier='50', primaryExchange='CME', currency='USD', localSymbol='ESZ5', tradingClass='ES'), position=0.0, marketPrice=6761.6411133, marketValue=0.0, averageCost=0.0, unrealizedPNL=0.0, realizedPNL=-505.5, account='DU2660649')
2025-10-03 15:07:16 INFO [HB] outside window         | open=0
2025-10-03 15:07:21 INFO [HB] outside window         | open=0
2025-10-03 15:07:26 INFO [HB] outside window         | open=0
2025-10-03 15:07:31 INFO [HB] outside window         | open=0
2025-10-03 15:07:36 INFO [HB] outside window         | open=0
2025-10-03 15:07:41 INFO [HB] outside window         | open=0
2025-10-03 15:07:46 INFO [HB] outside window         | open=0
2025-10-03 15:07:51 INFO [HB] outside window         | open=0
2025-10-03 15:07:56 INFO [HB] outside window         | open=0
2025-10-03 15:08:01 INFO [HB] outside window         | open=0
2025-10-03 15:08:06 INFO [HB] outside window         | open=0
2025-10-03 15:08:11 INFO [HB] outside window         | open=0
2025-10-03 15:08:16 INFO [HB] outside window         | open=0
2025-10-03 15:08:21 INFO [HB] outside window         | open=0
2025-10-03 15:08:26 INFO [HB] outside window         | open=0
2025-10-03 15:08:31 INFO [HB] outside window         | open=0
2025-10-03 15:08:36 INFO [HB] outside window         | open=0
2025-10-03 15:08:41 INFO [HB] outside window         | open=0
2025-10-03 15:08:46 INFO [HB] outside window         | open=0
2025-10-03 15:08:51 INFO [HB] outside window         | open=0
2025-10-03 15:08:56 INFO [HB] outside window         | open=0
2025-10-03 15:09:01 INFO [HB] outside window         | open=0
2025-10-03 15:09:06 INFO [HB] outside window         | open=0
2025-10-03 15:09:11 INFO [HB] outside window         | open=0
2025-10-03 15:09:16 INFO [HB] outside window         | open=0
2025-10-03 15:09:21 INFO [HB] outside window         | open=0
2025-10-03 15:09:26 INFO [HB] outside window         | open=0
2025-10-03 15:09:31 INFO [HB] outside window         | open=0
2025-10-03 15:09:36 INFO [HB] outside window         | open=0
2025-10-03 15:09:41 INFO [HB] outside window         | open=0
2025-10-03 15:09:46 INFO [HB] outside window         | open=0
2025-10-03 15:09:51 INFO [HB] outside window         | open=0
2025-10-03 15:09:56 INFO [HB] outside window         | open=0
2025-10-03 15:10:01 INFO [HB] outside window         | open=0
2025-10-03 15:10:06 INFO [HB] outside window         | open=0
2025-10-03 15:10:11 INFO updatePortfolio: PortfolioItem(contract=Future(conId=495512563, symbol='ES', lastTradeDateOrContractMonth='20251219', right='0', multiplier='50', primaryExchange='CME', currency='USD', localSymbol='ESZ5', tradingClass='ES'), position=0.0, marketPrice=6761.25, marketValue=0.0, averageCost=0.0, unrealizedPNL=0.0, realizedPNL=-505.5, account='DU2660649')
2025-10-03 15:10:11 INFO [HB] outside window         | open=0
2025-10-03 15:10:16 INFO [HB] outside window         | open=0
2025-10-03 15:10:21 INFO [HB] outside window         | open=0
2025-10-03 15:10:26 INFO [HB] outside window         | open=0
2025-10-03 15:10:31 INFO [HB] outside window         | open=0
2025-10-03 15:10:36 INFO [HB] outside window         | open=0
2025-10-03 15:10:41 INFO [HB] outside window         | open=0
2025-10-03 15:10:46 INFO [HB] outside window         | open=0
2025-10-03 15:10:51 INFO [HB] outside window         | open=0
2025-10-03 15:10:56 INFO [HB] outside window         | open=0
2025-10-03 15:11:01 INFO [HB] outside window         | open=0
2025-10-03 15:11:06 INFO [HB] outside window         | open=0
2025-10-03 15:11:11 INFO [HB] outside window         | open=0
2025-10-03 15:11:16 INFO [HB] outside window         | open=0
2025-10-03 15:11:21 INFO [HB] outside window         | open=0
2025-10-03 15:11:26 INFO [HB] outside window         | open=0
2025-10-03 15:11:31 INFO [HB] outside window         | open=0
2025-10-03 15:11:36 INFO [HB] outside window         | open=0
2025-10-03 15:11:41 INFO [HB] outside window         | open=0
2025-10-03 15:11:46 INFO [HB] outside window         | open=0
2025-10-03 15:11:51 INFO [HB] outside window         | open=0
2025-10-03 15:11:56 INFO [HB] outside window         | open=0
2025-10-03 15:12:01 INFO [HB] outside window         | open=0
2025-10-03 15:12:06 INFO [HB] outside window         | open=0
2025-10-03 15:12:11 INFO [HB] outside window         | open=0
2025-10-03 15:12:16 INFO [HB] outside window         | open=0
2025-10-03 15:12:21 INFO [HB] outside window         | open=0
2025-10-03 15:12:26 INFO [HB] outside window         | open=0
2025-10-03 15:12:31 INFO [HB] outside window         | open=0
2025-10-03 15:12:36 INFO [HB] outside window         | open=0
2025-10-03 15:12:41 INFO [HB] outside window         | open=0
2025-10-03 15:12:46 INFO [HB] outside window         | open=0
2025-10-03 15:12:51 INFO [HB] outside window         | open=0
2025-10-03 15:12:56 INFO [HB] outside window         | open=0
2025-10-03 15:13:01 INFO [HB] outside window         | open=0
2025-10-03 15:13:06 INFO [HB] outside window         | open=0
2025-10-03 15:13:11 INFO updatePortfolio: PortfolioItem(contract=Future(conId=495512563, symbol='ES', lastTradeDateOrContractMonth='20251219', right='0', multiplier='50', primaryExchange='CME', currency='USD', localSymbol='ESZ5', tradingClass='ES'), position=0.0, marketPrice=6760.60546875, marketValue=0.0, averageCost=0.0, unrealizedPNL=0.0, realizedPNL=-505.5, account='DU2660649')
2025-10-03 15:13:11 INFO [HB] outside window         | open=0
2025-10-03 15:13:16 INFO [HB] outside window         | open=0
2025-10-03 15:13:21 INFO [HB] outside window         | open=0
2025-10-03 15:13:26 INFO [HB] outside window         | open=0
2025-10-03 15:13:31 INFO [HB] outside window         | open=0
2025-10-03 15:13:36 INFO [HB] outside window         | open=0
2025-10-03 15:13:41 INFO [HB] outside window         | open=0
2025-10-03 15:13:46 INFO [HB] outside window         | open=0
2025-10-03 15:13:51 INFO [HB] outside window         | open=0
2025-10-03 15:13:56 INFO [HB] outside window         | open=0
2025-10-03 15:14:01 INFO [HB] outside window         | open=0
2025-10-03 15:14:06 INFO [HB] outside window         | open=0
2025-10-03 15:14:11 INFO [HB] outside window         | open=0
2025-10-03 15:14:16 INFO [HB] outside window         | open=0
2025-10-03 15:14:21 INFO [HB] outside window         | open=0
2025-10-03 15:14:26 INFO [HB] outside window         | open=0
2025-10-03 15:14:31 INFO [HB] outside window         | open=0
2025-10-03 15:14:36 INFO [HB] outside window         | open=0
2025-10-03 15:14:41 INFO [HB] outside window         | open=0
2025-10-03 15:14:46 INFO [HB] outside window         | open=0
2025-10-03 15:14:51 INFO [HB] outside window         | open=0
2025-10-03 15:14:56 INFO [HB] outside window         | open=0
2025-10-03 15:15:01 INFO [HB] outside window         | open=0
2025-10-03 15:15:06 INFO [HB] outside window         | open=0
2025-10-03 15:15:11 INFO [HB] outside window         | open=0
2025-10-03 15:15:16 INFO [HB] outside window         | open=0
2025-10-03 15:15:21 INFO [HB] outside window         | open=0
2025-10-03 15:15:26 INFO [HB] outside window         | open=0
2025-10-03 15:15:31 INFO [HB] outside window         | open=0
2025-10-03 15:15:36 INFO [HB] outside window         | open=0
2025-10-03 15:15:41 INFO [HB] outside window         | open=0
2025-10-03 15:15:42 INFO updatePortfolio: PortfolioItem(contract=Future(conId=495512563, symbol='ES', lastTradeDateOrContractMonth='20251219', right='0', multiplier='50', primaryExchange='CME', currency='USD', localSymbol='ESZ5', tradingClass='ES'), position=0.0, marketPrice=6761.5, marketValue=0.0, averageCost=0.0, unrealizedPNL=0.0, realizedPNL=-505.5, account='DU2660649')
2025-10-03 15:15:46 INFO [HB] outside window         | open=0
2025-10-03 15:15:51 INFO [HB] outside window         | open=0
2025-10-03 15:15:56 INFO [HB] outside window         | open=0
2025-10-03 15:16:01 INFO [HB] outside window         | open=0
2025-10-03 15:16:06 INFO [HB] outside window         | open=0
2025-10-03 15:16:11 INFO updatePortfolio: PortfolioItem(contract=Future(conId=495512563, symbol='ES', lastTradeDateOrContractMonth='20251219', right='0', multiplier='50', primaryExchange='CME', currency='USD', localSymbol='ESZ5', tradingClass='ES'), position=0.0, marketPrice=6761.40234375, marketValue=0.0, averageCost=0.0, unrealizedPNL=0.0, realizedPNL=-505.5, account='DU2660649')
2025-10-03 15:16:11 INFO [HB] outside window         | open=0
2025-10-03 15:16:16 INFO [HB] outside window         | open=0
2025-10-03 15:16:21 INFO [HB] outside window         | open=0
2025-10-03 15:16:26 INFO [HB] outside window         | open=0
2025-10-03 15:16:32 INFO [HB] outside window         | open=0
2025-10-03 15:16:37 INFO [HB] outside window         | open=0
2025-10-03 15:16:42 INFO [HB] outside window         | open=0
2025-10-03 15:16:47 INFO [HB] outside window         | open=0
2025-10-03 15:16:52 INFO [HB] outside window         | open=0
2025-10-03 15:16:57 INFO [HB] outside window         | open=0
2025-10-03 15:17:02 INFO [HB] outside window         | open=0
2025-10-03 15:17:07 INFO [HB] outside window         | open=0
2025-10-03 15:17:12 INFO [HB] outside window         | open=0
2025-10-03 15:17:17 INFO [HB] outside window         | open=0
2025-10-03 15:17:22 INFO [HB] outside window         | open=0
2025-10-03 15:17:27 INFO [HB] outside window         | open=0
2025-10-03 15:17:32 INFO [HB] outside window         | open=0
2025-10-03 15:17:37 INFO [HB] outside window         | open=0
2025-10-03 15:17:42 INFO [HB] outside window         | open=0
2025-10-03 15:17:47 INFO [HB] outside window         | open=0
2025-10-03 15:17:52 INFO [HB] outside window         | open=0
2025-10-03 15:17:57 INFO [HB] outside window         | open=0
2025-10-03 15:18:02 INFO [HB] outside window         | open=0
2025-10-03 15:18:07 INFO [HB] outside window         | open=0
2025-10-03 15:18:12 INFO [HB] outside window         | open=0
2025-10-03 15:18:17 INFO [HB] outside window         | open=0
2025-10-03 15:18:22 INFO [HB] outside window         | open=0
2025-10-03 15:18:27 INFO [HB] outside window         | open=0
2025-10-03 15:18:32 INFO [HB] outside window         | open=0
2025-10-03 15:18:37 INFO [HB] outside window         | open=0
2025-10-03 15:18:42 INFO [HB] outside window         | open=0
2025-10-03 15:18:47 INFO [HB] outside window         | open=0
2025-10-03 15:18:52 INFO [HB] outside window         | open=0
2025-10-03 15:18:57 INFO [HB] outside window         | open=0
2025-10-03 15:19:02 INFO [HB] outside window         | open=0
2025-10-03 15:19:07 INFO [HB] outside window         | open=0
2025-10-03 15:19:11 INFO updatePortfolio: PortfolioItem(contract=Future(conId=495512563, symbol='ES', lastTradeDateOrContractMonth='20251219', right='0', multiplier='50', primaryExchange='CME', currency='USD', localSymbol='ESZ5', tradingClass='ES'), position=0.0, marketPrice=6761.5, marketValue=0.0, averageCost=0.0, unrealizedPNL=0.0, realizedPNL=-505.5, account='DU2660649')
2025-10-03 15:19:12 INFO [HB] outside window         | open=0
2025-10-03 15:19:17 INFO [HB] outside window         | open=0
2025-10-03 15:19:22 INFO [HB] outside window         | open=0
2025-10-03 15:19:27 INFO [HB] outside window         | open=0
2025-10-03 15:19:32 INFO [HB] outside window         | open=0
2025-10-03 15:19:37 INFO [HB] outside window         | open=0
2025-10-03 15:19:42 INFO [HB] outside window         | open=0
2025-10-03 15:19:47 INFO [HB] outside window         | open=0
2025-10-03 15:19:52 INFO [HB] outside window         | open=0
2025-10-03 15:19:57 INFO [HB] outside window         | open=0
2025-10-03 15:20:02 INFO [HB] outside window         | open=0
2025-10-03 15:20:07 INFO [HB] outside window         | open=0
2025-10-03 15:20:12 INFO [HB] outside window         | open=0
2025-10-03 15:20:17 INFO [HB] outside window         | open=0
2025-10-03 15:20:22 INFO [HB] outside window         | open=0
2025-10-03 15:20:27 INFO [HB] outside window         | open=0
2025-10-03 15:20:32 INFO [HB] outside window         | open=0
2025-10-03 15:20:37 INFO [HB] outside window         | open=0
2025-10-03 15:20:42 INFO [HB] outside window         | open=0
2025-10-03 15:20:47 INFO [HB] outside window         | open=0
2025-10-03 15:20:52 INFO [HB] outside window         | open=0
2025-10-03 15:20:57 INFO [HB] outside window         | open=0
2025-10-03 15:21:02 INFO [HB] outside window         | open=0
2025-10-03 15:21:07 INFO [HB] outside window         | open=0
2025-10-03 15:21:12 INFO [HB] outside window         | open=0
2025-10-03 15:21:17 INFO [HB] outside window         | open=0
2025-10-03 15:21:22 INFO [HB] outside window         | open=0
2025-10-03 15:21:27 INFO [HB] outside window         | open=0
2025-10-03 15:21:32 INFO [HB] outside window         | open=0
2025-10-03 15:21:37 INFO [HB] outside window         | open=0
2025-10-03 15:21:42 INFO [HB] outside window         | open=0
2025-10-03 15:21:47 INFO [HB] outside window         | open=0
2025-10-03 15:21:52 INFO [HB] outside window         | open=0
2025-10-03 15:21:57 INFO [HB] outside window         | open=0
2025-10-03 15:22:02 INFO [HB] outside window         | open=0
2025-10-03 15:22:07 INFO [HB] outside window         | open=0
2025-10-03 15:22:11 INFO updatePortfolio: PortfolioItem(contract=Future(conId=495512563, symbol='ES', lastTradeDateOrContractMonth='20251219', right='0', multiplier='50', primaryExchange='CME', currency='USD', localSymbol='ESZ5', tradingClass='ES'), position=0.0, marketPrice=6761.40625, marketValue=0.0, averageCost=0.0, unrealizedPNL=0.0, realizedPNL=-505.5, account='DU2660649')
2025-10-03 15:22:12 INFO [HB] outside window         | open=0
2025-10-03 15:22:17 INFO [HB] outside window         | open=0
2025-10-03 15:22:22 INFO [HB] outside window         | open=0
2025-10-03 15:22:27 INFO [HB] outside window         | open=0
2025-10-03 15:22:32 INFO [HB] outside window         | open=0
2025-10-03 15:22:37 INFO [HB] outside window         | open=0
2025-10-03 15:22:42 INFO [HB] outside window         | open=0
2025-10-03 15:22:47 INFO [HB] outside window         | open=0
2025-10-03 15:22:52 INFO [HB] outside window         | open=0
2025-10-03 15:22:57 INFO [HB] outside window         | open=0
2025-10-03 15:23:02 INFO [HB] outside window         | open=0
2025-10-03 15:23:07 INFO [HB] outside window         | open=0
2025-10-03 15:23:12 INFO [HB] outside window         | open=0
2025-10-03 15:23:17 INFO [HB] outside window         | open=0
2025-10-03 15:23:22 INFO [HB] outside window         | open=0
2025-10-03 15:23:27 INFO [HB] outside window         | open=0
2025-10-03 15:23:32 INFO [HB] outside window         | open=0
2025-10-03 15:23:37 INFO [HB] outside window         | open=0
2025-10-03 15:23:42 INFO [HB] outside window         | open=0
2025-10-03 15:23:47 INFO [HB] outside window         | open=0
2025-10-03 15:23:52 INFO [HB] outside window         | open=0
2025-10-03 15:23:57 INFO [HB] outside window         | open=0
2025-10-03 15:24:02 INFO [HB] outside window         | open=0
2025-10-03 15:24:07 INFO [HB] outside window         | open=0
2025-10-03 15:24:12 INFO [HB] outside window         | open=0
2025-10-03 15:24:17 INFO [HB] outside window         | open=0
2025-10-03 15:24:22 INFO [HB] outside window         | open=0
2025-10-03 15:24:27 INFO [HB] outside window         | open=0
2025-10-03 15:24:32 INFO [HB] outside window         | open=0
2025-10-03 15:24:37 INFO [HB] outside window         | open=0
2025-10-03 15:24:42 INFO [HB] outside window         | open=0
2025-10-03 15:24:47 INFO [HB] outside window         | open=0
2025-10-03 15:24:52 INFO [HB] outside window         | open=0
2025-10-03 15:24:57 INFO [HB] outside window         | open=0
2025-10-03 15:25:02 INFO [HB] outside window         | open=0
2025-10-03 15:25:07 INFO [HB] outside window         | open=0
2025-10-03 15:25:11 INFO updatePortfolio: PortfolioItem(contract=Future(conId=495512563, symbol='ES', lastTradeDateOrContractMonth='20251219', right='0', multiplier='50', primaryExchange='CME', currency='USD', localSymbol='ESZ5', tradingClass='ES'), position=0.0, marketPrice=6761.31396485, marketValue=0.0, averageCost=0.0, unrealizedPNL=0.0, realizedPNL=-505.5, account='DU2660649')
2025-10-03 15:25:12 INFO [HB] outside window         | open=0
2025-10-03 15:25:17 INFO [HB] outside window         | open=0
2025-10-03 15:25:22 INFO [HB] outside window         | open=0
2025-10-03 15:25:27 INFO [HB] outside window         | open=0
2025-10-03 15:25:32 INFO [HB] outside window         | open=0
2025-10-03 15:25:37 INFO [HB] outside window         | open=0
2025-10-03 15:25:42 INFO [HB] outside window         | open=0
2025-10-03 15:25:47 INFO [HB] outside window         | open=0
2025-10-03 15:25:52 INFO [HB] outside window         | open=0
2025-10-03 15:25:57 INFO [HB] outside window         | open=0
2025-10-03 15:26:02 INFO [HB] outside window         | open=0
2025-10-03 15:26:08 INFO [HB] outside window         | open=0
2025-10-03 15:26:13 INFO [HB] outside window         | open=0
2025-10-03 15:26:18 INFO [HB] outside window         | open=0
2025-10-03 15:26:23 INFO [HB] outside window         | open=0
2025-10-03 15:26:28 INFO [HB] outside window         | open=0
2025-10-03 15:26:33 INFO [HB] outside window         | open=0
2025-10-03 15:26:38 INFO [HB] outside window         | open=0
2025-10-03 15:26:43 INFO [HB] outside window         | open=0
2025-10-03 15:26:48 INFO [HB] outside window         | open=0
2025-10-03 15:26:53 INFO [HB] outside window         | open=0
2025-10-03 15:26:58 INFO [HB] outside window         | open=0
2025-10-03 15:27:03 INFO [HB] outside window         | open=0
2025-10-03 15:27:08 INFO [HB] outside window         | open=0
2025-10-03 15:27:13 INFO [HB] outside window         | open=0
2025-10-03 15:27:18 INFO [HB] outside window         | open=0
2025-10-03 15:27:23 INFO [HB] outside window         | open=0
2025-10-03 15:27:28 INFO [HB] outside window         | open=0
2025-10-03 15:27:33 INFO [HB] outside window         | open=0
2025-10-03 15:27:38 INFO [HB] outside window         | open=0
2025-10-03 15:27:43 INFO [HB] outside window         | open=0
2025-10-03 15:27:48 INFO [HB] outside window         | open=0
2025-10-03 15:27:53 INFO [HB] outside window         | open=0
2025-10-03 15:27:58 INFO [HB] outside window         | open=0
2025-10-03 15:28:03 INFO [HB] outside window         | open=0
2025-10-03 15:28:08 INFO [HB] outside window         | open=0
2025-10-03 15:28:11 INFO updatePortfolio: PortfolioItem(contract=Future(conId=495512563, symbol='ES', lastTradeDateOrContractMonth='20251219', right='0', multiplier='50', primaryExchange='CME', currency='USD', localSymbol='ESZ5', tradingClass='ES'), position=0.0, marketPrice=6761.25, marketValue=0.0, averageCost=0.0, unrealizedPNL=0.0, realizedPNL=-505.5, account='DU2660649')
2025-10-03 15:28:13 INFO [HB] outside window         | open=0
2025-10-03 15:28:18 INFO [HB] outside window         | open=0
2025-10-03 15:28:23 INFO [HB] outside window         | open=0
2025-10-03 15:28:28 INFO [HB] outside window         | open=0
2025-10-03 15:28:33 INFO [HB] outside window         | open=0
2025-10-03 15:28:38 INFO [HB] outside window         | open=0
2025-10-03 15:28:43 INFO [HB] outside window         | open=0
2025-10-03 15:28:48 INFO [HB] outside window         | open=0
2025-10-03 15:28:53 INFO [HB] outside window         | open=0
2025-10-03 15:28:58 INFO [HB] outside window         | open=0
2025-10-03 15:29:03 INFO [HB] outside window         | open=0
2025-10-03 15:29:08 INFO [HB] outside window         | open=0
2025-10-03 15:29:13 INFO [HB] outside window         | open=0
2025-10-03 15:29:18 INFO [HB] outside window         | open=0
2025-10-03 15:29:23 INFO [HB] outside window         | open=0
2025-10-03 15:29:28 INFO [HB] outside window         | open=0
2025-10-03 15:29:33 INFO [HB] outside window         | open=0
2025-10-03 15:29:38 INFO [HB] outside window         | open=0
2025-10-03 15:29:43 INFO [HB] outside window         | open=0
2025-10-03 15:29:48 INFO [HB] outside window         | open=0
2025-10-03 15:29:53 INFO [HB] outside window         | open=0
2025-10-03 15:29:58 INFO [HB] outside window         | open=0
2025-10-03 15:30:03 INFO [HB] outside window         | open=0
2025-10-03 15:30:08 INFO [HB] outside window         | open=0
2025-10-03 15:30:13 INFO [HB] outside window         | open=0
2025-10-03 15:30:18 INFO [HB] outside window         | open=0
2025-10-03 15:30:23 INFO [HB] outside window         | open=0
2025-10-03 15:30:28 INFO [HB] outside window         | open=0
2025-10-03 15:30:33 INFO [HB] outside window         | open=0
2025-10-03 15:30:38 INFO [HB] outside window         | open=0
2025-10-03 15:30:43 INFO [HB] outside window         | open=0
2025-10-03 15:30:48 INFO [HB] outside window         | open=0
2025-10-03 15:30:53 INFO [HB] outside window         | open=0
2025-10-03 15:30:58 INFO [HB] outside window         | open=0
2025-10-03 15:31:03 INFO [HB] outside window         | open=0
2025-10-03 15:31:08 INFO [HB] outside window         | open=0
2025-10-03 15:31:11 INFO updatePortfolio: PortfolioItem(contract=Future(conId=495512563, symbol='ES', lastTradeDateOrContractMonth='20251219', right='0', multiplier='50', primaryExchange='CME', currency='USD', localSymbol='ESZ5', tradingClass='ES'), position=0.0, marketPrice=6762.0, marketValue=0.0, averageCost=0.0, unrealizedPNL=0.0, realizedPNL=-505.5, account='DU2660649')
2025-10-03 15:31:13 INFO [HB] outside window         | open=0
2025-10-03 15:31:18 INFO [HB] outside window         | open=0
2025-10-03 15:31:23 INFO [HB] outside window         | open=0
2025-10-03 15:31:28 INFO [HB] outside window         | open=0
2025-10-03 15:31:33 INFO [HB] outside window         | open=0
2025-10-03 15:31:38 INFO [HB] outside window         | open=0
2025-10-03 15:31:43 INFO [HB] outside window         | open=0
2025-10-03 15:31:48 INFO [HB] outside window         | open=0
2025-10-03 15:31:53 INFO [HB] outside window         | open=0
2025-10-03 15:31:58 INFO [HB] outside window         | open=0
2025-10-03 15:32:03 INFO [HB] outside window         | open=0
2025-10-03 15:32:08 INFO [HB] outside window         | open=0
2025-10-03 15:32:13 INFO [HB] outside window         | open=0
2025-10-03 15:32:18 INFO [HB] outside window         | open=0
2025-10-03 15:32:23 INFO [HB] outside window         | open=0
2025-10-03 15:32:28 INFO [HB] outside window         | open=0
2025-10-03 15:32:33 INFO [HB] outside window         | open=0
2025-10-03 15:32:38 INFO [HB] outside window         | open=0
2025-10-03 15:32:43 INFO [HB] outside window         | open=0
2025-10-03 15:32:48 INFO [HB] outside window         | open=0
2025-10-03 15:32:53 INFO [HB] outside window         | open=0
2025-10-03 15:32:58 INFO [HB] outside window         | open=0
2025-10-03 15:33:03 INFO [HB] outside window         | open=0
2025-10-03 15:33:08 INFO [HB] outside window         | open=0
2025-10-03 15:33:13 INFO [HB] outside window         | open=0
2025-10-03 15:33:18 INFO [HB] outside window         | open=0
2025-10-03 15:33:23 INFO [HB] outside window         | open=0
2025-10-03 15:33:28 INFO [HB] outside window         | open=0
2025-10-03 15:33:33 INFO [HB] outside window         | open=0
2025-10-03 15:33:38 INFO [HB] outside window         | open=0
2025-10-03 15:33:43 INFO [HB] outside window         | open=0
2025-10-03 15:33:48 INFO [HB] outside window         | open=0
2025-10-03 15:33:53 INFO [HB] outside window         | open=0
2025-10-03 15:33:58 INFO [HB] outside window         | open=0
2025-10-03 15:34:03 INFO [HB] outside window         | open=0
2025-10-03 15:34:08 INFO [HB] outside window         | open=0
2025-10-03 15:34:11 INFO updatePortfolio: PortfolioItem(contract=Future(conId=495512563, symbol='ES', lastTradeDateOrContractMonth='20251219', right='0', multiplier='50', primaryExchange='CME', currency='USD', localSymbol='ESZ5', tradingClass='ES'), position=0.0, marketPrice=6762.08691405, marketValue=0.0, averageCost=0.0, unrealizedPNL=0.0, realizedPNL=-505.5, account='DU2660649')
2025-10-03 15:34:13 INFO [HB] outside window         | open=0
2025-10-03 15:34:18 INFO [HB] outside window         | open=0
2025-10-03 15:34:24 INFO [HB] outside window         | open=0
2025-10-03 15:34:29 INFO [HB] outside window         | open=0
2025-10-03 15:34:34 INFO [HB] outside window         | open=0
2025-10-03 15:34:39 INFO [HB] outside window         | open=0
2025-10-03 15:34:44 INFO [HB] outside window         | open=0
2025-10-03 15:34:49 INFO [HB] outside window         | open=0
2025-10-03 15:34:54 INFO [HB] outside window         | open=0
2025-10-03 15:34:59 INFO [HB] outside window         | open=0
2025-10-03 15:35:04 INFO [HB] outside window         | open=0
2025-10-03 15:35:09 INFO [HB] outside window         | open=0
2025-10-03 15:35:14 INFO [HB] outside window         | open=0
2025-10-03 15:35:19 INFO [HB] outside window         | open=0
2025-10-03 15:35:24 INFO [HB] outside window         | open=0
2025-10-03 15:35:29 INFO [HB] outside window         | open=0
2025-10-03 15:35:34 INFO [HB] outside window         | open=0
2025-10-03 15:35:39 INFO [HB] outside window         | open=0
2025-10-03 15:35:44 INFO [HB] outside window         | open=0
2025-10-03 15:35:49 INFO [HB] outside window         | open=0
2025-10-03 15:35:54 INFO [HB] outside window         | open=0
2025-10-03 15:35:59 INFO [HB] outside window         | open=0
2025-10-03 15:36:04 INFO [HB] outside window         | open=0
2025-10-03 15:36:09 INFO [HB] outside window         | open=0
2025-10-03 15:36:14 INFO [HB] outside window         | open=0
2025-10-03 15:36:19 INFO [HB] outside window         | open=0
2025-10-03 15:36:24 INFO [HB] outside window         | open=0
2025-10-03 15:36:29 INFO [HB] outside window         | open=0
2025-10-03 15:36:34 INFO [HB] outside window         | open=0
2025-10-03 15:36:39 INFO [HB] outside window         | open=0
2025-10-03 15:36:44 INFO [HB] outside window         | open=0
2025-10-03 15:36:49 INFO [HB] outside window         | open=0
2025-10-03 15:36:54 INFO [HB] outside window         | open=0
2025-10-03 15:36:59 INFO [HB] outside window         | open=0
2025-10-03 15:37:04 INFO [HB] outside window         | open=0
2025-10-03 15:37:09 INFO [HB] outside window         | open=0
2025-10-03 15:37:11 INFO updatePortfolio: PortfolioItem(contract=Future(conId=495512563, symbol='ES', lastTradeDateOrContractMonth='20251219', right='0', multiplier='50', primaryExchange='CME', currency='USD', localSymbol='ESZ5', tradingClass='ES'), position=0.0, marketPrice=6762.75, marketValue=0.0, averageCost=0.0, unrealizedPNL=0.0, realizedPNL=-505.5, account='DU2660649')
2025-10-03 15:37:14 INFO [HB] outside window         | open=0
2025-10-03 15:37:19 INFO [HB] outside window         | open=0
2025-10-03 15:37:24 INFO [HB] outside window         | open=0
2025-10-03 15:37:29 INFO [HB] outside window         | open=0
2025-10-03 15:37:34 INFO [HB] outside window         | open=0
2025-10-03 15:37:39 INFO [HB] outside window         | open=0
2025-10-03 15:37:44 INFO [HB] outside window         | open=0
2025-10-03 15:37:49 INFO [HB] outside window         | open=0
2025-10-03 15:37:54 INFO [HB] outside window         | open=0
2025-10-03 15:37:59 INFO [HB] outside window         | open=0
2025-10-03 15:38:04 INFO [HB] outside window         | open=0
2025-10-03 15:38:09 INFO [HB] outside window         | open=0
2025-10-03 15:38:14 INFO [HB] outside window         | open=0
2025-10-03 15:38:19 INFO [HB] outside window         | open=0
2025-10-03 15:38:24 INFO [HB] outside window         | open=0
2025-10-03 15:38:29 INFO [HB] outside window         | open=0
2025-10-03 15:38:34 INFO [HB] outside window         | open=0
2025-10-03 15:38:39 INFO [HB] outside window         | open=0
2025-10-03 15:38:44 INFO [HB] outside window         | open=0
2025-10-03 15:38:49 INFO [HB] outside window         | open=0
2025-10-03 15:38:54 INFO [HB] outside window         | open=0
2025-10-03 15:38:59 INFO [HB] outside window         | open=0
2025-10-03 15:39:04 INFO [HB] outside window         | open=0
2025-10-03 15:39:09 INFO [HB] outside window         | open=0
2025-10-03 15:39:14 INFO [HB] outside window         | open=0
2025-10-03 15:39:19 INFO [HB] outside window         | open=0
2025-10-03 15:39:24 INFO [HB] outside window         | open=0
2025-10-03 15:39:29 INFO [HB] outside window         | open=0
2025-10-03 15:39:34 INFO [HB] outside window         | open=0
2025-10-03 15:39:39 INFO [HB] outside window         | open=0
2025-10-03 15:39:44 INFO [HB] outside window         | open=0
2025-10-03 15:39:49 INFO [HB] outside window         | open=0
2025-10-03 15:39:54 INFO [HB] outside window         | open=0
2025-10-03 15:39:59 INFO [HB] outside window         | open=0
2025-10-03 15:40:04 INFO [HB] outside window         | open=0
2025-10-03 15:40:09 INFO [HB] outside window         | open=0
2025-10-03 15:40:11 INFO updatePortfolio: PortfolioItem(contract=Future(conId=495512563, symbol='ES', lastTradeDateOrContractMonth='20251219', right='0', multiplier='50', primaryExchange='CME', currency='USD', localSymbol='ESZ5', tradingClass='ES'), position=0.0, marketPrice=6763.25, marketValue=0.0, averageCost=0.0, unrealizedPNL=0.0, realizedPNL=-505.5, account='DU2660649')
2025-10-03 15:40:14 INFO [HB] outside window         | open=0
2025-10-03 15:40:19 INFO [HB] outside window         | open=0
2025-10-03 15:40:24 INFO [HB] outside window         | open=0
2025-10-03 15:40:29 INFO [HB] outside window         | open=0
2025-10-03 15:40:34 INFO [HB] outside window         | open=0
2025-10-03 15:40:39 INFO [HB] outside window         | open=0
2025-10-03 15:40:44 INFO [HB] outside window         | open=0
2025-10-03 15:40:49 INFO [HB] outside window         | open=0
2025-10-03 15:40:54 INFO [HB] outside window         | open=0
2025-10-03 15:40:59 INFO [HB] outside window         | open=0
2025-10-03 15:41:04 INFO [HB] outside window         | open=0
2025-10-03 15:41:09 INFO [HB] outside window         | open=0
2025-10-03 15:41:14 INFO [HB] outside window         | open=0
2025-10-03 15:41:19 INFO [HB] outside window         | open=0
2025-10-03 15:41:24 INFO [HB] outside window         | open=0
2025-10-03 15:41:29 INFO [HB] outside window         | open=0
2025-10-03 15:41:34 INFO [HB] outside window         | open=0
2025-10-03 15:41:39 INFO [HB] outside window         | open=0
2025-10-03 15:41:44 INFO [HB] outside window         | open=0
2025-10-03 15:41:49 INFO [HB] outside window         | open=0
2025-10-03 15:41:54 INFO [HB] outside window         | open=0
2025-10-03 15:41:59 INFO [HB] outside window         | open=0
2025-10-03 15:42:04 INFO [HB] outside window         | open=0
2025-10-03 15:42:09 INFO [HB] outside window         | open=0
2025-10-03 15:42:14 INFO [HB] outside window         | open=0
2025-10-03 15:42:19 INFO [HB] outside window         | open=0
2025-10-03 15:42:24 INFO [HB] outside window         | open=0
2025-10-03 15:42:29 INFO [HB] outside window         | open=0
2025-10-03 15:42:34 INFO [HB] outside window         | open=0
2025-10-03 15:42:39 INFO [HB] outside window         | open=0
2025-10-03 15:42:44 INFO [HB] outside window         | open=0
2025-10-03 15:42:49 INFO [HB] outside window         | open=0
2025-10-03 15:42:54 INFO [HB] outside window         | open=0
2025-10-03 15:42:59 INFO [HB] outside window         | open=0
2025-10-03 15:43:04 INFO [HB] outside window         | open=0
2025-10-03 15:43:09 INFO [HB] outside window         | open=0
2025-10-03 15:43:11 INFO updatePortfolio: PortfolioItem(contract=Future(conId=495512563, symbol='ES', lastTradeDateOrContractMonth='20251219', right='0', multiplier='50', primaryExchange='CME', currency='USD', localSymbol='ESZ5', tradingClass='ES'), position=0.0, marketPrice=6763.38964845, marketValue=0.0, averageCost=0.0, unrealizedPNL=0.0, realizedPNL=-505.5, account='DU2660649')
2025-10-03 15:43:14 INFO [HB] outside window         | open=0
2025-10-03 15:43:20 INFO [HB] outside window         | open=0
2025-10-03 15:43:25 INFO [HB] outside window         | open=0
2025-10-03 15:43:30 INFO [HB] outside window         | open=0
2025-10-03 15:43:35 INFO [HB] outside window         | open=0
2025-10-03 15:43:40 INFO [HB] outside window         | open=0
2025-10-03 15:43:45 INFO [HB] outside window         | open=0
2025-10-03 15:43:50 INFO [HB] outside window         | open=0
2025-10-03 15:43:55 INFO [HB] outside window         | open=0
2025-10-03 15:44:00 INFO [HB] outside window         | open=0
2025-10-03 15:44:05 INFO [HB] outside window         | open=0
2025-10-03 15:44:10 INFO [HB] outside window         | open=0
2025-10-03 15:44:15 INFO [HB] outside window         | open=0
2025-10-03 15:44:20 INFO [HB] outside window         | open=0
2025-10-03 15:44:25 INFO [HB] outside window         | open=0
2025-10-03 15:44:30 INFO [HB] outside window         | open=0
2025-10-03 15:44:35 INFO [HB] outside window         | open=0
2025-10-03 15:44:40 INFO [HB] outside window         | open=0
2025-10-03 15:44:45 INFO [HB] outside window         | open=0
2025-10-03 15:44:50 INFO [HB] outside window         | open=0
2025-10-03 15:44:55 INFO [HB] outside window         | open=0
2025-10-03 15:45:00 INFO [HB] outside window         | open=0
2025-10-03 15:45:05 INFO [HB] outside window         | open=0
2025-10-03 15:45:10 INFO [HB] outside window         | open=0
2025-10-03 15:45:15 INFO [HB] outside window         | open=0
2025-10-03 15:45:20 INFO [HB] outside window         | open=0
2025-10-03 15:45:25 INFO [HB] outside window         | open=0
2025-10-03 15:45:30 INFO [HB] outside window         | open=0
2025-10-03 15:45:35 INFO [HB] outside window         | open=0
2025-10-03 15:45:40 INFO [HB] outside window         | open=0
2025-10-03 15:45:45 INFO [HB] outside window         | open=0
2025-10-03 15:45:50 INFO [HB] outside window         | open=0
2025-10-03 15:45:55 INFO [HB] outside window         | open=0
2025-10-03 15:46:00 INFO [HB] outside window         | open=0
2025-10-03 15:46:05 INFO [HB] outside window         | open=0
2025-10-03 15:46:10 INFO [HB] outside window         | open=0
2025-10-03 15:46:11 INFO updatePortfolio: PortfolioItem(contract=Future(conId=495512563, symbol='ES', lastTradeDateOrContractMonth='20251219', right='0', multiplier='50', primaryExchange='CME', currency='USD', localSymbol='ESZ5', tradingClass='ES'), position=0.0, marketPrice=6763.0, marketValue=0.0, averageCost=0.0, unrealizedPNL=0.0, realizedPNL=-505.5, account='DU2660649')
2025-10-03 15:46:15 INFO [HB] outside window         | open=0
2025-10-03 15:46:20 INFO [HB] outside window         | open=0
2025-10-03 15:46:25 INFO [HB] outside window         | open=0
2025-10-03 15:46:30 INFO [HB] outside window         | open=0
2025-10-03 15:46:35 INFO [HB] outside window         | open=0
2025-10-03 15:46:40 INFO [HB] outside window         | open=0
2025-10-03 15:46:45 INFO [HB] outside window         | open=0
2025-10-03 15:46:50 INFO [HB] outside window         | open=0
2025-10-03 15:46:55 INFO [HB] outside window         | open=0
2025-10-03 15:47:00 INFO [HB] outside window         | open=0
2025-10-03 15:47:05 INFO [HB] outside window         | open=0
2025-10-03 15:47:10 INFO [HB] outside window         | open=0
2025-10-03 15:47:15 INFO [HB] outside window         | open=0
2025-10-03 15:47:20 INFO [HB] outside window         | open=0
2025-10-03 15:47:25 INFO [HB] outside window         | open=0
2025-10-03 15:47:30 INFO [HB] outside window         | open=0
2025-10-03 15:47:35 INFO [HB] outside window         | open=0
2025-10-03 15:47:40 INFO [HB] outside window         | open=0
2025-10-03 15:47:45 INFO [HB] outside window         | open=0
2025-10-03 15:47:50 INFO [HB] outside window         | open=0
2025-10-03 15:47:55 INFO [HB] outside window         | open=0
2025-10-03 15:48:00 INFO [HB] outside window         | open=0
2025-10-03 15:48:05 INFO [HB] outside window         | open=0
2025-10-03 15:48:10 INFO [HB] outside window         | open=0
2025-10-03 15:48:15 INFO [HB] outside window         | open=0
2025-10-03 15:48:20 INFO [HB] outside window         | open=0
2025-10-03 15:48:25 INFO [HB] outside window         | open=0
2025-10-03 15:48:30 INFO [HB] outside window         | open=0
2025-10-03 15:48:35 INFO [HB] outside window         | open=0
2025-10-03 15:48:40 INFO [HB] outside window         | open=0
2025-10-03 15:48:45 INFO [HB] outside window         | open=0
2025-10-03 15:48:50 INFO [HB] outside window         | open=0
2025-10-03 15:48:55 INFO [HB] outside window         | open=0
2025-10-03 15:49:00 INFO [HB] outside window         | open=0
2025-10-03 15:49:05 INFO [HB] outside window         | open=0
2025-10-03 15:49:10 INFO [HB] outside window         | open=0
2025-10-03 15:49:11 INFO updatePortfolio: PortfolioItem(contract=Future(conId=495512563, symbol='ES', lastTradeDateOrContractMonth='20251219', right='0', multiplier='50', primaryExchange='CME', currency='USD', localSymbol='ESZ5', tradingClass='ES'), position=0.0, marketPrice=6763.25, marketValue=0.0, averageCost=0.0, unrealizedPNL=0.0, realizedPNL=-505.5, account='DU2660649')
2025-10-03 15:49:15 INFO [HB] outside window         | open=0
2025-10-03 15:49:20 INFO [HB] outside window         | open=0
2025-10-03 15:49:25 INFO [HB] outside window         | open=0
2025-10-03 15:49:30 INFO [HB] outside window         | open=0
2025-10-03 15:49:35 INFO [HB] outside window         | open=0
2025-10-03 15:49:40 INFO [HB] outside window         | open=0
2025-10-03 15:49:45 INFO [HB] outside window         | open=0
2025-10-03 15:49:50 INFO [HB] outside window         | open=0
2025-10-03 15:49:55 INFO [HB] outside window         | open=0
2025-10-03 15:50:00 INFO [HB] outside window         | open=0
2025-10-03 15:50:05 INFO [HB] outside window         | open=0
2025-10-03 15:50:10 INFO [HB] outside window         | open=0
2025-10-03 15:50:15 INFO [HB] outside window         | open=0
2025-10-03 15:50:20 INFO [HB] outside window         | open=0
2025-10-03 15:50:25 INFO [HB] outside window         | open=0
2025-10-03 15:50:30 INFO [HB] outside window         | open=0
2025-10-03 15:50:35 INFO [HB] outside window         | open=0
2025-10-03 15:50:40 INFO [HB] outside window         | open=0
2025-10-03 15:50:45 INFO [HB] outside window         | open=0
2025-10-03 15:50:50 INFO [HB] outside window         | open=0
2025-10-03 15:50:55 INFO [HB] outside window         | open=0
2025-10-03 15:51:00 INFO [HB] outside window         | open=0
2025-10-03 15:51:05 INFO [HB] outside window         | open=0
2025-10-03 15:51:10 INFO [HB] outside window         | open=0
2025-10-03 15:51:15 INFO [HB] outside window         | open=0
2025-10-03 15:51:20 INFO [HB] outside window         | open=0
2025-10-03 15:51:25 INFO [HB] outside window         | open=0
2025-10-03 15:51:30 INFO [HB] outside window         | open=0
2025-10-03 15:51:35 INFO [HB] outside window         | open=0
2025-10-03 15:51:40 INFO [HB] outside window         | open=0
2025-10-03 15:51:45 INFO [HB] outside window         | open=0
2025-10-03 15:51:50 INFO [HB] outside window         | open=0
2025-10-03 15:51:55 INFO [HB] outside window         | open=0
2025-10-03 15:52:00 INFO [HB] outside window         | open=0
2025-10-03 15:52:05 INFO [HB] outside window         | open=0
2025-10-03 15:52:10 INFO [HB] outside window         | open=0
2025-10-03 15:52:11 INFO updatePortfolio: PortfolioItem(contract=Future(conId=495512563, symbol='ES', lastTradeDateOrContractMonth='20251219', right='0', multiplier='50', primaryExchange='CME', currency='USD', localSymbol='ESZ5', tradingClass='ES'), position=0.0, marketPrice=6762.0, marketValue=0.0, averageCost=0.0, unrealizedPNL=0.0, realizedPNL=-505.5, account='DU2660649')
2025-10-03 15:52:15 INFO [HB] outside window         | open=0
2025-10-03 15:52:20 INFO [HB] outside window         | open=0
2025-10-03 15:52:25 INFO [HB] outside window         | open=0
2025-10-03 15:52:30 INFO [HB] outside window         | open=0
2025-10-03 15:52:35 INFO [HB] outside window         | open=0
2025-10-03 15:52:41 INFO [HB] outside window         | open=0
2025-10-03 15:52:46 INFO [HB] outside window         | open=0
2025-10-03 15:52:51 INFO [HB] outside window         | open=0
2025-10-03 15:52:56 INFO [HB] outside window         | open=0
2025-10-03 15:53:01 INFO [HB] outside window         | open=0
2025-10-03 15:53:06 INFO [HB] outside window         | open=0
2025-10-03 15:53:11 INFO [HB] outside window         | open=0
2025-10-03 15:53:16 INFO [HB] outside window         | open=0
2025-10-03 15:53:21 INFO [HB] outside window         | open=0
2025-10-03 15:53:26 INFO [HB] outside window         | open=0
2025-10-03 15:53:31 INFO [HB] outside window         | open=0
2025-10-03 15:53:36 INFO [HB] outside window         | open=0
2025-10-03 15:53:41 INFO [HB] outside window         | open=0
2025-10-03 15:53:46 INFO [HB] outside window         | open=0
2025-10-03 15:53:51 INFO [HB] outside window         | open=0
2025-10-03 15:53:56 INFO [HB] outside window         | open=0
2025-10-03 15:54:01 INFO [HB] outside window         | open=0
2025-10-03 15:54:06 INFO [HB] outside window         | open=0
2025-10-03 15:54:11 INFO [HB] outside window         | open=0
2025-10-03 15:54:16 INFO [HB] outside window         | open=0
2025-10-03 15:54:21 INFO [HB] outside window         | open=0
2025-10-03 15:54:26 INFO [HB] outside window         | open=0
2025-10-03 15:54:31 INFO [HB] outside window         | open=0
2025-10-03 15:54:36 INFO [HB] outside window         | open=0
2025-10-03 15:54:41 INFO [HB] outside window         | open=0
2025-10-03 15:54:46 INFO [HB] outside window         | open=0
2025-10-03 15:54:51 INFO [HB] outside window         | open=0
2025-10-03 15:54:56 INFO [HB] outside window         | open=0
2025-10-03 15:55:01 INFO [HB] outside window         | open=0
2025-10-03 15:55:06 INFO [HB] outside window         | open=0
2025-10-03 15:55:11 INFO [HB] outside window         | open=0
2025-10-03 15:55:11 INFO updatePortfolio: PortfolioItem(contract=Future(conId=495512563, symbol='ES', lastTradeDateOrContractMonth='20251219', right='0', multiplier='50', primaryExchange='CME', currency='USD', localSymbol='ESZ5', tradingClass='ES'), position=0.0, marketPrice=6762.75, marketValue=0.0, averageCost=0.0, unrealizedPNL=0.0, realizedPNL=-505.5, account='DU2660649')
2025-10-03 15:55:16 INFO [HB] outside window         | open=0
2025-10-03 15:55:21 INFO [HB] outside window         | open=0
2025-10-03 15:55:26 INFO [HB] outside window         | open=0
2025-10-03 15:55:31 INFO [HB] outside window         | open=0
2025-10-03 15:55:36 INFO [HB] outside window         | open=0
2025-10-03 15:55:41 INFO [HB] outside window         | open=0
2025-10-03 15:55:46 INFO [HB] outside window         | open=0
2025-10-03 15:55:51 INFO [HB] outside window         | open=0
2025-10-03 15:55:56 INFO [HB] outside window         | open=0
2025-10-03 15:56:01 INFO [HB] outside window         | open=0
2025-10-03 15:56:06 INFO [HB] outside window         | open=0
2025-10-03 15:56:11 INFO [HB] outside window         | open=0
2025-10-03 15:56:16 INFO [HB] outside window         | open=0
2025-10-03 15:56:21 INFO [HB] outside window         | open=0
2025-10-03 15:56:26 INFO [HB] outside window         | open=0
2025-10-03 15:56:31 INFO [HB] outside window         | open=0
2025-10-03 15:56:36 INFO [HB] outside window         | open=0
2025-10-03 15:56:41 INFO [HB] outside window         | open=0
2025-10-03 15:56:46 INFO [HB] outside window         | open=0
2025-10-03 15:56:51 INFO [HB] outside window         | open=0
2025-10-03 15:56:56 INFO [HB] outside window         | open=0
2025-10-03 15:57:01 INFO [HB] outside window         | open=0
2025-10-03 15:57:06 INFO [HB] outside window         | open=0
2025-10-03 15:57:11 INFO [HB] outside window         | open=0
2025-10-03 15:57:16 INFO [HB] outside window         | open=0
2025-10-03 15:57:21 INFO [HB] outside window         | open=0
2025-10-03 15:57:26 INFO [HB] outside window         | open=0
2025-10-03 15:57:31 INFO [HB] outside window         | open=0
2025-10-03 15:57:36 INFO [HB] outside window         | open=0
2025-10-03 15:57:41 INFO [HB] outside window         | open=0
2025-10-03 15:57:46 INFO [HB] outside window         | open=0
2025-10-03 15:57:51 INFO [HB] outside window         | open=0
2025-10-03 15:57:56 INFO [HB] outside window         | open=0
2025-10-03 15:58:01 INFO [HB] outside window         | open=0
2025-10-03 15:58:06 INFO [HB] outside window         | open=0
2025-10-03 15:58:11 INFO [HB] outside window         | open=0
2025-10-03 15:58:16 INFO [HB] outside window         | open=0
2025-10-03 15:58:21 INFO [HB] outside window         | open=0
2025-10-03 15:58:26 INFO [HB] outside window         | open=0
2025-10-03 15:58:31 INFO [HB] outside window         | open=0
2025-10-03 15:58:36 INFO [HB] outside window         | open=0
2025-10-03 15:58:41 INFO [HB] outside window         | open=0
2025-10-03 15:58:46 INFO [HB] outside window         | open=0
2025-10-03 15:58:51 INFO [HB] outside window         | open=0
2025-10-03 15:58:56 INFO [HB] outside window         | open=0
2025-10-03 15:59:01 INFO [HB] outside window         | open=0
2025-10-03 15:59:06 INFO [HB] outside window         | open=0
2025-10-03 15:59:11 INFO [HB] outside window         | open=0
2025-10-03 15:59:16 INFO [HB] outside window         | open=0
2025-10-03 15:59:21 INFO [HB] outside window         | open=0
2025-10-03 15:59:26 INFO [HB] outside window         | open=0
2025-10-03 15:59:31 INFO [HB] outside window         | open=0
2025-10-03 15:59:36 INFO [HB] outside window         | open=0
2025-10-03 15:59:41 INFO [HB] outside window         | open=0
2025-10-03 15:59:46 INFO [HB] outside window         | open=0
2025-10-03 15:59:51 INFO [HB] outside window         | open=0
2025-10-03 15:59:56 INFO [HB] outside window         | open=0
2025-10-03 16:00:01 INFO [HB] outside window         | open=0
2025-10-03 16:00:06 INFO [HB] outside window         | open=0
2025-10-03 16:00:11 INFO [HB] outside window         | open=0
2025-10-03 16:00:16 INFO [HB] outside window         | open=0
2025-10-03 16:00:21 INFO [HB] outside window         | open=0
2025-10-03 16:00:26 INFO [HB] outside window         | open=0
2025-10-03 16:00:31 INFO [HB] outside window         | open=0
2025-10-03 16:00:36 INFO [HB] outside window         | open=0
2025-10-03 16:00:41 INFO [HB] outside window         | open=0
2025-10-03 16:00:46 INFO [HB] outside window         | open=0
2025-10-03 16:00:51 INFO [HB] outside window         | open=0
2025-10-03 16:00:56 INFO [HB] outside window         | open=0
2025-10-03 16:01:01 INFO [HB] outside window         | open=0
2025-10-03 16:01:06 INFO [HB] outside window         | open=0
2025-10-03 16:01:11 INFO updatePortfolio: PortfolioItem(contract=Future(conId=495512563, symbol='ES', lastTradeDateOrContractMonth='20251219', right='0', multiplier='50', primaryExchange='CME', currency='USD', localSymbol='ESZ5', tradingClass='ES'), position=0.0, marketPrice=6763.0, marketValue=0.0, averageCost=0.0, unrealizedPNL=0.0, realizedPNL=-505.5, account='DU2660649')
2025-10-03 16:01:11 INFO [HB] outside window         | open=0
2025-10-03 16:01:16 INFO [HB] outside window         | open=0
2025-10-03 16:01:21 INFO [HB] outside window         | open=0
2025-10-03 16:01:26 INFO [HB] outside window         | open=0
2025-10-03 16:01:31 INFO [HB] outside window         | open=0
2025-10-03 16:01:36 INFO [HB] outside window         | open=0
2025-10-03 16:01:41 INFO [HB] outside window         | open=0
2025-10-03 16:01:46 INFO [HB] outside window         | open=0
2025-10-03 16:01:52 INFO [HB] outside window         | open=0
2025-10-03 16:01:57 INFO [HB] outside window         | open=0
2025-10-03 16:02:02 INFO [HB] outside window         | open=0
2025-10-03 16:02:07 INFO [HB] outside window         | open=0
2025-10-03 16:02:12 INFO [HB] outside window         | open=0
2025-10-03 16:02:17 INFO [HB] outside window         | open=0
2025-10-03 16:02:22 INFO [HB] outside window         | open=0
2025-10-03 16:02:27 INFO [HB] outside window         | open=0
2025-10-03 16:02:32 INFO [HB] outside window         | open=0
2025-10-03 16:02:37 INFO [HB] outside window         | open=0
2025-10-03 16:02:42 INFO [HB] outside window         | open=0
2025-10-03 16:02:47 INFO [HB] outside window         | open=0
2025-10-03 16:02:52 INFO [HB] outside window         | open=0
2025-10-03 16:02:57 INFO [HB] outside window         | open=0
2025-10-03 16:03:02 INFO [HB] outside window         | open=0
2025-10-03 16:03:07 INFO [HB] outside window         | open=0
2025-10-03 16:03:12 INFO [HB] outside window         | open=0
2025-10-03 16:03:17 INFO [HB] outside window         | open=0
2025-10-03 16:03:22 INFO [HB] outside window         | open=0
2025-10-03 16:03:27 INFO [HB] outside window         | open=0
2025-10-03 16:03:32 INFO [HB] outside window         | open=0
2025-10-03 16:03:37 INFO [HB] outside window         | open=0
2025-10-03 16:03:42 INFO [HB] outside window         | open=0
2025-10-03 16:03:47 INFO [HB] outside window         | open=0
2025-10-03 16:03:52 INFO [HB] outside window         | open=0
2025-10-03 16:03:57 INFO [HB] outside window         | open=0
2025-10-03 16:04:02 INFO [HB] outside window         | open=0
2025-10-03 16:04:07 INFO [HB] outside window         | open=0
2025-10-03 16:04:12 INFO [HB] outside window         | open=0
2025-10-03 16:04:17 INFO [HB] outside window         | open=0
2025-10-03 16:04:22 INFO [HB] outside window         | open=0
2025-10-03 16:04:27 INFO [HB] outside window         | open=0
2025-10-03 16:04:32 INFO [HB] outside window         | open=0
2025-10-03 16:04:37 INFO [HB] outside window         | open=0
2025-10-03 16:04:42 INFO [HB] outside window         | open=0
2025-10-03 16:04:47 INFO [HB] outside window         | open=0
2025-10-03 16:04:52 INFO [HB] outside window         | open=0
2025-10-03 16:04:57 INFO [HB] outside window         | open=0
2025-10-03 16:05:02 INFO [HB] outside window         | open=0
2025-10-03 16:05:07 INFO [HB] outside window         | open=0
2025-10-03 16:05:12 INFO [HB] outside window         | open=0
2025-10-03 16:05:17 INFO [HB] outside window         | open=0
2025-10-03 16:05:22 INFO [HB] outside window         | open=0
2025-10-03 16:05:27 INFO [HB] outside window         | open=0
2025-10-03 16:05:32 INFO [HB] outside window         | open=0
2025-10-03 16:05:37 INFO [HB] outside window         | open=0
2025-10-03 16:05:42 INFO [HB] outside window         | open=0
2025-10-03 16:05:47 INFO [HB] outside window         | open=0
2025-10-03 16:05:52 INFO [HB] outside window         | open=0
2025-10-03 16:05:57 INFO [HB] outside window         | open=0
2025-10-03 16:06:02 INFO [HB] outside window         | open=0
2025-10-03 16:06:07 INFO [HB] outside window         | open=0
2025-10-03 16:06:12 INFO [HB] outside window         | open=0
2025-10-03 16:06:17 INFO [HB] outside window         | open=0
2025-10-03 16:06:22 INFO [HB] outside window         | open=0
2025-10-03 16:06:27 INFO [HB] outside window         | open=0
2025-10-03 16:06:32 INFO [HB] outside window         | open=0
2025-10-03 16:06:37 INFO [HB] outside window         | open=0
2025-10-03 16:06:42 INFO [HB] outside window         | open=0
2025-10-03 16:06:47 INFO [HB] outside window         | open=0
2025-10-03 16:06:52 INFO [HB] outside window         | open=0
2025-10-03 16:06:57 INFO [HB] outside window         | open=0
2025-10-03 16:07:02 INFO [HB] outside window         | open=0
2025-10-03 16:07:07 INFO [HB] outside window         | open=0
2025-10-03 16:07:12 INFO [HB] outside window         | open=0
2025-10-03 16:07:17 INFO [HB] outside window         | open=0
2025-10-03 16:07:22 INFO [HB] outside window         | open=0
2025-10-03 16:07:27 INFO [HB] outside window         | open=0
2025-10-03 16:07:32 INFO [HB] outside window         | open=0
2025-10-03 16:07:37 INFO [HB] outside window         | open=0
2025-10-03 16:07:42 INFO [HB] outside window         | open=0
2025-10-03 16:07:47 INFO [HB] outside window         | open=0
2025-10-03 16:07:52 INFO [HB] outside window         | open=0
2025-10-03 16:07:57 INFO [HB] outside window         | open=0
2025-10-03 16:08:02 INFO [HB] outside window         | open=0
2025-10-03 16:08:07 INFO [HB] outside window         | open=0
2025-10-03 16:08:12 INFO [HB] outside window         | open=0
2025-10-03 16:08:17 INFO [HB] outside window         | open=0
2025-10-03 16:08:22 INFO [HB] outside window         | open=0
2025-10-03 16:08:27 INFO [HB] outside window         | open=0
2025-10-03 16:08:32 INFO [HB] outside window         | open=0
2025-10-03 16:08:37 INFO [HB] outside window         | open=0
2025-10-03 16:08:42 INFO [HB] outside window         | open=0
2025-10-03 16:08:47 INFO [HB] outside window         | open=0
2025-10-03 16:08:52 INFO [HB] outside window         | open=0
2025-10-03 16:08:57 INFO [HB] outside window         | open=0
2025-10-03 16:09:02 INFO [HB] outside window         | open=0
2025-10-03 16:09:05 INFO Warning 2103, reqId -1: Market data farm connection is broken:cashfarm
2025-10-03 16:09:06 INFO Warning 2104, reqId -1: Market data farm connection is OK:cashfarm
2025-10-03 16:09:07 INFO [HB] outside window         | open=0
2025-10-03 16:09:12 INFO [HB] outside window         | open=0
2025-10-03 16:09:17 INFO [HB] outside window         | open=0
2025-10-03 16:09:22 INFO [HB] outside window         | open=0
2025-10-03 16:09:27 INFO [HB] outside window         | open=0
2025-10-03 16:09:32 INFO [HB] outside window         | open=0
2025-10-03 16:09:37 INFO [HB] outside window         | open=0
2025-10-03 16:09:42 INFO [HB] outside window         | open=0
2025-10-03 16:09:47 INFO [HB] outside window         | open=0
2025-10-03 16:09:52 INFO [HB] outside window         | open=0
2025-10-03 16:09:57 INFO [HB] outside window         | open=0
2025-10-03 16:10:02 INFO [HB] outside window         | open=0
2025-10-03 16:10:07 INFO [HB] outside window         | open=0
2025-10-03 16:10:12 INFO [HB] outside window         | open=0
2025-10-03 16:10:17 INFO [HB] outside window         | open=0
2025-10-03 16:10:22 INFO [HB] outside window         | open=0
2025-10-03 16:10:27 INFO [HB] outside window         | open=0
2025-10-03 16:10:32 INFO [HB] outside window         | open=0
2025-10-03 16:10:37 INFO [HB] outside window         | open=0
2025-10-03 16:10:42 INFO [HB] outside window         | open=0
2025-10-03 16:10:47 INFO [HB] outside window         | open=0
2025-10-03 16:10:52 INFO [HB] outside window         | open=0
2025-10-03 16:10:57 INFO [HB] outside window         | open=0
2025-10-03 16:11:02 INFO [HB] outside window         | open=0
2025-10-03 16:11:07 INFO [HB] outside window         | open=0
2025-10-03 16:11:12 INFO [HB] outside window         | open=0
2025-10-03 16:11:18 INFO [HB] outside window         | open=0
2025-10-03 16:11:23 INFO [HB] outside window         | open=0
2025-10-03 16:11:28 INFO [HB] outside window         | open=0
2025-10-03 16:11:33 INFO [HB] outside window         | open=0
2025-10-03 16:11:38 INFO [HB] outside window         | open=0
2025-10-03 16:11:43 INFO [HB] outside window         | open=0
2025-10-03 16:11:48 INFO [HB] outside window         | open=0
2025-10-03 16:11:53 INFO [HB] outside window         | open=0
2025-10-03 16:11:58 INFO [HB] outside window         | open=0
2025-10-03 16:12:03 INFO [HB] outside window         | open=0
2025-10-03 16:12:08 INFO [HB] outside window         | open=0
2025-10-03 16:12:13 INFO [HB] outside window         | open=0
2025-10-03 16:12:18 INFO [HB] outside window         | open=0
2025-10-03 16:12:23 INFO [HB] outside window         | open=0
2025-10-03 16:12:28 INFO [HB] outside window         | open=0
2025-10-03 16:12:33 INFO [HB] outside window         | open=0
2025-10-03 16:12:38 INFO [HB] outside window         | open=0
2025-10-03 16:12:43 INFO [HB] outside window         | open=0
2025-10-03 16:12:48 INFO [HB] outside window         | open=0
2025-10-03 16:12:53 INFO [HB] outside window         | open=0
2025-10-03 16:12:58 INFO [HB] outside window         | open=0
2025-10-03 16:13:03 INFO [HB] outside window         | open=0
2025-10-03 16:13:08 INFO [HB] outside window         | open=0
2025-10-03 16:13:13 INFO [HB] outside window         | open=0
2025-10-03 16:13:18 INFO [HB] outside window         | open=0
2025-10-03 16:13:23 INFO [HB] outside window         | open=0
2025-10-03 16:13:28 INFO [HB] outside window         | open=0
2025-10-03 16:13:33 INFO [HB] outside window         | open=0
2025-10-03 16:13:38 INFO [HB] outside window         | open=0
2025-10-03 16:13:43 INFO [HB] outside window         | open=0
2025-10-03 16:13:48 INFO [HB] outside window         | open=0
2025-10-03 16:13:53 INFO [HB] outside window         | open=0
2025-10-03 16:13:58 INFO [HB] outside window         | open=0
2025-10-03 16:14:03 INFO [HB] outside window         | open=0
2025-10-03 16:14:08 INFO [HB] outside window         | open=0
2025-10-03 16:14:13 INFO [HB] outside window         | open=0
2025-10-03 16:14:18 INFO [HB] outside window         | open=0
2025-10-03 16:14:23 INFO [HB] outside window         | open=0
2025-10-03 16:14:28 INFO [HB] outside window         | open=0
2025-10-03 16:14:33 INFO [HB] outside window         | open=0
2025-10-03 16:14:38 INFO [HB] outside window         | open=0
2025-10-03 16:14:43 INFO [HB] outside window         | open=0
2025-10-03 16:14:48 INFO [HB] outside window         | open=0
2025-10-03 16:14:53 INFO [HB] outside window         | open=0
2025-10-03 16:14:58 INFO [HB] outside window         | open=0
2025-10-03 16:15:00 ERROR Peer closed connection.
