2025-10-10 16:10:21 choose cand=['trend', 'breakout'] probs={"trend": 0.5963865968158175, "breakout": 0.4036134031841825} chosen=trend
2025-10-10 16:10:22 choose cand=['trend', 'breakout'] probs={"trend": 0.6513500124153082, "breakout": 0.3486499875846919} chosen=trend
2025-10-10 16:10:22 choose cand=['trend', 'breakout'] probs={"trend": 0.5979252843298171, "breakout": 0.40207471567018294} chosen=trend
2025-10-10 16:10:23 choose cand=['trend', 'breakout'] probs={"trend": 0.5674629030822812, "breakout": 0.4325370969177188} chosen=trend
2025-10-10 16:10:23 choose cand=['trend', 'breakout'] probs={"trend": 0.6398309621600854, "breakout": 0.36016903783991466} chosen=trend
2025-10-10 16:10:24 choose cand=['trend', 'breakout'] probs={"trend": 0.6258467984841734, "breakout": 0.3741532015158266} chosen=trend
2025-10-10 16:10:24 choose cand=['trend', 'breakout'] probs={"trend": 0.5837096434716904, "breakout": 0.41629035652830965} chosen=trend
2025-10-10 16:10:25 choose cand=['trend', 'breakout'] probs={"trend": 0.6888382429650027, "breakout": 0.31116175703499727} chosen=trend
2025-10-10 16:10:25 choose cand=['trend', 'breakout'] probs={"trend": 0.6518713947505801, "breakout": 0.34812860524941985} chosen=trend
2025-10-10 16:10:26 choose cand=['trend', 'breakout'] probs={"trend": 0.6741356163762386, "breakout": 0.32586438362376136} chosen=trend
2025-10-10 16:10:26 choose cand=['trend', 'breakout'] probs={"trend": 0.5734773388741592, "breakout": 0.4265226611258408} chosen=trend
2025-10-10 16:10:27 choose cand=['trend', 'breakout'] probs={"trend": 0.6493829057050015, "breakout": 0.3506170942949986} chosen=trend
2025-10-10 16:10:27 choose cand=['trend', 'breakout'] probs={"trend": 0.6607481215831295, "breakout": 0.3392518784168706} chosen=trend
2025-10-10 16:10:28 choose cand=['trend', 'breakout'] probs={"trend": 0.670746153012078, "breakout": 0.32925384698792204} chosen=trend
2025-10-10 16:10:28 choose cand=['trend', 'breakout'] probs={"trend": 0.6624663934050684, "breakout": 0.3375336065949316} chosen=trend
2025-10-10 16:10:29 choose cand=['trend', 'breakout'] probs={"trend": 0.692650309415694, "breakout": 0.30734969058430595} chosen=trend
2025-10-10 16:10:29 choose cand=['trend', 'breakout'] probs={"trend": 0.6915170360808447, "breakout": 0.30848296391915536} chosen=trend
2025-10-10 16:10:30 choose cand=['trend', 'breakout'] probs={"trend": 0.5887693653267297, "breakout": 0.41123063467327026} chosen=trend
2025-10-10 16:10:30 choose cand=['trend', 'breakout'] probs={"trend": 0.6807750676472903, "breakout": 0.3192249323527096} chosen=trend
2025-10-10 16:10:31 choose cand=['trend', 'breakout'] probs={"trend": 0.6630362468123556, "breakout": 0.3369637531876444} chosen=trend
2025-10-10 16:11:54 choose cand=['trend', 'breakout'] probs={"trend": 0.6032714716184031, "breakout": 0.3967285283815969} chosen=trend
2025-10-10 19:41:43 arm=breakout R=1.402
2025-10-10 19:44:26 arm=trend R=1.652
2025-10-10 19:46:39 arm=trend R=0.068
2025-10-10 19:49:01 arm=trend R=1.068
2025-10-10 19:51:25 arm=trend R=0.652
2025-10-10 19:54:37 arm=breakout R=1.318
2025-10-10 19:57:10 arm=breakout R=-0.432
2025-10-10 20:05:06 arm=trend R=-0.765
2025-10-10 20:10:33 arm=trend R=0.985
2025-10-10 20:12:26 choose cand=['trend', 'breakout'] probs={"trend": 0.6322293619549675, "breakout": 0.3677706380450324} chosen=trend
2025-10-10 20:17:33 arm=trend R=-1.098
2025-10-10 20:17:33 choose cand=['trend', 'breakout'] probs={"trend": 0.494373229842061, "breakout": 0.5056267701579389} chosen=breakout
2025-10-10 20:20:48 arm=breakout R=-0.932
