2025-10-08 12:37:56 decision arm=breakout
2025-10-08 12:39:25 arm=breakout R=-0.481 pnl=-72.20 count=1 meanR=-0.003
2025-10-08 12:43:31 decision arm=breakout
2025-10-08 14:51:32 decision arm=trend
2025-10-08 14:51:54 decision arm=trend
2025-10-08 14:52:15 decision arm=trend
2025-10-08 14:52:47 decision arm=breakout
2025-10-08 14:53:41 decision arm=trend
2025-10-08 14:54:02 decision arm=trend
2025-10-08 14:54:57 decision arm=breakout
2025-10-08 14:55:51 decision arm=breakout
2025-10-08 14:57:30 decision arm=trend
2025-10-08 14:58:13 decision arm=trend
2025-10-08 14:58:36 decision arm=trend
2025-10-08 14:59:08 decision arm=trend
2025-10-08 14:59:29 decision arm=breakout
2025-10-08 15:00:13 decision arm=breakout
2025-10-08 15:01:19 decision arm=breakout
2025-10-08 15:02:24 decision arm=breakout
2025-10-08 15:07:24 decision arm=trend
2025-10-08 15:15:20 decision arm=trend
2025-10-08 15:17:43 decision arm=breakout
2025-10-08 15:23:38 decision arm=breakout
2025-10-08 15:23:59 decision arm=breakout
2025-10-08 15:24:20 decision arm=breakout
2025-10-08 15:28:13 decision arm=breakout
2025-10-08 15:28:34 decision arm=breakout
2025-10-08 15:28:55 decision arm=breakout
2025-10-08 17:32:38 decision arm=breakout adx=33.83 atrp=0.000030 bbbw=0.000209
2025-10-08 17:35:12 arm=all R=-0.113 pnl=-17.00 count=1 meanR=-0.113
2025-10-08 23:38:10 arm=breakout R=-0.335 dayR=-0.335
2025-10-08 23:53:51 arm=breakout R=-0.287 dayR=-0.622
2025-10-08 23:59:50 arm=breakout R=-0.367 dayR=-0.989
2025-10-09 00:04:16 arm=breakout R=-0.099 dayR=-1.088
2025-10-09 00:18:24 arm=breakout R=-0.066 dayR=-1.154
2025-10-09 00:21:48 arm=breakout R=-0.366 dayR=-1.520
2025-10-09 00:30:51 arm=breakout R=-0.255 dayR=-1.774
2025-10-09 00:42:48 arm=breakout R=-0.305 dayR=-2.079
2025-10-09 01:01:15 arm=breakout R=-0.547 dayR=-2.626
2025-10-09 01:11:10 arm=breakout R=0.011 dayR=-2.615
2025-10-09 01:14:36 arm=breakout R=1.000 dayR=-1.615
2025-10-09 01:19:44 arm=breakout R=-0.305 dayR=-1.920
2025-10-09 03:34:18 arm=breakout R=-0.283 dayR=-0.283
2025-10-09 03:39:25 arm=breakout R=-0.226 dayR=-0.509
2025-10-09 03:47:46 arm=breakout R=-0.396 dayR=-0.906
2025-10-09 04:20:17 arm=breakout R=-0.041 dayR=-0.947
2025-10-09 04:28:22 arm=breakout R=-0.381 dayR=-1.328
2025-10-09 04:31:27 arm=breakout R=-0.285 dayR=-1.612
2025-10-09 04:36:56 arm=breakout R=-0.157 dayR=-1.769
2025-10-09 04:42:22 arm=breakout R=0.009 dayR=-1.760
