2025-10-09 05:00:01 arm=breakout R=0.097 dayR=-1.663
2025-10-09 05:02:15 arm=breakout R=-0.205 dayR=-1.868
2025-10-09 05:05:08 arm=breakout R=-0.239 dayR=-2.107
2025-10-09 05:29:50 choose cand=['trend', 'breakout'] probs={"trend": 0.677122110791792, "breakout": 0.322877889208208} chosen=trend
2025-10-09 05:34:17 arm=trend R=-0.027 dayR=-2.134
2025-10-09 17:00:56 arm=breakout R=-1.000 dayR=-1.000
2025-10-09 17:03:27 arm=breakout R=-1.000 dayR=-2.000
2025-10-09 17:07:02 arm=breakout R=-0.828 dayR=-2.828
2025-10-09 17:09:32 arm=breakout R=1.000 dayR=-1.828
2025-10-09 17:09:32 choose cand=['trend', 'breakout'] probs={"trend": 0.5156016580422388, "breakout": 0.4843983419577613} chosen=trend
2025-10-09 17:10:17 arm=trend R=-1.000 dayR=-2.828
2025-10-09 17:18:08 arm=breakout R=1.000 dayR=-1.828
2025-10-09 17:18:50 arm=breakout R=-1.000 dayR=-2.828
2025-10-09 17:22:04 arm=breakout R=-1.000 dayR=-3.828
2025-10-09 22:04:45 arm=breakout R=1.000 dayR=1.000
2025-10-09 22:04:45 choose cand=['trend', 'breakout'] probs={"trend": 0.4961126611977179, "breakout": 0.5038873388022822} chosen=breakout
2025-10-09 22:06:17 arm=breakout R=-0.437 dayR=0.563
2025-10-09 22:14:59 arm=breakout R=0.191 dayR=0.754
2025-10-09 22:18:54 arm=breakout R=0.171 dayR=0.924
2025-10-09 22:24:12 arm=breakout R=-0.074 dayR=0.850
2025-10-09 22:33:35 arm=breakout R=0.019 dayR=0.869
2025-10-09 22:38:32 arm=breakout R=0.358 dayR=1.227
2025-10-09 22:40:46 arm=breakout R=-0.317 dayR=0.909
2025-10-09 22:44:49 arm=breakout R=-0.141 dayR=0.768
2025-10-09 22:58:28 arm=breakout R=-0.205 dayR=0.564
2025-10-09 23:02:13 arm=breakout R=-0.383 dayR=0.181
2025-10-09 23:06:20 arm=breakout R=-0.151 dayR=0.029
