Error 321, reqId 4867: Error validating request.-'bj' : cause - Group name cannot be null
Error 162, reqId 4870: Historical Market Data Service error message:Trading TWS session is connected from a different IP address, contract: Contract(secType='FUT', conId=495512563, symbol='ES', lastTradeDateOrContractMonth='20251219', multiplier='50', exchange='CME', currency='USD', localSymbol='ESZ5', tradingClass='ES')
Error 420, reqId 4871: Invalid Real-time Query:Trading TWS session is connected from a different IP address, contract: Contract(secType='FUT', conId=495512563, symbol='ES', lastTradeDateOrContractMonth='20251219', multiplier='50', exchange='CME', currency='USD', localSymbol='ESZ5', tradingClass='ES')
Error 420, reqId 4872: Invalid Real-time Query:Trading TWS session is connected from a different IP address, contract: Contract(secType='FUT', conId=495512563, symbol='ES', lastTradeDateOrContractMonth='20251219', multiplier='50', exchange='CME', currency='USD', localSymbol='ESZ5', tradingClass='ES')
Error 420, reqId 4873: Invalid Real-time Query:Trading TWS session is connected from a different IP address, contract: Contract(secType='FUT', conId=495512563, symbol='ES', lastTradeDateOrContractMonth='20251219', multiplier='50', exchange='CME', currency='USD', localSymbol='ESZ5', tradingClass='ES')
Error 420, reqId 4874: Invalid Real-time Query:Trading TWS session is connected from a different IP address, contract: Contract(secType='FUT', conId=495512563, symbol='ES', lastTradeDateOrContractMonth='20251219', multiplier='50', exchange='CME', currency='USD', localSymbol='ESZ5', tradingClass='ES')
Error 420, reqId 4875: Invalid Real-time Query:Trading TWS session is connected from a different IP address, contract: Contract(secType='FUT', conId=495512563, symbol='ES', lastTradeDateOrContractMonth='20251219', multiplier='50', exchange='CME', currency='USD', localSymbol='ESZ5', tradingClass='ES')
Error 420, reqId 4876: Invalid Real-time Query:Trading TWS session is connected from a different IP address, contract: Contract(secType='FUT', conId=495512563, symbol='ES', lastTradeDateOrContractMonth='20251219', multiplier='50', exchange='CME', currency='USD', localSymbol='ESZ5', tradingClass='ES')
Error 420, reqId 4877: Invalid Real-time Query:Trading TWS session is connected from a different IP address, contract: Contract(secType='FUT', conId=495512563, symbol='ES', lastTradeDateOrContractMonth='20251219', multiplier='50', exchange='CME', currency='USD', localSymbol='ESZ5', tradingClass='ES')
Error 420, reqId 4878: Invalid Real-time Query:Trading TWS session is connected from a different IP address, contract: Contract(secType='FUT', conId=495512563, symbol='ES', lastTradeDateOrContractMonth='20251219', multiplier='50', exchange='CME', currency='USD', localSymbol='ESZ5', tradingClass='ES')
Error 420, reqId 4879: Invalid Real-time Query:Trading TWS session is connected from a different IP address, contract: Contract(secType='FUT', conId=495512563, symbol='ES', lastTradeDateOrContractMonth='20251219', multiplier='50', exchange='CME', currency='USD', localSymbol='ESZ5', tradingClass='ES')
Error 420, reqId 4880: Invalid Real-time Query:Trading TWS session is connected from a different IP address, contract: Contract(secType='FUT', conId=495512563, symbol='ES', lastTradeDateOrContractMonth='20251219', multiplier='50', exchange='CME', currency='USD', localSymbol='ESZ5', tradingClass='ES')
Error 420, reqId 4881: Invalid Real-time Query:Trading TWS session is connected from a different IP address, contract: Contract(secType='FUT', conId=495512563, symbol='ES', lastTradeDateOrContractMonth='20251219', multiplier='50', exchange='CME', currency='USD', localSymbol='ESZ5', tradingClass='ES')
Error 420, reqId 4882: Invalid Real-time Query:Trading TWS session is connected from a different IP address, contract: Contract(secType='FUT', conId=495512563, symbol='ES', lastTradeDateOrContractMonth='20251219', multiplier='50', exchange='CME', currency='USD', localSymbol='ESZ5', tradingClass='ES')
Error 420, reqId 4883: Invalid Real-time Query:Trading TWS session is connected from a different IP address, contract: Contract(secType='FUT', conId=495512563, symbol='ES', lastTradeDateOrContractMonth='20251219', multiplier='50', exchange='CME', currency='USD', localSymbol='ESZ5', tradingClass='ES')
Error 420, reqId 4884: Invalid Real-time Query:Trading TWS session is connected from a different IP address, contract: Contract(secType='FUT', conId=495512563, symbol='ES', lastTradeDateOrContractMonth='20251219', multiplier='50', exchange='CME', currency='USD', localSymbol='ESZ5', tradingClass='ES')
Error 420, reqId 4885: Invalid Real-time Query:Trading TWS session is connected from a different IP address, contract: Contract(secType='FUT', conId=495512563, symbol='ES', lastTradeDateOrContractMonth='20251219', multiplier='50', exchange='CME', currency='USD', localSymbol='ESZ5', tradingClass='ES')
Error 420, reqId 4886: Invalid Real-time Query:Trading TWS session is connected from a different IP address, contract: Contract(secType='FUT', conId=495512563, symbol='ES', lastTradeDateOrContractMonth='20251219', multiplier='50', exchange='CME', currency='USD', localSymbol='ESZ5', tradingClass='ES')
Error 420, reqId 4887: Invalid Real-time Query:Trading TWS session is connected from a different IP address, contract: Contract(secType='FUT', conId=495512563, symbol='ES', lastTradeDateOrContractMonth='20251219', multiplier='50', exchange='CME', currency='USD', localSymbol='ESZ5', tradingClass='ES')
Error 420, reqId 4888: Invalid Real-time Query:Trading TWS session is connected from a different IP address, contract: Contract(secType='FUT', conId=495512563, symbol='ES', lastTradeDateOrContractMonth='20251219', multiplier='50', exchange='CME', currency='USD', localSymbol='ESZ5', tradingClass='ES')
Error 420, reqId 4889: Invalid Real-time Query:Trading TWS session is connected from a different IP address, contract: Contract(secType='FUT', conId=495512563, symbol='ES', lastTradeDateOrContractMonth='20251219', multiplier='50', exchange='CME', currency='USD', localSymbol='ESZ5', tradingClass='ES')
Error 420, reqId 4890: Invalid Real-time Query:Trading TWS session is connected from a different IP address, contract: Contract(secType='FUT', conId=495512563, symbol='ES', lastTradeDateOrContractMonth='20251219', multiplier='50', exchange='CME', currency='USD', localSymbol='ESZ5', tradingClass='ES')
Error 420, reqId 4891: Invalid Real-time Query:Trading TWS session is connected from a different IP address, contract: Contract(secType='FUT', conId=495512563, symbol='ES', lastTradeDateOrContractMonth='20251219', multiplier='50', exchange='CME', currency='USD', localSymbol='ESZ5', tradingClass='ES')
Error 420, reqId 4892: Invalid Real-time Query:Trading TWS session is connected from a different IP address, contract: Contract(secType='FUT', conId=495512563, symbol='ES', lastTradeDateOrContractMonth='20251219', multiplier='50', exchange='CME', currency='USD', localSymbol='ESZ5', tradingClass='ES')
Error 420, reqId 4893: Invalid Real-time Query:Trading TWS session is connected from a different IP address, contract: Contract(secType='FUT', conId=495512563, symbol='ES', lastTradeDateOrContractMonth='20251219', multiplier='50', exchange='CME', currency='USD', localSymbol='ESZ5', tradingClass='ES')
Error 420, reqId 4894: Invalid Real-time Query:Trading TWS session is connected from a different IP address, contract: Contract(secType='FUT', conId=495512563, symbol='ES', lastTradeDateOrContractMonth='20251219', multiplier='50', exchange='CME', currency='USD', localSymbol='ESZ5', tradingClass='ES')
Error 420, reqId 4895: Invalid Real-time Query:Trading TWS session is connected from a different IP address, contract: Contract(secType='FUT', conId=495512563, symbol='ES', lastTradeDateOrContractMonth='20251219', multiplier='50', exchange='CME', currency='USD', localSymbol='ESZ5', tradingClass='ES')
Error 420, reqId 4896: Invalid Real-time Query:Trading TWS session is connected from a different IP address, contract: Contract(secType='FUT', conId=495512563, symbol='ES', lastTradeDateOrContractMonth='20251219', multiplier='50', exchange='CME', currency='USD', localSymbol='ESZ5', tradingClass='ES')
Error 420, reqId 4897: Invalid Real-time Query:Trading TWS session is connected from a different IP address, contract: Contract(secType='FUT', conId=495512563, symbol='ES', lastTradeDateOrContractMonth='20251219', multiplier='50', exchange='CME', currency='USD', localSymbol='ESZ5', tradingClass='ES')
Error 420, reqId 4898: Invalid Real-time Query:Trading TWS session is connected from a different IP address, contract: Contract(secType='FUT', conId=495512563, symbol='ES', lastTradeDateOrContractMonth='20251219', multiplier='50', exchange='CME', currency='USD', localSymbol='ESZ5', tradingClass='ES')
Error 420, reqId 4899: Invalid Real-time Query:Trading TWS session is connected from a different IP address, contract: Contract(secType='FUT', conId=495512563, symbol='ES', lastTradeDateOrContractMonth='20251219', multiplier='50', exchange='CME', currency='USD', localSymbol='ESZ5', tradingClass='ES')
Error 420, reqId 4900: Invalid Real-time Query:Trading TWS session is connected from a different IP address, contract: Contract(secType='FUT', conId=495512563, symbol='ES', lastTradeDateOrContractMonth='20251219', multiplier='50', exchange='CME', currency='USD', localSymbol='ESZ5', tradingClass='ES')
Error 420, reqId 4901: Invalid Real-time Query:Trading TWS session is connected from a different IP address, contract: Contract(secType='FUT', conId=495512563, symbol='ES', lastTradeDateOrContractMonth='20251219', multiplier='50', exchange='CME', currency='USD', localSymbol='ESZ5', tradingClass='ES')
Error 420, reqId 4902: Invalid Real-time Query:Trading TWS session is connected from a different IP address, contract: Contract(secType='FUT', conId=495512563, symbol='ES', lastTradeDateOrContractMonth='20251219', multiplier='50', exchange='CME', currency='USD', localSymbol='ESZ5', tradingClass='ES')
Error 420, reqId 4903: Invalid Real-time Query:Trading TWS session is connected from a different IP address, contract: Contract(secType='FUT', conId=495512563, symbol='ES', lastTradeDateOrContractMonth='20251219', multiplier='50', exchange='CME', currency='USD', localSymbol='ESZ5', tradingClass='ES')
Error 420, reqId 4904: Invalid Real-time Query:Trading TWS session is connected from a different IP address, contract: Contract(secType='FUT', conId=495512563, symbol='ES', lastTradeDateOrContractMonth='20251219', multiplier='50', exchange='CME', currency='USD', localSymbol='ESZ5', tradingClass='ES')
Error 420, reqId 4905: Invalid Real-time Query:Trading TWS session is connected from a different IP address, contract: Contract(secType='FUT', conId=495512563, symbol='ES', lastTradeDateOrContractMonth='20251219', multiplier='50', exchange='CME', currency='USD', localSymbol='ESZ5', tradingClass='ES')
Error 420, reqId 4906: Invalid Real-time Query:Trading TWS session is connected from a different IP address, contract: Contract(secType='FUT', conId=495512563, symbol='ES', lastTradeDateOrContractMonth='20251219', multiplier='50', exchange='CME', currency='USD', localSymbol='ESZ5', tradingClass='ES')
Error 420, reqId 4907: Invalid Real-time Query:Trading TWS session is connected from a different IP address, contract: Contract(secType='FUT', conId=495512563, symbol='ES', lastTradeDateOrContractMonth='20251219', multiplier='50', exchange='CME', currency='USD', localSymbol='ESZ5', tradingClass='ES')
Error 420, reqId 4908: Invalid Real-time Query:Trading TWS session is connected from a different IP address, contract: Contract(secType='FUT', conId=495512563, symbol='ES', lastTradeDateOrContractMonth='20251219', multiplier='50', exchange='CME', currency='USD', localSymbol='ESZ5', tradingClass='ES')
Error 420, reqId 4909: Invalid Real-time Query:Trading TWS session is connected from a different IP address, contract: Contract(secType='FUT', conId=495512563, symbol='ES', lastTradeDateOrContractMonth='20251219', multiplier='50', exchange='CME', currency='USD', localSymbol='ESZ5', tradingClass='ES')
Error 420, reqId 4910: Invalid Real-time Query:Trading TWS session is connected from a different IP address, contract: Contract(secType='FUT', conId=495512563, symbol='ES', lastTradeDateOrContractMonth='20251219', multiplier='50', exchange='CME', currency='USD', localSymbol='ESZ5', tradingClass='ES')
Error 420, reqId 4911: Invalid Real-time Query:Trading TWS session is connected from a different IP address, contract: Contract(secType='FUT', conId=495512563, symbol='ES', lastTradeDateOrContractMonth='20251219', multiplier='50', exchange='CME', currency='USD', localSymbol='ESZ5', tradingClass='ES')
Error 420, reqId 4912: Invalid Real-time Query:Trading TWS session is connected from a different IP address, contract: Contract(secType='FUT', conId=495512563, symbol='ES', lastTradeDateOrContractMonth='20251219', multiplier='50', exchange='CME', currency='USD', localSymbol='ESZ5', tradingClass='ES')
Error 420, reqId 4913: Invalid Real-time Query:Trading TWS session is connected from a different IP address, contract: Contract(secType='FUT', conId=495512563, symbol='ES', lastTradeDateOrContractMonth='20251219', multiplier='50', exchange='CME', currency='USD', localSymbol='ESZ5', tradingClass='ES')
Error 420, reqId 4914: Invalid Real-time Query:Trading TWS session is connected from a different IP address, contract: Contract(secType='FUT', conId=495512563, symbol='ES', lastTradeDateOrContractMonth='20251219', multiplier='50', exchange='CME', currency='USD', localSymbol='ESZ5', tradingClass='ES')
Error 420, reqId 4915: Invalid Real-time Query:Trading TWS session is connected from a different IP address, contract: Contract(secType='FUT', conId=495512563, symbol='ES', lastTradeDateOrContractMonth='20251219', multiplier='50', exchange='CME', currency='USD', localSymbol='ESZ5', tradingClass='ES')
Error 420, reqId 4916: Invalid Real-time Query:Trading TWS session is connected from a different IP address, contract: Contract(secType='FUT', conId=495512563, symbol='ES', lastTradeDateOrContractMonth='20251219', multiplier='50', exchange='CME', currency='USD', localSymbol='ESZ5', tradingClass='ES')
Error 420, reqId 4917: Invalid Real-time Query:Trading TWS session is connected from a different IP address, contract: Contract(secType='FUT', conId=495512563, symbol='ES', lastTradeDateOrContractMonth='20251219', multiplier='50', exchange='CME', currency='USD', localSymbol='ESZ5', tradingClass='ES')
Error 420, reqId 4918: Invalid Real-time Query:Trading TWS session is connected from a different IP address, contract: Contract(secType='FUT', conId=495512563, symbol='ES', lastTradeDateOrContractMonth='20251219', multiplier='50', exchange='CME', currency='USD', localSymbol='ESZ5', tradingClass='ES')
Error 420, reqId 4919: Invalid Real-time Query:Trading TWS session is connected from a different IP address, contract: Contract(secType='FUT', conId=495512563, symbol='ES', lastTradeDateOrContractMonth='20251219', multiplier='50', exchange='CME', currency='USD', localSymbol='ESZ5', tradingClass='ES')
Error 420, reqId 4920: Invalid Real-time Query:Trading TWS session is connected from a different IP address, contract: Contract(secType='FUT', conId=495512563, symbol='ES', lastTradeDateOrContractMonth='20251219', multiplier='50', exchange='CME', currency='USD', localSymbol='ESZ5', tradingClass='ES')
Error 420, reqId 4921: Invalid Real-time Query:Trading TWS session is connected from a different IP address, contract: Contract(secType='FUT', conId=495512563, symbol='ES', lastTradeDateOrContractMonth='20251219', multiplier='50', exchange='CME', currency='USD', localSymbol='ESZ5', tradingClass='ES')
Error 420, reqId 4922: Invalid Real-time Query:Trading TWS session is connected from a different IP address, contract: Contract(secType='FUT', conId=495512563, symbol='ES', lastTradeDateOrContractMonth='20251219', multiplier='50', exchange='CME', currency='USD', localSymbol='ESZ5', tradingClass='ES')
Error 420, reqId 4923: Invalid Real-time Query:Trading TWS session is connected from a different IP address, contract: Contract(secType='FUT', conId=495512563, symbol='ES', lastTradeDateOrContractMonth='20251219', multiplier='50', exchange='CME', currency='USD', localSymbol='ESZ5', tradingClass='ES')
Error 420, reqId 4924: Invalid Real-time Query:Trading TWS session is connected from a different IP address, contract: Contract(secType='FUT', conId=495512563, symbol='ES', lastTradeDateOrContractMonth='20251219', multiplier='50', exchange='CME', currency='USD', localSymbol='ESZ5', tradingClass='ES')
Error 420, reqId 4925: Invalid Real-time Query:Trading TWS session is connected from a different IP address, contract: Contract(secType='FUT', conId=495512563, symbol='ES', lastTradeDateOrContractMonth='20251219', multiplier='50', exchange='CME', currency='USD', localSymbol='ESZ5', tradingClass='ES')
Error 420, reqId 4926: Invalid Real-time Query:Trading TWS session is connected from a different IP address, contract: Contract(secType='FUT', conId=495512563, symbol='ES', lastTradeDateOrContractMonth='20251219', multiplier='50', exchange='CME', currency='USD', localSymbol='ESZ5', tradingClass='ES')
Error 420, reqId 4927: Invalid Real-time Query:Trading TWS session is connected from a different IP address, contract: Contract(secType='FUT', conId=495512563, symbol='ES', lastTradeDateOrContractMonth='20251219', multiplier='50', exchange='CME', currency='USD', localSymbol='ESZ5', tradingClass='ES')
Error 420, reqId 4928: Invalid Real-time Query:Trading TWS session is connected from a different IP address, contract: Contract(secType='FUT', conId=495512563, symbol='ES', lastTradeDateOrContractMonth='20251219', multiplier='50', exchange='CME', currency='USD', localSymbol='ESZ5', tradingClass='ES')
Error 420, reqId 4929: Invalid Real-time Query:Trading TWS session is connected from a different IP address, contract: Contract(secType='FUT', conId=495512563, symbol='ES', lastTradeDateOrContractMonth='20251219', multiplier='50', exchange='CME', currency='USD', localSymbol='ESZ5', tradingClass='ES')
Error 420, reqId 4930: Invalid Real-time Query:Trading TWS session is connected from a different IP address, contract: Contract(secType='FUT', conId=495512563, symbol='ES', lastTradeDateOrContractMonth='20251219', multiplier='50', exchange='CME', currency='USD', localSymbol='ESZ5', tradingClass='ES')
Error 420, reqId 4931: Invalid Real-time Query:Trading TWS session is connected from a different IP address, contract: Contract(secType='FUT', conId=495512563, symbol='ES', lastTradeDateOrContractMonth='20251219', multiplier='50', exchange='CME', currency='USD', localSymbol='ESZ5', tradingClass='ES')
Error 420, reqId 4932: Invalid Real-time Query:Trading TWS session is connected from a different IP address, contract: Contract(secType='FUT', conId=495512563, symbol='ES', lastTradeDateOrContractMonth='20251219', multiplier='50', exchange='CME', currency='USD', localSymbol='ESZ5', tradingClass='ES')
Error 420, reqId 4933: Invalid Real-time Query:Trading TWS session is connected from a different IP address, contract: Contract(secType='FUT', conId=495512563, symbol='ES', lastTradeDateOrContractMonth='20251219', multiplier='50', exchange='CME', currency='USD', localSymbol='ESZ5', tradingClass='ES')
Error 420, reqId 4934: Invalid Real-time Query:Trading TWS session is connected from a different IP address, contract: Contract(secType='FUT', conId=495512563, symbol='ES', lastTradeDateOrContractMonth='20251219', multiplier='50', exchange='CME', currency='USD', localSymbol='ESZ5', tradingClass='ES')
Error 420, reqId 4935: Invalid Real-time Query:Trading TWS session is connected from a different IP address, contract: Contract(secType='FUT', conId=495512563, symbol='ES', lastTradeDateOrContractMonth='20251219', multiplier='50', exchange='CME', currency='USD', localSymbol='ESZ5', tradingClass='ES')
Error 420, reqId 4936: Invalid Real-time Query:Trading TWS session is connected from a different IP address, contract: Contract(secType='FUT', conId=495512563, symbol='ES', lastTradeDateOrContractMonth='20251219', multiplier='50', exchange='CME', currency='USD', localSymbol='ESZ5', tradingClass='ES')
Error 420, reqId 4937: Invalid Real-time Query:Trading TWS session is connected from a different IP address, contract: Contract(secType='FUT', conId=495512563, symbol='ES', lastTradeDateOrContractMonth='20251219', multiplier='50', exchange='CME', currency='USD', localSymbol='ESZ5', tradingClass='ES')
Error 420, reqId 4938: Invalid Real-time Query:Trading TWS session is connected from a different IP address, contract: Contract(secType='FUT', conId=495512563, symbol='ES', lastTradeDateOrContractMonth='20251219', multiplier='50', exchange='CME', currency='USD', localSymbol='ESZ5', tradingClass='ES')
Error 420, reqId 4939: Invalid Real-time Query:Trading TWS session is connected from a different IP address, contract: Contract(secType='FUT', conId=495512563, symbol='ES', lastTradeDateOrContractMonth='20251219', multiplier='50', exchange='CME', currency='USD', localSymbol='ESZ5', tradingClass='ES')
Error 420, reqId 4940: Invalid Real-time Query:Trading TWS session is connected from a different IP address, contract: Contract(secType='FUT', conId=495512563, symbol='ES', lastTradeDateOrContractMonth='20251219', multiplier='50', exchange='CME', currency='USD', localSymbol='ESZ5', tradingClass='ES')
Error 420, reqId 4941: Invalid Real-time Query:Trading TWS session is connected from a different IP address, contract: Contract(secType='FUT', conId=495512563, symbol='ES', lastTradeDateOrContractMonth='20251219', multiplier='50', exchange='CME', currency='USD', localSymbol='ESZ5', tradingClass='ES')
Error 420, reqId 4942: Invalid Real-time Query:Trading TWS session is connected from a different IP address, contract: Contract(secType='FUT', conId=495512563, symbol='ES', lastTradeDateOrContractMonth='20251219', multiplier='50', exchange='CME', currency='USD', localSymbol='ESZ5', tradingClass='ES')
Error 420, reqId 4943: Invalid Real-time Query:Trading TWS session is connected from a different IP address, contract: Contract(secType='FUT', conId=495512563, symbol='ES', lastTradeDateOrContractMonth='20251219', multiplier='50', exchange='CME', currency='USD', localSymbol='ESZ5', tradingClass='ES')
Error 420, reqId 4944: Invalid Real-time Query:Trading TWS session is connected from a different IP address, contract: Contract(secType='FUT', conId=495512563, symbol='ES', lastTradeDateOrContractMonth='20251219', multiplier='50', exchange='CME', currency='USD', localSymbol='ESZ5', tradingClass='ES')
Error 420, reqId 4945: Invalid Real-time Query:Trading TWS session is connected from a different IP address, contract: Contract(secType='FUT', conId=495512563, symbol='ES', lastTradeDateOrContractMonth='20251219', multiplier='50', exchange='CME', currency='USD', localSymbol='ESZ5', tradingClass='ES')
Error 420, reqId 4946: Invalid Real-time Query:Trading TWS session is connected from a different IP address, contract: Contract(secType='FUT', conId=495512563, symbol='ES', lastTradeDateOrContractMonth='20251219', multiplier='50', exchange='CME', currency='USD', localSymbol='ESZ5', tradingClass='ES')
Error 420, reqId 4947: Invalid Real-time Query:Trading TWS session is connected from a different IP address, contract: Contract(secType='FUT', conId=495512563, symbol='ES', lastTradeDateOrContractMonth='20251219', multiplier='50', exchange='CME', currency='USD', localSymbol='ESZ5', tradingClass='ES')
Error 420, reqId 4948: Invalid Real-time Query:Trading TWS session is connected from a different IP address, contract: Contract(secType='FUT', conId=495512563, symbol='ES', lastTradeDateOrContractMonth='20251219', multiplier='50', exchange='CME', currency='USD', localSymbol='ESZ5', tradingClass='ES')
Error 420, reqId 4949: Invalid Real-time Query:Trading TWS session is connected from a different IP address, contract: Contract(secType='FUT', conId=495512563, symbol='ES', lastTradeDateOrContractMonth='20251219', multiplier='50', exchange='CME', currency='USD', localSymbol='ESZ5', tradingClass='ES')
C:\Users\owner\Desktop\es_futures_backtester\paper_trader.py:1232: FutureWarning: The behavior of array concatenation with empty entries is deprecated. In a future version, this will no longer exclude empty items when determining the result dtype. To retain the old behavior, exclude the empty entries before the concat operation.
  df = pd.concat([df, row]).sort_index()
C:\Users\owner\Desktop\es_futures_backtester\paper_trader.py:1232: FutureWarning: The behavior of DataFrame concatenation with empty or all-NA entries is deprecated. In a future version, this will no longer exclude empty or all-NA columns when determining the result dtypes. To retain the old behavior, exclude the relevant entries before the concat operation.
  df = pd.concat([df, row]).sort_index()
C:\Users\owner\Desktop\es_futures_backtester\paper_trader.py:502: FutureWarning: Downcasting object dtype arrays on .fillna, .ffill, .bfill is deprecated and will change in a future version. Call result.infer_objects(copy=False) instead. To opt-in to the future behavior, set `pd.set_option('future.no_silent_downcasting', True)`
  vol = df["volume"].replace(0, np.nan).ffill()
C:\Users\owner\Desktop\es_futures_backtester\paper_trader.py:502: FutureWarning: Downcasting object dtype arrays on .fillna, .ffill, .bfill is deprecated and will change in a future version. Call result.infer_objects(copy=False) instead. To opt-in to the future behavior, set `pd.set_option('future.no_silent_downcasting', True)`
  vol = df["volume"].replace(0, np.nan).ffill()
C:\Users\owner\Desktop\es_futures_backtester\paper_trader.py:502: FutureWarning: Downcasting behavior in `replace` is deprecated and will be removed in a future version. To retain the old behavior, explicitly call `result.infer_objects(copy=False)`. To opt-in to the future behavior, set `pd.set_option('future.no_silent_downcasting', True)`
  vol = df["volume"].replace(0, np.nan).ffill()
Peer closed connection.
Traceback (most recent call last):
  File "C:\Users\owner\AppData\Local\Programs\Python\Python313\Lib\site-packages\ib_insync\util.py", line 341, in run
    result = loop.run_until_complete(task)
  File "C:\Users\owner\AppData\Local\Programs\Python\Python313\Lib\site-packages\nest_asyncio.py", line 98, in run_until_complete
    return f.result()
           ~~~~~~~~^^
  File "C:\Users\owner\AppData\Local\Programs\Python\Python313\Lib\asyncio\futures.py", line 194, in result
    raise self._make_cancelled_error()
  File "C:\Users\owner\AppData\Local\Programs\Python\Python313\Lib\asyncio\tasks.py", line 306, in __step_run_and_handle_result
    result = coro.throw(exc)
  File "C:\Users\owner\AppData\Local\Programs\Python\Python313\Lib\asyncio\tasks.py", line 718, in sleep
    return await future
           ^^^^^^^^^^^^
  File "C:\Users\owner\AppData\Local\Programs\Python\Python313\Lib\asyncio\futures.py", line 286, in __await__
    yield self  # This tells Task to wait for completion.
    ^^^^^^^^^^
  File "C:\Users\owner\AppData\Local\Programs\Python\Python313\Lib\asyncio\tasks.py", line 375, in __wakeup
    future.result()
    ~~~~~~~~~~~~~^^
  File "C:\Users\owner\AppData\Local\Programs\Python\Python313\Lib\asyncio\futures.py", line 194, in result
    raise self._make_cancelled_error()
asyncio.exceptions.CancelledError

During handling of the above exception, another exception occurred:

Traceback (most recent call last):
  File "C:\Users\owner\Desktop\es_futures_backtester\paper_trader.py", line 1672, in <module>
    main()
    ~~~~^^
  File "C:\Users\owner\Desktop\es_futures_backtester\paper_trader.py", line 1212, in main
    ib.sleep(1.0)
    ~~~~~~~~^^^^^
  File "C:\Users\owner\AppData\Local\Programs\Python\Python313\Lib\site-packages\ib_insync\util.py", line 386, in sleep
    run(asyncio.sleep(secs))
    ~~~^^^^^^^^^^^^^^^^^^^^^
  File "C:\Users\owner\AppData\Local\Programs\Python\Python313\Lib\site-packages\ib_insync\util.py", line 343, in run
    raise globalErrorEvent.value() or e
ConnectionError: Socket disconnect
