C:\Users\owner\Desktop\es_futures_backtester\paper_trader.py:17: SyntaxWarning: invalid escape sequence '\s'
  PowerShell -NoProfile -ExecutionPolicy Bypass -File .\start_watchdog.ps1
usage: paper_trader.py [-h] [--host HOST] [--port PORT] [--clientId CLIENTID]
                       [--connect-timeout-sec CONNECT_TIMEOUT_SEC]
                       [--timeout-sec TIMEOUT_SEC] [--symbol SYMBOL]
                       [--auto-front-month] [--tick-size TICK_SIZE]
                       [--place-orders] [--qty QTY] [--tif {DAY,GTC}]
                       [--outsideRth]
                       [--entry-slippage-ticks ENTRY_SLIPPAGE_TICKS]
                       [--risk-ticks RISK_TICKS] [--tp-R TP_R]
                       [--trade-start-ct TRADE_START_CT]
                       [--trade-end-ct TRADE_END_CT]
                       [--day-loss-cap-R DAY_LOSS_CAP_R]
                       [--max-trades-per-day MAX_TRADES_PER_DAY]
                       [--strategy-cooldown-sec STRATEGY_COOLDOWN_SEC]
                       [--gate-adx GATE_ADX] [--gate-bbbw GATE_BBBW]
                       [--gate-atrp GATE_ATRP] [--enable-arms ENABLE_ARMS]
                       [--chooser CHOOSER] [--bandit BANDIT]
                       [--bandit-state BANDIT_STATE]
                       [--bandit-epsilon BANDIT_EPSILON] [--learn-log]
                       [--learn-log-dir LEARN_LOG_DIR]
                       [--shadow-learn-after-cap] [--duration DURATION]
                       [--durationStr DURATION_COMPAT] [--barSize BARSIZE]
                       [--debounce-one-bar] [--require-new-bar-after-start]
                       [--startup-delay-sec STARTUP_DELAY_SEC] [-v]
paper_trader.py: error: unrecognized arguments: --atomic-bracket --min-hold-sec 60 --breakeven-after-R 2.2 --trail-atr-mult 3.2 --trail-delay-sec 240 --trail-on-bar-close
