[WD-HB] 2025-09-24 14:22:48 up=0:00:03 sinceHB=n/a | OT=? arm=? gate=? eps=? R=? N=? stall=? | ADX=? BBbw=? ATR%=? ESZ5 cid=
[WD-HB] 2025-09-24 14:22:51 up=0:00:06 sinceHB=n/a | OT=? arm=? gate=? eps=? R=? N=? stall=? | ADX=? BBbw=? ATR%=? ESZ5 cid=
[INFO] 2025-09-24 14:22:52 Enabled arms: trend,breakout,reversion,vwap
[INFO] 2025-09-24 14:22:52 Loaded chooser state from .\models\linucb_es.json
[INFO] 2025-09-24 14:22:52 [PING 1] clientId=19 connected: False
[INFO] 2025-09-24 14:22:53 Connected 127.0.0.1:7497 clientId=19 | Market data type: LIVE
[INFO] 2025-09-24 14:22:53 Using contract: ESZ5  (conId=495512563)
[INFO] 2025-09-24 14:22:53 [WARMUP] Fetching 5d of 1m bars...
[WARN] 2025-09-24 14:22:53 No warmup data returned.
[REGIME] ADX=0.0  BBbw=0.0000  ATR%=0.000000  (ok=False)
[INFO] 2025-09-24 14:22:54 [SNAPSHOT] Wrote logs\chooser_snapshots\linucb_es_20250924_20250924_142254.json
[INFO] 2025-09-24 14:22:54 [RESET] Soft daily reset: clearing day counters (learning kept).
[INFO] 2025-09-24 14:22:54 [ARMS] trend: EN n=1, avgR=+0.050, mu=+0.023, ucb=+0.616 | breakout: EN n=0, avgR=+0.000, mu=+0.000, ucb=+0.600 | reversion: EN n=8, avgR=-0.046, mu=-0.056, ucb=+0.447 | vwap: EN n=0, avgR=+0.000, mu=+0.000, ucb=+0.600
[HB] 2025-09-24 14:22:54 CT OpenTrades=0 | ChooserArm=trend | Gate=no | eps=0.020 | dayR=0.00 | dayN=0 | stall=no
[WD-HB] 2025-09-24 14:22:54 up=0:00:09 sinceHB=0s | OT=0 arm=trend gate=no eps=0.020 R=0.00 N=0 stall=no | ADX=0.0 BBbw=0.0000 ATR%=0.000000 ESZ5 cid=495512563
[HB] 2025-09-24 14:22:55 CT OpenTrades=0 | ChooserArm=trend | Gate=no | eps=0.020 | dayR=0.00 | dayN=0 | stall=no
[HB] 2025-09-24 14:22:56 CT OpenTrades=0 | ChooserArm=trend | Gate=no | eps=0.020 | dayR=0.00 | dayN=0 | stall=no
[HB] 2025-09-24 14:22:57 CT OpenTrades=0 | ChooserArm=trend | Gate=no | eps=0.020 | dayR=0.00 | dayN=0 | stall=no
[WD-HB] 2025-09-24 14:22:57 up=0:00:12 sinceHB=0s | OT=0 arm=trend gate=no eps=0.020 R=0.00 N=0 stall=no | ADX=0.0 BBbw=0.0000 ATR%=0.000000 ESZ5 cid=495512563
[HB] 2025-09-24 14:22:58 CT OpenTrades=0 | ChooserArm=trend | Gate=no | eps=0.020 | dayR=0.00 | dayN=0 | stall=no
[HB] 2025-09-24 14:22:59 CT OpenTrades=0 | ChooserArm=trend | Gate=no | eps=0.020 | dayR=0.00 | dayN=0 | stall=no
[HB] 2025-09-24 14:23:00 CT OpenTrades=0 | ChooserArm=trend | Gate=no | eps=0.020 | dayR=0.00 | dayN=0 | stall=no
[INFO] 2025-09-24 14:23:00 Saved chooser state to .\models\linucb_es.json
[INFO] 2025-09-24 14:23:00 [SNAPSHOT] Wrote logs\chooser_snapshots\linucb_es_20250924_20250924_142300.json
[WD-HB] 2025-09-24 14:23:00 up=0:00:15 sinceHB=0s | OT=0 arm=trend gate=no eps=0.020 R=0.00 N=0 stall=no | ADX=0.0 BBbw=0.0000 ATR%=0.000000 ESZ5 cid=495512563
[HB] 2025-09-24 14:23:01 CT OpenTrades=0 | ChooserArm=trend | Gate=no | eps=0.020 | dayR=0.00 | dayN=0 | stall=no
[HB] 2025-09-24 14:23:02 CT OpenTrades=0 | ChooserArm=trend | Gate=no | eps=0.020 | dayR=0.00 | dayN=0 | stall=no
[HB] 2025-09-24 14:23:03 CT OpenTrades=0 | ChooserArm=trend | Gate=no | eps=0.020 | dayR=0.00 | dayN=0 | stall=no
[WD-HB] 2025-09-24 14:23:03 up=0:00:18 sinceHB=0s | OT=0 arm=trend gate=no eps=0.020 R=0.00 N=0 stall=no | ADX=0.0 BBbw=0.0000 ATR%=0.000000 ESZ5 cid=495512563
[HB] 2025-09-24 14:23:04 CT OpenTrades=0 | ChooserArm=breakout | Gate=no | eps=0.020 | dayR=0.00 | dayN=0 | stall=no
[HB] 2025-09-24 14:23:05 CT OpenTrades=0 | ChooserArm=trend | Gate=no | eps=0.020 | dayR=0.00 | dayN=0 | stall=no
[HB] 2025-09-24 14:23:06 CT OpenTrades=0 | ChooserArm=trend | Gate=no | eps=0.020 | dayR=0.00 | dayN=0 | stall=no
[WD-HB] 2025-09-24 14:23:06 up=0:00:21 sinceHB=0s | OT=0 arm=trend gate=no eps=0.020 R=0.00 N=0 stall=no | ADX=0.0 BBbw=0.0000 ATR%=0.000000 ESZ5 cid=495512563
[HB] 2025-09-24 14:23:07 CT OpenTrades=0 | ChooserArm=trend | Gate=no | eps=0.020 | dayR=0.00 | dayN=0 | stall=no
[HB] 2025-09-24 14:23:08 CT OpenTrades=0 | ChooserArm=trend | Gate=no | eps=0.020 | dayR=0.00 | dayN=0 | stall=no
[REGIME] ADX=0.0  BBbw=0.0000  ATR%=0.000000  (ok=False)
[HB] 2025-09-24 14:23:09 CT OpenTrades=0 | ChooserArm=trend | Gate=no | eps=0.020 | dayR=0.00 | dayN=0 | stall=no
[WD-HB] 2025-09-24 14:23:09 up=0:00:24 sinceHB=0s | OT=0 arm=trend gate=no eps=0.020 R=0.00 N=0 stall=no | ADX=0.0 BBbw=0.0000 ATR%=0.000000 ESZ5 cid=495512563
[HB] 2025-09-24 14:23:10 CT OpenTrades=0 | ChooserArm=trend | Gate=no | eps=0.020 | dayR=0.00 | dayN=0 | stall=no
[HB] 2025-09-24 14:23:11 CT OpenTrades=0 | ChooserArm=trend | Gate=no | eps=0.020 | dayR=0.00 | dayN=0 | stall=no
[HB] 2025-09-24 14:23:12 CT OpenTrades=0 | ChooserArm=trend | Gate=no | eps=0.020 | dayR=0.00 | dayN=0 | stall=no
[WD-HB] 2025-09-24 14:23:12 up=0:00:27 sinceHB=0s | OT=0 arm=trend gate=no eps=0.020 R=0.00 N=0 stall=no | ADX=0.0 BBbw=0.0000 ATR%=0.000000 ESZ5 cid=495512563
[HB] 2025-09-24 14:23:13 CT OpenTrades=0 | ChooserArm=trend | Gate=no | eps=0.020 | dayR=0.00 | dayN=0 | stall=no
[HB] 2025-09-24 14:23:14 CT OpenTrades=0 | ChooserArm=trend | Gate=no | eps=0.020 | dayR=0.00 | dayN=0 | stall=no
[HB] 2025-09-24 14:23:15 CT OpenTrades=0 | ChooserArm=trend | Gate=no | eps=0.020 | dayR=0.00 | dayN=0 | stall=no
[WD-HB] 2025-09-24 14:23:15 up=0:00:30 sinceHB=0s | OT=0 arm=trend gate=no eps=0.020 R=0.00 N=0 stall=no | ADX=0.0 BBbw=0.0000 ATR%=0.000000 ESZ5 cid=495512563
[HB] 2025-09-24 14:23:16 CT OpenTrades=0 | ChooserArm=trend | Gate=no | eps=0.020 | dayR=0.00 | dayN=0 | stall=no
[HB] 2025-09-24 14:23:17 CT OpenTrades=0 | ChooserArm=trend | Gate=no | eps=0.020 | dayR=0.00 | dayN=0 | stall=no
[HB] 2025-09-24 14:23:18 CT OpenTrades=0 | ChooserArm=trend | Gate=no | eps=0.020 | dayR=0.00 | dayN=0 | stall=no
[WD-HB] 2025-09-24 14:23:18 up=0:00:33 sinceHB=0s | OT=0 arm=trend gate=no eps=0.020 R=0.00 N=0 stall=no | ADX=0.0 BBbw=0.0000 ATR%=0.000000 ESZ5 cid=495512563
[HB] 2025-09-24 14:23:19 CT OpenTrades=0 | ChooserArm=trend | Gate=no | eps=0.020 | dayR=0.00 | dayN=0 | stall=no
[HB] 2025-09-24 14:23:20 CT OpenTrades=0 | ChooserArm=trend | Gate=no | eps=0.020 | dayR=0.00 | dayN=0 | stall=no
[HB] 2025-09-24 14:23:21 CT OpenTrades=0 | ChooserArm=trend | Gate=no | eps=0.020 | dayR=0.00 | dayN=0 | stall=no
[WD-HB] 2025-09-24 14:23:21 up=0:00:36 sinceHB=0s | OT=0 arm=trend gate=no eps=0.020 R=0.00 N=0 stall=no | ADX=0.0 BBbw=0.0000 ATR%=0.000000 ESZ5 cid=495512563
[HB] 2025-09-24 14:23:22 CT OpenTrades=0 | ChooserArm=trend | Gate=no | eps=0.020 | dayR=0.00 | dayN=0 | stall=no
[WARN] 2025-09-24 14:23:23 [HEALTH] Data stall > 30s — pausing entries & refreshing bars.
[HB] 2025-09-24 14:23:23 CT OpenTrades=0 | ChooserArm=trend | Gate=no | eps=0.020 | dayR=0.00 | dayN=0 | stall=yes
[REGIME] ADX=0.0  BBbw=0.0000  ATR%=0.000000  (ok=False)
[HB] 2025-09-24 14:23:24 CT OpenTrades=0 | ChooserArm=trend | Gate=no | eps=0.020 | dayR=0.00 | dayN=0 | stall=yes
[WD-HB] 2025-09-24 14:23:24 up=0:00:39 sinceHB=0s | OT=0 arm=trend gate=no eps=0.020 R=0.00 N=0 stall=yes | ADX=0.0 BBbw=0.0000 ATR%=0.000000 ESZ5 cid=495512563
[HB] 2025-09-24 14:23:25 CT OpenTrades=0 | ChooserArm=trend | Gate=no | eps=0.020 | dayR=0.00 | dayN=0 | stall=yes
[HB] 2025-09-24 14:23:26 CT OpenTrades=0 | ChooserArm=trend | Gate=no | eps=0.020 | dayR=0.00 | dayN=0 | stall=yes
[HB] 2025-09-24 14:23:27 CT OpenTrades=0 | ChooserArm=trend | Gate=no | eps=0.020 | dayR=0.00 | dayN=0 | stall=yes
[WD-HB] 2025-09-24 14:23:27 up=0:00:42 sinceHB=0s | OT=0 arm=trend gate=no eps=0.020 R=0.00 N=0 stall=yes | ADX=0.0 BBbw=0.0000 ATR%=0.000000 ESZ5 cid=495512563
[HB] 2025-09-24 14:23:28 CT OpenTrades=0 | ChooserArm=trend | Gate=no | eps=0.020 | dayR=0.00 | dayN=0 | stall=yes
[HB] 2025-09-24 14:23:29 CT OpenTrades=0 | ChooserArm=trend | Gate=no | eps=0.020 | dayR=0.00 | dayN=0 | stall=yes
[HB] 2025-09-24 14:23:30 CT OpenTrades=0 | ChooserArm=trend | Gate=no | eps=0.020 | dayR=0.00 | dayN=0 | stall=yes
[WD-HB] 2025-09-24 14:23:30 up=0:00:45 sinceHB=0s | OT=0 arm=trend gate=no eps=0.020 R=0.00 N=0 stall=yes | ADX=0.0 BBbw=0.0000 ATR%=0.000000 ESZ5 cid=495512563
[HB] 2025-09-24 14:23:31 CT OpenTrades=0 | ChooserArm=trend | Gate=no | eps=0.020 | dayR=0.00 | dayN=0 | stall=yes
[HB] 2025-09-24 14:23:32 CT OpenTrades=0 | ChooserArm=trend | Gate=no | eps=0.020 | dayR=0.00 | dayN=0 | stall=yes
[HB] 2025-09-24 14:23:33 CT OpenTrades=0 | ChooserArm=trend | Gate=no | eps=0.020 | dayR=0.00 | dayN=0 | stall=yes
[WD-HB] 2025-09-24 14:23:33 up=0:00:48 sinceHB=0s | OT=0 arm=trend gate=no eps=0.020 R=0.00 N=0 stall=yes | ADX=0.0 BBbw=0.0000 ATR%=0.000000 ESZ5 cid=495512563
[HB] 2025-09-24 14:23:34 CT OpenTrades=0 | ChooserArm=trend | Gate=no | eps=0.020 | dayR=0.00 | dayN=0 | stall=yes
[HB] 2025-09-24 14:23:35 CT OpenTrades=0 | ChooserArm=trend | Gate=no | eps=0.020 | dayR=0.00 | dayN=0 | stall=yes
[HB] 2025-09-24 14:23:36 CT OpenTrades=0 | ChooserArm=trend | Gate=no | eps=0.020 | dayR=0.00 | dayN=0 | stall=yes
[WD-HB] 2025-09-24 14:23:36 up=0:00:51 sinceHB=0s | OT=0 arm=trend gate=no eps=0.020 R=0.00 N=0 stall=yes | ADX=0.0 BBbw=0.0000 ATR%=0.000000 ESZ5 cid=495512563
[HB] 2025-09-24 14:23:37 CT OpenTrades=0 | ChooserArm=trend | Gate=no | eps=0.020 | dayR=0.00 | dayN=0 | stall=yes
[HB] 2025-09-24 14:23:38 CT OpenTrades=0 | ChooserArm=trend | Gate=no | eps=0.020 | dayR=0.00 | dayN=0 | stall=yes
[REGIME] ADX=0.0  BBbw=0.0000  ATR%=0.000000  (ok=False)
[HB] 2025-09-24 14:23:39 CT OpenTrades=0 | ChooserArm=trend | Gate=no | eps=0.020 | dayR=0.00 | dayN=0 | stall=yes
[WD-HB] 2025-09-24 14:23:39 up=0:00:54 sinceHB=0s | OT=0 arm=trend gate=no eps=0.020 R=0.00 N=0 stall=yes | ADX=0.0 BBbw=0.0000 ATR%=0.000000 ESZ5 cid=495512563
[HB] 2025-09-24 14:23:40 CT OpenTrades=0 | ChooserArm=trend | Gate=no | eps=0.020 | dayR=0.00 | dayN=0 | stall=yes
[HB] 2025-09-24 14:23:41 CT OpenTrades=0 | ChooserArm=trend | Gate=no | eps=0.020 | dayR=0.00 | dayN=0 | stall=yes
[HB] 2025-09-24 14:23:42 CT OpenTrades=0 | ChooserArm=trend | Gate=no | eps=0.020 | dayR=0.00 | dayN=0 | stall=yes
[WD-HB] 2025-09-24 14:23:42 up=0:00:57 sinceHB=0s | OT=0 arm=trend gate=no eps=0.020 R=0.00 N=0 stall=yes | ADX=0.0 BBbw=0.0000 ATR%=0.000000 ESZ5 cid=495512563
[HB] 2025-09-24 14:23:43 CT OpenTrades=0 | ChooserArm=trend | Gate=no | eps=0.020 | dayR=0.00 | dayN=0 | stall=yes
[HB] 2025-09-24 14:23:44 CT OpenTrades=0 | ChooserArm=trend | Gate=no | eps=0.020 | dayR=0.00 | dayN=0 | stall=yes
[WD-HB] 2025-09-24 14:23:45 up=0:01:00 sinceHB=0s | OT=0 arm=trend gate=no eps=0.020 R=0.00 N=0 stall=yes | ADX=0.0 BBbw=0.0000 ATR%=0.000000 ESZ5 cid=495512563
[HB] 2025-09-24 14:23:45 CT OpenTrades=0 | ChooserArm=trend | Gate=no | eps=0.020 | dayR=0.00 | dayN=0 | stall=yes
[HB] 2025-09-24 14:23:46 CT OpenTrades=0 | ChooserArm=trend | Gate=no | eps=0.020 | dayR=0.00 | dayN=0 | stall=yes
[HB] 2025-09-24 14:23:47 CT OpenTrades=0 | ChooserArm=trend | Gate=no | eps=0.020 | dayR=0.00 | dayN=0 | stall=yes
[WD-HB] 2025-09-24 14:23:48 up=0:01:03 sinceHB=0s | OT=0 arm=trend gate=no eps=0.020 R=0.00 N=0 stall=yes | ADX=0.0 BBbw=0.0000 ATR%=0.000000 ESZ5 cid=495512563
[HB] 2025-09-24 14:23:48 CT OpenTrades=0 | ChooserArm=trend | Gate=no | eps=0.020 | dayR=0.00 | dayN=0 | stall=yes
[HB] 2025-09-24 14:23:49 CT OpenTrades=0 | ChooserArm=trend | Gate=no | eps=0.020 | dayR=0.00 | dayN=0 | stall=yes
[HB] 2025-09-24 14:23:50 CT OpenTrades=0 | ChooserArm=trend | Gate=no | eps=0.020 | dayR=0.00 | dayN=0 | stall=yes
[WD-HB] 2025-09-24 14:23:51 up=0:01:06 sinceHB=0s | OT=0 arm=trend gate=no eps=0.020 R=0.00 N=0 stall=yes | ADX=0.0 BBbw=0.0000 ATR%=0.000000 ESZ5 cid=495512563
[HB] 2025-09-24 14:23:51 CT OpenTrades=0 | ChooserArm=trend | Gate=no | eps=0.020 | dayR=0.00 | dayN=0 | stall=yes
[HB] 2025-09-24 14:23:52 CT OpenTrades=0 | ChooserArm=trend | Gate=no | eps=0.020 | dayR=0.00 | dayN=0 | stall=yes
[HB] 2025-09-24 14:23:53 CT OpenTrades=0 | ChooserArm=trend | Gate=no | eps=0.020 | dayR=0.00 | dayN=0 | stall=yes
[WD-HB] 2025-09-24 14:23:54 up=0:01:09 sinceHB=0s | OT=0 arm=trend gate=no eps=0.020 R=0.00 N=0 stall=yes | ADX=0.0 BBbw=0.0000 ATR%=0.000000 ESZ5 cid=495512563
[REGIME] ADX=0.0  BBbw=0.0000  ATR%=0.000000  (ok=False)
[INFO] 2025-09-24 14:23:54 [ARMS] trend: EN n=1, avgR=+0.050, mu=+0.023, ucb=+0.616 | breakout: EN n=0, avgR=+0.000, mu=+0.000, ucb=+0.600 | reversion: EN n=8, avgR=-0.046, mu=-0.056, ucb=+0.447 | vwap: EN n=0, avgR=+0.000, mu=+0.000, ucb=+0.600
[HB] 2025-09-24 14:23:54 CT OpenTrades=0 | ChooserArm=trend | Gate=no | eps=0.020 | dayR=0.00 | dayN=0 | stall=yes
[HB] 2025-09-24 14:23:55 CT OpenTrades=0 | ChooserArm=trend | Gate=no | eps=0.020 | dayR=0.00 | dayN=0 | stall=yes
[HB] 2025-09-24 14:23:56 CT OpenTrades=0 | ChooserArm=trend | Gate=no | eps=0.020 | dayR=0.00 | dayN=0 | stall=yes
[WD-HB] 2025-09-24 14:23:57 up=0:01:12 sinceHB=0s | OT=0 arm=trend gate=no eps=0.020 R=0.00 N=0 stall=yes | ADX=0.0 BBbw=0.0000 ATR%=0.000000 ESZ5 cid=495512563
[HB] 2025-09-24 14:23:57 CT OpenTrades=0 | ChooserArm=trend | Gate=no | eps=0.020 | dayR=0.00 | dayN=0 | stall=yes
[HB] 2025-09-24 14:23:58 CT OpenTrades=0 | ChooserArm=trend | Gate=no | eps=0.020 | dayR=0.00 | dayN=0 | stall=yes
[HB] 2025-09-24 14:23:59 CT OpenTrades=0 | ChooserArm=trend | Gate=no | eps=0.020 | dayR=0.00 | dayN=0 | stall=yes
[WD-HB] 2025-09-24 14:24:00 up=0:01:15 sinceHB=0s | OT=0 arm=trend gate=no eps=0.020 R=0.00 N=0 stall=yes | ADX=0.0 BBbw=0.0000 ATR%=0.000000 ESZ5 cid=495512563
[HB] 2025-09-24 14:24:00 CT OpenTrades=0 | ChooserArm=trend | Gate=no | eps=0.020 | dayR=0.00 | dayN=0 | stall=yes
[INFO] 2025-09-24 14:24:00 Saved chooser state to .\models\linucb_es.json
[INFO] 2025-09-24 14:24:00 [SNAPSHOT] Wrote logs\chooser_snapshots\linucb_es_20250924_20250924_142400.json
[HB] 2025-09-24 14:24:01 CT OpenTrades=0 | ChooserArm=trend | Gate=no | eps=0.020 | dayR=0.00 | dayN=0 | stall=yes
[HB] 2025-09-24 14:24:02 CT OpenTrades=0 | ChooserArm=trend | Gate=no | eps=0.020 | dayR=0.00 | dayN=0 | stall=yes
[WD-HB] 2025-09-24 14:24:03 up=0:01:18 sinceHB=0s | OT=0 arm=trend gate=no eps=0.020 R=0.00 N=0 stall=yes | ADX=0.0 BBbw=0.0000 ATR%=0.000000 ESZ5 cid=495512563
[HB] 2025-09-24 14:24:03 CT OpenTrades=0 | ChooserArm=trend | Gate=no | eps=0.020 | dayR=0.00 | dayN=0 | stall=yes
[HB] 2025-09-24 14:24:04 CT OpenTrades=0 | ChooserArm=trend | Gate=no | eps=0.020 | dayR=0.00 | dayN=0 | stall=yes
[HB] 2025-09-24 14:24:05 CT OpenTrades=0 | ChooserArm=trend | Gate=no | eps=0.020 | dayR=0.00 | dayN=0 | stall=yes
[WD-HB] 2025-09-24 14:24:06 up=0:01:21 sinceHB=0s | OT=0 arm=trend gate=no eps=0.020 R=0.00 N=0 stall=yes | ADX=0.0 BBbw=0.0000 ATR%=0.000000 ESZ5 cid=495512563
[HB] 2025-09-24 14:24:06 CT OpenTrades=0 | ChooserArm=trend | Gate=no | eps=0.020 | dayR=0.00 | dayN=0 | stall=yes
[HB] 2025-09-24 14:24:07 CT OpenTrades=0 | ChooserArm=trend | Gate=no | eps=0.020 | dayR=0.00 | dayN=0 | stall=yes
[HB] 2025-09-24 14:24:08 CT OpenTrades=0 | ChooserArm=trend | Gate=no | eps=0.020 | dayR=0.00 | dayN=0 | stall=yes
[WD-HB] 2025-09-24 14:24:09 up=0:01:24 sinceHB=0s | OT=0 arm=trend gate=no eps=0.020 R=0.00 N=0 stall=yes | ADX=0.0 BBbw=0.0000 ATR%=0.000000 ESZ5 cid=495512563
[REGIME] ADX=0.0  BBbw=0.0000  ATR%=0.000000  (ok=False)
[HB] 2025-09-24 14:24:09 CT OpenTrades=0 | ChooserArm=trend | Gate=no | eps=0.020 | dayR=0.00 | dayN=0 | stall=yes
[HB] 2025-09-24 14:24:10 CT OpenTrades=0 | ChooserArm=trend | Gate=no | eps=0.020 | dayR=0.00 | dayN=0 | stall=yes
[HB] 2025-09-24 14:24:11 CT OpenTrades=0 | ChooserArm=trend | Gate=no | eps=0.020 | dayR=0.00 | dayN=0 | stall=yes
[WD-HB] 2025-09-24 14:24:12 up=0:01:27 sinceHB=0s | OT=0 arm=trend gate=no eps=0.020 R=0.00 N=0 stall=yes | ADX=0.0 BBbw=0.0000 ATR%=0.000000 ESZ5 cid=495512563
[HB] 2025-09-24 14:24:12 CT OpenTrades=0 | ChooserArm=trend | Gate=no | eps=0.020 | dayR=0.00 | dayN=0 | stall=yes
[HB] 2025-09-24 14:24:13 CT OpenTrades=0 | ChooserArm=trend | Gate=no | eps=0.020 | dayR=0.00 | dayN=0 | stall=yes
[HB] 2025-09-24 14:24:15 CT OpenTrades=0 | ChooserArm=trend | Gate=no | eps=0.020 | dayR=0.00 | dayN=0 | stall=yes
[WD-HB] 2025-09-24 14:24:15 up=0:01:30 sinceHB=0s | OT=0 arm=trend gate=no eps=0.020 R=0.00 N=0 stall=yes | ADX=0.0 BBbw=0.0000 ATR%=0.000000 ESZ5 cid=495512563
[HB] 2025-09-24 14:24:16 CT OpenTrades=0 | ChooserArm=trend | Gate=no | eps=0.020 | dayR=0.00 | dayN=0 | stall=yes
[HB] 2025-09-24 14:24:17 CT OpenTrades=0 | ChooserArm=trend | Gate=no | eps=0.020 | dayR=0.00 | dayN=0 | stall=yes
[HB] 2025-09-24 14:24:18 CT OpenTrades=0 | ChooserArm=trend | Gate=no | eps=0.020 | dayR=0.00 | dayN=0 | stall=yes
[WD-HB] 2025-09-24 14:24:18 up=0:01:33 sinceHB=0s | OT=0 arm=trend gate=no eps=0.020 R=0.00 N=0 stall=yes | ADX=0.0 BBbw=0.0000 ATR%=0.000000 ESZ5 cid=495512563
[HB] 2025-09-24 14:24:19 CT OpenTrades=0 | ChooserArm=trend | Gate=no | eps=0.020 | dayR=0.00 | dayN=0 | stall=yes
[HB] 2025-09-24 14:24:20 CT OpenTrades=0 | ChooserArm=trend | Gate=no | eps=0.020 | dayR=0.00 | dayN=0 | stall=yes
[HB] 2025-09-24 14:24:21 CT OpenTrades=0 | ChooserArm=trend | Gate=no | eps=0.020 | dayR=0.00 | dayN=0 | stall=yes
[WD-HB] 2025-09-24 14:24:21 up=0:01:36 sinceHB=0s | OT=0 arm=trend gate=no eps=0.020 R=0.00 N=0 stall=yes | ADX=0.0 BBbw=0.0000 ATR%=0.000000 ESZ5 cid=495512563
[HB] 2025-09-24 14:24:22 CT OpenTrades=0 | ChooserArm=trend | Gate=no | eps=0.020 | dayR=0.00 | dayN=0 | stall=yes
[HB] 2025-09-24 14:24:23 CT OpenTrades=0 | ChooserArm=trend | Gate=no | eps=0.020 | dayR=0.00 | dayN=0 | stall=yes
[HB] 2025-09-24 14:24:24 CT OpenTrades=0 | ChooserArm=trend | Gate=no | eps=0.020 | dayR=0.00 | dayN=0 | stall=yes
[WD-HB] 2025-09-24 14:24:24 up=0:01:39 sinceHB=0s | OT=0 arm=trend gate=no eps=0.020 R=0.00 N=0 stall=yes | ADX=0.0 BBbw=0.0000 ATR%=0.000000 ESZ5 cid=495512563
[REGIME] ADX=0.0  BBbw=0.0000  ATR%=0.000000  (ok=False)
[HB] 2025-09-24 14:24:25 CT OpenTrades=0 | ChooserArm=trend | Gate=no | eps=0.020 | dayR=0.00 | dayN=0 | stall=yes
[HB] 2025-09-24 14:24:26 CT OpenTrades=0 | ChooserArm=trend | Gate=no | eps=0.020 | dayR=0.00 | dayN=0 | stall=yes
[HB] 2025-09-24 14:24:27 CT OpenTrades=0 | ChooserArm=trend | Gate=no | eps=0.020 | dayR=0.00 | dayN=0 | stall=yes
[WD-HB] 2025-09-24 14:24:27 up=0:01:42 sinceHB=0s | OT=0 arm=trend gate=no eps=0.020 R=0.00 N=0 stall=yes | ADX=0.0 BBbw=0.0000 ATR%=0.000000 ESZ5 cid=495512563
[HB] 2025-09-24 14:24:28 CT OpenTrades=0 | ChooserArm=trend | Gate=no | eps=0.020 | dayR=0.00 | dayN=0 | stall=yes
[HB] 2025-09-24 14:24:29 CT OpenTrades=0 | ChooserArm=trend | Gate=no | eps=0.020 | dayR=0.00 | dayN=0 | stall=yes
[HB] 2025-09-24 14:24:30 CT OpenTrades=0 | ChooserArm=trend | Gate=no | eps=0.020 | dayR=0.00 | dayN=0 | stall=yes
[WD-HB] 2025-09-24 14:24:30 up=0:01:45 sinceHB=0s | OT=0 arm=trend gate=no eps=0.020 R=0.00 N=0 stall=yes | ADX=0.0 BBbw=0.0000 ATR%=0.000000 ESZ5 cid=495512563
[HB] 2025-09-24 14:24:31 CT OpenTrades=0 | ChooserArm=trend | Gate=no | eps=0.020 | dayR=0.00 | dayN=0 | stall=yes
[HB] 2025-09-24 14:24:32 CT OpenTrades=0 | ChooserArm=trend | Gate=no | eps=0.020 | dayR=0.00 | dayN=0 | stall=yes
[HB] 2025-09-24 14:24:33 CT OpenTrades=0 | ChooserArm=trend | Gate=no | eps=0.020 | dayR=0.00 | dayN=0 | stall=yes
[WD-HB] 2025-09-24 14:24:33 up=0:01:48 sinceHB=0s | OT=0 arm=trend gate=no eps=0.020 R=0.00 N=0 stall=yes | ADX=0.0 BBbw=0.0000 ATR%=0.000000 ESZ5 cid=495512563
[HB] 2025-09-24 14:24:34 CT OpenTrades=0 | ChooserArm=trend | Gate=no | eps=0.020 | dayR=0.00 | dayN=0 | stall=yes
[HB] 2025-09-24 14:24:35 CT OpenTrades=0 | ChooserArm=trend | Gate=no | eps=0.020 | dayR=0.00 | dayN=0 | stall=yes
[HB] 2025-09-24 14:24:36 CT OpenTrades=0 | ChooserArm=trend | Gate=no | eps=0.020 | dayR=0.00 | dayN=0 | stall=yes
[WD-HB] 2025-09-24 14:24:36 up=0:01:51 sinceHB=0s | OT=0 arm=trend gate=no eps=0.020 R=0.00 N=0 stall=yes | ADX=0.0 BBbw=0.0000 ATR%=0.000000 ESZ5 cid=495512563
[HB] 2025-09-24 14:24:37 CT OpenTrades=0 | ChooserArm=trend | Gate=no | eps=0.020 | dayR=0.00 | dayN=0 | stall=yes
[HB] 2025-09-24 14:24:38 CT OpenTrades=0 | ChooserArm=trend | Gate=no | eps=0.020 | dayR=0.00 | dayN=0 | stall=yes
[HB] 2025-09-24 14:24:39 CT OpenTrades=0 | ChooserArm=trend | Gate=no | eps=0.020 | dayR=0.00 | dayN=0 | stall=yes
[WD-HB] 2025-09-24 14:24:39 up=0:01:54 sinceHB=0s | OT=0 arm=trend gate=no eps=0.020 R=0.00 N=0 stall=yes | ADX=0.0 BBbw=0.0000 ATR%=0.000000 ESZ5 cid=495512563
[REGIME] ADX=0.0  BBbw=0.0000  ATR%=0.000000  (ok=False)
[HB] 2025-09-24 14:24:40 CT OpenTrades=0 | ChooserArm=trend | Gate=no | eps=0.020 | dayR=0.00 | dayN=0 | stall=yes
[HB] 2025-09-24 14:24:41 CT OpenTrades=0 | ChooserArm=trend | Gate=no | eps=0.020 | dayR=0.00 | dayN=0 | stall=yes
[HB] 2025-09-24 14:24:42 CT OpenTrades=0 | ChooserArm=trend | Gate=no | eps=0.020 | dayR=0.00 | dayN=0 | stall=yes
[WD-HB] 2025-09-24 14:24:42 up=0:01:57 sinceHB=0s | OT=0 arm=trend gate=no eps=0.020 R=0.00 N=0 stall=yes | ADX=0.0 BBbw=0.0000 ATR%=0.000000 ESZ5 cid=495512563
[HB] 2025-09-24 14:24:43 CT OpenTrades=0 | ChooserArm=trend | Gate=no | eps=0.020 | dayR=0.00 | dayN=0 | stall=yes
[HB] 2025-09-24 14:24:44 CT OpenTrades=0 | ChooserArm=trend | Gate=no | eps=0.020 | dayR=0.00 | dayN=0 | stall=yes
[HB] 2025-09-24 14:24:45 CT OpenTrades=0 | ChooserArm=trend | Gate=no | eps=0.020 | dayR=0.00 | dayN=0 | stall=yes
[WD-HB] 2025-09-24 14:24:45 up=0:02:00 sinceHB=0s | OT=0 arm=trend gate=no eps=0.020 R=0.00 N=0 stall=yes | ADX=0.0 BBbw=0.0000 ATR%=0.000000 ESZ5 cid=495512563
[HB] 2025-09-24 14:24:46 CT OpenTrades=0 | ChooserArm=trend | Gate=no | eps=0.020 | dayR=0.00 | dayN=0 | stall=yes
[HB] 2025-09-24 14:24:47 CT OpenTrades=0 | ChooserArm=trend | Gate=no | eps=0.020 | dayR=0.00 | dayN=0 | stall=yes
[HB] 2025-09-24 14:24:48 CT OpenTrades=0 | ChooserArm=vwap | Gate=no | eps=0.020 | dayR=0.00 | dayN=0 | stall=yes
[WD-HB] 2025-09-24 14:24:48 up=0:02:03 sinceHB=0s | OT=0 arm=vwap gate=no eps=0.020 R=0.00 N=0 stall=yes | ADX=0.0 BBbw=0.0000 ATR%=0.000000 ESZ5 cid=495512563
[HB] 2025-09-24 14:24:49 CT OpenTrades=0 | ChooserArm=trend | Gate=no | eps=0.020 | dayR=0.00 | dayN=0 | stall=yes
[HB] 2025-09-24 14:24:50 CT OpenTrades=0 | ChooserArm=trend | Gate=no | eps=0.020 | dayR=0.00 | dayN=0 | stall=yes
[HB] 2025-09-24 14:24:51 CT OpenTrades=0 | ChooserArm=trend | Gate=no | eps=0.020 | dayR=0.00 | dayN=0 | stall=yes
[WD-HB] 2025-09-24 14:24:51 up=0:02:06 sinceHB=0s | OT=0 arm=trend gate=no eps=0.020 R=0.00 N=0 stall=yes | ADX=0.0 BBbw=0.0000 ATR%=0.000000 ESZ5 cid=495512563
[HB] 2025-09-24 14:24:52 CT OpenTrades=0 | ChooserArm=trend | Gate=no | eps=0.020 | dayR=0.00 | dayN=0 | stall=yes
[HB] 2025-09-24 14:24:53 CT OpenTrades=0 | ChooserArm=trend | Gate=no | eps=0.020 | dayR=0.00 | dayN=0 | stall=yes
[HB] 2025-09-24 14:24:54 CT OpenTrades=0 | ChooserArm=trend | Gate=no | eps=0.020 | dayR=0.00 | dayN=0 | stall=yes
[WD-HB] 2025-09-24 14:24:54 up=0:02:09 sinceHB=0s | OT=0 arm=trend gate=no eps=0.020 R=0.00 N=0 stall=yes | ADX=0.0 BBbw=0.0000 ATR%=0.000000 ESZ5 cid=495512563
[REGIME] ADX=0.0  BBbw=0.0000  ATR%=0.000000  (ok=False)
[INFO] 2025-09-24 14:24:55 [ARMS] trend: EN n=1, avgR=+0.050, mu=+0.023, ucb=+0.616 | breakout: EN n=0, avgR=+0.000, mu=+0.000, ucb=+0.600 | reversion: EN n=8, avgR=-0.046, mu=-0.056, ucb=+0.447 | vwap: EN n=0, avgR=+0.000, mu=+0.000, ucb=+0.600
[HB] 2025-09-24 14:24:55 CT OpenTrades=0 | ChooserArm=trend | Gate=no | eps=0.020 | dayR=0.00 | dayN=0 | stall=yes
[HB] 2025-09-24 14:24:56 CT OpenTrades=0 | ChooserArm=trend | Gate=no | eps=0.020 | dayR=0.00 | dayN=0 | stall=yes
[HB] 2025-09-24 14:24:57 CT OpenTrades=0 | ChooserArm=trend | Gate=no | eps=0.020 | dayR=0.00 | dayN=0 | stall=yes
[WD-HB] 2025-09-24 14:24:57 up=0:02:12 sinceHB=0s | OT=0 arm=trend gate=no eps=0.020 R=0.00 N=0 stall=yes | ADX=0.0 BBbw=0.0000 ATR%=0.000000 ESZ5 cid=495512563
[HB] 2025-09-24 14:24:58 CT OpenTrades=0 | ChooserArm=trend | Gate=no | eps=0.020 | dayR=0.00 | dayN=0 | stall=yes
[HB] 2025-09-24 14:24:59 CT OpenTrades=0 | ChooserArm=trend | Gate=no | eps=0.020 | dayR=0.00 | dayN=0 | stall=yes
[HB] 2025-09-24 14:25:00 CT OpenTrades=0 | ChooserArm=trend | Gate=no | eps=0.020 | dayR=0.00 | dayN=0 | stall=yes
[INFO] 2025-09-24 14:25:00 Saved chooser state to .\models\linucb_es.json
[INFO] 2025-09-24 14:25:00 [SNAPSHOT] Wrote logs\chooser_snapshots\linucb_es_20250924_20250924_142500.json
[WD-HB] 2025-09-24 14:25:00 up=0:02:15 sinceHB=0s | OT=0 arm=trend gate=no eps=0.020 R=0.00 N=0 stall=yes | ADX=0.0 BBbw=0.0000 ATR%=0.000000 ESZ5 cid=495512563
[HB] 2025-09-24 14:25:01 CT OpenTrades=0 | ChooserArm=trend | Gate=no | eps=0.020 | dayR=0.00 | dayN=0 | stall=yes
[HB] 2025-09-24 14:25:02 CT OpenTrades=0 | ChooserArm=trend | Gate=no | eps=0.020 | dayR=0.00 | dayN=0 | stall=yes
[HB] 2025-09-24 14:25:03 CT OpenTrades=0 | ChooserArm=trend | Gate=no | eps=0.020 | dayR=0.00 | dayN=0 | stall=yes
[WD-HB] 2025-09-24 14:25:03 up=0:02:18 sinceHB=0s | OT=0 arm=trend gate=no eps=0.020 R=0.00 N=0 stall=yes | ADX=0.0 BBbw=0.0000 ATR%=0.000000 ESZ5 cid=495512563
[HB] 2025-09-24 14:25:04 CT OpenTrades=0 | ChooserArm=trend | Gate=no | eps=0.020 | dayR=0.00 | dayN=0 | stall=yes
[HB] 2025-09-24 14:25:05 CT OpenTrades=0 | ChooserArm=trend | Gate=no | eps=0.020 | dayR=0.00 | dayN=0 | stall=yes
[HB] 2025-09-24 14:25:06 CT OpenTrades=0 | ChooserArm=trend | Gate=no | eps=0.020 | dayR=0.00 | dayN=0 | stall=yes
[WD-HB] 2025-09-24 14:25:06 up=0:02:21 sinceHB=0s | OT=0 arm=trend gate=no eps=0.020 R=0.00 N=0 stall=yes | ADX=0.0 BBbw=0.0000 ATR%=0.000000 ESZ5 cid=495512563
[HB] 2025-09-24 14:25:07 CT OpenTrades=0 | ChooserArm=trend | Gate=no | eps=0.020 | dayR=0.00 | dayN=0 | stall=yes
[HB] 2025-09-24 14:25:08 CT OpenTrades=0 | ChooserArm=trend | Gate=no | eps=0.020 | dayR=0.00 | dayN=0 | stall=yes
[HB] 2025-09-24 14:25:09 CT OpenTrades=0 | ChooserArm=trend | Gate=no | eps=0.020 | dayR=0.00 | dayN=0 | stall=yes
[WD-HB] 2025-09-24 14:25:09 up=0:02:24 sinceHB=0s | OT=0 arm=trend gate=no eps=0.020 R=0.00 N=0 stall=yes | ADX=0.0 BBbw=0.0000 ATR%=0.000000 ESZ5 cid=495512563
[REGIME] ADX=0.0  BBbw=0.0000  ATR%=0.000000  (ok=False)
[HB] 2025-09-24 14:25:10 CT OpenTrades=0 | ChooserArm=trend | Gate=no | eps=0.020 | dayR=0.00 | dayN=0 | stall=yes
[HB] 2025-09-24 14:25:11 CT OpenTrades=0 | ChooserArm=trend | Gate=no | eps=0.020 | dayR=0.00 | dayN=0 | stall=yes
[HB] 2025-09-24 14:25:12 CT OpenTrades=0 | ChooserArm=trend | Gate=no | eps=0.020 | dayR=0.00 | dayN=0 | stall=yes
[WD-HB] 2025-09-24 14:25:12 up=0:02:27 sinceHB=0s | OT=0 arm=trend gate=no eps=0.020 R=0.00 N=0 stall=yes | ADX=0.0 BBbw=0.0000 ATR%=0.000000 ESZ5 cid=495512563
[HB] 2025-09-24 14:25:13 CT OpenTrades=0 | ChooserArm=trend | Gate=no | eps=0.020 | dayR=0.00 | dayN=0 | stall=yes
[HB] 2025-09-24 14:25:14 CT OpenTrades=0 | ChooserArm=trend | Gate=no | eps=0.020 | dayR=0.00 | dayN=0 | stall=yes
[HB] 2025-09-24 14:25:15 CT OpenTrades=0 | ChooserArm=trend | Gate=no | eps=0.020 | dayR=0.00 | dayN=0 | stall=yes
[WD-HB] 2025-09-24 14:25:15 up=0:02:30 sinceHB=0s | OT=0 arm=trend gate=no eps=0.020 R=0.00 N=0 stall=yes | ADX=0.0 BBbw=0.0000 ATR%=0.000000 ESZ5 cid=495512563
[HB] 2025-09-24 14:25:16 CT OpenTrades=0 | ChooserArm=trend | Gate=no | eps=0.020 | dayR=0.00 | dayN=0 | stall=yes
[HB] 2025-09-24 14:25:17 CT OpenTrades=0 | ChooserArm=trend | Gate=no | eps=0.020 | dayR=0.00 | dayN=0 | stall=yes
[HB] 2025-09-24 14:25:18 CT OpenTrades=0 | ChooserArm=trend | Gate=no | eps=0.020 | dayR=0.00 | dayN=0 | stall=yes
[WD-HB] 2025-09-24 14:25:18 up=0:02:33 sinceHB=0s | OT=0 arm=trend gate=no eps=0.020 R=0.00 N=0 stall=yes | ADX=0.0 BBbw=0.0000 ATR%=0.000000 ESZ5 cid=495512563
[HB] 2025-09-24 14:25:19 CT OpenTrades=0 | ChooserArm=trend | Gate=no | eps=0.020 | dayR=0.00 | dayN=0 | stall=yes
[HB] 2025-09-24 14:25:20 CT OpenTrades=0 | ChooserArm=trend | Gate=no | eps=0.020 | dayR=0.00 | dayN=0 | stall=yes
[HB] 2025-09-24 14:25:21 CT OpenTrades=0 | ChooserArm=trend | Gate=no | eps=0.020 | dayR=0.00 | dayN=0 | stall=yes
[WD-HB] 2025-09-24 14:25:21 up=0:02:36 sinceHB=0s | OT=0 arm=trend gate=no eps=0.020 R=0.00 N=0 stall=yes | ADX=0.0 BBbw=0.0000 ATR%=0.000000 ESZ5 cid=495512563
[HB] 2025-09-24 14:25:22 CT OpenTrades=0 | ChooserArm=trend | Gate=no | eps=0.020 | dayR=0.00 | dayN=0 | stall=yes
[HB] 2025-09-24 14:25:23 CT OpenTrades=0 | ChooserArm=trend | Gate=no | eps=0.020 | dayR=0.00 | dayN=0 | stall=yes
[HB] 2025-09-24 14:25:24 CT OpenTrades=0 | ChooserArm=trend | Gate=no | eps=0.020 | dayR=0.00 | dayN=0 | stall=yes
[WD-HB] 2025-09-24 14:25:24 up=0:02:39 sinceHB=0s | OT=0 arm=trend gate=no eps=0.020 R=0.00 N=0 stall=yes | ADX=0.0 BBbw=0.0000 ATR%=0.000000 ESZ5 cid=495512563
[REGIME] ADX=0.0  BBbw=0.0000  ATR%=0.000000  (ok=False)
[HB] 2025-09-24 14:25:25 CT OpenTrades=0 | ChooserArm=trend | Gate=no | eps=0.020 | dayR=0.00 | dayN=0 | stall=yes
[HB] 2025-09-24 14:25:26 CT OpenTrades=0 | ChooserArm=trend | Gate=no | eps=0.020 | dayR=0.00 | dayN=0 | stall=yes
[HB] 2025-09-24 14:25:27 CT OpenTrades=0 | ChooserArm=trend | Gate=no | eps=0.020 | dayR=0.00 | dayN=0 | stall=yes
[WD-HB] 2025-09-24 14:25:27 up=0:02:42 sinceHB=0s | OT=0 arm=trend gate=no eps=0.020 R=0.00 N=0 stall=yes | ADX=0.0 BBbw=0.0000 ATR%=0.000000 ESZ5 cid=495512563
[HB] 2025-09-24 14:25:28 CT OpenTrades=0 | ChooserArm=trend | Gate=no | eps=0.020 | dayR=0.00 | dayN=0 | stall=yes
[HB] 2025-09-24 14:25:29 CT OpenTrades=0 | ChooserArm=trend | Gate=no | eps=0.020 | dayR=0.00 | dayN=0 | stall=yes
[HB] 2025-09-24 14:25:30 CT OpenTrades=0 | ChooserArm=trend | Gate=no | eps=0.020 | dayR=0.00 | dayN=0 | stall=yes
[WD-HB] 2025-09-24 14:25:30 up=0:02:45 sinceHB=0s | OT=0 arm=trend gate=no eps=0.020 R=0.00 N=0 stall=yes | ADX=0.0 BBbw=0.0000 ATR%=0.000000 ESZ5 cid=495512563
[HB] 2025-09-24 14:25:31 CT OpenTrades=0 | ChooserArm=trend | Gate=no | eps=0.020 | dayR=0.00 | dayN=0 | stall=yes
[HB] 2025-09-24 14:25:32 CT OpenTrades=0 | ChooserArm=trend | Gate=no | eps=0.020 | dayR=0.00 | dayN=0 | stall=yes
[HB] 2025-09-24 14:25:33 CT OpenTrades=0 | ChooserArm=trend | Gate=no | eps=0.020 | dayR=0.00 | dayN=0 | stall=yes
[WD-HB] 2025-09-24 14:25:33 up=0:02:48 sinceHB=0s | OT=0 arm=trend gate=no eps=0.020 R=0.00 N=0 stall=yes | ADX=0.0 BBbw=0.0000 ATR%=0.000000 ESZ5 cid=495512563
[HB] 2025-09-24 14:25:34 CT OpenTrades=0 | ChooserArm=trend | Gate=no | eps=0.020 | dayR=0.00 | dayN=0 | stall=yes
[HB] 2025-09-24 14:25:35 CT OpenTrades=0 | ChooserArm=trend | Gate=no | eps=0.020 | dayR=0.00 | dayN=0 | stall=yes
[HB] 2025-09-24 14:25:36 CT OpenTrades=0 | ChooserArm=trend | Gate=no | eps=0.020 | dayR=0.00 | dayN=0 | stall=yes
[WD-HB] 2025-09-24 14:25:36 up=0:02:51 sinceHB=0s | OT=0 arm=trend gate=no eps=0.020 R=0.00 N=0 stall=yes | ADX=0.0 BBbw=0.0000 ATR%=0.000000 ESZ5 cid=495512563
[HB] 2025-09-24 14:25:37 CT OpenTrades=0 | ChooserArm=trend | Gate=no | eps=0.020 | dayR=0.00 | dayN=0 | stall=yes
[HB] 2025-09-24 14:25:38 CT OpenTrades=0 | ChooserArm=trend | Gate=no | eps=0.020 | dayR=0.00 | dayN=0 | stall=yes
[WD-HB] 2025-09-24 14:25:39 up=0:02:54 sinceHB=0s | OT=0 arm=trend gate=no eps=0.020 R=0.00 N=0 stall=yes | ADX=0.0 BBbw=0.0000 ATR%=0.000000 ESZ5 cid=495512563
[HB] 2025-09-24 14:25:39 CT OpenTrades=0 | ChooserArm=trend | Gate=no | eps=0.020 | dayR=0.00 | dayN=0 | stall=yes
[REGIME] ADX=0.0  BBbw=0.0000  ATR%=0.000000  (ok=False)
[HB] 2025-09-24 14:25:40 CT OpenTrades=0 | ChooserArm=trend | Gate=no | eps=0.020 | dayR=0.00 | dayN=0 | stall=yes
[HB] 2025-09-24 14:25:41 CT OpenTrades=0 | ChooserArm=trend | Gate=no | eps=0.020 | dayR=0.00 | dayN=0 | stall=yes
[WD-HB] 2025-09-24 14:25:42 up=0:02:57 sinceHB=0s | OT=0 arm=trend gate=no eps=0.020 R=0.00 N=0 stall=yes | ADX=0.0 BBbw=0.0000 ATR%=0.000000 ESZ5 cid=495512563
[HB] 2025-09-24 14:25:42 CT OpenTrades=0 | ChooserArm=trend | Gate=no | eps=0.020 | dayR=0.00 | dayN=0 | stall=yes
[HB] 2025-09-24 14:25:43 CT OpenTrades=0 | ChooserArm=trend | Gate=no | eps=0.020 | dayR=0.00 | dayN=0 | stall=yes
[HB] 2025-09-24 14:25:44 CT OpenTrades=0 | ChooserArm=trend | Gate=no | eps=0.020 | dayR=0.00 | dayN=0 | stall=yes
[WD-HB] 2025-09-24 14:25:45 up=0:03:00 sinceHB=0s | OT=0 arm=trend gate=no eps=0.020 R=0.00 N=0 stall=yes | ADX=0.0 BBbw=0.0000 ATR%=0.000000 ESZ5 cid=495512563
[HB] 2025-09-24 14:25:45 CT OpenTrades=0 | ChooserArm=trend | Gate=no | eps=0.020 | dayR=0.00 | dayN=0 | stall=yes
[HB] 2025-09-24 14:25:46 CT OpenTrades=0 | ChooserArm=trend | Gate=no | eps=0.020 | dayR=0.00 | dayN=0 | stall=yes
[HB] 2025-09-24 14:25:47 CT OpenTrades=0 | ChooserArm=trend | Gate=no | eps=0.020 | dayR=0.00 | dayN=0 | stall=yes
[WD-HB] 2025-09-24 14:25:48 up=0:03:03 sinceHB=0s | OT=0 arm=trend gate=no eps=0.020 R=0.00 N=0 stall=yes | ADX=0.0 BBbw=0.0000 ATR%=0.000000 ESZ5 cid=495512563
[HB] 2025-09-24 14:25:48 CT OpenTrades=0 | ChooserArm=trend | Gate=no | eps=0.020 | dayR=0.00 | dayN=0 | stall=yes
[HB] 2025-09-24 14:25:49 CT OpenTrades=0 | ChooserArm=trend | Gate=no | eps=0.020 | dayR=0.00 | dayN=0 | stall=yes
[HB] 2025-09-24 14:25:50 CT OpenTrades=0 | ChooserArm=trend | Gate=no | eps=0.020 | dayR=0.00 | dayN=0 | stall=yes
[WD-HB] 2025-09-24 14:25:51 up=0:03:06 sinceHB=0s | OT=0 arm=trend gate=no eps=0.020 R=0.00 N=0 stall=yes | ADX=0.0 BBbw=0.0000 ATR%=0.000000 ESZ5 cid=495512563
[HB] 2025-09-24 14:25:51 CT OpenTrades=0 | ChooserArm=trend | Gate=no | eps=0.020 | dayR=0.00 | dayN=0 | stall=yes
[HB] 2025-09-24 14:25:52 CT OpenTrades=0 | ChooserArm=trend | Gate=no | eps=0.020 | dayR=0.00 | dayN=0 | stall=yes
[HB] 2025-09-24 14:25:53 CT OpenTrades=0 | ChooserArm=trend | Gate=no | eps=0.020 | dayR=0.00 | dayN=0 | stall=yes
[WD-HB] 2025-09-24 14:25:54 up=0:03:09 sinceHB=0s | OT=0 arm=trend gate=no eps=0.020 R=0.00 N=0 stall=yes | ADX=0.0 BBbw=0.0000 ATR%=0.000000 ESZ5 cid=495512563
[HB] 2025-09-24 14:25:54 CT OpenTrades=0 | ChooserArm=trend | Gate=no | eps=0.020 | dayR=0.00 | dayN=0 | stall=yes
[REGIME] ADX=0.0  BBbw=0.0000  ATR%=0.000000  (ok=False)
[INFO] 2025-09-24 14:25:55 [ARMS] trend: EN n=1, avgR=+0.050, mu=+0.023, ucb=+0.616 | breakout: EN n=0, avgR=+0.000, mu=+0.000, ucb=+0.600 | reversion: EN n=8, avgR=-0.046, mu=-0.056, ucb=+0.447 | vwap: EN n=0, avgR=+0.000, mu=+0.000, ucb=+0.600
[HB] 2025-09-24 14:25:55 CT OpenTrades=0 | ChooserArm=trend | Gate=no | eps=0.020 | dayR=0.00 | dayN=0 | stall=yes
[HB] 2025-09-24 14:25:56 CT OpenTrades=0 | ChooserArm=trend | Gate=no | eps=0.020 | dayR=0.00 | dayN=0 | stall=yes
[WD-HB] 2025-09-24 14:25:57 up=0:03:12 sinceHB=0s | OT=0 arm=trend gate=no eps=0.020 R=0.00 N=0 stall=yes | ADX=0.0 BBbw=0.0000 ATR%=0.000000 ESZ5 cid=495512563
[HB] 2025-09-24 14:25:57 CT OpenTrades=0 | ChooserArm=trend | Gate=no | eps=0.020 | dayR=0.00 | dayN=0 | stall=yes
[HB] 2025-09-24 14:25:58 CT OpenTrades=0 | ChooserArm=trend | Gate=no | eps=0.020 | dayR=0.00 | dayN=0 | stall=yes
[HB] 2025-09-24 14:25:59 CT OpenTrades=0 | ChooserArm=trend | Gate=no | eps=0.020 | dayR=0.00 | dayN=0 | stall=yes
[WD-HB] 2025-09-24 14:26:00 up=0:03:15 sinceHB=0s | OT=0 arm=trend gate=no eps=0.020 R=0.00 N=0 stall=yes | ADX=0.0 BBbw=0.0000 ATR%=0.000000 ESZ5 cid=495512563
[HB] 2025-09-24 14:26:00 CT OpenTrades=0 | ChooserArm=trend | Gate=no | eps=0.020 | dayR=0.00 | dayN=0 | stall=yes
[INFO] 2025-09-24 14:26:00 Saved chooser state to .\models\linucb_es.json
[INFO] 2025-09-24 14:26:00 [SNAPSHOT] Wrote logs\chooser_snapshots\linucb_es_20250924_20250924_142600.json
[HB] 2025-09-24 14:26:01 CT OpenTrades=0 | ChooserArm=trend | Gate=no | eps=0.020 | dayR=0.00 | dayN=0 | stall=yes
[HB] 2025-09-24 14:26:03 CT OpenTrades=0 | ChooserArm=trend | Gate=no | eps=0.020 | dayR=0.00 | dayN=0 | stall=yes
[WD-HB] 2025-09-24 14:26:03 up=0:03:18 sinceHB=0s | OT=0 arm=trend gate=no eps=0.020 R=0.00 N=0 stall=yes | ADX=0.0 BBbw=0.0000 ATR%=0.000000 ESZ5 cid=495512563
[HB] 2025-09-24 14:26:04 CT OpenTrades=0 | ChooserArm=trend | Gate=no | eps=0.020 | dayR=0.00 | dayN=0 | stall=yes
[HB] 2025-09-24 14:26:05 CT OpenTrades=0 | ChooserArm=trend | Gate=no | eps=0.020 | dayR=0.00 | dayN=0 | stall=yes
[HB] 2025-09-24 14:26:06 CT OpenTrades=0 | ChooserArm=trend | Gate=no | eps=0.020 | dayR=0.00 | dayN=0 | stall=yes
[WD-HB] 2025-09-24 14:26:06 up=0:03:21 sinceHB=0s | OT=0 arm=trend gate=no eps=0.020 R=0.00 N=0 stall=yes | ADX=0.0 BBbw=0.0000 ATR%=0.000000 ESZ5 cid=495512563
[HB] 2025-09-24 14:26:07 CT OpenTrades=0 | ChooserArm=trend | Gate=no | eps=0.020 | dayR=0.00 | dayN=0 | stall=yes
[HB] 2025-09-24 14:26:08 CT OpenTrades=0 | ChooserArm=trend | Gate=no | eps=0.020 | dayR=0.00 | dayN=0 | stall=yes
[HB] 2025-09-24 14:26:09 CT OpenTrades=0 | ChooserArm=trend | Gate=no | eps=0.020 | dayR=0.00 | dayN=0 | stall=yes
[WD-HB] 2025-09-24 14:26:09 up=0:03:24 sinceHB=0s | OT=0 arm=trend gate=no eps=0.020 R=0.00 N=0 stall=yes | ADX=0.0 BBbw=0.0000 ATR%=0.000000 ESZ5 cid=495512563
[HB] 2025-09-24 14:26:10 CT OpenTrades=0 | ChooserArm=trend | Gate=no | eps=0.020 | dayR=0.00 | dayN=0 | stall=yes
[REGIME] ADX=0.0  BBbw=0.0000  ATR%=0.000000  (ok=False)
[HB] 2025-09-24 14:26:11 CT OpenTrades=0 | ChooserArm=trend | Gate=no | eps=0.020 | dayR=0.00 | dayN=0 | stall=yes
[HB] 2025-09-24 14:26:12 CT OpenTrades=0 | ChooserArm=trend | Gate=no | eps=0.020 | dayR=0.00 | dayN=0 | stall=yes
[WD-HB] 2025-09-24 14:26:12 up=0:03:27 sinceHB=0s | OT=0 arm=trend gate=no eps=0.020 R=0.00 N=0 stall=yes | ADX=0.0 BBbw=0.0000 ATR%=0.000000 ESZ5 cid=495512563
[HB] 2025-09-24 14:26:13 CT OpenTrades=0 | ChooserArm=trend | Gate=no | eps=0.020 | dayR=0.00 | dayN=0 | stall=yes
[HB] 2025-09-24 14:26:14 CT OpenTrades=0 | ChooserArm=trend | Gate=no | eps=0.020 | dayR=0.00 | dayN=0 | stall=yes
[HB] 2025-09-24 14:26:15 CT OpenTrades=0 | ChooserArm=trend | Gate=no | eps=0.020 | dayR=0.00 | dayN=0 | stall=yes
[WD-HB] 2025-09-24 14:26:15 up=0:03:30 sinceHB=0s | OT=0 arm=trend gate=no eps=0.020 R=0.00 N=0 stall=yes | ADX=0.0 BBbw=0.0000 ATR%=0.000000 ESZ5 cid=495512563
[HB] 2025-09-24 14:26:16 CT OpenTrades=0 | ChooserArm=trend | Gate=no | eps=0.020 | dayR=0.00 | dayN=0 | stall=yes
[HB] 2025-09-24 14:26:17 CT OpenTrades=0 | ChooserArm=trend | Gate=no | eps=0.020 | dayR=0.00 | dayN=0 | stall=yes
[HB] 2025-09-24 14:26:18 CT OpenTrades=0 | ChooserArm=trend | Gate=no | eps=0.020 | dayR=0.00 | dayN=0 | stall=yes
[WD-HB] 2025-09-24 14:26:18 up=0:03:33 sinceHB=0s | OT=0 arm=trend gate=no eps=0.020 R=0.00 N=0 stall=yes | ADX=0.0 BBbw=0.0000 ATR%=0.000000 ESZ5 cid=495512563
[HB] 2025-09-24 14:26:19 CT OpenTrades=0 | ChooserArm=trend | Gate=no | eps=0.020 | dayR=0.00 | dayN=0 | stall=yes
[HB] 2025-09-24 14:26:20 CT OpenTrades=0 | ChooserArm=trend | Gate=no | eps=0.020 | dayR=0.00 | dayN=0 | stall=yes
[HB] 2025-09-24 14:26:21 CT OpenTrades=0 | ChooserArm=trend | Gate=no | eps=0.020 | dayR=0.00 | dayN=0 | stall=yes
[WD-HB] 2025-09-24 14:26:21 up=0:03:36 sinceHB=0s | OT=0 arm=trend gate=no eps=0.020 R=0.00 N=0 stall=yes | ADX=0.0 BBbw=0.0000 ATR%=0.000000 ESZ5 cid=495512563
[HB] 2025-09-24 14:26:22 CT OpenTrades=0 | ChooserArm=trend | Gate=no | eps=0.020 | dayR=0.00 | dayN=0 | stall=yes
[HB] 2025-09-24 14:26:23 CT OpenTrades=0 | ChooserArm=trend | Gate=no | eps=0.020 | dayR=0.00 | dayN=0 | stall=yes
[HB] 2025-09-24 14:26:24 CT OpenTrades=0 | ChooserArm=trend | Gate=no | eps=0.020 | dayR=0.00 | dayN=0 | stall=yes
[WD-HB] 2025-09-24 14:26:24 up=0:03:39 sinceHB=0s | OT=0 arm=trend gate=no eps=0.020 R=0.00 N=0 stall=yes | ADX=0.0 BBbw=0.0000 ATR%=0.000000 ESZ5 cid=495512563
[HB] 2025-09-24 14:26:25 CT OpenTrades=0 | ChooserArm=trend | Gate=no | eps=0.020 | dayR=0.00 | dayN=0 | stall=yes
[REGIME] ADX=0.0  BBbw=0.0000  ATR%=0.000000  (ok=False)
[HB] 2025-09-24 14:26:26 CT OpenTrades=0 | ChooserArm=trend | Gate=no | eps=0.020 | dayR=0.00 | dayN=0 | stall=yes
[HB] 2025-09-24 14:26:27 CT OpenTrades=0 | ChooserArm=trend | Gate=no | eps=0.020 | dayR=0.00 | dayN=0 | stall=yes
[WD-HB] 2025-09-24 14:26:27 up=0:03:42 sinceHB=0s | OT=0 arm=trend gate=no eps=0.020 R=0.00 N=0 stall=yes | ADX=0.0 BBbw=0.0000 ATR%=0.000000 ESZ5 cid=495512563
[HB] 2025-09-24 14:26:28 CT OpenTrades=0 | ChooserArm=trend | Gate=no | eps=0.020 | dayR=0.00 | dayN=0 | stall=yes
[HB] 2025-09-24 14:26:29 CT OpenTrades=0 | ChooserArm=trend | Gate=no | eps=0.020 | dayR=0.00 | dayN=0 | stall=yes
[HB] 2025-09-24 14:26:30 CT OpenTrades=0 | ChooserArm=trend | Gate=no | eps=0.020 | dayR=0.00 | dayN=0 | stall=yes
[WD-HB] 2025-09-24 14:26:30 up=0:03:45 sinceHB=0s | OT=0 arm=trend gate=no eps=0.020 R=0.00 N=0 stall=yes | ADX=0.0 BBbw=0.0000 ATR%=0.000000 ESZ5 cid=495512563
[HB] 2025-09-24 14:26:31 CT OpenTrades=0 | ChooserArm=trend | Gate=no | eps=0.020 | dayR=0.00 | dayN=0 | stall=yes
[HB] 2025-09-24 14:26:32 CT OpenTrades=0 | ChooserArm=trend | Gate=no | eps=0.020 | dayR=0.00 | dayN=0 | stall=yes
[HB] 2025-09-24 14:26:33 CT OpenTrades=0 | ChooserArm=trend | Gate=no | eps=0.020 | dayR=0.00 | dayN=0 | stall=yes
[WD-HB] 2025-09-24 14:26:33 up=0:03:48 sinceHB=0s | OT=0 arm=trend gate=no eps=0.020 R=0.00 N=0 stall=yes | ADX=0.0 BBbw=0.0000 ATR%=0.000000 ESZ5 cid=495512563
[HB] 2025-09-24 14:26:34 CT OpenTrades=0 | ChooserArm=trend | Gate=no | eps=0.020 | dayR=0.00 | dayN=0 | stall=yes
[HB] 2025-09-24 14:26:35 CT OpenTrades=0 | ChooserArm=trend | Gate=no | eps=0.020 | dayR=0.00 | dayN=0 | stall=yes
[HB] 2025-09-24 14:26:36 CT OpenTrades=0 | ChooserArm=trend | Gate=no | eps=0.020 | dayR=0.00 | dayN=0 | stall=yes
[WD-HB] 2025-09-24 14:26:36 up=0:03:51 sinceHB=0s | OT=0 arm=trend gate=no eps=0.020 R=0.00 N=0 stall=yes | ADX=0.0 BBbw=0.0000 ATR%=0.000000 ESZ5 cid=495512563
[HB] 2025-09-24 14:26:37 CT OpenTrades=0 | ChooserArm=trend | Gate=no | eps=0.020 | dayR=0.00 | dayN=0 | stall=yes
[HB] 2025-09-24 14:26:38 CT OpenTrades=0 | ChooserArm=trend | Gate=no | eps=0.020 | dayR=0.00 | dayN=0 | stall=yes
[HB] 2025-09-24 14:26:39 CT OpenTrades=0 | ChooserArm=trend | Gate=no | eps=0.020 | dayR=0.00 | dayN=0 | stall=yes
[WD-HB] 2025-09-24 14:26:39 up=0:03:54 sinceHB=0s | OT=0 arm=trend gate=no eps=0.020 R=0.00 N=0 stall=yes | ADX=0.0 BBbw=0.0000 ATR%=0.000000 ESZ5 cid=495512563
[HB] 2025-09-24 14:26:40 CT OpenTrades=0 | ChooserArm=trend | Gate=no | eps=0.020 | dayR=0.00 | dayN=0 | stall=yes
[REGIME] ADX=0.0  BBbw=0.0000  ATR%=0.000000  (ok=False)
[HB] 2025-09-24 14:26:41 CT OpenTrades=0 | ChooserArm=trend | Gate=no | eps=0.020 | dayR=0.00 | dayN=0 | stall=yes
[HB] 2025-09-24 14:26:42 CT OpenTrades=0 | ChooserArm=trend | Gate=no | eps=0.020 | dayR=0.00 | dayN=0 | stall=yes
[WD-HB] 2025-09-24 14:26:42 up=0:03:57 sinceHB=0s | OT=0 arm=trend gate=no eps=0.020 R=0.00 N=0 stall=yes | ADX=0.0 BBbw=0.0000 ATR%=0.000000 ESZ5 cid=495512563
[HB] 2025-09-24 14:26:43 CT OpenTrades=0 | ChooserArm=trend | Gate=no | eps=0.020 | dayR=0.00 | dayN=0 | stall=yes
[HB] 2025-09-24 14:26:44 CT OpenTrades=0 | ChooserArm=trend | Gate=no | eps=0.020 | dayR=0.00 | dayN=0 | stall=yes
[HB] 2025-09-24 14:26:45 CT OpenTrades=0 | ChooserArm=trend | Gate=no | eps=0.020 | dayR=0.00 | dayN=0 | stall=yes
[WD-HB] 2025-09-24 14:26:45 up=0:04:00 sinceHB=0s | OT=0 arm=trend gate=no eps=0.020 R=0.00 N=0 stall=yes | ADX=0.0 BBbw=0.0000 ATR%=0.000000 ESZ5 cid=495512563
[HB] 2025-09-24 14:26:46 CT OpenTrades=0 | ChooserArm=trend | Gate=no | eps=0.020 | dayR=0.00 | dayN=0 | stall=yes
[HB] 2025-09-24 14:26:47 CT OpenTrades=0 | ChooserArm=trend | Gate=no | eps=0.020 | dayR=0.00 | dayN=0 | stall=yes
[HB] 2025-09-24 14:26:48 CT OpenTrades=0 | ChooserArm=trend | Gate=no | eps=0.020 | dayR=0.00 | dayN=0 | stall=yes
[WD-HB] 2025-09-24 14:26:48 up=0:04:03 sinceHB=0s | OT=0 arm=trend gate=no eps=0.020 R=0.00 N=0 stall=yes | ADX=0.0 BBbw=0.0000 ATR%=0.000000 ESZ5 cid=495512563
[HB] 2025-09-24 14:26:49 CT OpenTrades=0 | ChooserArm=trend | Gate=no | eps=0.020 | dayR=0.00 | dayN=0 | stall=yes
[HB] 2025-09-24 14:26:50 CT OpenTrades=0 | ChooserArm=trend | Gate=no | eps=0.020 | dayR=0.00 | dayN=0 | stall=yes
[HB] 2025-09-24 14:26:51 CT OpenTrades=0 | ChooserArm=trend | Gate=no | eps=0.020 | dayR=0.00 | dayN=0 | stall=yes
[WD-HB] 2025-09-24 14:26:51 up=0:04:06 sinceHB=0s | OT=0 arm=trend gate=no eps=0.020 R=0.00 N=0 stall=yes | ADX=0.0 BBbw=0.0000 ATR%=0.000000 ESZ5 cid=495512563
[HB] 2025-09-24 14:26:52 CT OpenTrades=0 | ChooserArm=trend | Gate=no | eps=0.020 | dayR=0.00 | dayN=0 | stall=yes
[HB] 2025-09-24 14:26:53 CT OpenTrades=0 | ChooserArm=trend | Gate=no | eps=0.020 | dayR=0.00 | dayN=0 | stall=yes
[HB] 2025-09-24 14:26:54 CT OpenTrades=0 | ChooserArm=trend | Gate=no | eps=0.020 | dayR=0.00 | dayN=0 | stall=yes
[WD-HB] 2025-09-24 14:26:54 up=0:04:09 sinceHB=0s | OT=0 arm=trend gate=no eps=0.020 R=0.00 N=0 stall=yes | ADX=0.0 BBbw=0.0000 ATR%=0.000000 ESZ5 cid=495512563
[HB] 2025-09-24 14:26:55 CT OpenTrades=0 | ChooserArm=trend | Gate=no | eps=0.020 | dayR=0.00 | dayN=0 | stall=yes
[REGIME] ADX=0.0  BBbw=0.0000  ATR%=0.000000  (ok=False)
[INFO] 2025-09-24 14:26:56 [ARMS] trend: EN n=1, avgR=+0.050, mu=+0.023, ucb=+0.616 | breakout: EN n=0, avgR=+0.000, mu=+0.000, ucb=+0.600 | reversion: EN n=8, avgR=-0.046, mu=-0.056, ucb=+0.447 | vwap: EN n=0, avgR=+0.000, mu=+0.000, ucb=+0.600
[HB] 2025-09-24 14:26:56 CT OpenTrades=0 | ChooserArm=trend | Gate=no | eps=0.020 | dayR=0.00 | dayN=0 | stall=yes
[HB] 2025-09-24 14:26:57 CT OpenTrades=0 | ChooserArm=trend | Gate=no | eps=0.020 | dayR=0.00 | dayN=0 | stall=yes
[WD-HB] 2025-09-24 14:26:57 up=0:04:12 sinceHB=0s | OT=0 arm=trend gate=no eps=0.020 R=0.00 N=0 stall=yes | ADX=0.0 BBbw=0.0000 ATR%=0.000000 ESZ5 cid=495512563
[HB] 2025-09-24 14:26:58 CT OpenTrades=0 | ChooserArm=trend | Gate=no | eps=0.020 | dayR=0.00 | dayN=0 | stall=yes
[HB] 2025-09-24 14:26:59 CT OpenTrades=0 | ChooserArm=trend | Gate=no | eps=0.020 | dayR=0.00 | dayN=0 | stall=yes
[HB] 2025-09-24 14:27:00 CT OpenTrades=0 | ChooserArm=trend | Gate=no | eps=0.020 | dayR=0.00 | dayN=0 | stall=yes
[INFO] 2025-09-24 14:27:00 Saved chooser state to .\models\linucb_es.json
[INFO] 2025-09-24 14:27:00 [SNAPSHOT] Wrote logs\chooser_snapshots\linucb_es_20250924_20250924_142700.json
[WD-HB] 2025-09-24 14:27:00 up=0:04:15 sinceHB=0s | OT=0 arm=trend gate=no eps=0.020 R=0.00 N=0 stall=yes | ADX=0.0 BBbw=0.0000 ATR%=0.000000 ESZ5 cid=495512563
[HB] 2025-09-24 14:27:01 CT OpenTrades=0 | ChooserArm=trend | Gate=no | eps=0.020 | dayR=0.00 | dayN=0 | stall=yes
[HB] 2025-09-24 14:27:02 CT OpenTrades=0 | ChooserArm=trend | Gate=no | eps=0.020 | dayR=0.00 | dayN=0 | stall=yes
[HB] 2025-09-24 14:27:03 CT OpenTrades=0 | ChooserArm=trend | Gate=no | eps=0.020 | dayR=0.00 | dayN=0 | stall=yes
[WD-HB] 2025-09-24 14:27:03 up=0:04:18 sinceHB=0s | OT=0 arm=trend gate=no eps=0.020 R=0.00 N=0 stall=yes | ADX=0.0 BBbw=0.0000 ATR%=0.000000 ESZ5 cid=495512563
[HB] 2025-09-24 14:27:04 CT OpenTrades=0 | ChooserArm=trend | Gate=no | eps=0.020 | dayR=0.00 | dayN=0 | stall=yes
[HB] 2025-09-24 14:27:05 CT OpenTrades=0 | ChooserArm=trend | Gate=no | eps=0.020 | dayR=0.00 | dayN=0 | stall=yes
[HB] 2025-09-24 14:27:06 CT OpenTrades=0 | ChooserArm=trend | Gate=no | eps=0.020 | dayR=0.00 | dayN=0 | stall=yes
[WD-HB] 2025-09-24 14:27:06 up=0:04:21 sinceHB=0s | OT=0 arm=trend gate=no eps=0.020 R=0.00 N=0 stall=yes | ADX=0.0 BBbw=0.0000 ATR%=0.000000 ESZ5 cid=495512563
[HB] 2025-09-24 14:27:07 CT OpenTrades=0 | ChooserArm=trend | Gate=no | eps=0.020 | dayR=0.00 | dayN=0 | stall=yes
[HB] 2025-09-24 14:27:08 CT OpenTrades=0 | ChooserArm=trend | Gate=no | eps=0.020 | dayR=0.00 | dayN=0 | stall=yes
[HB] 2025-09-24 14:27:09 CT OpenTrades=0 | ChooserArm=trend | Gate=no | eps=0.020 | dayR=0.00 | dayN=0 | stall=yes
[WD-HB] 2025-09-24 14:27:09 up=0:04:24 sinceHB=0s | OT=0 arm=trend gate=no eps=0.020 R=0.00 N=0 stall=yes | ADX=0.0 BBbw=0.0000 ATR%=0.000000 ESZ5 cid=495512563
[HB] 2025-09-24 14:27:10 CT OpenTrades=0 | ChooserArm=trend | Gate=no | eps=0.020 | dayR=0.00 | dayN=0 | stall=yes
[REGIME] ADX=0.0  BBbw=0.0000  ATR%=0.000000  (ok=False)
[HB] 2025-09-24 14:27:11 CT OpenTrades=0 | ChooserArm=trend | Gate=no | eps=0.020 | dayR=0.00 | dayN=0 | stall=yes
[HB] 2025-09-24 14:27:12 CT OpenTrades=0 | ChooserArm=trend | Gate=no | eps=0.020 | dayR=0.00 | dayN=0 | stall=yes
[WD-HB] 2025-09-24 14:27:12 up=0:04:27 sinceHB=0s | OT=0 arm=trend gate=no eps=0.020 R=0.00 N=0 stall=yes | ADX=0.0 BBbw=0.0000 ATR%=0.000000 ESZ5 cid=495512563
[HB] 2025-09-24 14:27:13 CT OpenTrades=0 | ChooserArm=trend | Gate=no | eps=0.020 | dayR=0.00 | dayN=0 | stall=yes
[HB] 2025-09-24 14:27:14 CT OpenTrades=0 | ChooserArm=trend | Gate=no | eps=0.020 | dayR=0.00 | dayN=0 | stall=yes
[HB] 2025-09-24 14:27:15 CT OpenTrades=0 | ChooserArm=trend | Gate=no | eps=0.020 | dayR=0.00 | dayN=0 | stall=yes
[WD-HB] 2025-09-24 14:27:15 up=0:04:30 sinceHB=0s | OT=0 arm=trend gate=no eps=0.020 R=0.00 N=0 stall=yes | ADX=0.0 BBbw=0.0000 ATR%=0.000000 ESZ5 cid=495512563
[HB] 2025-09-24 14:27:16 CT OpenTrades=0 | ChooserArm=trend | Gate=no | eps=0.020 | dayR=0.00 | dayN=0 | stall=yes
[HB] 2025-09-24 14:27:17 CT OpenTrades=0 | ChooserArm=trend | Gate=no | eps=0.020 | dayR=0.00 | dayN=0 | stall=yes
[HB] 2025-09-24 14:27:18 CT OpenTrades=0 | ChooserArm=trend | Gate=no | eps=0.020 | dayR=0.00 | dayN=0 | stall=yes
[WD-HB] 2025-09-24 14:27:18 up=0:04:33 sinceHB=0s | OT=0 arm=trend gate=no eps=0.020 R=0.00 N=0 stall=yes | ADX=0.0 BBbw=0.0000 ATR%=0.000000 ESZ5 cid=495512563
[HB] 2025-09-24 14:27:19 CT OpenTrades=0 | ChooserArm=trend | Gate=no | eps=0.020 | dayR=0.00 | dayN=0 | stall=yes
[HB] 2025-09-24 14:27:20 CT OpenTrades=0 | ChooserArm=trend | Gate=no | eps=0.020 | dayR=0.00 | dayN=0 | stall=yes
[HB] 2025-09-24 14:27:21 CT OpenTrades=0 | ChooserArm=trend | Gate=no | eps=0.020 | dayR=0.00 | dayN=0 | stall=yes
[WD-HB] 2025-09-24 14:27:21 up=0:04:36 sinceHB=0s | OT=0 arm=trend gate=no eps=0.020 R=0.00 N=0 stall=yes | ADX=0.0 BBbw=0.0000 ATR%=0.000000 ESZ5 cid=495512563
[HB] 2025-09-24 14:27:22 CT OpenTrades=0 | ChooserArm=trend | Gate=no | eps=0.020 | dayR=0.00 | dayN=0 | stall=yes
[HB] 2025-09-24 14:27:23 CT OpenTrades=0 | ChooserArm=trend | Gate=no | eps=0.019 | dayR=0.00 | dayN=0 | stall=yes
[HB] 2025-09-24 14:27:24 CT OpenTrades=0 | ChooserArm=trend | Gate=no | eps=0.019 | dayR=0.00 | dayN=0 | stall=yes
[WD-HB] 2025-09-24 14:27:24 up=0:04:39 sinceHB=0s | OT=0 arm=trend gate=no eps=0.019 R=0.00 N=0 stall=yes | ADX=0.0 BBbw=0.0000 ATR%=0.000000 ESZ5 cid=495512563
[HB] 2025-09-24 14:27:25 CT OpenTrades=0 | ChooserArm=trend | Gate=no | eps=0.019 | dayR=0.00 | dayN=0 | stall=yes
[REGIME] ADX=0.0  BBbw=0.0000  ATR%=0.000000  (ok=False)
[HB] 2025-09-24 14:27:26 CT OpenTrades=0 | ChooserArm=trend | Gate=no | eps=0.019 | dayR=0.00 | dayN=0 | stall=yes
[INFO] 2025-09-24 14:27:27 Saved chooser state to .\models\linucb_es.json
[INFO] 2025-09-24 14:27:27 [SNAPSHOT] Wrote logs\chooser_snapshots\linucb_es_20250924_20250924_142727.json
