API connection failed: ConnectionRefusedError(22, 'The remote computer refused the network connection', None, 1225, None)
Make sure API port on TWS/IBG is open
Traceback (most recent call last):
  File "C:\Users\owner\Desktop\es_futures_backtester\paper_trader.py", line 759, in <module>
    main()
    ~~~~^^
  File "C:\Users\owner\Desktop\es_futures_backtester\paper_trader.py", line 626, in main
    ib = IB(); ib.connect(args.host, args.port, clientId=args.clientId, readonly=False)
               ~~~~~~~~~~^^^^^^^^^^^^^^^^^^^^^^^^^^^^^^^^^^^^^^^^^^^^^^^^^^^^^^^^^^^^^^
  File "C:\Users\owner\AppData\Local\Programs\Python\Python313\Lib\site-packages\ib_insync\ib.py", line 279, in connect
    return self._run(self.connectAsync(
           ~~~~~~~~~^^^^^^^^^^^^^^^^^^^
        host, port, clientId, timeout, readonly, account))
        ^^^^^^^^^^^^^^^^^^^^^^^^^^^^^^^^^^^^^^^^^^^^^^^^^^
  File "C:\Users\owner\AppData\Local\Programs\Python\Python313\Lib\site-packages\ib_insync\ib.py", line 318, in _run
    return util.run(*awaitables, timeout=self.RequestTimeout)
           ~~~~~~~~^^^^^^^^^^^^^^^^^^^^^^^^^^^^^^^^^^^^^^^^^^
  File "C:\Users\owner\AppData\Local\Programs\Python\Python313\Lib\site-packages\ib_insync\util.py", line 341, in run
    result = loop.run_until_complete(task)
  File "C:\Users\owner\AppData\Local\Programs\Python\Python313\Lib\asyncio\base_events.py", line 725, in run_until_complete
    return future.result()
           ~~~~~~~~~~~~~^^
  File "C:\Users\owner\AppData\Local\Programs\Python\Python313\Lib\site-packages\ib_insync\ib.py", line 1748, in connectAsync
    await self.client.connectAsync(host, port, clientId, timeout)
  File "C:\Users\owner\AppData\Local\Programs\Python\Python313\Lib\site-packages\ib_insync\client.py", line 211, in connectAsync
    await asyncio.wait_for(self.conn.connectAsync(host, port), timeout)
  File "C:\Users\owner\AppData\Local\Programs\Python\Python313\Lib\asyncio\tasks.py", line 507, in wait_for
    return await fut
           ^^^^^^^^^
  File "C:\Users\owner\AppData\Local\Programs\Python\Python313\Lib\site-packages\ib_insync\connection.py", line 39, in connectAsync
    self.transport, _ = await loop.create_connection(
                        ^^^^^^^^^^^^^^^^^^^^^^^^^^^^^
        lambda: self, host, port)
        ^^^^^^^^^^^^^^^^^^^^^^^^^
  File "C:\Users\owner\AppData\Local\Programs\Python\Python313\Lib\asyncio\base_events.py", line 1166, in create_connection
    raise exceptions[0]
  File "C:\Users\owner\AppData\Local\Programs\Python\Python313\Lib\asyncio\base_events.py", line 1141, in create_connection
    sock = await self._connect_sock(
           ^^^^^^^^^^^^^^^^^^^^^^^^^
        exceptions, addrinfo, laddr_infos)
        ^^^^^^^^^^^^^^^^^^^^^^^^^^^^^^^^^^
  File "C:\Users\owner\AppData\Local\Programs\Python\Python313\Lib\asyncio\base_events.py", line 1044, in _connect_sock
    await self.sock_connect(sock, address)
  File "C:\Users\owner\AppData\Local\Programs\Python\Python313\Lib\asyncio\proactor_events.py", line 726, in sock_connect
    return await self._proactor.connect(sock, address)
           ^^^^^^^^^^^^^^^^^^^^^^^^^^^^^^^^^^^^^^^^^^^
  File "C:\Users\owner\AppData\Local\Programs\Python\Python313\Lib\asyncio\windows_events.py", line 804, in _poll
    value = callback(transferred, key, ov)
  File "C:\Users\owner\AppData\Local\Programs\Python\Python313\Lib\asyncio\windows_events.py", line 600, in finish_connect
    ov.getresult()
    ~~~~~~~~~~~~^^
ConnectionRefusedError: [WinError 1225] The remote computer refused the network connection
