[CLI] Ignoring unknown args: ['--min-hold-sec', '60', '--breakeven-after-R', '2.2', '--trail-atr-mult', '3.2', '--trail-delay-sec', '240', '--trail-on-bar-close']
Error 326, reqId -1: Unable to connect as the client id is already in use. Retry with a unique client id.
Peer closed connection. clientId 111 already in use?
API connection failed: TimeoutError()
Error 161, reqId 720: Cancel attempted when order is not in a cancellable state.  Order permId =1693252965
Error 161, reqId 722: Cancel attempted when order is not in a cancellable state.  Order permId =1693252969
Error 161, reqId 724: Cancel attempted when order is not in a cancellable state.  Order permId =1693252971
Error 161, reqId 726: Cancel attempted when order is not in a cancellable state.  Order permId =1693252975
Error 161, reqId 728: Cancel attempted when order is not in a cancellable state.  Order permId =1693252979
Error 161, reqId 730: Cancel attempted when order is not in a cancellable state.  Order permId =1693252986
Error 161, reqId 735: Cancel attempted when order is not in a cancellable state.  Order permId =1693252991
Error 161, reqId 737: Cancel attempted when order is not in a cancellable state.  Order permId =1693252995
Error 161, reqId 739: Cancel attempted when order is not in a cancellable state.  Order permId =1693253001
Error 161, reqId 745: Cancel attempted when order is not in a cancellable state.  Order permId =1693253012
Error 161, reqId 747: Cancel attempted when order is not in a cancellable state.  Order permId =1693253016
Error 161, reqId 751: Cancel attempted when order is not in a cancellable state.  Order permId =1693253100
Error 161, reqId 753: Cancel attempted when order is not in a cancellable state.  Order permId =1693253105
Error 161, reqId 755: Cancel attempted when order is not in a cancellable state.  Order permId =1693253110
Error 161, reqId 757: Cancel attempted when order is not in a cancellable state.  Order permId =1693253114
Error 161, reqId 759: Cancel attempted when order is not in a cancellable state.  Order permId =1693253116
Peer closed connection.
