Traceback (most recent call last):
  File "C:\Users\owner\Desktop\es_futures_backtester\paper_trader.py", line 30, in <module>
    import pandas as pd
  File "C:\Users\owner\AppData\Local\Programs\Python\Python313\Lib\site-packages\pandas\__init__.py", line 61, in <module>
    from pandas.core.api import (
    ...<62 lines>...
    )
  File "C:\Users\owner\AppData\Local\Programs\Python\Python313\Lib\site-packages\pandas\core\api.py", line 47, in <module>
    from pandas.core.groupby import (
    ...<2 lines>...
    )
  File "C:\Users\owner\AppData\Local\Programs\Python\Python313\Lib\site-packages\pandas\core\groupby\__init__.py", line 1, in <module>
    from pandas.core.groupby.generic import (
    ...<3 lines>...
    )
  File "C:\Users\owner\AppData\Local\Programs\Python\Python313\Lib\site-packages\pandas\core\groupby\generic.py", line 68, in <module>
    from pandas.core.frame import DataFrame
  File "C:\Users\owner\AppData\Local\Programs\Python\Python313\Lib\site-packages\pandas\core\frame.py", line 149, in <module>
    from pandas.core.generic import (
    ...<2 lines>...
    )
  File "C:\Users\owner\AppData\Local\Programs\Python\Python313\Lib\site-packages\pandas\core\generic.py", line 184, in <module>
    from pandas.core.methods.describe import describe_ndframe
  File "C:\Users\owner\AppData\Local\Programs\Python\Python313\Lib\site-packages\pandas\core\methods\describe.py", line 41, in <module>
    from pandas.io.formats.format import format_percentiles
  File "<frozen importlib._bootstrap>", line 1360, in _find_and_load
  File "<frozen importlib._bootstrap>", line 1322, in _find_and_load_unlocked
  File "<frozen importlib._bootstrap>", line 1262, in _find_spec
  File "<frozen importlib._bootstrap_external>", line 1559, in find_spec
  File "<frozen importlib._bootstrap_external>", line 1533, in _get_spec
  File "<frozen importlib._bootstrap_external>", line 1632, in find_spec
  File "<frozen importlib._bootstrap_external>", line 152, in _path_stat
KeyboardInterrupt
