[INFO] 2025-09-17 09:51:55 Enabled arms: trend,breakout,reversion,vwap
[INFO] 2025-09-17 09:51:55 Loaded chooser state from C:\Users\owner\Desktop\es_futures_backtester\models\linucb_es.json
[INFO] 2025-09-17 09:51:55 [PING 1] clientId=19 connected: False
[INFO] 2025-09-17 09:51:55 Connected 127.0.0.1:7497 clientId=19 | Market data type: LIVE
[INFO] 2025-09-17 09:51:55 Using contract: ESZ5  (conId=495512563)
[INFO] 2025-09-17 09:51:55 [WARMUP] Fetching 5d of 1m bars...
[INFO] 2025-09-17 09:51:57 [WARMUP] Loaded 6532 historical 1m bars.
[REGIME] ADX=14.5  BBbw=0.0006  ATR%=0.000202  (ok=True)
[INFO] 2025-09-17 09:52:03 [ARMS] trend: EN n=0, avgR=+0.000, mu=+0.000, ucb=+1.490 | breakout: EN n=0, avgR=+0.000, mu=+0.000, ucb=+1.490 | reversion: EN n=2, avgR=+0.387, mu=+0.474, ucb=+1.288 | vwap: EN n=0, avgR=+0.000, mu=+0.000, ucb=+1.490
[HB] 2025-09-17 09:52:03 CT OpenTrades=0 | ChooserArm=trend | Gate=yes | eps=0.030 | sessionR=0.00 | sessionN=0 | stall=no
[GATE] floors: BBbw>=0.000364 ATR%>=0.000089  now: ADX=14.5 BBbw=0.000569 ATR%=0.000202 ok=True
[HB] 2025-09-17 09:52:04 CT OpenTrades=0 | ChooserArm=trend | Gate=yes | eps=0.030 | sessionR=0.00 | sessionN=0 | stall=no
[GATE] floors: BBbw>=0.000364 ATR%>=0.000089  now: ADX=12.9 BBbw=0.000530 ATR%=0.000185 ok=True
[HB] 2025-09-17 09:52:05 CT OpenTrades=0 | ChooserArm=trend | Gate=yes | eps=0.030 | sessionR=0.00 | sessionN=0 | stall=no
[GATE] floors: BBbw>=0.000364 ATR%>=0.000089  now: ADX=12.9 BBbw=0.000530 ATR%=0.000185 ok=True
[HB] 2025-09-17 09:52:06 CT OpenTrades=0 | ChooserArm=trend | Gate=yes | eps=0.030 | sessionR=0.00 | sessionN=0 | stall=no
[GATE] floors: BBbw>=0.000364 ATR%>=0.000089  now: ADX=12.5 BBbw=0.000530 ATR%=0.000180 ok=True
[HB] 2025-09-17 09:52:07 CT OpenTrades=0 | ChooserArm=trend | Gate=yes | eps=0.030 | sessionR=0.00 | sessionN=0 | stall=no
[GATE] floors: BBbw>=0.000364 ATR%>=0.000089  now: ADX=12.5 BBbw=0.000530 ATR%=0.000180 ok=True
[HB] 2025-09-17 09:52:08 CT OpenTrades=0 | ChooserArm=trend | Gate=yes | eps=0.030 | sessionR=0.00 | sessionN=0 | stall=no
[GATE] floors: BBbw>=0.000364 ATR%>=0.000089  now: ADX=12.5 BBbw=0.000530 ATR%=0.000180 ok=True
[HB] 2025-09-17 09:52:09 CT OpenTrades=0 | ChooserArm=trend | Gate=yes | eps=0.030 | sessionR=0.00 | sessionN=0 | stall=no
[GATE] floors: BBbw>=0.000364 ATR%>=0.000089  now: ADX=12.5 BBbw=0.000530 ATR%=0.000180 ok=True
[HB] 2025-09-17 09:52:11 CT OpenTrades=0 | ChooserArm=trend | Gate=yes | eps=0.030 | sessionR=0.00 | sessionN=0 | stall=no
[GATE] floors: BBbw>=0.000364 ATR%>=0.000089  now: ADX=12.5 BBbw=0.000530 ATR%=0.000180 ok=True
[HB] 2025-09-17 09:52:12 CT OpenTrades=0 | ChooserArm=trend | Gate=yes | eps=0.030 | sessionR=0.00 | sessionN=0 | stall=no
[GATE] floors: BBbw>=0.000364 ATR%>=0.000089  now: ADX=12.3 BBbw=0.000511 ATR%=0.000161 ok=True
[HB] 2025-09-17 09:52:13 CT OpenTrades=0 | ChooserArm=trend | Gate=yes | eps=0.030 | sessionR=0.00 | sessionN=0 | stall=no
[GATE] floors: BBbw>=0.000364 ATR%>=0.000089  now: ADX=12.3 BBbw=0.000511 ATR%=0.000161 ok=True
[HB] 2025-09-17 09:52:14 CT OpenTrades=0 | ChooserArm=trend | Gate=yes | eps=0.030 | sessionR=0.00 | sessionN=0 | stall=no
[GATE] floors: BBbw>=0.000364 ATR%>=0.000089  now: ADX=12.3 BBbw=0.000511 ATR%=0.000161 ok=True
[HB] 2025-09-17 09:52:15 CT OpenTrades=0 | ChooserArm=trend | Gate=yes | eps=0.030 | sessionR=0.00 | sessionN=0 | stall=no
[GATE] floors: BBbw>=0.000364 ATR%>=0.000089  now: ADX=12.3 BBbw=0.000511 ATR%=0.000161 ok=True
[HB] 2025-09-17 09:52:16 CT OpenTrades=0 | ChooserArm=trend | Gate=yes | eps=0.030 | sessionR=0.00 | sessionN=0 | stall=no
[GATE] floors: BBbw>=0.000364 ATR%>=0.000089  now: ADX=10.9 BBbw=0.000506 ATR%=0.000145 ok=True
[HB] 2025-09-17 09:52:17 CT OpenTrades=0 | ChooserArm=trend | Gate=yes | eps=0.030 | sessionR=0.00 | sessionN=0 | stall=no
[GATE] floors: BBbw>=0.000364 ATR%>=0.000089  now: ADX=10.9 BBbw=0.000506 ATR%=0.000145 ok=True
[REGIME] ADX=10.9  BBbw=0.0005  ATR%=0.000145  (ok=True)
[HB] 2025-09-17 09:52:18 CT OpenTrades=0 | ChooserArm=trend | Gate=yes | eps=0.030 | sessionR=0.00 | sessionN=0 | stall=no
[GATE] floors: BBbw>=0.000364 ATR%>=0.000089  now: ADX=10.9 BBbw=0.000506 ATR%=0.000145 ok=True
[HB] 2025-09-17 09:52:20 CT OpenTrades=0 | ChooserArm=trend | Gate=yes | eps=0.030 | sessionR=0.00 | sessionN=0 | stall=no
[GATE] floors: BBbw>=0.000364 ATR%>=0.000089  now: ADX=10.9 BBbw=0.000506 ATR%=0.000145 ok=True
[HB] 2025-09-17 09:52:21 CT OpenTrades=0 | ChooserArm=trend | Gate=yes | eps=0.030 | sessionR=0.00 | sessionN=0 | stall=no
[GATE] floors: BBbw>=0.000364 ATR%>=0.000089  now: ADX=10.9 BBbw=0.000506 ATR%=0.000145 ok=True
[HB] 2025-09-17 09:52:22 CT OpenTrades=0 | ChooserArm=trend | Gate=yes | eps=0.030 | sessionR=0.00 | sessionN=0 | stall=no
[GATE] floors: BBbw>=0.000364 ATR%>=0.000089  now: ADX=10.3 BBbw=0.000498 ATR%=0.000136 ok=True
[HB] 2025-09-17 09:52:23 CT OpenTrades=0 | ChooserArm=trend | Gate=yes | eps=0.030 | sessionR=0.00 | sessionN=0 | stall=no
[GATE] floors: BBbw>=0.000364 ATR%>=0.000089  now: ADX=10.3 BBbw=0.000498 ATR%=0.000136 ok=True
[HB] 2025-09-17 09:52:24 CT OpenTrades=0 | ChooserArm=trend | Gate=yes | eps=0.030 | sessionR=0.00 | sessionN=0 | stall=no
[GATE] floors: BBbw>=0.000364 ATR%>=0.000089  now: ADX=10.3 BBbw=0.000498 ATR%=0.000136 ok=True
[HB] 2025-09-17 09:52:25 CT OpenTrades=0 | ChooserArm=trend | Gate=yes | eps=0.030 | sessionR=0.00 | sessionN=0 | stall=no
[GATE] floors: BBbw>=0.000364 ATR%>=0.000089  now: ADX=10.3 BBbw=0.000498 ATR%=0.000136 ok=True
[HB] 2025-09-17 09:52:26 CT OpenTrades=0 | ChooserArm=trend | Gate=yes | eps=0.030 | sessionR=0.00 | sessionN=0 | stall=no
[GATE] floors: BBbw>=0.000364 ATR%>=0.000089  now: ADX=10.3 BBbw=0.000498 ATR%=0.000136 ok=True
[HB] 2025-09-17 09:52:27 CT OpenTrades=0 | ChooserArm=trend | Gate=yes | eps=0.030 | sessionR=0.00 | sessionN=0 | stall=no
[GATE] floors: BBbw>=0.000364 ATR%>=0.000089  now: ADX=9.7 BBbw=0.000498 ATR%=0.000122 ok=True
[HB] 2025-09-17 09:52:29 CT OpenTrades=0 | ChooserArm=trend | Gate=yes | eps=0.030 | sessionR=0.00 | sessionN=0 | stall=no
[GATE] floors: BBbw>=0.000364 ATR%>=0.000089  now: ADX=9.7 BBbw=0.000498 ATR%=0.000122 ok=True
[HB] 2025-09-17 09:52:30 CT OpenTrades=0 | ChooserArm=reversion | Gate=yes | eps=0.030 | sessionR=0.00 | sessionN=0 | stall=no
[GATE] floors: BBbw>=0.000364 ATR%>=0.000089  now: ADX=9.7 BBbw=0.000498 ATR%=0.000122 ok=True
[HB] 2025-09-17 09:52:31 CT OpenTrades=0 | ChooserArm=trend | Gate=yes | eps=0.030 | sessionR=0.00 | sessionN=0 | stall=no
[GATE] floors: BBbw>=0.000364 ATR%>=0.000089  now: ADX=9.7 BBbw=0.000498 ATR%=0.000122 ok=True
[HB] 2025-09-17 09:52:32 CT OpenTrades=0 | ChooserArm=trend | Gate=yes | eps=0.030 | sessionR=0.00 | sessionN=0 | stall=no
[GATE] floors: BBbw>=0.000365 ATR%>=0.000089  now: ADX=11.4 BBbw=0.000455 ATR%=0.000121 ok=True
[HB] 2025-09-17 09:52:33 CT OpenTrades=0 | ChooserArm=trend | Gate=yes | eps=0.030 | sessionR=0.00 | sessionN=0 | stall=no
[GATE] floors: BBbw>=0.000365 ATR%>=0.000089  now: ADX=11.4 BBbw=0.000455 ATR%=0.000121 ok=True
[REGIME] ADX=11.4  BBbw=0.0005  ATR%=0.000121  (ok=True)
[HB] 2025-09-17 09:52:34 CT OpenTrades=0 | ChooserArm=trend | Gate=yes | eps=0.030 | sessionR=0.00 | sessionN=0 | stall=no
[GATE] floors: BBbw>=0.000365 ATR%>=0.000089  now: ADX=11.4 BBbw=0.000455 ATR%=0.000121 ok=True
[HB] 2025-09-17 09:52:35 CT OpenTrades=0 | ChooserArm=trend | Gate=yes | eps=0.030 | sessionR=0.00 | sessionN=0 | stall=no
[GATE] floors: BBbw>=0.000365 ATR%>=0.000089  now: ADX=11.4 BBbw=0.000455 ATR%=0.000121 ok=True
[HB] 2025-09-17 09:52:36 CT OpenTrades=0 | ChooserArm=trend | Gate=no | eps=0.030 | sessionR=0.00 | sessionN=0 | stall=no
[GATE] floors: BBbw>=0.000365 ATR%>=0.000089  now: ADX=12.9 BBbw=0.000349 ATR%=0.000110 ok=False
[HB] 2025-09-17 09:52:38 CT OpenTrades=0 | ChooserArm=trend | Gate=no | eps=0.030 | sessionR=0.00 | sessionN=0 | stall=no
[GATE] floors: BBbw>=0.000365 ATR%>=0.000089  now: ADX=12.9 BBbw=0.000349 ATR%=0.000110 ok=False
[HB] 2025-09-17 09:52:39 CT OpenTrades=0 | ChooserArm=trend | Gate=no | eps=0.030 | sessionR=0.00 | sessionN=0 | stall=no
[GATE] floors: BBbw>=0.000365 ATR%>=0.000089  now: ADX=12.9 BBbw=0.000349 ATR%=0.000110 ok=False
[HB] 2025-09-17 09:52:40 CT OpenTrades=0 | ChooserArm=trend | Gate=no | eps=0.030 | sessionR=0.00 | sessionN=0 | stall=no
[GATE] floors: BBbw>=0.000365 ATR%>=0.000089  now: ADX=12.9 BBbw=0.000349 ATR%=0.000110 ok=False
[HB] 2025-09-17 09:52:41 CT OpenTrades=0 | ChooserArm=trend | Gate=no | eps=0.030 | sessionR=0.00 | sessionN=0 | stall=no
[GATE] floors: BBbw>=0.000365 ATR%>=0.000089  now: ADX=12.9 BBbw=0.000349 ATR%=0.000110 ok=False
[HB] 2025-09-17 09:52:42 CT OpenTrades=0 | ChooserArm=trend | Gate=no | eps=0.030 | sessionR=0.00 | sessionN=0 | stall=no
[GATE] floors: BBbw>=0.000365 ATR%>=0.000089  now: ADX=11.3 BBbw=0.000323 ATR%=0.000105 ok=False
[HB] 2025-09-17 09:52:43 CT OpenTrades=0 | ChooserArm=trend | Gate=no | eps=0.030 | sessionR=0.00 | sessionN=0 | stall=no
[GATE] floors: BBbw>=0.000365 ATR%>=0.000089  now: ADX=11.3 BBbw=0.000323 ATR%=0.000105 ok=False
[HB] 2025-09-17 09:52:44 CT OpenTrades=0 | ChooserArm=trend | Gate=no | eps=0.030 | sessionR=0.00 | sessionN=0 | stall=no
[GATE] floors: BBbw>=0.000365 ATR%>=0.000089  now: ADX=11.3 BBbw=0.000323 ATR%=0.000105 ok=False
[HB] 2025-09-17 09:52:45 CT OpenTrades=0 | ChooserArm=trend | Gate=no | eps=0.030 | sessionR=0.00 | sessionN=0 | stall=no
[GATE] floors: BBbw>=0.000365 ATR%>=0.000089  now: ADX=11.3 BBbw=0.000323 ATR%=0.000105 ok=False
[HB] 2025-09-17 09:52:47 CT OpenTrades=0 | ChooserArm=trend | Gate=no | eps=0.030 | sessionR=0.00 | sessionN=0 | stall=no
[GATE] floors: BBbw>=0.000365 ATR%>=0.000089  now: ADX=9.8 BBbw=0.000305 ATR%=0.000096 ok=False
[HB] 2025-09-17 09:52:48 CT OpenTrades=0 | ChooserArm=reversion | Gate=no | eps=0.030 | sessionR=0.00 | sessionN=0 | stall=no
[GATE] floors: BBbw>=0.000365 ATR%>=0.000089  now: ADX=9.8 BBbw=0.000305 ATR%=0.000096 ok=False
[HB] 2025-09-17 09:52:49 CT OpenTrades=0 | ChooserArm=trend | Gate=no | eps=0.030 | sessionR=0.00 | sessionN=0 | stall=no
[GATE] floors: BBbw>=0.000365 ATR%>=0.000089  now: ADX=9.8 BBbw=0.000305 ATR%=0.000096 ok=False
[REGIME] ADX=9.8  BBbw=0.0003  ATR%=0.000096  (ok=False)
[HB] 2025-09-17 09:52:50 CT OpenTrades=0 | ChooserArm=trend | Gate=no | eps=0.030 | sessionR=0.00 | sessionN=0 | stall=no
[GATE] floors: BBbw>=0.000365 ATR%>=0.000089  now: ADX=9.8 BBbw=0.000305 ATR%=0.000096 ok=False
[HB] 2025-09-17 09:52:51 CT OpenTrades=0 | ChooserArm=trend | Gate=no | eps=0.030 | sessionR=0.00 | sessionN=0 | stall=no
[GATE] floors: BBbw>=0.000365 ATR%>=0.000089  now: ADX=9.8 BBbw=0.000305 ATR%=0.000096 ok=False
[HB] 2025-09-17 09:52:52 CT OpenTrades=0 | ChooserArm=trend | Gate=no | eps=0.030 | sessionR=0.00 | sessionN=0 | stall=no
[GATE] floors: BBbw>=0.000365 ATR%>=0.000089  now: ADX=10.1 BBbw=0.000295 ATR%=0.000093 ok=False
[HB] 2025-09-17 09:52:53 CT OpenTrades=0 | ChooserArm=trend | Gate=no | eps=0.030 | sessionR=0.00 | sessionN=0 | stall=no
[GATE] floors: BBbw>=0.000365 ATR%>=0.000089  now: ADX=10.1 BBbw=0.000295 ATR%=0.000093 ok=False
[HB] 2025-09-17 09:52:54 CT OpenTrades=0 | ChooserArm=trend | Gate=no | eps=0.030 | sessionR=0.00 | sessionN=0 | stall=no
[GATE] floors: BBbw>=0.000365 ATR%>=0.000089  now: ADX=10.1 BBbw=0.000295 ATR%=0.000093 ok=False
[HB] 2025-09-17 09:52:56 CT OpenTrades=0 | ChooserArm=trend | Gate=no | eps=0.030 | sessionR=0.00 | sessionN=0 | stall=no
[GATE] floors: BBbw>=0.000365 ATR%>=0.000089  now: ADX=10.1 BBbw=0.000295 ATR%=0.000093 ok=False
[HB] 2025-09-17 09:52:57 CT OpenTrades=0 | ChooserArm=trend | Gate=no | eps=0.030 | sessionR=0.00 | sessionN=0 | stall=no
[GATE] floors: BBbw>=0.000365 ATR%>=0.000089  now: ADX=10.3 BBbw=0.000293 ATR%=0.000091 ok=False
[HB] 2025-09-17 09:52:58 CT OpenTrades=0 | ChooserArm=trend | Gate=no | eps=0.030 | sessionR=0.00 | sessionN=0 | stall=no
[GATE] floors: BBbw>=0.000365 ATR%>=0.000089  now: ADX=10.3 BBbw=0.000293 ATR%=0.000091 ok=False
[HB] 2025-09-17 09:52:59 CT OpenTrades=0 | ChooserArm=trend | Gate=no | eps=0.030 | sessionR=0.00 | sessionN=0 | stall=no
[GATE] floors: BBbw>=0.000365 ATR%>=0.000089  now: ADX=10.3 BBbw=0.000293 ATR%=0.000091 ok=False
[HB] 2025-09-17 09:53:00 CT OpenTrades=0 | ChooserArm=trend | Gate=no | eps=0.030 | sessionR=0.00 | sessionN=0 | stall=no
[GATE] floors: BBbw>=0.000365 ATR%>=0.000089  now: ADX=10.3 BBbw=0.000293 ATR%=0.000091 ok=False
[INFO] 2025-09-17 09:53:00 Saved chooser state to C:\Users\owner\Desktop\es_futures_backtester\models\linucb_es.json
[HB] 2025-09-17 09:53:01 CT OpenTrades=0 | ChooserArm=trend | Gate=no | eps=0.030 | sessionR=0.00 | sessionN=0 | stall=no
[GATE] floors: BBbw>=0.000365 ATR%>=0.000089  now: ADX=10.5 BBbw=0.000240 ATR%=0.000084 ok=False
[HB] 2025-09-17 09:53:02 CT OpenTrades=0 | ChooserArm=trend | Gate=no | eps=0.030 | sessionR=0.00 | sessionN=0 | stall=no
[GATE] floors: BBbw>=0.000365 ATR%>=0.000089  now: ADX=10.5 BBbw=0.000240 ATR%=0.000084 ok=False
[INFO] 2025-09-17 09:53:03 [ARMS] trend: EN n=0, avgR=+0.000, mu=+0.000, ucb=+0.793 | breakout: EN n=0, avgR=+0.000, mu=+0.000, ucb=+0.793 | reversion: EN n=2, avgR=+0.387, mu=+0.219, ucb=+0.758 | vwap: EN n=0, avgR=+0.000, mu=+0.000, ucb=+0.793
[HB] 2025-09-17 09:53:03 CT OpenTrades=0 | ChooserArm=trend | Gate=no | eps=0.030 | sessionR=0.00 | sessionN=0 | stall=no
[GATE] floors: BBbw>=0.000365 ATR%>=0.000089  now: ADX=10.5 BBbw=0.000240 ATR%=0.000084 ok=False
[HB] 2025-09-17 09:53:05 CT OpenTrades=0 | ChooserArm=trend | Gate=no | eps=0.030 | sessionR=0.00 | sessionN=0 | stall=no
[GATE] floors: BBbw>=0.000365 ATR%>=0.000089  now: ADX=10.5 BBbw=0.000240 ATR%=0.000084 ok=False
[REGIME] ADX=10.5  BBbw=0.0002  ATR%=0.000084  (ok=False)
[HB] 2025-09-17 09:53:06 CT OpenTrades=0 | ChooserArm=vwap | Gate=no | eps=0.030 | sessionR=0.00 | sessionN=0 | stall=no
[GATE] floors: BBbw>=0.000365 ATR%>=0.000089  now: ADX=10.5 BBbw=0.000240 ATR%=0.000084 ok=False
[HB] 2025-09-17 09:53:07 CT OpenTrades=0 | ChooserArm=trend | Gate=no | eps=0.030 | sessionR=0.00 | sessionN=0 | stall=no
[GATE] floors: BBbw>=0.000365 ATR%>=0.000089  now: ADX=11.4 BBbw=0.000243 ATR%=0.000083 ok=False
[HB] 2025-09-17 09:53:08 CT OpenTrades=0 | ChooserArm=trend | Gate=no | eps=0.030 | sessionR=0.00 | sessionN=0 | stall=no
[GATE] floors: BBbw>=0.000365 ATR%>=0.000089  now: ADX=11.4 BBbw=0.000243 ATR%=0.000083 ok=False
[HB] 2025-09-17 09:53:09 CT OpenTrades=0 | ChooserArm=trend | Gate=no | eps=0.030 | sessionR=0.00 | sessionN=0 | stall=no
[GATE] floors: BBbw>=0.000365 ATR%>=0.000089  now: ADX=11.4 BBbw=0.000243 ATR%=0.000083 ok=False
[HB] 2025-09-17 09:53:10 CT OpenTrades=0 | ChooserArm=trend | Gate=no | eps=0.030 | sessionR=0.00 | sessionN=0 | stall=no
[GATE] floors: BBbw>=0.000365 ATR%>=0.000089  now: ADX=11.4 BBbw=0.000243 ATR%=0.000083 ok=False
[HB] 2025-09-17 09:53:11 CT OpenTrades=0 | ChooserArm=trend | Gate=no | eps=0.030 | sessionR=0.00 | sessionN=0 | stall=no
[GATE] floors: BBbw>=0.000365 ATR%>=0.000089  now: ADX=11.4 BBbw=0.000243 ATR%=0.000083 ok=False
[HB] 2025-09-17 09:53:12 CT OpenTrades=0 | ChooserArm=trend | Gate=no | eps=0.030 | sessionR=0.00 | sessionN=0 | stall=no
[GATE] floors: BBbw>=0.000365 ATR%>=0.000089  now: ADX=11.2 BBbw=0.000243 ATR%=0.000087 ok=False
[HB] 2025-09-17 09:53:14 CT OpenTrades=0 | ChooserArm=trend | Gate=no | eps=0.030 | sessionR=0.00 | sessionN=0 | stall=no
[GATE] floors: BBbw>=0.000365 ATR%>=0.000089  now: ADX=11.2 BBbw=0.000243 ATR%=0.000087 ok=False
[HB] 2025-09-17 09:53:15 CT OpenTrades=0 | ChooserArm=trend | Gate=no | eps=0.030 | sessionR=0.00 | sessionN=0 | stall=no
[GATE] floors: BBbw>=0.000365 ATR%>=0.000089  now: ADX=11.2 BBbw=0.000243 ATR%=0.000087 ok=False
[HB] 2025-09-17 09:53:16 CT OpenTrades=0 | ChooserArm=trend | Gate=no | eps=0.030 | sessionR=0.00 | sessionN=0 | stall=no
[GATE] floors: BBbw>=0.000365 ATR%>=0.000089  now: ADX=11.2 BBbw=0.000243 ATR%=0.000087 ok=False
[HB] 2025-09-17 09:53:17 CT OpenTrades=0 | ChooserArm=trend | Gate=no | eps=0.030 | sessionR=0.00 | sessionN=0 | stall=no
[GATE] floors: BBbw>=0.000365 ATR%>=0.000089  now: ADX=12.4 BBbw=0.000236 ATR%=0.000085 ok=False
[HB] 2025-09-17 09:53:18 CT OpenTrades=0 | ChooserArm=trend | Gate=no | eps=0.030 | sessionR=0.00 | sessionN=0 | stall=no
[GATE] floors: BBbw>=0.000365 ATR%>=0.000089  now: ADX=12.4 BBbw=0.000236 ATR%=0.000085 ok=False
[HB] 2025-09-17 09:53:19 CT OpenTrades=0 | ChooserArm=trend | Gate=no | eps=0.030 | sessionR=0.00 | sessionN=0 | stall=no
[GATE] floors: BBbw>=0.000365 ATR%>=0.000089  now: ADX=12.4 BBbw=0.000236 ATR%=0.000085 ok=False
[HB] 2025-09-17 09:53:20 CT OpenTrades=0 | ChooserArm=reversion | Gate=no | eps=0.030 | sessionR=0.00 | sessionN=0 | stall=no
[GATE] floors: BBbw>=0.000365 ATR%>=0.000089  now: ADX=12.4 BBbw=0.000236 ATR%=0.000085 ok=False
[REGIME] ADX=11.4  BBbw=0.0002  ATR%=0.000084  (ok=False)
[HB] 2025-09-17 09:53:22 CT OpenTrades=0 | ChooserArm=trend | Gate=no | eps=0.030 | sessionR=0.00 | sessionN=0 | stall=no
[GATE] floors: BBbw>=0.000365 ATR%>=0.000089  now: ADX=11.4 BBbw=0.000226 ATR%=0.000084 ok=False
[HB] 2025-09-17 09:53:23 CT OpenTrades=0 | ChooserArm=trend | Gate=no | eps=0.030 | sessionR=0.00 | sessionN=0 | stall=no
[GATE] floors: BBbw>=0.000365 ATR%>=0.000089  now: ADX=11.4 BBbw=0.000226 ATR%=0.000084 ok=False
[HB] 2025-09-17 09:53:24 CT OpenTrades=0 | ChooserArm=trend | Gate=no | eps=0.030 | sessionR=0.00 | sessionN=0 | stall=no
[GATE] floors: BBbw>=0.000365 ATR%>=0.000089  now: ADX=11.4 BBbw=0.000226 ATR%=0.000084 ok=False
[HB] 2025-09-17 09:53:25 CT OpenTrades=0 | ChooserArm=trend | Gate=no | eps=0.030 | sessionR=0.00 | sessionN=0 | stall=no
[GATE] floors: BBbw>=0.000365 ATR%>=0.000089  now: ADX=11.4 BBbw=0.000226 ATR%=0.000084 ok=False
[HB] 2025-09-17 09:53:26 CT OpenTrades=0 | ChooserArm=trend | Gate=no | eps=0.030 | sessionR=0.00 | sessionN=0 | stall=no
[GATE] floors: BBbw>=0.000365 ATR%>=0.000089  now: ADX=10.7 BBbw=0.000210 ATR%=0.000083 ok=False
[HB] 2025-09-17 09:53:27 CT OpenTrades=0 | ChooserArm=trend | Gate=no | eps=0.030 | sessionR=0.00 | sessionN=0 | stall=no
[GATE] floors: BBbw>=0.000365 ATR%>=0.000089  now: ADX=10.7 BBbw=0.000210 ATR%=0.000083 ok=False
[HB] 2025-09-17 09:53:28 CT OpenTrades=0 | ChooserArm=trend | Gate=no | eps=0.030 | sessionR=0.00 | sessionN=0 | stall=no
[GATE] floors: BBbw>=0.000365 ATR%>=0.000089  now: ADX=10.7 BBbw=0.000210 ATR%=0.000083 ok=False
[HB] 2025-09-17 09:53:29 CT OpenTrades=0 | ChooserArm=trend | Gate=no | eps=0.030 | sessionR=0.00 | sessionN=0 | stall=no
[GATE] floors: BBbw>=0.000365 ATR%>=0.000089  now: ADX=10.7 BBbw=0.000210 ATR%=0.000083 ok=False
[HB] 2025-09-17 09:53:31 CT OpenTrades=0 | ChooserArm=vwap | Gate=no | eps=0.030 | sessionR=0.00 | sessionN=0 | stall=no
[GATE] floors: BBbw>=0.000365 ATR%>=0.000089  now: ADX=10.7 BBbw=0.000210 ATR%=0.000083 ok=False
[HB] 2025-09-17 09:53:32 CT OpenTrades=0 | ChooserArm=trend | Gate=no | eps=0.030 | sessionR=0.00 | sessionN=0 | stall=no
[GATE] floors: BBbw>=0.000365 ATR%>=0.000089  now: ADX=10.1 BBbw=0.000178 ATR%=0.000077 ok=False
[HB] 2025-09-17 09:53:33 CT OpenTrades=0 | ChooserArm=trend | Gate=no | eps=0.030 | sessionR=0.00 | sessionN=0 | stall=no
[GATE] floors: BBbw>=0.000365 ATR%>=0.000089  now: ADX=10.1 BBbw=0.000178 ATR%=0.000077 ok=False
[HB] 2025-09-17 09:53:34 CT OpenTrades=0 | ChooserArm=trend | Gate=no | eps=0.030 | sessionR=0.00 | sessionN=0 | stall=no
[GATE] floors: BBbw>=0.000365 ATR%>=0.000089  now: ADX=10.1 BBbw=0.000178 ATR%=0.000077 ok=False
[HB] 2025-09-17 09:53:35 CT OpenTrades=0 | ChooserArm=trend | Gate=no | eps=0.030 | sessionR=0.00 | sessionN=0 | stall=no
[GATE] floors: BBbw>=0.000365 ATR%>=0.000089  now: ADX=10.1 BBbw=0.000178 ATR%=0.000077 ok=False
[HB] 2025-09-17 09:53:36 CT OpenTrades=0 | ChooserArm=trend | Gate=no | eps=0.030 | sessionR=0.00 | sessionN=0 | stall=no
[GATE] floors: BBbw>=0.000365 ATR%>=0.000089  now: ADX=10.1 BBbw=0.000178 ATR%=0.000077 ok=False
[REGIME] ADX=9.6  BBbw=0.0002  ATR%=0.000071  (ok=False)
[HB] 2025-09-17 09:53:37 CT OpenTrades=0 | ChooserArm=trend | Gate=no | eps=0.030 | sessionR=0.00 | sessionN=0 | stall=no
[GATE] floors: BBbw>=0.000365 ATR%>=0.000089  now: ADX=9.6 BBbw=0.000179 ATR%=0.000071 ok=False
[HB] 2025-09-17 09:53:38 CT OpenTrades=0 | ChooserArm=trend | Gate=no | eps=0.030 | sessionR=0.00 | sessionN=0 | stall=no
[GATE] floors: BBbw>=0.000365 ATR%>=0.000089  now: ADX=9.6 BBbw=0.000179 ATR%=0.000071 ok=False
[HB] 2025-09-17 09:53:39 CT OpenTrades=0 | ChooserArm=trend | Gate=no | eps=0.030 | sessionR=0.00 | sessionN=0 | stall=no
[GATE] floors: BBbw>=0.000365 ATR%>=0.000089  now: ADX=9.6 BBbw=0.000179 ATR%=0.000071 ok=False
[HB] 2025-09-17 09:53:41 CT OpenTrades=0 | ChooserArm=trend | Gate=no | eps=0.030 | sessionR=0.00 | sessionN=0 | stall=no
[GATE] floors: BBbw>=0.000365 ATR%>=0.000089  now: ADX=9.6 BBbw=0.000179 ATR%=0.000071 ok=False
[HB] 2025-09-17 09:53:42 CT OpenTrades=0 | ChooserArm=trend | Gate=no | eps=0.030 | sessionR=0.00 | sessionN=0 | stall=no
[GATE] floors: BBbw>=0.000365 ATR%>=0.000089  now: ADX=9.2 BBbw=0.000161 ATR%=0.000067 ok=False
[HB] 2025-09-17 09:53:43 CT OpenTrades=0 | ChooserArm=trend | Gate=no | eps=0.030 | sessionR=0.00 | sessionN=0 | stall=no
[GATE] floors: BBbw>=0.000365 ATR%>=0.000089  now: ADX=9.2 BBbw=0.000161 ATR%=0.000067 ok=False
[HB] 2025-09-17 09:53:44 CT OpenTrades=0 | ChooserArm=trend | Gate=no | eps=0.030 | sessionR=0.00 | sessionN=0 | stall=no
[GATE] floors: BBbw>=0.000365 ATR%>=0.000089  now: ADX=9.2 BBbw=0.000161 ATR%=0.000067 ok=False
[HB] 2025-09-17 09:53:45 CT OpenTrades=0 | ChooserArm=trend | Gate=no | eps=0.030 | sessionR=0.00 | sessionN=0 | stall=no
[GATE] floors: BBbw>=0.000365 ATR%>=0.000089  now: ADX=9.2 BBbw=0.000161 ATR%=0.000067 ok=False
[HB] 2025-09-17 09:53:46 CT OpenTrades=0 | ChooserArm=trend | Gate=no | eps=0.030 | sessionR=0.00 | sessionN=0 | stall=no
[GATE] floors: BBbw>=0.000365 ATR%>=0.000089  now: ADX=8.8 BBbw=0.000161 ATR%=0.000063 ok=False
[HB] 2025-09-17 09:53:47 CT OpenTrades=0 | ChooserArm=trend | Gate=no | eps=0.030 | sessionR=0.00 | sessionN=0 | stall=no
[GATE] floors: BBbw>=0.000365 ATR%>=0.000089  now: ADX=8.8 BBbw=0.000161 ATR%=0.000063 ok=False
[HB] 2025-09-17 09:53:48 CT OpenTrades=0 | ChooserArm=trend | Gate=no | eps=0.030 | sessionR=0.00 | sessionN=0 | stall=no
[GATE] floors: BBbw>=0.000365 ATR%>=0.000089  now: ADX=8.8 BBbw=0.000161 ATR%=0.000063 ok=False
[HB] 2025-09-17 09:53:50 CT OpenTrades=0 | ChooserArm=trend | Gate=no | eps=0.030 | sessionR=0.00 | sessionN=0 | stall=no
[GATE] floors: BBbw>=0.000365 ATR%>=0.000089  now: ADX=8.8 BBbw=0.000161 ATR%=0.000063 ok=False
[HB] 2025-09-17 09:53:51 CT OpenTrades=0 | ChooserArm=trend | Gate=no | eps=0.030 | sessionR=0.00 | sessionN=0 | stall=no
[GATE] floors: BBbw>=0.000365 ATR%>=0.000089  now: ADX=8.8 BBbw=0.000161 ATR%=0.000063 ok=False
[HB] 2025-09-17 09:53:52 CT OpenTrades=0 | ChooserArm=trend | Gate=no | eps=0.030 | sessionR=0.00 | sessionN=0 | stall=no
[GATE] floors: BBbw>=0.000365 ATR%>=0.000089  now: ADX=8.5 BBbw=0.000166 ATR%=0.000060 ok=False
[REGIME] ADX=8.5  BBbw=0.0002  ATR%=0.000060  (ok=False)
[HB] 2025-09-17 09:53:53 CT OpenTrades=0 | ChooserArm=trend | Gate=no | eps=0.030 | sessionR=0.00 | sessionN=0 | stall=no
[GATE] floors: BBbw>=0.000365 ATR%>=0.000089  now: ADX=8.5 BBbw=0.000166 ATR%=0.000060 ok=False
[HB] 2025-09-17 09:53:54 CT OpenTrades=0 | ChooserArm=trend | Gate=no | eps=0.030 | sessionR=0.00 | sessionN=0 | stall=no
[GATE] floors: BBbw>=0.000365 ATR%>=0.000089  now: ADX=8.5 BBbw=0.000166 ATR%=0.000060 ok=False
[HB] 2025-09-17 09:53:55 CT OpenTrades=0 | ChooserArm=trend | Gate=no | eps=0.030 | sessionR=0.00 | sessionN=0 | stall=no
[GATE] floors: BBbw>=0.000365 ATR%>=0.000089  now: ADX=8.5 BBbw=0.000166 ATR%=0.000060 ok=False
[HB] 2025-09-17 09:53:56 CT OpenTrades=0 | ChooserArm=trend | Gate=no | eps=0.030 | sessionR=0.00 | sessionN=0 | stall=no
[GATE] floors: BBbw>=0.000365 ATR%>=0.000089  now: ADX=9.4 BBbw=0.000168 ATR%=0.000062 ok=False
[HB] 2025-09-17 09:53:57 CT OpenTrades=0 | ChooserArm=trend | Gate=no | eps=0.030 | sessionR=0.00 | sessionN=0 | stall=no
[GATE] floors: BBbw>=0.000365 ATR%>=0.000089  now: ADX=9.4 BBbw=0.000168 ATR%=0.000062 ok=False
[HB] 2025-09-17 09:53:59 CT OpenTrades=0 | ChooserArm=trend | Gate=no | eps=0.030 | sessionR=0.00 | sessionN=0 | stall=no
[GATE] floors: BBbw>=0.000365 ATR%>=0.000089  now: ADX=9.4 BBbw=0.000168 ATR%=0.000062 ok=False
[HB] 2025-09-17 09:54:00 CT OpenTrades=0 | ChooserArm=trend | Gate=no | eps=0.030 | sessionR=0.00 | sessionN=0 | stall=no
[GATE] floors: BBbw>=0.000365 ATR%>=0.000089  now: ADX=9.4 BBbw=0.000168 ATR%=0.000062 ok=False
[INFO] 2025-09-17 09:54:00 Saved chooser state to C:\Users\owner\Desktop\es_futures_backtester\models\linucb_es.json
[HB] 2025-09-17 09:54:01 CT OpenTrades=0 | ChooserArm=trend | Gate=no | eps=0.030 | sessionR=0.00 | sessionN=0 | stall=no
[GATE] floors: BBbw>=0.000365 ATR%>=0.000089  now: ADX=10.2 BBbw=0.000168 ATR%=0.000058 ok=False
[HB] 2025-09-17 09:54:02 CT OpenTrades=0 | ChooserArm=trend | Gate=no | eps=0.030 | sessionR=0.00 | sessionN=0 | stall=no
[GATE] floors: BBbw>=0.000365 ATR%>=0.000089  now: ADX=10.2 BBbw=0.000168 ATR%=0.000058 ok=False
[HB] 2025-09-17 09:54:03 CT OpenTrades=0 | ChooserArm=trend | Gate=no | eps=0.030 | sessionR=0.00 | sessionN=0 | stall=no
[GATE] floors: BBbw>=0.000365 ATR%>=0.000089  now: ADX=10.2 BBbw=0.000168 ATR%=0.000058 ok=False
[INFO] 2025-09-17 09:54:04 [ARMS] trend: EN n=0, avgR=+0.000, mu=+0.000, ucb=+0.706 | breakout: EN n=0, avgR=+0.000, mu=+0.000, ucb=+0.706 | reversion: EN n=2, avgR=+0.387, mu=+0.190, ucb=+0.676 | vwap: EN n=0, avgR=+0.000, mu=+0.000, ucb=+0.706
[HB] 2025-09-17 09:54:04 CT OpenTrades=0 | ChooserArm=trend | Gate=no | eps=0.030 | sessionR=0.00 | sessionN=0 | stall=no
[GATE] floors: BBbw>=0.000365 ATR%>=0.000089  now: ADX=10.2 BBbw=0.000168 ATR%=0.000058 ok=False
[HB] 2025-09-17 09:54:05 CT OpenTrades=0 | ChooserArm=trend | Gate=no | eps=0.030 | sessionR=0.00 | sessionN=0 | stall=no
[GATE] floors: BBbw>=0.000365 ATR%>=0.000089  now: ADX=10.2 BBbw=0.000168 ATR%=0.000058 ok=False
[HB] 2025-09-17 09:54:06 CT OpenTrades=0 | ChooserArm=trend | Gate=no | eps=0.030 | sessionR=0.00 | sessionN=0 | stall=no
[GATE] floors: BBbw>=0.000365 ATR%>=0.000089  now: ADX=10.9 BBbw=0.000168 ATR%=0.000056 ok=False
[HB] 2025-09-17 09:54:08 CT OpenTrades=0 | ChooserArm=trend | Gate=no | eps=0.030 | sessionR=0.00 | sessionN=0 | stall=no
[GATE] floors: BBbw>=0.000365 ATR%>=0.000089  now: ADX=10.9 BBbw=0.000168 ATR%=0.000056 ok=False
[REGIME] ADX=10.9  BBbw=0.0002  ATR%=0.000056  (ok=False)
[HB] 2025-09-17 09:54:09 CT OpenTrades=0 | ChooserArm=trend | Gate=no | eps=0.030 | sessionR=0.00 | sessionN=0 | stall=no
[GATE] floors: BBbw>=0.000365 ATR%>=0.000089  now: ADX=10.9 BBbw=0.000168 ATR%=0.000056 ok=False
[HB] 2025-09-17 09:54:10 CT OpenTrades=0 | ChooserArm=trend | Gate=no | eps=0.030 | sessionR=0.00 | sessionN=0 | stall=no
[GATE] floors: BBbw>=0.000365 ATR%>=0.000089  now: ADX=10.9 BBbw=0.000168 ATR%=0.000056 ok=False
[HB] 2025-09-17 09:54:11 CT OpenTrades=0 | ChooserArm=trend | Gate=no | eps=0.030 | sessionR=0.00 | sessionN=0 | stall=no
[GATE] floors: BBbw>=0.000365 ATR%>=0.000089  now: ADX=10.9 BBbw=0.000168 ATR%=0.000056 ok=False
[HB] 2025-09-17 09:54:12 CT OpenTrades=0 | ChooserArm=trend | Gate=no | eps=0.030 | sessionR=0.00 | sessionN=0 | stall=no
[GATE] floors: BBbw>=0.000364 ATR%>=0.000089  now: ADX=14.8 BBbw=0.000189 ATR%=0.000068 ok=False
[HB] 2025-09-17 09:54:13 CT OpenTrades=0 | ChooserArm=trend | Gate=no | eps=0.030 | sessionR=0.00 | sessionN=0 | stall=no
[GATE] floors: BBbw>=0.000364 ATR%>=0.000089  now: ADX=14.8 BBbw=0.000189 ATR%=0.000068 ok=False
[HB] 2025-09-17 09:54:14 CT OpenTrades=0 | ChooserArm=trend | Gate=no | eps=0.030 | sessionR=0.00 | sessionN=0 | stall=no
[GATE] floors: BBbw>=0.000364 ATR%>=0.000089  now: ADX=14.8 BBbw=0.000189 ATR%=0.000068 ok=False
[HB] 2025-09-17 09:54:16 CT OpenTrades=0 | ChooserArm=trend | Gate=no | eps=0.030 | sessionR=0.00 | sessionN=0 | stall=no
[GATE] floors: BBbw>=0.000364 ATR%>=0.000089  now: ADX=14.8 BBbw=0.000189 ATR%=0.000068 ok=False
[HB] 2025-09-17 09:54:17 CT OpenTrades=0 | ChooserArm=trend | Gate=no | eps=0.030 | sessionR=0.00 | sessionN=0 | stall=no
[GATE] floors: BBbw>=0.000364 ATR%>=0.000089  now: ADX=19.5 BBbw=0.000200 ATR%=0.000069 ok=False
[HB] 2025-09-17 09:54:18 CT OpenTrades=0 | ChooserArm=trend | Gate=no | eps=0.030 | sessionR=0.00 | sessionN=0 | stall=no
[GATE] floors: BBbw>=0.000364 ATR%>=0.000089  now: ADX=19.5 BBbw=0.000200 ATR%=0.000069 ok=False
[HB] 2025-09-17 09:54:19 CT OpenTrades=0 | ChooserArm=trend | Gate=no | eps=0.030 | sessionR=0.00 | sessionN=0 | stall=no
[GATE] floors: BBbw>=0.000364 ATR%>=0.000089  now: ADX=19.5 BBbw=0.000200 ATR%=0.000069 ok=False
[HB] 2025-09-17 09:54:20 CT OpenTrades=0 | ChooserArm=trend | Gate=no | eps=0.030 | sessionR=0.00 | sessionN=0 | stall=no
[GATE] floors: BBbw>=0.000364 ATR%>=0.000089  now: ADX=19.5 BBbw=0.000200 ATR%=0.000069 ok=False
[HB] 2025-09-17 09:54:21 CT OpenTrades=0 | ChooserArm=trend | Gate=no | eps=0.030 | sessionR=0.00 | sessionN=0 | stall=no
[GATE] floors: BBbw>=0.000364 ATR%>=0.000089  now: ADX=24.6 BBbw=0.000236 ATR%=0.000070 ok=False
[HB] 2025-09-17 09:54:22 CT OpenTrades=0 | ChooserArm=trend | Gate=no | eps=0.030 | sessionR=0.00 | sessionN=0 | stall=no
[GATE] floors: BBbw>=0.000364 ATR%>=0.000089  now: ADX=24.6 BBbw=0.000236 ATR%=0.000070 ok=False
[HB] 2025-09-17 09:54:23 CT OpenTrades=0 | ChooserArm=trend | Gate=no | eps=0.030 | sessionR=0.00 | sessionN=0 | stall=no
[GATE] floors: BBbw>=0.000364 ATR%>=0.000089  now: ADX=24.6 BBbw=0.000236 ATR%=0.000070 ok=False
[REGIME] ADX=24.6  BBbw=0.0002  ATR%=0.000070  (ok=False)
[HB] 2025-09-17 09:54:25 CT OpenTrades=0 | ChooserArm=trend | Gate=no | eps=0.030 | sessionR=0.00 | sessionN=0 | stall=no
[GATE] floors: BBbw>=0.000364 ATR%>=0.000089  now: ADX=24.6 BBbw=0.000236 ATR%=0.000070 ok=False
[HB] 2025-09-17 09:54:26 CT OpenTrades=0 | ChooserArm=trend | Gate=no | eps=0.030 | sessionR=0.00 | sessionN=0 | stall=no
[GATE] floors: BBbw>=0.000364 ATR%>=0.000089  now: ADX=24.6 BBbw=0.000236 ATR%=0.000070 ok=False
[HB] 2025-09-17 09:54:27 CT OpenTrades=0 | ChooserArm=trend | Gate=no | eps=0.030 | sessionR=0.00 | sessionN=0 | stall=no
[GATE] floors: BBbw>=0.000364 ATR%>=0.000089  now: ADX=29.8 BBbw=0.000295 ATR%=0.000071 ok=False
[HB] 2025-09-17 09:54:28 CT OpenTrades=0 | ChooserArm=trend | Gate=no | eps=0.030 | sessionR=0.00 | sessionN=0 | stall=no
[GATE] floors: BBbw>=0.000364 ATR%>=0.000089  now: ADX=29.8 BBbw=0.000295 ATR%=0.000071 ok=False
[HB] 2025-09-17 09:54:29 CT OpenTrades=0 | ChooserArm=breakout | Gate=no | eps=0.030 | sessionR=0.00 | sessionN=0 | stall=no
[GATE] floors: BBbw>=0.000364 ATR%>=0.000089  now: ADX=29.8 BBbw=0.000295 ATR%=0.000071 ok=False
[HB] 2025-09-17 09:54:30 CT OpenTrades=0 | ChooserArm=trend | Gate=no | eps=0.030 | sessionR=0.00 | sessionN=0 | stall=no
[GATE] floors: BBbw>=0.000364 ATR%>=0.000089  now: ADX=29.8 BBbw=0.000295 ATR%=0.000071 ok=False
[HB] 2025-09-17 09:54:31 CT OpenTrades=0 | ChooserArm=trend | Gate=no | eps=0.030 | sessionR=0.00 | sessionN=0 | stall=no
[GATE] floors: BBbw>=0.000364 ATR%>=0.000089  now: ADX=35.1 BBbw=0.000361 ATR%=0.000071 ok=False
[HB] 2025-09-17 09:54:32 CT OpenTrades=0 | ChooserArm=trend | Gate=no | eps=0.030 | sessionR=0.00 | sessionN=0 | stall=no
[GATE] floors: BBbw>=0.000364 ATR%>=0.000089  now: ADX=35.1 BBbw=0.000361 ATR%=0.000071 ok=False
[HB] 2025-09-17 09:54:34 CT OpenTrades=0 | ChooserArm=trend | Gate=no | eps=0.030 | sessionR=0.00 | sessionN=0 | stall=no
[GATE] floors: BBbw>=0.000364 ATR%>=0.000089  now: ADX=35.1 BBbw=0.000361 ATR%=0.000071 ok=False
[HB] 2025-09-17 09:54:35 CT OpenTrades=0 | ChooserArm=trend | Gate=no | eps=0.030 | sessionR=0.00 | sessionN=0 | stall=no
[GATE] floors: BBbw>=0.000364 ATR%>=0.000089  now: ADX=35.1 BBbw=0.000361 ATR%=0.000071 ok=False
[HB] 2025-09-17 09:54:36 CT OpenTrades=0 | ChooserArm=trend | Gate=no | eps=0.030 | sessionR=0.00 | sessionN=0 | stall=no
[GATE] floors: BBbw>=0.000364 ATR%>=0.000089  now: ADX=39.7 BBbw=0.000388 ATR%=0.000067 ok=False
[HB] 2025-09-17 09:54:37 CT OpenTrades=0 | ChooserArm=trend | Gate=no | eps=0.030 | sessionR=0.00 | sessionN=0 | stall=no
[GATE] floors: BBbw>=0.000364 ATR%>=0.000089  now: ADX=39.7 BBbw=0.000388 ATR%=0.000067 ok=False
[HB] 2025-09-17 09:54:38 CT OpenTrades=0 | ChooserArm=reversion | Gate=no | eps=0.030 | sessionR=0.00 | sessionN=0 | stall=no
[GATE] floors: BBbw>=0.000364 ATR%>=0.000089  now: ADX=39.7 BBbw=0.000388 ATR%=0.000067 ok=False
[HB] 2025-09-17 09:54:39 CT OpenTrades=0 | ChooserArm=trend | Gate=no | eps=0.030 | sessionR=0.00 | sessionN=0 | stall=no
[GATE] floors: BBbw>=0.000364 ATR%>=0.000089  now: ADX=39.7 BBbw=0.000388 ATR%=0.000067 ok=False
[REGIME] ADX=39.7  BBbw=0.0004  ATR%=0.000067  (ok=False)
[HB] 2025-09-17 09:54:40 CT OpenTrades=0 | ChooserArm=trend | Gate=no | eps=0.030 | sessionR=0.00 | sessionN=0 | stall=no
[GATE] floors: BBbw>=0.000364 ATR%>=0.000089  now: ADX=39.7 BBbw=0.000388 ATR%=0.000067 ok=False
[HB] 2025-09-17 09:54:41 CT OpenTrades=0 | ChooserArm=trend | Gate=no | eps=0.030 | sessionR=0.00 | sessionN=0 | stall=no
[GATE] floors: BBbw>=0.000364 ATR%>=0.000089  now: ADX=43.6 BBbw=0.000413 ATR%=0.000063 ok=False
[HB] 2025-09-17 09:54:43 CT OpenTrades=0 | ChooserArm=trend | Gate=no | eps=0.030 | sessionR=0.00 | sessionN=0 | stall=no
[GATE] floors: BBbw>=0.000364 ATR%>=0.000089  now: ADX=43.6 BBbw=0.000413 ATR%=0.000063 ok=False
[HB] 2025-09-17 09:54:44 CT OpenTrades=0 | ChooserArm=trend | Gate=no | eps=0.030 | sessionR=0.00 | sessionN=0 | stall=no
[GATE] floors: BBbw>=0.000364 ATR%>=0.000089  now: ADX=43.6 BBbw=0.000413 ATR%=0.000063 ok=False
[HB] 2025-09-17 09:54:45 CT OpenTrades=0 | ChooserArm=trend | Gate=no | eps=0.030 | sessionR=0.00 | sessionN=0 | stall=no
[GATE] floors: BBbw>=0.000364 ATR%>=0.000089  now: ADX=43.6 BBbw=0.000413 ATR%=0.000063 ok=False
[HB] 2025-09-17 09:54:46 CT OpenTrades=0 | ChooserArm=trend | Gate=no | eps=0.030 | sessionR=0.00 | sessionN=0 | stall=no
[GATE] floors: BBbw>=0.000364 ATR%>=0.000089  now: ADX=48.3 BBbw=0.000441 ATR%=0.000069 ok=False
[HB] 2025-09-17 09:54:47 CT OpenTrades=0 | ChooserArm=trend | Gate=no | eps=0.030 | sessionR=0.00 | sessionN=0 | stall=no
[GATE] floors: BBbw>=0.000364 ATR%>=0.000089  now: ADX=48.3 BBbw=0.000441 ATR%=0.000069 ok=False
[HB] 2025-09-17 09:54:48 CT OpenTrades=0 | ChooserArm=trend | Gate=no | eps=0.030 | sessionR=0.00 | sessionN=0 | stall=no
[GATE] floors: BBbw>=0.000364 ATR%>=0.000089  now: ADX=48.3 BBbw=0.000441 ATR%=0.000069 ok=False
[HB] 2025-09-17 09:54:49 CT OpenTrades=0 | ChooserArm=trend | Gate=no | eps=0.030 | sessionR=0.00 | sessionN=0 | stall=no
[GATE] floors: BBbw>=0.000364 ATR%>=0.000089  now: ADX=48.3 BBbw=0.000441 ATR%=0.000069 ok=False
[HB] 2025-09-17 09:54:50 CT OpenTrades=0 | ChooserArm=trend | Gate=no | eps=0.030 | sessionR=0.00 | sessionN=0 | stall=no
[GATE] floors: BBbw>=0.000364 ATR%>=0.000089  now: ADX=48.3 BBbw=0.000441 ATR%=0.000069 ok=False
[HB] 2025-09-17 09:54:52 CT OpenTrades=0 | ChooserArm=reversion | Gate=no | eps=0.030 | sessionR=0.00 | sessionN=0 | stall=no
[GATE] floors: BBbw>=0.000364 ATR%>=0.000089  now: ADX=52.4 BBbw=0.000478 ATR%=0.000065 ok=False
[HB] 2025-09-17 09:54:53 CT OpenTrades=0 | ChooserArm=reversion | Gate=no | eps=0.030 | sessionR=0.00 | sessionN=0 | stall=no
[GATE] floors: BBbw>=0.000364 ATR%>=0.000089  now: ADX=52.4 BBbw=0.000478 ATR%=0.000065 ok=False
[HB] 2025-09-17 09:54:54 CT OpenTrades=0 | ChooserArm=reversion | Gate=no | eps=0.030 | sessionR=0.00 | sessionN=0 | stall=no
[GATE] floors: BBbw>=0.000364 ATR%>=0.000089  now: ADX=52.4 BBbw=0.000478 ATR%=0.000065 ok=False
[HB] 2025-09-17 09:54:55 CT OpenTrades=0 | ChooserArm=reversion | Gate=no | eps=0.030 | sessionR=0.00 | sessionN=0 | stall=no
[GATE] floors: BBbw>=0.000364 ATR%>=0.000089  now: ADX=52.4 BBbw=0.000478 ATR%=0.000065 ok=False
[REGIME] ADX=56.4  BBbw=0.0005  ATR%=0.000067  (ok=False)
[HB] 2025-09-17 09:54:56 CT OpenTrades=0 | ChooserArm=reversion | Gate=no | eps=0.030 | sessionR=0.00 | sessionN=0 | stall=no
[GATE] floors: BBbw>=0.000364 ATR%>=0.000089  now: ADX=56.4 BBbw=0.000514 ATR%=0.000067 ok=False
[HB] 2025-09-17 09:54:57 CT OpenTrades=0 | ChooserArm=reversion | Gate=no | eps=0.030 | sessionR=0.00 | sessionN=0 | stall=no
[GATE] floors: BBbw>=0.000364 ATR%>=0.000089  now: ADX=56.4 BBbw=0.000514 ATR%=0.000067 ok=False
[HB] 2025-09-17 09:54:58 CT OpenTrades=0 | ChooserArm=reversion | Gate=no | eps=0.030 | sessionR=0.00 | sessionN=0 | stall=no
[GATE] floors: BBbw>=0.000364 ATR%>=0.000089  now: ADX=56.4 BBbw=0.000514 ATR%=0.000067 ok=False
[HB] 2025-09-17 09:54:59 CT OpenTrades=0 | ChooserArm=reversion | Gate=no | eps=0.030 | sessionR=0.00 | sessionN=0 | stall=no
[GATE] floors: BBbw>=0.000364 ATR%>=0.000089  now: ADX=56.4 BBbw=0.000514 ATR%=0.000067 ok=False
[HB] 2025-09-17 09:55:01 CT OpenTrades=0 | ChooserArm=reversion | Gate=no | eps=0.030 | sessionR=0.00 | sessionN=0 | stall=no
[GATE] floors: BBbw>=0.000364 ATR%>=0.000089  now: ADX=56.4 BBbw=0.000514 ATR%=0.000067 ok=False
[HB] 2025-09-17 09:55:02 CT OpenTrades=0 | ChooserArm=reversion | Gate=no | eps=0.030 | sessionR=0.00 | sessionN=0 | stall=no
[GATE] floors: BBbw>=0.000364 ATR%>=0.000089  now: ADX=59.9 BBbw=0.000530 ATR%=0.000063 ok=False
[HB] 2025-09-17 09:55:03 CT OpenTrades=0 | ChooserArm=reversion | Gate=no | eps=0.030 | sessionR=0.00 | sessionN=0 | stall=no
[GATE] floors: BBbw>=0.000364 ATR%>=0.000089  now: ADX=59.9 BBbw=0.000530 ATR%=0.000063 ok=False
[HB] 2025-09-17 09:55:04 CT OpenTrades=0 | ChooserArm=reversion | Gate=no | eps=0.030 | sessionR=0.00 | sessionN=0 | stall=no
[GATE] floors: BBbw>=0.000364 ATR%>=0.000089  now: ADX=59.9 BBbw=0.000530 ATR%=0.000063 ok=False
[INFO] 2025-09-17 09:55:05 [ARMS] trend: EN n=0, avgR=+0.000, mu=+0.000, ucb=+1.009 | breakout: EN n=0, avgR=+0.000, mu=+0.000, ucb=+1.009 | reversion: EN n=2, avgR=+0.387, mu=+0.230, ucb=+1.027 | vwap: EN n=0, avgR=+0.000, mu=+0.000, ucb=+1.009
[HB] 2025-09-17 09:55:05 CT OpenTrades=0 | ChooserArm=reversion | Gate=no | eps=0.030 | sessionR=0.00 | sessionN=0 | stall=no
[GATE] floors: BBbw>=0.000364 ATR%>=0.000089  now: ADX=59.9 BBbw=0.000530 ATR%=0.000063 ok=False
[HB] 2025-09-17 09:55:06 CT OpenTrades=0 | ChooserArm=reversion | Gate=no | eps=0.030 | sessionR=0.00 | sessionN=0 | stall=no
[GATE] floors: BBbw>=0.000364 ATR%>=0.000089  now: ADX=63.3 BBbw=0.000552 ATR%=0.000064 ok=False
[HB] 2025-09-17 09:55:07 CT OpenTrades=0 | ChooserArm=reversion | Gate=no | eps=0.030 | sessionR=0.00 | sessionN=0 | stall=no
[GATE] floors: BBbw>=0.000364 ATR%>=0.000089  now: ADX=63.3 BBbw=0.000552 ATR%=0.000064 ok=False
[HB] 2025-09-17 09:55:08 CT OpenTrades=0 | ChooserArm=reversion | Gate=no | eps=0.030 | sessionR=0.00 | sessionN=0 | stall=no
[GATE] floors: BBbw>=0.000364 ATR%>=0.000089  now: ADX=63.3 BBbw=0.000552 ATR%=0.000064 ok=False
[HB] 2025-09-17 09:55:10 CT OpenTrades=0 | ChooserArm=reversion | Gate=no | eps=0.030 | sessionR=0.00 | sessionN=0 | stall=no
[GATE] floors: BBbw>=0.000364 ATR%>=0.000089  now: ADX=63.3 BBbw=0.000552 ATR%=0.000064 ok=False
[HB] 2025-09-17 09:55:11 CT OpenTrades=0 | ChooserArm=reversion | Gate=no | eps=0.030 | sessionR=0.00 | sessionN=0 | stall=no
[GATE] floors: BBbw>=0.000364 ATR%>=0.000089  now: ADX=63.3 BBbw=0.000552 ATR%=0.000064 ok=False
[REGIME] ADX=62.0  BBbw=0.0006  ATR%=0.000071  (ok=False)
[HB] 2025-09-17 09:55:12 CT OpenTrades=0 | ChooserArm=reversion | Gate=no | eps=0.030 | sessionR=0.00 | sessionN=0 | stall=no
[GATE] floors: BBbw>=0.000364 ATR%>=0.000089  now: ADX=62.0 BBbw=0.000569 ATR%=0.000071 ok=False
[HB] 2025-09-17 09:55:13 CT OpenTrades=0 | ChooserArm=reversion | Gate=no | eps=0.030 | sessionR=0.00 | sessionN=0 | stall=no
[GATE] floors: BBbw>=0.000364 ATR%>=0.000089  now: ADX=62.0 BBbw=0.000569 ATR%=0.000071 ok=False
[HB] 2025-09-17 09:55:14 CT OpenTrades=0 | ChooserArm=reversion | Gate=no | eps=0.030 | sessionR=0.00 | sessionN=0 | stall=no
[GATE] floors: BBbw>=0.000364 ATR%>=0.000089  now: ADX=62.0 BBbw=0.000569 ATR%=0.000071 ok=False
[HB] 2025-09-17 09:55:15 CT OpenTrades=0 | ChooserArm=reversion | Gate=no | eps=0.030 | sessionR=0.00 | sessionN=0 | stall=no
[GATE] floors: BBbw>=0.000364 ATR%>=0.000089  now: ADX=62.0 BBbw=0.000569 ATR%=0.000071 ok=False
[HB] 2025-09-17 09:55:16 CT OpenTrades=0 | ChooserArm=reversion | Gate=no | eps=0.030 | sessionR=0.00 | sessionN=0 | stall=no
[GATE] floors: BBbw>=0.000364 ATR%>=0.000089  now: ADX=62.6 BBbw=0.000595 ATR%=0.000071 ok=False
[HB] 2025-09-17 09:55:17 CT OpenTrades=0 | ChooserArm=reversion | Gate=no | eps=0.030 | sessionR=0.00 | sessionN=0 | stall=no
[GATE] floors: BBbw>=0.000364 ATR%>=0.000089  now: ADX=62.6 BBbw=0.000595 ATR%=0.000071 ok=False
[HB] 2025-09-17 09:55:18 CT OpenTrades=0 | ChooserArm=reversion | Gate=no | eps=0.030 | sessionR=0.00 | sessionN=0 | stall=no
[GATE] floors: BBbw>=0.000364 ATR%>=0.000089  now: ADX=62.6 BBbw=0.000595 ATR%=0.000071 ok=False
[HB] 2025-09-17 09:55:20 CT OpenTrades=0 | ChooserArm=reversion | Gate=no | eps=0.030 | sessionR=0.00 | sessionN=0 | stall=no
[GATE] floors: BBbw>=0.000364 ATR%>=0.000089  now: ADX=62.6 BBbw=0.000595 ATR%=0.000071 ok=False
[HB] 2025-09-17 09:55:21 CT OpenTrades=0 | ChooserArm=reversion | Gate=no | eps=0.030 | sessionR=0.00 | sessionN=0 | stall=no
[GATE] floors: BBbw>=0.000364 ATR%>=0.000089  now: ADX=59.9 BBbw=0.000601 ATR%=0.000072 ok=False
[HB] 2025-09-17 09:55:22 CT OpenTrades=0 | ChooserArm=reversion | Gate=no | eps=0.030 | sessionR=0.00 | sessionN=0 | stall=no
[GATE] floors: BBbw>=0.000364 ATR%>=0.000089  now: ADX=59.9 BBbw=0.000601 ATR%=0.000072 ok=False
[HB] 2025-09-17 09:55:23 CT OpenTrades=0 | ChooserArm=reversion | Gate=no | eps=0.030 | sessionR=0.00 | sessionN=0 | stall=no
[GATE] floors: BBbw>=0.000364 ATR%>=0.000089  now: ADX=59.9 BBbw=0.000601 ATR%=0.000072 ok=False
[HB] 2025-09-17 09:55:24 CT OpenTrades=0 | ChooserArm=reversion | Gate=no | eps=0.030 | sessionR=0.00 | sessionN=0 | stall=no
[GATE] floors: BBbw>=0.000364 ATR%>=0.000089  now: ADX=59.9 BBbw=0.000601 ATR%=0.000072 ok=False
[HB] 2025-09-17 09:55:25 CT OpenTrades=0 | ChooserArm=reversion | Gate=no | eps=0.030 | sessionR=0.00 | sessionN=0 | stall=no
[GATE] floors: BBbw>=0.000364 ATR%>=0.000089  now: ADX=59.9 BBbw=0.000601 ATR%=0.000072 ok=False
[HB] 2025-09-17 09:55:26 CT OpenTrades=0 | ChooserArm=reversion | Gate=no | eps=0.030 | sessionR=0.00 | sessionN=0 | stall=no
[GATE] floors: BBbw>=0.000364 ATR%>=0.000089  now: ADX=57.6 BBbw=0.000608 ATR%=0.000067 ok=False
[REGIME] ADX=57.6  BBbw=0.0006  ATR%=0.000067  (ok=False)
[HB] 2025-09-17 09:55:27 CT OpenTrades=0 | ChooserArm=reversion | Gate=no | eps=0.030 | sessionR=0.00 | sessionN=0 | stall=no
[GATE] floors: BBbw>=0.000364 ATR%>=0.000089  now: ADX=57.6 BBbw=0.000608 ATR%=0.000067 ok=False
[HB] 2025-09-17 09:55:28 CT OpenTrades=0 | ChooserArm=reversion | Gate=no | eps=0.030 | sessionR=0.00 | sessionN=0 | stall=no
[GATE] floors: BBbw>=0.000364 ATR%>=0.000089  now: ADX=57.6 BBbw=0.000608 ATR%=0.000067 ok=False
[HB] 2025-09-17 09:55:30 CT OpenTrades=0 | ChooserArm=reversion | Gate=no | eps=0.030 | sessionR=0.00 | sessionN=0 | stall=no
[GATE] floors: BBbw>=0.000364 ATR%>=0.000089  now: ADX=57.6 BBbw=0.000608 ATR%=0.000067 ok=False
[INFO] 2025-09-17 09:55:31 Interrupted; shutting down.
[INFO] 2025-09-17 09:55:31 Saved chooser state to C:\Users\owner\Desktop\es_futures_backtester\models\linucb_es.json
[INFO] 2025-09-17 09:55:31 [SNAPSHOT] Wrote logs\chooser_snapshots\linucb_es_20250917_20250917_095531.json
