Starting ES paper bot...
[CONNECT] 127.0.0.1:7497 clientId=111
[CONNECT] Attempt 1/24 -> clientId=111
[CONNECT] Failed (clientId=111): ConnectionRefusedError(22, 'The remote computer refused the network connection', None, 1225, None)
[CONNECT] Attempt 2/24 -> clientId=112
[CONNECT] Failed (clientId=112): ConnectionRefusedError(22, 'The remote computer refused the network connection', None, 1225, None)
[CONNECT] Attempt 3/24 -> clientId=113
[CONNECT] Failed (clientId=113): ConnectionRefusedError(22, 'The remote computer refused the network connection', None, 1225, None)
[CONNECT] Attempt 4/24 -> clientId=114
[CONNECT] Failed (clientId=114): ConnectionRefusedError(22, 'The remote computer refused the network connection', None, 1225, None)
[CONNECT] Attempt 5/24 -> clientId=115
[CONNECT] Failed (clientId=115): ConnectionRefusedError(22, 'The remote computer refused the network connection', None, 1225, None)
[CONNECT] Attempt 6/24 -> clientId=116
[CONNECT] Failed (clientId=116): ConnectionRefusedError(22, 'The remote computer refused the network connection', None, 1225, None)
[CONNECT] Attempt 7/24 -> clientId=117
[CONNECT] Failed (clientId=117): ConnectionRefusedError(22, 'The remote computer refused the network connection', None, 1225, None)
[CONNECT] Attempt 8/24 -> clientId=118
[CONNECT] Failed (clientId=118): ConnectionRefusedError(22, 'The remote computer refused the network connection', None, 1225, None)
[CONNECT] Attempt 9/24 -> clientId=119
[CONNECT] Failed (clientId=119): ConnectionRefusedError(22, 'The remote computer refused the network connection', None, 1225, None)
[CONNECT] Attempt 10/24 -> clientId=120
[CONNECT] Failed (clientId=120): ConnectionRefusedError(22, 'The remote computer refused the network connection', None, 1225, None)
[CONNECT] Attempt 11/24 -> clientId=121
[CONNECT] Failed (clientId=121): ConnectionRefusedError(22, 'The remote computer refused the network connection', None, 1225, None)
[CONNECT] Attempt 12/24 -> clientId=122
[CONNECT] Failed (clientId=122): ConnectionRefusedError(22, 'The remote computer refused the network connection', None, 1225, None)
[CONNECT] Attempt 13/24 -> clientId=123
[CONNECT] Failed (clientId=123): ConnectionRefusedError(22, 'The remote computer refused the network connection', None, 1225, None)
[CONNECT] Attempt 14/24 -> clientId=124
[CONNECT] Failed (clientId=124): ConnectionRefusedError(22, 'The remote computer refused the network connection', None, 1225, None)
[CONNECT] Attempt 15/24 -> clientId=125
[CONNECT] Failed (clientId=125): ConnectionRefusedError(22, 'The remote computer refused the network connection', None, 1225, None)
[CONNECT] Attempt 16/24 -> clientId=126
[CONNECT] Failed (clientId=126): ConnectionRefusedError(22, 'The remote computer refused the network connection', None, 1225, None)
[CONNECT] Attempt 17/24 -> clientId=127
[CONNECT] Failed (clientId=127): ConnectionRefusedError(22, 'The remote computer refused the network connection', None, 1225, None)
[CONNECT] Attempt 18/24 -> clientId=128
[CONNECT] Failed (clientId=128): ConnectionRefusedError(22, 'The remote computer refused the network connection', None, 1225, None)
[CONNECT] Attempt 19/24 -> clientId=129
[CONNECT] Failed (clientId=129): ConnectionRefusedError(22, 'The remote computer refused the network connection', None, 1225, None)
[CONNECT] Attempt 20/24 -> clientId=130
[CONNECT] Failed (clientId=130): ConnectionRefusedError(22, 'The remote computer refused the network connection', None, 1225, None)
[CONNECT] Attempt 21/24 -> clientId=131
[CONNECT] Failed (clientId=131): ConnectionRefusedError(22, 'The remote computer refused the network connection', None, 1225, None)
[CONNECT] Attempt 22/24 -> clientId=132
[CONNECT] Failed (clientId=132): ConnectionRefusedError(22, 'The remote computer refused the network connection', None, 1225, None)
[CONNECT] Attempt 23/24 -> clientId=133
[CONNECT] Failed (clientId=133): ConnectionRefusedError(22, 'The remote computer refused the network connection', None, 1225, None)
[CONNECT] Attempt 24/24 -> clientId=134
[CONNECT] Failed (clientId=134): ConnectionRefusedError(22, 'The remote computer refused the network connection', None, 1225, None)
[CONNECT] Exhausted attempts.
ERROR [CONNECT] Could not establish connection.
