[BOOT] paper_trader + IB starting…
[BOOT] Args: {
  "host": "127.0.0.1",
  "port": 7497,
  "clientId": 19,
  "conId": 0,
  "symbol": "ES",
  "expiry": "202512",
  "exchange": "CME",
  "currency": "USD",
  "qty": 1,
  "risk_ticks": 12,
  "tick_size": 0.25,
  "tp_R": 1.0,
  "one_trade_at_a_time": true,
  "debounce_one_bar": true,
  "min_bars_since_exit": 5,
  "strategy_cooldown_sec": 45,
  "min_hold_sec": 45,
  "breakeven_after_R": 1.8,
  "trail_atr_mult": 3.0,
  "trail_delay_sec": 180,
  "trail_on_bar_close": true,
  "max_hold_min": 120,
  "adx_floor": 17.0,
  "bbbw_floor": 0.00017,
  "atrp_floor": 5e-05,
  "epsilon": 0.04,
  "epsilon_final": 0.03,
  "epsilon_decay_min": 120,
  "max_trades_per_day": 12,
  "max_daily_R_loss": 3.0,
  "trade_start_ct": "00:00",
  "trade_lunch_resume_ct": "12:30",
  "trade_end_ct": "23:59",
  "soft_reset_ct": "08:15",
  "logdir": "logs",
  "kill_switch": "KILL_SWITCH",
  "tp_ladder": null,
  "debug_regime": false,
  "persist_chooser": false,
  "chooser_model_path": null,
  "daily_summary": false,
  "log_file": null,
  "place_orders": false,
  "enable_arms": null
}
[IB] Using contract ESZ5 (495512563)
[RESET] Soft daily reset @ 2025-09-26 08:15
[HB] dayR=+0.00R weekR=+0.00R lossStreak=0 openTrades=0 coolUntil=- | GateFloors: ADX>=17.0 BBbw>=0.000170 ATRp>=0.000050
[WARN] Cannot get price to enter: Socket disconnect
[HB] dayR=+0.00R weekR=+0.00R lossStreak=0 openTrades=0 coolUntil=- | GateFloors: ADX>=17.0 BBbw>=0.000170 ATRp>=0.000050
[WARN] Cannot get price to enter: Not connected
[HB] dayR=+0.00R weekR=+0.00R lossStreak=0 openTrades=0 coolUntil=- | GateFloors: ADX>=17.0 BBbw>=0.000170 ATRp>=0.000050
[WARN] Cannot get price to enter: Not connected
[HB] dayR=+0.00R weekR=+0.00R lossStreak=0 openTrades=0 coolUntil=- | GateFloors: ADX>=17.0 BBbw>=0.000170 ATRp>=0.000050
[WARN] Cannot get price to enter: Not connected
[HB] dayR=+0.00R weekR=+0.00R lossStreak=0 openTrades=0 coolUntil=- | GateFloors: ADX>=17.0 BBbw>=0.000170 ATRp>=0.000050
[WARN] Cannot get price to enter: Not connected
[HB] dayR=+0.00R weekR=+0.00R lossStreak=0 openTrades=0 coolUntil=- | GateFloors: ADX>=17.0 BBbw>=0.000170 ATRp>=0.000050
[WARN] Cannot get price to enter: Not connected
[EXIT] KeyboardInterrupt
