[INFO] 2025-09-19 15:52:13 Enabled arms: trend,breakout,reversion,vwap
[INFO] 2025-09-19 15:52:13 Loaded chooser state from .\models\linucb_es.json
[INFO] 2025-09-19 15:52:13 [PING 1] clientId=19 connected: False
[INFO] 2025-09-19 15:52:13 Connected 127.0.0.1:7497 clientId=19 | Market data type: LIVE
[INFO] 2025-09-19 15:52:13 Using contract: ESZ5  (conId=495512563)
[INFO] 2025-09-19 15:52:13 [WARMUP] Fetching 5d of 1m bars...
[INFO] 2025-09-19 15:52:14 [WARMUP] Loaded 6893 historical 1m bars.
[WD-HB] 2025-09-19 15:52:15 up=0:00:03 sinceHB=n/a | OT=? arm=? gate=? eps=? R=? N=? stall=? | ADX=? BBbw=? ATR%=? ESZ5 cid=495512563
[REGIME] ADX=42.5  BBbw=0.0006  ATR%=0.000095  (ok=False)
[INFO] 2025-09-19 15:52:16 [SNAPSHOT] Wrote logs\chooser_snapshots\linucb_es_20250919_20250919_155216.json
[INFO] 2025-09-19 15:52:16 [RESET] Soft daily reset: clearing day counters (learning kept).
[INFO] 2025-09-19 15:52:16 [ARMS] trend: EN n=1, avgR=+0.271, mu=+0.213, ucb=+0.927 | breakout: EN n=0, avgR=+0.000, mu=+0.000, ucb=+0.973 | reversion: EN n=7, avgR=-0.453, mu=-1.036, ucb=-0.338 | vwap: EN n=0, avgR=+0.000, mu=+0.000, ucb=+0.973
[GATE] floors: BBbw>=0.000618 ATR%>=0.000144  now: ADX=42.5 BBbw=0.000568 ATR%=0.000095 ok=False
[HB] 2025-09-19 15:52:16 CT OpenTrades=0 | ChooserArm=breakout | Gate=no | eps=0.020 | dayR=0.00 | dayN=0 | stall=no
[GATE] floors: BBbw>=0.000618 ATR%>=0.000144  now: ADX=42.5 BBbw=0.000568 ATR%=0.000095 ok=False
[HB] 2025-09-19 15:52:17 CT OpenTrades=0 | ChooserArm=breakout | Gate=no | eps=0.020 | dayR=0.00 | dayN=0 | stall=no
[GATE] floors: BBbw>=0.000617 ATR%>=0.000144  now: ADX=42.3 BBbw=0.000575 ATR%=0.000087 ok=False
[HB] 2025-09-19 15:52:18 CT OpenTrades=0 | ChooserArm=breakout | Gate=no | eps=0.020 | dayR=0.00 | dayN=0 | stall=no
[WD-HB] 2025-09-19 15:52:18 up=0:00:06 sinceHB=0s | OT=0 arm=breakout gate=no eps=0.020 R=0.00 N=0 stall=no | ADX=42.5 BBbw=0.0006 ATR%=0.000095 ESZ5 cid=495512563
[GATE] floors: BBbw>=0.000617 ATR%>=0.000144  now: ADX=42.3 BBbw=0.000575 ATR%=0.000087 ok=False
[HB] 2025-09-19 15:52:19 CT OpenTrades=0 | ChooserArm=breakout | Gate=no | eps=0.020 | dayR=0.00 | dayN=0 | stall=no
[GATE] floors: BBbw>=0.000617 ATR%>=0.000144  now: ADX=42.3 BBbw=0.000575 ATR%=0.000087 ok=False
[HB] 2025-09-19 15:52:20 CT OpenTrades=0 | ChooserArm=breakout | Gate=no | eps=0.020 | dayR=0.00 | dayN=0 | stall=no
[WD-HB] 2025-09-19 15:52:21 up=0:00:09 sinceHB=1s | OT=0 arm=breakout gate=no eps=0.020 R=0.00 N=0 stall=no | ADX=42.5 BBbw=0.0006 ATR%=0.000095 ESZ5 cid=495512563
[GATE] floors: BBbw>=0.000617 ATR%>=0.000144  now: ADX=42.3 BBbw=0.000575 ATR%=0.000087 ok=False
[HB] 2025-09-19 15:52:21 CT OpenTrades=0 | ChooserArm=breakout | Gate=no | eps=0.020 | dayR=0.00 | dayN=0 | stall=no
[INFO] 2025-09-19 15:52:22 Interrupted; shutting down.
[INFO] 2025-09-19 15:52:22 Saved chooser state to .\models\linucb_es.json
[INFO] 2025-09-19 15:52:22 [SNAPSHOT] Wrote logs\chooser_snapshots\linucb_es_20250919_20250919_155222.json
