usage: paper_trader.py [-h] [--host HOST] [--port PORT] [--clientId CLIENTID]
                       [--conId CONID] [--symbol SYMBOL] [--expiry EXPIRY]
                       [--exchange EXCHANGE] [--currency CURRENCY] [--qty QTY]
                       [--risk-ticks RISK_TICKS] [--tick-size TICK_SIZE]
                       [--tp-R TP_R] [--one-trade-at-a-time]
                       [--no-one-trade-at-a-time] [--debounce-one-bar]
                       [--no-debounce-one-bar]
                       [--min-bars-since-exit MIN_BARS_SINCE_EXIT]
                       [--strategy-cooldown-sec STRATEGY_COOLDOWN_SEC]
                       [--min-hold-sec MIN_HOLD_SEC]
                       [--breakeven-after-R BREAKEVEN_AFTER_R]
                       [--trail-atr-mult TRAIL_ATR_MULT]
                       [--trail-delay-sec TRAIL_DELAY_SEC]
                       [--trail-on-bar-close] [--no-trail-on-bar-close]
                       [--max-hold-min MAX_HOLD_MIN] [--adx-floor ADX_FLOOR]
                       [--bbbw-floor BBBW_FLOOR] [--atrp-floor ATRP_FLOOR]
                       [--epsilon EPSILON] [--epsilon-final EPSILON_FINAL]
                       [--epsilon-decay-min EPSILON_DECAY_MIN]
                       [--max-trades-per-day MAX_TRADES_PER_DAY]
                       [--max-daily-R-loss MAX_DAILY_R_LOSS]
                       [--trade-start-ct TRADE_START_CT]
                       [--trade-lunch-resume-ct TRADE_LUNCH_RESUME_CT]
                       [--trade-end-ct TRADE_END_CT]
                       [--soft-reset-ct SOFT_RESET_CT] [--logdir LOGDIR]
                       [--kill-switch KILL_SWITCH]
paper_trader.py: error: unrecognized arguments: --tp-ladder 1.0R:100 --debug-regime --reset-time 08:15 --persist-chooser --chooser-model-path .\models\linucb_es.json --daily-summary --log-file .\logs\runtime_%Y%m%d.txt --place-orders --enable-arms trend,breakout,reversion,vwap
