2025-09-30 17:38:34 INFO Starting ES paper bot...
2025-09-30 17:38:34 INFO [CONNECT] 127.0.0.1:7497 clientId=111
2025-09-30 17:38:34 INFO Connecting to 127.0.0.1:7497 with clientId 111...
2025-09-30 17:38:34 INFO Connected
2025-09-30 17:38:34 INFO Logged on to server version 176
2025-09-30 17:38:34 INFO API connection ready
2025-09-30 17:38:34 INFO Warning 2104, reqId -1: Market data farm connection is OK:usfarm.nj
2025-09-30 17:38:34 INFO Warning 2104, reqId -1: Market data farm connection is OK:usfuture
2025-09-30 17:38:34 INFO Warning 2104, reqId -1: Market data farm connection is OK:cashfarm
2025-09-30 17:38:34 INFO Warning 2104, reqId -1: Market data farm connection is OK:usfarm
2025-09-30 17:38:34 INFO Warning 2106, reqId -1: HMDS data farm connection is OK:ushmds
2025-09-30 17:38:34 INFO Warning 2158, reqId -1: Sec-def data farm connection is OK:secdefil
2025-09-30 17:38:34 INFO position: Position(account='DU2660649', contract=Future(conId=495512563, symbol='ES', lastTradeDateOrContractMonth='20251219', multiplier='50', currency='USD', localSymbol='ESZ5', tradingClass='ES'), position=0.0, avgCost=0.0)
2025-09-30 17:38:35 INFO updatePortfolio: PortfolioItem(contract=Future(conId=495512563, symbol='ES', lastTradeDateOrContractMonth='20251219', right='0', multiplier='50', primaryExchange='CME', currency='USD', localSymbol='ESZ5', tradingClass='ES'), position=0.0, marketPrice=6731.60009765, marketValue=0.0, averageCost=0.0, unrealizedPNL=0.0, realizedPNL=11600.5, account='DU2660649')
2025-09-30 17:38:35 INFO execDetails Execution(execId='0000e1a7.68db1599.01.01', time=datetime.datetime(2025, 9, 30, 6, 24, tzinfo=datetime.timezone.utc), acctNumber='DU2660649', exchange='CME', side='SLD', shares=1.0, price=6715.0, permId=1119156401, clientId=19, orderId=11960, liquidation=0, cumQty=1.0, avgPrice=6715.0, orderRef='', evRule='', evMultiplier=0.0, modelCode='', lastLiquidity=1)
2025-09-30 17:38:35 INFO execDetails Execution(execId='0000e1a7.68db4350.01.01', time=datetime.datetime(2025, 9, 30, 13, 30, tzinfo=datetime.timezone.utc), acctNumber='DU2660649', exchange='CME', side='SLD', shares=1.0, price=6706.25, permId=1119156388, clientId=19, orderId=11943, liquidation=0, cumQty=1.0, avgPrice=6706.25, orderRef='', evRule='', evMultiplier=0.0, modelCode='', lastLiquidity=1)
2025-09-30 17:38:35 INFO execDetails Execution(execId='0000e1a7.68db4352.01.01', time=datetime.datetime(2025, 9, 30, 13, 30, tzinfo=datetime.timezone.utc), acctNumber='DU2660649', exchange='CME', side='SLD', shares=1.0, price=6706.5, permId=1119156382, clientId=19, orderId=11935, liquidation=0, cumQty=1.0, avgPrice=6706.5, orderRef='', evRule='', evMultiplier=0.0, modelCode='', lastLiquidity=1)
2025-09-30 17:38:35 INFO execDetails Execution(execId='0000e1a7.68db4353.01.01', time=datetime.datetime(2025, 9, 30, 13, 30, tzinfo=datetime.timezone.utc), acctNumber='DU2660649', exchange='CME', side='SLD', shares=1.0, price=6706.5, permId=1119156406, clientId=19, orderId=11967, liquidation=0, cumQty=1.0, avgPrice=6706.5, orderRef='', evRule='', evMultiplier=0.0, modelCode='', lastLiquidity=1)
2025-09-30 17:38:35 INFO execDetails Execution(execId='0000e1a7.68db4354.01.01', time=datetime.datetime(2025, 9, 30, 13, 30, tzinfo=datetime.timezone.utc), acctNumber='DU2660649', exchange='CME', side='SLD', shares=1.0, price=6706.5, permId=1119156373, clientId=19, orderId=11923, liquidation=0, cumQty=1.0, avgPrice=6706.5, orderRef='', evRule='', evMultiplier=0.0, modelCode='', lastLiquidity=1)
2025-09-30 17:38:35 INFO execDetails Execution(execId='0000e1a7.68db4355.01.01', time=datetime.datetime(2025, 9, 30, 13, 30, tzinfo=datetime.timezone.utc), acctNumber='DU2660649', exchange='CME', side='SLD', shares=1.0, price=6706.5, permId=1119156418, clientId=19, orderId=11983, liquidation=0, cumQty=1.0, avgPrice=6706.5, orderRef='', evRule='', evMultiplier=0.0, modelCode='', lastLiquidity=1)
2025-09-30 17:38:35 INFO execDetails Execution(execId='0000e1a7.68db4356.01.01', time=datetime.datetime(2025, 9, 30, 13, 30, tzinfo=datetime.timezone.utc), acctNumber='DU2660649', exchange='CME', side='SLD', shares=1.0, price=6706.5, permId=1119156403, clientId=19, orderId=11963, liquidation=0, cumQty=1.0, avgPrice=6706.5, orderRef='', evRule='', evMultiplier=0.0, modelCode='', lastLiquidity=1)
2025-09-30 17:38:35 INFO execDetails Execution(execId='0000e1a7.68db4357.01.01', time=datetime.datetime(2025, 9, 30, 13, 30, tzinfo=datetime.timezone.utc), acctNumber='DU2660649', exchange='CME', side='SLD', shares=1.0, price=6706.5, permId=1119156376, clientId=19, orderId=11927, liquidation=0, cumQty=1.0, avgPrice=6706.5, orderRef='', evRule='', evMultiplier=0.0, modelCode='', lastLiquidity=1)
2025-09-30 17:38:35 INFO execDetails Execution(execId='0000e1a7.68db4358.01.01', time=datetime.datetime(2025, 9, 30, 13, 30, tzinfo=datetime.timezone.utc), acctNumber='DU2660649', exchange='CME', side='SLD', shares=1.0, price=6706.5, permId=1119156440, clientId=19, orderId=12011, liquidation=0, cumQty=1.0, avgPrice=6706.5, orderRef='', evRule='', evMultiplier=0.0, modelCode='', lastLiquidity=1)
2025-09-30 17:38:35 INFO execDetails Execution(execId='0000e1a7.68db4359.01.01', time=datetime.datetime(2025, 9, 30, 13, 30, tzinfo=datetime.timezone.utc), acctNumber='DU2660649', exchange='CME', side='SLD', shares=1.0, price=6706.5, permId=1119156409, clientId=19, orderId=11971, liquidation=0, cumQty=1.0, avgPrice=6706.5, orderRef='', evRule='', evMultiplier=0.0, modelCode='', lastLiquidity=1)
2025-09-30 17:38:35 INFO execDetails Execution(execId='0000e1a7.68db435a.01.01', time=datetime.datetime(2025, 9, 30, 13, 30, tzinfo=datetime.timezone.utc), acctNumber='DU2660649', exchange='CME', side='SLD', shares=1.0, price=6706.5, permId=1119156385, clientId=19, orderId=11939, liquidation=0, cumQty=1.0, avgPrice=6706.5, orderRef='', evRule='', evMultiplier=0.0, modelCode='', lastLiquidity=1)
2025-09-30 17:38:35 INFO execDetails Execution(execId='0000e1a7.68db435c.01.01', time=datetime.datetime(2025, 9, 30, 13, 30, tzinfo=datetime.timezone.utc), acctNumber='DU2660649', exchange='CME', side='SLD', shares=1.0, price=6706.5, permId=1119156424, clientId=19, orderId=11991, liquidation=0, cumQty=1.0, avgPrice=6706.5, orderRef='', evRule='', evMultiplier=0.0, modelCode='', lastLiquidity=1)
2025-09-30 17:38:35 INFO execDetails Execution(execId='0000e1a7.68db435d.01.01', time=datetime.datetime(2025, 9, 30, 13, 30, tzinfo=datetime.timezone.utc), acctNumber='DU2660649', exchange='CME', side='SLD', shares=1.0, price=6706.5, permId=1119156391, clientId=19, orderId=11947, liquidation=0, cumQty=1.0, avgPrice=6706.5, orderRef='', evRule='', evMultiplier=0.0, modelCode='', lastLiquidity=1)
2025-09-30 17:38:35 INFO execDetails Execution(execId='0000e1a7.68db435e.01.01', time=datetime.datetime(2025, 9, 30, 13, 30, tzinfo=datetime.timezone.utc), acctNumber='DU2660649', exchange='CME', side='SLD', shares=1.0, price=6706.5, permId=1119156471, clientId=19, orderId=12053, liquidation=0, cumQty=1.0, avgPrice=6706.5, orderRef='', evRule='', evMultiplier=0.0, modelCode='', lastLiquidity=1)
2025-09-30 17:38:35 INFO execDetails Execution(execId='0000e1a7.68db435f.01.01', time=datetime.datetime(2025, 9, 30, 13, 30, tzinfo=datetime.timezone.utc), acctNumber='DU2660649', exchange='CME', side='SLD', shares=1.0, price=6706.5, permId=1119156427, clientId=19, orderId=11995, liquidation=0, cumQty=1.0, avgPrice=6706.5, orderRef='', evRule='', evMultiplier=0.0, modelCode='', lastLiquidity=1)
2025-09-30 17:38:35 INFO execDetails Execution(execId='0000e1a7.68db4360.01.01', time=datetime.datetime(2025, 9, 30, 13, 30, tzinfo=datetime.timezone.utc), acctNumber='DU2660649', exchange='CME', side='SLD', shares=1.0, price=6706.5, permId=1119156379, clientId=19, orderId=11931, liquidation=0, cumQty=1.0, avgPrice=6706.5, orderRef='', evRule='', evMultiplier=0.0, modelCode='', lastLiquidity=1)
2025-09-30 17:38:35 INFO execDetails Execution(execId='0000e1a7.68db4b06.01.01', time=datetime.datetime(2025, 9, 30, 13, 41, 16, tzinfo=datetime.timezone.utc), acctNumber='DU2660649', exchange='CME', side='BOT', shares=10.0, price=6702.75, permId=1598338802, clientId=0, orderId=0, liquidation=0, cumQty=10.0, avgPrice=6702.75, orderRef='', evRule='', evMultiplier=0.0, modelCode='', lastLiquidity=1)
2025-09-30 17:38:35 INFO execDetails Execution(execId='0000e1a7.68db4b29.01.01', time=datetime.datetime(2025, 9, 30, 13, 41, 29, tzinfo=datetime.timezone.utc), acctNumber='DU2660649', exchange='CME', side='BOT', shares=1.0, price=6703.25, permId=1598338806, clientId=0, orderId=0, liquidation=0, cumQty=1.0, avgPrice=6703.25, orderRef='', evRule='', evMultiplier=0.0, modelCode='', lastLiquidity=1)
2025-09-30 17:38:35 INFO execDetails Execution(execId='0000e1a7.68db4b48.01.01', time=datetime.datetime(2025, 9, 30, 13, 41, 40, tzinfo=datetime.timezone.utc), acctNumber='DU2660649', exchange='CME', side='BOT', shares=9.0, price=6702.0, permId=1598338810, clientId=0, orderId=0, liquidation=0, cumQty=9.0, avgPrice=6702.0, orderRef='', evRule='', evMultiplier=0.0, modelCode='', lastLiquidity=1)
2025-09-30 17:38:35 INFO execDetails Execution(execId='0000e1a7.68db4b8f.01.01', time=datetime.datetime(2025, 9, 30, 13, 42, 11, tzinfo=datetime.timezone.utc), acctNumber='DU2660649', exchange='CME', side='BOT', shares=4.0, price=6703.0, permId=1598338814, clientId=0, orderId=0, liquidation=0, cumQty=4.0, avgPrice=6703.0, orderRef='', evRule='', evMultiplier=0.0, modelCode='', lastLiquidity=1)
2025-09-30 17:38:35 INFO execDetails Execution(execId='0000e1a7.68db4b99.01.01', time=datetime.datetime(2025, 9, 30, 13, 42, 22, tzinfo=datetime.timezone.utc), acctNumber='DU2660649', exchange='CME', side='BOT', shares=20.0, price=6703.75, permId=1598338818, clientId=0, orderId=0, liquidation=0, cumQty=20.0, avgPrice=6703.75, orderRef='', evRule='', evMultiplier=0.0, modelCode='', lastLiquidity=1)
2025-09-30 17:38:35 INFO execDetails Execution(execId='0000e1a7.68db4bbc.01.01', time=datetime.datetime(2025, 9, 30, 13, 42, 41, tzinfo=datetime.timezone.utc), acctNumber='DU2660649', exchange='CME', side='BOT', shares=1.0, price=6703.0, permId=1598338814, clientId=0, orderId=0, liquidation=0, cumQty=5.0, avgPrice=6703.0, orderRef='', evRule='', evMultiplier=0.0, modelCode='', lastLiquidity=1)
2025-09-30 17:38:35 INFO execDetails Execution(execId='0000e1a7.68db4bbd.01.01', time=datetime.datetime(2025, 9, 30, 13, 42, 41, tzinfo=datetime.timezone.utc), acctNumber='DU2660649', exchange='CME', side='BOT', shares=6.0, price=6703.0, permId=1598338814, clientId=0, orderId=0, liquidation=0, cumQty=11.0, avgPrice=6703.0, orderRef='', evRule='', evMultiplier=0.0, modelCode='', lastLiquidity=1)
2025-09-30 17:38:35 INFO execDetails Execution(execId='0000e1a7.68db4bbe.01.01', time=datetime.datetime(2025, 9, 30, 13, 42, 41, tzinfo=datetime.timezone.utc), acctNumber='DU2660649', exchange='CME', side='BOT', shares=4.0, price=6703.0, permId=1598338814, clientId=0, orderId=0, liquidation=0, cumQty=15.0, avgPrice=6703.0, orderRef='', evRule='', evMultiplier=0.0, modelCode='', lastLiquidity=1)
2025-09-30 17:38:35 INFO execDetails Execution(execId='0000e1a7.68db4bbf.01.01', time=datetime.datetime(2025, 9, 30, 13, 42, 41, tzinfo=datetime.timezone.utc), acctNumber='DU2660649', exchange='CME', side='BOT', shares=5.0, price=6703.0, permId=1598338814, clientId=0, orderId=0, liquidation=0, cumQty=20.0, avgPrice=6703.0, orderRef='', evRule='', evMultiplier=0.0, modelCode='', lastLiquidity=1)
2025-09-30 17:38:35 INFO execDetails Execution(execId='0000e1a7.68db4bef.01.01', time=datetime.datetime(2025, 9, 30, 13, 43, 12, tzinfo=datetime.timezone.utc), acctNumber='DU2660649', exchange='CME', side='BOT', shares=10.0, price=6703.25, permId=1598338826, clientId=0, orderId=0, liquidation=0, cumQty=10.0, avgPrice=6703.25, orderRef='', evRule='', evMultiplier=0.0, modelCode='', lastLiquidity=1)
2025-09-30 17:38:35 INFO execDetails Execution(execId='0000e1a7.68db4ca3.01.01', time=datetime.datetime(2025, 9, 30, 13, 44, 6, tzinfo=datetime.timezone.utc), acctNumber='DU2660649', exchange='CME', side='SLD', shares=10.0, price=6705.25, permId=1598338825, clientId=0, orderId=0, liquidation=0, cumQty=10.0, avgPrice=6705.25, orderRef='', evRule='', evMultiplier=0.0, modelCode='', lastLiquidity=1)
2025-09-30 17:38:35 INFO execDetails Execution(execId='0000e1a7.68db4cde.01.01', time=datetime.datetime(2025, 9, 30, 13, 44, 30, tzinfo=datetime.timezone.utc), acctNumber='DU2660649', exchange='CME', side='SLD', shares=1.0, price=6707.25, permId=1598338830, clientId=0, orderId=0, liquidation=0, cumQty=1.0, avgPrice=6707.25, orderRef='', evRule='', evMultiplier=0.0, modelCode='', lastLiquidity=1)
2025-09-30 17:38:35 INFO execDetails Execution(execId='0000e1a7.68db4ce0.01.01', time=datetime.datetime(2025, 9, 30, 13, 44, 30, tzinfo=datetime.timezone.utc), acctNumber='DU2660649', exchange='CME', side='SLD', shares=5.0, price=6707.25, permId=1598338830, clientId=0, orderId=0, liquidation=0, cumQty=6.0, avgPrice=6707.25, orderRef='', evRule='', evMultiplier=0.0, modelCode='', lastLiquidity=1)
2025-09-30 17:38:35 INFO execDetails Execution(execId='0000e1a7.68db4ce3.01.01', time=datetime.datetime(2025, 9, 30, 13, 44, 31, tzinfo=datetime.timezone.utc), acctNumber='DU2660649', exchange='CME', side='SLD', shares=4.0, price=6707.25, permId=1598338830, clientId=0, orderId=0, liquidation=0, cumQty=10.0, avgPrice=6707.25, orderRef='', evRule='', evMultiplier=0.0, modelCode='', lastLiquidity=1)
2025-09-30 17:38:35 INFO execDetails Execution(execId='0000e1a7.68db4d43.01.01', time=datetime.datetime(2025, 9, 30, 13, 45, 11, tzinfo=datetime.timezone.utc), acctNumber='DU2660649', exchange='CME', side='SLD', shares=10.0, price=6708.0, permId=1598338834, clientId=0, orderId=0, liquidation=0, cumQty=10.0, avgPrice=6708.0, orderRef='', evRule='', evMultiplier=0.0, modelCode='', lastLiquidity=1)
2025-09-30 17:38:35 INFO execDetails Execution(execId='0000e1a7.68db4d99.01.01', time=datetime.datetime(2025, 9, 30, 13, 45, 34, tzinfo=datetime.timezone.utc), acctNumber='DU2660649', exchange='CME', side='SLD', shares=10.0, price=6709.25, permId=1598338838, clientId=0, orderId=0, liquidation=0, cumQty=10.0, avgPrice=6709.25, orderRef='', evRule='', evMultiplier=0.0, modelCode='', lastLiquidity=1)
2025-09-30 17:38:35 INFO execDetails Execution(execId='0000e1a7.68db4e34.01.01', time=datetime.datetime(2025, 9, 30, 13, 46, 25, tzinfo=datetime.timezone.utc), acctNumber='DU2660649', exchange='CME', side='SLD', shares=10.0, price=6709.0, permId=1598338842, clientId=0, orderId=0, liquidation=0, cumQty=10.0, avgPrice=6709.0, orderRef='', evRule='', evMultiplier=0.0, modelCode='', lastLiquidity=1)
2025-09-30 17:38:35 INFO execDetails Execution(execId='0000e1a7.68db4eb1.01.01', time=datetime.datetime(2025, 9, 30, 13, 47, 30, tzinfo=datetime.timezone.utc), acctNumber='DU2660649', exchange='CME', side='SLD', shares=10.0, price=6706.25, permId=1598338846, clientId=0, orderId=0, liquidation=0, cumQty=10.0, avgPrice=6706.25, orderRef='', evRule='', evMultiplier=0.0, modelCode='', lastLiquidity=1)
2025-09-30 17:38:35 INFO execDetails Execution(execId='0000e1a7.68db508d.01.01', time=datetime.datetime(2025, 9, 30, 13, 50, 43, tzinfo=datetime.timezone.utc), acctNumber='DU2660649', exchange='CME', side='SLD', shares=1.0, price=6703.0, permId=1598338854, clientId=0, orderId=0, liquidation=0, cumQty=1.0, avgPrice=6703.0, orderRef='', evRule='', evMultiplier=0.0, modelCode='', lastLiquidity=1)
2025-09-30 17:38:35 INFO execDetails Execution(execId='0000e1a7.68db5642.01.01', time=datetime.datetime(2025, 9, 30, 13, 59, 11, tzinfo=datetime.timezone.utc), acctNumber='DU2660649', exchange='CME', side='SLD', shares=2.0, price=6706.5, permId=1598338857, clientId=0, orderId=0, liquidation=0, cumQty=2.0, avgPrice=6706.5, orderRef='', evRule='', evMultiplier=0.0, modelCode='', lastLiquidity=1)
2025-09-30 17:38:35 INFO execDetails Execution(execId='0000e1a7.68db5645.01.01', time=datetime.datetime(2025, 9, 30, 13, 59, 11, tzinfo=datetime.timezone.utc), acctNumber='DU2660649', exchange='CME', side='SLD', shares=1.0, price=6706.5, permId=1598338857, clientId=0, orderId=0, liquidation=0, cumQty=3.0, avgPrice=6706.5, orderRef='', evRule='', evMultiplier=0.0, modelCode='', lastLiquidity=1)
2025-09-30 17:38:35 INFO execDetails Execution(execId='0000e1a7.68db5646.01.01', time=datetime.datetime(2025, 9, 30, 13, 59, 11, tzinfo=datetime.timezone.utc), acctNumber='DU2660649', exchange='CME', side='SLD', shares=2.0, price=6706.5, permId=1598338857, clientId=0, orderId=0, liquidation=0, cumQty=5.0, avgPrice=6706.5, orderRef='', evRule='', evMultiplier=0.0, modelCode='', lastLiquidity=1)
2025-09-30 17:38:35 INFO execDetails Execution(execId='0000e1a7.68db5647.01.01', time=datetime.datetime(2025, 9, 30, 13, 59, 12, tzinfo=datetime.timezone.utc), acctNumber='DU2660649', exchange='CME', side='SLD', shares=1.0, price=6706.5, permId=1598338857, clientId=0, orderId=0, liquidation=0, cumQty=6.0, avgPrice=6706.5, orderRef='', evRule='', evMultiplier=0.0, modelCode='', lastLiquidity=1)
2025-09-30 17:38:35 INFO execDetails Execution(execId='0000e1a7.68db5649.01.01', time=datetime.datetime(2025, 9, 30, 13, 59, 13, tzinfo=datetime.timezone.utc), acctNumber='DU2660649', exchange='CME', side='SLD', shares=1.0, price=6706.5, permId=1598338857, clientId=0, orderId=0, liquidation=0, cumQty=7.0, avgPrice=6706.5, orderRef='', evRule='', evMultiplier=0.0, modelCode='', lastLiquidity=1)
2025-09-30 17:38:35 INFO execDetails Execution(execId='0000e1a7.68db564a.01.01', time=datetime.datetime(2025, 9, 30, 13, 59, 13, tzinfo=datetime.timezone.utc), acctNumber='DU2660649', exchange='CME', side='SLD', shares=2.0, price=6706.5, permId=1598338857, clientId=0, orderId=0, liquidation=0, cumQty=9.0, avgPrice=6706.5, orderRef='', evRule='', evMultiplier=0.0, modelCode='', lastLiquidity=1)
2025-09-30 17:38:35 INFO execDetails Execution(execId='0000e1a7.68dbbfe0.01.01', time=datetime.datetime(2025, 9, 30, 20, 28, 39, tzinfo=datetime.timezone.utc), acctNumber='DU2660649', exchange='CME', side='BOT', shares=1.0, price=6726.0, permId=1296287468, clientId=111, orderId=88, liquidation=0, cumQty=1.0, avgPrice=6726.0, orderRef='', evRule='', evMultiplier=0.0, modelCode='', lastLiquidity=1)
2025-09-30 17:38:35 INFO execDetails Execution(execId='0000e1a7.68dbc080.01.01', time=datetime.datetime(2025, 9, 30, 20, 34, 37, tzinfo=datetime.timezone.utc), acctNumber='DU2660649', exchange='CME', side='SLD', shares=1.0, price=6723.5, permId=1296287469, clientId=111, orderId=89, liquidation=0, cumQty=1.0, avgPrice=6723.5, orderRef='', evRule='', evMultiplier=0.0, modelCode='', lastLiquidity=1)
2025-09-30 17:38:35 INFO execDetails Execution(execId='0000e1a7.68dbc0ab.01.01', time=datetime.datetime(2025, 9, 30, 20, 37, 39, tzinfo=datetime.timezone.utc), acctNumber='DU2660649', exchange='CME', side='BOT', shares=1.0, price=6724.25, permId=1296287471, clientId=111, orderId=352, liquidation=0, cumQty=1.0, avgPrice=6724.25, orderRef='', evRule='', evMultiplier=0.0, modelCode='', lastLiquidity=1)
2025-09-30 17:38:35 INFO execDetails Execution(execId='0000e1a7.68dc524a.01.01', time=datetime.datetime(2025, 9, 30, 22, 32, 38, tzinfo=datetime.timezone.utc), acctNumber='DU2660649', exchange='CME', side='SLD', shares=1.0, price=6732.5, permId=219957364, clientId=0, orderId=0, liquidation=0, cumQty=1.0, avgPrice=6732.5, orderRef='', evRule='', evMultiplier=0.0, modelCode='', lastLiquidity=1)
2025-09-30 17:38:35 INFO commissionReport: CommissionReport(execId='0000e1a7.68db1599.01.01', commission=2.25, currency='USD', realizedPNL=127.711538, yield_=0.0, yieldRedemptionDate=0)
2025-09-30 17:38:35 INFO commissionReport: CommissionReport(execId='0000e1a7.68db4350.01.01', commission=2.25, currency='USD', realizedPNL=-309.788462, yield_=0.0, yieldRedemptionDate=0)
2025-09-30 17:38:35 INFO commissionReport: CommissionReport(execId='0000e1a7.68db4352.01.01', commission=2.25, currency='USD', realizedPNL=-297.288462, yield_=0.0, yieldRedemptionDate=0)
2025-09-30 17:38:35 INFO commissionReport: CommissionReport(execId='0000e1a7.68db4353.01.01', commission=2.25, currency='USD', realizedPNL=-297.288462, yield_=0.0, yieldRedemptionDate=0)
2025-09-30 17:38:35 INFO commissionReport: CommissionReport(execId='0000e1a7.68db4354.01.01', commission=2.25, currency='USD', realizedPNL=-297.288462, yield_=0.0, yieldRedemptionDate=0)
2025-09-30 17:38:35 INFO commissionReport: CommissionReport(execId='0000e1a7.68db4355.01.01', commission=2.25, currency='USD', realizedPNL=-297.288462, yield_=0.0, yieldRedemptionDate=0)
2025-09-30 17:38:35 INFO commissionReport: CommissionReport(execId='0000e1a7.68db4356.01.01', commission=2.25, currency='USD', realizedPNL=-297.288462, yield_=0.0, yieldRedemptionDate=0)
2025-09-30 17:38:35 INFO commissionReport: CommissionReport(execId='0000e1a7.68db4357.01.01', commission=2.25, currency='USD', realizedPNL=-297.288462, yield_=0.0, yieldRedemptionDate=0)
2025-09-30 17:38:35 INFO commissionReport: CommissionReport(execId='0000e1a7.68db4358.01.01', commission=2.25, currency='USD', realizedPNL=-297.288462, yield_=0.0, yieldRedemptionDate=0)
2025-09-30 17:38:35 INFO commissionReport: CommissionReport(execId='0000e1a7.68db4359.01.01', commission=2.25, currency='USD', realizedPNL=-297.288462, yield_=0.0, yieldRedemptionDate=0)
2025-09-30 17:38:35 INFO commissionReport: CommissionReport(execId='0000e1a7.68db435a.01.01', commission=2.25, currency='USD', realizedPNL=-297.288462, yield_=0.0, yieldRedemptionDate=0)
2025-09-30 17:38:35 INFO commissionReport: CommissionReport(execId='0000e1a7.68db435c.01.01', commission=2.25, currency='USD', realizedPNL=-297.288462, yield_=0.0, yieldRedemptionDate=0)
2025-09-30 17:38:35 INFO commissionReport: CommissionReport(execId='0000e1a7.68db435d.01.01', commission=2.25, currency='USD', realizedPNL=-297.288462, yield_=0.0, yieldRedemptionDate=0)
2025-09-30 17:38:35 INFO commissionReport: CommissionReport(execId='0000e1a7.68db435e.01.01', commission=2.25, currency='USD', realizedPNL=-297.288462, yield_=0.0, yieldRedemptionDate=0)
2025-09-30 17:38:35 INFO commissionReport: CommissionReport(execId='0000e1a7.68db435f.01.01', commission=2.25, currency='USD', realizedPNL=-297.288462, yield_=0.0, yieldRedemptionDate=0)
2025-09-30 17:38:35 INFO commissionReport: CommissionReport(execId='0000e1a7.68db4360.01.01', commission=2.25, currency='USD', realizedPNL=-297.288462, yield_=0.0, yieldRedemptionDate=0)
2025-09-30 17:38:35 INFO commissionReport: CommissionReport(execId='0000e1a7.68db4b06.01.01', commission=22.5, currency='USD', realizedPNL=0.0, yield_=0.0, yieldRedemptionDate=0)
2025-09-30 17:38:35 INFO commissionReport: CommissionReport(execId='0000e1a7.68db4b29.01.01', commission=2.25, currency='USD', realizedPNL=0.0, yield_=0.0, yieldRedemptionDate=0)
2025-09-30 17:38:35 INFO commissionReport: CommissionReport(execId='0000e1a7.68db4b48.01.01', commission=20.25, currency='USD', realizedPNL=0.0, yield_=0.0, yieldRedemptionDate=0)
2025-09-30 17:38:35 INFO commissionReport: CommissionReport(execId='0000e1a7.68db4b8f.01.01', commission=9.0, currency='USD', realizedPNL=0.0, yield_=0.0, yieldRedemptionDate=0)
2025-09-30 17:38:35 INFO commissionReport: CommissionReport(execId='0000e1a7.68db4b99.01.01', commission=45.0, currency='USD', realizedPNL=0.0, yield_=0.0, yieldRedemptionDate=0)
2025-09-30 17:38:35 INFO commissionReport: CommissionReport(execId='0000e1a7.68db4bbc.01.01', commission=2.25, currency='USD', realizedPNL=0.0, yield_=0.0, yieldRedemptionDate=0)
2025-09-30 17:38:35 INFO commissionReport: CommissionReport(execId='0000e1a7.68db4bbd.01.01', commission=13.5, currency='USD', realizedPNL=0.0, yield_=0.0, yieldRedemptionDate=0)
2025-09-30 17:38:35 INFO commissionReport: CommissionReport(execId='0000e1a7.68db4bbe.01.01', commission=9.0, currency='USD', realizedPNL=0.0, yield_=0.0, yieldRedemptionDate=0)
2025-09-30 17:38:35 INFO commissionReport: CommissionReport(execId='0000e1a7.68db4bbf.01.01', commission=11.25, currency='USD', realizedPNL=0.0, yield_=0.0, yieldRedemptionDate=0)
2025-09-30 17:38:35 INFO commissionReport: CommissionReport(execId='0000e1a7.68db4bef.01.01', commission=22.5, currency='USD', realizedPNL=0.0, yield_=0.0, yieldRedemptionDate=0)
2025-09-30 17:38:35 INFO commissionReport: CommissionReport(execId='0000e1a7.68db4ca3.01.01', commission=22.5, currency='USD', realizedPNL=1035.357143, yield_=0.0, yieldRedemptionDate=0)
2025-09-30 17:38:35 INFO commissionReport: CommissionReport(execId='0000e1a7.68db4cde.01.01', commission=2.25, currency='USD', realizedPNL=203.535714, yield_=0.0, yieldRedemptionDate=0)
2025-09-30 17:38:35 INFO commissionReport: CommissionReport(execId='0000e1a7.68db4ce0.01.01', commission=11.25, currency='USD', realizedPNL=1017.678571, yield_=0.0, yieldRedemptionDate=0)
2025-09-30 17:38:35 INFO commissionReport: CommissionReport(execId='0000e1a7.68db4ce3.01.01', commission=9.0, currency='USD', realizedPNL=814.142857, yield_=0.0, yieldRedemptionDate=0)
2025-09-30 17:38:35 INFO commissionReport: CommissionReport(execId='0000e1a7.68db4d43.01.01', commission=22.5, currency='USD', realizedPNL=2410.357143, yield_=0.0, yieldRedemptionDate=0)
2025-09-30 17:38:35 INFO commissionReport: CommissionReport(execId='0000e1a7.68db4d99.01.01', commission=22.5, currency='USD', realizedPNL=3035.357143, yield_=0.0, yieldRedemptionDate=0)
2025-09-30 17:38:35 INFO commissionReport: CommissionReport(execId='0000e1a7.68db4e34.01.01', commission=22.5, currency='USD', realizedPNL=2910.357143, yield_=0.0, yieldRedemptionDate=0)
2025-09-30 17:38:35 INFO commissionReport: CommissionReport(execId='0000e1a7.68db4eb1.01.01', commission=22.5, currency='USD', realizedPNL=1535.357143, yield_=0.0, yieldRedemptionDate=0)
2025-09-30 17:38:35 INFO commissionReport: CommissionReport(execId='0000e1a7.68db508d.01.01', commission=2.25, currency='USD', realizedPNL=-8.964286, yield_=0.0, yieldRedemptionDate=0)
2025-09-30 17:38:35 INFO commissionReport: CommissionReport(execId='0000e1a7.68db5642.01.01', commission=4.5, currency='USD', realizedPNL=332.071429, yield_=0.0, yieldRedemptionDate=0)
2025-09-30 17:38:35 INFO commissionReport: CommissionReport(execId='0000e1a7.68db5645.01.01', commission=2.25, currency='USD', realizedPNL=166.035714, yield_=0.0, yieldRedemptionDate=0)
2025-09-30 17:38:35 INFO commissionReport: CommissionReport(execId='0000e1a7.68db5646.01.01', commission=4.5, currency='USD', realizedPNL=332.071429, yield_=0.0, yieldRedemptionDate=0)
2025-09-30 17:38:35 INFO commissionReport: CommissionReport(execId='0000e1a7.68db5647.01.01', commission=2.25, currency='USD', realizedPNL=166.035714, yield_=0.0, yieldRedemptionDate=0)
2025-09-30 17:38:35 INFO commissionReport: CommissionReport(execId='0000e1a7.68db5649.01.01', commission=2.25, currency='USD', realizedPNL=166.035714, yield_=0.0, yieldRedemptionDate=0)
2025-09-30 17:38:35 INFO commissionReport: CommissionReport(execId='0000e1a7.68db564a.01.01', commission=4.5, currency='USD', realizedPNL=332.071429, yield_=0.0, yieldRedemptionDate=0)
2025-09-30 17:38:35 INFO commissionReport: CommissionReport(execId='0000e1a7.68dbbfe0.01.01', commission=2.25, currency='USD', realizedPNL=0.0, yield_=0.0, yieldRedemptionDate=0)
2025-09-30 17:38:35 INFO commissionReport: CommissionReport(execId='0000e1a7.68dbc080.01.01', commission=2.25, currency='USD', realizedPNL=-129.5, yield_=0.0, yieldRedemptionDate=0)
2025-09-30 17:38:35 INFO commissionReport: CommissionReport(execId='0000e1a7.68dbc0ab.01.01', commission=2.25, currency='USD', realizedPNL=0.0, yield_=0.0, yieldRedemptionDate=0)
2025-09-30 17:38:35 INFO commissionReport: CommissionReport(execId='0000e1a7.68dc524a.01.01', commission=2.25, currency='USD', realizedPNL=408.0, yield_=0.0, yieldRedemptionDate=0)
2025-09-30 17:38:35 INFO Synchronization complete
2025-09-30 17:38:35 INFO [CONTRACT] Auto front-month: ES 20251219 conId=495512563 exch=CME
2025-09-30 17:38:35 INFO [GATE] ADX=11.0 BBbw=0.000746 ATRp=0.000178 ok=False
2025-09-30 17:38:35 INFO [HB] gates not met          | dayR=0.00R weekR=0.00R open=0 tradesToday=0 coolUntil=-
2025-09-30 17:38:39 INFO updatePortfolio: PortfolioItem(contract=Future(conId=495512563, symbol='ES', lastTradeDateOrContractMonth='20251219', right='0', multiplier='50', primaryExchange='CME', currency='USD', localSymbol='ESZ5', tradingClass='ES'), position=0.0, marketPrice=6729.1645508, marketValue=0.0, averageCost=0.0, unrealizedPNL=0.0, realizedPNL=11600.5, account='DU2660649')
2025-09-30 17:38:40 INFO [GATE] ADX=11.0 BBbw=0.000746 ATRp=0.000178 ok=False
2025-09-30 17:38:40 INFO [HB] gates not met          | dayR=0.00R weekR=0.00R open=0 tradesToday=0 coolUntil=-
2025-09-30 17:38:46 INFO [GATE] ADX=11.0 BBbw=0.000754 ATRp=0.000178 ok=False
2025-09-30 17:38:46 INFO [HB] gates not met          | dayR=0.00R weekR=0.00R open=0 tradesToday=0 coolUntil=-
2025-09-30 17:38:51 INFO [GATE] ADX=11.0 BBbw=0.000754 ATRp=0.000178 ok=False
2025-09-30 17:38:51 INFO [HB] gates not met          | dayR=0.00R weekR=0.00R open=0 tradesToday=0 coolUntil=-
2025-09-30 17:38:56 INFO [GATE] ADX=11.0 BBbw=0.000754 ATRp=0.000178 ok=False
2025-09-30 17:38:56 INFO [HB] gates not met          | dayR=0.00R weekR=0.00R open=0 tradesToday=0 coolUntil=-
2025-09-30 17:38:57 INFO [CTRL-C] Shutting down...
2025-09-30 17:39:01 INFO Disconnecting from 127.0.0.1:7497, 838 B sent in 17 messages, 768 kB received in 630 messages, session time 26.5 s.
2025-09-30 17:39:01 INFO Disconnecting
