2025-09-30 18:09:28 INFO Starting ES paper bot...
2025-09-30 18:09:28 INFO [CONNECT] 127.0.0.1:7497 clientId=111
2025-09-30 18:09:28 INFO Connecting to 127.0.0.1:7497 with clientId 111...
2025-09-30 18:09:28 INFO Connected
2025-09-30 18:09:28 INFO Logged on to server version 176
2025-09-30 18:09:28 INFO Warning 2104, reqId -1: Market data farm connection is OK:usfarm.nj
2025-09-30 18:09:28 INFO Warning 2104, reqId -1: Market data farm connection is OK:usfuture
2025-09-30 18:09:28 INFO Warning 2104, reqId -1: Market data farm connection is OK:cashfarm
2025-09-30 18:09:28 INFO Warning 2104, reqId -1: Market data farm connection is OK:usfarm
2025-09-30 18:09:28 INFO Warning 2106, reqId -1: HMDS data farm connection is OK:ushmds
2025-09-30 18:09:28 INFO Warning 2158, reqId -1: Sec-def data farm connection is OK:secdefil
2025-09-30 18:09:28 INFO API connection ready
2025-09-30 18:09:28 INFO position: Position(account='DU2660649', contract=Future(conId=495512563, symbol='ES', lastTradeDateOrContractMonth='20251219', multiplier='50', currency='USD', localSymbol='ESZ5', tradingClass='ES'), position=0.0, avgCost=0.0)
2025-09-30 18:09:28 INFO updatePortfolio: PortfolioItem(contract=Future(conId=495512563, symbol='ES', lastTradeDateOrContractMonth='20251219', right='0', multiplier='50', primaryExchange='CME', currency='USD', localSymbol='ESZ5', tradingClass='ES'), position=0.0, marketPrice=6723.0, marketValue=0.0, averageCost=0.0, unrealizedPNL=0.0, realizedPNL=11600.5, account='DU2660649')
2025-09-30 18:09:28 INFO execDetails Execution(execId='0000e1a7.68db1599.01.01', time=datetime.datetime(2025, 9, 30, 6, 24, tzinfo=datetime.timezone.utc), acctNumber='DU2660649', exchange='CME', side='SLD', shares=1.0, price=6715.0, permId=1119156401, clientId=19, orderId=11960, liquidation=0, cumQty=1.0, avgPrice=6715.0, orderRef='', evRule='', evMultiplier=0.0, modelCode='', lastLiquidity=1)
2025-09-30 18:09:28 INFO execDetails Execution(execId='0000e1a7.68db4350.01.01', time=datetime.datetime(2025, 9, 30, 13, 30, tzinfo=datetime.timezone.utc), acctNumber='DU2660649', exchange='CME', side='SLD', shares=1.0, price=6706.25, permId=1119156388, clientId=19, orderId=11943, liquidation=0, cumQty=1.0, avgPrice=6706.25, orderRef='', evRule='', evMultiplier=0.0, modelCode='', lastLiquidity=1)
2025-09-30 18:09:28 INFO execDetails Execution(execId='0000e1a7.68db4352.01.01', time=datetime.datetime(2025, 9, 30, 13, 30, tzinfo=datetime.timezone.utc), acctNumber='DU2660649', exchange='CME', side='SLD', shares=1.0, price=6706.5, permId=1119156382, clientId=19, orderId=11935, liquidation=0, cumQty=1.0, avgPrice=6706.5, orderRef='', evRule='', evMultiplier=0.0, modelCode='', lastLiquidity=1)
2025-09-30 18:09:28 INFO execDetails Execution(execId='0000e1a7.68db4353.01.01', time=datetime.datetime(2025, 9, 30, 13, 30, tzinfo=datetime.timezone.utc), acctNumber='DU2660649', exchange='CME', side='SLD', shares=1.0, price=6706.5, permId=1119156406, clientId=19, orderId=11967, liquidation=0, cumQty=1.0, avgPrice=6706.5, orderRef='', evRule='', evMultiplier=0.0, modelCode='', lastLiquidity=1)
2025-09-30 18:09:28 INFO execDetails Execution(execId='0000e1a7.68db4354.01.01', time=datetime.datetime(2025, 9, 30, 13, 30, tzinfo=datetime.timezone.utc), acctNumber='DU2660649', exchange='CME', side='SLD', shares=1.0, price=6706.5, permId=1119156373, clientId=19, orderId=11923, liquidation=0, cumQty=1.0, avgPrice=6706.5, orderRef='', evRule='', evMultiplier=0.0, modelCode='', lastLiquidity=1)
2025-09-30 18:09:28 INFO execDetails Execution(execId='0000e1a7.68db4355.01.01', time=datetime.datetime(2025, 9, 30, 13, 30, tzinfo=datetime.timezone.utc), acctNumber='DU2660649', exchange='CME', side='SLD', shares=1.0, price=6706.5, permId=1119156418, clientId=19, orderId=11983, liquidation=0, cumQty=1.0, avgPrice=6706.5, orderRef='', evRule='', evMultiplier=0.0, modelCode='', lastLiquidity=1)
2025-09-30 18:09:28 INFO execDetails Execution(execId='0000e1a7.68db4356.01.01', time=datetime.datetime(2025, 9, 30, 13, 30, tzinfo=datetime.timezone.utc), acctNumber='DU2660649', exchange='CME', side='SLD', shares=1.0, price=6706.5, permId=1119156403, clientId=19, orderId=11963, liquidation=0, cumQty=1.0, avgPrice=6706.5, orderRef='', evRule='', evMultiplier=0.0, modelCode='', lastLiquidity=1)
2025-09-30 18:09:28 INFO execDetails Execution(execId='0000e1a7.68db4357.01.01', time=datetime.datetime(2025, 9, 30, 13, 30, tzinfo=datetime.timezone.utc), acctNumber='DU2660649', exchange='CME', side='SLD', shares=1.0, price=6706.5, permId=1119156376, clientId=19, orderId=11927, liquidation=0, cumQty=1.0, avgPrice=6706.5, orderRef='', evRule='', evMultiplier=0.0, modelCode='', lastLiquidity=1)
2025-09-30 18:09:28 INFO execDetails Execution(execId='0000e1a7.68db4358.01.01', time=datetime.datetime(2025, 9, 30, 13, 30, tzinfo=datetime.timezone.utc), acctNumber='DU2660649', exchange='CME', side='SLD', shares=1.0, price=6706.5, permId=1119156440, clientId=19, orderId=12011, liquidation=0, cumQty=1.0, avgPrice=6706.5, orderRef='', evRule='', evMultiplier=0.0, modelCode='', lastLiquidity=1)
2025-09-30 18:09:28 INFO execDetails Execution(execId='0000e1a7.68db4359.01.01', time=datetime.datetime(2025, 9, 30, 13, 30, tzinfo=datetime.timezone.utc), acctNumber='DU2660649', exchange='CME', side='SLD', shares=1.0, price=6706.5, permId=1119156409, clientId=19, orderId=11971, liquidation=0, cumQty=1.0, avgPrice=6706.5, orderRef='', evRule='', evMultiplier=0.0, modelCode='', lastLiquidity=1)
2025-09-30 18:09:28 INFO execDetails Execution(execId='0000e1a7.68db435a.01.01', time=datetime.datetime(2025, 9, 30, 13, 30, tzinfo=datetime.timezone.utc), acctNumber='DU2660649', exchange='CME', side='SLD', shares=1.0, price=6706.5, permId=1119156385, clientId=19, orderId=11939, liquidation=0, cumQty=1.0, avgPrice=6706.5, orderRef='', evRule='', evMultiplier=0.0, modelCode='', lastLiquidity=1)
2025-09-30 18:09:28 INFO execDetails Execution(execId='0000e1a7.68db435c.01.01', time=datetime.datetime(2025, 9, 30, 13, 30, tzinfo=datetime.timezone.utc), acctNumber='DU2660649', exchange='CME', side='SLD', shares=1.0, price=6706.5, permId=1119156424, clientId=19, orderId=11991, liquidation=0, cumQty=1.0, avgPrice=6706.5, orderRef='', evRule='', evMultiplier=0.0, modelCode='', lastLiquidity=1)
2025-09-30 18:09:28 INFO execDetails Execution(execId='0000e1a7.68db435d.01.01', time=datetime.datetime(2025, 9, 30, 13, 30, tzinfo=datetime.timezone.utc), acctNumber='DU2660649', exchange='CME', side='SLD', shares=1.0, price=6706.5, permId=1119156391, clientId=19, orderId=11947, liquidation=0, cumQty=1.0, avgPrice=6706.5, orderRef='', evRule='', evMultiplier=0.0, modelCode='', lastLiquidity=1)
2025-09-30 18:09:28 INFO execDetails Execution(execId='0000e1a7.68db435e.01.01', time=datetime.datetime(2025, 9, 30, 13, 30, tzinfo=datetime.timezone.utc), acctNumber='DU2660649', exchange='CME', side='SLD', shares=1.0, price=6706.5, permId=1119156471, clientId=19, orderId=12053, liquidation=0, cumQty=1.0, avgPrice=6706.5, orderRef='', evRule='', evMultiplier=0.0, modelCode='', lastLiquidity=1)
2025-09-30 18:09:28 INFO execDetails Execution(execId='0000e1a7.68db435f.01.01', time=datetime.datetime(2025, 9, 30, 13, 30, tzinfo=datetime.timezone.utc), acctNumber='DU2660649', exchange='CME', side='SLD', shares=1.0, price=6706.5, permId=1119156427, clientId=19, orderId=11995, liquidation=0, cumQty=1.0, avgPrice=6706.5, orderRef='', evRule='', evMultiplier=0.0, modelCode='', lastLiquidity=1)
2025-09-30 18:09:28 INFO execDetails Execution(execId='0000e1a7.68db4360.01.01', time=datetime.datetime(2025, 9, 30, 13, 30, tzinfo=datetime.timezone.utc), acctNumber='DU2660649', exchange='CME', side='SLD', shares=1.0, price=6706.5, permId=1119156379, clientId=19, orderId=11931, liquidation=0, cumQty=1.0, avgPrice=6706.5, orderRef='', evRule='', evMultiplier=0.0, modelCode='', lastLiquidity=1)
2025-09-30 18:09:28 INFO execDetails Execution(execId='0000e1a7.68db4b06.01.01', time=datetime.datetime(2025, 9, 30, 13, 41, 16, tzinfo=datetime.timezone.utc), acctNumber='DU2660649', exchange='CME', side='BOT', shares=10.0, price=6702.75, permId=1598338802, clientId=0, orderId=0, liquidation=0, cumQty=10.0, avgPrice=6702.75, orderRef='', evRule='', evMultiplier=0.0, modelCode='', lastLiquidity=1)
2025-09-30 18:09:28 INFO execDetails Execution(execId='0000e1a7.68db4b29.01.01', time=datetime.datetime(2025, 9, 30, 13, 41, 29, tzinfo=datetime.timezone.utc), acctNumber='DU2660649', exchange='CME', side='BOT', shares=1.0, price=6703.25, permId=1598338806, clientId=0, orderId=0, liquidation=0, cumQty=1.0, avgPrice=6703.25, orderRef='', evRule='', evMultiplier=0.0, modelCode='', lastLiquidity=1)
2025-09-30 18:09:28 INFO execDetails Execution(execId='0000e1a7.68db4b48.01.01', time=datetime.datetime(2025, 9, 30, 13, 41, 40, tzinfo=datetime.timezone.utc), acctNumber='DU2660649', exchange='CME', side='BOT', shares=9.0, price=6702.0, permId=1598338810, clientId=0, orderId=0, liquidation=0, cumQty=9.0, avgPrice=6702.0, orderRef='', evRule='', evMultiplier=0.0, modelCode='', lastLiquidity=1)
2025-09-30 18:09:28 INFO execDetails Execution(execId='0000e1a7.68db4b8f.01.01', time=datetime.datetime(2025, 9, 30, 13, 42, 11, tzinfo=datetime.timezone.utc), acctNumber='DU2660649', exchange='CME', side='BOT', shares=4.0, price=6703.0, permId=1598338814, clientId=0, orderId=0, liquidation=0, cumQty=4.0, avgPrice=6703.0, orderRef='', evRule='', evMultiplier=0.0, modelCode='', lastLiquidity=1)
2025-09-30 18:09:28 INFO execDetails Execution(execId='0000e1a7.68db4b99.01.01', time=datetime.datetime(2025, 9, 30, 13, 42, 22, tzinfo=datetime.timezone.utc), acctNumber='DU2660649', exchange='CME', side='BOT', shares=20.0, price=6703.75, permId=1598338818, clientId=0, orderId=0, liquidation=0, cumQty=20.0, avgPrice=6703.75, orderRef='', evRule='', evMultiplier=0.0, modelCode='', lastLiquidity=1)
2025-09-30 18:09:28 INFO execDetails Execution(execId='0000e1a7.68db4bbc.01.01', time=datetime.datetime(2025, 9, 30, 13, 42, 41, tzinfo=datetime.timezone.utc), acctNumber='DU2660649', exchange='CME', side='BOT', shares=1.0, price=6703.0, permId=1598338814, clientId=0, orderId=0, liquidation=0, cumQty=5.0, avgPrice=6703.0, orderRef='', evRule='', evMultiplier=0.0, modelCode='', lastLiquidity=1)
2025-09-30 18:09:28 INFO execDetails Execution(execId='0000e1a7.68db4bbd.01.01', time=datetime.datetime(2025, 9, 30, 13, 42, 41, tzinfo=datetime.timezone.utc), acctNumber='DU2660649', exchange='CME', side='BOT', shares=6.0, price=6703.0, permId=1598338814, clientId=0, orderId=0, liquidation=0, cumQty=11.0, avgPrice=6703.0, orderRef='', evRule='', evMultiplier=0.0, modelCode='', lastLiquidity=1)
2025-09-30 18:09:28 INFO execDetails Execution(execId='0000e1a7.68db4bbe.01.01', time=datetime.datetime(2025, 9, 30, 13, 42, 41, tzinfo=datetime.timezone.utc), acctNumber='DU2660649', exchange='CME', side='BOT', shares=4.0, price=6703.0, permId=1598338814, clientId=0, orderId=0, liquidation=0, cumQty=15.0, avgPrice=6703.0, orderRef='', evRule='', evMultiplier=0.0, modelCode='', lastLiquidity=1)
2025-09-30 18:09:28 INFO execDetails Execution(execId='0000e1a7.68db4bbf.01.01', time=datetime.datetime(2025, 9, 30, 13, 42, 41, tzinfo=datetime.timezone.utc), acctNumber='DU2660649', exchange='CME', side='BOT', shares=5.0, price=6703.0, permId=1598338814, clientId=0, orderId=0, liquidation=0, cumQty=20.0, avgPrice=6703.0, orderRef='', evRule='', evMultiplier=0.0, modelCode='', lastLiquidity=1)
2025-09-30 18:09:28 INFO execDetails Execution(execId='0000e1a7.68db4bef.01.01', time=datetime.datetime(2025, 9, 30, 13, 43, 12, tzinfo=datetime.timezone.utc), acctNumber='DU2660649', exchange='CME', side='BOT', shares=10.0, price=6703.25, permId=1598338826, clientId=0, orderId=0, liquidation=0, cumQty=10.0, avgPrice=6703.25, orderRef='', evRule='', evMultiplier=0.0, modelCode='', lastLiquidity=1)
2025-09-30 18:09:28 INFO execDetails Execution(execId='0000e1a7.68db4ca3.01.01', time=datetime.datetime(2025, 9, 30, 13, 44, 6, tzinfo=datetime.timezone.utc), acctNumber='DU2660649', exchange='CME', side='SLD', shares=10.0, price=6705.25, permId=1598338825, clientId=0, orderId=0, liquidation=0, cumQty=10.0, avgPrice=6705.25, orderRef='', evRule='', evMultiplier=0.0, modelCode='', lastLiquidity=1)
2025-09-30 18:09:28 INFO execDetails Execution(execId='0000e1a7.68db4cde.01.01', time=datetime.datetime(2025, 9, 30, 13, 44, 30, tzinfo=datetime.timezone.utc), acctNumber='DU2660649', exchange='CME', side='SLD', shares=1.0, price=6707.25, permId=1598338830, clientId=0, orderId=0, liquidation=0, cumQty=1.0, avgPrice=6707.25, orderRef='', evRule='', evMultiplier=0.0, modelCode='', lastLiquidity=1)
2025-09-30 18:09:28 INFO execDetails Execution(execId='0000e1a7.68db4ce0.01.01', time=datetime.datetime(2025, 9, 30, 13, 44, 30, tzinfo=datetime.timezone.utc), acctNumber='DU2660649', exchange='CME', side='SLD', shares=5.0, price=6707.25, permId=1598338830, clientId=0, orderId=0, liquidation=0, cumQty=6.0, avgPrice=6707.25, orderRef='', evRule='', evMultiplier=0.0, modelCode='', lastLiquidity=1)
2025-09-30 18:09:28 INFO execDetails Execution(execId='0000e1a7.68db4ce3.01.01', time=datetime.datetime(2025, 9, 30, 13, 44, 31, tzinfo=datetime.timezone.utc), acctNumber='DU2660649', exchange='CME', side='SLD', shares=4.0, price=6707.25, permId=1598338830, clientId=0, orderId=0, liquidation=0, cumQty=10.0, avgPrice=6707.25, orderRef='', evRule='', evMultiplier=0.0, modelCode='', lastLiquidity=1)
2025-09-30 18:09:28 INFO execDetails Execution(execId='0000e1a7.68db4d43.01.01', time=datetime.datetime(2025, 9, 30, 13, 45, 11, tzinfo=datetime.timezone.utc), acctNumber='DU2660649', exchange='CME', side='SLD', shares=10.0, price=6708.0, permId=1598338834, clientId=0, orderId=0, liquidation=0, cumQty=10.0, avgPrice=6708.0, orderRef='', evRule='', evMultiplier=0.0, modelCode='', lastLiquidity=1)
2025-09-30 18:09:28 INFO execDetails Execution(execId='0000e1a7.68db4d99.01.01', time=datetime.datetime(2025, 9, 30, 13, 45, 34, tzinfo=datetime.timezone.utc), acctNumber='DU2660649', exchange='CME', side='SLD', shares=10.0, price=6709.25, permId=1598338838, clientId=0, orderId=0, liquidation=0, cumQty=10.0, avgPrice=6709.25, orderRef='', evRule='', evMultiplier=0.0, modelCode='', lastLiquidity=1)
2025-09-30 18:09:28 INFO execDetails Execution(execId='0000e1a7.68db4e34.01.01', time=datetime.datetime(2025, 9, 30, 13, 46, 25, tzinfo=datetime.timezone.utc), acctNumber='DU2660649', exchange='CME', side='SLD', shares=10.0, price=6709.0, permId=1598338842, clientId=0, orderId=0, liquidation=0, cumQty=10.0, avgPrice=6709.0, orderRef='', evRule='', evMultiplier=0.0, modelCode='', lastLiquidity=1)
2025-09-30 18:09:28 INFO execDetails Execution(execId='0000e1a7.68db4eb1.01.01', time=datetime.datetime(2025, 9, 30, 13, 47, 30, tzinfo=datetime.timezone.utc), acctNumber='DU2660649', exchange='CME', side='SLD', shares=10.0, price=6706.25, permId=1598338846, clientId=0, orderId=0, liquidation=0, cumQty=10.0, avgPrice=6706.25, orderRef='', evRule='', evMultiplier=0.0, modelCode='', lastLiquidity=1)
2025-09-30 18:09:28 INFO execDetails Execution(execId='0000e1a7.68db508d.01.01', time=datetime.datetime(2025, 9, 30, 13, 50, 43, tzinfo=datetime.timezone.utc), acctNumber='DU2660649', exchange='CME', side='SLD', shares=1.0, price=6703.0, permId=1598338854, clientId=0, orderId=0, liquidation=0, cumQty=1.0, avgPrice=6703.0, orderRef='', evRule='', evMultiplier=0.0, modelCode='', lastLiquidity=1)
2025-09-30 18:09:28 INFO execDetails Execution(execId='0000e1a7.68db5642.01.01', time=datetime.datetime(2025, 9, 30, 13, 59, 11, tzinfo=datetime.timezone.utc), acctNumber='DU2660649', exchange='CME', side='SLD', shares=2.0, price=6706.5, permId=1598338857, clientId=0, orderId=0, liquidation=0, cumQty=2.0, avgPrice=6706.5, orderRef='', evRule='', evMultiplier=0.0, modelCode='', lastLiquidity=1)
2025-09-30 18:09:28 INFO execDetails Execution(execId='0000e1a7.68db5645.01.01', time=datetime.datetime(2025, 9, 30, 13, 59, 11, tzinfo=datetime.timezone.utc), acctNumber='DU2660649', exchange='CME', side='SLD', shares=1.0, price=6706.5, permId=1598338857, clientId=0, orderId=0, liquidation=0, cumQty=3.0, avgPrice=6706.5, orderRef='', evRule='', evMultiplier=0.0, modelCode='', lastLiquidity=1)
2025-09-30 18:09:28 INFO execDetails Execution(execId='0000e1a7.68db5646.01.01', time=datetime.datetime(2025, 9, 30, 13, 59, 11, tzinfo=datetime.timezone.utc), acctNumber='DU2660649', exchange='CME', side='SLD', shares=2.0, price=6706.5, permId=1598338857, clientId=0, orderId=0, liquidation=0, cumQty=5.0, avgPrice=6706.5, orderRef='', evRule='', evMultiplier=0.0, modelCode='', lastLiquidity=1)
2025-09-30 18:09:28 INFO execDetails Execution(execId='0000e1a7.68db5647.01.01', time=datetime.datetime(2025, 9, 30, 13, 59, 12, tzinfo=datetime.timezone.utc), acctNumber='DU2660649', exchange='CME', side='SLD', shares=1.0, price=6706.5, permId=1598338857, clientId=0, orderId=0, liquidation=0, cumQty=6.0, avgPrice=6706.5, orderRef='', evRule='', evMultiplier=0.0, modelCode='', lastLiquidity=1)
2025-09-30 18:09:28 INFO execDetails Execution(execId='0000e1a7.68db5649.01.01', time=datetime.datetime(2025, 9, 30, 13, 59, 13, tzinfo=datetime.timezone.utc), acctNumber='DU2660649', exchange='CME', side='SLD', shares=1.0, price=6706.5, permId=1598338857, clientId=0, orderId=0, liquidation=0, cumQty=7.0, avgPrice=6706.5, orderRef='', evRule='', evMultiplier=0.0, modelCode='', lastLiquidity=1)
2025-09-30 18:09:28 INFO execDetails Execution(execId='0000e1a7.68db564a.01.01', time=datetime.datetime(2025, 9, 30, 13, 59, 13, tzinfo=datetime.timezone.utc), acctNumber='DU2660649', exchange='CME', side='SLD', shares=2.0, price=6706.5, permId=1598338857, clientId=0, orderId=0, liquidation=0, cumQty=9.0, avgPrice=6706.5, orderRef='', evRule='', evMultiplier=0.0, modelCode='', lastLiquidity=1)
2025-09-30 18:09:28 INFO execDetails Execution(execId='0000e1a7.68dbbfe0.01.01', time=datetime.datetime(2025, 9, 30, 20, 28, 39, tzinfo=datetime.timezone.utc), acctNumber='DU2660649', exchange='CME', side='BOT', shares=1.0, price=6726.0, permId=1296287468, clientId=111, orderId=88, liquidation=0, cumQty=1.0, avgPrice=6726.0, orderRef='', evRule='', evMultiplier=0.0, modelCode='', lastLiquidity=1)
2025-09-30 18:09:28 INFO execDetails Execution(execId='0000e1a7.68dbc080.01.01', time=datetime.datetime(2025, 9, 30, 20, 34, 37, tzinfo=datetime.timezone.utc), acctNumber='DU2660649', exchange='CME', side='SLD', shares=1.0, price=6723.5, permId=1296287469, clientId=111, orderId=89, liquidation=0, cumQty=1.0, avgPrice=6723.5, orderRef='', evRule='', evMultiplier=0.0, modelCode='', lastLiquidity=1)
2025-09-30 18:09:28 INFO execDetails Execution(execId='0000e1a7.68dbc0ab.01.01', time=datetime.datetime(2025, 9, 30, 20, 37, 39, tzinfo=datetime.timezone.utc), acctNumber='DU2660649', exchange='CME', side='BOT', shares=1.0, price=6724.25, permId=1296287471, clientId=111, orderId=352, liquidation=0, cumQty=1.0, avgPrice=6724.25, orderRef='', evRule='', evMultiplier=0.0, modelCode='', lastLiquidity=1)
2025-09-30 18:09:28 INFO execDetails Execution(execId='0000e1a7.68dc524a.01.01', time=datetime.datetime(2025, 9, 30, 22, 32, 38, tzinfo=datetime.timezone.utc), acctNumber='DU2660649', exchange='CME', side='SLD', shares=1.0, price=6732.5, permId=219957364, clientId=0, orderId=0, liquidation=0, cumQty=1.0, avgPrice=6732.5, orderRef='', evRule='', evMultiplier=0.0, modelCode='', lastLiquidity=1)
2025-09-30 18:09:28 INFO commissionReport: CommissionReport(execId='0000e1a7.68db1599.01.01', commission=2.25, currency='USD', realizedPNL=127.711538, yield_=0.0, yieldRedemptionDate=0)
2025-09-30 18:09:28 INFO commissionReport: CommissionReport(execId='0000e1a7.68db4350.01.01', commission=2.25, currency='USD', realizedPNL=-309.788462, yield_=0.0, yieldRedemptionDate=0)
2025-09-30 18:09:28 INFO commissionReport: CommissionReport(execId='0000e1a7.68db4352.01.01', commission=2.25, currency='USD', realizedPNL=-297.288462, yield_=0.0, yieldRedemptionDate=0)
2025-09-30 18:09:28 INFO commissionReport: CommissionReport(execId='0000e1a7.68db4353.01.01', commission=2.25, currency='USD', realizedPNL=-297.288462, yield_=0.0, yieldRedemptionDate=0)
2025-09-30 18:09:28 INFO commissionReport: CommissionReport(execId='0000e1a7.68db4354.01.01', commission=2.25, currency='USD', realizedPNL=-297.288462, yield_=0.0, yieldRedemptionDate=0)
2025-09-30 18:09:28 INFO commissionReport: CommissionReport(execId='0000e1a7.68db4355.01.01', commission=2.25, currency='USD', realizedPNL=-297.288462, yield_=0.0, yieldRedemptionDate=0)
2025-09-30 18:09:28 INFO commissionReport: CommissionReport(execId='0000e1a7.68db4356.01.01', commission=2.25, currency='USD', realizedPNL=-297.288462, yield_=0.0, yieldRedemptionDate=0)
2025-09-30 18:09:28 INFO commissionReport: CommissionReport(execId='0000e1a7.68db4357.01.01', commission=2.25, currency='USD', realizedPNL=-297.288462, yield_=0.0, yieldRedemptionDate=0)
2025-09-30 18:09:28 INFO commissionReport: CommissionReport(execId='0000e1a7.68db4358.01.01', commission=2.25, currency='USD', realizedPNL=-297.288462, yield_=0.0, yieldRedemptionDate=0)
2025-09-30 18:09:28 INFO commissionReport: CommissionReport(execId='0000e1a7.68db4359.01.01', commission=2.25, currency='USD', realizedPNL=-297.288462, yield_=0.0, yieldRedemptionDate=0)
2025-09-30 18:09:28 INFO commissionReport: CommissionReport(execId='0000e1a7.68db435a.01.01', commission=2.25, currency='USD', realizedPNL=-297.288462, yield_=0.0, yieldRedemptionDate=0)
2025-09-30 18:09:28 INFO commissionReport: CommissionReport(execId='0000e1a7.68db435c.01.01', commission=2.25, currency='USD', realizedPNL=-297.288462, yield_=0.0, yieldRedemptionDate=0)
2025-09-30 18:09:28 INFO commissionReport: CommissionReport(execId='0000e1a7.68db435d.01.01', commission=2.25, currency='USD', realizedPNL=-297.288462, yield_=0.0, yieldRedemptionDate=0)
2025-09-30 18:09:28 INFO commissionReport: CommissionReport(execId='0000e1a7.68db435e.01.01', commission=2.25, currency='USD', realizedPNL=-297.288462, yield_=0.0, yieldRedemptionDate=0)
2025-09-30 18:09:28 INFO commissionReport: CommissionReport(execId='0000e1a7.68db435f.01.01', commission=2.25, currency='USD', realizedPNL=-297.288462, yield_=0.0, yieldRedemptionDate=0)
2025-09-30 18:09:28 INFO commissionReport: CommissionReport(execId='0000e1a7.68db4360.01.01', commission=2.25, currency='USD', realizedPNL=-297.288462, yield_=0.0, yieldRedemptionDate=0)
2025-09-30 18:09:28 INFO commissionReport: CommissionReport(execId='0000e1a7.68db4b06.01.01', commission=22.5, currency='USD', realizedPNL=0.0, yield_=0.0, yieldRedemptionDate=0)
2025-09-30 18:09:28 INFO commissionReport: CommissionReport(execId='0000e1a7.68db4b29.01.01', commission=2.25, currency='USD', realizedPNL=0.0, yield_=0.0, yieldRedemptionDate=0)
2025-09-30 18:09:28 INFO commissionReport: CommissionReport(execId='0000e1a7.68db4b48.01.01', commission=20.25, currency='USD', realizedPNL=0.0, yield_=0.0, yieldRedemptionDate=0)
2025-09-30 18:09:28 INFO commissionReport: CommissionReport(execId='0000e1a7.68db4b8f.01.01', commission=9.0, currency='USD', realizedPNL=0.0, yield_=0.0, yieldRedemptionDate=0)
2025-09-30 18:09:28 INFO commissionReport: CommissionReport(execId='0000e1a7.68db4b99.01.01', commission=45.0, currency='USD', realizedPNL=0.0, yield_=0.0, yieldRedemptionDate=0)
2025-09-30 18:09:28 INFO commissionReport: CommissionReport(execId='0000e1a7.68db4bbc.01.01', commission=2.25, currency='USD', realizedPNL=0.0, yield_=0.0, yieldRedemptionDate=0)
2025-09-30 18:09:28 INFO commissionReport: CommissionReport(execId='0000e1a7.68db4bbd.01.01', commission=13.5, currency='USD', realizedPNL=0.0, yield_=0.0, yieldRedemptionDate=0)
2025-09-30 18:09:28 INFO commissionReport: CommissionReport(execId='0000e1a7.68db4bbe.01.01', commission=9.0, currency='USD', realizedPNL=0.0, yield_=0.0, yieldRedemptionDate=0)
2025-09-30 18:09:28 INFO commissionReport: CommissionReport(execId='0000e1a7.68db4bbf.01.01', commission=11.25, currency='USD', realizedPNL=0.0, yield_=0.0, yieldRedemptionDate=0)
2025-09-30 18:09:28 INFO commissionReport: CommissionReport(execId='0000e1a7.68db4bef.01.01', commission=22.5, currency='USD', realizedPNL=0.0, yield_=0.0, yieldRedemptionDate=0)
2025-09-30 18:09:28 INFO commissionReport: CommissionReport(execId='0000e1a7.68db4ca3.01.01', commission=22.5, currency='USD', realizedPNL=1035.357143, yield_=0.0, yieldRedemptionDate=0)
2025-09-30 18:09:28 INFO commissionReport: CommissionReport(execId='0000e1a7.68db4cde.01.01', commission=2.25, currency='USD', realizedPNL=203.535714, yield_=0.0, yieldRedemptionDate=0)
2025-09-30 18:09:28 INFO commissionReport: CommissionReport(execId='0000e1a7.68db4ce0.01.01', commission=11.25, currency='USD', realizedPNL=1017.678571, yield_=0.0, yieldRedemptionDate=0)
2025-09-30 18:09:28 INFO commissionReport: CommissionReport(execId='0000e1a7.68db4ce3.01.01', commission=9.0, currency='USD', realizedPNL=814.142857, yield_=0.0, yieldRedemptionDate=0)
2025-09-30 18:09:28 INFO commissionReport: CommissionReport(execId='0000e1a7.68db4d43.01.01', commission=22.5, currency='USD', realizedPNL=2410.357143, yield_=0.0, yieldRedemptionDate=0)
2025-09-30 18:09:28 INFO commissionReport: CommissionReport(execId='0000e1a7.68db4d99.01.01', commission=22.5, currency='USD', realizedPNL=3035.357143, yield_=0.0, yieldRedemptionDate=0)
2025-09-30 18:09:28 INFO commissionReport: CommissionReport(execId='0000e1a7.68db4e34.01.01', commission=22.5, currency='USD', realizedPNL=2910.357143, yield_=0.0, yieldRedemptionDate=0)
2025-09-30 18:09:28 INFO commissionReport: CommissionReport(execId='0000e1a7.68db4eb1.01.01', commission=22.5, currency='USD', realizedPNL=1535.357143, yield_=0.0, yieldRedemptionDate=0)
2025-09-30 18:09:28 INFO commissionReport: CommissionReport(execId='0000e1a7.68db508d.01.01', commission=2.25, currency='USD', realizedPNL=-8.964286, yield_=0.0, yieldRedemptionDate=0)
2025-09-30 18:09:28 INFO commissionReport: CommissionReport(execId='0000e1a7.68db5642.01.01', commission=4.5, currency='USD', realizedPNL=332.071429, yield_=0.0, yieldRedemptionDate=0)
2025-09-30 18:09:28 INFO commissionReport: CommissionReport(execId='0000e1a7.68db5645.01.01', commission=2.25, currency='USD', realizedPNL=166.035714, yield_=0.0, yieldRedemptionDate=0)
2025-09-30 18:09:28 INFO commissionReport: CommissionReport(execId='0000e1a7.68db5646.01.01', commission=4.5, currency='USD', realizedPNL=332.071429, yield_=0.0, yieldRedemptionDate=0)
2025-09-30 18:09:28 INFO commissionReport: CommissionReport(execId='0000e1a7.68db5647.01.01', commission=2.25, currency='USD', realizedPNL=166.035714, yield_=0.0, yieldRedemptionDate=0)
2025-09-30 18:09:28 INFO commissionReport: CommissionReport(execId='0000e1a7.68db5649.01.01', commission=2.25, currency='USD', realizedPNL=166.035714, yield_=0.0, yieldRedemptionDate=0)
2025-09-30 18:09:28 INFO commissionReport: CommissionReport(execId='0000e1a7.68db564a.01.01', commission=4.5, currency='USD', realizedPNL=332.071429, yield_=0.0, yieldRedemptionDate=0)
2025-09-30 18:09:28 INFO commissionReport: CommissionReport(execId='0000e1a7.68dbbfe0.01.01', commission=2.25, currency='USD', realizedPNL=0.0, yield_=0.0, yieldRedemptionDate=0)
2025-09-30 18:09:28 INFO commissionReport: CommissionReport(execId='0000e1a7.68dbc080.01.01', commission=2.25, currency='USD', realizedPNL=-129.5, yield_=0.0, yieldRedemptionDate=0)
2025-09-30 18:09:28 INFO commissionReport: CommissionReport(execId='0000e1a7.68dbc0ab.01.01', commission=2.25, currency='USD', realizedPNL=0.0, yield_=0.0, yieldRedemptionDate=0)
2025-09-30 18:09:28 INFO commissionReport: CommissionReport(execId='0000e1a7.68dc524a.01.01', commission=2.25, currency='USD', realizedPNL=408.0, yield_=0.0, yieldRedemptionDate=0)
2025-09-30 18:09:28 INFO Synchronization complete
2025-09-30 18:09:28 INFO [CONTRACT] Auto front-month: ES 20251219 conId=495512563 exch=CME
2025-09-30 18:09:28 INFO [HB] outside window         | open=0
2025-09-30 18:09:33 INFO [HB] outside window         | open=0
2025-09-30 18:09:38 INFO [HB] outside window         | open=0
2025-09-30 18:09:43 INFO [HB] outside window         | open=0
2025-09-30 18:09:49 INFO [HB] outside window         | open=0
2025-09-30 18:09:54 INFO [HB] outside window         | open=0
2025-09-30 18:09:59 INFO [HB] outside window         | open=0
2025-09-30 18:10:04 INFO [HB] outside window         | open=0
2025-09-30 18:10:09 INFO [HB] outside window         | open=0
2025-09-30 18:10:14 INFO [HB] outside window         | open=0
2025-09-30 18:10:19 INFO [HB] outside window         | open=0
2025-09-30 18:10:24 INFO [HB] outside window         | open=0
2025-09-30 18:10:29 INFO [HB] outside window         | open=0
2025-09-30 18:10:34 INFO [HB] outside window         | open=0
2025-09-30 18:10:39 INFO [HB] outside window         | open=0
2025-09-30 18:10:44 INFO [HB] outside window         | open=0
2025-09-30 18:10:49 INFO [HB] outside window         | open=0
2025-09-30 18:10:54 INFO [HB] outside window         | open=0
2025-09-30 18:10:59 INFO [HB] outside window         | open=0
2025-09-30 18:11:04 INFO [HB] outside window         | open=0
2025-09-30 18:11:09 INFO [HB] outside window         | open=0
2025-09-30 18:11:14 INFO [HB] outside window         | open=0
2025-09-30 18:11:19 INFO [HB] outside window         | open=0
2025-09-30 18:11:24 INFO [HB] outside window         | open=0
2025-09-30 18:11:29 INFO [HB] outside window         | open=0
2025-09-30 18:11:34 INFO [HB] outside window         | open=0
2025-09-30 18:11:39 INFO updatePortfolio: PortfolioItem(contract=Future(conId=495512563, symbol='ES', lastTradeDateOrContractMonth='20251219', right='0', multiplier='50', primaryExchange='CME', currency='USD', localSymbol='ESZ5', tradingClass='ES'), position=0.0, marketPrice=6724.89990235, marketValue=0.0, averageCost=0.0, unrealizedPNL=0.0, realizedPNL=11600.5, account='DU2660649')
2025-09-30 18:11:39 INFO [HB] outside window         | open=0
2025-09-30 18:11:44 INFO [HB] outside window         | open=0
2025-09-30 18:11:49 INFO [HB] outside window         | open=0
2025-09-30 18:11:54 INFO [HB] outside window         | open=0
2025-09-30 18:11:59 INFO [HB] outside window         | open=0
2025-09-30 18:12:04 INFO [HB] outside window         | open=0
2025-09-30 18:12:09 INFO [HB] outside window         | open=0
2025-09-30 18:12:14 INFO [HB] outside window         | open=0
2025-09-30 18:12:19 INFO [HB] outside window         | open=0
2025-09-30 18:12:24 INFO [HB] outside window         | open=0
2025-09-30 18:12:29 INFO [HB] outside window         | open=0
2025-09-30 18:12:34 INFO [HB] outside window         | open=0
2025-09-30 18:12:39 INFO [HB] outside window         | open=0
2025-09-30 18:12:44 INFO [HB] outside window         | open=0
2025-09-30 18:12:49 INFO [HB] outside window         | open=0
2025-09-30 18:12:54 INFO [HB] outside window         | open=0
2025-09-30 18:12:59 INFO [HB] outside window         | open=0
2025-09-30 18:13:04 INFO [HB] outside window         | open=0
2025-09-30 18:13:09 INFO [HB] outside window         | open=0
2025-09-30 18:13:14 INFO [HB] outside window         | open=0
2025-09-30 18:13:19 INFO [HB] outside window         | open=0
2025-09-30 18:13:24 INFO [HB] outside window         | open=0
2025-09-30 18:13:29 INFO [HB] outside window         | open=0
2025-09-30 18:13:34 INFO [HB] outside window         | open=0
2025-09-30 18:13:39 INFO [HB] outside window         | open=0
2025-09-30 18:13:44 INFO [HB] outside window         | open=0
2025-09-30 18:13:49 INFO [HB] outside window         | open=0
2025-09-30 18:13:54 INFO [HB] outside window         | open=0
2025-09-30 18:13:59 INFO [HB] outside window         | open=0
2025-09-30 18:14:04 INFO [HB] outside window         | open=0
2025-09-30 18:14:09 INFO [HB] outside window         | open=0
2025-09-30 18:14:14 INFO [HB] outside window         | open=0
2025-09-30 18:14:19 INFO [HB] outside window         | open=0
2025-09-30 18:14:24 INFO [HB] outside window         | open=0
2025-09-30 18:14:29 INFO [HB] outside window         | open=0
2025-09-30 18:14:34 INFO [HB] outside window         | open=0
2025-09-30 18:14:39 INFO updatePortfolio: PortfolioItem(contract=Future(conId=495512563, symbol='ES', lastTradeDateOrContractMonth='20251219', right='0', multiplier='50', primaryExchange='CME', currency='USD', localSymbol='ESZ5', tradingClass='ES'), position=0.0, marketPrice=6724.5, marketValue=0.0, averageCost=0.0, unrealizedPNL=0.0, realizedPNL=11600.5, account='DU2660649')
2025-09-30 18:14:39 INFO [HB] outside window         | open=0
2025-09-30 18:14:44 INFO [HB] outside window         | open=0
2025-09-30 18:14:49 INFO [HB] outside window         | open=0
2025-09-30 18:14:54 INFO [HB] outside window         | open=0
2025-09-30 18:14:59 INFO [HB] outside window         | open=0
2025-09-30 18:15:04 INFO [HB] outside window         | open=0
2025-09-30 18:15:09 INFO [HB] outside window         | open=0
2025-09-30 18:15:14 INFO [HB] outside window         | open=0
2025-09-30 18:15:19 INFO [HB] outside window         | open=0
2025-09-30 18:15:24 INFO [HB] outside window         | open=0
2025-09-30 18:15:29 INFO [HB] outside window         | open=0
2025-09-30 18:15:34 INFO [HB] outside window         | open=0
2025-09-30 18:15:39 INFO [HB] outside window         | open=0
2025-09-30 18:15:44 INFO [HB] outside window         | open=0
2025-09-30 18:15:49 INFO [HB] outside window         | open=0
2025-09-30 18:15:54 INFO [HB] outside window         | open=0
2025-09-30 18:15:59 INFO [HB] outside window         | open=0
2025-09-30 18:16:04 INFO [HB] outside window         | open=0
2025-09-30 18:16:09 INFO [HB] outside window         | open=0
2025-09-30 18:16:14 INFO [HB] outside window         | open=0
2025-09-30 18:16:19 INFO [HB] outside window         | open=0
2025-09-30 18:16:24 INFO [HB] outside window         | open=0
2025-09-30 18:16:29 INFO [HB] outside window         | open=0
2025-09-30 18:16:34 INFO [HB] outside window         | open=0
2025-09-30 18:16:39 INFO [HB] outside window         | open=0
2025-09-30 18:16:44 INFO [HB] outside window         | open=0
2025-09-30 18:16:49 INFO [HB] outside window         | open=0
2025-09-30 18:16:54 INFO [HB] outside window         | open=0
2025-09-30 18:16:59 INFO [HB] outside window         | open=0
2025-09-30 18:17:04 INFO [HB] outside window         | open=0
2025-09-30 18:17:09 INFO [HB] outside window         | open=0
2025-09-30 18:17:14 INFO [HB] outside window         | open=0
2025-09-30 18:17:19 INFO [HB] outside window         | open=0
2025-09-30 18:17:24 INFO [HB] outside window         | open=0
2025-09-30 18:17:29 INFO [HB] outside window         | open=0
2025-09-30 18:17:34 INFO [HB] outside window         | open=0
2025-09-30 18:17:39 INFO updatePortfolio: PortfolioItem(contract=Future(conId=495512563, symbol='ES', lastTradeDateOrContractMonth='20251219', right='0', multiplier='50', primaryExchange='CME', currency='USD', localSymbol='ESZ5', tradingClass='ES'), position=0.0, marketPrice=6724.25, marketValue=0.0, averageCost=0.0, unrealizedPNL=0.0, realizedPNL=11600.5, account='DU2660649')
2025-09-30 18:17:39 INFO [HB] outside window         | open=0
2025-09-30 18:17:44 INFO [HB] outside window         | open=0
2025-09-30 18:17:49 INFO [HB] outside window         | open=0
2025-09-30 18:17:54 INFO [HB] outside window         | open=0
2025-09-30 18:17:59 INFO [HB] outside window         | open=0
2025-09-30 18:18:04 INFO [HB] outside window         | open=0
2025-09-30 18:18:09 INFO [HB] outside window         | open=0
2025-09-30 18:18:14 INFO [HB] outside window         | open=0
2025-09-30 18:18:19 INFO [HB] outside window         | open=0
2025-09-30 18:18:24 INFO [HB] outside window         | open=0
2025-09-30 18:18:29 INFO [HB] outside window         | open=0
2025-09-30 18:18:34 INFO [HB] outside window         | open=0
2025-09-30 18:18:39 INFO [HB] outside window         | open=0
2025-09-30 18:18:44 INFO [HB] outside window         | open=0
2025-09-30 18:18:49 INFO [HB] outside window         | open=0
2025-09-30 18:18:54 INFO [HB] outside window         | open=0
2025-09-30 18:18:59 INFO [HB] outside window         | open=0
2025-09-30 18:19:04 INFO [HB] outside window         | open=0
2025-09-30 18:19:10 INFO [HB] outside window         | open=0
2025-09-30 18:19:15 INFO [HB] outside window         | open=0
2025-09-30 18:19:20 INFO [HB] outside window         | open=0
2025-09-30 18:19:25 INFO [HB] outside window         | open=0
2025-09-30 18:19:30 INFO [HB] outside window         | open=0
2025-09-30 18:19:35 INFO [HB] outside window         | open=0
2025-09-30 18:19:40 INFO [HB] outside window         | open=0
2025-09-30 18:19:45 INFO [HB] outside window         | open=0
2025-09-30 18:19:50 INFO [HB] outside window         | open=0
2025-09-30 18:19:55 INFO [HB] outside window         | open=0
2025-09-30 18:20:00 INFO [HB] outside window         | open=0
2025-09-30 18:20:05 INFO [HB] outside window         | open=0
2025-09-30 18:20:10 INFO [HB] outside window         | open=0
2025-09-30 18:20:15 INFO [HB] outside window         | open=0
2025-09-30 18:20:20 INFO [HB] outside window         | open=0
2025-09-30 18:20:25 INFO [HB] outside window         | open=0
2025-09-30 18:20:30 INFO [HB] outside window         | open=0
2025-09-30 18:20:35 INFO [HB] outside window         | open=0
2025-09-30 18:20:39 INFO updatePortfolio: PortfolioItem(contract=Future(conId=495512563, symbol='ES', lastTradeDateOrContractMonth='20251219', right='0', multiplier='50', primaryExchange='CME', currency='USD', localSymbol='ESZ5', tradingClass='ES'), position=0.0, marketPrice=6724.01660155, marketValue=0.0, averageCost=0.0, unrealizedPNL=0.0, realizedPNL=11600.5, account='DU2660649')
2025-09-30 18:20:40 INFO [HB] outside window         | open=0
2025-09-30 18:20:45 INFO [HB] outside window         | open=0
2025-09-30 18:20:50 INFO [HB] outside window         | open=0
2025-09-30 18:20:55 INFO [HB] outside window         | open=0
2025-09-30 18:21:00 INFO [HB] outside window         | open=0
2025-09-30 18:21:05 INFO [HB] outside window         | open=0
2025-09-30 18:21:10 INFO [HB] outside window         | open=0
2025-09-30 18:21:15 INFO [HB] outside window         | open=0
2025-09-30 18:21:20 INFO [HB] outside window         | open=0
2025-09-30 18:21:25 INFO [HB] outside window         | open=0
2025-09-30 18:21:30 INFO [HB] outside window         | open=0
2025-09-30 18:21:35 INFO [HB] outside window         | open=0
2025-09-30 18:21:40 INFO [HB] outside window         | open=0
2025-09-30 18:21:45 INFO [HB] outside window         | open=0
2025-09-30 18:21:50 INFO [HB] outside window         | open=0
2025-09-30 18:21:55 INFO [HB] outside window         | open=0
2025-09-30 18:22:00 INFO [HB] outside window         | open=0
2025-09-30 18:22:05 INFO [HB] outside window         | open=0
2025-09-30 18:22:10 INFO [HB] outside window         | open=0
2025-09-30 18:22:15 INFO [HB] outside window         | open=0
2025-09-30 18:22:20 INFO [HB] outside window         | open=0
2025-09-30 18:22:25 INFO [HB] outside window         | open=0
2025-09-30 18:22:30 INFO [HB] outside window         | open=0
2025-09-30 18:22:35 INFO [HB] outside window         | open=0
2025-09-30 18:22:40 INFO [HB] outside window         | open=0
2025-09-30 18:22:45 INFO [HB] outside window         | open=0
2025-09-30 18:22:50 INFO [HB] outside window         | open=0
2025-09-30 18:22:55 INFO [HB] outside window         | open=0
2025-09-30 18:23:00 INFO [HB] outside window         | open=0
2025-09-30 18:23:05 INFO [HB] outside window         | open=0
2025-09-30 18:23:10 INFO [HB] outside window         | open=0
2025-09-30 18:23:15 INFO [HB] outside window         | open=0
2025-09-30 18:23:20 INFO [HB] outside window         | open=0
2025-09-30 18:23:25 INFO [HB] outside window         | open=0
2025-09-30 18:23:30 INFO [HB] outside window         | open=0
2025-09-30 18:23:35 INFO [HB] outside window         | open=0
2025-09-30 18:23:39 INFO updatePortfolio: PortfolioItem(contract=Future(conId=495512563, symbol='ES', lastTradeDateOrContractMonth='20251219', right='0', multiplier='50', primaryExchange='CME', currency='USD', localSymbol='ESZ5', tradingClass='ES'), position=0.0, marketPrice=6726.25, marketValue=0.0, averageCost=0.0, unrealizedPNL=0.0, realizedPNL=11600.5, account='DU2660649')
2025-09-30 18:23:40 INFO [HB] outside window         | open=0
2025-09-30 18:23:45 INFO [HB] outside window         | open=0
2025-09-30 18:23:50 INFO [HB] outside window         | open=0
2025-09-30 18:23:55 INFO [HB] outside window         | open=0
2025-09-30 18:24:00 INFO [HB] outside window         | open=0
2025-09-30 18:24:05 INFO [HB] outside window         | open=0
2025-09-30 18:24:10 INFO [HB] outside window         | open=0
2025-09-30 18:24:15 INFO [HB] outside window         | open=0
2025-09-30 18:24:20 INFO [HB] outside window         | open=0
2025-09-30 18:24:25 INFO [HB] outside window         | open=0
2025-09-30 18:24:30 INFO [HB] outside window         | open=0
2025-09-30 18:24:35 INFO [HB] outside window         | open=0
2025-09-30 18:24:40 INFO [HB] outside window         | open=0
2025-09-30 18:24:45 INFO [HB] outside window         | open=0
2025-09-30 18:24:50 INFO [HB] outside window         | open=0
2025-09-30 18:24:55 INFO [HB] outside window         | open=0
2025-09-30 18:25:00 INFO [HB] outside window         | open=0
2025-09-30 18:25:05 INFO [HB] outside window         | open=0
2025-09-30 18:25:10 INFO [HB] outside window         | open=0
2025-09-30 18:25:15 INFO [HB] outside window         | open=0
2025-09-30 18:25:20 INFO [HB] outside window         | open=0
2025-09-30 18:25:25 INFO [HB] outside window         | open=0
2025-09-30 18:25:30 INFO [HB] outside window         | open=0
2025-09-30 18:25:35 INFO [HB] outside window         | open=0
2025-09-30 18:25:40 INFO [HB] outside window         | open=0
2025-09-30 18:25:45 INFO [HB] outside window         | open=0
2025-09-30 18:25:50 INFO [HB] outside window         | open=0
2025-09-30 18:25:55 INFO [HB] outside window         | open=0
2025-09-30 18:26:00 INFO [HB] outside window         | open=0
2025-09-30 18:26:05 INFO [HB] outside window         | open=0
2025-09-30 18:26:10 INFO [HB] outside window         | open=0
2025-09-30 18:26:15 INFO [HB] outside window         | open=0
2025-09-30 18:26:20 INFO [HB] outside window         | open=0
2025-09-30 18:26:25 INFO [HB] outside window         | open=0
2025-09-30 18:26:30 INFO [HB] outside window         | open=0
2025-09-30 18:26:35 INFO [HB] outside window         | open=0
2025-09-30 18:26:40 INFO [HB] outside window         | open=0
2025-09-30 18:26:45 INFO [HB] outside window         | open=0
2025-09-30 18:26:50 INFO [HB] outside window         | open=0
2025-09-30 18:26:55 INFO [HB] outside window         | open=0
2025-09-30 18:27:00 INFO [HB] outside window         | open=0
2025-09-30 18:27:05 INFO [HB] outside window         | open=0
2025-09-30 18:27:10 INFO [HB] outside window         | open=0
2025-09-30 18:27:15 INFO [HB] outside window         | open=0
2025-09-30 18:27:20 INFO [HB] outside window         | open=0
2025-09-30 18:27:25 INFO [HB] outside window         | open=0
2025-09-30 18:27:30 INFO [HB] outside window         | open=0
2025-09-30 18:27:35 INFO [HB] outside window         | open=0
2025-09-30 18:27:40 INFO [HB] outside window         | open=0
2025-09-30 18:27:45 INFO [HB] outside window         | open=0
2025-09-30 18:27:50 INFO [HB] outside window         | open=0
2025-09-30 18:27:55 INFO [HB] outside window         | open=0
2025-09-30 18:28:00 INFO [HB] outside window         | open=0
2025-09-30 18:28:05 INFO [HB] outside window         | open=0
2025-09-30 18:28:10 INFO [HB] outside window         | open=0
2025-09-30 18:28:15 INFO [HB] outside window         | open=0
2025-09-30 18:28:21 INFO [HB] outside window         | open=0
2025-09-30 18:28:26 INFO [HB] outside window         | open=0
2025-09-30 18:28:31 INFO [HB] outside window         | open=0
2025-09-30 18:28:36 INFO [HB] outside window         | open=0
2025-09-30 18:28:41 INFO [HB] outside window         | open=0
2025-09-30 18:28:46 INFO [HB] outside window         | open=0
2025-09-30 18:28:51 INFO [HB] outside window         | open=0
2025-09-30 18:28:56 INFO [HB] outside window         | open=0
2025-09-30 18:29:01 INFO [HB] outside window         | open=0
2025-09-30 18:29:06 INFO [HB] outside window         | open=0
2025-09-30 18:29:11 INFO [HB] outside window         | open=0
2025-09-30 18:29:16 INFO [HB] outside window         | open=0
2025-09-30 18:29:21 INFO [HB] outside window         | open=0
2025-09-30 18:29:26 INFO [HB] outside window         | open=0
2025-09-30 18:29:31 INFO [HB] outside window         | open=0
2025-09-30 18:29:36 INFO [HB] outside window         | open=0
2025-09-30 18:29:39 INFO updatePortfolio: PortfolioItem(contract=Future(conId=495512563, symbol='ES', lastTradeDateOrContractMonth='20251219', right='0', multiplier='50', primaryExchange='CME', currency='USD', localSymbol='ESZ5', tradingClass='ES'), position=0.0, marketPrice=6724.13134765, marketValue=0.0, averageCost=0.0, unrealizedPNL=0.0, realizedPNL=11600.5, account='DU2660649')
2025-09-30 18:29:41 INFO [HB] outside window         | open=0
2025-09-30 18:29:46 INFO [HB] outside window         | open=0
2025-09-30 18:29:51 INFO [HB] outside window         | open=0
2025-09-30 18:29:56 INFO [HB] outside window         | open=0
2025-09-30 18:30:01 INFO [HB] outside window         | open=0
2025-09-30 18:30:06 INFO [HB] outside window         | open=0
2025-09-30 18:30:11 INFO [HB] outside window         | open=0
2025-09-30 18:30:16 INFO [HB] outside window         | open=0
2025-09-30 18:30:21 INFO [HB] outside window         | open=0
2025-09-30 18:30:26 INFO [HB] outside window         | open=0
2025-09-30 18:30:31 INFO [HB] outside window         | open=0
2025-09-30 18:30:36 INFO [HB] outside window         | open=0
2025-09-30 18:30:41 INFO [HB] outside window         | open=0
2025-09-30 18:30:46 INFO [HB] outside window         | open=0
2025-09-30 18:30:51 INFO [HB] outside window         | open=0
2025-09-30 18:30:56 INFO [HB] outside window         | open=0
2025-09-30 18:31:01 INFO [HB] outside window         | open=0
2025-09-30 18:31:06 INFO [HB] outside window         | open=0
2025-09-30 18:31:11 INFO [HB] outside window         | open=0
2025-09-30 18:31:16 INFO [HB] outside window         | open=0
2025-09-30 18:31:21 INFO [HB] outside window         | open=0
2025-09-30 18:31:26 INFO [HB] outside window         | open=0
2025-09-30 18:31:27 INFO Warning 2104, reqId -1: Market data farm connection is OK:usfuture.nj
2025-09-30 18:31:31 INFO [HB] outside window         | open=0
2025-09-30 18:31:36 INFO [HB] outside window         | open=0
2025-09-30 18:31:41 INFO [HB] outside window         | open=0
2025-09-30 18:31:46 INFO [HB] outside window         | open=0
2025-09-30 18:31:51 INFO [HB] outside window         | open=0
2025-09-30 18:31:56 INFO [HB] outside window         | open=0
2025-09-30 18:32:01 INFO [HB] outside window         | open=0
2025-09-30 18:32:06 INFO [HB] outside window         | open=0
2025-09-30 18:32:11 INFO [HB] outside window         | open=0
2025-09-30 18:32:16 INFO [HB] outside window         | open=0
2025-09-30 18:32:21 INFO [HB] outside window         | open=0
2025-09-30 18:32:26 INFO [HB] outside window         | open=0
2025-09-30 18:32:31 INFO [HB] outside window         | open=0
2025-09-30 18:32:36 INFO [HB] outside window         | open=0
2025-09-30 18:32:39 INFO updatePortfolio: PortfolioItem(contract=Future(conId=495512563, symbol='ES', lastTradeDateOrContractMonth='20251219', right='0', multiplier='50', primaryExchange='CME', currency='USD', localSymbol='ESZ5', tradingClass='ES'), position=0.0, marketPrice=6725.75, marketValue=0.0, averageCost=0.0, unrealizedPNL=0.0, realizedPNL=11600.5, account='DU2660649')
2025-09-30 18:32:41 INFO [HB] outside window         | open=0
2025-09-30 18:32:46 INFO [HB] outside window         | open=0
2025-09-30 18:32:51 INFO [HB] outside window         | open=0
2025-09-30 18:32:56 INFO [HB] outside window         | open=0
2025-09-30 18:33:01 INFO [HB] outside window         | open=0
2025-09-30 18:33:06 INFO [HB] outside window         | open=0
2025-09-30 18:33:11 INFO [HB] outside window         | open=0
2025-09-30 18:33:16 INFO [HB] outside window         | open=0
2025-09-30 18:33:21 INFO [HB] outside window         | open=0
2025-09-30 18:33:26 INFO [HB] outside window         | open=0
2025-09-30 18:33:31 INFO [HB] outside window         | open=0
2025-09-30 18:33:36 INFO [HB] outside window         | open=0
2025-09-30 18:33:41 INFO [HB] outside window         | open=0
2025-09-30 18:33:46 INFO [HB] outside window         | open=0
2025-09-30 18:33:51 INFO [HB] outside window         | open=0
2025-09-30 18:33:56 INFO [HB] outside window         | open=0
2025-09-30 18:34:01 INFO [HB] outside window         | open=0
2025-09-30 18:34:06 INFO [HB] outside window         | open=0
2025-09-30 18:34:11 INFO [HB] outside window         | open=0
2025-09-30 18:34:16 INFO [HB] outside window         | open=0
2025-09-30 18:34:21 INFO [HB] outside window         | open=0
2025-09-30 18:34:26 INFO [HB] outside window         | open=0
2025-09-30 18:34:31 INFO [HB] outside window         | open=0
2025-09-30 18:34:36 INFO [HB] outside window         | open=0
2025-09-30 18:34:41 INFO [HB] outside window         | open=0
2025-09-30 18:34:46 INFO [HB] outside window         | open=0
2025-09-30 18:34:51 INFO [HB] outside window         | open=0
2025-09-30 18:34:56 INFO [HB] outside window         | open=0
2025-09-30 18:35:01 INFO [HB] outside window         | open=0
2025-09-30 18:35:06 INFO [HB] outside window         | open=0
2025-09-30 18:35:11 INFO [HB] outside window         | open=0
2025-09-30 18:35:16 INFO [HB] outside window         | open=0
2025-09-30 18:35:21 INFO [HB] outside window         | open=0
2025-09-30 18:35:26 INFO Warning 2108, reqId -1: Market data farm connection is inactive but should be available upon demand.usfuture.nj
2025-09-30 18:35:26 INFO Warning 2108, reqId -1: Market data farm connection is inactive but should be available upon demand.usfuture.nj
2025-09-30 18:35:26 INFO [HB] outside window         | open=0
2025-09-30 18:35:31 INFO [HB] outside window         | open=0
2025-09-30 18:35:36 INFO [HB] outside window         | open=0
2025-09-30 18:35:39 INFO updatePortfolio: PortfolioItem(contract=Future(conId=495512563, symbol='ES', lastTradeDateOrContractMonth='20251219', right='0', multiplier='50', primaryExchange='CME', currency='USD', localSymbol='ESZ5', tradingClass='ES'), position=0.0, marketPrice=6725.5, marketValue=0.0, averageCost=0.0, unrealizedPNL=0.0, realizedPNL=11600.5, account='DU2660649')
2025-09-30 18:35:41 INFO [HB] outside window         | open=0
2025-09-30 18:35:46 INFO [HB] outside window         | open=0
2025-09-30 18:35:51 INFO [HB] outside window         | open=0
2025-09-30 18:35:56 INFO [HB] outside window         | open=0
2025-09-30 18:36:01 INFO [HB] outside window         | open=0
2025-09-30 18:36:06 INFO [HB] outside window         | open=0
2025-09-30 18:36:11 INFO [HB] outside window         | open=0
2025-09-30 18:36:16 INFO [HB] outside window         | open=0
2025-09-30 18:36:21 INFO [HB] outside window         | open=0
2025-09-30 18:36:26 INFO [HB] outside window         | open=0
2025-09-30 18:36:31 INFO [HB] outside window         | open=0
2025-09-30 18:36:36 INFO [HB] outside window         | open=0
2025-09-30 18:36:41 INFO [HB] outside window         | open=0
2025-09-30 18:36:46 INFO [HB] outside window         | open=0
2025-09-30 18:36:51 INFO [HB] outside window         | open=0
2025-09-30 18:36:56 INFO [HB] outside window         | open=0
2025-09-30 18:37:01 INFO [HB] outside window         | open=0
2025-09-30 18:37:06 INFO [HB] outside window         | open=0
2025-09-30 18:37:11 INFO [HB] outside window         | open=0
2025-09-30 18:37:16 INFO [HB] outside window         | open=0
2025-09-30 18:37:21 INFO [HB] outside window         | open=0
2025-09-30 18:37:27 INFO [HB] outside window         | open=0
2025-09-30 18:37:32 INFO [HB] outside window         | open=0
2025-09-30 18:37:37 INFO [HB] outside window         | open=0
2025-09-30 18:37:42 INFO [HB] outside window         | open=0
2025-09-30 18:37:47 INFO [HB] outside window         | open=0
2025-09-30 18:37:52 INFO [HB] outside window         | open=0
2025-09-30 18:37:57 INFO [HB] outside window         | open=0
2025-09-30 18:38:02 INFO [HB] outside window         | open=0
2025-09-30 18:38:07 INFO [HB] outside window         | open=0
2025-09-30 18:38:12 INFO [HB] outside window         | open=0
2025-09-30 18:38:17 INFO [HB] outside window         | open=0
2025-09-30 18:38:22 INFO [HB] outside window         | open=0
2025-09-30 18:38:27 INFO [HB] outside window         | open=0
2025-09-30 18:38:32 INFO [HB] outside window         | open=0
2025-09-30 18:38:37 INFO [HB] outside window         | open=0
2025-09-30 18:38:39 INFO updatePortfolio: PortfolioItem(contract=Future(conId=495512563, symbol='ES', lastTradeDateOrContractMonth='20251219', right='0', multiplier='50', primaryExchange='CME', currency='USD', localSymbol='ESZ5', tradingClass='ES'), position=0.0, marketPrice=6725.0, marketValue=0.0, averageCost=0.0, unrealizedPNL=0.0, realizedPNL=11600.5, account='DU2660649')
2025-09-30 18:38:42 INFO [HB] outside window         | open=0
2025-09-30 18:38:47 INFO [HB] outside window         | open=0
2025-09-30 18:38:52 INFO [HB] outside window         | open=0
2025-09-30 18:38:57 INFO [HB] outside window         | open=0
2025-09-30 18:39:02 INFO [HB] outside window         | open=0
2025-09-30 18:39:07 INFO [HB] outside window         | open=0
2025-09-30 18:39:12 INFO [HB] outside window         | open=0
2025-09-30 18:39:17 INFO [HB] outside window         | open=0
2025-09-30 18:39:22 INFO [HB] outside window         | open=0
2025-09-30 18:39:27 INFO [HB] outside window         | open=0
2025-09-30 18:39:32 INFO [HB] outside window         | open=0
2025-09-30 18:39:37 INFO [HB] outside window         | open=0
2025-09-30 18:39:42 INFO [HB] outside window         | open=0
2025-09-30 18:39:47 INFO [HB] outside window         | open=0
2025-09-30 18:39:52 INFO [HB] outside window         | open=0
2025-09-30 18:39:57 INFO [HB] outside window         | open=0
2025-09-30 18:40:02 INFO [HB] outside window         | open=0
2025-09-30 18:40:07 INFO [HB] outside window         | open=0
2025-09-30 18:40:12 INFO [HB] outside window         | open=0
2025-09-30 18:40:17 INFO [HB] outside window         | open=0
2025-09-30 18:40:22 INFO [HB] outside window         | open=0
2025-09-30 18:40:27 INFO [HB] outside window         | open=0
2025-09-30 18:40:32 INFO [HB] outside window         | open=0
2025-09-30 18:40:37 INFO [HB] outside window         | open=0
2025-09-30 18:40:42 INFO [HB] outside window         | open=0
2025-09-30 18:40:47 INFO [HB] outside window         | open=0
2025-09-30 18:40:52 INFO [HB] outside window         | open=0
2025-09-30 18:40:57 INFO [HB] outside window         | open=0
2025-09-30 18:41:02 INFO [HB] outside window         | open=0
2025-09-30 18:41:07 INFO [HB] outside window         | open=0
2025-09-30 18:41:12 INFO [HB] outside window         | open=0
2025-09-30 18:41:17 INFO [HB] outside window         | open=0
2025-09-30 18:41:22 INFO [HB] outside window         | open=0
2025-09-30 18:41:27 INFO [HB] outside window         | open=0
2025-09-30 18:41:32 INFO [HB] outside window         | open=0
2025-09-30 18:41:37 INFO [HB] outside window         | open=0
2025-09-30 18:41:39 INFO updatePortfolio: PortfolioItem(contract=Future(conId=495512563, symbol='ES', lastTradeDateOrContractMonth='20251219', right='0', multiplier='50', primaryExchange='CME', currency='USD', localSymbol='ESZ5', tradingClass='ES'), position=0.0, marketPrice=6724.5, marketValue=0.0, averageCost=0.0, unrealizedPNL=0.0, realizedPNL=11600.5, account='DU2660649')
2025-09-30 18:41:42 INFO [HB] outside window         | open=0
2025-09-30 18:41:47 INFO [HB] outside window         | open=0
2025-09-30 18:41:52 INFO [HB] outside window         | open=0
2025-09-30 18:41:57 INFO [HB] outside window         | open=0
2025-09-30 18:42:02 INFO [HB] outside window         | open=0
2025-09-30 18:42:07 INFO [HB] outside window         | open=0
2025-09-30 18:42:12 INFO [HB] outside window         | open=0
2025-09-30 18:42:17 INFO [HB] outside window         | open=0
2025-09-30 18:42:22 INFO [HB] outside window         | open=0
2025-09-30 18:42:27 INFO [HB] outside window         | open=0
2025-09-30 18:42:32 INFO [HB] outside window         | open=0
2025-09-30 18:42:37 INFO [HB] outside window         | open=0
2025-09-30 18:42:42 INFO [HB] outside window         | open=0
2025-09-30 18:42:47 INFO [HB] outside window         | open=0
2025-09-30 18:42:52 INFO [HB] outside window         | open=0
2025-09-30 18:42:57 INFO [HB] outside window         | open=0
2025-09-30 18:43:02 INFO [HB] outside window         | open=0
2025-09-30 18:43:07 INFO [HB] outside window         | open=0
2025-09-30 18:43:12 INFO [HB] outside window         | open=0
2025-09-30 18:43:17 INFO [HB] outside window         | open=0
2025-09-30 18:43:22 INFO [HB] outside window         | open=0
2025-09-30 18:43:27 INFO [HB] outside window         | open=0
2025-09-30 18:43:32 INFO [HB] outside window         | open=0
2025-09-30 18:43:37 INFO [HB] outside window         | open=0
2025-09-30 18:43:42 INFO [HB] outside window         | open=0
2025-09-30 18:43:47 INFO [HB] outside window         | open=0
2025-09-30 18:43:52 INFO [HB] outside window         | open=0
2025-09-30 18:43:57 INFO [HB] outside window         | open=0
2025-09-30 18:44:02 INFO [HB] outside window         | open=0
2025-09-30 18:44:07 INFO [HB] outside window         | open=0
2025-09-30 18:44:12 INFO [HB] outside window         | open=0
2025-09-30 18:44:17 INFO [HB] outside window         | open=0
2025-09-30 18:44:22 INFO [HB] outside window         | open=0
2025-09-30 18:44:27 INFO [HB] outside window         | open=0
2025-09-30 18:44:32 INFO [HB] outside window         | open=0
2025-09-30 18:44:37 INFO [HB] outside window         | open=0
2025-09-30 18:44:42 INFO [HB] outside window         | open=0
2025-09-30 18:44:47 INFO [HB] outside window         | open=0
2025-09-30 18:44:52 INFO [HB] outside window         | open=0
2025-09-30 18:44:57 INFO [HB] outside window         | open=0
2025-09-30 18:45:02 INFO [HB] outside window         | open=0
2025-09-30 18:45:07 INFO [HB] outside window         | open=0
2025-09-30 18:45:12 INFO [HB] outside window         | open=0
2025-09-30 18:45:17 INFO [HB] outside window         | open=0
2025-09-30 18:45:22 INFO [HB] outside window         | open=0
2025-09-30 18:45:27 INFO [HB] outside window         | open=0
2025-09-30 18:45:32 INFO [HB] outside window         | open=0
2025-09-30 18:45:37 INFO [HB] outside window         | open=0
2025-09-30 18:45:42 INFO [HB] outside window         | open=0
2025-09-30 18:45:47 INFO [HB] outside window         | open=0
2025-09-30 18:45:52 INFO [HB] outside window         | open=0
2025-09-30 18:45:57 INFO [HB] outside window         | open=0
2025-09-30 18:46:02 INFO [HB] outside window         | open=0
2025-09-30 18:46:07 INFO [HB] outside window         | open=0
2025-09-30 18:46:12 INFO [HB] outside window         | open=0
2025-09-30 18:46:17 INFO [HB] outside window         | open=0
2025-09-30 18:46:22 INFO [HB] outside window         | open=0
2025-09-30 18:46:27 INFO [HB] outside window         | open=0
2025-09-30 18:46:32 INFO [HB] outside window         | open=0
2025-09-30 18:46:37 INFO [HB] outside window         | open=0
2025-09-30 18:46:42 INFO [HB] outside window         | open=0
2025-09-30 18:46:47 INFO [HB] outside window         | open=0
2025-09-30 18:46:52 INFO [HB] outside window         | open=0
2025-09-30 18:46:58 INFO [HB] outside window         | open=0
2025-09-30 18:47:03 INFO [HB] outside window         | open=0
2025-09-30 18:47:08 INFO [HB] outside window         | open=0
2025-09-30 18:47:13 INFO [HB] outside window         | open=0
2025-09-30 18:47:18 INFO [HB] outside window         | open=0
2025-09-30 18:47:23 INFO [HB] outside window         | open=0
2025-09-30 18:47:28 INFO [HB] outside window         | open=0
2025-09-30 18:47:33 INFO [HB] outside window         | open=0
2025-09-30 18:47:38 INFO [HB] outside window         | open=0
2025-09-30 18:47:39 INFO updatePortfolio: PortfolioItem(contract=Future(conId=495512563, symbol='ES', lastTradeDateOrContractMonth='20251219', right='0', multiplier='50', primaryExchange='CME', currency='USD', localSymbol='ESZ5', tradingClass='ES'), position=0.0, marketPrice=6724.75, marketValue=0.0, averageCost=0.0, unrealizedPNL=0.0, realizedPNL=11600.5, account='DU2660649')
2025-09-30 18:47:43 INFO [HB] outside window         | open=0
2025-09-30 18:47:48 INFO [HB] outside window         | open=0
2025-09-30 18:47:53 INFO [HB] outside window         | open=0
2025-09-30 18:47:58 INFO [HB] outside window         | open=0
2025-09-30 18:48:03 INFO [HB] outside window         | open=0
2025-09-30 18:48:08 INFO [HB] outside window         | open=0
2025-09-30 18:48:13 INFO [HB] outside window         | open=0
2025-09-30 18:48:18 INFO [HB] outside window         | open=0
2025-09-30 18:48:23 INFO [HB] outside window         | open=0
2025-09-30 18:48:28 INFO [HB] outside window         | open=0
2025-09-30 18:48:33 INFO [HB] outside window         | open=0
2025-09-30 18:48:38 INFO [HB] outside window         | open=0
2025-09-30 18:48:43 INFO [HB] outside window         | open=0
2025-09-30 18:48:48 INFO [HB] outside window         | open=0
2025-09-30 18:48:53 INFO [HB] outside window         | open=0
2025-09-30 18:48:58 INFO [HB] outside window         | open=0
2025-09-30 18:49:03 INFO [HB] outside window         | open=0
2025-09-30 18:49:08 INFO [HB] outside window         | open=0
2025-09-30 18:49:13 INFO [HB] outside window         | open=0
2025-09-30 18:49:18 INFO [HB] outside window         | open=0
2025-09-30 18:49:23 INFO [HB] outside window         | open=0
2025-09-30 18:49:28 INFO [HB] outside window         | open=0
2025-09-30 18:49:33 INFO [HB] outside window         | open=0
2025-09-30 18:49:38 INFO [HB] outside window         | open=0
2025-09-30 18:49:43 INFO [HB] outside window         | open=0
2025-09-30 18:49:48 INFO [HB] outside window         | open=0
2025-09-30 18:49:53 INFO [HB] outside window         | open=0
2025-09-30 18:49:58 INFO [HB] outside window         | open=0
2025-09-30 18:50:03 INFO [HB] outside window         | open=0
2025-09-30 18:50:08 INFO [HB] outside window         | open=0
2025-09-30 18:50:13 INFO [HB] outside window         | open=0
2025-09-30 18:50:18 INFO [HB] outside window         | open=0
2025-09-30 18:50:23 INFO [HB] outside window         | open=0
2025-09-30 18:50:28 INFO [HB] outside window         | open=0
2025-09-30 18:50:33 INFO [HB] outside window         | open=0
2025-09-30 18:50:38 INFO [HB] outside window         | open=0
2025-09-30 18:50:43 INFO [HB] outside window         | open=0
2025-09-30 18:50:48 INFO [HB] outside window         | open=0
2025-09-30 18:50:53 INFO [HB] outside window         | open=0
2025-09-30 18:50:58 INFO [HB] outside window         | open=0
2025-09-30 18:51:03 INFO [HB] outside window         | open=0
2025-09-30 18:51:08 INFO [HB] outside window         | open=0
2025-09-30 18:51:13 INFO [HB] outside window         | open=0
2025-09-30 18:51:18 INFO [HB] outside window         | open=0
2025-09-30 18:51:23 INFO [HB] outside window         | open=0
2025-09-30 18:51:28 INFO [HB] outside window         | open=0
2025-09-30 18:51:33 INFO [HB] outside window         | open=0
2025-09-30 18:51:38 INFO [HB] outside window         | open=0
2025-09-30 18:51:43 INFO [HB] outside window         | open=0
2025-09-30 18:51:48 INFO [HB] outside window         | open=0
2025-09-30 18:51:53 INFO [HB] outside window         | open=0
2025-09-30 18:51:58 INFO [HB] outside window         | open=0
2025-09-30 18:52:03 INFO [HB] outside window         | open=0
2025-09-30 18:52:08 INFO [HB] outside window         | open=0
2025-09-30 18:52:13 INFO [HB] outside window         | open=0
2025-09-30 18:52:18 INFO [HB] outside window         | open=0
2025-09-30 18:52:23 INFO [HB] outside window         | open=0
2025-09-30 18:52:28 INFO [HB] outside window         | open=0
2025-09-30 18:52:33 INFO [HB] outside window         | open=0
2025-09-30 18:52:38 INFO [HB] outside window         | open=0
2025-09-30 18:52:43 INFO [HB] outside window         | open=0
2025-09-30 18:52:48 INFO [HB] outside window         | open=0
2025-09-30 18:52:53 INFO [HB] outside window         | open=0
2025-09-30 18:52:58 INFO [HB] outside window         | open=0
2025-09-30 18:53:03 INFO [HB] outside window         | open=0
2025-09-30 18:53:08 INFO [HB] outside window         | open=0
2025-09-30 18:53:13 INFO [HB] outside window         | open=0
2025-09-30 18:53:18 INFO [HB] outside window         | open=0
2025-09-30 18:53:23 INFO [HB] outside window         | open=0
2025-09-30 18:53:28 INFO [HB] outside window         | open=0
2025-09-30 18:53:33 INFO [HB] outside window         | open=0
2025-09-30 18:53:38 INFO [HB] outside window         | open=0
2025-09-30 18:53:39 INFO updatePortfolio: PortfolioItem(contract=Future(conId=495512563, symbol='ES', lastTradeDateOrContractMonth='20251219', right='0', multiplier='50', primaryExchange='CME', currency='USD', localSymbol='ESZ5', tradingClass='ES'), position=0.0, marketPrice=6725.80615235, marketValue=0.0, averageCost=0.0, unrealizedPNL=0.0, realizedPNL=11600.5, account='DU2660649')
2025-09-30 18:53:43 INFO [HB] outside window         | open=0
2025-09-30 18:53:48 INFO [HB] outside window         | open=0
2025-09-30 18:53:53 INFO [HB] outside window         | open=0
2025-09-30 18:53:58 INFO [HB] outside window         | open=0
2025-09-30 18:54:03 INFO [HB] outside window         | open=0
2025-09-30 18:54:08 INFO [HB] outside window         | open=0
2025-09-30 18:54:13 INFO [HB] outside window         | open=0
2025-09-30 18:54:18 INFO [HB] outside window         | open=0
2025-09-30 18:54:23 INFO [HB] outside window         | open=0
2025-09-30 18:54:28 INFO [HB] outside window         | open=0
2025-09-30 18:54:33 INFO [HB] outside window         | open=0
2025-09-30 18:54:38 INFO [HB] outside window         | open=0
2025-09-30 18:54:43 INFO [HB] outside window         | open=0
2025-09-30 18:54:48 INFO [HB] outside window         | open=0
2025-09-30 18:54:53 INFO [HB] outside window         | open=0
2025-09-30 18:54:58 INFO [HB] outside window         | open=0
2025-09-30 18:55:03 INFO [HB] outside window         | open=0
2025-09-30 18:55:08 INFO [HB] outside window         | open=0
2025-09-30 18:55:13 INFO [HB] outside window         | open=0
2025-09-30 18:55:18 INFO [HB] outside window         | open=0
2025-09-30 18:55:23 INFO [HB] outside window         | open=0
2025-09-30 18:55:28 INFO [HB] outside window         | open=0
2025-09-30 18:55:33 INFO [HB] outside window         | open=0
2025-09-30 18:55:38 INFO [HB] outside window         | open=0
2025-09-30 18:55:43 INFO [HB] outside window         | open=0
2025-09-30 18:55:48 INFO [HB] outside window         | open=0
2025-09-30 18:55:53 INFO [HB] outside window         | open=0
2025-09-30 18:55:58 INFO [HB] outside window         | open=0
2025-09-30 18:56:03 INFO [HB] outside window         | open=0
2025-09-30 18:56:08 INFO [HB] outside window         | open=0
2025-09-30 18:56:13 INFO [HB] outside window         | open=0
2025-09-30 18:56:19 INFO [HB] outside window         | open=0
2025-09-30 18:56:24 INFO [HB] outside window         | open=0
2025-09-30 18:56:29 INFO [HB] outside window         | open=0
2025-09-30 18:56:34 INFO [HB] outside window         | open=0
2025-09-30 18:56:39 INFO [HB] outside window         | open=0
2025-09-30 18:56:39 INFO updatePortfolio: PortfolioItem(contract=Future(conId=495512563, symbol='ES', lastTradeDateOrContractMonth='20251219', right='0', multiplier='50', primaryExchange='CME', currency='USD', localSymbol='ESZ5', tradingClass='ES'), position=0.0, marketPrice=6723.5, marketValue=0.0, averageCost=0.0, unrealizedPNL=0.0, realizedPNL=11600.5, account='DU2660649')
2025-09-30 18:56:44 INFO [HB] outside window         | open=0
2025-09-30 18:56:49 INFO [HB] outside window         | open=0
2025-09-30 18:56:54 INFO [HB] outside window         | open=0
2025-09-30 18:56:59 INFO [HB] outside window         | open=0
2025-09-30 18:57:04 INFO [HB] outside window         | open=0
2025-09-30 18:57:09 INFO [HB] outside window         | open=0
2025-09-30 18:57:14 INFO [HB] outside window         | open=0
2025-09-30 18:57:19 INFO [HB] outside window         | open=0
2025-09-30 18:57:24 INFO [HB] outside window         | open=0
2025-09-30 18:57:29 INFO [HB] outside window         | open=0
2025-09-30 18:57:34 INFO [HB] outside window         | open=0
2025-09-30 18:57:39 INFO [HB] outside window         | open=0
2025-09-30 18:57:44 INFO [HB] outside window         | open=0
2025-09-30 18:57:49 INFO [HB] outside window         | open=0
2025-09-30 18:57:54 INFO [HB] outside window         | open=0
2025-09-30 18:57:59 INFO [HB] outside window         | open=0
2025-09-30 18:58:04 INFO [HB] outside window         | open=0
2025-09-30 18:58:09 INFO [HB] outside window         | open=0
2025-09-30 18:58:14 INFO [HB] outside window         | open=0
2025-09-30 18:58:19 INFO [HB] outside window         | open=0
2025-09-30 18:58:24 INFO [HB] outside window         | open=0
2025-09-30 18:58:29 INFO [HB] outside window         | open=0
2025-09-30 18:58:34 INFO [HB] outside window         | open=0
2025-09-30 18:58:39 INFO [HB] outside window         | open=0
2025-09-30 18:58:44 INFO [HB] outside window         | open=0
2025-09-30 18:58:49 INFO [HB] outside window         | open=0
2025-09-30 18:58:54 INFO [HB] outside window         | open=0
2025-09-30 18:58:59 INFO [HB] outside window         | open=0
2025-09-30 18:59:04 INFO [HB] outside window         | open=0
2025-09-30 18:59:09 INFO [HB] outside window         | open=0
2025-09-30 18:59:14 INFO [HB] outside window         | open=0
2025-09-30 18:59:19 INFO [HB] outside window         | open=0
2025-09-30 18:59:24 INFO [HB] outside window         | open=0
2025-09-30 18:59:29 INFO [HB] outside window         | open=0
2025-09-30 18:59:34 INFO [HB] outside window         | open=0
2025-09-30 18:59:39 INFO updatePortfolio: PortfolioItem(contract=Future(conId=495512563, symbol='ES', lastTradeDateOrContractMonth='20251219', right='0', multiplier='50', primaryExchange='CME', currency='USD', localSymbol='ESZ5', tradingClass='ES'), position=0.0, marketPrice=6723.75, marketValue=0.0, averageCost=0.0, unrealizedPNL=0.0, realizedPNL=11600.5, account='DU2660649')
2025-09-30 18:59:39 INFO [HB] outside window         | open=0
2025-09-30 18:59:44 INFO [HB] outside window         | open=0
2025-09-30 18:59:49 INFO [HB] outside window         | open=0
2025-09-30 18:59:54 INFO [HB] outside window         | open=0
2025-09-30 18:59:59 INFO [HB] outside window         | open=0
2025-09-30 19:00:04 INFO [HB] outside window         | open=0
2025-09-30 19:00:09 INFO [HB] outside window         | open=0
2025-09-30 19:00:14 INFO [HB] outside window         | open=0
2025-09-30 19:00:19 INFO [HB] outside window         | open=0
2025-09-30 19:00:24 INFO [HB] outside window         | open=0
2025-09-30 19:00:29 INFO [HB] outside window         | open=0
2025-09-30 19:00:34 INFO [HB] outside window         | open=0
2025-09-30 19:00:39 INFO [HB] outside window         | open=0
2025-09-30 19:00:44 INFO [HB] outside window         | open=0
2025-09-30 19:00:49 INFO [HB] outside window         | open=0
2025-09-30 19:00:54 INFO [HB] outside window         | open=0
2025-09-30 19:00:59 INFO [HB] outside window         | open=0
2025-09-30 19:01:04 INFO [HB] outside window         | open=0
2025-09-30 19:01:09 INFO [HB] outside window         | open=0
2025-09-30 19:01:14 INFO [HB] outside window         | open=0
2025-09-30 19:01:19 INFO [HB] outside window         | open=0
2025-09-30 19:01:24 INFO [HB] outside window         | open=0
2025-09-30 19:01:29 INFO [HB] outside window         | open=0
2025-09-30 19:01:34 INFO [HB] outside window         | open=0
2025-09-30 19:01:39 INFO [HB] outside window         | open=0
2025-09-30 19:01:44 INFO [HB] outside window         | open=0
2025-09-30 19:01:49 INFO [HB] outside window         | open=0
2025-09-30 19:01:54 INFO [HB] outside window         | open=0
2025-09-30 19:01:59 INFO [HB] outside window         | open=0
2025-09-30 19:02:04 INFO [HB] outside window         | open=0
2025-09-30 19:02:09 INFO [HB] outside window         | open=0
2025-09-30 19:02:14 INFO [HB] outside window         | open=0
2025-09-30 19:02:19 INFO [HB] outside window         | open=0
2025-09-30 19:02:24 INFO [HB] outside window         | open=0
2025-09-30 19:02:29 INFO [HB] outside window         | open=0
2025-09-30 19:02:34 INFO [HB] outside window         | open=0
2025-09-30 19:02:39 INFO updatePortfolio: PortfolioItem(contract=Future(conId=495512563, symbol='ES', lastTradeDateOrContractMonth='20251219', right='0', multiplier='50', primaryExchange='CME', currency='USD', localSymbol='ESZ5', tradingClass='ES'), position=0.0, marketPrice=6723.5, marketValue=0.0, averageCost=0.0, unrealizedPNL=0.0, realizedPNL=11600.5, account='DU2660649')
2025-09-30 19:02:39 INFO [HB] outside window         | open=0
2025-09-30 19:02:44 INFO [HB] outside window         | open=0
2025-09-30 19:02:49 INFO [HB] outside window         | open=0
2025-09-30 19:02:54 INFO [HB] outside window         | open=0
2025-09-30 19:02:59 INFO [HB] outside window         | open=0
2025-09-30 19:03:04 INFO [HB] outside window         | open=0
2025-09-30 19:03:09 INFO [HB] outside window         | open=0
2025-09-30 19:03:14 INFO [HB] outside window         | open=0
2025-09-30 19:03:19 INFO [HB] outside window         | open=0
2025-09-30 19:03:24 INFO [HB] outside window         | open=0
2025-09-30 19:03:29 INFO [HB] outside window         | open=0
2025-09-30 19:03:34 INFO [HB] outside window         | open=0
2025-09-30 19:03:39 INFO [HB] outside window         | open=0
2025-09-30 19:03:44 INFO [HB] outside window         | open=0
2025-09-30 19:03:49 INFO [HB] outside window         | open=0
2025-09-30 19:03:54 INFO [HB] outside window         | open=0
2025-09-30 19:03:59 INFO [HB] outside window         | open=0
2025-09-30 19:04:04 INFO [HB] outside window         | open=0
2025-09-30 19:04:09 INFO [HB] outside window         | open=0
2025-09-30 19:04:14 INFO [HB] outside window         | open=0
2025-09-30 19:04:19 INFO [HB] outside window         | open=0
2025-09-30 19:04:24 INFO [HB] outside window         | open=0
2025-09-30 19:04:29 INFO [HB] outside window         | open=0
2025-09-30 19:04:34 INFO [HB] outside window         | open=0
2025-09-30 19:04:39 INFO [HB] outside window         | open=0
2025-09-30 19:04:44 INFO [HB] outside window         | open=0
2025-09-30 19:04:49 INFO [HB] outside window         | open=0
2025-09-30 19:04:54 INFO [HB] outside window         | open=0
2025-09-30 19:04:59 INFO [HB] outside window         | open=0
2025-09-30 19:05:04 INFO [HB] outside window         | open=0
2025-09-30 19:05:09 INFO [HB] outside window         | open=0
2025-09-30 19:05:14 INFO [HB] outside window         | open=0
2025-09-30 19:05:19 INFO [HB] outside window         | open=0
2025-09-30 19:05:24 INFO [HB] outside window         | open=0
2025-09-30 19:05:29 INFO [HB] outside window         | open=0
2025-09-30 19:05:34 INFO [HB] outside window         | open=0
2025-09-30 19:05:39 INFO updatePortfolio: PortfolioItem(contract=Future(conId=495512563, symbol='ES', lastTradeDateOrContractMonth='20251219', right='0', multiplier='50', primaryExchange='CME', currency='USD', localSymbol='ESZ5', tradingClass='ES'), position=0.0, marketPrice=6724.36572265, marketValue=0.0, averageCost=0.0, unrealizedPNL=0.0, realizedPNL=11600.5, account='DU2660649')
2025-09-30 19:05:39 INFO [HB] outside window         | open=0
2025-09-30 19:05:44 INFO [HB] outside window         | open=0
2025-09-30 19:05:50 INFO [HB] outside window         | open=0
2025-09-30 19:05:55 INFO [HB] outside window         | open=0
2025-09-30 19:06:00 INFO [HB] outside window         | open=0
2025-09-30 19:06:05 INFO [HB] outside window         | open=0
2025-09-30 19:06:10 INFO [HB] outside window         | open=0
2025-09-30 19:06:15 INFO [HB] outside window         | open=0
2025-09-30 19:06:20 INFO [HB] outside window         | open=0
2025-09-30 19:06:25 INFO [HB] outside window         | open=0
2025-09-30 19:06:30 INFO [HB] outside window         | open=0
2025-09-30 19:06:35 INFO [HB] outside window         | open=0
2025-09-30 19:06:40 INFO [HB] outside window         | open=0
2025-09-30 19:06:45 INFO [HB] outside window         | open=0
2025-09-30 19:06:50 INFO [HB] outside window         | open=0
2025-09-30 19:06:55 INFO [HB] outside window         | open=0
2025-09-30 19:07:00 INFO [HB] outside window         | open=0
2025-09-30 19:07:05 INFO [HB] outside window         | open=0
2025-09-30 19:07:10 INFO [HB] outside window         | open=0
2025-09-30 19:07:15 INFO [HB] outside window         | open=0
2025-09-30 19:07:20 INFO [HB] outside window         | open=0
2025-09-30 19:07:25 INFO [HB] outside window         | open=0
2025-09-30 19:07:30 INFO [HB] outside window         | open=0
2025-09-30 19:07:35 INFO [HB] outside window         | open=0
2025-09-30 19:07:40 INFO [HB] outside window         | open=0
2025-09-30 19:07:45 INFO [HB] outside window         | open=0
2025-09-30 19:07:50 INFO [HB] outside window         | open=0
2025-09-30 19:07:55 INFO [HB] outside window         | open=0
2025-09-30 19:08:00 INFO [HB] outside window         | open=0
2025-09-30 19:08:05 INFO [HB] outside window         | open=0
2025-09-30 19:08:10 INFO [HB] outside window         | open=0
2025-09-30 19:08:15 INFO [HB] outside window         | open=0
2025-09-30 19:08:20 INFO [HB] outside window         | open=0
2025-09-30 19:08:25 INFO [HB] outside window         | open=0
2025-09-30 19:08:30 INFO [HB] outside window         | open=0
2025-09-30 19:08:35 INFO [HB] outside window         | open=0
2025-09-30 19:08:39 INFO updatePortfolio: PortfolioItem(contract=Future(conId=495512563, symbol='ES', lastTradeDateOrContractMonth='20251219', right='0', multiplier='50', primaryExchange='CME', currency='USD', localSymbol='ESZ5', tradingClass='ES'), position=0.0, marketPrice=6722.65234375, marketValue=0.0, averageCost=0.0, unrealizedPNL=0.0, realizedPNL=11600.5, account='DU2660649')
2025-09-30 19:08:40 INFO [HB] outside window         | open=0
2025-09-30 19:08:45 INFO [HB] outside window         | open=0
2025-09-30 19:08:50 INFO [HB] outside window         | open=0
2025-09-30 19:08:55 INFO [HB] outside window         | open=0
2025-09-30 19:09:00 INFO [HB] outside window         | open=0
2025-09-30 19:09:05 INFO [HB] outside window         | open=0
2025-09-30 19:09:10 INFO [HB] outside window         | open=0
2025-09-30 19:09:15 INFO [HB] outside window         | open=0
2025-09-30 19:09:20 INFO [HB] outside window         | open=0
2025-09-30 19:09:25 INFO [HB] outside window         | open=0
2025-09-30 19:09:30 INFO [HB] outside window         | open=0
2025-09-30 19:09:35 INFO [HB] outside window         | open=0
2025-09-30 19:09:40 INFO [HB] outside window         | open=0
2025-09-30 19:09:45 INFO [HB] outside window         | open=0
2025-09-30 19:09:50 INFO [HB] outside window         | open=0
2025-09-30 19:09:55 INFO [HB] outside window         | open=0
2025-09-30 19:10:00 INFO [HB] outside window         | open=0
2025-09-30 19:10:05 INFO [HB] outside window         | open=0
2025-09-30 19:10:10 INFO [HB] outside window         | open=0
2025-09-30 19:10:15 INFO [HB] outside window         | open=0
2025-09-30 19:10:20 INFO [HB] outside window         | open=0
2025-09-30 19:10:25 INFO [HB] outside window         | open=0
2025-09-30 19:10:30 INFO [HB] outside window         | open=0
2025-09-30 19:10:35 INFO [HB] outside window         | open=0
2025-09-30 19:10:40 INFO [HB] outside window         | open=0
2025-09-30 19:10:45 INFO [HB] outside window         | open=0
2025-09-30 19:10:50 INFO [HB] outside window         | open=0
2025-09-30 19:10:55 INFO [HB] outside window         | open=0
2025-09-30 19:11:00 INFO [HB] outside window         | open=0
2025-09-30 19:11:05 INFO [HB] outside window         | open=0
2025-09-30 19:11:10 INFO [HB] outside window         | open=0
2025-09-30 19:11:15 INFO [HB] outside window         | open=0
2025-09-30 19:11:20 INFO [HB] outside window         | open=0
2025-09-30 19:11:25 INFO [HB] outside window         | open=0
2025-09-30 19:11:30 INFO [HB] outside window         | open=0
2025-09-30 19:11:35 INFO [HB] outside window         | open=0
2025-09-30 19:11:39 INFO updatePortfolio: PortfolioItem(contract=Future(conId=495512563, symbol='ES', lastTradeDateOrContractMonth='20251219', right='0', multiplier='50', primaryExchange='CME', currency='USD', localSymbol='ESZ5', tradingClass='ES'), position=0.0, marketPrice=6721.5, marketValue=0.0, averageCost=0.0, unrealizedPNL=0.0, realizedPNL=11600.5, account='DU2660649')
2025-09-30 19:11:40 INFO [HB] outside window         | open=0
2025-09-30 19:11:45 INFO [HB] outside window         | open=0
2025-09-30 19:11:50 INFO [HB] outside window         | open=0
2025-09-30 19:11:55 INFO [HB] outside window         | open=0
2025-09-30 19:12:00 INFO [HB] outside window         | open=0
2025-09-30 19:12:05 INFO [HB] outside window         | open=0
2025-09-30 19:12:10 INFO [HB] outside window         | open=0
2025-09-30 19:12:15 INFO [HB] outside window         | open=0
2025-09-30 19:12:20 INFO [HB] outside window         | open=0
2025-09-30 19:12:25 INFO [HB] outside window         | open=0
2025-09-30 19:12:30 INFO [HB] outside window         | open=0
2025-09-30 19:12:35 INFO [HB] outside window         | open=0
2025-09-30 19:12:40 INFO [HB] outside window         | open=0
2025-09-30 19:12:45 INFO [HB] outside window         | open=0
2025-09-30 19:12:50 INFO [HB] outside window         | open=0
2025-09-30 19:12:55 INFO [HB] outside window         | open=0
2025-09-30 19:13:00 INFO [HB] outside window         | open=0
2025-09-30 19:13:05 INFO [HB] outside window         | open=0
2025-09-30 19:13:10 INFO [HB] outside window         | open=0
2025-09-30 19:13:15 INFO [HB] outside window         | open=0
2025-09-30 19:13:20 INFO [HB] outside window         | open=0
2025-09-30 19:13:25 INFO [HB] outside window         | open=0
2025-09-30 19:13:30 INFO [HB] outside window         | open=0
2025-09-30 19:13:35 INFO [HB] outside window         | open=0
2025-09-30 19:13:40 INFO [HB] outside window         | open=0
2025-09-30 19:13:45 INFO [HB] outside window         | open=0
2025-09-30 19:13:50 INFO [HB] outside window         | open=0
2025-09-30 19:13:55 INFO [HB] outside window         | open=0
2025-09-30 19:14:00 INFO [HB] outside window         | open=0
2025-09-30 19:14:05 INFO [HB] outside window         | open=0
2025-09-30 19:14:10 INFO [HB] outside window         | open=0
2025-09-30 19:14:15 INFO [HB] outside window         | open=0
2025-09-30 19:14:20 INFO [HB] outside window         | open=0
2025-09-30 19:14:25 INFO [HB] outside window         | open=0
2025-09-30 19:14:30 INFO [HB] outside window         | open=0
2025-09-30 19:14:35 INFO [HB] outside window         | open=0
2025-09-30 19:14:39 INFO updatePortfolio: PortfolioItem(contract=Future(conId=495512563, symbol='ES', lastTradeDateOrContractMonth='20251219', right='0', multiplier='50', primaryExchange='CME', currency='USD', localSymbol='ESZ5', tradingClass='ES'), position=0.0, marketPrice=6721.25, marketValue=0.0, averageCost=0.0, unrealizedPNL=0.0, realizedPNL=11600.5, account='DU2660649')
2025-09-30 19:14:40 INFO [HB] outside window         | open=0
2025-09-30 19:14:45 INFO [HB] outside window         | open=0
2025-09-30 19:14:50 INFO [HB] outside window         | open=0
2025-09-30 19:14:55 INFO [HB] outside window         | open=0
2025-09-30 19:15:00 INFO [HB] outside window         | open=0
2025-09-30 19:15:05 INFO [HB] outside window         | open=0
2025-09-30 19:15:10 INFO [HB] outside window         | open=0
2025-09-30 19:15:15 INFO [HB] outside window         | open=0
2025-09-30 19:15:20 INFO [HB] outside window         | open=0
2025-09-30 19:15:25 INFO [HB] outside window         | open=0
2025-09-30 19:15:30 INFO [HB] outside window         | open=0
2025-09-30 19:15:35 INFO [HB] outside window         | open=0
2025-09-30 19:15:40 INFO [HB] outside window         | open=0
2025-09-30 19:15:45 INFO [HB] outside window         | open=0
2025-09-30 19:15:50 INFO [HB] outside window         | open=0
2025-09-30 19:15:56 INFO [HB] outside window         | open=0
2025-09-30 19:16:01 INFO [HB] outside window         | open=0
2025-09-30 19:16:06 INFO [HB] outside window         | open=0
2025-09-30 19:16:11 INFO [HB] outside window         | open=0
2025-09-30 19:16:16 INFO [HB] outside window         | open=0
2025-09-30 19:16:21 INFO [HB] outside window         | open=0
2025-09-30 19:16:26 INFO [HB] outside window         | open=0
2025-09-30 19:16:31 INFO [HB] outside window         | open=0
2025-09-30 19:16:36 INFO [HB] outside window         | open=0
2025-09-30 19:16:41 INFO [HB] outside window         | open=0
2025-09-30 19:16:46 INFO [HB] outside window         | open=0
2025-09-30 19:16:51 INFO [HB] outside window         | open=0
2025-09-30 19:16:56 INFO [HB] outside window         | open=0
2025-09-30 19:17:01 INFO [HB] outside window         | open=0
2025-09-30 19:17:06 INFO [HB] outside window         | open=0
2025-09-30 19:17:11 INFO [HB] outside window         | open=0
2025-09-30 19:17:16 INFO [HB] outside window         | open=0
2025-09-30 19:17:21 INFO [HB] outside window         | open=0
2025-09-30 19:17:26 INFO [HB] outside window         | open=0
2025-09-30 19:17:31 INFO [HB] outside window         | open=0
2025-09-30 19:17:36 INFO [HB] outside window         | open=0
2025-09-30 19:17:39 INFO updatePortfolio: PortfolioItem(contract=Future(conId=495512563, symbol='ES', lastTradeDateOrContractMonth='20251219', right='0', multiplier='50', primaryExchange='CME', currency='USD', localSymbol='ESZ5', tradingClass='ES'), position=0.0, marketPrice=6717.5, marketValue=0.0, averageCost=0.0, unrealizedPNL=0.0, realizedPNL=11600.5, account='DU2660649')
2025-09-30 19:17:41 INFO [HB] outside window         | open=0
2025-09-30 19:17:46 INFO [HB] outside window         | open=0
2025-09-30 19:17:51 INFO [HB] outside window         | open=0
2025-09-30 19:17:56 INFO [HB] outside window         | open=0
2025-09-30 19:18:01 INFO [HB] outside window         | open=0
2025-09-30 19:18:06 INFO [HB] outside window         | open=0
2025-09-30 19:18:11 INFO [HB] outside window         | open=0
2025-09-30 19:18:16 INFO [HB] outside window         | open=0
2025-09-30 19:18:21 INFO [HB] outside window         | open=0
2025-09-30 19:18:26 INFO [HB] outside window         | open=0
2025-09-30 19:18:31 INFO [HB] outside window         | open=0
2025-09-30 19:18:36 INFO [HB] outside window         | open=0
2025-09-30 19:18:41 INFO [HB] outside window         | open=0
2025-09-30 19:18:46 INFO [HB] outside window         | open=0
2025-09-30 19:18:51 INFO [HB] outside window         | open=0
2025-09-30 19:18:56 INFO [HB] outside window         | open=0
2025-09-30 19:19:01 INFO [HB] outside window         | open=0
2025-09-30 19:19:06 INFO [HB] outside window         | open=0
2025-09-30 19:19:11 INFO [HB] outside window         | open=0
2025-09-30 19:19:16 INFO [HB] outside window         | open=0
2025-09-30 19:19:21 INFO [HB] outside window         | open=0
2025-09-30 19:19:26 INFO [HB] outside window         | open=0
2025-09-30 19:19:31 INFO [HB] outside window         | open=0
2025-09-30 19:19:36 INFO [HB] outside window         | open=0
2025-09-30 19:19:41 INFO [HB] outside window         | open=0
2025-09-30 19:19:46 INFO [HB] outside window         | open=0
2025-09-30 19:19:51 INFO [HB] outside window         | open=0
2025-09-30 19:19:56 INFO [HB] outside window         | open=0
2025-09-30 19:20:01 INFO [HB] outside window         | open=0
2025-09-30 19:20:06 INFO [HB] outside window         | open=0
2025-09-30 19:20:11 INFO [HB] outside window         | open=0
2025-09-30 19:20:16 INFO [HB] outside window         | open=0
2025-09-30 19:20:21 INFO [HB] outside window         | open=0
2025-09-30 19:20:26 INFO [HB] outside window         | open=0
2025-09-30 19:20:31 INFO [HB] outside window         | open=0
2025-09-30 19:20:36 INFO [HB] outside window         | open=0
2025-09-30 19:20:39 INFO updatePortfolio: PortfolioItem(contract=Future(conId=495512563, symbol='ES', lastTradeDateOrContractMonth='20251219', right='0', multiplier='50', primaryExchange='CME', currency='USD', localSymbol='ESZ5', tradingClass='ES'), position=0.0, marketPrice=6715.75, marketValue=0.0, averageCost=0.0, unrealizedPNL=0.0, realizedPNL=11600.5, account='DU2660649')
2025-09-30 19:20:41 INFO [HB] outside window         | open=0
2025-09-30 19:20:46 INFO [HB] outside window         | open=0
2025-09-30 19:20:51 INFO [HB] outside window         | open=0
2025-09-30 19:20:56 INFO [HB] outside window         | open=0
2025-09-30 19:21:01 INFO [HB] outside window         | open=0
2025-09-30 19:21:06 INFO [HB] outside window         | open=0
2025-09-30 19:21:11 INFO [HB] outside window         | open=0
2025-09-30 19:21:16 INFO [HB] outside window         | open=0
2025-09-30 19:21:21 INFO [HB] outside window         | open=0
2025-09-30 19:21:26 INFO [HB] outside window         | open=0
2025-09-30 19:21:31 INFO [HB] outside window         | open=0
2025-09-30 19:21:36 INFO [HB] outside window         | open=0
2025-09-30 19:21:41 INFO [HB] outside window         | open=0
2025-09-30 19:21:46 INFO [HB] outside window         | open=0
2025-09-30 19:21:51 INFO [HB] outside window         | open=0
2025-09-30 19:21:56 INFO [HB] outside window         | open=0
2025-09-30 19:22:01 INFO [HB] outside window         | open=0
2025-09-30 19:22:06 INFO [HB] outside window         | open=0
2025-09-30 19:22:11 INFO [HB] outside window         | open=0
2025-09-30 19:22:16 INFO [HB] outside window         | open=0
2025-09-30 19:22:21 INFO [HB] outside window         | open=0
2025-09-30 19:22:26 INFO [HB] outside window         | open=0
2025-09-30 19:22:31 INFO [HB] outside window         | open=0
2025-09-30 19:22:36 INFO [HB] outside window         | open=0
2025-09-30 19:22:41 INFO [HB] outside window         | open=0
2025-09-30 19:22:46 INFO [HB] outside window         | open=0
2025-09-30 19:22:51 INFO [HB] outside window         | open=0
2025-09-30 19:22:56 INFO [HB] outside window         | open=0
2025-09-30 19:23:01 INFO [HB] outside window         | open=0
2025-09-30 19:23:06 INFO [HB] outside window         | open=0
2025-09-30 19:23:11 INFO [HB] outside window         | open=0
2025-09-30 19:23:16 INFO [HB] outside window         | open=0
2025-09-30 19:23:21 INFO [HB] outside window         | open=0
2025-09-30 19:23:26 INFO [HB] outside window         | open=0
2025-09-30 19:23:31 INFO [HB] outside window         | open=0
2025-09-30 19:23:36 INFO [HB] outside window         | open=0
2025-09-30 19:23:39 INFO updatePortfolio: PortfolioItem(contract=Future(conId=495512563, symbol='ES', lastTradeDateOrContractMonth='20251219', right='0', multiplier='50', primaryExchange='CME', currency='USD', localSymbol='ESZ5', tradingClass='ES'), position=0.0, marketPrice=6715.4169922, marketValue=0.0, averageCost=0.0, unrealizedPNL=0.0, realizedPNL=11600.5, account='DU2660649')
2025-09-30 19:23:41 INFO [HB] outside window         | open=0
2025-09-30 19:23:46 INFO [HB] outside window         | open=0
2025-09-30 19:23:50 INFO [CTRL-C] Shutting down...
2025-09-30 19:23:51 INFO Disconnecting from 127.0.0.1:7497, 393 B sent in 12 messages, 463 kB received in 14390 messages, session time 4.46 ks.
2025-09-30 19:23:51 INFO Disconnecting
