usage: paper_trader.py [-h] [--host HOST] [--port PORT] [--clientId CLIENTID]
                       [--conId CONID] [--symbol SYMBOL] [--expiry EXPIRY]
                       [--exchange EXCHANGE] [--currency CURRENCY] [--qty QTY]
                       [--risk-ticks RISK_TICKS] [--tick-size TICK_SIZE]
                       [--tp-R TP_R] [--one-trade-at-a-time]
                       [--no-one-trade-at-a-time] [--debounce-one-bar]
                       [--no-debounce-one-bar]
                       [--min-bars-since-exit MIN_BARS_SINCE_EXIT]
                       [--strategy-cooldown-sec STRATEGY_COOLDOWN_SEC]
                       [--min-hold-sec MIN_HOLD_SEC]
                       [--breakeven-after-R BREAKEVEN_AFTER_R]
                       [--trail-atr-mult TRAIL_ATR_MULT]
                       [--trail-delay-sec TRAIL_DELAY_SEC]
                       [--trail-on-bar-close] [--no-trail-on-bar-close]
                       [--max-hold-min MAX_HOLD_MIN] [--adx-floor ADX_FLOOR]
                       [--bbbw-floor BBBW_FLOOR] [--atrp-floor ATRP_FLOOR]
                       [--epsilon EPSILON] [--epsilon-final EPSILON_FINAL]
                       [--epsilon-decay-min EPSILON_DECAY_MIN]
                       [--max-trades-per-day MAX_TRADES_PER_DAY]
                       [--max-daily-R-loss MAX_DAILY_R_LOSS]
                       [--trade-start-ct TRADE_START_CT]
                       [--trade-morning-end-ct TRADE_MORNING_END_CT]
                       [--trade-lunch-resume-ct TRADE_LUNCH_RESUME_CT]
                       [--trade-end-ct TRADE_END_CT]
                       [--soft-reset-ct SOFT_RESET_CT] [--logdir LOGDIR]
                       [--kill-switch KILL_SWITCH] [--tp-ladder TP_LADDER]
                       [--debug-regime] [--reset-time SOFT_RESET_CT]
                       [--persist-chooser]
                       [--chooser-model-path CHOOSER_MODEL_PATH]
                       [--daily-summary] [--log-file LOG_FILE]
                       [--place-orders] [--enable-arms ENABLE_ARMS]
paper_trader.py: error: unrecognized arguments: -- --place-orders --trade-start-ct 07:00 --trade-morning-end-ct 11:00 --trade-lunch-resume-ct 12:45 --trade-end-ct 14:55 --enable-arms trend,breakout --adx-floor 19 --bbbw-floor 0.00022 --atrp-floor 0.000058 --breakeven-after-R 2.0 --trail-atr-mult 3.2 --trail-delay-sec 180 --strategy-cooldown-sec 120 --max-trades-per-day 8 --max-daily-R-loss 3.0 --epsilon 0.018 --epsilon-final 0.012 --epsilon-decay-min 90
