
[2025-10-08 12:09:11] CMD: C:\Users\owner\AppData\Local\Programs\Python\Python313\python.exe -X faulthandler -u C:\Users\owner\Desktop\es_futures_backtester\paper_trader.py --local-symbol ESZ5 --host 127.0.0.1 --port 7497 --clientId 111 --symbol ES --auto-front-month --entry-slippage-ticks 2 --atomic-bracket --qty 1 --risk-ticks 12 --tick-size 0.25 --tp-R 1.0 --enable-arms trend,breakout --gate-adx 19 --gate-bbbw 0.00020 --gate-atrp 0.000055 --min-hold-sec 60 --breakeven-after-R 2.2 --trail-atr-mult 3.2 --trail-delay-sec 240 --trail-on-bar-close --max-trades-per-day 12 --day-loss-cap-R 3 --strategy-cooldown-sec 150 --trade-start-ct 00:00 --trade-end-ct 23:59 --tif GTC --outsideRth --require-new-bar-after-start --startup-delay-sec 10 --debounce-one-bar --duration "1 D" --connect-timeout-sec 300 --timeout-sec 300 --chooser bandit_hybrid --bandit ucb --bandit-state .\data\learn\bandit_state.json --learn-log --learn-log-dir .\logs\learn --place-orders -v
[2025-10-08 12:09:16] [WD] hb uptime=5s restarts=0 child_alive=True
[2025-10-08 12:09:21] [WD] hb uptime=10s restarts=0 child_alive=True
[2025-10-08 12:09:26] [WD] hb uptime=15s restarts=0 child_alive=True
[2025-10-08 12:09:31] [WD] hb uptime=20s restarts=0 child_alive=True
[2025-10-08 12:09:36] [WD] hb uptime=25s restarts=0 child_alive=True
[2025-10-08 12:09:41] [WD] hb uptime=30s restarts=0 child_alive=True
[2025-10-08 12:09:46] [WD] hb uptime=35s restarts=0 child_alive=True
[2025-10-08 12:09:51] [WD] hb uptime=40s restarts=0 child_alive=True
Starting ES paper bot...
[CONNECT] 127.0.0.1:7497 clientId=111
Connected
[MD] Market data type set to LIVE (1)
[CONTRACT] Using localSymbol=ESZ5 conId=495512563 expiry=20251219
[BOOT] Hist seed: 361 bars
2025-10-08 12:09:22 INFO [HB] active    | src=SEED dayR=0.00R open=0 tradesToday=0 bars=361 | arms=trend 0/0.00, breakout 0/0.00
2025-10-08 12:09:22 INFO [HB] active    | src=SEED dayR=0.00R open=0 tradesToday=0 bars=361 | arms=trend 0/0.00, breakout 0/0.00
2025-10-08 12:09:23 INFO [HB] active    | src=SEED dayR=0.00R open=0 tradesToday=0 bars=361 | arms=trend 0/0.00, breakout 0/0.00
2025-10-08 12:09:23 INFO [HB] active    | src=SEED dayR=0.00R open=0 tradesToday=0 bars=361 | arms=trend 0/0.00, breakout 0/0.00
2025-10-08 12:09:24 INFO [HB] active    | src=SEED dayR=0.00R open=0 tradesToday=0 bars=361 | arms=trend 0/0.00, breakout 0/0.00
2025-10-08 12:09:24 INFO [HB] active    | src=SEED dayR=0.00R open=0 tradesToday=0 bars=361 | arms=trend 0/0.00, breakout 0/0.00
2025-10-08 12:09:25 INFO [HB] active    | src=SEED dayR=0.00R open=0 tradesToday=0 bars=361 | arms=trend 0/0.00, breakout 0/0.00
2025-10-08 12:09:25 INFO [HB] active    | src=SEED dayR=0.00R open=0 tradesToday=0 bars=361 | arms=trend 0/0.00, breakout 0/0.00
2025-10-08 12:09:26 INFO [HB] active    | src=SEED dayR=0.00R open=0 tradesToday=0 bars=361 | arms=trend 0/0.00, breakout 0/0.00
2025-10-08 12:09:26 INFO [HB] active    | src=SEED dayR=0.00R open=0 tradesToday=0 bars=361 | arms=trend 0/0.00, breakout 0/0.00
2025-10-08 12:09:27 INFO [HB] active    | src=SEED dayR=0.00R open=0 tradesToday=0 bars=361 | arms=trend 0/0.00, breakout 0/0.00
2025-10-08 12:09:27 INFO [HB] active    | src=SEED dayR=0.00R open=0 tradesToday=0 bars=361 | arms=trend 0/0.00, breakout 0/0.00
2025-10-08 12:09:28 INFO [HB] active    | src=SEED dayR=0.00R open=0 tradesToday=0 bars=361 | arms=trend 0/0.00, breakout 0/0.00
2025-10-08 12:09:28 INFO [HB] active    | src=SEED dayR=0.00R open=0 tradesToday=0 bars=361 | arms=trend 0/0.00, breakout 0/0.00
2025-10-08 12:09:29 INFO [HB] active    | src=SEED dayR=0.00R open=0 tradesToday=0 bars=361 | arms=trend 0/0.00, breakout 0/0.00
2025-10-08 12:09:29 INFO [HB] active    | src=SEED dayR=0.00R open=0 tradesToday=0 bars=361 | arms=trend 0/0.00, breakout 0/0.00
2025-10-08 12:09:30 INFO [HB] active    | src=SEED dayR=0.00R open=0 tradesToday=0 bars=361 | arms=trend 0/0.00, breakout 0/0.00
2025-10-08 12:09:30 INFO [HB] active    | src=SEED dayR=0.00R open=0 tradesToday=0 bars=361 | arms=trend 0/0.00, breakout 0/0.00
2025-10-08 12:09:31 INFO [HB] active    | src=SEED dayR=0.00R open=0 tradesToday=0 bars=361 | arms=trend 0/0.00, breakout 0/0.00
2025-10-08 12:09:31 INFO [HB] active    | src=SEED dayR=0.00R open=0 tradesToday=0 bars=361 | arms=trend 0/0.00, breakout 0/0.00
[MD] Switched to DELAYED (3) market data (no live bars arrived).
2025-10-08 12:09:32 INFO [HB] active    | src=SEED dayR=0.00R open=0 tradesToday=0 bars=361 | arms=trend 0/0.00, breakout 0/0.00
2025-10-08 12:09:32 INFO [HB] active    | src=SEED dayR=0.00R open=0 tradesToday=0 bars=361 | arms=trend 0/0.00, breakout 0/0.00
2025-10-08 12:09:33 INFO [HB] active    | src=SEED dayR=0.00R open=0 tradesToday=0 bars=361 | arms=trend 0/0.00, breakout 0/0.00
2025-10-08 12:09:33 INFO [HB] active    | src=SEED dayR=0.00R open=0 tradesToday=0 bars=361 | arms=trend 0/0.00, breakout 0/0.00
2025-10-08 12:09:34 INFO [HB] active    | src=SEED dayR=0.00R open=0 tradesToday=0 bars=361 | arms=trend 0/0.00, breakout 0/0.00
2025-10-08 12:09:34 INFO [HB] active    | src=SEED dayR=0.00R open=0 tradesToday=0 bars=361 | arms=trend 0/0.00, breakout 0/0.00
2025-10-08 12:09:35 INFO [HB] active    | src=SEED dayR=0.00R open=0 tradesToday=0 bars=361 | arms=trend 0/0.00, breakout 0/0.00
2025-10-08 12:09:35 INFO [HB] active    | src=SEED dayR=0.00R open=0 tradesToday=0 bars=361 | arms=trend 0/0.00, breakout 0/0.00
2025-10-08 12:09:36 INFO [HB] active    | src=SEED dayR=0.00R open=0 tradesToday=0 bars=361 | arms=trend 0/0.00, breakout 0/0.00
2025-10-08 12:09:36 INFO [HB] active    | src=SEED dayR=0.00R open=0 tradesToday=0 bars=361 | arms=trend 0/0.00, breakout 0/0.00
2025-10-08 12:09:37 INFO [HB] active    | src=SEED dayR=0.00R open=0 tradesToday=0 bars=361 | arms=trend 0/0.00, breakout 0/0.00
2025-10-08 12:09:37 INFO [HB] active    | src=SEED dayR=0.00R open=0 tradesToday=0 bars=361 | arms=trend 0/0.00, breakout 0/0.00
2025-10-08 12:09:38 INFO [HB] active    | src=SEED dayR=0.00R open=0 tradesToday=0 bars=361 | arms=trend 0/0.00, breakout 0/0.00
2025-10-08 12:09:38 INFO [HB] active    | src=SEED dayR=0.00R open=0 tradesToday=0 bars=361 | arms=trend 0/0.00, breakout 0/0.00
2025-10-08 12:09:39 INFO [HB] active    | src=SEED dayR=0.00R open=0 tradesToday=0 bars=361 | arms=trend 0/0.00, breakout 0/0.00
2025-10-08 12:09:39 INFO [HB] active    | src=SEED dayR=0.00R open=0 tradesToday=0 bars=361 | arms=trend 0/0.00, breakout 0/0.00
2025-10-08 12:09:40 INFO [HB] active    | src=SEED dayR=0.00R open=0 tradesToday=0 bars=361 | arms=trend 0/0.00, breakout 0/0.00
2025-10-08 12:09:40 INFO [HB] active    | src=SEED dayR=0.00R open=0 tradesToday=0 bars=361 | arms=trend 0/0.00, breakout 0/0.00
2025-10-08 12:09:41 INFO [HB] active    | src=SEED dayR=0.00R open=0 tradesToday=0 bars=361 | arms=trend 0/0.00, breakout 0/0.00
2025-10-08 12:09:41 INFO [HB] active    | src=SEED dayR=0.00R open=0 tradesToday=0 bars=361 | arms=trend 0/0.00, breakout 0/0.00
2025-10-08 12:09:42 INFO [HB] active    | src=SEED dayR=0.00R open=0 tradesToday=0 bars=361 | arms=trend 0/0.00, breakout 0/0.00
2025-10-08 12:09:42 INFO [HB] active    | src=SEED dayR=0.00R open=0 tradesToday=0 bars=361 | arms=trend 0/0.00, breakout 0/0.00
2025-10-08 12:09:43 INFO [HB] active    | src=SEED dayR=0.00R open=0 tradesToday=0 bars=361 | arms=trend 0/0.00, breakout 0/0.00
2025-10-08 12:09:43 INFO [HB] active    | src=SEED dayR=0.00R open=0 tradesToday=0 bars=361 | arms=trend 0/0.00, breakout 0/0.00
2025-10-08 12:09:44 INFO [HB] active    | src=SEED dayR=0.00R open=0 tradesToday=0 bars=361 | arms=trend 0/0.00, breakout 0/0.00
2025-10-08 12:09:44 INFO [HB] active    | src=SEED dayR=0.00R open=0 tradesToday=0 bars=361 | arms=trend 0/0.00, breakout 0/0.00
2025-10-08 12:09:45 INFO [HB] active    | src=SEED dayR=0.00R open=0 tradesToday=0 bars=361 | arms=trend 0/0.00, breakout 0/0.00
2025-10-08 12:09:45 INFO [HB] active    | src=SEED dayR=0.00R open=0 tradesToday=0 bars=361 | arms=trend 0/0.00, breakout 0/0.00
2025-10-08 12:09:46 INFO [HB] active    | src=SEED dayR=0.00R open=0 tradesToday=0 bars=361 | arms=trend 0/0.00, breakout 0/0.00
2025-10-08 12:09:46 INFO [HB] active    | src=SEED dayR=0.00R open=0 tradesToday=0 bars=361 | arms=trend 0/0.00, breakout 0/0.00
2025-10-08 12:09:47 INFO [HB] active    | src=SEED dayR=0.00R open=0 tradesToday=0 bars=361 | arms=trend 0/0.00, breakout 0/0.00
2025-10-08 12:09:47 INFO [HB] active    | src=SEED dayR=0.00R open=0 tradesToday=0 bars=361 | arms=trend 0/0.00, breakout 0/0.00
2025-10-08 12:09:48 INFO [HB] active    | src=SEED dayR=0.00R open=0 tradesToday=0 bars=361 | arms=trend 0/0.00, breakout 0/0.00
2025-10-08 12:09:48 INFO [HB] active    | src=SEED dayR=0.00R open=0 tradesToday=0 bars=361 | arms=trend 0/0.00, breakout 0/0.00
2025-10-08 12:09:49 INFO [HB] active    | src=SEED dayR=0.00R open=0 tradesToday=0 bars=361 | arms=trend 0/0.00, breakout 0/0.00
2025-10-08 12:09:49 INFO [HB] active    | src=SEED dayR=0.00R open=0 tradesToday=0 bars=361 | arms=trend 0/0.00, breakout 0/0.00
2025-10-08 12:09:50 INFO [HB] active    | src=SEED dayR=0.00R open=0 tradesToday=0 bars=361 | arms=trend 0/0.00, breakout 0/0.00
2025-10-08 12:09:50 INFO [HB] active    | src=SEED dayR=0.00R open=0 tradesToday=0 bars=361 | arms=trend 0/0.00, breakout 0/0.00
2025-10-08 12:09:51 INFO [HB] active    | src=SEED dayR=0.00R open=0 tradesToday=0 bars=361 | arms=trend 0/0.00, breakout 0/0.00
2025-10-08 12:09:51 INFO [HB] active    | src=SEED dayR=0.00R open=0 tradesToday=0 bars=361 | arms=trend 0/0.00, breakout 0/0.00
2025-10-08 12:09:52 INFO [HB] active    | src=SEED dayR=0.00R open=0 tradesToday=0 bars=361 | arms=trend 0/0.00, breakout 0/0.00
[2025-10-08 12:09:56] [WD] hb uptime=45s restarts=0 child_alive=True
[2025-10-08 12:10:01] [WD] hb uptime=50s restarts=0 child_alive=True
[2025-10-08 12:10:06] [WD] hb uptime=55s restarts=0 child_alive=True
[2025-10-08 12:10:11] [WD] hb uptime=60s restarts=0 child_alive=True
[2025-10-08 12:10:16] [WD] hb uptime=65s restarts=0 child_alive=True
[2025-10-08 12:10:21] [WD] hb uptime=70s restarts=0 child_alive=True
2025-10-08 12:09:52 INFO [HB] active    | src=SEED dayR=0.00R open=0 tradesToday=0 bars=361 | arms=trend 0/0.00, breakout 0/0.00
2025-10-08 12:09:53 INFO [HB] active    | src=SEED dayR=0.00R open=0 tradesToday=0 bars=361 | arms=trend 0/0.00, breakout 0/0.00
2025-10-08 12:09:53 INFO [HB] active    | src=SEED dayR=0.00R open=0 tradesToday=0 bars=361 | arms=trend 0/0.00, breakout 0/0.00
2025-10-08 12:09:54 INFO [HB] active    | src=SEED dayR=0.00R open=0 tradesToday=0 bars=361 | arms=trend 0/0.00, breakout 0/0.00
2025-10-08 12:09:54 INFO [HB] active    | src=SEED dayR=0.00R open=0 tradesToday=0 bars=361 | arms=trend 0/0.00, breakout 0/0.00
2025-10-08 12:09:55 INFO [HB] active    | src=SEED dayR=0.00R open=0 tradesToday=0 bars=361 | arms=trend 0/0.00, breakout 0/0.00
2025-10-08 12:09:55 INFO [HB] active    | src=SEED dayR=0.00R open=0 tradesToday=0 bars=361 | arms=trend 0/0.00, breakout 0/0.00
2025-10-08 12:09:56 INFO [HB] active    | src=SEED dayR=0.00R open=0 tradesToday=0 bars=361 | arms=trend 0/0.00, breakout 0/0.00
2025-10-08 12:09:56 INFO [HB] active    | src=SEED dayR=0.00R open=0 tradesToday=0 bars=361 | arms=trend 0/0.00, breakout 0/0.00
2025-10-08 12:09:57 INFO [HB] active    | src=SEED dayR=0.00R open=0 tradesToday=0 bars=361 | arms=trend 0/0.00, breakout 0/0.00
2025-10-08 12:09:57 INFO [HB] active    | src=SEED dayR=0.00R open=0 tradesToday=0 bars=361 | arms=trend 0/0.00, breakout 0/0.00
2025-10-08 12:09:58 INFO [HB] active    | src=SEED dayR=0.00R open=0 tradesToday=0 bars=361 | arms=trend 0/0.00, breakout 0/0.00
2025-10-08 12:09:58 INFO [HB] active    | src=SEED dayR=0.00R open=0 tradesToday=0 bars=361 | arms=trend 0/0.00, breakout 0/0.00
2025-10-08 12:09:59 INFO [HB] active    | src=SEED dayR=0.00R open=0 tradesToday=0 bars=361 | arms=trend 0/0.00, breakout 0/0.00
2025-10-08 12:09:59 INFO [HB] active    | src=SEED dayR=0.00R open=0 tradesToday=0 bars=361 | arms=trend 0/0.00, breakout 0/0.00
2025-10-08 12:10:00 INFO [HB] active    | src=SEED dayR=0.00R open=0 tradesToday=0 bars=361 | arms=trend 0/0.00, breakout 0/0.00
2025-10-08 12:10:00 INFO [HB] active    | src=SEED dayR=0.00R open=0 tradesToday=0 bars=361 | arms=trend 0/0.00, breakout 0/0.00
2025-10-08 12:10:01 INFO [HB] active    | src=SEED dayR=0.00R open=0 tradesToday=0 bars=361 | arms=trend 0/0.00, breakout 0/0.00
2025-10-08 12:10:01 INFO [HB] active    | src=SEED dayR=0.00R open=0 tradesToday=0 bars=361 | arms=trend 0/0.00, breakout 0/0.00
2025-10-08 12:10:02 INFO [HB] active    | src=SEED dayR=0.00R open=0 tradesToday=0 bars=361 | arms=trend 0/0.00, breakout 0/0.00
2025-10-08 12:10:02 INFO [HB] active    | src=SEED dayR=0.00R open=0 tradesToday=0 bars=361 | arms=trend 0/0.00, breakout 0/0.00
2025-10-08 12:10:03 INFO [HB] active    | src=SEED dayR=0.00R open=0 tradesToday=0 bars=361 | arms=trend 0/0.00, breakout 0/0.00
2025-10-08 12:10:03 INFO [HB] active    | src=SEED dayR=0.00R open=0 tradesToday=0 bars=361 | arms=trend 0/0.00, breakout 0/0.00
2025-10-08 12:10:04 INFO [HB] active    | src=SEED dayR=0.00R open=0 tradesToday=0 bars=361 | arms=trend 0/0.00, breakout 0/0.00
2025-10-08 12:10:04 INFO [HB] active    | src=SEED dayR=0.00R open=0 tradesToday=0 bars=361 | arms=trend 0/0.00, breakout 0/0.00
2025-10-08 12:10:05 INFO [HB] active    | src=SEED dayR=0.00R open=0 tradesToday=0 bars=361 | arms=trend 0/0.00, breakout 0/0.00
2025-10-08 12:10:05 INFO [HB] active    | src=SEED dayR=0.00R open=0 tradesToday=0 bars=361 | arms=trend 0/0.00, breakout 0/0.00
2025-10-08 12:10:06 INFO [HB] active    | src=SEED dayR=0.00R open=0 tradesToday=0 bars=361 | arms=trend 0/0.00, breakout 0/0.00
2025-10-08 12:10:06 INFO [HB] active    | src=SEED dayR=0.00R open=0 tradesToday=0 bars=361 | arms=trend 0/0.00, breakout 0/0.00
2025-10-08 12:10:07 INFO [HB] active    | src=SEED dayR=0.00R open=0 tradesToday=0 bars=361 | arms=trend 0/0.00, breakout 0/0.00
2025-10-08 12:10:07 INFO [HB] active    | src=SEED dayR=0.00R open=0 tradesToday=0 bars=361 | arms=trend 0/0.00, breakout 0/0.00
2025-10-08 12:10:08 INFO [HB] active    | src=SEED dayR=0.00R open=0 tradesToday=0 bars=361 | arms=trend 0/0.00, breakout 0/0.00
2025-10-08 12:10:08 INFO [HB] active    | src=SEED dayR=0.00R open=0 tradesToday=0 bars=361 | arms=trend 0/0.00, breakout 0/0.00
2025-10-08 12:10:09 INFO [HB] active    | src=SEED dayR=0.00R open=0 tradesToday=0 bars=361 | arms=trend 0/0.00, breakout 0/0.00
2025-10-08 12:10:09 INFO [HB] active    | src=SEED dayR=0.00R open=0 tradesToday=0 bars=361 | arms=trend 0/0.00, breakout 0/0.00
2025-10-08 12:10:10 INFO [HB] active    | src=SEED dayR=0.00R open=0 tradesToday=0 bars=361 | arms=trend 0/0.00, breakout 0/0.00
2025-10-08 12:10:10 INFO [HB] active    | src=SEED dayR=0.00R open=0 tradesToday=0 bars=361 | arms=trend 0/0.00, breakout 0/0.00
2025-10-08 12:10:11 INFO [HB] active    | src=SEED dayR=0.00R open=0 tradesToday=0 bars=361 | arms=trend 0/0.00, breakout 0/0.00
2025-10-08 12:10:11 INFO [HB] active    | src=SEED dayR=0.00R open=0 tradesToday=0 bars=361 | arms=trend 0/0.00, breakout 0/0.00
2025-10-08 12:10:12 INFO [HB] active    | src=SEED dayR=0.00R open=0 tradesToday=0 bars=361 | arms=trend 0/0.00, breakout 0/0.00
2025-10-08 12:10:12 INFO [HB] active    | src=SEED dayR=0.00R open=0 tradesToday=0 bars=361 | arms=trend 0/0.00, breakout 0/0.00
2025-10-08 12:10:13 INFO [HB] active    | src=SEED dayR=0.00R open=0 tradesToday=0 bars=361 | arms=trend 0/0.00, breakout 0/0.00
2025-10-08 12:10:13 INFO [HB] active    | src=SEED dayR=0.00R open=0 tradesToday=0 bars=361 | arms=trend 0/0.00, breakout 0/0.00
2025-10-08 12:10:14 INFO [HB] active    | src=SEED dayR=0.00R open=0 tradesToday=0 bars=361 | arms=trend 0/0.00, breakout 0/0.00
2025-10-08 12:10:14 INFO [HB] active    | src=SEED dayR=0.00R open=0 tradesToday=0 bars=361 | arms=trend 0/0.00, breakout 0/0.00
2025-10-08 12:10:15 INFO [HB] active    | src=SEED dayR=0.00R open=0 tradesToday=0 bars=361 | arms=trend 0/0.00, breakout 0/0.00
2025-10-08 12:10:15 INFO [HB] active    | src=SEED dayR=0.00R open=0 tradesToday=0 bars=361 | arms=trend 0/0.00, breakout 0/0.00
2025-10-08 12:10:16 INFO [HB] active    | src=SEED dayR=0.00R open=0 tradesToday=0 bars=361 | arms=trend 0/0.00, breakout 0/0.00
2025-10-08 12:10:16 INFO [HB] active    | src=SEED dayR=0.00R open=0 tradesToday=0 bars=361 | arms=trend 0/0.00, breakout 0/0.00
2025-10-08 12:10:17 INFO [HB] active    | src=SEED dayR=0.00R open=0 tradesToday=0 bars=361 | arms=trend 0/0.00, breakout 0/0.00
2025-10-08 12:10:17 INFO [HB] active    | src=SEED dayR=0.00R open=0 tradesToday=0 bars=361 | arms=trend 0/0.00, breakout 0/0.00
2025-10-08 12:10:18 INFO [HB] active    | src=SEED dayR=0.00R open=0 tradesToday=0 bars=361 | arms=trend 0/0.00, breakout 0/0.00
2025-10-08 12:10:18 INFO [HB] active    | src=SEED dayR=0.00R open=0 tradesToday=0 bars=361 | arms=trend 0/0.00, breakout 0/0.00
2025-10-08 12:10:19 INFO [HB] active    | src=SEED dayR=0.00R open=0 tradesToday=0 bars=361 | arms=trend 0/0.00, breakout 0/0.00
2025-10-08 12:10:19 INFO [HB] active    | src=SEED dayR=0.00R open=0 tradesToday=0 bars=361 | arms=trend 0/0.00, breakout 0/0.00
2025-10-08 12:10:20 INFO [HB] active    | src=SEED dayR=0.00R open=0 tradesToday=0 bars=361 | arms=trend 0/0.00, breakout 0/0.00
2025-10-08 12:10:20 INFO [HB] active    | src=SEED dayR=0.00R open=0 tradesToday=0 bars=361 | arms=trend 0/0.00, breakout 0/0.00
2025-10-08 12:10:21 INFO [HB] active    | src=SEED dayR=0.00R open=0 tradesToday=0 bars=361 | arms=trend 0/0.00, breakout 0/0.00
2025-10-08 12:10:21 INFO [HB] active    | src=SEED dayR=0.00R open=0 tradesToday=0 bars=361 | arms=trend 0/0.00, breakout 0/0.00
2025-10-08 12:10:22 INFO [HB] active    | src=SEED dayR=0.00R open=0 tradesToday=0 bars=361 | arms=trend 0/0.00, breakout 0/0.00
2025-10-08 12:10:22 INFO [HB] active    | src=SEED dayR=0.00R open=0 tradesToday=0 bars=361 | arms=trend 0/0.00, breakout 0/0.00
2025-10-08 12:10:23 INFO [HB] active    | src=SEED dayR=0.00R open=0 tradesToday=0 bars=361 | arms=trend 0/0.00, breakout 0/0.00
2025-10-08 12:10:23 INFO [HB] active    | src=SEED dayR=0.00R open=0 tradesToday=0 bars=361 | arms=trend 0/0.00, breakout 0/0.00
2025-10-08 12:10:24 INFO [HB] active    | src=SEED dayR=0.00R open=0 tradesToday=0 bars=361 | arms=trend 0/0.00, breakout 0/0.00
[2025-10-08 12:10:26] [WD] hb uptime=75s restarts=0 child_alive=True
[2025-10-08 12:10:31] [WD] hb uptime=80s restarts=0 child_alive=True
[2025-10-08 12:10:36] [WD] hb uptime=85s restarts=0 child_alive=True
[2025-10-08 12:10:41] [WD] hb uptime=90s restarts=0 child_alive=True
[2025-10-08 12:10:46] [WD] hb uptime=95s restarts=0 child_alive=True
[2025-10-08 12:10:51] [WD] hb uptime=100s restarts=0 child_alive=True
[2025-10-08 12:10:56] [WD] hb uptime=105s restarts=0 child_alive=True
2025-10-08 12:10:24 INFO [HB] active    | src=SEED dayR=0.00R open=0 tradesToday=0 bars=361 | arms=trend 0/0.00, breakout 0/0.00
2025-10-08 12:10:25 INFO [HB] active    | src=SEED dayR=0.00R open=0 tradesToday=0 bars=361 | arms=trend 0/0.00, breakout 0/0.00
2025-10-08 12:10:25 INFO [HB] active    | src=SEED dayR=0.00R open=0 tradesToday=0 bars=361 | arms=trend 0/0.00, breakout 0/0.00
2025-10-08 12:10:26 INFO [HB] active    | src=SEED dayR=0.00R open=0 tradesToday=0 bars=361 | arms=trend 0/0.00, breakout 0/0.00
2025-10-08 12:10:26 INFO [HB] active    | src=SEED dayR=0.00R open=0 tradesToday=0 bars=361 | arms=trend 0/0.00, breakout 0/0.00
2025-10-08 12:10:27 INFO [HB] active    | src=SEED dayR=0.00R open=0 tradesToday=0 bars=361 | arms=trend 0/0.00, breakout 0/0.00
2025-10-08 12:10:27 INFO [HB] active    | src=SEED dayR=0.00R open=0 tradesToday=0 bars=361 | arms=trend 0/0.00, breakout 0/0.00
2025-10-08 12:10:28 INFO [HB] active    | src=SEED dayR=0.00R open=0 tradesToday=0 bars=361 | arms=trend 0/0.00, breakout 0/0.00
2025-10-08 12:10:28 INFO [HB] active    | src=SEED dayR=0.00R open=0 tradesToday=0 bars=361 | arms=trend 0/0.00, breakout 0/0.00
2025-10-08 12:10:29 INFO [HB] active    | src=SEED dayR=0.00R open=0 tradesToday=0 bars=361 | arms=trend 0/0.00, breakout 0/0.00
2025-10-08 12:10:29 INFO [HB] active    | src=SEED dayR=0.00R open=0 tradesToday=0 bars=361 | arms=trend 0/0.00, breakout 0/0.00
2025-10-08 12:10:30 INFO [HB] active    | src=SEED dayR=0.00R open=0 tradesToday=0 bars=361 | arms=trend 0/0.00, breakout 0/0.00
2025-10-08 12:10:30 INFO [HB] active    | src=SEED dayR=0.00R open=0 tradesToday=0 bars=361 | arms=trend 0/0.00, breakout 0/0.00
2025-10-08 12:10:31 INFO [HB] active    | src=SEED dayR=0.00R open=0 tradesToday=0 bars=361 | arms=trend 0/0.00, breakout 0/0.00
2025-10-08 12:10:31 INFO [HB] active    | src=SEED dayR=0.00R open=0 tradesToday=0 bars=361 | arms=trend 0/0.00, breakout 0/0.00
2025-10-08 12:10:32 INFO [HB] active    | src=SEED dayR=0.00R open=0 tradesToday=0 bars=361 | arms=trend 0/0.00, breakout 0/0.00
2025-10-08 12:10:32 INFO [HB] active    | src=SEED dayR=0.00R open=0 tradesToday=0 bars=361 | arms=trend 0/0.00, breakout 0/0.00
2025-10-08 12:10:33 INFO [HB] active    | src=SEED dayR=0.00R open=0 tradesToday=0 bars=361 | arms=trend 0/0.00, breakout 0/0.00
2025-10-08 12:10:33 INFO [HB] active    | src=SEED dayR=0.00R open=0 tradesToday=0 bars=361 | arms=trend 0/0.00, breakout 0/0.00
2025-10-08 12:10:34 INFO [HB] active    | src=SEED dayR=0.00R open=0 tradesToday=0 bars=361 | arms=trend 0/0.00, breakout 0/0.00
2025-10-08 12:10:34 INFO [HB] active    | src=SEED dayR=0.00R open=0 tradesToday=0 bars=361 | arms=trend 0/0.00, breakout 0/0.00
2025-10-08 12:10:35 INFO [HB] active    | src=SEED dayR=0.00R open=0 tradesToday=0 bars=361 | arms=trend 0/0.00, breakout 0/0.00
2025-10-08 12:10:35 INFO [HB] active    | src=SEED dayR=0.00R open=0 tradesToday=0 bars=361 | arms=trend 0/0.00, breakout 0/0.00
2025-10-08 12:10:36 INFO [HB] active    | src=SEED dayR=0.00R open=0 tradesToday=0 bars=361 | arms=trend 0/0.00, breakout 0/0.00
2025-10-08 12:10:36 INFO [HB] active    | src=SEED dayR=0.00R open=0 tradesToday=0 bars=361 | arms=trend 0/0.00, breakout 0/0.00
2025-10-08 12:10:37 INFO [HB] active    | src=SEED dayR=0.00R open=0 tradesToday=0 bars=361 | arms=trend 0/0.00, breakout 0/0.00
2025-10-08 12:10:37 INFO [HB] active    | src=SEED dayR=0.00R open=0 tradesToday=0 bars=361 | arms=trend 0/0.00, breakout 0/0.00
2025-10-08 12:10:38 INFO [HB] active    | src=SEED dayR=0.00R open=0 tradesToday=0 bars=361 | arms=trend 0/0.00, breakout 0/0.00
2025-10-08 12:10:38 INFO [HB] active    | src=SEED dayR=0.00R open=0 tradesToday=0 bars=361 | arms=trend 0/0.00, breakout 0/0.00
2025-10-08 12:10:39 INFO [HB] active    | src=SEED dayR=0.00R open=0 tradesToday=0 bars=361 | arms=trend 0/0.00, breakout 0/0.00
2025-10-08 12:10:39 INFO [HB] active    | src=SEED dayR=0.00R open=0 tradesToday=0 bars=361 | arms=trend 0/0.00, breakout 0/0.00
2025-10-08 12:10:40 INFO [HB] active    | src=SEED dayR=0.00R open=0 tradesToday=0 bars=361 | arms=trend 0/0.00, breakout 0/0.00
2025-10-08 12:10:40 INFO [HB] active    | src=SEED dayR=0.00R open=0 tradesToday=0 bars=361 | arms=trend 0/0.00, breakout 0/0.00
2025-10-08 12:10:41 INFO [HB] active    | src=SEED dayR=0.00R open=0 tradesToday=0 bars=361 | arms=trend 0/0.00, breakout 0/0.00
2025-10-08 12:10:41 INFO [HB] active    | src=SEED dayR=0.00R open=0 tradesToday=0 bars=361 | arms=trend 0/0.00, breakout 0/0.00
2025-10-08 12:10:42 INFO [HB] active    | src=SEED dayR=0.00R open=0 tradesToday=0 bars=361 | arms=trend 0/0.00, breakout 0/0.00
2025-10-08 12:10:42 INFO [HB] active    | src=SEED dayR=0.00R open=0 tradesToday=0 bars=361 | arms=trend 0/0.00, breakout 0/0.00
2025-10-08 12:10:43 INFO [HB] active    | src=SEED dayR=0.00R open=0 tradesToday=0 bars=361 | arms=trend 0/0.00, breakout 0/0.00
2025-10-08 12:10:43 INFO [HB] active    | src=SEED dayR=0.00R open=0 tradesToday=0 bars=361 | arms=trend 0/0.00, breakout 0/0.00
2025-10-08 12:10:44 INFO [HB] active    | src=SEED dayR=0.00R open=0 tradesToday=0 bars=361 | arms=trend 0/0.00, breakout 0/0.00
2025-10-08 12:10:44 INFO [HB] active    | src=SEED dayR=0.00R open=0 tradesToday=0 bars=361 | arms=trend 0/0.00, breakout 0/0.00
2025-10-08 12:10:45 INFO [HB] active    | src=SEED dayR=0.00R open=0 tradesToday=0 bars=361 | arms=trend 0/0.00, breakout 0/0.00
2025-10-08 12:10:45 INFO [HB] active    | src=SEED dayR=0.00R open=0 tradesToday=0 bars=361 | arms=trend 0/0.00, breakout 0/0.00
2025-10-08 12:10:46 INFO [HB] active    | src=SEED dayR=0.00R open=0 tradesToday=0 bars=361 | arms=trend 0/0.00, breakout 0/0.00
2025-10-08 12:10:46 INFO [HB] active    | src=SEED dayR=0.00R open=0 tradesToday=0 bars=361 | arms=trend 0/0.00, breakout 0/0.00
2025-10-08 12:10:47 INFO [HB] active    | src=SEED dayR=0.00R open=0 tradesToday=0 bars=361 | arms=trend 0/0.00, breakout 0/0.00
2025-10-08 12:10:47 INFO [HB] active    | src=SEED dayR=0.00R open=0 tradesToday=0 bars=361 | arms=trend 0/0.00, breakout 0/0.00
2025-10-08 12:10:48 INFO [HB] active    | src=SEED dayR=0.00R open=0 tradesToday=0 bars=361 | arms=trend 0/0.00, breakout 0/0.00
2025-10-08 12:10:48 INFO [HB] active    | src=SEED dayR=0.00R open=0 tradesToday=0 bars=361 | arms=trend 0/0.00, breakout 0/0.00
2025-10-08 12:10:49 INFO [HB] active    | src=SEED dayR=0.00R open=0 tradesToday=0 bars=361 | arms=trend 0/0.00, breakout 0/0.00
2025-10-08 12:10:49 INFO [HB] active    | src=SEED dayR=0.00R open=0 tradesToday=0 bars=361 | arms=trend 0/0.00, breakout 0/0.00
2025-10-08 12:10:50 INFO [HB] active    | src=SEED dayR=0.00R open=0 tradesToday=0 bars=361 | arms=trend 0/0.00, breakout 0/0.00
2025-10-08 12:10:50 INFO [HB] active    | src=SEED dayR=0.00R open=0 tradesToday=0 bars=361 | arms=trend 0/0.00, breakout 0/0.00
2025-10-08 12:10:51 INFO [HB] active    | src=SEED dayR=0.00R open=0 tradesToday=0 bars=361 | arms=trend 0/0.00, breakout 0/0.00
2025-10-08 12:10:51 INFO [HB] active    | src=SEED dayR=0.00R open=0 tradesToday=0 bars=361 | arms=trend 0/0.00, breakout 0/0.00
2025-10-08 12:10:52 INFO [HB] active    | src=SEED dayR=0.00R open=0 tradesToday=0 bars=361 | arms=trend 0/0.00, breakout 0/0.00
2025-10-08 12:10:52 INFO [HB] active    | src=SEED dayR=0.00R open=0 tradesToday=0 bars=361 | arms=trend 0/0.00, breakout 0/0.00
2025-10-08 12:10:53 INFO [HB] active    | src=SEED dayR=0.00R open=0 tradesToday=0 bars=361 | arms=trend 0/0.00, breakout 0/0.00
2025-10-08 12:10:53 INFO [HB] active    | src=SEED dayR=0.00R open=0 tradesToday=0 bars=361 | arms=trend 0/0.00, breakout 0/0.00
2025-10-08 12:10:54 INFO [HB] active    | src=SEED dayR=0.00R open=0 tradesToday=0 bars=361 | arms=trend 0/0.00, breakout 0/0.00
2025-10-08 12:10:54 INFO [HB] active    | src=SEED dayR=0.00R open=0 tradesToday=0 bars=361 | arms=trend 0/0.00, breakout 0/0.00
2025-10-08 12:10:55 INFO [HB] active    | src=SEED dayR=0.00R open=0 tradesToday=0 bars=361 | arms=trend 0/0.00, breakout 0/0.00
2025-10-08 12:10:55 INFO [HB] active    | src=SEED dayR=0.00R open=0 tradesToday=0 bars=361 | arms=trend 0/0.00, breakout 0/0.00
2025-10-08 12:10:56 INFO [HB] active    | src=SEED dayR=0.00R open=0 tradesToday=0 bars=361 | arms=trend 0/0.00, breakout 0/0.00
[2025-10-08 12:11:01] [WD] hb uptime=110s restarts=0 child_alive=True
[2025-10-08 12:11:06] [WD] hb uptime=115s restarts=0 child_alive=True
[2025-10-08 12:11:11] [WD] hb uptime=120s restarts=0 child_alive=True
[2025-10-08 12:11:16] [WD] hb uptime=125s restarts=0 child_alive=True
[2025-10-08 12:11:21] [WD] hb uptime=130s restarts=0 child_alive=True
[2025-10-08 12:11:26] [WD] hb uptime=135s restarts=0 child_alive=True
2025-10-08 12:10:56 INFO [HB] active    | src=SEED dayR=0.00R open=0 tradesToday=0 bars=361 | arms=trend 0/0.00, breakout 0/0.00
2025-10-08 12:10:57 INFO [HB] active    | src=SEED dayR=0.00R open=0 tradesToday=0 bars=361 | arms=trend 0/0.00, breakout 0/0.00
2025-10-08 12:10:57 INFO [HB] active    | src=SEED dayR=0.00R open=0 tradesToday=0 bars=361 | arms=trend 0/0.00, breakout 0/0.00
2025-10-08 12:10:58 INFO [HB] active    | src=SEED dayR=0.00R open=0 tradesToday=0 bars=361 | arms=trend 0/0.00, breakout 0/0.00
2025-10-08 12:10:58 INFO [HB] active    | src=SEED dayR=0.00R open=0 tradesToday=0 bars=361 | arms=trend 0/0.00, breakout 0/0.00
2025-10-08 12:10:59 INFO [HB] active    | src=SEED dayR=0.00R open=0 tradesToday=0 bars=361 | arms=trend 0/0.00, breakout 0/0.00
2025-10-08 12:10:59 INFO [HB] active    | src=SEED dayR=0.00R open=0 tradesToday=0 bars=361 | arms=trend 0/0.00, breakout 0/0.00
2025-10-08 12:11:00 INFO [HB] active    | src=SEED dayR=0.00R open=0 tradesToday=0 bars=361 | arms=trend 0/0.00, breakout 0/0.00
2025-10-08 12:11:00 INFO [HB] active    | src=SEED dayR=0.00R open=0 tradesToday=0 bars=361 | arms=trend 0/0.00, breakout 0/0.00
2025-10-08 12:11:01 INFO [HB] active    | src=SEED dayR=0.00R open=0 tradesToday=0 bars=361 | arms=trend 0/0.00, breakout 0/0.00
2025-10-08 12:11:01 INFO [HB] active    | src=SEED dayR=0.00R open=0 tradesToday=0 bars=361 | arms=trend 0/0.00, breakout 0/0.00
2025-10-08 12:11:02 INFO [HB] active    | src=SEED dayR=0.00R open=0 tradesToday=0 bars=361 | arms=trend 0/0.00, breakout 0/0.00
2025-10-08 12:11:02 INFO [HB] active    | src=SEED dayR=0.00R open=0 tradesToday=0 bars=361 | arms=trend 0/0.00, breakout 0/0.00
2025-10-08 12:11:03 INFO [HB] active    | src=SEED dayR=0.00R open=0 tradesToday=0 bars=361 | arms=trend 0/0.00, breakout 0/0.00
2025-10-08 12:11:03 INFO [HB] active    | src=SEED dayR=0.00R open=0 tradesToday=0 bars=361 | arms=trend 0/0.00, breakout 0/0.00
2025-10-08 12:11:04 INFO [HB] active    | src=SEED dayR=0.00R open=0 tradesToday=0 bars=361 | arms=trend 0/0.00, breakout 0/0.00
2025-10-08 12:11:04 INFO [HB] active    | src=SEED dayR=0.00R open=0 tradesToday=0 bars=361 | arms=trend 0/0.00, breakout 0/0.00
2025-10-08 12:11:05 INFO [HB] active    | src=SEED dayR=0.00R open=0 tradesToday=0 bars=361 | arms=trend 0/0.00, breakout 0/0.00
2025-10-08 12:11:05 INFO [HB] active    | src=SEED dayR=0.00R open=0 tradesToday=0 bars=361 | arms=trend 0/0.00, breakout 0/0.00
2025-10-08 12:11:06 INFO [HB] active    | src=SEED dayR=0.00R open=0 tradesToday=0 bars=361 | arms=trend 0/0.00, breakout 0/0.00
2025-10-08 12:11:06 INFO [HB] active    | src=SEED dayR=0.00R open=0 tradesToday=0 bars=361 | arms=trend 0/0.00, breakout 0/0.00
2025-10-08 12:11:07 INFO [HB] active    | src=SEED dayR=0.00R open=0 tradesToday=0 bars=361 | arms=trend 0/0.00, breakout 0/0.00
2025-10-08 12:11:07 INFO [HB] active    | src=SEED dayR=0.00R open=0 tradesToday=0 bars=361 | arms=trend 0/0.00, breakout 0/0.00
2025-10-08 12:11:08 INFO [HB] active    | src=SEED dayR=0.00R open=0 tradesToday=0 bars=361 | arms=trend 0/0.00, breakout 0/0.00
2025-10-08 12:11:08 INFO [HB] active    | src=SEED dayR=0.00R open=0 tradesToday=0 bars=361 | arms=trend 0/0.00, breakout 0/0.00
2025-10-08 12:11:09 INFO [HB] active    | src=SEED dayR=0.00R open=0 tradesToday=0 bars=361 | arms=trend 0/0.00, breakout 0/0.00
2025-10-08 12:11:09 INFO [HB] active    | src=SEED dayR=0.00R open=0 tradesToday=0 bars=361 | arms=trend 0/0.00, breakout 0/0.00
2025-10-08 12:11:10 INFO [HB] active    | src=SEED dayR=0.00R open=0 tradesToday=0 bars=361 | arms=trend 0/0.00, breakout 0/0.00
2025-10-08 12:11:10 INFO [HB] active    | src=SEED dayR=0.00R open=0 tradesToday=0 bars=361 | arms=trend 0/0.00, breakout 0/0.00
2025-10-08 12:11:11 INFO [HB] active    | src=SEED dayR=0.00R open=0 tradesToday=0 bars=361 | arms=trend 0/0.00, breakout 0/0.00
2025-10-08 12:11:11 INFO [HB] active    | src=SEED dayR=0.00R open=0 tradesToday=0 bars=361 | arms=trend 0/0.00, breakout 0/0.00
2025-10-08 12:11:12 INFO [HB] active    | src=SEED dayR=0.00R open=0 tradesToday=0 bars=361 | arms=trend 0/0.00, breakout 0/0.00
2025-10-08 12:11:12 INFO [HB] active    | src=SEED dayR=0.00R open=0 tradesToday=0 bars=361 | arms=trend 0/0.00, breakout 0/0.00
2025-10-08 12:11:13 INFO [HB] active    | src=SEED dayR=0.00R open=0 tradesToday=0 bars=361 | arms=trend 0/0.00, breakout 0/0.00
2025-10-08 12:11:13 INFO [HB] active    | src=SEED dayR=0.00R open=0 tradesToday=0 bars=361 | arms=trend 0/0.00, breakout 0/0.00
2025-10-08 12:11:14 INFO [HB] active    | src=SEED dayR=0.00R open=0 tradesToday=0 bars=361 | arms=trend 0/0.00, breakout 0/0.00
2025-10-08 12:11:14 INFO [HB] active    | src=SEED dayR=0.00R open=0 tradesToday=0 bars=361 | arms=trend 0/0.00, breakout 0/0.00
2025-10-08 12:11:15 INFO [HB] active    | src=SEED dayR=0.00R open=0 tradesToday=0 bars=361 | arms=trend 0/0.00, breakout 0/0.00
2025-10-08 12:11:15 INFO [HB] active    | src=SEED dayR=0.00R open=0 tradesToday=0 bars=361 | arms=trend 0/0.00, breakout 0/0.00
2025-10-08 12:11:16 INFO [HB] active    | src=SEED dayR=0.00R open=0 tradesToday=0 bars=361 | arms=trend 0/0.00, breakout 0/0.00
2025-10-08 12:11:16 INFO [HB] active    | src=SEED dayR=0.00R open=0 tradesToday=0 bars=361 | arms=trend 0/0.00, breakout 0/0.00
2025-10-08 12:11:17 INFO [HB] active    | src=SEED dayR=0.00R open=0 tradesToday=0 bars=361 | arms=trend 0/0.00, breakout 0/0.00
2025-10-08 12:11:17 INFO [HB] active    | src=SEED dayR=0.00R open=0 tradesToday=0 bars=361 | arms=trend 0/0.00, breakout 0/0.00
2025-10-08 12:11:18 INFO [HB] active    | src=SEED dayR=0.00R open=0 tradesToday=0 bars=361 | arms=trend 0/0.00, breakout 0/0.00
2025-10-08 12:11:18 INFO [HB] active    | src=SEED dayR=0.00R open=0 tradesToday=0 bars=361 | arms=trend 0/0.00, breakout 0/0.00
2025-10-08 12:11:19 INFO [HB] active    | src=SEED dayR=0.00R open=0 tradesToday=0 bars=361 | arms=trend 0/0.00, breakout 0/0.00
2025-10-08 12:11:19 INFO [HB] active    | src=SEED dayR=0.00R open=0 tradesToday=0 bars=361 | arms=trend 0/0.00, breakout 0/0.00
2025-10-08 12:11:20 INFO [HB] active    | src=SEED dayR=0.00R open=0 tradesToday=0 bars=361 | arms=trend 0/0.00, breakout 0/0.00
2025-10-08 12:11:20 INFO [HB] active    | src=SEED dayR=0.00R open=0 tradesToday=0 bars=361 | arms=trend 0/0.00, breakout 0/0.00
2025-10-08 12:11:21 INFO [HB] active    | src=SEED dayR=0.00R open=0 tradesToday=0 bars=361 | arms=trend 0/0.00, breakout 0/0.00
2025-10-08 12:11:21 INFO [HB] active    | src=SEED dayR=0.00R open=0 tradesToday=0 bars=361 | arms=trend 0/0.00, breakout 0/0.00
2025-10-08 12:11:22 INFO [HB] active    | src=SEED dayR=0.00R open=0 tradesToday=0 bars=361 | arms=trend 0/0.00, breakout 0/0.00
2025-10-08 12:11:22 INFO [HB] active    | src=SEED dayR=0.00R open=0 tradesToday=0 bars=361 | arms=trend 0/0.00, breakout 0/0.00
2025-10-08 12:11:23 INFO [HB] active    | src=SEED dayR=0.00R open=0 tradesToday=0 bars=361 | arms=trend 0/0.00, breakout 0/0.00
2025-10-08 12:11:23 INFO [HB] active    | src=SEED dayR=0.00R open=0 tradesToday=0 bars=361 | arms=trend 0/0.00, breakout 0/0.00
2025-10-08 12:11:24 INFO [HB] active    | src=SEED dayR=0.00R open=0 tradesToday=0 bars=361 | arms=trend 0/0.00, breakout 0/0.00
2025-10-08 12:11:24 INFO [HB] active    | src=SEED dayR=0.00R open=0 tradesToday=0 bars=361 | arms=trend 0/0.00, breakout 0/0.00
2025-10-08 12:11:25 INFO [HB] active    | src=SEED dayR=0.00R open=0 tradesToday=0 bars=361 | arms=trend 0/0.00, breakout 0/0.00
2025-10-08 12:11:25 INFO [HB] active    | src=SEED dayR=0.00R open=0 tradesToday=0 bars=361 | arms=trend 0/0.00, breakout 0/0.00
2025-10-08 12:11:26 INFO [HB] active    | src=SEED dayR=0.00R open=0 tradesToday=0 bars=361 | arms=trend 0/0.00, breakout 0/0.00
2025-10-08 12:11:26 INFO [HB] active    | src=SEED dayR=0.00R open=0 tradesToday=0 bars=361 | arms=trend 0/0.00, breakout 0/0.00
2025-10-08 12:11:27 INFO [HB] active    | src=SEED dayR=0.00R open=0 tradesToday=0 bars=361 | arms=trend 0/0.00, breakout 0/0.00
2025-10-08 12:11:27 INFO [HB] active    | src=SEED dayR=0.00R open=0 tradesToday=0 bars=361 | arms=trend 0/0.00, breakout 0/0.00
2025-10-08 12:11:28 INFO [HB] active    | src=SEED dayR=0.00R open=0 tradesToday=0 bars=361 | arms=trend 0/0.00, breakout 0/0.00
[2025-10-08 12:11:31] [WD] hb uptime=140s restarts=0 child_alive=True
[2025-10-08 12:11:36] [WD] hb uptime=145s restarts=0 child_alive=True
[2025-10-08 12:11:41] [WD] hb uptime=150s restarts=0 child_alive=True
[2025-10-08 12:11:46] [WD] hb uptime=155s restarts=0 child_alive=True
[2025-10-08 12:11:51] [WD] hb uptime=160s restarts=0 child_alive=True
[2025-10-08 12:11:56] [WD] hb uptime=165s restarts=0 child_alive=True
2025-10-08 12:11:28 INFO [HB] active    | src=SEED dayR=0.00R open=0 tradesToday=0 bars=361 | arms=trend 0/0.00, breakout 0/0.00
2025-10-08 12:11:29 INFO [HB] active    | src=SEED dayR=0.00R open=0 tradesToday=0 bars=361 | arms=trend 0/0.00, breakout 0/0.00
2025-10-08 12:11:29 INFO [HB] active    | src=SEED dayR=0.00R open=0 tradesToday=0 bars=361 | arms=trend 0/0.00, breakout 0/0.00
2025-10-08 12:11:30 INFO [HB] active    | src=SEED dayR=0.00R open=0 tradesToday=0 bars=361 | arms=trend 0/0.00, breakout 0/0.00
2025-10-08 12:11:30 INFO [HB] active    | src=SEED dayR=0.00R open=0 tradesToday=0 bars=361 | arms=trend 0/0.00, breakout 0/0.00
2025-10-08 12:11:31 INFO [HB] active    | src=SEED dayR=0.00R open=0 tradesToday=0 bars=361 | arms=trend 0/0.00, breakout 0/0.00
2025-10-08 12:11:32 INFO [HB] active    | src=SEED dayR=0.00R open=0 tradesToday=0 bars=361 | arms=trend 0/0.00, breakout 0/0.00
2025-10-08 12:11:32 INFO [HB] active    | src=SEED dayR=0.00R open=0 tradesToday=0 bars=361 | arms=trend 0/0.00, breakout 0/0.00
2025-10-08 12:11:33 INFO [HB] active    | src=SEED dayR=0.00R open=0 tradesToday=0 bars=361 | arms=trend 0/0.00, breakout 0/0.00
2025-10-08 12:11:33 INFO [HB] active    | src=SEED dayR=0.00R open=0 tradesToday=0 bars=361 | arms=trend 0/0.00, breakout 0/0.00
2025-10-08 12:11:34 INFO [HB] active    | src=SEED dayR=0.00R open=0 tradesToday=0 bars=361 | arms=trend 0/0.00, breakout 0/0.00
2025-10-08 12:11:34 INFO [HB] active    | src=SEED dayR=0.00R open=0 tradesToday=0 bars=361 | arms=trend 0/0.00, breakout 0/0.00
2025-10-08 12:11:35 INFO [HB] active    | src=SEED dayR=0.00R open=0 tradesToday=0 bars=361 | arms=trend 0/0.00, breakout 0/0.00
2025-10-08 12:11:35 INFO [HB] active    | src=SEED dayR=0.00R open=0 tradesToday=0 bars=361 | arms=trend 0/0.00, breakout 0/0.00
2025-10-08 12:11:36 INFO [HB] active    | src=SEED dayR=0.00R open=0 tradesToday=0 bars=361 | arms=trend 0/0.00, breakout 0/0.00
2025-10-08 12:11:36 INFO [HB] active    | src=SEED dayR=0.00R open=0 tradesToday=0 bars=361 | arms=trend 0/0.00, breakout 0/0.00
2025-10-08 12:11:37 INFO [HB] active    | src=SEED dayR=0.00R open=0 tradesToday=0 bars=361 | arms=trend 0/0.00, breakout 0/0.00
2025-10-08 12:11:37 INFO [HB] active    | src=SEED dayR=0.00R open=0 tradesToday=0 bars=361 | arms=trend 0/0.00, breakout 0/0.00
2025-10-08 12:11:38 INFO [HB] active    | src=SEED dayR=0.00R open=0 tradesToday=0 bars=361 | arms=trend 0/0.00, breakout 0/0.00
2025-10-08 12:11:38 INFO [HB] active    | src=SEED dayR=0.00R open=0 tradesToday=0 bars=361 | arms=trend 0/0.00, breakout 0/0.00
2025-10-08 12:11:39 INFO [HB] active    | src=SEED dayR=0.00R open=0 tradesToday=0 bars=361 | arms=trend 0/0.00, breakout 0/0.00
2025-10-08 12:11:39 INFO [HB] active    | src=SEED dayR=0.00R open=0 tradesToday=0 bars=361 | arms=trend 0/0.00, breakout 0/0.00
2025-10-08 12:11:40 INFO [HB] active    | src=SEED dayR=0.00R open=0 tradesToday=0 bars=361 | arms=trend 0/0.00, breakout 0/0.00
2025-10-08 12:11:40 INFO [HB] active    | src=SEED dayR=0.00R open=0 tradesToday=0 bars=361 | arms=trend 0/0.00, breakout 0/0.00
2025-10-08 12:11:41 INFO [HB] active    | src=SEED dayR=0.00R open=0 tradesToday=0 bars=361 | arms=trend 0/0.00, breakout 0/0.00
2025-10-08 12:11:41 INFO [HB] active    | src=SEED dayR=0.00R open=0 tradesToday=0 bars=361 | arms=trend 0/0.00, breakout 0/0.00
2025-10-08 12:11:42 INFO [HB] active    | src=SEED dayR=0.00R open=0 tradesToday=0 bars=361 | arms=trend 0/0.00, breakout 0/0.00
2025-10-08 12:11:42 INFO [HB] active    | src=SEED dayR=0.00R open=0 tradesToday=0 bars=361 | arms=trend 0/0.00, breakout 0/0.00
2025-10-08 12:11:43 INFO [HB] active    | src=SEED dayR=0.00R open=0 tradesToday=0 bars=361 | arms=trend 0/0.00, breakout 0/0.00
2025-10-08 12:11:43 INFO [HB] active    | src=SEED dayR=0.00R open=0 tradesToday=0 bars=361 | arms=trend 0/0.00, breakout 0/0.00
2025-10-08 12:11:44 INFO [HB] active    | src=SEED dayR=0.00R open=0 tradesToday=0 bars=361 | arms=trend 0/0.00, breakout 0/0.00
2025-10-08 12:11:44 INFO [HB] active    | src=SEED dayR=0.00R open=0 tradesToday=0 bars=361 | arms=trend 0/0.00, breakout 0/0.00
2025-10-08 12:11:45 INFO [HB] active    | src=SEED dayR=0.00R open=0 tradesToday=0 bars=361 | arms=trend 0/0.00, breakout 0/0.00
2025-10-08 12:11:45 INFO [HB] active    | src=SEED dayR=0.00R open=0 tradesToday=0 bars=361 | arms=trend 0/0.00, breakout 0/0.00
2025-10-08 12:11:46 INFO [HB] active    | src=SEED dayR=0.00R open=0 tradesToday=0 bars=361 | arms=trend 0/0.00, breakout 0/0.00
2025-10-08 12:11:46 INFO [HB] active    | src=SEED dayR=0.00R open=0 tradesToday=0 bars=361 | arms=trend 0/0.00, breakout 0/0.00
2025-10-08 12:11:47 INFO [HB] active    | src=SEED dayR=0.00R open=0 tradesToday=0 bars=361 | arms=trend 0/0.00, breakout 0/0.00
2025-10-08 12:11:47 INFO [HB] active    | src=SEED dayR=0.00R open=0 tradesToday=0 bars=361 | arms=trend 0/0.00, breakout 0/0.00
2025-10-08 12:11:48 INFO [HB] active    | src=SEED dayR=0.00R open=0 tradesToday=0 bars=361 | arms=trend 0/0.00, breakout 0/0.00
2025-10-08 12:11:48 INFO [HB] active    | src=SEED dayR=0.00R open=0 tradesToday=0 bars=361 | arms=trend 0/0.00, breakout 0/0.00
2025-10-08 12:11:49 INFO [HB] active    | src=SEED dayR=0.00R open=0 tradesToday=0 bars=361 | arms=trend 0/0.00, breakout 0/0.00
2025-10-08 12:11:49 INFO [HB] active    | src=SEED dayR=0.00R open=0 tradesToday=0 bars=361 | arms=trend 0/0.00, breakout 0/0.00
2025-10-08 12:11:50 INFO [HB] active    | src=SEED dayR=0.00R open=0 tradesToday=0 bars=361 | arms=trend 0/0.00, breakout 0/0.00
2025-10-08 12:11:50 INFO [HB] active    | src=SEED dayR=0.00R open=0 tradesToday=0 bars=361 | arms=trend 0/0.00, breakout 0/0.00
2025-10-08 12:11:51 INFO [HB] active    | src=SEED dayR=0.00R open=0 tradesToday=0 bars=361 | arms=trend 0/0.00, breakout 0/0.00
2025-10-08 12:11:51 INFO [HB] active    | src=SEED dayR=0.00R open=0 tradesToday=0 bars=361 | arms=trend 0/0.00, breakout 0/0.00
2025-10-08 12:11:52 INFO [HB] active    | src=SEED dayR=0.00R open=0 tradesToday=0 bars=361 | arms=trend 0/0.00, breakout 0/0.00
2025-10-08 12:11:52 INFO [HB] active    | src=SEED dayR=0.00R open=0 tradesToday=0 bars=361 | arms=trend 0/0.00, breakout 0/0.00
2025-10-08 12:11:53 INFO [HB] active    | src=SEED dayR=0.00R open=0 tradesToday=0 bars=361 | arms=trend 0/0.00, breakout 0/0.00
2025-10-08 12:11:53 INFO [HB] active    | src=SEED dayR=0.00R open=0 tradesToday=0 bars=361 | arms=trend 0/0.00, breakout 0/0.00
2025-10-08 12:11:54 INFO [HB] active    | src=SEED dayR=0.00R open=0 tradesToday=0 bars=361 | arms=trend 0/0.00, breakout 0/0.00
2025-10-08 12:11:54 INFO [HB] active    | src=SEED dayR=0.00R open=0 tradesToday=0 bars=361 | arms=trend 0/0.00, breakout 0/0.00
2025-10-08 12:11:55 INFO [HB] active    | src=SEED dayR=0.00R open=0 tradesToday=0 bars=361 | arms=trend 0/0.00, breakout 0/0.00
2025-10-08 12:11:55 INFO [HB] active    | src=SEED dayR=0.00R open=0 tradesToday=0 bars=361 | arms=trend 0/0.00, breakout 0/0.00
2025-10-08 12:11:56 INFO [HB] active    | src=SEED dayR=0.00R open=0 tradesToday=0 bars=361 | arms=trend 0/0.00, breakout 0/0.00
2025-10-08 12:11:56 INFO [HB] active    | src=SEED dayR=0.00R open=0 tradesToday=0 bars=361 | arms=trend 0/0.00, breakout 0/0.00
2025-10-08 12:11:57 INFO [HB] active    | src=SEED dayR=0.00R open=0 tradesToday=0 bars=361 | arms=trend 0/0.00, breakout 0/0.00
2025-10-08 12:11:57 INFO [HB] active    | src=SEED dayR=0.00R open=0 tradesToday=0 bars=361 | arms=trend 0/0.00, breakout 0/0.00
2025-10-08 12:11:58 INFO [HB] active    | src=SEED dayR=0.00R open=0 tradesToday=0 bars=361 | arms=trend 0/0.00, breakout 0/0.00
2025-10-08 12:11:58 INFO [HB] active    | src=SEED dayR=0.00R open=0 tradesToday=0 bars=361 | arms=trend 0/0.00, breakout 0/0.00
2025-10-08 12:11:59 INFO [HB] active    | src=SEED dayR=0.00R open=0 tradesToday=0 bars=361 | arms=trend 0/0.00, breakout 0/0.00
2025-10-08 12:11:59 INFO [HB] active    | src=SEED dayR=0.00R open=0 tradesToday=0 bars=361 | arms=trend 0/0.00, breakout 0/0.00
2025-10-08 12:12:00 INFO [HB] active    | src=SEED dayR=0.00R open=0 tradesToday=0 bars=361 | arms=trend 0/0.00, breakout 0/0.00
2025-10-08 12:12:00 INFO [HB] active    | src=SEED dayR=0.00R open=0 tradesToday=0 bars=361 | arms=trend 0/0.00, breakout 0/0.00
[2025-10-08 12:12:01] [WD] hb uptime=170s restarts=0 child_alive=True
[2025-10-08 12:12:06] [WD] hb uptime=175s restarts=0 child_alive=True
[2025-10-08 12:12:11] [WD] hb uptime=180s restarts=0 child_alive=True
[2025-10-08 12:12:16] [WD] hb uptime=185s restarts=0 child_alive=True
[2025-10-08 12:12:21] [WD] hb uptime=190s restarts=0 child_alive=True
[2025-10-08 12:12:26] [WD] hb uptime=195s restarts=0 child_alive=True
[2025-10-08 12:12:31] [WD] hb uptime=200s restarts=0 child_alive=True
2025-10-08 12:12:01 INFO [HB] active    | src=SEED dayR=0.00R open=0 tradesToday=0 bars=361 | arms=trend 0/0.00, breakout 0/0.00
2025-10-08 12:12:01 INFO [HB] active    | src=SEED dayR=0.00R open=0 tradesToday=0 bars=361 | arms=trend 0/0.00, breakout 0/0.00
2025-10-08 12:12:02 INFO [HB] active    | src=SEED dayR=0.00R open=0 tradesToday=0 bars=361 | arms=trend 0/0.00, breakout 0/0.00
2025-10-08 12:12:02 INFO [HB] active    | src=SEED dayR=0.00R open=0 tradesToday=0 bars=361 | arms=trend 0/0.00, breakout 0/0.00
2025-10-08 12:12:03 INFO [HB] active    | src=SEED dayR=0.00R open=0 tradesToday=0 bars=361 | arms=trend 0/0.00, breakout 0/0.00
2025-10-08 12:12:03 INFO [HB] active    | src=SEED dayR=0.00R open=0 tradesToday=0 bars=361 | arms=trend 0/0.00, breakout 0/0.00
2025-10-08 12:12:04 INFO [HB] active    | src=SEED dayR=0.00R open=0 tradesToday=0 bars=361 | arms=trend 0/0.00, breakout 0/0.00
2025-10-08 12:12:04 INFO [HB] active    | src=SEED dayR=0.00R open=0 tradesToday=0 bars=361 | arms=trend 0/0.00, breakout 0/0.00
2025-10-08 12:12:05 INFO [HB] active    | src=SEED dayR=0.00R open=0 tradesToday=0 bars=361 | arms=trend 0/0.00, breakout 0/0.00
2025-10-08 12:12:05 INFO [HB] active    | src=SEED dayR=0.00R open=0 tradesToday=0 bars=361 | arms=trend 0/0.00, breakout 0/0.00
2025-10-08 12:12:06 INFO [HB] active    | src=SEED dayR=0.00R open=0 tradesToday=0 bars=361 | arms=trend 0/0.00, breakout 0/0.00
2025-10-08 12:12:06 INFO [HB] active    | src=SEED dayR=0.00R open=0 tradesToday=0 bars=361 | arms=trend 0/0.00, breakout 0/0.00
2025-10-08 12:12:07 INFO [HB] active    | src=SEED dayR=0.00R open=0 tradesToday=0 bars=361 | arms=trend 0/0.00, breakout 0/0.00
2025-10-08 12:12:07 INFO [HB] active    | src=SEED dayR=0.00R open=0 tradesToday=0 bars=361 | arms=trend 0/0.00, breakout 0/0.00
2025-10-08 12:12:08 INFO [HB] active    | src=SEED dayR=0.00R open=0 tradesToday=0 bars=361 | arms=trend 0/0.00, breakout 0/0.00
2025-10-08 12:12:08 INFO [HB] active    | src=SEED dayR=0.00R open=0 tradesToday=0 bars=361 | arms=trend 0/0.00, breakout 0/0.00
2025-10-08 12:12:09 INFO [HB] active    | src=SEED dayR=0.00R open=0 tradesToday=0 bars=361 | arms=trend 0/0.00, breakout 0/0.00
2025-10-08 12:12:09 INFO [HB] active    | src=SEED dayR=0.00R open=0 tradesToday=0 bars=361 | arms=trend 0/0.00, breakout 0/0.00
2025-10-08 12:12:10 INFO [HB] active    | src=SEED dayR=0.00R open=0 tradesToday=0 bars=361 | arms=trend 0/0.00, breakout 0/0.00
2025-10-08 12:12:10 INFO [HB] active    | src=SEED dayR=0.00R open=0 tradesToday=0 bars=361 | arms=trend 0/0.00, breakout 0/0.00
2025-10-08 12:12:11 INFO [HB] active    | src=SEED dayR=0.00R open=0 tradesToday=0 bars=361 | arms=trend 0/0.00, breakout 0/0.00
2025-10-08 12:12:11 INFO [HB] active    | src=SEED dayR=0.00R open=0 tradesToday=0 bars=361 | arms=trend 0/0.00, breakout 0/0.00
2025-10-08 12:12:12 INFO [HB] active    | src=SEED dayR=0.00R open=0 tradesToday=0 bars=361 | arms=trend 0/0.00, breakout 0/0.00
2025-10-08 12:12:12 INFO [HB] active    | src=SEED dayR=0.00R open=0 tradesToday=0 bars=361 | arms=trend 0/0.00, breakout 0/0.00
2025-10-08 12:12:13 INFO [HB] active    | src=SEED dayR=0.00R open=0 tradesToday=0 bars=361 | arms=trend 0/0.00, breakout 0/0.00
2025-10-08 12:12:13 INFO [HB] active    | src=SEED dayR=0.00R open=0 tradesToday=0 bars=361 | arms=trend 0/0.00, breakout 0/0.00
2025-10-08 12:12:14 INFO [HB] active    | src=SEED dayR=0.00R open=0 tradesToday=0 bars=361 | arms=trend 0/0.00, breakout 0/0.00
2025-10-08 12:12:14 INFO [HB] active    | src=SEED dayR=0.00R open=0 tradesToday=0 bars=361 | arms=trend 0/0.00, breakout 0/0.00
2025-10-08 12:12:15 INFO [HB] active    | src=SEED dayR=0.00R open=0 tradesToday=0 bars=361 | arms=trend 0/0.00, breakout 0/0.00
2025-10-08 12:12:15 INFO [HB] active    | src=SEED dayR=0.00R open=0 tradesToday=0 bars=361 | arms=trend 0/0.00, breakout 0/0.00
2025-10-08 12:12:16 INFO [HB] active    | src=SEED dayR=0.00R open=0 tradesToday=0 bars=361 | arms=trend 0/0.00, breakout 0/0.00
2025-10-08 12:12:16 INFO [HB] active    | src=SEED dayR=0.00R open=0 tradesToday=0 bars=361 | arms=trend 0/0.00, breakout 0/0.00
2025-10-08 12:12:17 INFO [HB] active    | src=SEED dayR=0.00R open=0 tradesToday=0 bars=361 | arms=trend 0/0.00, breakout 0/0.00
2025-10-08 12:12:17 INFO [HB] active    | src=SEED dayR=0.00R open=0 tradesToday=0 bars=361 | arms=trend 0/0.00, breakout 0/0.00
2025-10-08 12:12:18 INFO [HB] active    | src=SEED dayR=0.00R open=0 tradesToday=0 bars=361 | arms=trend 0/0.00, breakout 0/0.00
2025-10-08 12:12:18 INFO [HB] active    | src=SEED dayR=0.00R open=0 tradesToday=0 bars=361 | arms=trend 0/0.00, breakout 0/0.00
2025-10-08 12:12:19 INFO [HB] active    | src=SEED dayR=0.00R open=0 tradesToday=0 bars=361 | arms=trend 0/0.00, breakout 0/0.00
2025-10-08 12:12:19 INFO [HB] active    | src=SEED dayR=0.00R open=0 tradesToday=0 bars=361 | arms=trend 0/0.00, breakout 0/0.00
2025-10-08 12:12:20 INFO [HB] active    | src=SEED dayR=0.00R open=0 tradesToday=0 bars=361 | arms=trend 0/0.00, breakout 0/0.00
2025-10-08 12:12:20 INFO [HB] active    | src=SEED dayR=0.00R open=0 tradesToday=0 bars=361 | arms=trend 0/0.00, breakout 0/0.00
2025-10-08 12:12:21 INFO [HB] active    | src=SEED dayR=0.00R open=0 tradesToday=0 bars=361 | arms=trend 0/0.00, breakout 0/0.00
2025-10-08 12:12:21 INFO [HB] active    | src=SEED dayR=0.00R open=0 tradesToday=0 bars=361 | arms=trend 0/0.00, breakout 0/0.00
2025-10-08 12:12:22 INFO [HB] active    | src=SEED dayR=0.00R open=0 tradesToday=0 bars=361 | arms=trend 0/0.00, breakout 0/0.00
2025-10-08 12:12:22 INFO [HB] active    | src=SEED dayR=0.00R open=0 tradesToday=0 bars=361 | arms=trend 0/0.00, breakout 0/0.00
2025-10-08 12:12:23 INFO [HB] active    | src=SEED dayR=0.00R open=0 tradesToday=0 bars=361 | arms=trend 0/0.00, breakout 0/0.00
2025-10-08 12:12:23 INFO [HB] active    | src=SEED dayR=0.00R open=0 tradesToday=0 bars=361 | arms=trend 0/0.00, breakout 0/0.00
2025-10-08 12:12:24 INFO [HB] active    | src=SEED dayR=0.00R open=0 tradesToday=0 bars=361 | arms=trend 0/0.00, breakout 0/0.00
2025-10-08 12:12:24 INFO [HB] active    | src=SEED dayR=0.00R open=0 tradesToday=0 bars=361 | arms=trend 0/0.00, breakout 0/0.00
2025-10-08 12:12:25 INFO [HB] active    | src=SEED dayR=0.00R open=0 tradesToday=0 bars=361 | arms=trend 0/0.00, breakout 0/0.00
2025-10-08 12:12:25 INFO [HB] active    | src=SEED dayR=0.00R open=0 tradesToday=0 bars=361 | arms=trend 0/0.00, breakout 0/0.00
2025-10-08 12:12:26 INFO [HB] active    | src=SEED dayR=0.00R open=0 tradesToday=0 bars=361 | arms=trend 0/0.00, breakout 0/0.00
2025-10-08 12:12:26 INFO [HB] active    | src=SEED dayR=0.00R open=0 tradesToday=0 bars=361 | arms=trend 0/0.00, breakout 0/0.00
2025-10-08 12:12:27 INFO [HB] active    | src=SEED dayR=0.00R open=0 tradesToday=0 bars=361 | arms=trend 0/0.00, breakout 0/0.00
2025-10-08 12:12:27 INFO [HB] active    | src=SEED dayR=0.00R open=0 tradesToday=0 bars=361 | arms=trend 0/0.00, breakout 0/0.00
2025-10-08 12:12:28 INFO [HB] active    | src=SEED dayR=0.00R open=0 tradesToday=0 bars=361 | arms=trend 0/0.00, breakout 0/0.00
2025-10-08 12:12:28 INFO [HB] active    | src=SEED dayR=0.00R open=0 tradesToday=0 bars=361 | arms=trend 0/0.00, breakout 0/0.00
2025-10-08 12:12:29 INFO [HB] active    | src=SEED dayR=0.00R open=0 tradesToday=0 bars=361 | arms=trend 0/0.00, breakout 0/0.00
2025-10-08 12:12:29 INFO [HB] active    | src=SEED dayR=0.00R open=0 tradesToday=0 bars=361 | arms=trend 0/0.00, breakout 0/0.00
2025-10-08 12:12:30 INFO [HB] active    | src=SEED dayR=0.00R open=0 tradesToday=0 bars=361 | arms=trend 0/0.00, breakout 0/0.00
2025-10-08 12:12:30 INFO [HB] active    | src=SEED dayR=0.00R open=0 tradesToday=0 bars=361 | arms=trend 0/0.00, breakout 0/0.00
2025-10-08 12:12:31 INFO [HB] active    | src=SEED dayR=0.00R open=0 tradesToday=0 bars=361 | arms=trend 0/0.00, breakout 0/0.00
2025-10-08 12:12:31 INFO [HB] active    | src=SEED dayR=0.00R open=0 tradesToday=0 bars=361 | arms=trend 0/0.00, breakout 0/0.00
2025-10-08 12:12:32 INFO [HB] active    | src=SEED dayR=0.00R open=0 tradesToday=0 bars=361 | arms=trend 0/0.00, breakout 0/0.00
2025-10-08 12:12:32 INFO [HB] active    | src=SEED dayR=0.00R open=0 tradesToday=0 bars=361 | arms=trend 0/0.00, breakout 0/0.00
[2025-10-08 12:12:36] [WD] hb uptime=205s restarts=0 child_alive=True
[2025-10-08 12:12:41] [WD] hb uptime=210s restarts=0 child_alive=True
[2025-10-08 12:12:46] [WD] hb uptime=215s restarts=0 child_alive=True
[2025-10-08 12:12:51] [WD] hb uptime=220s restarts=0 child_alive=True
[2025-10-08 12:12:56] [WD] hb uptime=225s restarts=0 child_alive=True
[2025-10-08 12:13:01] [WD] hb uptime=230s restarts=0 child_alive=True
2025-10-08 12:12:33 INFO [HB] active    | src=SEED dayR=0.00R open=0 tradesToday=0 bars=361 | arms=trend 0/0.00, breakout 0/0.00
2025-10-08 12:12:33 INFO [HB] active    | src=SEED dayR=0.00R open=0 tradesToday=0 bars=361 | arms=trend 0/0.00, breakout 0/0.00
2025-10-08 12:12:34 INFO [HB] active    | src=SEED dayR=0.00R open=0 tradesToday=0 bars=361 | arms=trend 0/0.00, breakout 0/0.00
2025-10-08 12:12:34 INFO [HB] active    | src=SEED dayR=0.00R open=0 tradesToday=0 bars=361 | arms=trend 0/0.00, breakout 0/0.00
2025-10-08 12:12:35 INFO [HB] active    | src=SEED dayR=0.00R open=0 tradesToday=0 bars=361 | arms=trend 0/0.00, breakout 0/0.00
2025-10-08 12:12:35 INFO [HB] active    | src=SEED dayR=0.00R open=0 tradesToday=0 bars=361 | arms=trend 0/0.00, breakout 0/0.00
2025-10-08 12:12:36 INFO [HB] active    | src=SEED dayR=0.00R open=0 tradesToday=0 bars=361 | arms=trend 0/0.00, breakout 0/0.00
2025-10-08 12:12:36 INFO [HB] active    | src=SEED dayR=0.00R open=0 tradesToday=0 bars=361 | arms=trend 0/0.00, breakout 0/0.00
2025-10-08 12:12:37 INFO [HB] active    | src=SEED dayR=0.00R open=0 tradesToday=0 bars=361 | arms=trend 0/0.00, breakout 0/0.00
2025-10-08 12:12:37 INFO [HB] active    | src=SEED dayR=0.00R open=0 tradesToday=0 bars=361 | arms=trend 0/0.00, breakout 0/0.00
2025-10-08 12:12:38 INFO [HB] active    | src=SEED dayR=0.00R open=0 tradesToday=0 bars=361 | arms=trend 0/0.00, breakout 0/0.00
2025-10-08 12:12:38 INFO [HB] active    | src=SEED dayR=0.00R open=0 tradesToday=0 bars=361 | arms=trend 0/0.00, breakout 0/0.00
2025-10-08 12:12:39 INFO [HB] active    | src=SEED dayR=0.00R open=0 tradesToday=0 bars=361 | arms=trend 0/0.00, breakout 0/0.00
2025-10-08 12:12:39 INFO [HB] active    | src=SEED dayR=0.00R open=0 tradesToday=0 bars=361 | arms=trend 0/0.00, breakout 0/0.00
2025-10-08 12:12:40 INFO [HB] active    | src=SEED dayR=0.00R open=0 tradesToday=0 bars=361 | arms=trend 0/0.00, breakout 0/0.00
2025-10-08 12:12:40 INFO [HB] active    | src=SEED dayR=0.00R open=0 tradesToday=0 bars=361 | arms=trend 0/0.00, breakout 0/0.00
2025-10-08 12:12:41 INFO [HB] active    | src=SEED dayR=0.00R open=0 tradesToday=0 bars=361 | arms=trend 0/0.00, breakout 0/0.00
2025-10-08 12:12:41 INFO [HB] active    | src=SEED dayR=0.00R open=0 tradesToday=0 bars=361 | arms=trend 0/0.00, breakout 0/0.00
2025-10-08 12:12:42 INFO [HB] active    | src=SEED dayR=0.00R open=0 tradesToday=0 bars=361 | arms=trend 0/0.00, breakout 0/0.00
2025-10-08 12:12:42 INFO [HB] active    | src=SEED dayR=0.00R open=0 tradesToday=0 bars=361 | arms=trend 0/0.00, breakout 0/0.00
2025-10-08 12:12:43 INFO [HB] active    | src=SEED dayR=0.00R open=0 tradesToday=0 bars=361 | arms=trend 0/0.00, breakout 0/0.00
2025-10-08 12:12:43 INFO [HB] active    | src=SEED dayR=0.00R open=0 tradesToday=0 bars=361 | arms=trend 0/0.00, breakout 0/0.00
2025-10-08 12:12:44 INFO [HB] active    | src=SEED dayR=0.00R open=0 tradesToday=0 bars=361 | arms=trend 0/0.00, breakout 0/0.00
2025-10-08 12:12:44 INFO [HB] active    | src=SEED dayR=0.00R open=0 tradesToday=0 bars=361 | arms=trend 0/0.00, breakout 0/0.00
2025-10-08 12:12:45 INFO [HB] active    | src=SEED dayR=0.00R open=0 tradesToday=0 bars=361 | arms=trend 0/0.00, breakout 0/0.00
2025-10-08 12:12:45 INFO [HB] active    | src=SEED dayR=0.00R open=0 tradesToday=0 bars=361 | arms=trend 0/0.00, breakout 0/0.00
2025-10-08 12:12:46 INFO [HB] active    | src=SEED dayR=0.00R open=0 tradesToday=0 bars=361 | arms=trend 0/0.00, breakout 0/0.00
2025-10-08 12:12:46 INFO [HB] active    | src=SEED dayR=0.00R open=0 tradesToday=0 bars=361 | arms=trend 0/0.00, breakout 0/0.00
2025-10-08 12:12:47 INFO [HB] active    | src=SEED dayR=0.00R open=0 tradesToday=0 bars=361 | arms=trend 0/0.00, breakout 0/0.00
2025-10-08 12:12:47 INFO [HB] active    | src=SEED dayR=0.00R open=0 tradesToday=0 bars=361 | arms=trend 0/0.00, breakout 0/0.00
2025-10-08 12:12:48 INFO [HB] active    | src=SEED dayR=0.00R open=0 tradesToday=0 bars=361 | arms=trend 0/0.00, breakout 0/0.00
2025-10-08 12:12:48 INFO [HB] active    | src=SEED dayR=0.00R open=0 tradesToday=0 bars=361 | arms=trend 0/0.00, breakout 0/0.00
2025-10-08 12:12:49 INFO [HB] active    | src=SEED dayR=0.00R open=0 tradesToday=0 bars=361 | arms=trend 0/0.00, breakout 0/0.00
2025-10-08 12:12:49 INFO [HB] active    | src=SEED dayR=0.00R open=0 tradesToday=0 bars=361 | arms=trend 0/0.00, breakout 0/0.00
2025-10-08 12:12:50 INFO [HB] active    | src=SEED dayR=0.00R open=0 tradesToday=0 bars=361 | arms=trend 0/0.00, breakout 0/0.00
2025-10-08 12:12:50 INFO [HB] active    | src=SEED dayR=0.00R open=0 tradesToday=0 bars=361 | arms=trend 0/0.00, breakout 0/0.00
2025-10-08 12:12:51 INFO [HB] active    | src=SEED dayR=0.00R open=0 tradesToday=0 bars=361 | arms=trend 0/0.00, breakout 0/0.00
2025-10-08 12:12:51 INFO [HB] active    | src=SEED dayR=0.00R open=0 tradesToday=0 bars=361 | arms=trend 0/0.00, breakout 0/0.00
2025-10-08 12:12:52 INFO [HB] active    | src=SEED dayR=0.00R open=0 tradesToday=0 bars=361 | arms=trend 0/0.00, breakout 0/0.00
2025-10-08 12:12:52 INFO [HB] active    | src=SEED dayR=0.00R open=0 tradesToday=0 bars=361 | arms=trend 0/0.00, breakout 0/0.00
2025-10-08 12:12:53 INFO [HB] active    | src=SEED dayR=0.00R open=0 tradesToday=0 bars=361 | arms=trend 0/0.00, breakout 0/0.00
2025-10-08 12:12:53 INFO [HB] active    | src=SEED dayR=0.00R open=0 tradesToday=0 bars=361 | arms=trend 0/0.00, breakout 0/0.00
2025-10-08 12:12:54 INFO [HB] active    | src=SEED dayR=0.00R open=0 tradesToday=0 bars=361 | arms=trend 0/0.00, breakout 0/0.00
2025-10-08 12:12:54 INFO [HB] active    | src=SEED dayR=0.00R open=0 tradesToday=0 bars=361 | arms=trend 0/0.00, breakout 0/0.00
2025-10-08 12:12:55 INFO [HB] active    | src=SEED dayR=0.00R open=0 tradesToday=0 bars=361 | arms=trend 0/0.00, breakout 0/0.00
2025-10-08 12:12:55 INFO [HB] active    | src=SEED dayR=0.00R open=0 tradesToday=0 bars=361 | arms=trend 0/0.00, breakout 0/0.00
2025-10-08 12:12:56 INFO [HB] active    | src=SEED dayR=0.00R open=0 tradesToday=0 bars=361 | arms=trend 0/0.00, breakout 0/0.00
2025-10-08 12:12:56 INFO [HB] active    | src=SEED dayR=0.00R open=0 tradesToday=0 bars=361 | arms=trend 0/0.00, breakout 0/0.00
2025-10-08 12:12:57 INFO [HB] active    | src=SEED dayR=0.00R open=0 tradesToday=0 bars=361 | arms=trend 0/0.00, breakout 0/0.00
2025-10-08 12:12:57 INFO [HB] active    | src=SEED dayR=0.00R open=0 tradesToday=0 bars=361 | arms=trend 0/0.00, breakout 0/0.00
2025-10-08 12:12:58 INFO [HB] active    | src=SEED dayR=0.00R open=0 tradesToday=0 bars=361 | arms=trend 0/0.00, breakout 0/0.00
2025-10-08 12:12:58 INFO [HB] active    | src=SEED dayR=0.00R open=0 tradesToday=0 bars=361 | arms=trend 0/0.00, breakout 0/0.00
2025-10-08 12:12:59 INFO [HB] active    | src=SEED dayR=0.00R open=0 tradesToday=0 bars=361 | arms=trend 0/0.00, breakout 0/0.00
2025-10-08 12:12:59 INFO [HB] active    | src=SEED dayR=0.00R open=0 tradesToday=0 bars=361 | arms=trend 0/0.00, breakout 0/0.00
2025-10-08 12:13:00 INFO [HB] active    | src=SEED dayR=0.00R open=0 tradesToday=0 bars=361 | arms=trend 0/0.00, breakout 0/0.00
2025-10-08 12:13:00 INFO [HB] active    | src=SEED dayR=0.00R open=0 tradesToday=0 bars=361 | arms=trend 0/0.00, breakout 0/0.00
2025-10-08 12:13:01 INFO [HB] active    | src=SEED dayR=0.00R open=0 tradesToday=0 bars=361 | arms=trend 0/0.00, breakout 0/0.00
2025-10-08 12:13:01 INFO [HB] active    | src=SEED dayR=0.00R open=0 tradesToday=0 bars=361 | arms=trend 0/0.00, breakout 0/0.00
2025-10-08 12:13:02 INFO [HB] active    | src=SEED dayR=0.00R open=0 tradesToday=0 bars=361 | arms=trend 0/0.00, breakout 0/0.00
2025-10-08 12:13:02 INFO [HB] active    | src=SEED dayR=0.00R open=0 tradesToday=0 bars=361 | arms=trend 0/0.00, breakout 0/0.00
2025-10-08 12:13:03 INFO [HB] active    | src=SEED dayR=0.00R open=0 tradesToday=0 bars=361 | arms=trend 0/0.00, breakout 0/0.00
2025-10-08 12:13:03 INFO [HB] active    | src=SEED dayR=0.00R open=0 tradesToday=0 bars=361 | arms=trend 0/0.00, breakout 0/0.00
2025-10-08 12:13:04 INFO [HB] active    | src=SEED dayR=0.00R open=0 tradesToday=0 bars=361 | arms=trend 0/0.00, breakout 0/0.00
2025-10-08 12:13:04 INFO [HB] active    | src=SEED dayR=0.00R open=0 tradesToday=0 bars=361 | arms=trend 0/0.00, breakout 0/0.00
[2025-10-08 12:13:06] [WD] hb uptime=235s restarts=0 child_alive=True
[2025-10-08 12:13:11] [WD] hb uptime=240s restarts=0 child_alive=True
[2025-10-08 12:13:16] [WD] hb uptime=245s restarts=0 child_alive=True
[2025-10-08 12:13:21] [WD] hb uptime=250s restarts=0 child_alive=True
[2025-10-08 12:13:26] [WD] hb uptime=255s restarts=0 child_alive=True
[2025-10-08 12:13:31] [WD] hb uptime=260s restarts=0 child_alive=True
[2025-10-08 12:13:36] [WD] hb uptime=265s restarts=0 child_alive=True
2025-10-08 12:13:05 INFO [HB] active    | src=SEED dayR=0.00R open=0 tradesToday=0 bars=361 | arms=trend 0/0.00, breakout 0/0.00
2025-10-08 12:13:05 INFO [HB] active    | src=SEED dayR=0.00R open=0 tradesToday=0 bars=361 | arms=trend 0/0.00, breakout 0/0.00
2025-10-08 12:13:06 INFO [HB] active    | src=SEED dayR=0.00R open=0 tradesToday=0 bars=361 | arms=trend 0/0.00, breakout 0/0.00
2025-10-08 12:13:06 INFO [HB] active    | src=SEED dayR=0.00R open=0 tradesToday=0 bars=361 | arms=trend 0/0.00, breakout 0/0.00
2025-10-08 12:13:07 INFO [HB] active    | src=SEED dayR=0.00R open=0 tradesToday=0 bars=361 | arms=trend 0/0.00, breakout 0/0.00
2025-10-08 12:13:07 INFO [HB] active    | src=SEED dayR=0.00R open=0 tradesToday=0 bars=361 | arms=trend 0/0.00, breakout 0/0.00
2025-10-08 12:13:08 INFO [HB] active    | src=SEED dayR=0.00R open=0 tradesToday=0 bars=361 | arms=trend 0/0.00, breakout 0/0.00
2025-10-08 12:13:08 INFO [HB] active    | src=SEED dayR=0.00R open=0 tradesToday=0 bars=361 | arms=trend 0/0.00, breakout 0/0.00
2025-10-08 12:13:09 INFO [HB] active    | src=SEED dayR=0.00R open=0 tradesToday=0 bars=361 | arms=trend 0/0.00, breakout 0/0.00
2025-10-08 12:13:09 INFO [HB] active    | src=SEED dayR=0.00R open=0 tradesToday=0 bars=361 | arms=trend 0/0.00, breakout 0/0.00
2025-10-08 12:13:10 INFO [HB] active    | src=SEED dayR=0.00R open=0 tradesToday=0 bars=361 | arms=trend 0/0.00, breakout 0/0.00
2025-10-08 12:13:10 INFO [HB] active    | src=SEED dayR=0.00R open=0 tradesToday=0 bars=361 | arms=trend 0/0.00, breakout 0/0.00
2025-10-08 12:13:11 INFO [HB] active    | src=SEED dayR=0.00R open=0 tradesToday=0 bars=361 | arms=trend 0/0.00, breakout 0/0.00
2025-10-08 12:13:11 INFO [HB] active    | src=SEED dayR=0.00R open=0 tradesToday=0 bars=361 | arms=trend 0/0.00, breakout 0/0.00
2025-10-08 12:13:12 INFO [HB] active    | src=SEED dayR=0.00R open=0 tradesToday=0 bars=361 | arms=trend 0/0.00, breakout 0/0.00
2025-10-08 12:13:12 INFO [HB] active    | src=SEED dayR=0.00R open=0 tradesToday=0 bars=361 | arms=trend 0/0.00, breakout 0/0.00
2025-10-08 12:13:13 INFO [HB] active    | src=SEED dayR=0.00R open=0 tradesToday=0 bars=361 | arms=trend 0/0.00, breakout 0/0.00
2025-10-08 12:13:13 INFO [HB] active    | src=SEED dayR=0.00R open=0 tradesToday=0 bars=361 | arms=trend 0/0.00, breakout 0/0.00
2025-10-08 12:13:14 INFO [HB] active    | src=SEED dayR=0.00R open=0 tradesToday=0 bars=361 | arms=trend 0/0.00, breakout 0/0.00
2025-10-08 12:13:14 INFO [HB] active    | src=SEED dayR=0.00R open=0 tradesToday=0 bars=361 | arms=trend 0/0.00, breakout 0/0.00
2025-10-08 12:13:15 INFO [HB] active    | src=SEED dayR=0.00R open=0 tradesToday=0 bars=361 | arms=trend 0/0.00, breakout 0/0.00
2025-10-08 12:13:15 INFO [HB] active    | src=SEED dayR=0.00R open=0 tradesToday=0 bars=361 | arms=trend 0/0.00, breakout 0/0.00
2025-10-08 12:13:16 INFO [HB] active    | src=SEED dayR=0.00R open=0 tradesToday=0 bars=361 | arms=trend 0/0.00, breakout 0/0.00
2025-10-08 12:13:16 INFO [HB] active    | src=SEED dayR=0.00R open=0 tradesToday=0 bars=361 | arms=trend 0/0.00, breakout 0/0.00
2025-10-08 12:13:17 INFO [HB] active    | src=SEED dayR=0.00R open=0 tradesToday=0 bars=361 | arms=trend 0/0.00, breakout 0/0.00
2025-10-08 12:13:17 INFO [HB] active    | src=SEED dayR=0.00R open=0 tradesToday=0 bars=361 | arms=trend 0/0.00, breakout 0/0.00
2025-10-08 12:13:18 INFO [HB] active    | src=SEED dayR=0.00R open=0 tradesToday=0 bars=361 | arms=trend 0/0.00, breakout 0/0.00
2025-10-08 12:13:18 INFO [HB] active    | src=SEED dayR=0.00R open=0 tradesToday=0 bars=361 | arms=trend 0/0.00, breakout 0/0.00
2025-10-08 12:13:19 INFO [HB] active    | src=SEED dayR=0.00R open=0 tradesToday=0 bars=361 | arms=trend 0/0.00, breakout 0/0.00
2025-10-08 12:13:19 INFO [HB] active    | src=SEED dayR=0.00R open=0 tradesToday=0 bars=361 | arms=trend 0/0.00, breakout 0/0.00
2025-10-08 12:13:20 INFO [HB] active    | src=SEED dayR=0.00R open=0 tradesToday=0 bars=361 | arms=trend 0/0.00, breakout 0/0.00
2025-10-08 12:13:20 INFO [HB] active    | src=SEED dayR=0.00R open=0 tradesToday=0 bars=361 | arms=trend 0/0.00, breakout 0/0.00
2025-10-08 12:13:21 INFO [HB] active    | src=SEED dayR=0.00R open=0 tradesToday=0 bars=361 | arms=trend 0/0.00, breakout 0/0.00
2025-10-08 12:13:21 INFO [HB] active    | src=SEED dayR=0.00R open=0 tradesToday=0 bars=361 | arms=trend 0/0.00, breakout 0/0.00
2025-10-08 12:13:22 INFO [HB] active    | src=SEED dayR=0.00R open=0 tradesToday=0 bars=361 | arms=trend 0/0.00, breakout 0/0.00
2025-10-08 12:13:22 INFO [HB] active    | src=SEED dayR=0.00R open=0 tradesToday=0 bars=361 | arms=trend 0/0.00, breakout 0/0.00
2025-10-08 12:13:23 INFO [HB] active    | src=SEED dayR=0.00R open=0 tradesToday=0 bars=361 | arms=trend 0/0.00, breakout 0/0.00
2025-10-08 12:13:23 INFO [HB] active    | src=SEED dayR=0.00R open=0 tradesToday=0 bars=361 | arms=trend 0/0.00, breakout 0/0.00
2025-10-08 12:13:24 INFO [HB] active    | src=SEED dayR=0.00R open=0 tradesToday=0 bars=361 | arms=trend 0/0.00, breakout 0/0.00
2025-10-08 12:13:24 INFO [HB] active    | src=SEED dayR=0.00R open=0 tradesToday=0 bars=361 | arms=trend 0/0.00, breakout 0/0.00
2025-10-08 12:13:25 INFO [HB] active    | src=SEED dayR=0.00R open=0 tradesToday=0 bars=361 | arms=trend 0/0.00, breakout 0/0.00
2025-10-08 12:13:25 INFO [HB] active    | src=SEED dayR=0.00R open=0 tradesToday=0 bars=361 | arms=trend 0/0.00, breakout 0/0.00
2025-10-08 12:13:26 INFO [HB] active    | src=SEED dayR=0.00R open=0 tradesToday=0 bars=361 | arms=trend 0/0.00, breakout 0/0.00
2025-10-08 12:13:26 INFO [HB] active    | src=SEED dayR=0.00R open=0 tradesToday=0 bars=361 | arms=trend 0/0.00, breakout 0/0.00
2025-10-08 12:13:27 INFO [HB] active    | src=SEED dayR=0.00R open=0 tradesToday=0 bars=361 | arms=trend 0/0.00, breakout 0/0.00
2025-10-08 12:13:27 INFO [HB] active    | src=SEED dayR=0.00R open=0 tradesToday=0 bars=361 | arms=trend 0/0.00, breakout 0/0.00
2025-10-08 12:13:28 INFO [HB] active    | src=SEED dayR=0.00R open=0 tradesToday=0 bars=361 | arms=trend 0/0.00, breakout 0/0.00
2025-10-08 12:13:28 INFO [HB] active    | src=SEED dayR=0.00R open=0 tradesToday=0 bars=361 | arms=trend 0/0.00, breakout 0/0.00
2025-10-08 12:13:29 INFO [HB] active    | src=SEED dayR=0.00R open=0 tradesToday=0 bars=361 | arms=trend 0/0.00, breakout 0/0.00
2025-10-08 12:13:29 INFO [HB] active    | src=SEED dayR=0.00R open=0 tradesToday=0 bars=361 | arms=trend 0/0.00, breakout 0/0.00
2025-10-08 12:13:30 INFO [HB] active    | src=SEED dayR=0.00R open=0 tradesToday=0 bars=361 | arms=trend 0/0.00, breakout 0/0.00
2025-10-08 12:13:30 INFO [HB] active    | src=SEED dayR=0.00R open=0 tradesToday=0 bars=361 | arms=trend 0/0.00, breakout 0/0.00
2025-10-08 12:13:31 INFO [HB] active    | src=SEED dayR=0.00R open=0 tradesToday=0 bars=361 | arms=trend 0/0.00, breakout 0/0.00
2025-10-08 12:13:31 INFO [HB] active    | src=SEED dayR=0.00R open=0 tradesToday=0 bars=361 | arms=trend 0/0.00, breakout 0/0.00
2025-10-08 12:13:32 INFO [HB] active    | src=SEED dayR=0.00R open=0 tradesToday=0 bars=361 | arms=trend 0/0.00, breakout 0/0.00
2025-10-08 12:13:32 INFO [HB] active    | src=SEED dayR=0.00R open=0 tradesToday=0 bars=361 | arms=trend 0/0.00, breakout 0/0.00
2025-10-08 12:13:33 INFO [HB] active    | src=SEED dayR=0.00R open=0 tradesToday=0 bars=361 | arms=trend 0/0.00, breakout 0/0.00
2025-10-08 12:13:33 INFO [HB] active    | src=SEED dayR=0.00R open=0 tradesToday=0 bars=361 | arms=trend 0/0.00, breakout 0/0.00
2025-10-08 12:13:34 INFO [HB] active    | src=SEED dayR=0.00R open=0 tradesToday=0 bars=361 | arms=trend 0/0.00, breakout 0/0.00
2025-10-08 12:13:34 INFO [HB] active    | src=SEED dayR=0.00R open=0 tradesToday=0 bars=361 | arms=trend 0/0.00, breakout 0/0.00
2025-10-08 12:13:35 INFO [HB] active    | src=SEED dayR=0.00R open=0 tradesToday=0 bars=361 | arms=trend 0/0.00, breakout 0/0.00
2025-10-08 12:13:35 INFO [HB] active    | src=SEED dayR=0.00R open=0 tradesToday=0 bars=361 | arms=trend 0/0.00, breakout 0/0.00
2025-10-08 12:13:36 INFO [HB] active    | src=SEED dayR=0.00R open=0 tradesToday=0 bars=361 | arms=trend 0/0.00, breakout 0/0.00
2025-10-08 12:13:36 INFO [HB] active    | src=SEED dayR=0.00R open=0 tradesToday=0 bars=361 | arms=trend 0/0.00, breakout 0/0.00
[2025-10-08 12:13:41] [WD] hb uptime=270s restarts=0 child_alive=True
[2025-10-08 12:13:46] [WD] hb uptime=275s restarts=0 child_alive=True
[2025-10-08 12:13:51] [WD] hb uptime=280s restarts=0 child_alive=True
[2025-10-08 12:13:56] [WD] hb uptime=285s restarts=0 child_alive=True
[2025-10-08 12:14:01] [WD] hb uptime=290s restarts=0 child_alive=True
[2025-10-08 12:14:06] [WD] hb uptime=295s restarts=0 child_alive=True
2025-10-08 12:13:37 INFO [HB] active    | src=SEED dayR=0.00R open=0 tradesToday=0 bars=361 | arms=trend 0/0.00, breakout 0/0.00
2025-10-08 12:13:37 INFO [HB] active    | src=SEED dayR=0.00R open=0 tradesToday=0 bars=361 | arms=trend 0/0.00, breakout 0/0.00
2025-10-08 12:13:38 INFO [HB] active    | src=SEED dayR=0.00R open=0 tradesToday=0 bars=361 | arms=trend 0/0.00, breakout 0/0.00
2025-10-08 12:13:38 INFO [HB] active    | src=SEED dayR=0.00R open=0 tradesToday=0 bars=361 | arms=trend 0/0.00, breakout 0/0.00
2025-10-08 12:13:39 INFO [HB] active    | src=SEED dayR=0.00R open=0 tradesToday=0 bars=361 | arms=trend 0/0.00, breakout 0/0.00
2025-10-08 12:13:39 INFO [HB] active    | src=SEED dayR=0.00R open=0 tradesToday=0 bars=361 | arms=trend 0/0.00, breakout 0/0.00
2025-10-08 12:13:40 INFO [HB] active    | src=SEED dayR=0.00R open=0 tradesToday=0 bars=361 | arms=trend 0/0.00, breakout 0/0.00
2025-10-08 12:13:40 INFO [HB] active    | src=SEED dayR=0.00R open=0 tradesToday=0 bars=361 | arms=trend 0/0.00, breakout 0/0.00
2025-10-08 12:13:41 INFO [HB] active    | src=SEED dayR=0.00R open=0 tradesToday=0 bars=361 | arms=trend 0/0.00, breakout 0/0.00
2025-10-08 12:13:41 INFO [HB] active    | src=SEED dayR=0.00R open=0 tradesToday=0 bars=361 | arms=trend 0/0.00, breakout 0/0.00
2025-10-08 12:13:42 INFO [HB] active    | src=SEED dayR=0.00R open=0 tradesToday=0 bars=361 | arms=trend 0/0.00, breakout 0/0.00
2025-10-08 12:13:42 INFO [HB] active    | src=SEED dayR=0.00R open=0 tradesToday=0 bars=361 | arms=trend 0/0.00, breakout 0/0.00
2025-10-08 12:13:43 INFO [HB] active    | src=SEED dayR=0.00R open=0 tradesToday=0 bars=361 | arms=trend 0/0.00, breakout 0/0.00
2025-10-08 12:13:43 INFO [HB] active    | src=SEED dayR=0.00R open=0 tradesToday=0 bars=361 | arms=trend 0/0.00, breakout 0/0.00
2025-10-08 12:13:44 INFO [HB] active    | src=SEED dayR=0.00R open=0 tradesToday=0 bars=361 | arms=trend 0/0.00, breakout 0/0.00
2025-10-08 12:13:44 INFO [HB] active    | src=SEED dayR=0.00R open=0 tradesToday=0 bars=361 | arms=trend 0/0.00, breakout 0/0.00
2025-10-08 12:13:45 INFO [HB] active    | src=SEED dayR=0.00R open=0 tradesToday=0 bars=361 | arms=trend 0/0.00, breakout 0/0.00
2025-10-08 12:13:45 INFO [HB] active    | src=SEED dayR=0.00R open=0 tradesToday=0 bars=361 | arms=trend 0/0.00, breakout 0/0.00
2025-10-08 12:13:46 INFO [HB] active    | src=SEED dayR=0.00R open=0 tradesToday=0 bars=361 | arms=trend 0/0.00, breakout 0/0.00
2025-10-08 12:13:46 INFO [HB] active    | src=SEED dayR=0.00R open=0 tradesToday=0 bars=361 | arms=trend 0/0.00, breakout 0/0.00
2025-10-08 12:13:47 INFO [HB] active    | src=SEED dayR=0.00R open=0 tradesToday=0 bars=361 | arms=trend 0/0.00, breakout 0/0.00
2025-10-08 12:13:47 INFO [HB] active    | src=SEED dayR=0.00R open=0 tradesToday=0 bars=361 | arms=trend 0/0.00, breakout 0/0.00
2025-10-08 12:13:48 INFO [HB] active    | src=SEED dayR=0.00R open=0 tradesToday=0 bars=361 | arms=trend 0/0.00, breakout 0/0.00
2025-10-08 12:13:48 INFO [HB] active    | src=SEED dayR=0.00R open=0 tradesToday=0 bars=361 | arms=trend 0/0.00, breakout 0/0.00
2025-10-08 12:13:49 INFO [HB] active    | src=SEED dayR=0.00R open=0 tradesToday=0 bars=361 | arms=trend 0/0.00, breakout 0/0.00
2025-10-08 12:13:49 INFO [HB] active    | src=SEED dayR=0.00R open=0 tradesToday=0 bars=361 | arms=trend 0/0.00, breakout 0/0.00
2025-10-08 12:13:50 INFO [HB] active    | src=SEED dayR=0.00R open=0 tradesToday=0 bars=361 | arms=trend 0/0.00, breakout 0/0.00
2025-10-08 12:13:50 INFO [HB] active    | src=SEED dayR=0.00R open=0 tradesToday=0 bars=361 | arms=trend 0/0.00, breakout 0/0.00
2025-10-08 12:13:51 INFO [HB] active    | src=SEED dayR=0.00R open=0 tradesToday=0 bars=361 | arms=trend 0/0.00, breakout 0/0.00
2025-10-08 12:13:51 INFO [HB] active    | src=SEED dayR=0.00R open=0 tradesToday=0 bars=361 | arms=trend 0/0.00, breakout 0/0.00
2025-10-08 12:13:52 INFO [HB] active    | src=SEED dayR=0.00R open=0 tradesToday=0 bars=361 | arms=trend 0/0.00, breakout 0/0.00
2025-10-08 12:13:52 INFO [HB] active    | src=SEED dayR=0.00R open=0 tradesToday=0 bars=361 | arms=trend 0/0.00, breakout 0/0.00
2025-10-08 12:13:53 INFO [HB] active    | src=SEED dayR=0.00R open=0 tradesToday=0 bars=361 | arms=trend 0/0.00, breakout 0/0.00
2025-10-08 12:13:53 INFO [HB] active    | src=SEED dayR=0.00R open=0 tradesToday=0 bars=361 | arms=trend 0/0.00, breakout 0/0.00
2025-10-08 12:13:54 INFO [HB] active    | src=SEED dayR=0.00R open=0 tradesToday=0 bars=361 | arms=trend 0/0.00, breakout 0/0.00
2025-10-08 12:13:54 INFO [HB] active    | src=SEED dayR=0.00R open=0 tradesToday=0 bars=361 | arms=trend 0/0.00, breakout 0/0.00
2025-10-08 12:13:55 INFO [HB] active    | src=SEED dayR=0.00R open=0 tradesToday=0 bars=361 | arms=trend 0/0.00, breakout 0/0.00
2025-10-08 12:13:55 INFO [HB] active    | src=SEED dayR=0.00R open=0 tradesToday=0 bars=361 | arms=trend 0/0.00, breakout 0/0.00
2025-10-08 12:13:56 INFO [HB] active    | src=SEED dayR=0.00R open=0 tradesToday=0 bars=361 | arms=trend 0/0.00, breakout 0/0.00
2025-10-08 12:13:56 INFO [HB] active    | src=SEED dayR=0.00R open=0 tradesToday=0 bars=361 | arms=trend 0/0.00, breakout 0/0.00
2025-10-08 12:13:57 INFO [HB] active    | src=SEED dayR=0.00R open=0 tradesToday=0 bars=361 | arms=trend 0/0.00, breakout 0/0.00
2025-10-08 12:13:58 INFO [HB] active    | src=SEED dayR=0.00R open=0 tradesToday=0 bars=361 | arms=trend 0/0.00, breakout 0/0.00
2025-10-08 12:13:58 INFO [HB] active    | src=SEED dayR=0.00R open=0 tradesToday=0 bars=361 | arms=trend 0/0.00, breakout 0/0.00
2025-10-08 12:13:59 INFO [HB] active    | src=SEED dayR=0.00R open=0 tradesToday=0 bars=361 | arms=trend 0/0.00, breakout 0/0.00
2025-10-08 12:13:59 INFO [HB] active    | src=SEED dayR=0.00R open=0 tradesToday=0 bars=361 | arms=trend 0/0.00, breakout 0/0.00
2025-10-08 12:14:00 INFO [HB] active    | src=SEED dayR=0.00R open=0 tradesToday=0 bars=361 | arms=trend 0/0.00, breakout 0/0.00
2025-10-08 12:14:00 INFO [HB] active    | src=SEED dayR=0.00R open=0 tradesToday=0 bars=361 | arms=trend 0/0.00, breakout 0/0.00
2025-10-08 12:14:01 INFO [HB] active    | src=SEED dayR=0.00R open=0 tradesToday=0 bars=361 | arms=trend 0/0.00, breakout 0/0.00
2025-10-08 12:14:01 INFO [HB] active    | src=SEED dayR=0.00R open=0 tradesToday=0 bars=361 | arms=trend 0/0.00, breakout 0/0.00
2025-10-08 12:14:02 INFO [HB] active    | src=SEED dayR=0.00R open=0 tradesToday=0 bars=361 | arms=trend 0/0.00, breakout 0/0.00
2025-10-08 12:14:02 INFO [HB] active    | src=SEED dayR=0.00R open=0 tradesToday=0 bars=361 | arms=trend 0/0.00, breakout 0/0.00
2025-10-08 12:14:03 INFO [HB] active    | src=SEED dayR=0.00R open=0 tradesToday=0 bars=361 | arms=trend 0/0.00, breakout 0/0.00
2025-10-08 12:14:03 INFO [HB] active    | src=SEED dayR=0.00R open=0 tradesToday=0 bars=361 | arms=trend 0/0.00, breakout 0/0.00
2025-10-08 12:14:04 INFO [HB] active    | src=SEED dayR=0.00R open=0 tradesToday=0 bars=361 | arms=trend 0/0.00, breakout 0/0.00
2025-10-08 12:14:04 INFO [HB] active    | src=SEED dayR=0.00R open=0 tradesToday=0 bars=361 | arms=trend 0/0.00, breakout 0/0.00
2025-10-08 12:14:05 INFO [HB] active    | src=SEED dayR=0.00R open=0 tradesToday=0 bars=361 | arms=trend 0/0.00, breakout 0/0.00
2025-10-08 12:14:05 INFO [HB] active    | src=SEED dayR=0.00R open=0 tradesToday=0 bars=361 | arms=trend 0/0.00, breakout 0/0.00
2025-10-08 12:14:06 INFO [HB] active    | src=SEED dayR=0.00R open=0 tradesToday=0 bars=361 | arms=trend 0/0.00, breakout 0/0.00
2025-10-08 12:14:06 INFO [HB] active    | src=SEED dayR=0.00R open=0 tradesToday=0 bars=361 | arms=trend 0/0.00, breakout 0/0.00
2025-10-08 12:14:07 INFO [HB] active    | src=SEED dayR=0.00R open=0 tradesToday=0 bars=361 | arms=trend 0/0.00, breakout 0/0.00
2025-10-08 12:14:07 INFO [HB] active    | src=SEED dayR=0.00R open=0 tradesToday=0 bars=361 | arms=trend 0/0.00, breakout 0/0.00
2025-10-08 12:14:08 INFO [HB] active    | src=SEED dayR=0.00R open=0 tradesToday=0 bars=361 | arms=trend 0/0.00, breakout 0/0.00
2025-10-08 12:14:08 INFO [HB] active    | src=SEED dayR=0.00R open=0 tradesToday=0 bars=361 | arms=trend 0/0.00, breakout 0/0.00
2025-10-08 12:14:09 INFO [HB] active    | src=SEED dayR=0.00R open=0 tradesToday=0 bars=361 | arms=trend 0/0.00, breakout 0/0.00
[2025-10-08 12:14:11] [WD] hb uptime=300s restarts=0 child_alive=True
2025-10-08 12:14:09 INFO [HB] active    | src=SEED dayR=0.00R open=0 tradesToday=0 bars=361 | arms=trend 0/0.00, breakout 0/0.00
2025-10-08 12:14:10 INFO [HB] active    | src=SEED dayR=0.00R open=0 tradesToday=0 bars=361 | arms=trend 0/0.00, breakout 0/0.00
2025-10-08 12:14:10 INFO [HB] active    | src=SEED dayR=0.00R open=0 tradesToday=0 bars=361 | arms=trend 0/0.00, breakout 0/0.00
2025-10-08 12:14:11 INFO [HB] active    | src=SEED dayR=0.00R open=0 tradesToday=0 bars=361 | arms=trend 0/0.00, breakout 0/0.00
2025-10-08 12:14:11 INFO [HB] active    | src=SEED dayR=0.00R open=0 tradesToday=0 bars=361 | arms=trend 0/0.00, breakout 0/0.00
[2025-10-08 12:14:11] EXIT CODE: 1
