
[2025-10-10 10:12:21] CMD: C:\Users\owner\AppData\Local\Programs\Python\Python313\python.exe -X faulthandler -u C:\Users\owner\Desktop\es_futures_backtester\paper_trader.py --local-symbol ESZ5 --host 127.0.0.1 --port 7497 --clientId 111 --symbol ES --auto-front-month --entry-slippage-ticks 2 --atomic-bracket --qty 1 --risk-ticks 12 --tick-size 0.25 --tp-R 1.0 --enable-arms trend,breakout --gate-adx 19 --gate-bbbw 0.00020 --gate-atrp 0.000055 --min-hold-sec 60 --breakeven-after-R 2.2 --trail-atr-mult 3.2 --trail-delay-sec 240 --trail-on-bar-close --max-trades-per-day 12 --day-loss-cap-R 3 --strategy-cooldown-sec 150 --trade-start-ct 00:00 --trade-end-ct 23:59 --tif GTC --outsideRth --require-new-bar-after-start --startup-delay-sec 10 --debounce-one-bar --duration 1D --connect-timeout-sec 300 --timeout-sec 300 --bandit meta --bandit-state .\data\learn\bandit_state.json --learn-log --learn-log-dir .\logs\learn --decay-half-life-trades 400 --meta-eta 0.2 --switching-cost 0.05 --ph-delta 0.002 --ph-lambda 0.98 --poll-hist-when-no-rt --poll-interval-sec 10 --place-orders -v
[2025-10-10 10:12:26] [WD] hb uptime=5s restarts=0 child_alive=True
[2025-10-10 10:12:31] [WD] hb uptime=10s restarts=0 child_alive=True
[2025-10-10 10:12:36] [WD] hb uptime=15s restarts=0 child_alive=True
[2025-10-10 10:12:41] [WD] hb uptime=20s restarts=0 child_alive=True
[2025-10-10 10:12:46] [WD] hb uptime=25s restarts=0 child_alive=True
[2025-10-10 10:12:51] [WD] hb uptime=30s restarts=0 child_alive=True
[2025-10-10 10:12:56] [WD] hb uptime=35s restarts=0 child_alive=True
[2025-10-10 10:13:01] [WD] hb uptime=40s restarts=0 child_alive=True
[2025-10-10 10:13:06] [WD] hb uptime=45s restarts=0 child_alive=True
[2025-10-10 10:13:11] [WD] hb uptime=50s restarts=0 child_alive=True
[2025-10-10 10:13:16] [WD] hb uptime=55s restarts=0 child_alive=True
[2025-10-10 10:13:21] [WD] hb uptime=60s restarts=0 child_alive=True
[2025-10-10 10:13:26] [WD] hb uptime=65s restarts=0 child_alive=True
[2025-10-10 10:13:31] [WD] hb uptime=70s restarts=0 child_alive=True
[2025-10-10 10:13:36] [WD] hb uptime=75s restarts=0 child_alive=True
[2025-10-10 10:13:41] [WD] hb uptime=80s restarts=0 child_alive=True
[2025-10-10 10:13:46] [WD] hb uptime=85s restarts=0 child_alive=True
[2025-10-10 10:13:51] [WD] hb uptime=90s restarts=0 child_alive=True
[2025-10-10 10:13:56] [WD] hb uptime=95s restarts=0 child_alive=True
[2025-10-10 10:14:01] [WD] hb uptime=100s restarts=0 child_alive=True
[2025-10-10 10:14:06] [WD] hb uptime=105s restarts=0 child_alive=True
[2025-10-10 10:14:11] [WD] hb uptime=110s restarts=0 child_alive=True
[2025-10-10 10:14:16] [WD] hb uptime=115s restarts=0 child_alive=True
[2025-10-10 10:14:21] [WD] hb uptime=120s restarts=0 child_alive=True
[2025-10-10 10:14:26] [WD] hb uptime=125s restarts=0 child_alive=True
[2025-10-10 10:14:31] [WD] hb uptime=130s restarts=0 child_alive=True
[2025-10-10 10:14:36] [WD] hb uptime=135s restarts=0 child_alive=True
[2025-10-10 10:14:41] [WD] hb uptime=140s restarts=0 child_alive=True
[2025-10-10 10:14:46] [WD] hb uptime=145s restarts=0 child_alive=True
[2025-10-10 10:14:51] [WD] hb uptime=150s restarts=0 child_alive=True
[2025-10-10 10:14:56] [WD] hb uptime=155s restarts=0 child_alive=True
[2025-10-10 10:15:01] [WD] hb uptime=160s restarts=0 child_alive=True
[2025-10-10 10:15:06] [WD] hb uptime=165s restarts=0 child_alive=True
[2025-10-10 10:15:11] [WD] hb uptime=170s restarts=0 child_alive=True
[2025-10-10 10:15:16] [WD] hb uptime=175s restarts=0 child_alive=True
[2025-10-10 10:15:21] [WD] hb uptime=180s restarts=0 child_alive=True
[2025-10-10 10:15:26] [WD] hb uptime=185s restarts=0 child_alive=True
[2025-10-10 10:15:31] [WD] hb uptime=190s restarts=0 child_alive=True
[2025-10-10 10:15:36] [WD] hb uptime=195s restarts=0 child_alive=True
[2025-10-10 10:15:41] [WD] hb uptime=200s restarts=0 child_alive=True
[2025-10-10 10:15:46] [WD] hb uptime=205s restarts=0 child_alive=True
[2025-10-10 10:15:51] [WD] hb uptime=210s restarts=0 child_alive=True
[2025-10-10 10:15:56] [WD] hb uptime=215s restarts=0 child_alive=True
[2025-10-10 10:16:01] [WD] hb uptime=220s restarts=0 child_alive=True
[2025-10-10 10:16:06] [WD] hb uptime=225s restarts=0 child_alive=True
[2025-10-10 10:16:11] [WD] hb uptime=230s restarts=0 child_alive=True
[2025-10-10 10:16:16] [WD] hb uptime=235s restarts=0 child_alive=True
[2025-10-10 10:16:21] [WD] hb uptime=240s restarts=0 child_alive=True
[2025-10-10 10:16:26] [WD] hb uptime=245s restarts=0 child_alive=True
[2025-10-10 10:16:31] [WD] hb uptime=250s restarts=0 child_alive=True
[2025-10-10 10:16:36] [WD] hb uptime=255s restarts=0 child_alive=True
[2025-10-10 10:16:41] [WD] hb uptime=260s restarts=0 child_alive=True
[2025-10-10 10:16:46] [WD] hb uptime=265s restarts=0 child_alive=True
[2025-10-10 10:16:51] [WD] hb uptime=270s restarts=0 child_alive=True
[2025-10-10 10:16:56] [WD] hb uptime=275s restarts=0 child_alive=True
[2025-10-10 10:17:01] [WD] hb uptime=280s restarts=0 child_alive=True
[2025-10-10 10:17:06] [WD] hb uptime=285s restarts=0 child_alive=True
[2025-10-10 10:17:11] [WD] hb uptime=290s restarts=0 child_alive=True
[2025-10-10 10:17:16] [WD] hb uptime=295s restarts=0 child_alive=True
Starting ES paper bot...
[CONNECT] 127.0.0.1:7497 clientId=111
Error 326, reqId -1: Unable to connect as the client id is already in use. Retry with a unique client id.
Peer closed connection. clientId 111 already in use?
API connection failed: TimeoutError()
ERROR [CONNECT] Failed: TimeoutError()
[2025-10-10 10:17:21] EXIT CODE: 0
[2025-10-10 10:17:21] [WD] hb uptime=300s restarts=1 child_alive=False
[2025-10-10 10:17:27] [WD] hb uptime=305s restarts=1 child_alive=False

[2025-10-10 10:17:31] CMD: C:\Users\owner\AppData\Local\Programs\Python\Python313\python.exe -X faulthandler -u C:\Users\owner\Desktop\es_futures_backtester\paper_trader.py --local-symbol ESZ5 --host 127.0.0.1 --port 7497 --clientId 111 --symbol ES --auto-front-month --entry-slippage-ticks 2 --atomic-bracket --qty 1 --risk-ticks 12 --tick-size 0.25 --tp-R 1.0 --enable-arms trend,breakout --gate-adx 19 --gate-bbbw 0.00020 --gate-atrp 0.000055 --min-hold-sec 60 --breakeven-after-R 2.2 --trail-atr-mult 3.2 --trail-delay-sec 240 --trail-on-bar-close --max-trades-per-day 12 --day-loss-cap-R 3 --strategy-cooldown-sec 150 --trade-start-ct 00:00 --trade-end-ct 23:59 --tif GTC --outsideRth --require-new-bar-after-start --startup-delay-sec 10 --debounce-one-bar --duration 1D --connect-timeout-sec 300 --timeout-sec 300 --bandit meta --bandit-state .\data\learn\bandit_state.json --learn-log --learn-log-dir .\logs\learn --decay-half-life-trades 400 --meta-eta 0.2 --switching-cost 0.05 --ph-delta 0.002 --ph-lambda 0.98 --poll-hist-when-no-rt --poll-interval-sec 10 --place-orders -v
[2025-10-10 10:17:32] [WD] hb uptime=310s restarts=1 child_alive=True
[2025-10-10 10:17:37] [WD] hb uptime=315s restarts=1 child_alive=True
[2025-10-10 10:17:42] [WD] hb uptime=320s restarts=1 child_alive=True
[2025-10-10 10:17:47] [WD] hb uptime=325s restarts=1 child_alive=True
[2025-10-10 10:17:52] [WD] hb uptime=330s restarts=1 child_alive=True
[2025-10-10 10:17:57] [WD] hb uptime=335s restarts=1 child_alive=True
[2025-10-10 10:18:02] [WD] hb uptime=340s restarts=1 child_alive=True
[2025-10-10 10:18:07] [WD] hb uptime=345s restarts=1 child_alive=True
[2025-10-10 10:18:12] [WD] hb uptime=350s restarts=1 child_alive=True
[2025-10-10 10:18:17] [WD] hb uptime=355s restarts=1 child_alive=True
[2025-10-10 10:18:22] [WD] hb uptime=360s restarts=1 child_alive=True
[2025-10-10 10:18:27] [WD] hb uptime=365s restarts=1 child_alive=True
[2025-10-10 10:18:32] [WD] hb uptime=370s restarts=1 child_alive=True
[2025-10-10 10:18:37] [WD] hb uptime=375s restarts=1 child_alive=True
[2025-10-10 10:18:42] [WD] hb uptime=380s restarts=1 child_alive=True
[2025-10-10 10:18:47] [WD] hb uptime=385s restarts=1 child_alive=True
[2025-10-10 10:18:52] [WD] hb uptime=390s restarts=1 child_alive=True
[2025-10-10 10:18:57] [WD] hb uptime=395s restarts=1 child_alive=True
[2025-10-10 10:19:02] [WD] hb uptime=400s restarts=1 child_alive=True
[2025-10-10 10:19:07] [WD] hb uptime=405s restarts=1 child_alive=True
[2025-10-10 10:19:12] [WD] hb uptime=410s restarts=1 child_alive=True
[2025-10-10 10:19:17] [WD] hb uptime=415s restarts=1 child_alive=True
[2025-10-10 10:19:22] [WD] hb uptime=420s restarts=1 child_alive=True
[2025-10-10 10:19:27] [WD] hb uptime=425s restarts=1 child_alive=True
[2025-10-10 10:19:32] [WD] hb uptime=430s restarts=1 child_alive=True
[2025-10-10 10:19:37] [WD] hb uptime=435s restarts=1 child_alive=True
[2025-10-10 10:19:42] [WD] hb uptime=440s restarts=1 child_alive=True
[2025-10-10 10:19:47] [WD] hb uptime=445s restarts=1 child_alive=True
[2025-10-10 10:19:52] [WD] hb uptime=450s restarts=1 child_alive=True
[2025-10-10 10:19:57] [WD] hb uptime=455s restarts=1 child_alive=True
[2025-10-10 10:20:02] [WD] hb uptime=460s restarts=1 child_alive=True
[2025-10-10 10:20:07] [WD] hb uptime=465s restarts=1 child_alive=True
[2025-10-10 10:20:12] [WD] hb uptime=470s restarts=1 child_alive=True
[2025-10-10 10:20:17] [WD] hb uptime=475s restarts=1 child_alive=True
[2025-10-10 10:20:22] [WD] hb uptime=480s restarts=1 child_alive=True
[2025-10-10 10:20:27] [WD] hb uptime=485s restarts=1 child_alive=True
[2025-10-10 10:20:32] [WD] hb uptime=490s restarts=1 child_alive=True
[2025-10-10 10:20:37] [WD] hb uptime=495s restarts=1 child_alive=True
[2025-10-10 10:20:42] [WD] hb uptime=500s restarts=1 child_alive=True
[2025-10-10 10:20:47] [WD] hb uptime=505s restarts=1 child_alive=True
[2025-10-10 10:20:52] [WD] hb uptime=510s restarts=1 child_alive=True
[2025-10-10 10:20:57] [WD] hb uptime=515s restarts=1 child_alive=True
[2025-10-10 10:21:02] [WD] hb uptime=520s restarts=1 child_alive=True
[2025-10-10 10:21:07] [WD] hb uptime=525s restarts=1 child_alive=True
[2025-10-10 10:21:12] [WD] hb uptime=530s restarts=1 child_alive=True
[2025-10-10 10:21:17] [WD] hb uptime=535s restarts=1 child_alive=True
[2025-10-10 10:21:22] [WD] hb uptime=540s restarts=1 child_alive=True
[2025-10-10 10:21:27] [WD] hb uptime=545s restarts=1 child_alive=True
[2025-10-10 10:21:32] [WD] hb uptime=550s restarts=1 child_alive=True
[2025-10-10 10:21:37] [WD] hb uptime=555s restarts=1 child_alive=True
[2025-10-10 10:21:42] [WD] hb uptime=560s restarts=1 child_alive=True
[2025-10-10 10:21:47] [WD] hb uptime=565s restarts=1 child_alive=True
[2025-10-10 10:21:52] [WD] hb uptime=570s restarts=1 child_alive=True
[2025-10-10 10:21:57] [WD] hb uptime=576s restarts=1 child_alive=True
[2025-10-10 10:22:02] [WD] hb uptime=581s restarts=1 child_alive=True
[2025-10-10 10:22:07] [WD] hb uptime=586s restarts=1 child_alive=True
[2025-10-10 10:22:12] [WD] hb uptime=591s restarts=1 child_alive=True
[2025-10-10 10:22:17] [WD] hb uptime=596s restarts=1 child_alive=True
[2025-10-10 10:22:22] [WD] hb uptime=601s restarts=1 child_alive=True
[2025-10-10 10:22:27] [WD] hb uptime=606s restarts=1 child_alive=True
Starting ES paper bot...
[CONNECT] 127.0.0.1:7497 clientId=111
Error 326, reqId -1: Unable to connect as the client id is already in use. Retry with a unique client id.
Peer closed connection. clientId 111 already in use?
API connection failed: TimeoutError()
ERROR [CONNECT] Failed: TimeoutError()
[2025-10-10 10:22:32] EXIT CODE: 0
[2025-10-10 10:22:32] [WD] hb uptime=611s restarts=2 child_alive=False
[2025-10-10 10:22:37] [WD] hb uptime=616s restarts=2 child_alive=False

[2025-10-10 10:22:42] CMD: C:\Users\owner\AppData\Local\Programs\Python\Python313\python.exe -X faulthandler -u C:\Users\owner\Desktop\es_futures_backtester\paper_trader.py --local-symbol ESZ5 --host 127.0.0.1 --port 7497 --clientId 111 --symbol ES --auto-front-month --entry-slippage-ticks 2 --atomic-bracket --qty 1 --risk-ticks 12 --tick-size 0.25 --tp-R 1.0 --enable-arms trend,breakout --gate-adx 19 --gate-bbbw 0.00020 --gate-atrp 0.000055 --min-hold-sec 60 --breakeven-after-R 2.2 --trail-atr-mult 3.2 --trail-delay-sec 240 --trail-on-bar-close --max-trades-per-day 12 --day-loss-cap-R 3 --strategy-cooldown-sec 150 --trade-start-ct 00:00 --trade-end-ct 23:59 --tif GTC --outsideRth --require-new-bar-after-start --startup-delay-sec 10 --debounce-one-bar --duration 1D --connect-timeout-sec 300 --timeout-sec 300 --bandit meta --bandit-state .\data\learn\bandit_state.json --learn-log --learn-log-dir .\logs\learn --decay-half-life-trades 400 --meta-eta 0.2 --switching-cost 0.05 --ph-delta 0.002 --ph-lambda 0.98 --poll-hist-when-no-rt --poll-interval-sec 10 --place-orders -v
[2025-10-10 10:22:42] [WD] hb uptime=621s restarts=2 child_alive=True
[2025-10-10 10:22:47] [WD] hb uptime=626s restarts=2 child_alive=True
[2025-10-10 10:22:52] [WD] hb uptime=631s restarts=2 child_alive=True
[2025-10-10 10:22:57] [WD] hb uptime=636s restarts=2 child_alive=True
[2025-10-10 10:23:02] [WD] hb uptime=641s restarts=2 child_alive=True
[2025-10-10 10:23:07] [WD] hb uptime=646s restarts=2 child_alive=True
[2025-10-10 10:23:12] [WD] hb uptime=651s restarts=2 child_alive=True
[2025-10-10 10:23:17] [WD] hb uptime=656s restarts=2 child_alive=True
[2025-10-10 10:23:22] [WD] hb uptime=661s restarts=2 child_alive=True
[2025-10-10 10:23:27] [WD] hb uptime=666s restarts=2 child_alive=True
[2025-10-10 10:23:32] [WD] hb uptime=671s restarts=2 child_alive=True
[2025-10-10 10:23:37] [WD] hb uptime=676s restarts=2 child_alive=True
[2025-10-10 10:23:42] [WD] hb uptime=681s restarts=2 child_alive=True
[2025-10-10 10:23:47] [WD] hb uptime=686s restarts=2 child_alive=True
[2025-10-10 10:23:52] [WD] hb uptime=691s restarts=2 child_alive=True
[2025-10-10 10:23:57] [WD] hb uptime=696s restarts=2 child_alive=True
[2025-10-10 10:24:02] [WD] hb uptime=701s restarts=2 child_alive=True
[2025-10-10 10:24:07] [WD] hb uptime=706s restarts=2 child_alive=True
[2025-10-10 10:24:12] [WD] hb uptime=711s restarts=2 child_alive=True
[2025-10-10 10:24:17] [WD] hb uptime=716s restarts=2 child_alive=True
[2025-10-10 10:24:22] [WD] hb uptime=721s restarts=2 child_alive=True
[2025-10-10 10:24:27] [WD] hb uptime=726s restarts=2 child_alive=True
[2025-10-10 10:24:32] [WD] hb uptime=731s restarts=2 child_alive=True
[2025-10-10 10:24:37] [WD] hb uptime=736s restarts=2 child_alive=True
[2025-10-10 10:24:42] [WD] hb uptime=741s restarts=2 child_alive=True
[2025-10-10 10:24:47] [WD] hb uptime=746s restarts=2 child_alive=True
[2025-10-10 10:24:52] [WD] hb uptime=751s restarts=2 child_alive=True
[2025-10-10 10:24:57] [WD] hb uptime=756s restarts=2 child_alive=True
[2025-10-10 10:25:02] [WD] hb uptime=761s restarts=2 child_alive=True
[2025-10-10 10:25:07] [WD] hb uptime=766s restarts=2 child_alive=True
[2025-10-10 10:25:12] [WD] hb uptime=771s restarts=2 child_alive=True
[2025-10-10 10:25:17] [WD] hb uptime=776s restarts=2 child_alive=True
[2025-10-10 10:25:22] [WD] hb uptime=781s restarts=2 child_alive=True
[2025-10-10 10:25:27] [WD] hb uptime=786s restarts=2 child_alive=True
[2025-10-10 10:25:32] [WD] hb uptime=791s restarts=2 child_alive=True
[2025-10-10 10:25:37] [WD] hb uptime=796s restarts=2 child_alive=True
[2025-10-10 10:25:42] [WD] hb uptime=801s restarts=2 child_alive=True
[2025-10-10 10:25:47] [WD] hb uptime=806s restarts=2 child_alive=True
[2025-10-10 10:25:52] [WD] hb uptime=811s restarts=2 child_alive=True
[2025-10-10 10:25:57] [WD] hb uptime=816s restarts=2 child_alive=True
[2025-10-10 10:26:02] [WD] hb uptime=821s restarts=2 child_alive=True
[2025-10-10 10:26:07] [WD] hb uptime=826s restarts=2 child_alive=True
[2025-10-10 10:26:12] [WD] hb uptime=831s restarts=2 child_alive=True
[2025-10-10 10:26:17] [WD] hb uptime=836s restarts=2 child_alive=True
[2025-10-10 10:26:22] [WD] hb uptime=841s restarts=2 child_alive=True
[2025-10-10 10:26:27] [WD] hb uptime=846s restarts=2 child_alive=True
[2025-10-10 10:26:32] [WD] hb uptime=851s restarts=2 child_alive=True
[2025-10-10 10:26:37] [WD] hb uptime=856s restarts=2 child_alive=True
[2025-10-10 10:26:42] [WD] hb uptime=861s restarts=2 child_alive=True
[2025-10-10 10:26:48] [WD] hb uptime=866s restarts=2 child_alive=True
[2025-10-10 10:26:53] [WD] hb uptime=871s restarts=2 child_alive=True
[2025-10-10 10:26:58] [WD] hb uptime=876s restarts=2 child_alive=True
[2025-10-10 10:27:03] [WD] hb uptime=881s restarts=2 child_alive=True
[2025-10-10 10:27:08] [WD] hb uptime=886s restarts=2 child_alive=True
[2025-10-10 10:27:13] [WD] hb uptime=891s restarts=2 child_alive=True
[2025-10-10 10:27:18] [WD] hb uptime=896s restarts=2 child_alive=True
[2025-10-10 10:27:23] [WD] hb uptime=901s restarts=2 child_alive=True
[2025-10-10 10:27:28] [WD] hb uptime=906s restarts=2 child_alive=True
[2025-10-10 10:27:33] [WD] hb uptime=911s restarts=2 child_alive=True
[2025-10-10 10:27:38] [WD] hb uptime=916s restarts=2 child_alive=True
Starting ES paper bot...
[CONNECT] 127.0.0.1:7497 clientId=111
Error 326, reqId -1: Unable to connect as the client id is already in use. Retry with a unique client id.
Peer closed connection. clientId 111 already in use?
API connection failed: TimeoutError()
ERROR [CONNECT] Failed: TimeoutError()
[2025-10-10 10:27:42] EXIT CODE: 0
[2025-10-10 10:27:43] [WD] hb uptime=921s restarts=3 child_alive=False
[2025-10-10 10:27:48] [WD] hb uptime=926s restarts=3 child_alive=False

[2025-10-10 10:27:52] CMD: C:\Users\owner\AppData\Local\Programs\Python\Python313\python.exe -X faulthandler -u C:\Users\owner\Desktop\es_futures_backtester\paper_trader.py --local-symbol ESZ5 --host 127.0.0.1 --port 7497 --clientId 111 --symbol ES --auto-front-month --entry-slippage-ticks 2 --atomic-bracket --qty 1 --risk-ticks 12 --tick-size 0.25 --tp-R 1.0 --enable-arms trend,breakout --gate-adx 19 --gate-bbbw 0.00020 --gate-atrp 0.000055 --min-hold-sec 60 --breakeven-after-R 2.2 --trail-atr-mult 3.2 --trail-delay-sec 240 --trail-on-bar-close --max-trades-per-day 12 --day-loss-cap-R 3 --strategy-cooldown-sec 150 --trade-start-ct 00:00 --trade-end-ct 23:59 --tif GTC --outsideRth --require-new-bar-after-start --startup-delay-sec 10 --debounce-one-bar --duration 1D --connect-timeout-sec 300 --timeout-sec 300 --bandit meta --bandit-state .\data\learn\bandit_state.json --learn-log --learn-log-dir .\logs\learn --decay-half-life-trades 400 --meta-eta 0.2 --switching-cost 0.05 --ph-delta 0.002 --ph-lambda 0.98 --poll-hist-when-no-rt --poll-interval-sec 10 --place-orders -v
[2025-10-10 10:27:53] [WD] hb uptime=931s restarts=3 child_alive=True
[2025-10-10 10:27:58] [WD] hb uptime=936s restarts=3 child_alive=True
[2025-10-10 10:28:03] [WD] hb uptime=941s restarts=3 child_alive=True
[2025-10-10 10:28:08] [WD] hb uptime=946s restarts=3 child_alive=True
[2025-10-10 10:28:13] [WD] hb uptime=951s restarts=3 child_alive=True
[2025-10-10 10:28:18] [WD] hb uptime=956s restarts=3 child_alive=True
[2025-10-10 10:28:23] [WD] hb uptime=961s restarts=3 child_alive=True
[2025-10-10 10:28:28] [WD] hb uptime=966s restarts=3 child_alive=True
[2025-10-10 10:28:33] [WD] hb uptime=971s restarts=3 child_alive=True
[2025-10-10 10:28:38] [WD] hb uptime=976s restarts=3 child_alive=True
[2025-10-10 10:28:43] [WD] hb uptime=981s restarts=3 child_alive=True
[2025-10-10 10:28:48] [WD] hb uptime=986s restarts=3 child_alive=True
[2025-10-10 10:28:53] [WD] hb uptime=991s restarts=3 child_alive=True
[2025-10-10 10:28:58] [WD] hb uptime=996s restarts=3 child_alive=True
[2025-10-10 10:29:03] [WD] hb uptime=1001s restarts=3 child_alive=True
[2025-10-10 10:29:08] [WD] hb uptime=1006s restarts=3 child_alive=True
[2025-10-10 10:29:13] [WD] hb uptime=1011s restarts=3 child_alive=True
[2025-10-10 10:29:18] [WD] hb uptime=1016s restarts=3 child_alive=True
[2025-10-10 10:29:23] [WD] hb uptime=1021s restarts=3 child_alive=True
[2025-10-10 10:29:28] [WD] hb uptime=1026s restarts=3 child_alive=True
[2025-10-10 10:29:33] [WD] hb uptime=1031s restarts=3 child_alive=True
[2025-10-10 10:29:38] [WD] hb uptime=1036s restarts=3 child_alive=True
[2025-10-10 10:29:43] [WD] hb uptime=1041s restarts=3 child_alive=True
[2025-10-10 10:29:48] [WD] hb uptime=1046s restarts=3 child_alive=True
[2025-10-10 10:29:53] [WD] hb uptime=1051s restarts=3 child_alive=True
[2025-10-10 10:29:58] [WD] hb uptime=1056s restarts=3 child_alive=True
[2025-10-10 10:30:03] [WD] hb uptime=1061s restarts=3 child_alive=True
[2025-10-10 10:30:08] [WD] hb uptime=1066s restarts=3 child_alive=True
[2025-10-10 10:30:13] [WD] hb uptime=1071s restarts=3 child_alive=True
[2025-10-10 10:30:18] [WD] hb uptime=1076s restarts=3 child_alive=True
[2025-10-10 10:30:23] [WD] hb uptime=1081s restarts=3 child_alive=True
[2025-10-10 10:30:28] [WD] hb uptime=1086s restarts=3 child_alive=True
[2025-10-10 10:30:33] [WD] hb uptime=1091s restarts=3 child_alive=True
[2025-10-10 10:30:38] [WD] hb uptime=1096s restarts=3 child_alive=True
[2025-10-10 10:30:43] [WD] hb uptime=1102s restarts=3 child_alive=True
[2025-10-10 10:30:48] [WD] hb uptime=1107s restarts=3 child_alive=True
[2025-10-10 10:30:53] [WD] hb uptime=1112s restarts=3 child_alive=True
[2025-10-10 10:30:58] [WD] hb uptime=1117s restarts=3 child_alive=True
[2025-10-10 10:31:03] [WD] hb uptime=1122s restarts=3 child_alive=True
[2025-10-10 10:31:08] [WD] hb uptime=1127s restarts=3 child_alive=True
[2025-10-10 10:31:13] [WD] hb uptime=1132s restarts=3 child_alive=True
[2025-10-10 10:31:18] [WD] hb uptime=1137s restarts=3 child_alive=True
[2025-10-10 10:31:23] [WD] hb uptime=1142s restarts=3 child_alive=True
[2025-10-10 10:31:28] [WD] hb uptime=1147s restarts=3 child_alive=True
[2025-10-10 10:31:33] [WD] hb uptime=1152s restarts=3 child_alive=True
[2025-10-10 10:31:38] [WD] hb uptime=1157s restarts=3 child_alive=True
[2025-10-10 10:31:43] [WD] hb uptime=1162s restarts=3 child_alive=True
[2025-10-10 10:31:48] [WD] hb uptime=1167s restarts=3 child_alive=True
[2025-10-10 10:31:53] [WD] hb uptime=1172s restarts=3 child_alive=True
[2025-10-10 10:31:58] [WD] hb uptime=1177s restarts=3 child_alive=True
[2025-10-10 10:32:03] [WD] hb uptime=1182s restarts=3 child_alive=True
[2025-10-10 10:32:08] [WD] hb uptime=1187s restarts=3 child_alive=True
[2025-10-10 10:32:13] [WD] hb uptime=1192s restarts=3 child_alive=True
[2025-10-10 10:32:18] [WD] hb uptime=1197s restarts=3 child_alive=True
[2025-10-10 10:32:23] [WD] hb uptime=1202s restarts=3 child_alive=True
[2025-10-10 10:32:28] [WD] hb uptime=1207s restarts=3 child_alive=True
[2025-10-10 10:32:33] [WD] hb uptime=1212s restarts=3 child_alive=True
[2025-10-10 10:32:38] [WD] hb uptime=1217s restarts=3 child_alive=True
[2025-10-10 10:32:43] [WD] hb uptime=1222s restarts=3 child_alive=True
[2025-10-10 10:32:48] [WD] hb uptime=1227s restarts=3 child_alive=True
Starting ES paper bot...
[CONNECT] 127.0.0.1:7497 clientId=111
Error 326, reqId -1: Unable to connect as the client id is already in use. Retry with a unique client id.
Peer closed connection. clientId 111 already in use?
API connection failed: TimeoutError()
ERROR [CONNECT] Failed: TimeoutError()
[2025-10-10 10:32:53] EXIT CODE: 0
[2025-10-10 10:32:53] [WD] hb uptime=1232s restarts=4 child_alive=False
[2025-10-10 10:32:58] [WD] hb uptime=1237s restarts=4 child_alive=False

[2025-10-10 10:33:03] CMD: C:\Users\owner\AppData\Local\Programs\Python\Python313\python.exe -X faulthandler -u C:\Users\owner\Desktop\es_futures_backtester\paper_trader.py --local-symbol ESZ5 --host 127.0.0.1 --port 7497 --clientId 111 --symbol ES --auto-front-month --entry-slippage-ticks 2 --atomic-bracket --qty 1 --risk-ticks 12 --tick-size 0.25 --tp-R 1.0 --enable-arms trend,breakout --gate-adx 19 --gate-bbbw 0.00020 --gate-atrp 0.000055 --min-hold-sec 60 --breakeven-after-R 2.2 --trail-atr-mult 3.2 --trail-delay-sec 240 --trail-on-bar-close --max-trades-per-day 12 --day-loss-cap-R 3 --strategy-cooldown-sec 150 --trade-start-ct 00:00 --trade-end-ct 23:59 --tif GTC --outsideRth --require-new-bar-after-start --startup-delay-sec 10 --debounce-one-bar --duration 1D --connect-timeout-sec 300 --timeout-sec 300 --bandit meta --bandit-state .\data\learn\bandit_state.json --learn-log --learn-log-dir .\logs\learn --decay-half-life-trades 400 --meta-eta 0.2 --switching-cost 0.05 --ph-delta 0.002 --ph-lambda 0.98 --poll-hist-when-no-rt --poll-interval-sec 10 --place-orders -v
[2025-10-10 10:33:03] [WD] hb uptime=1242s restarts=4 child_alive=True
[2025-10-10 10:33:08] [WD] hb uptime=1247s restarts=4 child_alive=True
[2025-10-10 10:33:13] [WD] hb uptime=1252s restarts=4 child_alive=True
[2025-10-10 10:33:18] [WD] hb uptime=1257s restarts=4 child_alive=True
[2025-10-10 10:33:23] [WD] hb uptime=1262s restarts=4 child_alive=True
[2025-10-10 10:33:28] [WD] hb uptime=1267s restarts=4 child_alive=True
[2025-10-10 10:33:33] [WD] hb uptime=1272s restarts=4 child_alive=True
[2025-10-10 10:33:38] [WD] hb uptime=1277s restarts=4 child_alive=True
[2025-10-10 10:33:43] [WD] hb uptime=1282s restarts=4 child_alive=True
[2025-10-10 10:33:48] [WD] hb uptime=1287s restarts=4 child_alive=True
[2025-10-10 10:33:53] [WD] hb uptime=1292s restarts=4 child_alive=True
[2025-10-10 10:33:58] [WD] hb uptime=1297s restarts=4 child_alive=True
[2025-10-10 10:34:03] [WD] hb uptime=1302s restarts=4 child_alive=True
[2025-10-10 10:34:08] [WD] hb uptime=1307s restarts=4 child_alive=True
[2025-10-10 10:34:13] [WD] hb uptime=1312s restarts=4 child_alive=True
[2025-10-10 10:34:18] [WD] hb uptime=1317s restarts=4 child_alive=True
[2025-10-10 10:34:23] [WD] hb uptime=1322s restarts=4 child_alive=True
[2025-10-10 10:34:28] [WD] hb uptime=1327s restarts=4 child_alive=True
[2025-10-10 10:34:33] [WD] hb uptime=1332s restarts=4 child_alive=True
[2025-10-10 10:34:38] [WD] hb uptime=1337s restarts=4 child_alive=True
[2025-10-10 10:34:43] [WD] hb uptime=1342s restarts=4 child_alive=True
[2025-10-10 10:34:48] [WD] hb uptime=1347s restarts=4 child_alive=True
[2025-10-10 10:34:53] [WD] hb uptime=1352s restarts=4 child_alive=True
[2025-10-10 10:34:58] [WD] hb uptime=1357s restarts=4 child_alive=True
[2025-10-10 10:35:03] [WD] hb uptime=1362s restarts=4 child_alive=True
[2025-10-10 10:35:08] [WD] hb uptime=1367s restarts=4 child_alive=True
[2025-10-10 10:35:13] [WD] hb uptime=1372s restarts=4 child_alive=True
[2025-10-10 10:35:18] [WD] hb uptime=1377s restarts=4 child_alive=True
[2025-10-10 10:35:23] [WD] hb uptime=1382s restarts=4 child_alive=True
[2025-10-10 10:35:28] [WD] hb uptime=1387s restarts=4 child_alive=True
[2025-10-10 10:35:33] [WD] hb uptime=1392s restarts=4 child_alive=True
[2025-10-10 10:35:38] [WD] hb uptime=1397s restarts=4 child_alive=True
[2025-10-10 10:35:43] [WD] hb uptime=1402s restarts=4 child_alive=True
[2025-10-10 10:35:48] [WD] hb uptime=1407s restarts=4 child_alive=True
[2025-10-10 10:35:54] [WD] hb uptime=1412s restarts=4 child_alive=True
[2025-10-10 10:35:59] [WD] hb uptime=1417s restarts=4 child_alive=True
[2025-10-10 10:36:04] [WD] hb uptime=1422s restarts=4 child_alive=True
[2025-10-10 10:36:09] [WD] hb uptime=1427s restarts=4 child_alive=True
[2025-10-10 10:36:14] [WD] hb uptime=1432s restarts=4 child_alive=True
[2025-10-10 10:36:19] [WD] hb uptime=1437s restarts=4 child_alive=True
[2025-10-10 10:36:24] [WD] hb uptime=1442s restarts=4 child_alive=True
[2025-10-10 10:36:29] [WD] hb uptime=1447s restarts=4 child_alive=True
[2025-10-10 10:36:34] [WD] hb uptime=1452s restarts=4 child_alive=True
[2025-10-10 10:36:39] [WD] hb uptime=1457s restarts=4 child_alive=True
[2025-10-10 10:36:44] [WD] hb uptime=1462s restarts=4 child_alive=True
[2025-10-10 10:36:49] [WD] hb uptime=1467s restarts=4 child_alive=True
[2025-10-10 10:36:54] [WD] hb uptime=1472s restarts=4 child_alive=True
[2025-10-10 10:36:59] [WD] hb uptime=1477s restarts=4 child_alive=True
[2025-10-10 10:37:04] [WD] hb uptime=1482s restarts=4 child_alive=True
[2025-10-10 10:37:09] [WD] hb uptime=1487s restarts=4 child_alive=True
[2025-10-10 10:37:14] [WD] hb uptime=1492s restarts=4 child_alive=True
[2025-10-10 10:37:19] [WD] hb uptime=1497s restarts=4 child_alive=True
[2025-10-10 10:37:24] [WD] hb uptime=1502s restarts=4 child_alive=True
[2025-10-10 10:37:29] [WD] hb uptime=1507s restarts=4 child_alive=True
[2025-10-10 10:37:34] [WD] hb uptime=1512s restarts=4 child_alive=True
[2025-10-10 10:37:39] [WD] hb uptime=1517s restarts=4 child_alive=True
[2025-10-10 10:37:44] [WD] hb uptime=1522s restarts=4 child_alive=True
[2025-10-10 10:37:49] [WD] hb uptime=1527s restarts=4 child_alive=True
[2025-10-10 10:37:54] [WD] hb uptime=1532s restarts=4 child_alive=True
[2025-10-10 10:37:59] [WD] hb uptime=1537s restarts=4 child_alive=True
Starting ES paper bot...
[CONNECT] 127.0.0.1:7497 clientId=111
Error 326, reqId -1: Unable to connect as the client id is already in use. Retry with a unique client id.
Peer closed connection. clientId 111 already in use?
API connection failed: TimeoutError()
ERROR [CONNECT] Failed: TimeoutError()
[2025-10-10 10:38:03] EXIT CODE: 0
[2025-10-10 10:38:04] [WD] hb uptime=1542s restarts=5 child_alive=False
[2025-10-10 10:38:09] [WD] hb uptime=1547s restarts=5 child_alive=False

[2025-10-10 10:38:13] CMD: C:\Users\owner\AppData\Local\Programs\Python\Python313\python.exe -X faulthandler -u C:\Users\owner\Desktop\es_futures_backtester\paper_trader.py --local-symbol ESZ5 --host 127.0.0.1 --port 7497 --clientId 111 --symbol ES --auto-front-month --entry-slippage-ticks 2 --atomic-bracket --qty 1 --risk-ticks 12 --tick-size 0.25 --tp-R 1.0 --enable-arms trend,breakout --gate-adx 19 --gate-bbbw 0.00020 --gate-atrp 0.000055 --min-hold-sec 60 --breakeven-after-R 2.2 --trail-atr-mult 3.2 --trail-delay-sec 240 --trail-on-bar-close --max-trades-per-day 12 --day-loss-cap-R 3 --strategy-cooldown-sec 150 --trade-start-ct 00:00 --trade-end-ct 23:59 --tif GTC --outsideRth --require-new-bar-after-start --startup-delay-sec 10 --debounce-one-bar --duration 1D --connect-timeout-sec 300 --timeout-sec 300 --bandit meta --bandit-state .\data\learn\bandit_state.json --learn-log --learn-log-dir .\logs\learn --decay-half-life-trades 400 --meta-eta 0.2 --switching-cost 0.05 --ph-delta 0.002 --ph-lambda 0.98 --poll-hist-when-no-rt --poll-interval-sec 10 --place-orders -v
[2025-10-10 10:38:14] [WD] hb uptime=1552s restarts=5 child_alive=True
[2025-10-10 10:38:19] [WD] hb uptime=1557s restarts=5 child_alive=True
[2025-10-10 10:38:24] [WD] hb uptime=1562s restarts=5 child_alive=True
[2025-10-10 10:38:29] [WD] hb uptime=1567s restarts=5 child_alive=True
[2025-10-10 10:38:34] [WD] hb uptime=1572s restarts=5 child_alive=True
[2025-10-10 10:38:39] [WD] hb uptime=1577s restarts=5 child_alive=True
[2025-10-10 10:38:44] [WD] hb uptime=1582s restarts=5 child_alive=True
[2025-10-10 10:38:49] [WD] hb uptime=1587s restarts=5 child_alive=True
[2025-10-10 10:38:54] [WD] hb uptime=1592s restarts=5 child_alive=True
[2025-10-10 10:38:59] [WD] hb uptime=1597s restarts=5 child_alive=True
[2025-10-10 10:39:04] [WD] hb uptime=1602s restarts=5 child_alive=True
[2025-10-10 10:39:09] [WD] hb uptime=1607s restarts=5 child_alive=True
[2025-10-10 10:39:14] [WD] hb uptime=1612s restarts=5 child_alive=True
[2025-10-10 10:39:19] [WD] hb uptime=1617s restarts=5 child_alive=True
[2025-10-10 10:39:24] [WD] hb uptime=1622s restarts=5 child_alive=True
[2025-10-10 10:39:29] [WD] hb uptime=1627s restarts=5 child_alive=True
[2025-10-10 10:39:34] [WD] hb uptime=1632s restarts=5 child_alive=True
[2025-10-10 10:39:39] [WD] hb uptime=1637s restarts=5 child_alive=True
[2025-10-10 10:39:44] [WD] hb uptime=1642s restarts=5 child_alive=True
[2025-10-10 10:39:49] [WD] hb uptime=1647s restarts=5 child_alive=True
[2025-10-10 10:39:54] [WD] hb uptime=1652s restarts=5 child_alive=True
[2025-10-10 10:39:59] [WD] hb uptime=1657s restarts=5 child_alive=True
[2025-10-10 10:40:04] [WD] hb uptime=1662s restarts=5 child_alive=True
[2025-10-10 10:40:09] [WD] hb uptime=1667s restarts=5 child_alive=True
[2025-10-10 10:40:14] [WD] hb uptime=1672s restarts=5 child_alive=True
[2025-10-10 10:40:19] [WD] hb uptime=1677s restarts=5 child_alive=True
[2025-10-10 10:40:24] [WD] hb uptime=1683s restarts=5 child_alive=True
[2025-10-10 10:40:29] [WD] hb uptime=1688s restarts=5 child_alive=True
[2025-10-10 10:40:34] [WD] hb uptime=1693s restarts=5 child_alive=True
[2025-10-10 10:40:39] [WD] hb uptime=1698s restarts=5 child_alive=True
[2025-10-10 10:40:44] [WD] hb uptime=1703s restarts=5 child_alive=True
[2025-10-10 10:40:49] [WD] hb uptime=1708s restarts=5 child_alive=True
[2025-10-10 10:40:54] [WD] hb uptime=1713s restarts=5 child_alive=True
[2025-10-10 10:40:59] [WD] hb uptime=1718s restarts=5 child_alive=True
[2025-10-10 10:41:04] [WD] hb uptime=1723s restarts=5 child_alive=True
[2025-10-10 10:41:09] [WD] hb uptime=1728s restarts=5 child_alive=True
[2025-10-10 10:41:14] [WD] hb uptime=1733s restarts=5 child_alive=True
[2025-10-10 10:41:19] [WD] hb uptime=1738s restarts=5 child_alive=True
[2025-10-10 10:41:24] [WD] hb uptime=1743s restarts=5 child_alive=True
[2025-10-10 10:41:29] [WD] hb uptime=1748s restarts=5 child_alive=True
[2025-10-10 10:41:34] [WD] hb uptime=1753s restarts=5 child_alive=True
[2025-10-10 10:41:39] [WD] hb uptime=1758s restarts=5 child_alive=True
[2025-10-10 10:41:44] [WD] hb uptime=1763s restarts=5 child_alive=True
[2025-10-10 10:41:49] [WD] hb uptime=1768s restarts=5 child_alive=True
[2025-10-10 10:41:54] [WD] hb uptime=1773s restarts=5 child_alive=True
[2025-10-10 10:41:59] [WD] hb uptime=1778s restarts=5 child_alive=True
[2025-10-10 10:42:04] [WD] hb uptime=1783s restarts=5 child_alive=True
[2025-10-10 10:42:09] [WD] hb uptime=1788s restarts=5 child_alive=True
[2025-10-10 10:42:14] [WD] hb uptime=1793s restarts=5 child_alive=True
[2025-10-10 10:42:19] [WD] hb uptime=1798s restarts=5 child_alive=True
[2025-10-10 10:42:24] [WD] hb uptime=1803s restarts=5 child_alive=True
[2025-10-10 10:42:29] [WD] hb uptime=1808s restarts=5 child_alive=True
[2025-10-10 10:42:34] [WD] hb uptime=1813s restarts=5 child_alive=True
[2025-10-10 10:42:39] [WD] hb uptime=1818s restarts=5 child_alive=True
[2025-10-10 10:42:44] [WD] hb uptime=1823s restarts=5 child_alive=True
[2025-10-10 10:42:49] [WD] hb uptime=1828s restarts=5 child_alive=True
[2025-10-10 10:42:54] [WD] hb uptime=1833s restarts=5 child_alive=True
[2025-10-10 10:42:59] [WD] hb uptime=1838s restarts=5 child_alive=True
[2025-10-10 10:43:04] [WD] hb uptime=1843s restarts=5 child_alive=True
[2025-10-10 10:43:09] [WD] hb uptime=1848s restarts=5 child_alive=True
Starting ES paper bot...
[CONNECT] 127.0.0.1:7497 clientId=111
Error 326, reqId -1: Unable to connect as the client id is already in use. Retry with a unique client id.
Peer closed connection. clientId 111 already in use?
API connection failed: TimeoutError()
ERROR [CONNECT] Failed: TimeoutError()
[2025-10-10 10:43:14] EXIT CODE: 0
[2025-10-10 10:43:14] [WD] hb uptime=1853s restarts=6 child_alive=False
[2025-10-10 10:43:19] [WD] hb uptime=1858s restarts=6 child_alive=False

[2025-10-10 10:43:24] CMD: C:\Users\owner\AppData\Local\Programs\Python\Python313\python.exe -X faulthandler -u C:\Users\owner\Desktop\es_futures_backtester\paper_trader.py --local-symbol ESZ5 --host 127.0.0.1 --port 7497 --clientId 111 --symbol ES --auto-front-month --entry-slippage-ticks 2 --atomic-bracket --qty 1 --risk-ticks 12 --tick-size 0.25 --tp-R 1.0 --enable-arms trend,breakout --gate-adx 19 --gate-bbbw 0.00020 --gate-atrp 0.000055 --min-hold-sec 60 --breakeven-after-R 2.2 --trail-atr-mult 3.2 --trail-delay-sec 240 --trail-on-bar-close --max-trades-per-day 12 --day-loss-cap-R 3 --strategy-cooldown-sec 150 --trade-start-ct 00:00 --trade-end-ct 23:59 --tif GTC --outsideRth --require-new-bar-after-start --startup-delay-sec 10 --debounce-one-bar --duration 1D --connect-timeout-sec 300 --timeout-sec 300 --bandit meta --bandit-state .\data\learn\bandit_state.json --learn-log --learn-log-dir .\logs\learn --decay-half-life-trades 400 --meta-eta 0.2 --switching-cost 0.05 --ph-delta 0.002 --ph-lambda 0.98 --poll-hist-when-no-rt --poll-interval-sec 10 --place-orders -v
[2025-10-10 10:43:24] [WD] hb uptime=1863s restarts=6 child_alive=True
[2025-10-10 10:43:29] [WD] hb uptime=1868s restarts=6 child_alive=True
[2025-10-10 10:43:34] [WD] hb uptime=1873s restarts=6 child_alive=True
[2025-10-10 10:43:39] [WD] hb uptime=1878s restarts=6 child_alive=True
[2025-10-10 10:43:44] [WD] hb uptime=1883s restarts=6 child_alive=True
[2025-10-10 10:43:49] [WD] hb uptime=1888s restarts=6 child_alive=True
[2025-10-10 10:43:54] [WD] hb uptime=1893s restarts=6 child_alive=True
[2025-10-10 10:43:59] [WD] hb uptime=1898s restarts=6 child_alive=True
[2025-10-10 10:44:04] [WD] hb uptime=1903s restarts=6 child_alive=True
[2025-10-10 10:44:09] [WD] hb uptime=1908s restarts=6 child_alive=True
[2025-10-10 10:44:14] [WD] hb uptime=1913s restarts=6 child_alive=True
[2025-10-10 10:44:19] [WD] hb uptime=1918s restarts=6 child_alive=True
[2025-10-10 10:44:24] [WD] hb uptime=1923s restarts=6 child_alive=True
[2025-10-10 10:44:29] [WD] hb uptime=1928s restarts=6 child_alive=True
[2025-10-10 10:44:34] [WD] hb uptime=1933s restarts=6 child_alive=True
[2025-10-10 10:44:39] [WD] hb uptime=1938s restarts=6 child_alive=True
[2025-10-10 10:44:44] [WD] hb uptime=1943s restarts=6 child_alive=True
[2025-10-10 10:44:50] [WD] hb uptime=1948s restarts=6 child_alive=True
[2025-10-10 10:44:55] [WD] hb uptime=1953s restarts=6 child_alive=True
[2025-10-10 10:45:00] [WD] hb uptime=1958s restarts=6 child_alive=True
[2025-10-10 10:45:05] [WD] hb uptime=1963s restarts=6 child_alive=True
[2025-10-10 10:45:10] [WD] hb uptime=1968s restarts=6 child_alive=True
[2025-10-10 10:45:15] [WD] hb uptime=1973s restarts=6 child_alive=True
[2025-10-10 10:45:20] [WD] hb uptime=1978s restarts=6 child_alive=True
[2025-10-10 10:45:25] [WD] hb uptime=1983s restarts=6 child_alive=True
[2025-10-10 10:45:30] [WD] hb uptime=1988s restarts=6 child_alive=True
[2025-10-10 10:45:35] [WD] hb uptime=1993s restarts=6 child_alive=True
[2025-10-10 10:45:40] [WD] hb uptime=1998s restarts=6 child_alive=True
[2025-10-10 10:45:45] [WD] hb uptime=2003s restarts=6 child_alive=True
[2025-10-10 10:45:50] [WD] hb uptime=2008s restarts=6 child_alive=True
[2025-10-10 10:45:55] [WD] hb uptime=2013s restarts=6 child_alive=True
[2025-10-10 10:46:00] [WD] hb uptime=2018s restarts=6 child_alive=True
[2025-10-10 10:46:05] [WD] hb uptime=2023s restarts=6 child_alive=True
[2025-10-10 10:46:10] [WD] hb uptime=2028s restarts=6 child_alive=True
[2025-10-10 10:46:15] [WD] hb uptime=2033s restarts=6 child_alive=True
[2025-10-10 10:46:20] [WD] hb uptime=2038s restarts=6 child_alive=True
[2025-10-10 10:46:25] [WD] hb uptime=2043s restarts=6 child_alive=True
[2025-10-10 10:46:30] [WD] hb uptime=2048s restarts=6 child_alive=True
[2025-10-10 10:46:35] [WD] hb uptime=2053s restarts=6 child_alive=True
[2025-10-10 10:46:40] [WD] hb uptime=2058s restarts=6 child_alive=True
[2025-10-10 10:46:45] [WD] hb uptime=2063s restarts=6 child_alive=True
[2025-10-10 10:46:50] [WD] hb uptime=2068s restarts=6 child_alive=True
[2025-10-10 10:46:55] [WD] hb uptime=2073s restarts=6 child_alive=True
[2025-10-10 10:47:00] [WD] hb uptime=2078s restarts=6 child_alive=True
[2025-10-10 10:47:05] [WD] hb uptime=2083s restarts=6 child_alive=True
[2025-10-10 10:47:10] [WD] hb uptime=2088s restarts=6 child_alive=True
[2025-10-10 10:47:15] [WD] hb uptime=2093s restarts=6 child_alive=True
[2025-10-10 10:47:20] [WD] hb uptime=2098s restarts=6 child_alive=True
[2025-10-10 10:47:25] [WD] hb uptime=2103s restarts=6 child_alive=True
[2025-10-10 10:47:30] [WD] hb uptime=2108s restarts=6 child_alive=True
[2025-10-10 10:47:35] [WD] hb uptime=2113s restarts=6 child_alive=True
[2025-10-10 10:47:40] [WD] hb uptime=2118s restarts=6 child_alive=True
[2025-10-10 10:47:45] [WD] hb uptime=2123s restarts=6 child_alive=True
[2025-10-10 10:47:50] [WD] hb uptime=2128s restarts=6 child_alive=True
[2025-10-10 10:47:55] [WD] hb uptime=2133s restarts=6 child_alive=True
[2025-10-10 10:48:00] [WD] hb uptime=2138s restarts=6 child_alive=True
[2025-10-10 10:48:05] [WD] hb uptime=2143s restarts=6 child_alive=True
[2025-10-10 10:48:10] [WD] hb uptime=2148s restarts=6 child_alive=True
[2025-10-10 10:48:15] [WD] hb uptime=2153s restarts=6 child_alive=True
[2025-10-10 10:48:20] [WD] hb uptime=2158s restarts=6 child_alive=True
Starting ES paper bot...
[CONNECT] 127.0.0.1:7497 clientId=111
Error 326, reqId -1: Unable to connect as the client id is already in use. Retry with a unique client id.
Peer closed connection. clientId 111 already in use?
API connection failed: TimeoutError()
ERROR [CONNECT] Failed: TimeoutError()
[2025-10-10 10:48:24] EXIT CODE: 0
[2025-10-10 10:48:25] [WD] hb uptime=2163s restarts=7 child_alive=False
[2025-10-10 10:48:30] [WD] hb uptime=2168s restarts=7 child_alive=False

[2025-10-10 10:48:34] CMD: C:\Users\owner\AppData\Local\Programs\Python\Python313\python.exe -X faulthandler -u C:\Users\owner\Desktop\es_futures_backtester\paper_trader.py --local-symbol ESZ5 --host 127.0.0.1 --port 7497 --clientId 111 --symbol ES --auto-front-month --entry-slippage-ticks 2 --atomic-bracket --qty 1 --risk-ticks 12 --tick-size 0.25 --tp-R 1.0 --enable-arms trend,breakout --gate-adx 19 --gate-bbbw 0.00020 --gate-atrp 0.000055 --min-hold-sec 60 --breakeven-after-R 2.2 --trail-atr-mult 3.2 --trail-delay-sec 240 --trail-on-bar-close --max-trades-per-day 12 --day-loss-cap-R 3 --strategy-cooldown-sec 150 --trade-start-ct 00:00 --trade-end-ct 23:59 --tif GTC --outsideRth --require-new-bar-after-start --startup-delay-sec 10 --debounce-one-bar --duration 1D --connect-timeout-sec 300 --timeout-sec 300 --bandit meta --bandit-state .\data\learn\bandit_state.json --learn-log --learn-log-dir .\logs\learn --decay-half-life-trades 400 --meta-eta 0.2 --switching-cost 0.05 --ph-delta 0.002 --ph-lambda 0.98 --poll-hist-when-no-rt --poll-interval-sec 10 --place-orders -v
[2025-10-10 10:48:35] [WD] hb uptime=2173s restarts=7 child_alive=True
[2025-10-10 10:48:40] [WD] hb uptime=2178s restarts=7 child_alive=True
[2025-10-10 10:48:45] [WD] hb uptime=2183s restarts=7 child_alive=True
[2025-10-10 10:48:50] [WD] hb uptime=2188s restarts=7 child_alive=True
[2025-10-10 10:48:55] [WD] hb uptime=2193s restarts=7 child_alive=True
[2025-10-10 10:49:00] [WD] hb uptime=2198s restarts=7 child_alive=True
[2025-10-10 10:49:05] [WD] hb uptime=2203s restarts=7 child_alive=True
[2025-10-10 10:49:10] [WD] hb uptime=2208s restarts=7 child_alive=True
[2025-10-10 10:49:15] [WD] hb uptime=2213s restarts=7 child_alive=True
[2025-10-10 10:49:20] [WD] hb uptime=2218s restarts=7 child_alive=True
[2025-10-10 10:49:25] [WD] hb uptime=2223s restarts=7 child_alive=True
[2025-10-10 10:49:30] [WD] hb uptime=2229s restarts=7 child_alive=True
[2025-10-10 10:49:35] [WD] hb uptime=2234s restarts=7 child_alive=True
[2025-10-10 10:49:40] [WD] hb uptime=2239s restarts=7 child_alive=True
[2025-10-10 10:49:45] [WD] hb uptime=2244s restarts=7 child_alive=True
[2025-10-10 10:49:50] [WD] hb uptime=2249s restarts=7 child_alive=True
[2025-10-10 10:49:55] [WD] hb uptime=2254s restarts=7 child_alive=True
[2025-10-10 10:50:00] [WD] hb uptime=2259s restarts=7 child_alive=True
[2025-10-10 10:50:05] [WD] hb uptime=2264s restarts=7 child_alive=True
[2025-10-10 10:50:10] [WD] hb uptime=2269s restarts=7 child_alive=True
[2025-10-10 10:50:15] [WD] hb uptime=2274s restarts=7 child_alive=True
[2025-10-10 10:50:20] [WD] hb uptime=2279s restarts=7 child_alive=True
[2025-10-10 10:50:25] [WD] hb uptime=2284s restarts=7 child_alive=True
[2025-10-10 10:50:30] [WD] hb uptime=2289s restarts=7 child_alive=True
[2025-10-10 10:50:35] [WD] hb uptime=2294s restarts=7 child_alive=True
[2025-10-10 10:50:40] [WD] hb uptime=2299s restarts=7 child_alive=True
[2025-10-10 10:50:45] [WD] hb uptime=2304s restarts=7 child_alive=True
[2025-10-10 10:50:50] [WD] hb uptime=2309s restarts=7 child_alive=True
[2025-10-10 10:50:55] [WD] hb uptime=2314s restarts=7 child_alive=True
[2025-10-10 10:51:00] [WD] hb uptime=2319s restarts=7 child_alive=True
[2025-10-10 10:51:05] [WD] hb uptime=2324s restarts=7 child_alive=True
[2025-10-10 10:51:10] [WD] hb uptime=2329s restarts=7 child_alive=True
Starting ES paper bot...
[CONNECT] 127.0.0.1:7497 clientId=111
Error 326, reqId -1: Unable to connect as the client id is already in use. Retry with a unique client id.
Peer closed connection. clientId 111 already in use?
[2025-10-10 10:51:12] EXIT CODE: 1
