
[2025-10-08 17:28:51] CMD: C:\Users\owner\AppData\Local\Programs\Python\Python313\python.exe -X faulthandler -u C:\Users\owner\Desktop\es_futures_backtester\paper_trader.py --local-symbol ESZ5 --host 127.0.0.1 --port 7497 --clientId 111 --symbol ES --entry-slippage-ticks 2 --atomic-bracket --qty 1 --risk-ticks 12 --tick-size 0.25 --tp-R 1.0 --enable-arms trend,breakout --gate-adx 19 --gate-bbbw 0.00020 --gate-atrp 0.000055 --min-hold-sec 60 --breakeven-after-R 2.2 --trail-atr-mult 3.2 --trail-delay-sec 240 --trail-on-bar-close --max-trades-per-day 12 --day-loss-cap-R 3 --strategy-cooldown-sec 150 --trade-start-ct 00:00 --trade-end-ct 23:59 --tif GTC --outsideRth --require-new-bar-after-start --startup-delay-sec 10 --debounce-one-bar --duration "1 D" --connect-timeout-sec 300 --timeout-sec 300 --chooser bandit_hybrid --bandit ucb --bandit-state .\data\learn\bandit_state.json --learn-log --learn-log-dir .\logs\learn --place-orders -v --poll-hist-when-no-rt --poll-interval-sec 10
[2025-10-08 17:28:56] [WD] hb uptime=5s restarts=0 child_alive=True
[2025-10-08 17:29:01] [WD] hb uptime=10s restarts=0 child_alive=True
[2025-10-08 17:29:06] [WD] hb uptime=15s restarts=0 child_alive=True
[2025-10-08 17:29:11] [WD] hb uptime=20s restarts=0 child_alive=True
[2025-10-08 17:29:16] [WD] hb uptime=25s restarts=0 child_alive=True
[2025-10-08 17:29:21] [WD] hb uptime=30s restarts=0 child_alive=True
[2025-10-08 17:29:26] [WD] hb uptime=35s restarts=0 child_alive=True
[2025-10-08 17:29:31] [WD] hb uptime=40s restarts=0 child_alive=True
[2025-10-08 17:29:36] [WD] hb uptime=45s restarts=0 child_alive=True
Starting ES paper bot...
[CONNECT] 127.0.0.1:7497 clientId=111
Connected
[MD] Market data type set to LIVE (1)
[CONTRACT] Using localSymbol=ESZ5 conId=495512563 expiry=20251219
[BOOT] Hist seed: 361 bars
[MD] POLL error: AttributeError("'BarData' object has no attribute 'time'")
2025-10-08 17:29:01 INFO [HB] active | src=SEED dayR=0.00 open=0 tradesToday=0 bars=362 | arms=trend 0/0.00, breakout 1/-0.00
2025-10-08 17:29:02 INFO [HB] active | src=RT dayR=0.00 open=0 tradesToday=0 bars=363 | arms=trend 0/0.00, breakout 1/-0.00
2025-10-08 17:29:03 INFO [HB] active | src=RT dayR=0.00 open=0 tradesToday=0 bars=363 | arms=trend 0/0.00, breakout 1/-0.00
2025-10-08 17:29:03 INFO [HB] active | src=RT dayR=0.00 open=0 tradesToday=0 bars=363 | arms=trend 0/0.00, breakout 1/-0.00
2025-10-08 17:29:04 INFO [HB] active | src=RT dayR=0.00 open=0 tradesToday=0 bars=363 | arms=trend 0/0.00, breakout 1/-0.00
2025-10-08 17:29:04 INFO [HB] active | src=RT dayR=0.00 open=0 tradesToday=0 bars=363 | arms=trend 0/0.00, breakout 1/-0.00
2025-10-08 17:29:05 INFO [HB] active | src=RT dayR=0.00 open=0 tradesToday=0 bars=363 | arms=trend 0/0.00, breakout 1/-0.00
2025-10-08 17:29:06 INFO [HB] active | src=RT dayR=0.00 open=0 tradesToday=0 bars=363 | arms=trend 0/0.00, breakout 1/-0.00
2025-10-08 17:29:06 INFO [HB] active | src=RT dayR=0.00 open=0 tradesToday=0 bars=363 | arms=trend 0/0.00, breakout 1/-0.00
2025-10-08 17:29:07 INFO [HB] active | src=RT dayR=0.00 open=0 tradesToday=0 bars=363 | arms=trend 0/0.00, breakout 1/-0.00
2025-10-08 17:29:07 INFO [HB] active | src=RT dayR=0.00 open=0 tradesToday=0 bars=363 | arms=trend 0/0.00, breakout 1/-0.00
2025-10-08 17:29:08 INFO [HB] active | src=RT dayR=0.00 open=0 tradesToday=0 bars=363 | arms=trend 0/0.00, breakout 1/-0.00
2025-10-08 17:29:09 INFO [HB] active | src=RT dayR=0.00 open=0 tradesToday=0 bars=363 | arms=trend 0/0.00, breakout 1/-0.00
2025-10-08 17:29:09 INFO [HB] active | src=RT dayR=0.00 open=0 tradesToday=0 bars=363 | arms=trend 0/0.00, breakout 1/-0.00
2025-10-08 17:29:10 INFO [HB] active | src=RT dayR=0.00 open=0 tradesToday=0 bars=363 | arms=trend 0/0.00, breakout 1/-0.00
2025-10-08 17:29:10 INFO [HB] active | src=RT dayR=0.00 open=0 tradesToday=0 bars=363 | arms=trend 0/0.00, breakout 1/-0.00
2025-10-08 17:29:11 INFO [HB] active | src=RT dayR=0.00 open=0 tradesToday=0 bars=363 | arms=trend 0/0.00, breakout 1/-0.00
[MD] POLL error: AttributeError("'BarData' object has no attribute 'time'")
2025-10-08 17:29:12 INFO [HB] active | src=RT dayR=0.00 open=0 tradesToday=0 bars=363 | arms=trend 0/0.00, breakout 1/-0.00
2025-10-08 17:29:12 INFO [HB] active | src=RT dayR=0.00 open=0 tradesToday=0 bars=364 | arms=trend 0/0.00, breakout 1/-0.00
2025-10-08 17:29:13 INFO [HB] active | src=RT dayR=0.00 open=0 tradesToday=0 bars=364 | arms=trend 0/0.00, breakout 1/-0.00
2025-10-08 17:29:13 INFO [HB] active | src=RT dayR=0.00 open=0 tradesToday=0 bars=364 | arms=trend 0/0.00, breakout 1/-0.00
2025-10-08 17:29:14 INFO [HB] active | src=RT dayR=0.00 open=0 tradesToday=0 bars=364 | arms=trend 0/0.00, breakout 1/-0.00
2025-10-08 17:29:15 INFO [HB] active | src=RT dayR=0.00 open=0 tradesToday=0 bars=364 | arms=trend 0/0.00, breakout 1/-0.00
2025-10-08 17:29:15 INFO [HB] active | src=RT dayR=0.00 open=0 tradesToday=0 bars=364 | arms=trend 0/0.00, breakout 1/-0.00
2025-10-08 17:29:16 INFO [HB] active | src=RT dayR=0.00 open=0 tradesToday=0 bars=364 | arms=trend 0/0.00, breakout 1/-0.00
2025-10-08 17:29:16 INFO [HB] active | src=RT dayR=0.00 open=0 tradesToday=0 bars=364 | arms=trend 0/0.00, breakout 1/-0.00
2025-10-08 17:29:17 INFO [HB] active | src=RT dayR=0.00 open=0 tradesToday=0 bars=364 | arms=trend 0/0.00, breakout 1/-0.00
2025-10-08 17:29:18 INFO [HB] active | src=RT dayR=0.00 open=0 tradesToday=0 bars=364 | arms=trend 0/0.00, breakout 1/-0.00
2025-10-08 17:29:18 INFO [HB] active | src=RT dayR=0.00 open=0 tradesToday=0 bars=364 | arms=trend 0/0.00, breakout 1/-0.00
2025-10-08 17:29:19 INFO [HB] active | src=RT dayR=0.00 open=0 tradesToday=0 bars=364 | arms=trend 0/0.00, breakout 1/-0.00
2025-10-08 17:29:19 INFO [HB] active | src=RT dayR=0.00 open=0 tradesToday=0 bars=364 | arms=trend 0/0.00, breakout 1/-0.00
2025-10-08 17:29:20 INFO [HB] active | src=RT dayR=0.00 open=0 tradesToday=0 bars=364 | arms=trend 0/0.00, breakout 1/-0.00
2025-10-08 17:29:21 INFO [HB] active | src=RT dayR=0.00 open=0 tradesToday=0 bars=364 | arms=trend 0/0.00, breakout 1/-0.00
2025-10-08 17:29:21 INFO [HB] active | src=RT dayR=0.00 open=0 tradesToday=0 bars=364 | arms=trend 0/0.00, breakout 1/-0.00
[MD] POLL error: AttributeError("'BarData' object has no attribute 'time'")
2025-10-08 17:29:22 INFO [HB] active | src=RT dayR=0.00 open=0 tradesToday=0 bars=364 | arms=trend 0/0.00, breakout 1/-0.00
2025-10-08 17:29:23 INFO [HB] active | src=RT dayR=0.00 open=0 tradesToday=0 bars=365 | arms=trend 0/0.00, breakout 1/-0.00
2025-10-08 17:29:23 INFO [HB] active | src=RT dayR=0.00 open=0 tradesToday=0 bars=365 | arms=trend 0/0.00, breakout 1/-0.00
2025-10-08 17:29:24 INFO [HB] active | src=RT dayR=0.00 open=0 tradesToday=0 bars=365 | arms=trend 0/0.00, breakout 1/-0.00
2025-10-08 17:29:24 INFO [HB] active | src=RT dayR=0.00 open=0 tradesToday=0 bars=365 | arms=trend 0/0.00, breakout 1/-0.00
2025-10-08 17:29:25 INFO [HB] active | src=RT dayR=0.00 open=0 tradesToday=0 bars=365 | arms=trend 0/0.00, breakout 1/-0.00
2025-10-08 17:29:26 INFO [HB] active | src=RT dayR=0.00 open=0 tradesToday=0 bars=365 | arms=trend 0/0.00, breakout 1/-0.00
2025-10-08 17:29:26 INFO [HB] active | src=RT dayR=0.00 open=0 tradesToday=0 bars=365 | arms=trend 0/0.00, breakout 1/-0.00
2025-10-08 17:29:27 INFO [HB] active | src=RT dayR=0.00 open=0 tradesToday=0 bars=365 | arms=trend 0/0.00, breakout 1/-0.00
2025-10-08 17:29:27 INFO [HB] active | src=RT dayR=0.00 open=0 tradesToday=0 bars=365 | arms=trend 0/0.00, breakout 1/-0.00
2025-10-08 17:29:28 INFO [HB] active | src=RT dayR=0.00 open=0 tradesToday=0 bars=365 | arms=trend 0/0.00, breakout 1/-0.00
2025-10-08 17:29:29 INFO [HB] active | src=RT dayR=0.00 open=0 tradesToday=0 bars=365 | arms=trend 0/0.00, breakout 1/-0.00
2025-10-08 17:29:29 INFO [HB] active | src=RT dayR=0.00 open=0 tradesToday=0 bars=365 | arms=trend 0/0.00, breakout 1/-0.00
2025-10-08 17:29:30 INFO [HB] active | src=RT dayR=0.00 open=0 tradesToday=0 bars=365 | arms=trend 0/0.00, breakout 1/-0.00
2025-10-08 17:29:30 INFO [HB] active | src=RT dayR=0.00 open=0 tradesToday=0 bars=365 | arms=trend 0/0.00, breakout 1/-0.00
2025-10-08 17:29:31 INFO [HB] active | src=RT dayR=0.00 open=0 tradesToday=0 bars=365 | arms=trend 0/0.00, breakout 1/-0.00
2025-10-08 17:29:32 INFO [HB] active | src=RT dayR=0.00 open=0 tradesToday=0 bars=365 | arms=trend 0/0.00, breakout 1/-0.00
[MD] POLL error: AttributeError("'BarData' object has no attribute 'time'")
2025-10-08 17:29:32 INFO [HB] active | src=RT dayR=0.00 open=0 tradesToday=0 bars=365 | arms=trend 0/0.00, breakout 1/-0.00
2025-10-08 17:29:33 INFO [HB] active | src=RT dayR=0.00 open=0 tradesToday=0 bars=366 | arms=trend 0/0.00, breakout 1/-0.00
2025-10-08 17:29:33 INFO [HB] active | src=RT dayR=0.00 open=0 tradesToday=0 bars=366 | arms=trend 0/0.00, breakout 1/-0.00
2025-10-08 17:29:34 INFO [HB] active | src=RT dayR=0.00 open=0 tradesToday=0 bars=366 | arms=trend 0/0.00, breakout 1/-0.00
2025-10-08 17:29:35 INFO [HB] active | src=RT dayR=0.00 open=0 tradesToday=0 bars=366 | arms=trend 0/0.00, breakout 1/-0.00
2025-10-08 17:29:35 INFO [HB] active | src=RT dayR=0.00 open=0 tradesToday=0 bars=366 | arms=trend 0/0.00, breakout 1/-0.00
2025-10-08 17:29:36 INFO [HB] active | src=RT dayR=0.00 open=0 tradesToday=0 bars=366 | arms=trend 0/0.00, breakout 1/-0.00
2025-10-08 17:29:36 INFO [HB] active | src=RT dayR=0.00 open=0 tradesToday=0 bars=366 | arms=trend 0/0.00, breakout 1/-0.00
2025-10-08 17:29:37 INFO [HB] active | src=RT dayR=0.00 open=0 tradesToday=0 bars=366 | arms=trend 0/0.00, breakout 1/-0.00
2025-10-08 17:29:38 INFO [HB] active | src=RT dayR=0.00 open=0 tradesToday=0 bars=366 | arms=trend 0/0.00, breakout 1/-0.00
2025-10-08 17:29:38 INFO [HB] active | src=RT dayR=0.00 open=0 tradesToday=0 bars=366 | arms=trend 0/0.00, breakout 1/-0.00
[2025-10-08 17:29:41] [WD] hb uptime=50s restarts=0 child_alive=True
[2025-10-08 17:29:46] [WD] hb uptime=55s restarts=0 child_alive=True
[2025-10-08 17:29:51] [WD] hb uptime=60s restarts=0 child_alive=True
[2025-10-08 17:29:56] [WD] hb uptime=65s restarts=0 child_alive=True
[2025-10-08 17:30:01] [WD] hb uptime=70s restarts=0 child_alive=True
[2025-10-08 17:30:06] [WD] hb uptime=75s restarts=0 child_alive=True
[2025-10-08 17:30:11] [WD] hb uptime=80s restarts=0 child_alive=True
[2025-10-08 17:30:16] [WD] hb uptime=85s restarts=0 child_alive=True
2025-10-08 17:29:39 INFO [HB] active | src=RT dayR=0.00 open=0 tradesToday=0 bars=366 | arms=trend 0/0.00, breakout 1/-0.00
2025-10-08 17:29:39 INFO [HB] active | src=RT dayR=0.00 open=0 tradesToday=0 bars=366 | arms=trend 0/0.00, breakout 1/-0.00
2025-10-08 17:29:40 INFO [HB] active | src=RT dayR=0.00 open=0 tradesToday=0 bars=366 | arms=trend 0/0.00, breakout 1/-0.00
2025-10-08 17:29:41 INFO [HB] active | src=RT dayR=0.00 open=0 tradesToday=0 bars=366 | arms=trend 0/0.00, breakout 1/-0.00
2025-10-08 17:29:41 INFO [HB] active | src=RT dayR=0.00 open=0 tradesToday=0 bars=366 | arms=trend 0/0.00, breakout 1/-0.00
2025-10-08 17:29:42 INFO [HB] active | src=RT dayR=0.00 open=0 tradesToday=0 bars=366 | arms=trend 0/0.00, breakout 1/-0.00
[MD] POLL error: AttributeError("'BarData' object has no attribute 'time'")
2025-10-08 17:29:42 INFO [HB] active | src=RT dayR=0.00 open=0 tradesToday=0 bars=366 | arms=trend 0/0.00, breakout 1/-0.00
2025-10-08 17:29:43 INFO [HB] active | src=RT dayR=0.00 open=0 tradesToday=0 bars=367 | arms=trend 0/0.00, breakout 1/-0.00
2025-10-08 17:29:44 INFO [HB] active | src=RT dayR=0.00 open=0 tradesToday=0 bars=367 | arms=trend 0/0.00, breakout 1/-0.00
2025-10-08 17:29:44 INFO [HB] active | src=RT dayR=0.00 open=0 tradesToday=0 bars=367 | arms=trend 0/0.00, breakout 1/-0.00
2025-10-08 17:29:45 INFO [HB] active | src=RT dayR=0.00 open=0 tradesToday=0 bars=367 | arms=trend 0/0.00, breakout 1/-0.00
2025-10-08 17:29:46 INFO [HB] active | src=RT dayR=0.00 open=0 tradesToday=0 bars=367 | arms=trend 0/0.00, breakout 1/-0.00
2025-10-08 17:29:46 INFO [HB] active | src=RT dayR=0.00 open=0 tradesToday=0 bars=367 | arms=trend 0/0.00, breakout 1/-0.00
2025-10-08 17:29:47 INFO [HB] active | src=RT dayR=0.00 open=0 tradesToday=0 bars=367 | arms=trend 0/0.00, breakout 1/-0.00
2025-10-08 17:29:47 INFO [HB] active | src=RT dayR=0.00 open=0 tradesToday=0 bars=367 | arms=trend 0/0.00, breakout 1/-0.00
2025-10-08 17:29:48 INFO [HB] active | src=RT dayR=0.00 open=0 tradesToday=0 bars=367 | arms=trend 0/0.00, breakout 1/-0.00
2025-10-08 17:29:49 INFO [HB] active | src=RT dayR=0.00 open=0 tradesToday=0 bars=367 | arms=trend 0/0.00, breakout 1/-0.00
2025-10-08 17:29:49 INFO [HB] active | src=RT dayR=0.00 open=0 tradesToday=0 bars=367 | arms=trend 0/0.00, breakout 1/-0.00
2025-10-08 17:29:50 INFO [HB] active | src=RT dayR=0.00 open=0 tradesToday=0 bars=367 | arms=trend 0/0.00, breakout 1/-0.00
2025-10-08 17:29:50 INFO [HB] active | src=RT dayR=0.00 open=0 tradesToday=0 bars=367 | arms=trend 0/0.00, breakout 1/-0.00
2025-10-08 17:29:51 INFO [HB] active | src=RT dayR=0.00 open=0 tradesToday=0 bars=367 | arms=trend 0/0.00, breakout 1/-0.00
2025-10-08 17:29:52 INFO [HB] active | src=RT dayR=0.00 open=0 tradesToday=0 bars=367 | arms=trend 0/0.00, breakout 1/-0.00
2025-10-08 17:29:52 INFO [HB] active | src=RT dayR=0.00 open=0 tradesToday=0 bars=367 | arms=trend 0/0.00, breakout 1/-0.00
[MD] POLL error: AttributeError("'BarData' object has no attribute 'time'")
2025-10-08 17:29:53 INFO [HB] active | src=RT dayR=0.00 open=0 tradesToday=0 bars=367 | arms=trend 0/0.00, breakout 1/-0.00
2025-10-08 17:29:53 INFO [HB] active | src=RT dayR=0.00 open=0 tradesToday=0 bars=368 | arms=trend 0/0.00, breakout 1/-0.00
2025-10-08 17:29:54 INFO [HB] active | src=RT dayR=0.00 open=0 tradesToday=0 bars=368 | arms=trend 0/0.00, breakout 1/-0.00
2025-10-08 17:29:55 INFO [HB] active | src=RT dayR=0.00 open=0 tradesToday=0 bars=368 | arms=trend 0/0.00, breakout 1/-0.00
2025-10-08 17:29:55 INFO [HB] active | src=RT dayR=0.00 open=0 tradesToday=0 bars=368 | arms=trend 0/0.00, breakout 1/-0.00
2025-10-08 17:29:56 INFO [HB] active | src=RT dayR=0.00 open=0 tradesToday=0 bars=368 | arms=trend 0/0.00, breakout 1/-0.00
2025-10-08 17:29:56 INFO [HB] active | src=RT dayR=0.00 open=0 tradesToday=0 bars=368 | arms=trend 0/0.00, breakout 1/-0.00
2025-10-08 17:29:57 INFO [HB] active | src=RT dayR=0.00 open=0 tradesToday=0 bars=368 | arms=trend 0/0.00, breakout 1/-0.00
2025-10-08 17:29:58 INFO [HB] active | src=RT dayR=0.00 open=0 tradesToday=0 bars=368 | arms=trend 0/0.00, breakout 1/-0.00
2025-10-08 17:29:58 INFO [HB] active | src=RT dayR=0.00 open=0 tradesToday=0 bars=368 | arms=trend 0/0.00, breakout 1/-0.00
2025-10-08 17:29:59 INFO [HB] active | src=RT dayR=0.00 open=0 tradesToday=0 bars=368 | arms=trend 0/0.00, breakout 1/-0.00
2025-10-08 17:29:59 INFO [HB] active | src=RT dayR=0.00 open=0 tradesToday=0 bars=368 | arms=trend 0/0.00, breakout 1/-0.00
2025-10-08 17:30:00 INFO [HB] active | src=RT dayR=0.00 open=0 tradesToday=0 bars=368 | arms=trend 0/0.00, breakout 1/-0.00
2025-10-08 17:30:01 INFO [HB] active | src=RT dayR=0.00 open=0 tradesToday=0 bars=368 | arms=trend 0/0.00, breakout 1/-0.00
2025-10-08 17:30:01 INFO [HB] active | src=RT dayR=0.00 open=0 tradesToday=0 bars=368 | arms=trend 0/0.00, breakout 1/-0.00
2025-10-08 17:30:02 INFO [HB] active | src=RT dayR=0.00 open=0 tradesToday=0 bars=368 | arms=trend 0/0.00, breakout 1/-0.00
2025-10-08 17:30:02 INFO [HB] active | src=RT dayR=0.00 open=0 tradesToday=0 bars=368 | arms=trend 0/0.00, breakout 1/-0.00
[MD] POLL error: AttributeError("'BarData' object has no attribute 'time'")
2025-10-08 17:30:03 INFO [HB] active | src=RT dayR=0.00 open=0 tradesToday=0 bars=368 | arms=trend 0/0.00, breakout 1/-0.00
2025-10-08 17:30:04 INFO [HB] active | src=RT dayR=0.00 open=0 tradesToday=0 bars=369 | arms=trend 0/0.00, breakout 1/-0.00
2025-10-08 17:30:04 INFO [HB] active | src=RT dayR=0.00 open=0 tradesToday=0 bars=369 | arms=trend 0/0.00, breakout 1/-0.00
2025-10-08 17:30:05 INFO [HB] active | src=RT dayR=0.00 open=0 tradesToday=0 bars=369 | arms=trend 0/0.00, breakout 1/-0.00
2025-10-08 17:30:06 INFO [HB] active | src=RT dayR=0.00 open=0 tradesToday=0 bars=369 | arms=trend 0/0.00, breakout 1/-0.00
2025-10-08 17:30:06 INFO [HB] active | src=RT dayR=0.00 open=0 tradesToday=0 bars=369 | arms=trend 0/0.00, breakout 1/-0.00
2025-10-08 17:30:07 INFO [HB] active | src=RT dayR=0.00 open=0 tradesToday=0 bars=369 | arms=trend 0/0.00, breakout 1/-0.00
2025-10-08 17:30:07 INFO [HB] active | src=RT dayR=0.00 open=0 tradesToday=0 bars=369 | arms=trend 0/0.00, breakout 1/-0.00
2025-10-08 17:30:08 INFO [HB] active | src=RT dayR=0.00 open=0 tradesToday=0 bars=369 | arms=trend 0/0.00, breakout 1/-0.00
2025-10-08 17:30:09 INFO [HB] active | src=RT dayR=0.00 open=0 tradesToday=0 bars=369 | arms=trend 0/0.00, breakout 1/-0.00
2025-10-08 17:30:09 INFO [HB] active | src=RT dayR=0.00 open=0 tradesToday=0 bars=369 | arms=trend 0/0.00, breakout 1/-0.00
2025-10-08 17:30:10 INFO [HB] active | src=RT dayR=0.00 open=0 tradesToday=0 bars=369 | arms=trend 0/0.00, breakout 1/-0.00
2025-10-08 17:30:10 INFO [HB] active | src=RT dayR=0.00 open=0 tradesToday=0 bars=369 | arms=trend 0/0.00, breakout 1/-0.00
2025-10-08 17:30:11 INFO [HB] active | src=RT dayR=0.00 open=0 tradesToday=0 bars=369 | arms=trend 0/0.00, breakout 1/-0.00
2025-10-08 17:30:12 INFO [HB] active | src=RT dayR=0.00 open=0 tradesToday=0 bars=369 | arms=trend 0/0.00, breakout 1/-0.00
2025-10-08 17:30:12 INFO [HB] active | src=RT dayR=0.00 open=0 tradesToday=0 bars=369 | arms=trend 0/0.00, breakout 1/-0.00
2025-10-08 17:30:13 INFO [HB] active | src=RT dayR=0.00 open=0 tradesToday=0 bars=369 | arms=trend 0/0.00, breakout 1/-0.00
[MD] POLL error: AttributeError("'BarData' object has no attribute 'time'")
2025-10-08 17:30:13 INFO [HB] active | src=RT dayR=0.00 open=0 tradesToday=0 bars=369 | arms=trend 0/0.00, breakout 1/-0.00
2025-10-08 17:30:14 INFO [HB] active | src=RT dayR=0.00 open=0 tradesToday=0 bars=370 | arms=trend 0/0.00, breakout 1/-0.00
2025-10-08 17:30:15 INFO [HB] active | src=RT dayR=0.00 open=0 tradesToday=0 bars=370 | arms=trend 0/0.00, breakout 1/-0.00
2025-10-08 17:30:15 INFO [HB] active | src=RT dayR=0.00 open=0 tradesToday=0 bars=370 | arms=trend 0/0.00, breakout 1/-0.00
2025-10-08 17:30:16 INFO [HB] active | src=RT dayR=0.00 open=0 tradesToday=0 bars=370 | arms=trend 0/0.00, breakout 1/-0.00
2025-10-08 17:30:16 INFO [HB] active | src=RT dayR=0.00 open=0 tradesToday=0 bars=370 | arms=trend 0/0.00, breakout 1/-0.00
2025-10-08 17:30:17 INFO [HB] active | src=RT dayR=0.00 open=0 tradesToday=0 bars=370 | arms=trend 0/0.00, breakout 1/-0.00
[2025-10-08 17:30:21] [WD] hb uptime=90s restarts=0 child_alive=True
[2025-10-08 17:30:26] [WD] hb uptime=95s restarts=0 child_alive=True
[2025-10-08 17:30:31] [WD] hb uptime=100s restarts=0 child_alive=True
[2025-10-08 17:30:36] [WD] hb uptime=105s restarts=0 child_alive=True
[2025-10-08 17:30:41] [WD] hb uptime=110s restarts=0 child_alive=True
[2025-10-08 17:30:46] [WD] hb uptime=115s restarts=0 child_alive=True
[2025-10-08 17:30:51] [WD] hb uptime=120s restarts=0 child_alive=True
[2025-10-08 17:30:56] [WD] hb uptime=125s restarts=0 child_alive=True
2025-10-08 17:30:18 INFO [HB] active | src=RT dayR=0.00 open=0 tradesToday=0 bars=370 | arms=trend 0/0.00, breakout 1/-0.00
2025-10-08 17:30:18 INFO [HB] active | src=RT dayR=0.00 open=0 tradesToday=0 bars=370 | arms=trend 0/0.00, breakout 1/-0.00
2025-10-08 17:30:19 INFO [HB] active | src=RT dayR=0.00 open=0 tradesToday=0 bars=370 | arms=trend 0/0.00, breakout 1/-0.00
2025-10-08 17:30:19 INFO [HB] active | src=RT dayR=0.00 open=0 tradesToday=0 bars=370 | arms=trend 0/0.00, breakout 1/-0.00
2025-10-08 17:30:20 INFO [HB] active | src=RT dayR=0.00 open=0 tradesToday=0 bars=370 | arms=trend 0/0.00, breakout 1/-0.00
2025-10-08 17:30:21 INFO [HB] active | src=RT dayR=0.00 open=0 tradesToday=0 bars=370 | arms=trend 0/0.00, breakout 1/-0.00
2025-10-08 17:30:21 INFO [HB] active | src=RT dayR=0.00 open=0 tradesToday=0 bars=370 | arms=trend 0/0.00, breakout 1/-0.00
2025-10-08 17:30:22 INFO [HB] active | src=RT dayR=0.00 open=0 tradesToday=0 bars=370 | arms=trend 0/0.00, breakout 1/-0.00
2025-10-08 17:30:22 INFO [HB] active | src=RT dayR=0.00 open=0 tradesToday=0 bars=370 | arms=trend 0/0.00, breakout 1/-0.00
2025-10-08 17:30:23 INFO [HB] active | src=RT dayR=0.00 open=0 tradesToday=0 bars=370 | arms=trend 0/0.00, breakout 1/-0.00
[MD] POLL error: AttributeError("'BarData' object has no attribute 'time'")
2025-10-08 17:30:24 INFO [HB] active | src=RT dayR=0.00 open=0 tradesToday=0 bars=370 | arms=trend 0/0.00, breakout 1/-0.00
2025-10-08 17:30:24 INFO [HB] active | src=RT dayR=0.00 open=0 tradesToday=0 bars=371 | arms=trend 0/0.00, breakout 1/-0.00
2025-10-08 17:30:25 INFO [HB] active | src=RT dayR=0.00 open=0 tradesToday=0 bars=371 | arms=trend 0/0.00, breakout 1/-0.00
2025-10-08 17:30:26 INFO [HB] active | src=RT dayR=0.00 open=0 tradesToday=0 bars=371 | arms=trend 0/0.00, breakout 1/-0.00
2025-10-08 17:30:26 INFO [HB] active | src=RT dayR=0.00 open=0 tradesToday=0 bars=371 | arms=trend 0/0.00, breakout 1/-0.00
2025-10-08 17:30:27 INFO [HB] active | src=RT dayR=0.00 open=0 tradesToday=0 bars=371 | arms=trend 0/0.00, breakout 1/-0.00
2025-10-08 17:30:27 INFO [HB] active | src=RT dayR=0.00 open=0 tradesToday=0 bars=371 | arms=trend 0/0.00, breakout 1/-0.00
2025-10-08 17:30:28 INFO [HB] active | src=RT dayR=0.00 open=0 tradesToday=0 bars=371 | arms=trend 0/0.00, breakout 1/-0.00
2025-10-08 17:30:29 INFO [HB] active | src=RT dayR=0.00 open=0 tradesToday=0 bars=371 | arms=trend 0/0.00, breakout 1/-0.00
2025-10-08 17:30:29 INFO [HB] active | src=RT dayR=0.00 open=0 tradesToday=0 bars=371 | arms=trend 0/0.00, breakout 1/-0.00
2025-10-08 17:30:30 INFO [HB] active | src=RT dayR=0.00 open=0 tradesToday=0 bars=371 | arms=trend 0/0.00, breakout 1/-0.00
2025-10-08 17:30:30 INFO [HB] active | src=RT dayR=0.00 open=0 tradesToday=0 bars=371 | arms=trend 0/0.00, breakout 1/-0.00
2025-10-08 17:30:31 INFO [HB] active | src=RT dayR=0.00 open=0 tradesToday=0 bars=371 | arms=trend 0/0.00, breakout 1/-0.00
2025-10-08 17:30:32 INFO [HB] active | src=RT dayR=0.00 open=0 tradesToday=0 bars=371 | arms=trend 0/0.00, breakout 1/-0.00
2025-10-08 17:30:32 INFO [HB] active | src=RT dayR=0.00 open=0 tradesToday=0 bars=371 | arms=trend 0/0.00, breakout 1/-0.00
2025-10-08 17:30:33 INFO [HB] active | src=RT dayR=0.00 open=0 tradesToday=0 bars=371 | arms=trend 0/0.00, breakout 1/-0.00
2025-10-08 17:30:33 INFO [HB] active | src=RT dayR=0.00 open=0 tradesToday=0 bars=371 | arms=trend 0/0.00, breakout 1/-0.00
[MD] POLL error: AttributeError("'BarData' object has no attribute 'time'")
2025-10-08 17:30:34 INFO [HB] active | src=RT dayR=0.00 open=0 tradesToday=0 bars=371 | arms=trend 0/0.00, breakout 1/-0.00
2025-10-08 17:30:35 INFO [HB] active | src=RT dayR=0.00 open=0 tradesToday=0 bars=372 | arms=trend 0/0.00, breakout 1/-0.00
2025-10-08 17:30:35 INFO [HB] active | src=RT dayR=0.00 open=0 tradesToday=0 bars=372 | arms=trend 0/0.00, breakout 1/-0.00
2025-10-08 17:30:36 INFO [HB] active | src=RT dayR=0.00 open=0 tradesToday=0 bars=372 | arms=trend 0/0.00, breakout 1/-0.00
2025-10-08 17:30:36 INFO [HB] active | src=RT dayR=0.00 open=0 tradesToday=0 bars=372 | arms=trend 0/0.00, breakout 1/-0.00
2025-10-08 17:30:37 INFO [HB] active | src=RT dayR=0.00 open=0 tradesToday=0 bars=372 | arms=trend 0/0.00, breakout 1/-0.00
2025-10-08 17:30:38 INFO [HB] active | src=RT dayR=0.00 open=0 tradesToday=0 bars=372 | arms=trend 0/0.00, breakout 1/-0.00
2025-10-08 17:30:38 INFO [HB] active | src=RT dayR=0.00 open=0 tradesToday=0 bars=372 | arms=trend 0/0.00, breakout 1/-0.00
2025-10-08 17:30:39 INFO [HB] active | src=RT dayR=0.00 open=0 tradesToday=0 bars=372 | arms=trend 0/0.00, breakout 1/-0.00
2025-10-08 17:30:39 INFO [HB] active | src=RT dayR=0.00 open=0 tradesToday=0 bars=372 | arms=trend 0/0.00, breakout 1/-0.00
2025-10-08 17:30:40 INFO [HB] active | src=RT dayR=0.00 open=0 tradesToday=0 bars=372 | arms=trend 0/0.00, breakout 1/-0.00
2025-10-08 17:30:41 INFO [HB] active | src=RT dayR=0.00 open=0 tradesToday=0 bars=372 | arms=trend 0/0.00, breakout 1/-0.00
2025-10-08 17:30:41 INFO [HB] active | src=RT dayR=0.00 open=0 tradesToday=0 bars=372 | arms=trend 0/0.00, breakout 1/-0.00
2025-10-08 17:30:42 INFO [HB] active | src=RT dayR=0.00 open=0 tradesToday=0 bars=372 | arms=trend 0/0.00, breakout 1/-0.00
2025-10-08 17:30:42 INFO [HB] active | src=RT dayR=0.00 open=0 tradesToday=0 bars=372 | arms=trend 0/0.00, breakout 1/-0.00
2025-10-08 17:30:43 INFO [HB] active | src=RT dayR=0.00 open=0 tradesToday=0 bars=372 | arms=trend 0/0.00, breakout 1/-0.00
2025-10-08 17:30:44 INFO [HB] active | src=RT dayR=0.00 open=0 tradesToday=0 bars=372 | arms=trend 0/0.00, breakout 1/-0.00
[MD] POLL error: AttributeError("'BarData' object has no attribute 'time'")
2025-10-08 17:30:44 INFO [HB] active | src=RT dayR=0.00 open=0 tradesToday=0 bars=372 | arms=trend 0/0.00, breakout 1/-0.00
2025-10-08 17:30:45 INFO [HB] active | src=RT dayR=0.00 open=0 tradesToday=0 bars=373 | arms=trend 0/0.00, breakout 1/-0.00
2025-10-08 17:30:46 INFO [HB] active | src=RT dayR=0.00 open=0 tradesToday=0 bars=373 | arms=trend 0/0.00, breakout 1/-0.00
2025-10-08 17:30:46 INFO [HB] active | src=RT dayR=0.00 open=0 tradesToday=0 bars=373 | arms=trend 0/0.00, breakout 1/-0.00
2025-10-08 17:30:47 INFO [HB] active | src=RT dayR=0.00 open=0 tradesToday=0 bars=373 | arms=trend 0/0.00, breakout 1/-0.00
2025-10-08 17:30:47 INFO [HB] active | src=RT dayR=0.00 open=0 tradesToday=0 bars=373 | arms=trend 0/0.00, breakout 1/-0.00
2025-10-08 17:30:48 INFO [HB] active | src=RT dayR=0.00 open=0 tradesToday=0 bars=373 | arms=trend 0/0.00, breakout 1/-0.00
2025-10-08 17:30:49 INFO [HB] active | src=RT dayR=0.00 open=0 tradesToday=0 bars=373 | arms=trend 0/0.00, breakout 1/-0.00
2025-10-08 17:30:49 INFO [HB] active | src=RT dayR=0.00 open=0 tradesToday=0 bars=373 | arms=trend 0/0.00, breakout 1/-0.00
2025-10-08 17:30:50 INFO [HB] active | src=RT dayR=0.00 open=0 tradesToday=0 bars=373 | arms=trend 0/0.00, breakout 1/-0.00
2025-10-08 17:30:50 INFO [HB] active | src=RT dayR=0.00 open=0 tradesToday=0 bars=373 | arms=trend 0/0.00, breakout 1/-0.00
2025-10-08 17:30:51 INFO [HB] active | src=RT dayR=0.00 open=0 tradesToday=0 bars=373 | arms=trend 0/0.00, breakout 1/-0.00
2025-10-08 17:30:52 INFO [HB] active | src=RT dayR=0.00 open=0 tradesToday=0 bars=373 | arms=trend 0/0.00, breakout 1/-0.00
2025-10-08 17:30:52 INFO [HB] active | src=RT dayR=0.00 open=0 tradesToday=0 bars=373 | arms=trend 0/0.00, breakout 1/-0.00
2025-10-08 17:30:53 INFO [HB] active | src=RT dayR=0.00 open=0 tradesToday=0 bars=373 | arms=trend 0/0.00, breakout 1/-0.00
2025-10-08 17:30:53 INFO [HB] active | src=RT dayR=0.00 open=0 tradesToday=0 bars=373 | arms=trend 0/0.00, breakout 1/-0.00
2025-10-08 17:30:54 INFO [HB] active | src=RT dayR=0.00 open=0 tradesToday=0 bars=373 | arms=trend 0/0.00, breakout 1/-0.00
[MD] POLL error: AttributeError("'BarData' object has no attribute 'time'")
2025-10-08 17:30:55 INFO [HB] active | src=RT dayR=0.00 open=0 tradesToday=0 bars=373 | arms=trend 0/0.00, breakout 1/-0.00
2025-10-08 17:30:55 INFO [HB] active | src=RT dayR=0.00 open=0 tradesToday=0 bars=374 | arms=trend 0/0.00, breakout 1/-0.00
2025-10-08 17:30:56 INFO [HB] active | src=RT dayR=0.00 open=0 tradesToday=0 bars=374 | arms=trend 0/0.00, breakout 1/-0.00
[2025-10-08 17:31:01] [WD] hb uptime=130s restarts=0 child_alive=True
[2025-10-08 17:31:06] [WD] hb uptime=135s restarts=0 child_alive=True
[2025-10-08 17:31:11] [WD] hb uptime=140s restarts=0 child_alive=True
[2025-10-08 17:31:16] [WD] hb uptime=145s restarts=0 child_alive=True
[2025-10-08 17:31:21] [WD] hb uptime=150s restarts=0 child_alive=True
[2025-10-08 17:31:26] [WD] hb uptime=155s restarts=0 child_alive=True
[2025-10-08 17:31:31] [WD] hb uptime=160s restarts=0 child_alive=True
2025-10-08 17:30:56 INFO [HB] active | src=RT dayR=0.00 open=0 tradesToday=0 bars=374 | arms=trend 0/0.00, breakout 1/-0.00
2025-10-08 17:30:57 INFO [HB] active | src=RT dayR=0.00 open=0 tradesToday=0 bars=374 | arms=trend 0/0.00, breakout 1/-0.00
2025-10-08 17:30:58 INFO [HB] active | src=RT dayR=0.00 open=0 tradesToday=0 bars=374 | arms=trend 0/0.00, breakout 1/-0.00
2025-10-08 17:30:58 INFO [HB] active | src=RT dayR=0.00 open=0 tradesToday=0 bars=374 | arms=trend 0/0.00, breakout 1/-0.00
2025-10-08 17:30:59 INFO [HB] active | src=RT dayR=0.00 open=0 tradesToday=0 bars=374 | arms=trend 0/0.00, breakout 1/-0.00
2025-10-08 17:30:59 INFO [HB] active | src=RT dayR=0.00 open=0 tradesToday=0 bars=374 | arms=trend 0/0.00, breakout 1/-0.00
2025-10-08 17:31:00 INFO [HB] active | src=RT dayR=0.00 open=0 tradesToday=0 bars=374 | arms=trend 0/0.00, breakout 1/-0.00
2025-10-08 17:31:01 INFO [HB] active | src=RT dayR=0.00 open=0 tradesToday=0 bars=374 | arms=trend 0/0.00, breakout 1/-0.00
2025-10-08 17:31:01 INFO [HB] active | src=RT dayR=0.00 open=0 tradesToday=0 bars=374 | arms=trend 0/0.00, breakout 1/-0.00
2025-10-08 17:31:02 INFO [HB] active | src=RT dayR=0.00 open=0 tradesToday=0 bars=374 | arms=trend 0/0.00, breakout 1/-0.00
2025-10-08 17:31:02 INFO [HB] active | src=RT dayR=0.00 open=0 tradesToday=0 bars=374 | arms=trend 0/0.00, breakout 1/-0.00
2025-10-08 17:31:03 INFO [HB] active | src=RT dayR=0.00 open=0 tradesToday=0 bars=374 | arms=trend 0/0.00, breakout 1/-0.00
2025-10-08 17:31:04 INFO [HB] active | src=RT dayR=0.00 open=0 tradesToday=0 bars=374 | arms=trend 0/0.00, breakout 1/-0.00
2025-10-08 17:31:04 INFO [HB] active | src=RT dayR=0.00 open=0 tradesToday=0 bars=374 | arms=trend 0/0.00, breakout 1/-0.00
[MD] POLL error: AttributeError("'BarData' object has no attribute 'time'")
2025-10-08 17:31:05 INFO [HB] active | src=RT dayR=0.00 open=0 tradesToday=0 bars=374 | arms=trend 0/0.00, breakout 1/-0.00
2025-10-08 17:31:06 INFO [HB] active | src=RT dayR=0.00 open=0 tradesToday=0 bars=375 | arms=trend 0/0.00, breakout 1/-0.00
2025-10-08 17:31:06 INFO [HB] active | src=RT dayR=0.00 open=0 tradesToday=0 bars=375 | arms=trend 0/0.00, breakout 1/-0.00
2025-10-08 17:31:07 INFO [HB] active | src=RT dayR=0.00 open=0 tradesToday=0 bars=375 | arms=trend 0/0.00, breakout 1/-0.00
2025-10-08 17:31:07 INFO [HB] active | src=RT dayR=0.00 open=0 tradesToday=0 bars=375 | arms=trend 0/0.00, breakout 1/-0.00
2025-10-08 17:31:08 INFO [HB] active | src=RT dayR=0.00 open=0 tradesToday=0 bars=375 | arms=trend 0/0.00, breakout 1/-0.00
2025-10-08 17:31:09 INFO [HB] active | src=RT dayR=0.00 open=0 tradesToday=0 bars=375 | arms=trend 0/0.00, breakout 1/-0.00
2025-10-08 17:31:09 INFO [HB] active | src=RT dayR=0.00 open=0 tradesToday=0 bars=375 | arms=trend 0/0.00, breakout 1/-0.00
2025-10-08 17:31:10 INFO [HB] active | src=RT dayR=0.00 open=0 tradesToday=0 bars=375 | arms=trend 0/0.00, breakout 1/-0.00
2025-10-08 17:31:10 INFO [HB] active | src=RT dayR=0.00 open=0 tradesToday=0 bars=375 | arms=trend 0/0.00, breakout 1/-0.00
2025-10-08 17:31:11 INFO [HB] active | src=RT dayR=0.00 open=0 tradesToday=0 bars=375 | arms=trend 0/0.00, breakout 1/-0.00
2025-10-08 17:31:12 INFO [HB] active | src=RT dayR=0.00 open=0 tradesToday=0 bars=375 | arms=trend 0/0.00, breakout 1/-0.00
2025-10-08 17:31:12 INFO [HB] active | src=RT dayR=0.00 open=0 tradesToday=0 bars=375 | arms=trend 0/0.00, breakout 1/-0.00
2025-10-08 17:31:13 INFO [HB] active | src=RT dayR=0.00 open=0 tradesToday=0 bars=375 | arms=trend 0/0.00, breakout 1/-0.00
2025-10-08 17:31:13 INFO [HB] active | src=RT dayR=0.00 open=0 tradesToday=0 bars=375 | arms=trend 0/0.00, breakout 1/-0.00
2025-10-08 17:31:14 INFO [HB] active | src=RT dayR=0.00 open=0 tradesToday=0 bars=375 | arms=trend 0/0.00, breakout 1/-0.00
2025-10-08 17:31:15 INFO [HB] active | src=RT dayR=0.00 open=0 tradesToday=0 bars=375 | arms=trend 0/0.00, breakout 1/-0.00
[MD] POLL error: AttributeError("'BarData' object has no attribute 'time'")
2025-10-08 17:31:15 INFO [HB] active | src=RT dayR=0.00 open=0 tradesToday=0 bars=375 | arms=trend 0/0.00, breakout 1/-0.00
2025-10-08 17:31:16 INFO [HB] active | src=RT dayR=0.00 open=0 tradesToday=0 bars=376 | arms=trend 0/0.00, breakout 1/-0.00
2025-10-08 17:31:16 INFO [HB] active | src=RT dayR=0.00 open=0 tradesToday=0 bars=376 | arms=trend 0/0.00, breakout 1/-0.00
2025-10-08 17:31:17 INFO [HB] active | src=RT dayR=0.00 open=0 tradesToday=0 bars=376 | arms=trend 0/0.00, breakout 1/-0.00
2025-10-08 17:31:18 INFO [HB] active | src=RT dayR=0.00 open=0 tradesToday=0 bars=376 | arms=trend 0/0.00, breakout 1/-0.00
2025-10-08 17:31:18 INFO [HB] active | src=RT dayR=0.00 open=0 tradesToday=0 bars=376 | arms=trend 0/0.00, breakout 1/-0.00
2025-10-08 17:31:19 INFO [HB] active | src=RT dayR=0.00 open=0 tradesToday=0 bars=376 | arms=trend 0/0.00, breakout 1/-0.00
2025-10-08 17:31:19 INFO [HB] active | src=RT dayR=0.00 open=0 tradesToday=0 bars=376 | arms=trend 0/0.00, breakout 1/-0.00
2025-10-08 17:31:20 INFO [HB] active | src=RT dayR=0.00 open=0 tradesToday=0 bars=376 | arms=trend 0/0.00, breakout 1/-0.00
2025-10-08 17:31:21 INFO [HB] active | src=RT dayR=0.00 open=0 tradesToday=0 bars=376 | arms=trend 0/0.00, breakout 1/-0.00
2025-10-08 17:31:21 INFO [HB] active | src=RT dayR=0.00 open=0 tradesToday=0 bars=376 | arms=trend 0/0.00, breakout 1/-0.00
2025-10-08 17:31:22 INFO [HB] active | src=RT dayR=0.00 open=0 tradesToday=0 bars=376 | arms=trend 0/0.00, breakout 1/-0.00
2025-10-08 17:31:22 INFO [HB] active | src=RT dayR=0.00 open=0 tradesToday=0 bars=376 | arms=trend 0/0.00, breakout 1/-0.00
2025-10-08 17:31:23 INFO [HB] active | src=RT dayR=0.00 open=0 tradesToday=0 bars=376 | arms=trend 0/0.00, breakout 1/-0.00
2025-10-08 17:31:24 INFO [HB] active | src=RT dayR=0.00 open=0 tradesToday=0 bars=376 | arms=trend 0/0.00, breakout 1/-0.00
2025-10-08 17:31:24 INFO [HB] active | src=RT dayR=0.00 open=0 tradesToday=0 bars=376 | arms=trend 0/0.00, breakout 1/-0.00
2025-10-08 17:31:25 INFO [HB] active | src=RT dayR=0.00 open=0 tradesToday=0 bars=376 | arms=trend 0/0.00, breakout 1/-0.00
[MD] POLL error: AttributeError("'BarData' object has no attribute 'time'")
2025-10-08 17:31:25 INFO [HB] active | src=RT dayR=0.00 open=0 tradesToday=0 bars=376 | arms=trend 0/0.00, breakout 1/-0.00
2025-10-08 17:31:26 INFO [HB] active | src=RT dayR=0.00 open=0 tradesToday=0 bars=377 | arms=trend 0/0.00, breakout 1/-0.00
2025-10-08 17:31:27 INFO [HB] active | src=RT dayR=0.00 open=0 tradesToday=0 bars=377 | arms=trend 0/0.00, breakout 1/-0.00
2025-10-08 17:31:27 INFO [HB] active | src=RT dayR=0.00 open=0 tradesToday=0 bars=377 | arms=trend 0/0.00, breakout 1/-0.00
2025-10-08 17:31:28 INFO [HB] active | src=RT dayR=0.00 open=0 tradesToday=0 bars=377 | arms=trend 0/0.00, breakout 1/-0.00
2025-10-08 17:31:29 INFO [HB] active | src=RT dayR=0.00 open=0 tradesToday=0 bars=377 | arms=trend 0/0.00, breakout 1/-0.00
2025-10-08 17:31:29 INFO [HB] active | src=RT dayR=0.00 open=0 tradesToday=0 bars=377 | arms=trend 0/0.00, breakout 1/-0.00
2025-10-08 17:31:30 INFO [HB] active | src=RT dayR=0.00 open=0 tradesToday=0 bars=377 | arms=trend 0/0.00, breakout 1/-0.00
2025-10-08 17:31:30 INFO [HB] active | src=RT dayR=0.00 open=0 tradesToday=0 bars=377 | arms=trend 0/0.00, breakout 1/-0.00
2025-10-08 17:31:31 INFO [HB] active | src=RT dayR=0.00 open=0 tradesToday=0 bars=377 | arms=trend 0/0.00, breakout 1/-0.00
2025-10-08 17:31:32 INFO [HB] active | src=RT dayR=0.00 open=0 tradesToday=0 bars=377 | arms=trend 0/0.00, breakout 1/-0.00
2025-10-08 17:31:32 INFO [HB] active | src=RT dayR=0.00 open=0 tradesToday=0 bars=377 | arms=trend 0/0.00, breakout 1/-0.00
2025-10-08 17:31:33 INFO [HB] active | src=RT dayR=0.00 open=0 tradesToday=0 bars=377 | arms=trend 0/0.00, breakout 1/-0.00
2025-10-08 17:31:33 INFO [HB] active | src=RT dayR=0.00 open=0 tradesToday=0 bars=377 | arms=trend 0/0.00, breakout 1/-0.00
2025-10-08 17:31:34 INFO [HB] active | src=RT dayR=0.00 open=0 tradesToday=0 bars=377 | arms=trend 0/0.00, breakout 1/-0.00
2025-10-08 17:31:35 INFO [HB] active | src=RT dayR=0.00 open=0 tradesToday=0 bars=377 | arms=trend 0/0.00, breakout 1/-0.00
[2025-10-08 17:31:36] [WD] hb uptime=165s restarts=0 child_alive=True
[2025-10-08 17:31:41] [WD] hb uptime=170s restarts=0 child_alive=True
[2025-10-08 17:31:46] [WD] hb uptime=175s restarts=0 child_alive=True
[2025-10-08 17:31:51] [WD] hb uptime=180s restarts=0 child_alive=True
[2025-10-08 17:31:56] [WD] hb uptime=185s restarts=0 child_alive=True
[2025-10-08 17:32:01] [WD] hb uptime=190s restarts=0 child_alive=True
[2025-10-08 17:32:06] [WD] hb uptime=195s restarts=0 child_alive=True
[2025-10-08 17:32:11] [WD] hb uptime=200s restarts=0 child_alive=True
2025-10-08 17:31:35 INFO [HB] active | src=RT dayR=0.00 open=0 tradesToday=0 bars=377 | arms=trend 0/0.00, breakout 1/-0.00
[MD] POLL error: AttributeError("'BarData' object has no attribute 'time'")
2025-10-08 17:31:36 INFO [HB] active | src=RT dayR=0.00 open=0 tradesToday=0 bars=377 | arms=trend 0/0.00, breakout 1/-0.00
2025-10-08 17:31:36 INFO [HB] active | src=RT dayR=0.00 open=0 tradesToday=0 bars=378 | arms=trend 0/0.00, breakout 1/-0.00
2025-10-08 17:31:37 INFO [HB] active | src=RT dayR=0.00 open=0 tradesToday=0 bars=378 | arms=trend 0/0.00, breakout 1/-0.00
2025-10-08 17:31:38 INFO [HB] active | src=RT dayR=0.00 open=0 tradesToday=0 bars=378 | arms=trend 0/0.00, breakout 1/-0.00
2025-10-08 17:31:38 INFO [HB] active | src=RT dayR=0.00 open=0 tradesToday=0 bars=378 | arms=trend 0/0.00, breakout 1/-0.00
2025-10-08 17:31:39 INFO [HB] active | src=RT dayR=0.00 open=0 tradesToday=0 bars=378 | arms=trend 0/0.00, breakout 1/-0.00
2025-10-08 17:31:39 INFO [HB] active | src=RT dayR=0.00 open=0 tradesToday=0 bars=378 | arms=trend 0/0.00, breakout 1/-0.00
2025-10-08 17:31:40 INFO [HB] active | src=RT dayR=0.00 open=0 tradesToday=0 bars=378 | arms=trend 0/0.00, breakout 1/-0.00
2025-10-08 17:31:41 INFO [HB] active | src=RT dayR=0.00 open=0 tradesToday=0 bars=378 | arms=trend 0/0.00, breakout 1/-0.00
2025-10-08 17:31:41 INFO [HB] active | src=RT dayR=0.00 open=0 tradesToday=0 bars=378 | arms=trend 0/0.00, breakout 1/-0.00
2025-10-08 17:31:42 INFO [HB] active | src=RT dayR=0.00 open=0 tradesToday=0 bars=378 | arms=trend 0/0.00, breakout 1/-0.00
2025-10-08 17:31:42 INFO [HB] active | src=RT dayR=0.00 open=0 tradesToday=0 bars=378 | arms=trend 0/0.00, breakout 1/-0.00
2025-10-08 17:31:43 INFO [HB] active | src=RT dayR=0.00 open=0 tradesToday=0 bars=378 | arms=trend 0/0.00, breakout 1/-0.00
2025-10-08 17:31:44 INFO [HB] active | src=RT dayR=0.00 open=0 tradesToday=0 bars=378 | arms=trend 0/0.00, breakout 1/-0.00
2025-10-08 17:31:44 INFO [HB] active | src=RT dayR=0.00 open=0 tradesToday=0 bars=378 | arms=trend 0/0.00, breakout 1/-0.00
2025-10-08 17:31:45 INFO [HB] active | src=RT dayR=0.00 open=0 tradesToday=0 bars=378 | arms=trend 0/0.00, breakout 1/-0.00
2025-10-08 17:31:45 INFO [HB] active | src=RT dayR=0.00 open=0 tradesToday=0 bars=378 | arms=trend 0/0.00, breakout 1/-0.00
[MD] POLL error: AttributeError("'BarData' object has no attribute 'time'")
2025-10-08 17:31:46 INFO [HB] active | src=RT dayR=0.00 open=0 tradesToday=0 bars=378 | arms=trend 0/0.00, breakout 1/-0.00
2025-10-08 17:31:47 INFO [HB] active | src=RT dayR=0.00 open=0 tradesToday=0 bars=379 | arms=trend 0/0.00, breakout 1/-0.00
2025-10-08 17:31:47 INFO [HB] active | src=RT dayR=0.00 open=0 tradesToday=0 bars=379 | arms=trend 0/0.00, breakout 1/-0.00
2025-10-08 17:31:48 INFO [HB] active | src=RT dayR=0.00 open=0 tradesToday=0 bars=379 | arms=trend 0/0.00, breakout 1/-0.00
2025-10-08 17:31:49 INFO [HB] active | src=RT dayR=0.00 open=0 tradesToday=0 bars=379 | arms=trend 0/0.00, breakout 1/-0.00
2025-10-08 17:31:49 INFO [HB] active | src=RT dayR=0.00 open=0 tradesToday=0 bars=379 | arms=trend 0/0.00, breakout 1/-0.00
2025-10-08 17:31:50 INFO [HB] active | src=RT dayR=0.00 open=0 tradesToday=0 bars=379 | arms=trend 0/0.00, breakout 1/-0.00
2025-10-08 17:31:50 INFO [HB] active | src=RT dayR=0.00 open=0 tradesToday=0 bars=379 | arms=trend 0/0.00, breakout 1/-0.00
2025-10-08 17:31:51 INFO [HB] active | src=RT dayR=0.00 open=0 tradesToday=0 bars=379 | arms=trend 0/0.00, breakout 1/-0.00
2025-10-08 17:31:52 INFO [HB] active | src=RT dayR=0.00 open=0 tradesToday=0 bars=379 | arms=trend 0/0.00, breakout 1/-0.00
2025-10-08 17:31:52 INFO [HB] active | src=RT dayR=0.00 open=0 tradesToday=0 bars=379 | arms=trend 0/0.00, breakout 1/-0.00
2025-10-08 17:31:53 INFO [HB] active | src=RT dayR=0.00 open=0 tradesToday=0 bars=379 | arms=trend 0/0.00, breakout 1/-0.00
2025-10-08 17:31:53 INFO [HB] active | src=RT dayR=0.00 open=0 tradesToday=0 bars=379 | arms=trend 0/0.00, breakout 1/-0.00
2025-10-08 17:31:54 INFO [HB] active | src=RT dayR=0.00 open=0 tradesToday=0 bars=379 | arms=trend 0/0.00, breakout 1/-0.00
2025-10-08 17:31:55 INFO [HB] active | src=RT dayR=0.00 open=0 tradesToday=0 bars=379 | arms=trend 0/0.00, breakout 1/-0.00
2025-10-08 17:31:55 INFO [HB] active | src=RT dayR=0.00 open=0 tradesToday=0 bars=379 | arms=trend 0/0.00, breakout 1/-0.00
2025-10-08 17:31:56 INFO [HB] active | src=RT dayR=0.00 open=0 tradesToday=0 bars=379 | arms=trend 0/0.00, breakout 1/-0.00
[MD] POLL error: AttributeError("'BarData' object has no attribute 'time'")
2025-10-08 17:31:56 INFO [HB] active | src=RT dayR=0.00 open=0 tradesToday=0 bars=379 | arms=trend 0/0.00, breakout 1/-0.00
2025-10-08 17:31:57 INFO [HB] active | src=RT dayR=0.00 open=0 tradesToday=0 bars=380 | arms=trend 0/0.00, breakout 1/-0.00
2025-10-08 17:31:58 INFO [HB] active | src=RT dayR=0.00 open=0 tradesToday=0 bars=380 | arms=trend 0/0.00, breakout 1/-0.00
2025-10-08 17:31:58 INFO [HB] active | src=RT dayR=0.00 open=0 tradesToday=0 bars=380 | arms=trend 0/0.00, breakout 1/-0.00
2025-10-08 17:31:59 INFO [HB] active | src=RT dayR=0.00 open=0 tradesToday=0 bars=380 | arms=trend 0/0.00, breakout 1/-0.00
2025-10-08 17:31:59 INFO [HB] active | src=RT dayR=0.00 open=0 tradesToday=0 bars=380 | arms=trend 0/0.00, breakout 1/-0.00
2025-10-08 17:32:00 INFO [HB] active | src=RT dayR=0.00 open=0 tradesToday=0 bars=380 | arms=trend 0/0.00, breakout 1/-0.00
2025-10-08 17:32:01 INFO [HB] active | src=RT dayR=0.00 open=0 tradesToday=0 bars=380 | arms=trend 0/0.00, breakout 1/-0.00
2025-10-08 17:32:01 INFO [HB] active | src=RT dayR=0.00 open=0 tradesToday=0 bars=380 | arms=trend 0/0.00, breakout 1/-0.00
2025-10-08 17:32:02 INFO [HB] active | src=RT dayR=0.00 open=0 tradesToday=0 bars=380 | arms=trend 0/0.00, breakout 1/-0.00
2025-10-08 17:32:02 INFO [HB] active | src=RT dayR=0.00 open=0 tradesToday=0 bars=380 | arms=trend 0/0.00, breakout 1/-0.00
2025-10-08 17:32:03 INFO [HB] active | src=RT dayR=0.00 open=0 tradesToday=0 bars=380 | arms=trend 0/0.00, breakout 1/-0.00
2025-10-08 17:32:04 INFO [HB] active | src=RT dayR=0.00 open=0 tradesToday=0 bars=380 | arms=trend 0/0.00, breakout 1/-0.00
2025-10-08 17:32:04 INFO [HB] active | src=RT dayR=0.00 open=0 tradesToday=0 bars=380 | arms=trend 0/0.00, breakout 1/-0.00
2025-10-08 17:32:05 INFO [HB] active | src=RT dayR=0.00 open=0 tradesToday=0 bars=380 | arms=trend 0/0.00, breakout 1/-0.00
2025-10-08 17:32:05 INFO [HB] active | src=RT dayR=0.00 open=0 tradesToday=0 bars=380 | arms=trend 0/0.00, breakout 1/-0.00
2025-10-08 17:32:06 INFO [HB] active | src=RT dayR=0.00 open=0 tradesToday=0 bars=380 | arms=trend 0/0.00, breakout 1/-0.00
[MD] POLL error: AttributeError("'BarData' object has no attribute 'time'")
2025-10-08 17:32:07 INFO [HB] active | src=RT dayR=0.00 open=0 tradesToday=0 bars=380 | arms=trend 0/0.00, breakout 1/-0.00
2025-10-08 17:32:07 INFO [HB] active | src=RT dayR=0.00 open=0 tradesToday=0 bars=381 | arms=trend 0/0.00, breakout 1/-0.00
2025-10-08 17:32:08 INFO [HB] active | src=RT dayR=0.00 open=0 tradesToday=0 bars=381 | arms=trend 0/0.00, breakout 1/-0.00
2025-10-08 17:32:09 INFO [HB] active | src=RT dayR=0.00 open=0 tradesToday=0 bars=381 | arms=trend 0/0.00, breakout 1/-0.00
2025-10-08 17:32:09 INFO [HB] active | src=RT dayR=0.00 open=0 tradesToday=0 bars=381 | arms=trend 0/0.00, breakout 1/-0.00
2025-10-08 17:32:10 INFO [HB] active | src=RT dayR=0.00 open=0 tradesToday=0 bars=381 | arms=trend 0/0.00, breakout 1/-0.00
2025-10-08 17:32:10 INFO [HB] active | src=RT dayR=0.00 open=0 tradesToday=0 bars=381 | arms=trend 0/0.00, breakout 1/-0.00
2025-10-08 17:32:11 INFO [HB] active | src=RT dayR=0.00 open=0 tradesToday=0 bars=381 | arms=trend 0/0.00, breakout 1/-0.00
2025-10-08 17:32:12 INFO [HB] active | src=RT dayR=0.00 open=0 tradesToday=0 bars=381 | arms=trend 0/0.00, breakout 1/-0.00
2025-10-08 17:32:12 INFO [HB] active | src=RT dayR=0.00 open=0 tradesToday=0 bars=381 | arms=trend 0/0.00, breakout 1/-0.00
2025-10-08 17:32:13 INFO [HB] active | src=RT dayR=0.00 open=0 tradesToday=0 bars=381 | arms=trend 0/0.00, breakout 1/-0.00
2025-10-08 17:32:13 INFO [HB] active | src=RT dayR=0.00 open=0 tradesToday=0 bars=381 | arms=trend 0/0.00, breakout 1/-0.00
[2025-10-08 17:32:16] [WD] hb uptime=205s restarts=0 child_alive=True
[2025-10-08 17:32:21] [WD] hb uptime=210s restarts=0 child_alive=True
[2025-10-08 17:32:26] [WD] hb uptime=215s restarts=0 child_alive=True
[2025-10-08 17:32:31] [WD] hb uptime=220s restarts=0 child_alive=True
[2025-10-08 17:32:36] [WD] hb uptime=225s restarts=0 child_alive=True
[2025-10-08 17:32:41] [WD] hb uptime=230s restarts=0 child_alive=True
[2025-10-08 17:32:46] [WD] hb uptime=235s restarts=0 child_alive=True
2025-10-08 17:32:14 INFO [HB] active | src=RT dayR=0.00 open=0 tradesToday=0 bars=381 | arms=trend 0/0.00, breakout 1/-0.00
2025-10-08 17:32:15 INFO [HB] active | src=RT dayR=0.00 open=0 tradesToday=0 bars=381 | arms=trend 0/0.00, breakout 1/-0.00
2025-10-08 17:32:15 INFO [HB] active | src=RT dayR=0.00 open=0 tradesToday=0 bars=381 | arms=trend 0/0.00, breakout 1/-0.00
2025-10-08 17:32:16 INFO [HB] active | src=RT dayR=0.00 open=0 tradesToday=0 bars=381 | arms=trend 0/0.00, breakout 1/-0.00
2025-10-08 17:32:16 INFO [HB] active | src=RT dayR=0.00 open=0 tradesToday=0 bars=381 | arms=trend 0/0.00, breakout 1/-0.00
[MD] POLL error: AttributeError("'BarData' object has no attribute 'time'")
2025-10-08 17:32:17 INFO [HB] active | src=RT dayR=0.00 open=0 tradesToday=0 bars=381 | arms=trend 0/0.00, breakout 1/-0.00
2025-10-08 17:32:18 INFO [HB] active | src=RT dayR=0.00 open=0 tradesToday=0 bars=382 | arms=trend 0/0.00, breakout 1/-0.00
2025-10-08 17:32:18 INFO [HB] active | src=RT dayR=0.00 open=0 tradesToday=0 bars=382 | arms=trend 0/0.00, breakout 1/-0.00
2025-10-08 17:32:19 INFO [HB] active | src=RT dayR=0.00 open=0 tradesToday=0 bars=382 | arms=trend 0/0.00, breakout 1/-0.00
2025-10-08 17:32:19 INFO [HB] active | src=RT dayR=0.00 open=0 tradesToday=0 bars=382 | arms=trend 0/0.00, breakout 1/-0.00
2025-10-08 17:32:20 INFO [HB] active | src=RT dayR=0.00 open=0 tradesToday=0 bars=382 | arms=trend 0/0.00, breakout 1/-0.00
2025-10-08 17:32:21 INFO [HB] active | src=RT dayR=0.00 open=0 tradesToday=0 bars=382 | arms=trend 0/0.00, breakout 1/-0.00
2025-10-08 17:32:21 INFO [HB] active | src=RT dayR=0.00 open=0 tradesToday=0 bars=382 | arms=trend 0/0.00, breakout 1/-0.00
2025-10-08 17:32:22 INFO [HB] active | src=RT dayR=0.00 open=0 tradesToday=0 bars=382 | arms=trend 0/0.00, breakout 1/-0.00
2025-10-08 17:32:22 INFO [HB] active | src=RT dayR=0.00 open=0 tradesToday=0 bars=382 | arms=trend 0/0.00, breakout 1/-0.00
2025-10-08 17:32:23 INFO [HB] active | src=RT dayR=0.00 open=0 tradesToday=0 bars=382 | arms=trend 0/0.00, breakout 1/-0.00
2025-10-08 17:32:24 INFO [HB] active | src=RT dayR=0.00 open=0 tradesToday=0 bars=382 | arms=trend 0/0.00, breakout 1/-0.00
2025-10-08 17:32:24 INFO [HB] active | src=RT dayR=0.00 open=0 tradesToday=0 bars=382 | arms=trend 0/0.00, breakout 1/-0.00
2025-10-08 17:32:25 INFO [HB] active | src=RT dayR=0.00 open=0 tradesToday=0 bars=382 | arms=trend 0/0.00, breakout 1/-0.00
2025-10-08 17:32:25 INFO [HB] active | src=RT dayR=0.00 open=0 tradesToday=0 bars=382 | arms=trend 0/0.00, breakout 1/-0.00
2025-10-08 17:32:26 INFO [HB] active | src=RT dayR=0.00 open=0 tradesToday=0 bars=382 | arms=trend 0/0.00, breakout 1/-0.00
2025-10-08 17:32:27 INFO [HB] active | src=RT dayR=0.00 open=0 tradesToday=0 bars=382 | arms=trend 0/0.00, breakout 1/-0.00
[MD] POLL error: AttributeError("'BarData' object has no attribute 'time'")
2025-10-08 17:32:27 INFO [HB] active | src=RT dayR=0.00 open=0 tradesToday=0 bars=382 | arms=trend 0/0.00, breakout 1/-0.00
2025-10-08 17:32:28 INFO [HB] active | src=RT dayR=0.00 open=0 tradesToday=0 bars=383 | arms=trend 0/0.00, breakout 1/-0.00
2025-10-08 17:32:29 INFO [HB] active | src=RT dayR=0.00 open=0 tradesToday=0 bars=383 | arms=trend 0/0.00, breakout 1/-0.00
2025-10-08 17:32:29 INFO [HB] active | src=RT dayR=0.00 open=0 tradesToday=0 bars=383 | arms=trend 0/0.00, breakout 1/-0.00
2025-10-08 17:32:30 INFO [HB] active | src=RT dayR=0.00 open=0 tradesToday=0 bars=383 | arms=trend 0/0.00, breakout 1/-0.00
2025-10-08 17:32:30 INFO [HB] active | src=RT dayR=0.00 open=0 tradesToday=0 bars=383 | arms=trend 0/0.00, breakout 1/-0.00
2025-10-08 17:32:31 INFO [HB] active | src=RT dayR=0.00 open=0 tradesToday=0 bars=383 | arms=trend 0/0.00, breakout 1/-0.00
2025-10-08 17:32:32 INFO [HB] active | src=RT dayR=0.00 open=0 tradesToday=0 bars=383 | arms=trend 0/0.00, breakout 1/-0.00
2025-10-08 17:32:32 INFO [HB] active | src=RT dayR=0.00 open=0 tradesToday=0 bars=383 | arms=trend 0/0.00, breakout 1/-0.00
2025-10-08 17:32:33 INFO [HB] active | src=RT dayR=0.00 open=0 tradesToday=0 bars=383 | arms=trend 0/0.00, breakout 1/-0.00
2025-10-08 17:32:33 INFO [HB] active | src=RT dayR=0.00 open=0 tradesToday=0 bars=383 | arms=trend 0/0.00, breakout 1/-0.00
2025-10-08 17:32:34 INFO [HB] active | src=RT dayR=0.00 open=0 tradesToday=0 bars=383 | arms=trend 0/0.00, breakout 1/-0.00
2025-10-08 17:32:35 INFO [HB] active | src=RT dayR=0.00 open=0 tradesToday=0 bars=383 | arms=trend 0/0.00, breakout 1/-0.00
2025-10-08 17:32:35 INFO [HB] active | src=RT dayR=0.00 open=0 tradesToday=0 bars=383 | arms=trend 0/0.00, breakout 1/-0.00
2025-10-08 17:32:36 INFO [HB] active | src=RT dayR=0.00 open=0 tradesToday=0 bars=383 | arms=trend 0/0.00, breakout 1/-0.00
2025-10-08 17:32:36 INFO [HB] active | src=RT dayR=0.00 open=0 tradesToday=0 bars=383 | arms=trend 0/0.00, breakout 1/-0.00
2025-10-08 17:32:37 INFO [HB] active | src=RT dayR=0.00 open=0 tradesToday=0 bars=383 | arms=trend 0/0.00, breakout 1/-0.00
[MD] POLL error: AttributeError("'BarData' object has no attribute 'time'")
2025-10-08 17:32:38 INFO [HB] active | src=RT dayR=0.00 open=0 tradesToday=0 bars=383 | arms=trend 0/0.00, breakout 1/-0.00
2025-10-08 17:32:38 INFO [HB] active | src=RT dayR=0.00 open=0 tradesToday=0 bars=384 | arms=trend 0/0.00, breakout 1/-0.00
C:\Users\owner\Desktop\es_futures_backtester\paper_trader.py:485: DeprecationWarning: datetime.datetime.utcnow() is deprecated and scheduled for removal in a future version. Use timezone-aware objects to represent datetimes in UTC: datetime.datetime.now(datetime.UTC).
  print(f"{dt.datetime.utcnow():%Y-%m-%d %H:%M:%S} INFO submitted bracket parentId={oid} entry={entry:.2f} stop={stop:.2f} tp={tp:.2f}")
2025-10-08 22:32:38 INFO submitted bracket parentId=3646 entry=6805.25 stop=6808.25 tp=6802.25
2025-10-08 17:32:39 INFO [HB] active | src=RT dayR=0.00 open=-1 tradesToday=0 bars=384 | arms=trend 0/0.00, breakout 1/-0.00
2025-10-08 17:32:39 INFO [HB] active | src=RT dayR=0.00 open=-1 tradesToday=0 bars=384 | arms=trend 0/0.00, breakout 1/-0.00
2025-10-08 17:32:40 INFO [HB] active | src=RT dayR=0.00 open=-1 tradesToday=0 bars=384 | arms=trend 0/0.00, breakout 1/-0.00
2025-10-08 17:32:41 INFO [HB] active | src=RT dayR=0.00 open=-1 tradesToday=0 bars=384 | arms=trend 0/0.00, breakout 1/-0.00
2025-10-08 17:32:41 INFO [HB] active | src=RT dayR=0.00 open=-1 tradesToday=0 bars=384 | arms=trend 0/0.00, breakout 1/-0.00
2025-10-08 17:32:42 INFO [HB] active | src=RT dayR=0.00 open=-1 tradesToday=0 bars=384 | arms=trend 0/0.00, breakout 1/-0.00
2025-10-08 17:32:42 INFO [HB] active | src=RT dayR=0.00 open=-1 tradesToday=0 bars=384 | arms=trend 0/0.00, breakout 1/-0.00
2025-10-08 17:32:43 INFO [HB] active | src=RT dayR=0.00 open=-1 tradesToday=0 bars=384 | arms=trend 0/0.00, breakout 1/-0.00
2025-10-08 17:32:44 INFO [HB] active | src=RT dayR=0.00 open=-1 tradesToday=0 bars=384 | arms=trend 0/0.00, breakout 1/-0.00
2025-10-08 17:32:44 INFO [HB] active | src=RT dayR=0.00 open=-1 tradesToday=0 bars=384 | arms=trend 0/0.00, breakout 1/-0.00
2025-10-08 17:32:45 INFO [HB] active | src=RT dayR=0.00 open=-1 tradesToday=0 bars=384 | arms=trend 0/0.00, breakout 1/-0.00
2025-10-08 17:32:45 INFO [HB] active | src=RT dayR=0.00 open=-1 tradesToday=0 bars=384 | arms=trend 0/0.00, breakout 1/-0.00
2025-10-08 17:32:46 INFO [HB] active | src=RT dayR=0.00 open=-1 tradesToday=0 bars=384 | arms=trend 0/0.00, breakout 1/-0.00
2025-10-08 17:32:47 INFO [HB] active | src=RT dayR=0.00 open=-1 tradesToday=0 bars=384 | arms=trend 0/0.00, breakout 1/-0.00
2025-10-08 17:32:47 INFO [HB] active | src=RT dayR=0.00 open=-1 tradesToday=0 bars=384 | arms=trend 0/0.00, breakout 1/-0.00
[MD] POLL error: AttributeError("'BarData' object has no attribute 'time'")
2025-10-08 17:32:48 INFO [HB] active | src=RT dayR=0.00 open=-1 tradesToday=0 bars=384 | arms=trend 0/0.00, breakout 1/-0.00
2025-10-08 17:32:49 INFO [HB] active | src=RT dayR=0.00 open=-1 tradesToday=0 bars=385 | arms=trend 0/0.00, breakout 1/-0.00
2025-10-08 17:32:49 INFO [HB] active | src=RT dayR=0.00 open=-1 tradesToday=0 bars=385 | arms=trend 0/0.00, breakout 1/-0.00
[2025-10-08 17:32:51] [WD] hb uptime=240s restarts=0 child_alive=True
[2025-10-08 17:32:56] [WD] hb uptime=245s restarts=0 child_alive=True
[2025-10-08 17:33:01] [WD] hb uptime=250s restarts=0 child_alive=True
[2025-10-08 17:33:06] [WD] hb uptime=255s restarts=0 child_alive=True
[2025-10-08 17:33:11] [WD] hb uptime=260s restarts=0 child_alive=True
[2025-10-08 17:33:16] [WD] hb uptime=265s restarts=0 child_alive=True
[2025-10-08 17:33:21] [WD] hb uptime=270s restarts=0 child_alive=True
[2025-10-08 17:33:26] [WD] hb uptime=275s restarts=0 child_alive=True
2025-10-08 17:32:50 INFO [HB] active | src=RT dayR=0.00 open=-1 tradesToday=0 bars=385 | arms=trend 0/0.00, breakout 1/-0.00
2025-10-08 17:32:50 INFO [HB] active | src=RT dayR=0.00 open=-1 tradesToday=0 bars=385 | arms=trend 0/0.00, breakout 1/-0.00
2025-10-08 17:32:51 INFO [HB] active | src=RT dayR=0.00 open=-1 tradesToday=0 bars=385 | arms=trend 0/0.00, breakout 1/-0.00
2025-10-08 17:32:52 INFO [HB] active | src=RT dayR=0.00 open=-1 tradesToday=0 bars=385 | arms=trend 0/0.00, breakout 1/-0.00
2025-10-08 17:32:52 INFO [HB] active | src=RT dayR=0.00 open=-1 tradesToday=0 bars=385 | arms=trend 0/0.00, breakout 1/-0.00
2025-10-08 17:32:53 INFO [HB] active | src=RT dayR=0.00 open=-1 tradesToday=0 bars=385 | arms=trend 0/0.00, breakout 1/-0.00
2025-10-08 17:32:53 INFO [HB] active | src=RT dayR=0.00 open=-1 tradesToday=0 bars=385 | arms=trend 0/0.00, breakout 1/-0.00
2025-10-08 17:32:54 INFO [HB] active | src=RT dayR=0.00 open=-1 tradesToday=0 bars=385 | arms=trend 0/0.00, breakout 1/-0.00
2025-10-08 17:32:55 INFO [HB] active | src=RT dayR=0.00 open=-1 tradesToday=0 bars=385 | arms=trend 0/0.00, breakout 1/-0.00
2025-10-08 17:32:55 INFO [HB] active | src=RT dayR=0.00 open=-1 tradesToday=0 bars=385 | arms=trend 0/0.00, breakout 1/-0.00
2025-10-08 17:32:56 INFO [HB] active | src=RT dayR=0.00 open=-1 tradesToday=0 bars=385 | arms=trend 0/0.00, breakout 1/-0.00
2025-10-08 17:32:56 INFO [HB] active | src=RT dayR=0.00 open=-1 tradesToday=0 bars=385 | arms=trend 0/0.00, breakout 1/-0.00
2025-10-08 17:32:57 INFO [HB] active | src=RT dayR=0.00 open=-1 tradesToday=0 bars=385 | arms=trend 0/0.00, breakout 1/-0.00
2025-10-08 17:32:58 INFO [HB] active | src=RT dayR=0.00 open=-1 tradesToday=0 bars=385 | arms=trend 0/0.00, breakout 1/-0.00
[MD] POLL error: AttributeError("'BarData' object has no attribute 'time'")
2025-10-08 17:32:58 INFO [HB] active | src=RT dayR=0.00 open=-1 tradesToday=0 bars=385 | arms=trend 0/0.00, breakout 1/-0.00
2025-10-08 17:32:59 INFO [HB] active | src=RT dayR=0.00 open=-1 tradesToday=0 bars=386 | arms=trend 0/0.00, breakout 1/-0.00
2025-10-08 17:32:59 INFO [HB] active | src=RT dayR=0.00 open=-1 tradesToday=0 bars=386 | arms=trend 0/0.00, breakout 1/-0.00
2025-10-08 17:33:00 INFO [HB] active | src=RT dayR=0.00 open=-1 tradesToday=0 bars=386 | arms=trend 0/0.00, breakout 1/-0.00
2025-10-08 17:33:01 INFO [HB] active | src=RT dayR=0.00 open=-1 tradesToday=0 bars=386 | arms=trend 0/0.00, breakout 1/-0.00
2025-10-08 17:33:01 INFO [HB] active | src=RT dayR=0.00 open=-1 tradesToday=0 bars=386 | arms=trend 0/0.00, breakout 1/-0.00
2025-10-08 17:33:02 INFO [HB] active | src=RT dayR=0.00 open=-1 tradesToday=0 bars=386 | arms=trend 0/0.00, breakout 1/-0.00
2025-10-08 17:33:02 INFO [HB] active | src=RT dayR=0.00 open=-1 tradesToday=0 bars=386 | arms=trend 0/0.00, breakout 1/-0.00
2025-10-08 17:33:03 INFO [HB] active | src=RT dayR=0.00 open=-1 tradesToday=0 bars=386 | arms=trend 0/0.00, breakout 1/-0.00
2025-10-08 17:33:04 INFO [HB] active | src=RT dayR=0.00 open=-1 tradesToday=0 bars=386 | arms=trend 0/0.00, breakout 1/-0.00
2025-10-08 17:33:04 INFO [HB] active | src=RT dayR=0.00 open=-1 tradesToday=0 bars=386 | arms=trend 0/0.00, breakout 1/-0.00
2025-10-08 17:33:05 INFO [HB] active | src=RT dayR=0.00 open=-1 tradesToday=0 bars=386 | arms=trend 0/0.00, breakout 1/-0.00
2025-10-08 17:33:06 INFO [HB] active | src=RT dayR=0.00 open=-1 tradesToday=0 bars=386 | arms=trend 0/0.00, breakout 1/-0.00
2025-10-08 17:33:06 INFO [HB] active | src=RT dayR=0.00 open=-1 tradesToday=0 bars=386 | arms=trend 0/0.00, breakout 1/-0.00
2025-10-08 17:33:07 INFO [HB] active | src=RT dayR=0.00 open=-1 tradesToday=0 bars=386 | arms=trend 0/0.00, breakout 1/-0.00
2025-10-08 17:33:07 INFO [HB] active | src=RT dayR=0.00 open=-1 tradesToday=0 bars=386 | arms=trend 0/0.00, breakout 1/-0.00
2025-10-08 17:33:08 INFO [HB] active | src=RT dayR=0.00 open=-1 tradesToday=0 bars=386 | arms=trend 0/0.00, breakout 1/-0.00
[MD] POLL error: AttributeError("'BarData' object has no attribute 'time'")
2025-10-08 17:33:09 INFO [HB] active | src=RT dayR=0.00 open=-1 tradesToday=0 bars=386 | arms=trend 0/0.00, breakout 1/-0.00
2025-10-08 17:33:09 INFO [HB] active | src=RT dayR=0.00 open=-1 tradesToday=0 bars=387 | arms=trend 0/0.00, breakout 1/-0.00
2025-10-08 17:33:10 INFO [HB] active | src=RT dayR=0.00 open=-1 tradesToday=0 bars=387 | arms=trend 0/0.00, breakout 1/-0.00
2025-10-08 17:33:10 INFO [HB] active | src=RT dayR=0.00 open=-1 tradesToday=0 bars=387 | arms=trend 0/0.00, breakout 1/-0.00
2025-10-08 17:33:11 INFO [HB] active | src=RT dayR=0.00 open=-1 tradesToday=0 bars=387 | arms=trend 0/0.00, breakout 1/-0.00
2025-10-08 17:33:12 INFO [HB] active | src=RT dayR=0.00 open=-1 tradesToday=0 bars=387 | arms=trend 0/0.00, breakout 1/-0.00
2025-10-08 17:33:12 INFO [HB] active | src=RT dayR=0.00 open=-1 tradesToday=0 bars=387 | arms=trend 0/0.00, breakout 1/-0.00
2025-10-08 17:33:13 INFO [HB] active | src=RT dayR=0.00 open=-1 tradesToday=0 bars=387 | arms=trend 0/0.00, breakout 1/-0.00
2025-10-08 17:33:13 INFO [HB] active | src=RT dayR=0.00 open=-1 tradesToday=0 bars=387 | arms=trend 0/0.00, breakout 1/-0.00
2025-10-08 17:33:14 INFO [HB] active | src=RT dayR=0.00 open=-1 tradesToday=0 bars=387 | arms=trend 0/0.00, breakout 1/-0.00
2025-10-08 17:33:15 INFO [HB] active | src=RT dayR=0.00 open=-1 tradesToday=0 bars=387 | arms=trend 0/0.00, breakout 1/-0.00
2025-10-08 17:33:15 INFO [HB] active | src=RT dayR=0.00 open=-1 tradesToday=0 bars=387 | arms=trend 0/0.00, breakout 1/-0.00
2025-10-08 17:33:16 INFO [HB] active | src=RT dayR=0.00 open=-1 tradesToday=0 bars=387 | arms=trend 0/0.00, breakout 1/-0.00
2025-10-08 17:33:16 INFO [HB] active | src=RT dayR=0.00 open=-1 tradesToday=0 bars=387 | arms=trend 0/0.00, breakout 1/-0.00
2025-10-08 17:33:17 INFO [HB] active | src=RT dayR=0.00 open=-1 tradesToday=0 bars=387 | arms=trend 0/0.00, breakout 1/-0.00
2025-10-08 17:33:18 INFO [HB] active | src=RT dayR=0.00 open=-1 tradesToday=0 bars=387 | arms=trend 0/0.00, breakout 1/-0.00
2025-10-08 17:33:18 INFO [HB] active | src=RT dayR=0.00 open=-1 tradesToday=0 bars=387 | arms=trend 0/0.00, breakout 1/-0.00
[MD] POLL error: AttributeError("'BarData' object has no attribute 'time'")
2025-10-08 17:33:19 INFO [HB] active | src=RT dayR=0.00 open=-1 tradesToday=0 bars=387 | arms=trend 0/0.00, breakout 1/-0.00
2025-10-08 17:33:19 INFO [HB] active | src=RT dayR=0.00 open=-1 tradesToday=0 bars=388 | arms=trend 0/0.00, breakout 1/-0.00
2025-10-08 17:33:20 INFO [HB] active | src=RT dayR=0.00 open=-1 tradesToday=0 bars=388 | arms=trend 0/0.00, breakout 1/-0.00
2025-10-08 17:33:21 INFO [HB] active | src=RT dayR=0.00 open=-1 tradesToday=0 bars=388 | arms=trend 0/0.00, breakout 1/-0.00
2025-10-08 17:33:21 INFO [HB] active | src=RT dayR=0.00 open=-1 tradesToday=0 bars=388 | arms=trend 0/0.00, breakout 1/-0.00
2025-10-08 17:33:22 INFO [HB] active | src=RT dayR=0.00 open=-1 tradesToday=0 bars=388 | arms=trend 0/0.00, breakout 1/-0.00
2025-10-08 17:33:22 INFO [HB] active | src=RT dayR=0.00 open=-1 tradesToday=0 bars=388 | arms=trend 0/0.00, breakout 1/-0.00
2025-10-08 17:33:23 INFO [HB] active | src=RT dayR=0.00 open=-1 tradesToday=0 bars=388 | arms=trend 0/0.00, breakout 1/-0.00
2025-10-08 17:33:24 INFO [HB] active | src=RT dayR=0.00 open=-1 tradesToday=0 bars=388 | arms=trend 0/0.00, breakout 1/-0.00
2025-10-08 17:33:24 INFO [HB] active | src=RT dayR=0.00 open=-1 tradesToday=0 bars=388 | arms=trend 0/0.00, breakout 1/-0.00
2025-10-08 17:33:25 INFO [HB] active | src=RT dayR=0.00 open=-1 tradesToday=0 bars=388 | arms=trend 0/0.00, breakout 1/-0.00
2025-10-08 17:33:26 INFO [HB] active | src=RT dayR=0.00 open=-1 tradesToday=0 bars=388 | arms=trend 0/0.00, breakout 1/-0.00
2025-10-08 17:33:26 INFO [HB] active | src=RT dayR=0.00 open=-1 tradesToday=0 bars=388 | arms=trend 0/0.00, breakout 1/-0.00
2025-10-08 17:33:27 INFO [HB] active | src=RT dayR=0.00 open=-1 tradesToday=0 bars=388 | arms=trend 0/0.00, breakout 1/-0.00
2025-10-08 17:33:27 INFO [HB] active | src=RT dayR=0.00 open=-1 tradesToday=0 bars=388 | arms=trend 0/0.00, breakout 1/-0.00
2025-10-08 17:33:28 INFO [HB] active | src=RT dayR=0.00 open=-1 tradesToday=0 bars=388 | arms=trend 0/0.00, breakout 1/-0.00
[2025-10-08 17:33:31] [WD] hb uptime=280s restarts=0 child_alive=True
[2025-10-08 17:33:36] [WD] hb uptime=285s restarts=0 child_alive=True
[2025-10-08 17:33:41] [WD] hb uptime=290s restarts=0 child_alive=True
[2025-10-08 17:33:46] [WD] hb uptime=295s restarts=0 child_alive=True
[2025-10-08 17:33:51] [WD] hb uptime=300s restarts=0 child_alive=True
[2025-10-08 17:33:56] [WD] hb uptime=305s restarts=0 child_alive=True
[2025-10-08 17:34:01] [WD] hb uptime=310s restarts=0 child_alive=True
2025-10-08 17:33:29 INFO [HB] active | src=RT dayR=0.00 open=-1 tradesToday=0 bars=388 | arms=trend 0/0.00, breakout 1/-0.00
[MD] POLL error: AttributeError("'BarData' object has no attribute 'time'")
2025-10-08 17:33:29 INFO [HB] active | src=RT dayR=0.00 open=-1 tradesToday=0 bars=388 | arms=trend 0/0.00, breakout 1/-0.00
2025-10-08 17:33:30 INFO [HB] active | src=RT dayR=0.00 open=-1 tradesToday=0 bars=389 | arms=trend 0/0.00, breakout 1/-0.00
2025-10-08 17:33:30 INFO [HB] active | src=RT dayR=0.00 open=-1 tradesToday=0 bars=389 | arms=trend 0/0.00, breakout 1/-0.00
2025-10-08 17:33:31 INFO [HB] active | src=RT dayR=0.00 open=-1 tradesToday=0 bars=389 | arms=trend 0/0.00, breakout 1/-0.00
2025-10-08 17:33:32 INFO [HB] active | src=RT dayR=0.00 open=-1 tradesToday=0 bars=389 | arms=trend 0/0.00, breakout 1/-0.00
2025-10-08 17:33:32 INFO [HB] active | src=RT dayR=0.00 open=-1 tradesToday=0 bars=389 | arms=trend 0/0.00, breakout 1/-0.00
2025-10-08 17:33:33 INFO [HB] active | src=RT dayR=0.00 open=-1 tradesToday=0 bars=389 | arms=trend 0/0.00, breakout 1/-0.00
2025-10-08 17:33:33 INFO [HB] active | src=RT dayR=0.00 open=-1 tradesToday=0 bars=389 | arms=trend 0/0.00, breakout 1/-0.00
2025-10-08 17:33:34 INFO [HB] active | src=RT dayR=0.00 open=-1 tradesToday=0 bars=389 | arms=trend 0/0.00, breakout 1/-0.00
2025-10-08 17:33:35 INFO [HB] active | src=RT dayR=0.00 open=-1 tradesToday=0 bars=389 | arms=trend 0/0.00, breakout 1/-0.00
2025-10-08 17:33:35 INFO [HB] active | src=RT dayR=0.00 open=-1 tradesToday=0 bars=389 | arms=trend 0/0.00, breakout 1/-0.00
2025-10-08 17:33:36 INFO [HB] active | src=RT dayR=0.00 open=-1 tradesToday=0 bars=389 | arms=trend 0/0.00, breakout 1/-0.00
2025-10-08 17:33:36 INFO [HB] active | src=RT dayR=0.00 open=-1 tradesToday=0 bars=389 | arms=trend 0/0.00, breakout 1/-0.00
2025-10-08 17:33:37 INFO [HB] active | src=RT dayR=0.00 open=-1 tradesToday=0 bars=389 | arms=trend 0/0.00, breakout 1/-0.00
2025-10-08 17:33:38 INFO [HB] active | src=RT dayR=0.00 open=-1 tradesToday=0 bars=389 | arms=trend 0/0.00, breakout 1/-0.00
2025-10-08 17:33:38 INFO [HB] active | src=RT dayR=0.00 open=-1 tradesToday=0 bars=389 | arms=trend 0/0.00, breakout 1/-0.00
2025-10-08 17:33:39 INFO [HB] active | src=RT dayR=0.00 open=-1 tradesToday=0 bars=389 | arms=trend 0/0.00, breakout 1/-0.00
[MD] POLL error: AttributeError("'BarData' object has no attribute 'time'")
2025-10-08 17:33:39 INFO [HB] active | src=RT dayR=0.00 open=-1 tradesToday=0 bars=389 | arms=trend 0/0.00, breakout 1/-0.00
2025-10-08 17:33:40 INFO [HB] active | src=RT dayR=0.00 open=-1 tradesToday=0 bars=390 | arms=trend 0/0.00, breakout 1/-0.00
2025-10-08 17:33:41 INFO [HB] active | src=RT dayR=0.00 open=-1 tradesToday=0 bars=390 | arms=trend 0/0.00, breakout 1/-0.00
2025-10-08 17:33:41 INFO [HB] active | src=RT dayR=0.00 open=-1 tradesToday=0 bars=390 | arms=trend 0/0.00, breakout 1/-0.00
2025-10-08 17:33:42 INFO [HB] active | src=RT dayR=0.00 open=-1 tradesToday=0 bars=390 | arms=trend 0/0.00, breakout 1/-0.00
2025-10-08 17:33:42 INFO [HB] active | src=RT dayR=0.00 open=-1 tradesToday=0 bars=390 | arms=trend 0/0.00, breakout 1/-0.00
2025-10-08 17:33:43 INFO [HB] active | src=RT dayR=0.00 open=-1 tradesToday=0 bars=390 | arms=trend 0/0.00, breakout 1/-0.00
2025-10-08 17:33:44 INFO [HB] active | src=RT dayR=0.00 open=-1 tradesToday=0 bars=390 | arms=trend 0/0.00, breakout 1/-0.00
2025-10-08 17:33:44 INFO [HB] active | src=RT dayR=0.00 open=-1 tradesToday=0 bars=390 | arms=trend 0/0.00, breakout 1/-0.00
2025-10-08 17:33:45 INFO [HB] active | src=RT dayR=0.00 open=-1 tradesToday=0 bars=390 | arms=trend 0/0.00, breakout 1/-0.00
2025-10-08 17:33:45 INFO [HB] active | src=RT dayR=0.00 open=-1 tradesToday=0 bars=390 | arms=trend 0/0.00, breakout 1/-0.00
2025-10-08 17:33:46 INFO [HB] active | src=RT dayR=0.00 open=-1 tradesToday=0 bars=390 | arms=trend 0/0.00, breakout 1/-0.00
2025-10-08 17:33:47 INFO [HB] active | src=RT dayR=0.00 open=-1 tradesToday=0 bars=390 | arms=trend 0/0.00, breakout 1/-0.00
2025-10-08 17:33:47 INFO [HB] active | src=RT dayR=0.00 open=-1 tradesToday=0 bars=390 | arms=trend 0/0.00, breakout 1/-0.00
2025-10-08 17:33:48 INFO [HB] active | src=RT dayR=0.00 open=-1 tradesToday=0 bars=390 | arms=trend 0/0.00, breakout 1/-0.00
2025-10-08 17:33:48 INFO [HB] active | src=RT dayR=0.00 open=-1 tradesToday=0 bars=390 | arms=trend 0/0.00, breakout 1/-0.00
2025-10-08 17:33:49 INFO [HB] active | src=RT dayR=0.00 open=-1 tradesToday=0 bars=390 | arms=trend 0/0.00, breakout 1/-0.00
[MD] POLL error: AttributeError("'BarData' object has no attribute 'time'")
2025-10-08 17:33:50 INFO [HB] active | src=RT dayR=0.00 open=-1 tradesToday=0 bars=390 | arms=trend 0/0.00, breakout 1/-0.00
2025-10-08 17:33:50 INFO [HB] active | src=RT dayR=0.00 open=-1 tradesToday=0 bars=391 | arms=trend 0/0.00, breakout 1/-0.00
2025-10-08 17:33:51 INFO [HB] active | src=RT dayR=0.00 open=-1 tradesToday=0 bars=391 | arms=trend 0/0.00, breakout 1/-0.00
2025-10-08 17:33:52 INFO [HB] active | src=RT dayR=0.00 open=-1 tradesToday=0 bars=391 | arms=trend 0/0.00, breakout 1/-0.00
2025-10-08 17:33:52 INFO [HB] active | src=RT dayR=0.00 open=-1 tradesToday=0 bars=391 | arms=trend 0/0.00, breakout 1/-0.00
2025-10-08 17:33:53 INFO [HB] active | src=RT dayR=0.00 open=-1 tradesToday=0 bars=391 | arms=trend 0/0.00, breakout 1/-0.00
2025-10-08 17:33:53 INFO [HB] active | src=RT dayR=0.00 open=-1 tradesToday=0 bars=391 | arms=trend 0/0.00, breakout 1/-0.00
2025-10-08 17:33:54 INFO [HB] active | src=RT dayR=0.00 open=-1 tradesToday=0 bars=391 | arms=trend 0/0.00, breakout 1/-0.00
2025-10-08 17:33:55 INFO [HB] active | src=RT dayR=0.00 open=-1 tradesToday=0 bars=391 | arms=trend 0/0.00, breakout 1/-0.00
2025-10-08 17:33:55 INFO [HB] active | src=RT dayR=0.00 open=-1 tradesToday=0 bars=391 | arms=trend 0/0.00, breakout 1/-0.00
2025-10-08 17:33:56 INFO [HB] active | src=RT dayR=0.00 open=-1 tradesToday=0 bars=391 | arms=trend 0/0.00, breakout 1/-0.00
2025-10-08 17:33:56 INFO [HB] active | src=RT dayR=0.00 open=-1 tradesToday=0 bars=391 | arms=trend 0/0.00, breakout 1/-0.00
2025-10-08 17:33:57 INFO [HB] active | src=RT dayR=0.00 open=-1 tradesToday=0 bars=391 | arms=trend 0/0.00, breakout 1/-0.00
2025-10-08 17:33:58 INFO [HB] active | src=RT dayR=0.00 open=-1 tradesToday=0 bars=391 | arms=trend 0/0.00, breakout 1/-0.00
2025-10-08 17:33:58 INFO [HB] active | src=RT dayR=0.00 open=-1 tradesToday=0 bars=391 | arms=trend 0/0.00, breakout 1/-0.00
2025-10-08 17:33:59 INFO [HB] active | src=RT dayR=0.00 open=-1 tradesToday=0 bars=391 | arms=trend 0/0.00, breakout 1/-0.00
2025-10-08 17:33:59 INFO [HB] active | src=RT dayR=0.00 open=-1 tradesToday=0 bars=391 | arms=trend 0/0.00, breakout 1/-0.00
[MD] POLL error: AttributeError("'BarData' object has no attribute 'time'")
2025-10-08 17:34:00 INFO [HB] active | src=RT dayR=0.00 open=-1 tradesToday=0 bars=391 | arms=trend 0/0.00, breakout 1/-0.00
2025-10-08 17:34:01 INFO [HB] active | src=RT dayR=0.00 open=-1 tradesToday=0 bars=392 | arms=trend 0/0.00, breakout 1/-0.00
2025-10-08 17:34:01 INFO [HB] active | src=RT dayR=0.00 open=-1 tradesToday=0 bars=392 | arms=trend 0/0.00, breakout 1/-0.00
2025-10-08 17:34:02 INFO [HB] active | src=RT dayR=0.00 open=-1 tradesToday=0 bars=392 | arms=trend 0/0.00, breakout 1/-0.00
2025-10-08 17:34:02 INFO [HB] active | src=RT dayR=0.00 open=-1 tradesToday=0 bars=392 | arms=trend 0/0.00, breakout 1/-0.00
2025-10-08 17:34:03 INFO [HB] active | src=RT dayR=0.00 open=-1 tradesToday=0 bars=392 | arms=trend 0/0.00, breakout 1/-0.00
2025-10-08 17:34:04 INFO [HB] active | src=RT dayR=0.00 open=-1 tradesToday=0 bars=392 | arms=trend 0/0.00, breakout 1/-0.00
2025-10-08 17:34:04 INFO [HB] active | src=RT dayR=0.00 open=-1 tradesToday=0 bars=392 | arms=trend 0/0.00, breakout 1/-0.00
2025-10-08 17:34:05 INFO [HB] active | src=RT dayR=0.00 open=-1 tradesToday=0 bars=392 | arms=trend 0/0.00, breakout 1/-0.00
2025-10-08 17:34:05 INFO [HB] active | src=RT dayR=0.00 open=-1 tradesToday=0 bars=392 | arms=trend 0/0.00, breakout 1/-0.00
2025-10-08 17:34:06 INFO [HB] active | src=RT dayR=0.00 open=-1 tradesToday=0 bars=392 | arms=trend 0/0.00, breakout 1/-0.00
[2025-10-08 17:34:06] [WD] hb uptime=315s restarts=0 child_alive=True
[2025-10-08 17:34:11] [WD] hb uptime=320s restarts=0 child_alive=True
[2025-10-08 17:34:16] [WD] hb uptime=325s restarts=0 child_alive=True
[2025-10-08 17:34:21] [WD] hb uptime=330s restarts=0 child_alive=True
[2025-10-08 17:34:26] [WD] hb uptime=335s restarts=0 child_alive=True
[2025-10-08 17:34:31] [WD] hb uptime=340s restarts=0 child_alive=True
[2025-10-08 17:34:36] [WD] hb uptime=345s restarts=0 child_alive=True
[2025-10-08 17:34:41] [WD] hb uptime=350s restarts=0 child_alive=True
2025-10-08 17:34:07 INFO [HB] active | src=RT dayR=0.00 open=-1 tradesToday=0 bars=392 | arms=trend 0/0.00, breakout 1/-0.00
2025-10-08 17:34:07 INFO [HB] active | src=RT dayR=0.00 open=-1 tradesToday=0 bars=392 | arms=trend 0/0.00, breakout 1/-0.00
2025-10-08 17:34:08 INFO [HB] active | src=RT dayR=0.00 open=-1 tradesToday=0 bars=392 | arms=trend 0/0.00, breakout 1/-0.00
2025-10-08 17:34:08 INFO [HB] active | src=RT dayR=0.00 open=-1 tradesToday=0 bars=392 | arms=trend 0/0.00, breakout 1/-0.00
2025-10-08 17:34:09 INFO [HB] active | src=RT dayR=0.00 open=-1 tradesToday=0 bars=392 | arms=trend 0/0.00, breakout 1/-0.00
2025-10-08 17:34:10 INFO [HB] active | src=RT dayR=0.00 open=-1 tradesToday=0 bars=392 | arms=trend 0/0.00, breakout 1/-0.00
[MD] POLL error: AttributeError("'BarData' object has no attribute 'time'")
2025-10-08 17:34:10 INFO [HB] active | src=RT dayR=0.00 open=-1 tradesToday=0 bars=392 | arms=trend 0/0.00, breakout 1/-0.00
2025-10-08 17:34:11 INFO [HB] active | src=RT dayR=0.00 open=-1 tradesToday=0 bars=393 | arms=trend 0/0.00, breakout 1/-0.00
2025-10-08 17:34:11 INFO [HB] active | src=RT dayR=0.00 open=-1 tradesToday=0 bars=393 | arms=trend 0/0.00, breakout 1/-0.00
2025-10-08 17:34:12 INFO [HB] active | src=RT dayR=0.00 open=-1 tradesToday=0 bars=393 | arms=trend 0/0.00, breakout 1/-0.00
2025-10-08 17:34:13 INFO [HB] active | src=RT dayR=0.00 open=-1 tradesToday=0 bars=393 | arms=trend 0/0.00, breakout 1/-0.00
2025-10-08 17:34:13 INFO [HB] active | src=RT dayR=0.00 open=-1 tradesToday=0 bars=393 | arms=trend 0/0.00, breakout 1/-0.00
2025-10-08 17:34:14 INFO [HB] active | src=RT dayR=0.00 open=-1 tradesToday=0 bars=393 | arms=trend 0/0.00, breakout 1/-0.00
2025-10-08 17:34:14 INFO [HB] active | src=RT dayR=0.00 open=-1 tradesToday=0 bars=393 | arms=trend 0/0.00, breakout 1/-0.00
2025-10-08 17:34:15 INFO [HB] active | src=RT dayR=0.00 open=-1 tradesToday=0 bars=393 | arms=trend 0/0.00, breakout 1/-0.00
2025-10-08 17:34:16 INFO [HB] active | src=RT dayR=0.00 open=-1 tradesToday=0 bars=393 | arms=trend 0/0.00, breakout 1/-0.00
2025-10-08 17:34:16 INFO [HB] active | src=RT dayR=0.00 open=-1 tradesToday=0 bars=393 | arms=trend 0/0.00, breakout 1/-0.00
2025-10-08 17:34:17 INFO [HB] active | src=RT dayR=0.00 open=-1 tradesToday=0 bars=393 | arms=trend 0/0.00, breakout 1/-0.00
2025-10-08 17:34:17 INFO [HB] active | src=RT dayR=0.00 open=-1 tradesToday=0 bars=393 | arms=trend 0/0.00, breakout 1/-0.00
2025-10-08 17:34:18 INFO [HB] active | src=RT dayR=0.00 open=-1 tradesToday=0 bars=393 | arms=trend 0/0.00, breakout 1/-0.00
2025-10-08 17:34:19 INFO [HB] active | src=RT dayR=0.00 open=-1 tradesToday=0 bars=393 | arms=trend 0/0.00, breakout 1/-0.00
2025-10-08 17:34:19 INFO [HB] active | src=RT dayR=0.00 open=-1 tradesToday=0 bars=393 | arms=trend 0/0.00, breakout 1/-0.00
2025-10-08 17:34:20 INFO [HB] active | src=RT dayR=0.00 open=-1 tradesToday=0 bars=393 | arms=trend 0/0.00, breakout 1/-0.00
[MD] POLL error: AttributeError("'BarData' object has no attribute 'time'")
2025-10-08 17:34:20 INFO [HB] active | src=RT dayR=0.00 open=-1 tradesToday=0 bars=393 | arms=trend 0/0.00, breakout 1/-0.00
2025-10-08 17:34:21 INFO [HB] active | src=RT dayR=0.00 open=-1 tradesToday=0 bars=394 | arms=trend 0/0.00, breakout 1/-0.00
2025-10-08 17:34:22 INFO [HB] active | src=RT dayR=0.00 open=-1 tradesToday=0 bars=394 | arms=trend 0/0.00, breakout 1/-0.00
2025-10-08 17:34:22 INFO [HB] active | src=RT dayR=0.00 open=-1 tradesToday=0 bars=394 | arms=trend 0/0.00, breakout 1/-0.00
2025-10-08 17:34:23 INFO [HB] active | src=RT dayR=0.00 open=-1 tradesToday=0 bars=394 | arms=trend 0/0.00, breakout 1/-0.00
2025-10-08 17:34:24 INFO [HB] active | src=RT dayR=0.00 open=-1 tradesToday=0 bars=394 | arms=trend 0/0.00, breakout 1/-0.00
2025-10-08 17:34:24 INFO [HB] active | src=RT dayR=0.00 open=-1 tradesToday=0 bars=394 | arms=trend 0/0.00, breakout 1/-0.00
2025-10-08 17:34:25 INFO [HB] active | src=RT dayR=0.00 open=-1 tradesToday=0 bars=394 | arms=trend 0/0.00, breakout 1/-0.00
2025-10-08 17:34:25 INFO [HB] active | src=RT dayR=0.00 open=-1 tradesToday=0 bars=394 | arms=trend 0/0.00, breakout 1/-0.00
2025-10-08 17:34:26 INFO [HB] active | src=RT dayR=0.00 open=-1 tradesToday=0 bars=394 | arms=trend 0/0.00, breakout 1/-0.00
2025-10-08 17:34:27 INFO [HB] active | src=RT dayR=0.00 open=-1 tradesToday=0 bars=394 | arms=trend 0/0.00, breakout 1/-0.00
2025-10-08 17:34:27 INFO [HB] active | src=RT dayR=0.00 open=-1 tradesToday=0 bars=394 | arms=trend 0/0.00, breakout 1/-0.00
2025-10-08 17:34:28 INFO [HB] active | src=RT dayR=0.00 open=-1 tradesToday=0 bars=394 | arms=trend 0/0.00, breakout 1/-0.00
2025-10-08 17:34:28 INFO [HB] active | src=RT dayR=0.00 open=-1 tradesToday=0 bars=394 | arms=trend 0/0.00, breakout 1/-0.00
2025-10-08 17:34:29 INFO [HB] active | src=RT dayR=0.00 open=-1 tradesToday=0 bars=394 | arms=trend 0/0.00, breakout 1/-0.00
2025-10-08 17:34:30 INFO [HB] active | src=RT dayR=0.00 open=-1 tradesToday=0 bars=394 | arms=trend 0/0.00, breakout 1/-0.00
2025-10-08 17:34:30 INFO [HB] active | src=RT dayR=0.00 open=-1 tradesToday=0 bars=394 | arms=trend 0/0.00, breakout 1/-0.00
[MD] POLL error: AttributeError("'BarData' object has no attribute 'time'")
2025-10-08 17:34:31 INFO [HB] active | src=RT dayR=0.00 open=-1 tradesToday=0 bars=394 | arms=trend 0/0.00, breakout 1/-0.00
2025-10-08 17:34:31 INFO [HB] active | src=RT dayR=0.00 open=-1 tradesToday=0 bars=395 | arms=trend 0/0.00, breakout 1/-0.00
2025-10-08 17:34:32 INFO [HB] active | src=RT dayR=0.00 open=-1 tradesToday=0 bars=395 | arms=trend 0/0.00, breakout 1/-0.00
2025-10-08 17:34:33 INFO [HB] active | src=RT dayR=0.00 open=-1 tradesToday=0 bars=395 | arms=trend 0/0.00, breakout 1/-0.00
2025-10-08 17:34:33 INFO [HB] active | src=RT dayR=0.00 open=-1 tradesToday=0 bars=395 | arms=trend 0/0.00, breakout 1/-0.00
2025-10-08 17:34:34 INFO [HB] active | src=RT dayR=0.00 open=-1 tradesToday=0 bars=395 | arms=trend 0/0.00, breakout 1/-0.00
2025-10-08 17:34:34 INFO [HB] active | src=RT dayR=0.00 open=-1 tradesToday=0 bars=395 | arms=trend 0/0.00, breakout 1/-0.00
2025-10-08 17:34:35 INFO [HB] active | src=RT dayR=0.00 open=-1 tradesToday=0 bars=395 | arms=trend 0/0.00, breakout 1/-0.00
2025-10-08 17:34:36 INFO [HB] active | src=RT dayR=0.00 open=-1 tradesToday=0 bars=395 | arms=trend 0/0.00, breakout 1/-0.00
2025-10-08 17:34:36 INFO [HB] active | src=RT dayR=0.00 open=-1 tradesToday=0 bars=395 | arms=trend 0/0.00, breakout 1/-0.00
2025-10-08 17:34:37 INFO [HB] active | src=RT dayR=0.00 open=-1 tradesToday=0 bars=395 | arms=trend 0/0.00, breakout 1/-0.00
2025-10-08 17:34:37 INFO [HB] active | src=RT dayR=0.00 open=-1 tradesToday=0 bars=395 | arms=trend 0/0.00, breakout 1/-0.00
2025-10-08 17:34:38 INFO [HB] active | src=RT dayR=0.00 open=-1 tradesToday=0 bars=395 | arms=trend 0/0.00, breakout 1/-0.00
2025-10-08 17:34:39 INFO [HB] active | src=RT dayR=0.00 open=-1 tradesToday=0 bars=395 | arms=trend 0/0.00, breakout 1/-0.00
2025-10-08 17:34:39 INFO [HB] active | src=RT dayR=0.00 open=-1 tradesToday=0 bars=395 | arms=trend 0/0.00, breakout 1/-0.00
2025-10-08 17:34:40 INFO [HB] active | src=RT dayR=0.00 open=-1 tradesToday=0 bars=395 | arms=trend 0/0.00, breakout 1/-0.00
2025-10-08 17:34:40 INFO [HB] active | src=RT dayR=0.00 open=-1 tradesToday=0 bars=395 | arms=trend 0/0.00, breakout 1/-0.00
[MD] POLL error: AttributeError("'BarData' object has no attribute 'time'")
2025-10-08 17:34:41 INFO [HB] active | src=RT dayR=0.00 open=-1 tradesToday=0 bars=395 | arms=trend 0/0.00, breakout 1/-0.00
2025-10-08 17:34:42 INFO [HB] active | src=RT dayR=0.00 open=-1 tradesToday=0 bars=396 | arms=trend 0/0.00, breakout 1/-0.00
2025-10-08 17:34:42 INFO [HB] active | src=RT dayR=0.00 open=-1 tradesToday=0 bars=396 | arms=trend 0/0.00, breakout 1/-0.00
2025-10-08 17:34:43 INFO [HB] active | src=RT dayR=0.00 open=-1 tradesToday=0 bars=396 | arms=trend 0/0.00, breakout 1/-0.00
2025-10-08 17:34:43 INFO [HB] active | src=RT dayR=0.00 open=-1 tradesToday=0 bars=396 | arms=trend 0/0.00, breakout 1/-0.00
2025-10-08 17:34:44 INFO [HB] active | src=RT dayR=0.00 open=-1 tradesToday=0 bars=396 | arms=trend 0/0.00, breakout 1/-0.00
[2025-10-08 17:34:46] [WD] hb uptime=355s restarts=0 child_alive=True
[2025-10-08 17:34:51] [WD] hb uptime=360s restarts=0 child_alive=True
[2025-10-08 17:34:56] [WD] hb uptime=365s restarts=0 child_alive=True
[2025-10-08 17:35:01] [WD] hb uptime=370s restarts=0 child_alive=True
[2025-10-08 17:35:06] [WD] hb uptime=375s restarts=0 child_alive=True
[2025-10-08 17:35:11] [WD] hb uptime=380s restarts=0 child_alive=True
[2025-10-08 17:35:16] [WD] hb uptime=385s restarts=0 child_alive=True
[2025-10-08 17:35:21] [WD] hb uptime=390s restarts=0 child_alive=True
2025-10-08 17:34:45 INFO [HB] active | src=RT dayR=0.00 open=-1 tradesToday=0 bars=396 | arms=trend 0/0.00, breakout 1/-0.00
2025-10-08 17:34:45 INFO [HB] active | src=RT dayR=0.00 open=-1 tradesToday=0 bars=396 | arms=trend 0/0.00, breakout 1/-0.00
2025-10-08 17:34:46 INFO [HB] active | src=RT dayR=0.00 open=-1 tradesToday=0 bars=396 | arms=trend 0/0.00, breakout 1/-0.00
2025-10-08 17:34:46 INFO [HB] active | src=RT dayR=0.00 open=-1 tradesToday=0 bars=396 | arms=trend 0/0.00, breakout 1/-0.00
2025-10-08 17:34:47 INFO [HB] active | src=RT dayR=0.00 open=-1 tradesToday=0 bars=396 | arms=trend 0/0.00, breakout 1/-0.00
2025-10-08 17:34:48 INFO [HB] active | src=RT dayR=0.00 open=-1 tradesToday=0 bars=396 | arms=trend 0/0.00, breakout 1/-0.00
2025-10-08 17:34:48 INFO [HB] active | src=RT dayR=0.00 open=-1 tradesToday=0 bars=396 | arms=trend 0/0.00, breakout 1/-0.00
2025-10-08 17:34:49 INFO [HB] active | src=RT dayR=0.00 open=-1 tradesToday=0 bars=396 | arms=trend 0/0.00, breakout 1/-0.00
2025-10-08 17:34:49 INFO [HB] active | src=RT dayR=0.00 open=-1 tradesToday=0 bars=396 | arms=trend 0/0.00, breakout 1/-0.00
2025-10-08 17:34:50 INFO [HB] active | src=RT dayR=0.00 open=-1 tradesToday=0 bars=396 | arms=trend 0/0.00, breakout 1/-0.00
2025-10-08 17:34:51 INFO [HB] active | src=RT dayR=0.00 open=-1 tradesToday=0 bars=396 | arms=trend 0/0.00, breakout 1/-0.00
[MD] POLL error: AttributeError("'BarData' object has no attribute 'time'")
2025-10-08 17:34:51 INFO [HB] active | src=RT dayR=0.00 open=-1 tradesToday=0 bars=396 | arms=trend 0/0.00, breakout 1/-0.00
2025-10-08 17:34:52 INFO [HB] active | src=RT dayR=0.00 open=-1 tradesToday=0 bars=397 | arms=trend 0/0.00, breakout 1/-0.00
2025-10-08 17:34:53 INFO [HB] active | src=RT dayR=0.00 open=-1 tradesToday=0 bars=397 | arms=trend 0/0.00, breakout 1/-0.00
2025-10-08 17:34:53 INFO [HB] active | src=RT dayR=0.00 open=-1 tradesToday=0 bars=397 | arms=trend 0/0.00, breakout 1/-0.00
2025-10-08 17:34:54 INFO [HB] active | src=RT dayR=0.00 open=-1 tradesToday=0 bars=397 | arms=trend 0/0.00, breakout 1/-0.00
2025-10-08 17:34:54 INFO [HB] active | src=RT dayR=0.00 open=-1 tradesToday=0 bars=397 | arms=trend 0/0.00, breakout 1/-0.00
2025-10-08 17:34:55 INFO [HB] active | src=RT dayR=0.00 open=-1 tradesToday=0 bars=397 | arms=trend 0/0.00, breakout 1/-0.00
2025-10-08 17:34:56 INFO [HB] active | src=RT dayR=0.00 open=-1 tradesToday=0 bars=397 | arms=trend 0/0.00, breakout 1/-0.00
2025-10-08 17:34:56 INFO [HB] active | src=RT dayR=0.00 open=-1 tradesToday=0 bars=397 | arms=trend 0/0.00, breakout 1/-0.00
2025-10-08 17:34:57 INFO [HB] active | src=RT dayR=0.00 open=-1 tradesToday=0 bars=397 | arms=trend 0/0.00, breakout 1/-0.00
2025-10-08 17:34:57 INFO [HB] active | src=RT dayR=0.00 open=-1 tradesToday=0 bars=397 | arms=trend 0/0.00, breakout 1/-0.00
2025-10-08 17:34:58 INFO [HB] active | src=RT dayR=0.00 open=-1 tradesToday=0 bars=397 | arms=trend 0/0.00, breakout 1/-0.00
2025-10-08 17:34:59 INFO [HB] active | src=RT dayR=0.00 open=-1 tradesToday=0 bars=397 | arms=trend 0/0.00, breakout 1/-0.00
2025-10-08 17:34:59 INFO [HB] active | src=RT dayR=0.00 open=-1 tradesToday=0 bars=397 | arms=trend 0/0.00, breakout 1/-0.00
2025-10-08 17:35:00 INFO [HB] active | src=RT dayR=0.00 open=-1 tradesToday=0 bars=397 | arms=trend 0/0.00, breakout 1/-0.00
2025-10-08 17:35:00 INFO [HB] active | src=RT dayR=0.00 open=-1 tradesToday=0 bars=397 | arms=trend 0/0.00, breakout 1/-0.00
2025-10-08 17:35:01 INFO [HB] active | src=RT dayR=0.00 open=-1 tradesToday=0 bars=397 | arms=trend 0/0.00, breakout 1/-0.00
[MD] POLL error: AttributeError("'BarData' object has no attribute 'time'")
2025-10-08 17:35:02 INFO [HB] active | src=RT dayR=0.00 open=-1 tradesToday=0 bars=397 | arms=trend 0/0.00, breakout 1/-0.00
2025-10-08 17:35:02 INFO [HB] active | src=RT dayR=0.00 open=-1 tradesToday=0 bars=398 | arms=trend 0/0.00, breakout 1/-0.00
C:\Users\owner\Desktop\es_futures_backtester\paper_trader.py:512: DeprecationWarning: datetime.datetime.utcnow() is deprecated and scheduled for removal in a future version. Use timezone-aware objects to represent datetimes in UTC: datetime.datetime.now(datetime.UTC).
  print(f"{dt.datetime.utcnow():%Y-%m-%d %H:%M:%S} INFO [FLAT] reason={reason} pnl$={pnl_dollars:.2f} R={R:.2f} dayR={risk.day_R:.2f} trades={risk.trades}")
2025-10-08 22:35:02 INFO [FLAT] reason=stop pnl$=-13.25 R=-0.09 dayR=-0.09 trades=1
2025-10-08 17:35:02 INFO [COOL] until=17:37:32
2025-10-08 17:35:03 INFO [HB] cooldown | src=RT dayR=-0.09 open=0 tradesToday=1 bars=398 | arms=trend 0/0.00, breakout 1/-0.00
2025-10-08 17:35:04 INFO [HB] cooldown | src=RT dayR=-0.09 open=0 tradesToday=1 bars=398 | arms=trend 0/0.00, breakout 1/-0.00
2025-10-08 17:35:04 INFO [HB] cooldown | src=RT dayR=-0.09 open=0 tradesToday=1 bars=398 | arms=trend 0/0.00, breakout 1/-0.00
2025-10-08 17:35:05 INFO [HB] cooldown | src=RT dayR=-0.09 open=0 tradesToday=1 bars=398 | arms=trend 0/0.00, breakout 1/-0.00
2025-10-08 17:35:06 INFO [HB] cooldown | src=RT dayR=-0.09 open=0 tradesToday=1 bars=398 | arms=trend 0/0.00, breakout 1/-0.00
2025-10-08 17:35:07 INFO [HB] cooldown | src=RT dayR=-0.09 open=0 tradesToday=1 bars=398 | arms=trend 0/0.00, breakout 1/-0.00
2025-10-08 17:35:08 INFO [HB] cooldown | src=RT dayR=-0.09 open=0 tradesToday=1 bars=398 | arms=trend 0/0.00, breakout 1/-0.00
2025-10-08 17:35:08 INFO [HB] cooldown | src=RT dayR=-0.09 open=0 tradesToday=1 bars=398 | arms=trend 0/0.00, breakout 1/-0.00
2025-10-08 17:35:09 INFO [HB] cooldown | src=RT dayR=-0.09 open=0 tradesToday=1 bars=398 | arms=trend 0/0.00, breakout 1/-0.00
2025-10-08 17:35:10 INFO [HB] cooldown | src=RT dayR=-0.09 open=0 tradesToday=1 bars=398 | arms=trend 0/0.00, breakout 1/-0.00
2025-10-08 17:35:11 INFO [HB] cooldown | src=RT dayR=-0.09 open=0 tradesToday=1 bars=398 | arms=trend 0/0.00, breakout 1/-0.00
[MD] POLL error: AttributeError("'BarData' object has no attribute 'time'")
2025-10-08 17:35:12 INFO [HB] cooldown | src=RT dayR=-0.09 open=0 tradesToday=1 bars=398 | arms=trend 0/0.00, breakout 1/-0.00
2025-10-08 17:35:12 INFO [HB] cooldown | src=RT dayR=-0.09 open=0 tradesToday=1 bars=399 | arms=trend 0/0.00, breakout 1/-0.00
2025-10-08 17:35:13 INFO [HB] cooldown | src=RT dayR=-0.09 open=0 tradesToday=1 bars=399 | arms=trend 0/0.00, breakout 1/-0.00
2025-10-08 17:35:14 INFO [HB] cooldown | src=RT dayR=-0.09 open=0 tradesToday=1 bars=399 | arms=trend 0/0.00, breakout 1/-0.00
2025-10-08 17:35:15 INFO [HB] cooldown | src=RT dayR=-0.09 open=0 tradesToday=1 bars=399 | arms=trend 0/0.00, breakout 1/-0.00
2025-10-08 17:35:16 INFO [HB] cooldown | src=RT dayR=-0.09 open=0 tradesToday=1 bars=399 | arms=trend 0/0.00, breakout 1/-0.00
2025-10-08 17:35:16 INFO [HB] cooldown | src=RT dayR=-0.09 open=0 tradesToday=1 bars=399 | arms=trend 0/0.00, breakout 1/-0.00
2025-10-08 17:35:17 INFO [HB] cooldown | src=RT dayR=-0.09 open=0 tradesToday=1 bars=399 | arms=trend 0/0.00, breakout 1/-0.00
2025-10-08 17:35:18 INFO [HB] cooldown | src=RT dayR=-0.09 open=0 tradesToday=1 bars=399 | arms=trend 0/0.00, breakout 1/-0.00
2025-10-08 17:35:19 INFO [HB] cooldown | src=RT dayR=-0.09 open=0 tradesToday=1 bars=399 | arms=trend 0/0.00, breakout 1/-0.00
2025-10-08 17:35:20 INFO [HB] cooldown | src=RT dayR=-0.09 open=0 tradesToday=1 bars=399 | arms=trend 0/0.00, breakout 1/-0.00
2025-10-08 17:35:20 INFO [HB] cooldown | src=RT dayR=-0.09 open=0 tradesToday=1 bars=399 | arms=trend 0/0.00, breakout 1/-0.00
2025-10-08 17:35:21 INFO [HB] cooldown | src=RT dayR=-0.09 open=0 tradesToday=1 bars=399 | arms=trend 0/0.00, breakout 1/-0.00
[MD] POLL error: AttributeError("'BarData' object has no attribute 'time'")
2025-10-08 17:35:22 INFO [HB] cooldown | src=RT dayR=-0.09 open=0 tradesToday=1 bars=399 | arms=trend 0/0.00, breakout 1/-0.00
2025-10-08 17:35:23 INFO [HB] cooldown | src=RT dayR=-0.09 open=0 tradesToday=1 bars=400 | arms=trend 0/0.00, breakout 1/-0.00
2025-10-08 17:35:24 INFO [HB] cooldown | src=RT dayR=-0.09 open=0 tradesToday=1 bars=400 | arms=trend 0/0.00, breakout 1/-0.00
2025-10-08 17:35:25 INFO [HB] cooldown | src=RT dayR=-0.09 open=0 tradesToday=1 bars=400 | arms=trend 0/0.00, breakout 1/-0.00
[2025-10-08 17:35:26] [WD] hb uptime=395s restarts=0 child_alive=True
[2025-10-08 17:35:31] [WD] hb uptime=400s restarts=0 child_alive=True
[2025-10-08 17:35:36] [WD] hb uptime=405s restarts=0 child_alive=True
[2025-10-08 17:35:41] [WD] hb uptime=410s restarts=0 child_alive=True
[2025-10-08 17:35:46] [WD] hb uptime=415s restarts=0 child_alive=True
[2025-10-08 17:35:51] [WD] hb uptime=420s restarts=0 child_alive=True
[2025-10-08 17:35:56] [WD] hb uptime=425s restarts=0 child_alive=True
[2025-10-08 17:36:01] [WD] hb uptime=430s restarts=0 child_alive=True
[2025-10-08 17:36:06] [WD] hb uptime=435s restarts=0 child_alive=True
[2025-10-08 17:36:11] [WD] hb uptime=440s restarts=0 child_alive=True
2025-10-08 17:35:25 INFO [HB] cooldown | src=RT dayR=-0.09 open=0 tradesToday=1 bars=400 | arms=trend 0/0.00, breakout 1/-0.00
2025-10-08 17:35:26 INFO [HB] cooldown | src=RT dayR=-0.09 open=0 tradesToday=1 bars=400 | arms=trend 0/0.00, breakout 1/-0.00
2025-10-08 17:35:27 INFO [HB] cooldown | src=RT dayR=-0.09 open=0 tradesToday=1 bars=400 | arms=trend 0/0.00, breakout 1/-0.00
2025-10-08 17:35:28 INFO [HB] cooldown | src=RT dayR=-0.09 open=0 tradesToday=1 bars=400 | arms=trend 0/0.00, breakout 1/-0.00
2025-10-08 17:35:29 INFO [HB] cooldown | src=RT dayR=-0.09 open=0 tradesToday=1 bars=400 | arms=trend 0/0.00, breakout 1/-0.00
2025-10-08 17:35:29 INFO [HB] cooldown | src=RT dayR=-0.09 open=0 tradesToday=1 bars=400 | arms=trend 0/0.00, breakout 1/-0.00
2025-10-08 17:35:30 INFO [HB] cooldown | src=RT dayR=-0.09 open=0 tradesToday=1 bars=400 | arms=trend 0/0.00, breakout 1/-0.00
2025-10-08 17:35:31 INFO [HB] cooldown | src=RT dayR=-0.09 open=0 tradesToday=1 bars=400 | arms=trend 0/0.00, breakout 1/-0.00
2025-10-08 17:35:32 INFO [HB] cooldown | src=RT dayR=-0.09 open=0 tradesToday=1 bars=400 | arms=trend 0/0.00, breakout 1/-0.00
[MD] POLL error: AttributeError("'BarData' object has no attribute 'time'")
2025-10-08 17:35:33 INFO [HB] cooldown | src=RT dayR=-0.09 open=0 tradesToday=1 bars=400 | arms=trend 0/0.00, breakout 1/-0.00
2025-10-08 17:35:33 INFO [HB] cooldown | src=RT dayR=-0.09 open=0 tradesToday=1 bars=401 | arms=trend 0/0.00, breakout 1/-0.00
2025-10-08 17:35:34 INFO [HB] cooldown | src=RT dayR=-0.09 open=0 tradesToday=1 bars=401 | arms=trend 0/0.00, breakout 1/-0.00
2025-10-08 17:35:35 INFO [HB] cooldown | src=RT dayR=-0.09 open=0 tradesToday=1 bars=401 | arms=trend 0/0.00, breakout 1/-0.00
2025-10-08 17:35:36 INFO [HB] cooldown | src=RT dayR=-0.09 open=0 tradesToday=1 bars=401 | arms=trend 0/0.00, breakout 1/-0.00
2025-10-08 17:35:37 INFO [HB] cooldown | src=RT dayR=-0.09 open=0 tradesToday=1 bars=401 | arms=trend 0/0.00, breakout 1/-0.00
2025-10-08 17:35:37 INFO [HB] cooldown | src=RT dayR=-0.09 open=0 tradesToday=1 bars=401 | arms=trend 0/0.00, breakout 1/-0.00
2025-10-08 17:35:38 INFO [HB] cooldown | src=RT dayR=-0.09 open=0 tradesToday=1 bars=401 | arms=trend 0/0.00, breakout 1/-0.00
2025-10-08 17:35:39 INFO [HB] cooldown | src=RT dayR=-0.09 open=0 tradesToday=1 bars=401 | arms=trend 0/0.00, breakout 1/-0.00
2025-10-08 17:35:40 INFO [HB] cooldown | src=RT dayR=-0.09 open=0 tradesToday=1 bars=401 | arms=trend 0/0.00, breakout 1/-0.00
2025-10-08 17:35:41 INFO [HB] cooldown | src=RT dayR=-0.09 open=0 tradesToday=1 bars=401 | arms=trend 0/0.00, breakout 1/-0.00
2025-10-08 17:35:41 INFO [HB] cooldown | src=RT dayR=-0.09 open=0 tradesToday=1 bars=401 | arms=trend 0/0.00, breakout 1/-0.00
2025-10-08 17:35:42 INFO [HB] cooldown | src=RT dayR=-0.09 open=0 tradesToday=1 bars=401 | arms=trend 0/0.00, breakout 1/-0.00
[MD] POLL error: AttributeError("'BarData' object has no attribute 'time'")
2025-10-08 17:35:43 INFO [HB] cooldown | src=RT dayR=-0.09 open=0 tradesToday=1 bars=401 | arms=trend 0/0.00, breakout 1/-0.00
2025-10-08 17:35:44 INFO [HB] cooldown | src=RT dayR=-0.09 open=0 tradesToday=1 bars=402 | arms=trend 0/0.00, breakout 1/-0.00
2025-10-08 17:35:45 INFO [HB] cooldown | src=RT dayR=-0.09 open=0 tradesToday=1 bars=402 | arms=trend 0/0.00, breakout 1/-0.00
2025-10-08 17:35:45 INFO [HB] cooldown | src=RT dayR=-0.09 open=0 tradesToday=1 bars=402 | arms=trend 0/0.00, breakout 1/-0.00
2025-10-08 17:35:46 INFO [HB] cooldown | src=RT dayR=-0.09 open=0 tradesToday=1 bars=402 | arms=trend 0/0.00, breakout 1/-0.00
2025-10-08 17:35:47 INFO [HB] cooldown | src=RT dayR=-0.09 open=0 tradesToday=1 bars=402 | arms=trend 0/0.00, breakout 1/-0.00
2025-10-08 17:35:48 INFO [HB] cooldown | src=RT dayR=-0.09 open=0 tradesToday=1 bars=402 | arms=trend 0/0.00, breakout 1/-0.00
2025-10-08 17:35:49 INFO [HB] cooldown | src=RT dayR=-0.09 open=0 tradesToday=1 bars=402 | arms=trend 0/0.00, breakout 1/-0.00
2025-10-08 17:35:49 INFO [HB] cooldown | src=RT dayR=-0.09 open=0 tradesToday=1 bars=402 | arms=trend 0/0.00, breakout 1/-0.00
2025-10-08 17:35:50 INFO [HB] cooldown | src=RT dayR=-0.09 open=0 tradesToday=1 bars=402 | arms=trend 0/0.00, breakout 1/-0.00
2025-10-08 17:35:51 INFO [HB] cooldown | src=RT dayR=-0.09 open=0 tradesToday=1 bars=402 | arms=trend 0/0.00, breakout 1/-0.00
2025-10-08 17:35:52 INFO [HB] cooldown | src=RT dayR=-0.09 open=0 tradesToday=1 bars=402 | arms=trend 0/0.00, breakout 1/-0.00
2025-10-08 17:35:53 INFO [HB] cooldown | src=RT dayR=-0.09 open=0 tradesToday=1 bars=402 | arms=trend 0/0.00, breakout 1/-0.00
[MD] POLL error: AttributeError("'BarData' object has no attribute 'time'")
2025-10-08 17:35:53 INFO [HB] cooldown | src=RT dayR=-0.09 open=0 tradesToday=1 bars=402 | arms=trend 0/0.00, breakout 1/-0.00
2025-10-08 17:35:54 INFO [HB] cooldown | src=RT dayR=-0.09 open=0 tradesToday=1 bars=403 | arms=trend 0/0.00, breakout 1/-0.00
2025-10-08 17:35:55 INFO [HB] cooldown | src=RT dayR=-0.09 open=0 tradesToday=1 bars=403 | arms=trend 0/0.00, breakout 1/-0.00
2025-10-08 17:35:56 INFO [HB] cooldown | src=RT dayR=-0.09 open=0 tradesToday=1 bars=403 | arms=trend 0/0.00, breakout 1/-0.00
2025-10-08 17:35:57 INFO [HB] cooldown | src=RT dayR=-0.09 open=0 tradesToday=1 bars=403 | arms=trend 0/0.00, breakout 1/-0.00
2025-10-08 17:35:58 INFO [HB] cooldown | src=RT dayR=-0.09 open=0 tradesToday=1 bars=403 | arms=trend 0/0.00, breakout 1/-0.00
2025-10-08 17:35:58 INFO [HB] cooldown | src=RT dayR=-0.09 open=0 tradesToday=1 bars=403 | arms=trend 0/0.00, breakout 1/-0.00
2025-10-08 17:35:59 INFO [HB] cooldown | src=RT dayR=-0.09 open=0 tradesToday=1 bars=403 | arms=trend 0/0.00, breakout 1/-0.00
2025-10-08 17:36:00 INFO [HB] cooldown | src=RT dayR=-0.09 open=0 tradesToday=1 bars=403 | arms=trend 0/0.00, breakout 1/-0.00
2025-10-08 17:36:01 INFO [HB] cooldown | src=RT dayR=-0.09 open=0 tradesToday=1 bars=403 | arms=trend 0/0.00, breakout 1/-0.00
2025-10-08 17:36:02 INFO [HB] cooldown | src=RT dayR=-0.09 open=0 tradesToday=1 bars=403 | arms=trend 0/0.00, breakout 1/-0.00
2025-10-08 17:36:02 INFO [HB] cooldown | src=RT dayR=-0.09 open=0 tradesToday=1 bars=403 | arms=trend 0/0.00, breakout 1/-0.00
2025-10-08 17:36:03 INFO [HB] cooldown | src=RT dayR=-0.09 open=0 tradesToday=1 bars=403 | arms=trend 0/0.00, breakout 1/-0.00
[MD] POLL error: AttributeError("'BarData' object has no attribute 'time'")
2025-10-08 17:36:04 INFO [HB] cooldown | src=RT dayR=-0.09 open=0 tradesToday=1 bars=403 | arms=trend 0/0.00, breakout 1/-0.00
2025-10-08 17:36:05 INFO [HB] cooldown | src=RT dayR=-0.09 open=0 tradesToday=1 bars=404 | arms=trend 0/0.00, breakout 1/-0.00
2025-10-08 17:36:06 INFO [HB] cooldown | src=RT dayR=-0.09 open=0 tradesToday=1 bars=404 | arms=trend 0/0.00, breakout 1/-0.00
2025-10-08 17:36:06 INFO [HB] cooldown | src=RT dayR=-0.09 open=0 tradesToday=1 bars=404 | arms=trend 0/0.00, breakout 1/-0.00
2025-10-08 17:36:07 INFO [HB] cooldown | src=RT dayR=-0.09 open=0 tradesToday=1 bars=404 | arms=trend 0/0.00, breakout 1/-0.00
2025-10-08 17:36:08 INFO [HB] cooldown | src=RT dayR=-0.09 open=0 tradesToday=1 bars=404 | arms=trend 0/0.00, breakout 1/-0.00
2025-10-08 17:36:09 INFO [HB] cooldown | src=RT dayR=-0.09 open=0 tradesToday=1 bars=404 | arms=trend 0/0.00, breakout 1/-0.00
2025-10-08 17:36:10 INFO [HB] cooldown | src=RT dayR=-0.09 open=0 tradesToday=1 bars=404 | arms=trend 0/0.00, breakout 1/-0.00
2025-10-08 17:36:10 INFO [HB] cooldown | src=RT dayR=-0.09 open=0 tradesToday=1 bars=404 | arms=trend 0/0.00, breakout 1/-0.00
2025-10-08 17:36:11 INFO [HB] cooldown | src=RT dayR=-0.09 open=0 tradesToday=1 bars=404 | arms=trend 0/0.00, breakout 1/-0.00
2025-10-08 17:36:12 INFO [HB] cooldown | src=RT dayR=-0.09 open=0 tradesToday=1 bars=404 | arms=trend 0/0.00, breakout 1/-0.00
2025-10-08 17:36:13 INFO [HB] cooldown | src=RT dayR=-0.09 open=0 tradesToday=1 bars=404 | arms=trend 0/0.00, breakout 1/-0.00
2025-10-08 17:36:14 INFO [HB] cooldown | src=RT dayR=-0.09 open=0 tradesToday=1 bars=404 | arms=trend 0/0.00, breakout 1/-0.00
[MD] POLL error: AttributeError("'BarData' object has no attribute 'time'")
[2025-10-08 17:36:16] [WD] hb uptime=445s restarts=0 child_alive=True
[2025-10-08 17:36:21] [WD] hb uptime=450s restarts=0 child_alive=True
[2025-10-08 17:36:26] [WD] hb uptime=455s restarts=0 child_alive=True
2025-10-08 17:36:14 INFO [HB] cooldown | src=RT dayR=-0.09 open=0 tradesToday=1 bars=404 | arms=trend 0/0.00, breakout 1/-0.00
2025-10-08 17:36:15 INFO [HB] cooldown | src=RT dayR=-0.09 open=0 tradesToday=1 bars=405 | arms=trend 0/0.00, breakout 1/-0.00
2025-10-08 17:36:16 INFO [HB] cooldown | src=RT dayR=-0.09 open=0 tradesToday=1 bars=405 | arms=trend 0/0.00, breakout 1/-0.00
2025-10-08 17:36:17 INFO [HB] cooldown | src=RT dayR=-0.09 open=0 tradesToday=1 bars=405 | arms=trend 0/0.00, breakout 1/-0.00
2025-10-08 17:36:18 INFO [HB] cooldown | src=RT dayR=-0.09 open=0 tradesToday=1 bars=405 | arms=trend 0/0.00, breakout 1/-0.00
2025-10-08 17:36:18 INFO [HB] cooldown | src=RT dayR=-0.09 open=0 tradesToday=1 bars=405 | arms=trend 0/0.00, breakout 1/-0.00
2025-10-08 17:36:19 INFO [HB] cooldown | src=RT dayR=-0.09 open=0 tradesToday=1 bars=405 | arms=trend 0/0.00, breakout 1/-0.00
2025-10-08 17:36:20 INFO [HB] cooldown | src=RT dayR=-0.09 open=0 tradesToday=1 bars=405 | arms=trend 0/0.00, breakout 1/-0.00
2025-10-08 17:36:21 INFO [HB] cooldown | src=RT dayR=-0.09 open=0 tradesToday=1 bars=405 | arms=trend 0/0.00, breakout 1/-0.00
2025-10-08 17:36:22 INFO [HB] cooldown | src=RT dayR=-0.09 open=0 tradesToday=1 bars=405 | arms=trend 0/0.00, breakout 1/-0.00
2025-10-08 17:36:23 INFO [HB] cooldown | src=RT dayR=-0.09 open=0 tradesToday=1 bars=405 | arms=trend 0/0.00, breakout 1/-0.00
2025-10-08 17:36:23 INFO [HB] cooldown | src=RT dayR=-0.09 open=0 tradesToday=1 bars=405 | arms=trend 0/0.00, breakout 1/-0.00
2025-10-08 17:36:24 INFO [HB] cooldown | src=RT dayR=-0.09 open=0 tradesToday=1 bars=405 | arms=trend 0/0.00, breakout 1/-0.00
[MD] POLL error: AttributeError("'BarData' object has no attribute 'time'")
2025-10-08 17:36:25 INFO [HB] cooldown | src=RT dayR=-0.09 open=0 tradesToday=1 bars=405 | arms=trend 0/0.00, breakout 1/-0.00
2025-10-08 17:36:26 INFO [HB] cooldown | src=RT dayR=-0.09 open=0 tradesToday=1 bars=406 | arms=trend 0/0.00, breakout 1/-0.00
2025-10-08 17:36:27 INFO [HB] cooldown | src=RT dayR=-0.09 open=0 tradesToday=1 bars=406 | arms=trend 0/0.00, breakout 1/-0.00
2025-10-08 17:36:27 INFO [HB] cooldown | src=RT dayR=-0.09 open=0 tradesToday=1 bars=406 | arms=trend 0/0.00, breakout 1/-0.00
2025-10-08 17:36:28 INFO [HB] cooldown | src=RT dayR=-0.09 open=0 tradesToday=1 bars=406 | arms=trend 0/0.00, breakout 1/-0.00
[2025-10-08 17:36:28] EXIT CODE: 1
