2025-10-13 01:16:10 [WD] pid=22844
Starting ES paper bot...
[CONNECT] 127.0.0.1:7497 clientId=111
[CONNECT] Attempt 1/24 -> clientId=111
Connected (clientId=111)
[MD] LIVE (1).
[CONTRACT] Auto-picked ESZ5 conId=495512563 expiry=20251219
[CONTRACT] Multiplier detected: 50
[BOOT] Hist seed: 360 bars
{"ts":"2025-10-13 06:16:21","evt":"hb","src":"RT","state":"active","rt_fresh":true,"dayR":0.0,"weekR":0.0,"week_halted":false,"pos":2,"avg":6676.67,"bars":361,"consec_losses":0,"equity":30000.0,"equity_hwm":30000.0,"suggest_qty":2,"arms":{"trend":8,"breakout":38},"armR":{"trend":0.168,"breakout":-0.13}}
{"ts":"2025-10-13 06:16:22","evt":"hb","src":"RT","state":"active","rt_fresh":true,"dayR":0.0,"weekR":0.0,"week_halted":false,"pos":2,"avg":6676.67,"bars":362,"consec_losses":0,"equity":30000.0,"equity_hwm":30000.0,"suggest_qty":2,"arms":{"trend":8,"breakout":38},"armR":{"trend":0.168,"breakout":-0.13}}
{"ts":"2025-10-13 06:16:22","evt":"hb","src":"RT","state":"active","rt_fresh":true,"dayR":0.0,"weekR":0.0,"week_halted":false,"pos":2,"avg":6676.67,"bars":362,"consec_losses":0,"equity":30000.0,"equity_hwm":30000.0,"suggest_qty":2,"arms":{"trend":8,"breakout":38},"armR":{"trend":0.168,"breakout":-0.13}}
{"ts":"2025-10-13 06:16:23","evt":"hb","src":"RT","state":"active","rt_fresh":true,"dayR":0.0,"weekR":0.0,"week_halted":false,"pos":2,"avg":6676.67,"bars":362,"consec_losses":0,"equity":30000.0,"equity_hwm":30000.0,"suggest_qty":2,"arms":{"trend":8,"breakout":38},"armR":{"trend":0.168,"breakout":-0.13}}
{"ts":"2025-10-13 06:16:23","evt":"hb","src":"RT","state":"active","rt_fresh":true,"dayR":0.0,"weekR":0.0,"week_halted":false,"pos":2,"avg":6676.67,"bars":362,"consec_losses":0,"equity":30000.0,"equity_hwm":30000.0,"suggest_qty":2,"arms":{"trend":8,"breakout":38},"armR":{"trend":0.168,"breakout":-0.13}}
{"ts":"2025-10-13 06:16:24","evt":"hb","src":"RT","state":"active","rt_fresh":true,"dayR":0.0,"weekR":0.0,"week_halted":false,"pos":2,"avg":6676.67,"bars":362,"consec_losses":0,"equity":30000.0,"equity_hwm":30000.0,"suggest_qty":2,"arms":{"trend":8,"breakout":38},"armR":{"trend":0.168,"breakout":-0.13}}
{"ts":"2025-10-13 06:16:24","evt":"hb","src":"RT","state":"active","rt_fresh":true,"dayR":0.0,"weekR":0.0,"week_halted":false,"pos":2,"avg":6676.67,"bars":362,"consec_losses":0,"equity":30000.0,"equity_hwm":30000.0,"suggest_qty":2,"arms":{"trend":8,"breakout":38},"armR":{"trend":0.168,"breakout":-0.13}}
{"ts":"2025-10-13 06:16:25","evt":"hb","src":"RT","state":"active","rt_fresh":true,"dayR":0.0,"weekR":0.0,"week_halted":false,"pos":2,"avg":6676.67,"bars":362,"consec_losses":0,"equity":30000.0,"equity_hwm":30000.0,"suggest_qty":2,"arms":{"trend":8,"breakout":38},"armR":{"trend":0.168,"breakout":-0.13}}
{"ts":"2025-10-13 06:16:25","evt":"hb","src":"RT","state":"active","rt_fresh":true,"dayR":0.0,"weekR":0.0,"week_halted":false,"pos":2,"avg":6676.67,"bars":362,"consec_losses":0,"equity":30000.0,"equity_hwm":30000.0,"suggest_qty":2,"arms":{"trend":8,"breakout":38},"armR":{"trend":0.168,"breakout":-0.13}}
{"ts":"2025-10-13 06:16:26","evt":"hb","src":"RT","state":"active","rt_fresh":true,"dayR":0.0,"weekR":0.0,"week_halted":false,"pos":2,"avg":6676.67,"bars":362,"consec_losses":0,"equity":30000.0,"equity_hwm":30000.0,"suggest_qty":2,"arms":{"trend":8,"breakout":38},"armR":{"trend":0.168,"breakout":-0.13}}
{"ts":"2025-10-13 06:16:26","evt":"hb","src":"RT","state":"active","rt_fresh":true,"dayR":0.0,"weekR":0.0,"week_halted":false,"pos":2,"avg":6676.67,"bars":362,"consec_losses":0,"equity":30000.0,"equity_hwm":30000.0,"suggest_qty":2,"arms":{"trend":8,"breakout":38},"armR":{"trend":0.168,"breakout":-0.13}}
{"ts":"2025-10-13 06:16:27","evt":"hb","src":"RT","state":"active","rt_fresh":true,"dayR":0.0,"weekR":0.0,"week_halted":false,"pos":2,"avg":6676.67,"bars":363,"consec_losses":0,"equity":30000.0,"equity_hwm":30000.0,"suggest_qty":2,"arms":{"trend":8,"breakout":38},"armR":{"trend":0.168,"breakout":-0.13}}
{"ts":"2025-10-13 06:16:27","evt":"hb","src":"RT","state":"active","rt_fresh":true,"dayR":0.0,"weekR":0.0,"week_halted":false,"pos":2,"avg":6676.67,"bars":363,"consec_losses":0,"equity":30000.0,"equity_hwm":30000.0,"suggest_qty":2,"arms":{"trend":8,"breakout":38},"armR":{"trend":0.168,"breakout":-0.13}}
{"ts":"2025-10-13 06:16:28","evt":"hb","src":"RT","state":"active","rt_fresh":true,"dayR":0.0,"weekR":0.0,"week_halted":false,"pos":2,"avg":6676.67,"bars":363,"consec_losses":0,"equity":30000.0,"equity_hwm":30000.0,"suggest_qty":2,"arms":{"trend":8,"breakout":38},"armR":{"trend":0.168,"breakout":-0.13}}
{"ts":"2025-10-13 06:16:28","evt":"hb","src":"RT","state":"active","rt_fresh":true,"dayR":0.0,"weekR":0.0,"week_halted":false,"pos":2,"avg":6676.67,"bars":363,"consec_losses":0,"equity":30000.0,"equity_hwm":30000.0,"suggest_qty":2,"arms":{"trend":8,"breakout":38},"armR":{"trend":0.168,"breakout":-0.13}}
{"ts":"2025-10-13 06:16:29","evt":"hb","src":"RT","state":"active","rt_fresh":true,"dayR":0.0,"weekR":0.0,"week_halted":false,"pos":2,"avg":6676.67,"bars":363,"consec_losses":0,"equity":30000.0,"equity_hwm":30000.0,"suggest_qty":2,"arms":{"trend":8,"breakout":38},"armR":{"trend":0.168,"breakout":-0.13}}
{"ts":"2025-10-13 06:16:29","evt":"hb","src":"RT","state":"active","rt_fresh":true,"dayR":0.0,"weekR":0.0,"week_halted":false,"pos":2,"avg":6676.67,"bars":363,"consec_losses":0,"equity":30000.0,"equity_hwm":30000.0,"suggest_qty":2,"arms":{"trend":8,"breakout":38},"armR":{"trend":0.168,"breakout":-0.13}}
{"ts":"2025-10-13 06:16:30","evt":"hb","src":"RT","state":"active","rt_fresh":true,"dayR":0.0,"weekR":0.0,"week_halted":false,"pos":2,"avg":6676.67,"bars":363,"consec_losses":0,"equity":30000.0,"equity_hwm":30000.0,"suggest_qty":2,"arms":{"trend":8,"breakout":38},"armR":{"trend":0.168,"breakout":-0.13}}
{"ts":"2025-10-13 06:16:30","evt":"hb","src":"RT","state":"active","rt_fresh":true,"dayR":0.0,"weekR":0.0,"week_halted":false,"pos":2,"avg":6676.67,"bars":363,"consec_losses":0,"equity":30000.0,"equity_hwm":30000.0,"suggest_qty":2,"arms":{"trend":8,"breakout":38},"armR":{"trend":0.168,"breakout":-0.13}}
{"ts":"2025-10-13 06:16:31","evt":"hb","src":"RT","state":"active","rt_fresh":true,"dayR":0.0,"weekR":0.0,"week_halted":false,"pos":2,"avg":6676.67,"bars":363,"consec_losses":0,"equity":30000.0,"equity_hwm":30000.0,"suggest_qty":2,"arms":{"trend":8,"breakout":38},"armR":{"trend":0.168,"breakout":-0.13}}
{"ts":"2025-10-13 06:16:31","evt":"hb","src":"RT","state":"active","rt_fresh":true,"dayR":0.0,"weekR":0.0,"week_halted":false,"pos":2,"avg":6676.67,"bars":364,"consec_losses":0,"equity":30000.0,"equity_hwm":30000.0,"suggest_qty":2,"arms":{"trend":8,"breakout":38},"armR":{"trend":0.168,"breakout":-0.13}}
{"ts":"2025-10-13 06:16:32","evt":"hb","src":"RT","state":"active","rt_fresh":true,"dayR":0.0,"weekR":0.0,"week_halted":false,"pos":2,"avg":6676.67,"bars":364,"consec_losses":0,"equity":30000.0,"equity_hwm":30000.0,"suggest_qty":2,"arms":{"trend":8,"breakout":38},"armR":{"trend":0.168,"breakout":-0.13}}
{"ts":"2025-10-13 06:16:32","evt":"hb","src":"RT","state":"active","rt_fresh":true,"dayR":0.0,"weekR":0.0,"week_halted":false,"pos":2,"avg":6676.67,"bars":364,"consec_losses":0,"equity":30000.0,"equity_hwm":30000.0,"suggest_qty":2,"arms":{"trend":8,"breakout":38},"armR":{"trend":0.168,"breakout":-0.13}}
{"ts":"2025-10-13 06:16:33","evt":"hb","src":"RT","state":"active","rt_fresh":true,"dayR":0.0,"weekR":0.0,"week_halted":false,"pos":2,"avg":6676.67,"bars":364,"consec_losses":0,"equity":30000.0,"equity_hwm":30000.0,"suggest_qty":2,"arms":{"trend":8,"breakout":38},"armR":{"trend":0.168,"breakout":-0.13}}
{"ts":"2025-10-13 06:16:33","evt":"hb","src":"RT","state":"active","rt_fresh":true,"dayR":0.0,"weekR":0.0,"week_halted":false,"pos":2,"avg":6676.67,"bars":364,"consec_losses":0,"equity":30000.0,"equity_hwm":30000.0,"suggest_qty":2,"arms":{"trend":8,"breakout":38},"armR":{"trend":0.168,"breakout":-0.13}}
{"ts":"2025-10-13 06:16:34","evt":"hb","src":"RT","state":"active","rt_fresh":true,"dayR":0.0,"weekR":0.0,"week_halted":false,"pos":2,"avg":6676.67,"bars":364,"consec_losses":0,"equity":30000.0,"equity_hwm":30000.0,"suggest_qty":2,"arms":{"trend":8,"breakout":38},"armR":{"trend":0.168,"breakout":-0.13}}
{"ts":"2025-10-13 06:16:34","evt":"hb","src":"RT","state":"active","rt_fresh":true,"dayR":0.0,"weekR":0.0,"week_halted":false,"pos":2,"avg":6676.67,"bars":364,"consec_losses":0,"equity":30000.0,"equity_hwm":30000.0,"suggest_qty":2,"arms":{"trend":8,"breakout":38},"armR":{"trend":0.168,"breakout":-0.13}}
{"ts":"2025-10-13 06:16:35","evt":"hb","src":"RT","state":"active","rt_fresh":true,"dayR":0.0,"weekR":0.0,"week_halted":false,"pos":2,"avg":6676.67,"bars":364,"consec_losses":0,"equity":30000.0,"equity_hwm":30000.0,"suggest_qty":2,"arms":{"trend":8,"breakout":38},"armR":{"trend":0.168,"breakout":-0.13}}
{"ts":"2025-10-13 06:16:35","evt":"hb","src":"RT","state":"active","rt_fresh":true,"dayR":0.0,"weekR":0.0,"week_halted":false,"pos":2,"avg":6676.67,"bars":364,"consec_losses":0,"equity":30000.0,"equity_hwm":30000.0,"suggest_qty":2,"arms":{"trend":8,"breakout":38},"armR":{"trend":0.168,"breakout":-0.13}}
{"ts":"2025-10-13 06:16:36","evt":"hb","src":"RT","state":"active","rt_fresh":true,"dayR":0.0,"weekR":0.0,"week_halted":false,"pos":2,"avg":6676.67,"bars":364,"consec_losses":0,"equity":30000.0,"equity_hwm":30000.0,"suggest_qty":2,"arms":{"trend":8,"breakout":38},"armR":{"trend":0.168,"breakout":-0.13}}
{"ts":"2025-10-13 06:16:36","evt":"hb","src":"RT","state":"active","rt_fresh":true,"dayR":0.0,"weekR":0.0,"week_halted":false,"pos":2,"avg":6676.67,"bars":365,"consec_losses":0,"equity":30000.0,"equity_hwm":30000.0,"suggest_qty":2,"arms":{"trend":8,"breakout":38},"armR":{"trend":0.168,"breakout":-0.13}}
{"ts":"2025-10-13 06:16:37","evt":"hb","src":"RT","state":"active","rt_fresh":true,"dayR":0.0,"weekR":0.0,"week_halted":false,"pos":2,"avg":6676.67,"bars":365,"consec_losses":0,"equity":30000.0,"equity_hwm":30000.0,"suggest_qty":2,"arms":{"trend":8,"breakout":38},"armR":{"trend":0.168,"breakout":-0.13}}
{"ts":"2025-10-13 06:16:37","evt":"hb","src":"RT","state":"active","rt_fresh":true,"dayR":0.0,"weekR":0.0,"week_halted":false,"pos":2,"avg":6676.67,"bars":365,"consec_losses":0,"equity":30000.0,"equity_hwm":30000.0,"suggest_qty":2,"arms":{"trend":8,"breakout":38},"armR":{"trend":0.168,"breakout":-0.13}}
{"ts":"2025-10-13 06:16:38","evt":"hb","src":"RT","state":"active","rt_fresh":true,"dayR":0.0,"weekR":0.0,"week_halted":false,"pos":2,"avg":6676.67,"bars":365,"consec_losses":0,"equity":30000.0,"equity_hwm":30000.0,"suggest_qty":2,"arms":{"trend":8,"breakout":38},"armR":{"trend":0.168,"breakout":-0.13}}
{"ts":"2025-10-13 06:16:38","evt":"hb","src":"RT","state":"active","rt_fresh":true,"dayR":0.0,"weekR":0.0,"week_halted":false,"pos":2,"avg":6676.67,"bars":365,"consec_losses":0,"equity":30000.0,"equity_hwm":30000.0,"suggest_qty":2,"arms":{"trend":8,"breakout":38},"armR":{"trend":0.168,"breakout":-0.13}}
{"ts":"2025-10-13 06:16:39","evt":"hb","src":"RT","state":"active","rt_fresh":true,"dayR":0.0,"weekR":0.0,"week_halted":false,"pos":2,"avg":6676.67,"bars":365,"consec_losses":0,"equity":30000.0,"equity_hwm":30000.0,"suggest_qty":2,"arms":{"trend":8,"breakout":38},"armR":{"trend":0.168,"breakout":-0.13}}
{"ts":"2025-10-13 06:16:39","evt":"hb","src":"RT","state":"active","rt_fresh":true,"dayR":0.0,"weekR":0.0,"week_halted":false,"pos":2,"avg":6676.67,"bars":365,"consec_losses":0,"equity":30000.0,"equity_hwm":30000.0,"suggest_qty":2,"arms":{"trend":8,"breakout":38},"armR":{"trend":0.168,"breakout":-0.13}}
{"ts":"2025-10-13 06:16:40","evt":"hb","src":"RT","state":"active","rt_fresh":true,"dayR":0.0,"weekR":0.0,"week_halted":false,"pos":2,"avg":6676.67,"bars":365,"consec_losses":0,"equity":30000.0,"equity_hwm":30000.0,"suggest_qty":2,"arms":{"trend":8,"breakout":38},"armR":{"trend":0.168,"breakout":-0.13}}
{"ts":"2025-10-13 06:16:40","evt":"hb","src":"RT","state":"active","rt_fresh":true,"dayR":0.0,"weekR":0.0,"week_halted":false,"pos":2,"avg":6676.67,"bars":366,"consec_losses":0,"equity":30000.0,"equity_hwm":30000.0,"suggest_qty":2,"arms":{"trend":8,"breakout":38},"armR":{"trend":0.168,"breakout":-0.13}}
{"ts":"2025-10-13 06:16:41","evt":"hb","src":"RT","state":"active","rt_fresh":true,"dayR":0.0,"weekR":0.0,"week_halted":false,"pos":2,"avg":6676.67,"bars":366,"consec_losses":0,"equity":30000.0,"equity_hwm":30000.0,"suggest_qty":2,"arms":{"trend":8,"breakout":38},"armR":{"trend":0.168,"breakout":-0.13}}
{"ts":"2025-10-13 06:16:42","evt":"hb","src":"RT","state":"active","rt_fresh":true,"dayR":0.0,"weekR":0.0,"week_halted":false,"pos":2,"avg":6676.67,"bars":366,"consec_losses":0,"equity":30000.0,"equity_hwm":30000.0,"suggest_qty":2,"arms":{"trend":8,"breakout":38},"armR":{"trend":0.168,"breakout":-0.13}}
{"ts":"2025-10-13 06:16:42","evt":"hb","src":"RT","state":"active","rt_fresh":true,"dayR":0.0,"weekR":0.0,"week_halted":false,"pos":2,"avg":6676.67,"bars":366,"consec_losses":0,"equity":30000.0,"equity_hwm":30000.0,"suggest_qty":2,"arms":{"trend":8,"breakout":38},"armR":{"trend":0.168,"breakout":-0.13}}
{"ts":"2025-10-13 06:16:43","evt":"hb","src":"RT","state":"active","rt_fresh":true,"dayR":0.0,"weekR":0.0,"week_halted":false,"pos":2,"avg":6676.67,"bars":366,"consec_losses":0,"equity":30000.0,"equity_hwm":30000.0,"suggest_qty":2,"arms":{"trend":8,"breakout":38},"armR":{"trend":0.168,"breakout":-0.13}}
{"ts":"2025-10-13 06:16:43","evt":"hb","src":"RT","state":"active","rt_fresh":true,"dayR":0.0,"weekR":0.0,"week_halted":false,"pos":2,"avg":6676.67,"bars":366,"consec_losses":0,"equity":30000.0,"equity_hwm":30000.0,"suggest_qty":2,"arms":{"trend":8,"breakout":38},"armR":{"trend":0.168,"breakout":-0.13}}
{"ts":"2025-10-13 06:16:44","evt":"hb","src":"RT","state":"active","rt_fresh":true,"dayR":0.0,"weekR":0.0,"week_halted":false,"pos":2,"avg":6676.67,"bars":366,"consec_losses":0,"equity":30000.0,"equity_hwm":30000.0,"suggest_qty":2,"arms":{"trend":8,"breakout":38},"armR":{"trend":0.168,"breakout":-0.13}}
{"ts":"2025-10-13 06:16:44","evt":"hb","src":"RT","state":"active","rt_fresh":true,"dayR":0.0,"weekR":0.0,"week_halted":false,"pos":2,"avg":6676.67,"bars":366,"consec_losses":0,"equity":30000.0,"equity_hwm":30000.0,"suggest_qty":2,"arms":{"trend":8,"breakout":38},"armR":{"trend":0.168,"breakout":-0.13}}
{"ts":"2025-10-13 06:16:45","evt":"hb","src":"RT","state":"active","rt_fresh":true,"dayR":0.0,"weekR":0.0,"week_halted":false,"pos":2,"avg":6676.67,"bars":366,"consec_losses":0,"equity":30000.0,"equity_hwm":30000.0,"suggest_qty":2,"arms":{"trend":8,"breakout":38},"armR":{"trend":0.168,"breakout":-0.13}}
{"ts":"2025-10-13 06:16:45","evt":"hb","src":"RT","state":"active","rt_fresh":true,"dayR":0.0,"weekR":0.0,"week_halted":false,"pos":2,"avg":6676.67,"bars":366,"consec_losses":0,"equity":30000.0,"equity_hwm":30000.0,"suggest_qty":2,"arms":{"trend":8,"breakout":38},"armR":{"trend":0.168,"breakout":-0.13}}
{"ts":"2025-10-13 06:16:46","evt":"hb","src":"RT","state":"active","rt_fresh":true,"dayR":0.0,"weekR":0.0,"week_halted":false,"pos":2,"avg":6676.67,"bars":366,"consec_losses":0,"equity":30000.0,"equity_hwm":30000.0,"suggest_qty":2,"arms":{"trend":8,"breakout":38},"armR":{"trend":0.168,"breakout":-0.13}}
{"ts":"2025-10-13 06:16:46","evt":"hb","src":"RT","state":"active","rt_fresh":true,"dayR":0.0,"weekR":0.0,"week_halted":false,"pos":2,"avg":6676.67,"bars":366,"consec_losses":0,"equity":30000.0,"equity_hwm":30000.0,"suggest_qty":2,"arms":{"trend":8,"breakout":38},"armR":{"trend":0.168,"breakout":-0.13}}
{"ts":"2025-10-13 06:16:47","evt":"hb","src":"RT","state":"active","rt_fresh":true,"dayR":0.0,"weekR":0.0,"week_halted":false,"pos":2,"avg":6676.67,"bars":367,"consec_losses":0,"equity":30000.0,"equity_hwm":30000.0,"suggest_qty":2,"arms":{"trend":8,"breakout":38},"armR":{"trend":0.168,"breakout":-0.13}}
{"ts":"2025-10-13 06:16:47","evt":"hb","src":"RT","state":"active","rt_fresh":true,"dayR":0.0,"weekR":0.0,"week_halted":false,"pos":2,"avg":6676.67,"bars":367,"consec_losses":0,"equity":30000.0,"equity_hwm":30000.0,"suggest_qty":2,"arms":{"trend":8,"breakout":38},"armR":{"trend":0.168,"breakout":-0.13}}
{"ts":"2025-10-13 06:16:48","evt":"hb","src":"RT","state":"active","rt_fresh":true,"dayR":0.0,"weekR":0.0,"week_halted":false,"pos":2,"avg":6676.67,"bars":367,"consec_losses":0,"equity":30000.0,"equity_hwm":30000.0,"suggest_qty":2,"arms":{"trend":8,"breakout":38},"armR":{"trend":0.168,"breakout":-0.13}}
{"ts":"2025-10-13 06:16:48","evt":"hb","src":"RT","state":"active","rt_fresh":true,"dayR":0.0,"weekR":0.0,"week_halted":false,"pos":2,"avg":6676.67,"bars":367,"consec_losses":0,"equity":30000.0,"equity_hwm":30000.0,"suggest_qty":2,"arms":{"trend":8,"breakout":38},"armR":{"trend":0.168,"breakout":-0.13}}
{"ts":"2025-10-13 06:16:49","evt":"hb","src":"RT","state":"active","rt_fresh":true,"dayR":0.0,"weekR":0.0,"week_halted":false,"pos":2,"avg":6676.67,"bars":367,"consec_losses":0,"equity":30000.0,"equity_hwm":30000.0,"suggest_qty":2,"arms":{"trend":8,"breakout":38},"armR":{"trend":0.168,"breakout":-0.13}}
{"ts":"2025-10-13 06:16:49","evt":"hb","src":"RT","state":"active","rt_fresh":true,"dayR":0.0,"weekR":0.0,"week_halted":false,"pos":2,"avg":6676.67,"bars":367,"consec_losses":0,"equity":30000.0,"equity_hwm":30000.0,"suggest_qty":2,"arms":{"trend":8,"breakout":38},"armR":{"trend":0.168,"breakout":-0.13}}
{"ts":"2025-10-13 06:16:50","evt":"hb","src":"RT","state":"active","rt_fresh":true,"dayR":0.0,"weekR":0.0,"week_halted":false,"pos":2,"avg":6676.67,"bars":367,"consec_losses":0,"equity":30000.0,"equity_hwm":30000.0,"suggest_qty":2,"arms":{"trend":8,"breakout":38},"armR":{"trend":0.168,"breakout":-0.13}}
{"ts":"2025-10-13 06:16:50","evt":"hb","src":"RT","state":"active","rt_fresh":true,"dayR":0.0,"weekR":0.0,"week_halted":false,"pos":2,"avg":6676.67,"bars":367,"consec_losses":0,"equity":30000.0,"equity_hwm":30000.0,"suggest_qty":2,"arms":{"trend":8,"breakout":38},"armR":{"trend":0.168,"breakout":-0.13}}
{"ts":"2025-10-13 06:16:51","evt":"hb","src":"RT","state":"active","rt_fresh":true,"dayR":0.0,"weekR":0.0,"week_halted":false,"pos":2,"avg":6676.67,"bars":367,"consec_losses":0,"equity":30000.0,"equity_hwm":30000.0,"suggest_qty":2,"arms":{"trend":8,"breakout":38},"armR":{"trend":0.168,"breakout":-0.13}}
{"ts":"2025-10-13 06:16:51","evt":"hb","src":"RT","state":"active","rt_fresh":true,"dayR":0.0,"weekR":0.0,"week_halted":false,"pos":2,"avg":6676.67,"bars":368,"consec_losses":0,"equity":30000.0,"equity_hwm":30000.0,"suggest_qty":2,"arms":{"trend":8,"breakout":38},"armR":{"trend":0.168,"breakout":-0.13}}
{"ts":"2025-10-13 06:16:52","evt":"hb","src":"RT","state":"active","rt_fresh":true,"dayR":0.0,"weekR":0.0,"week_halted":false,"pos":2,"avg":6676.67,"bars":368,"consec_losses":0,"equity":30000.0,"equity_hwm":30000.0,"suggest_qty":2,"arms":{"trend":8,"breakout":38},"armR":{"trend":0.168,"breakout":-0.13}}
{"ts":"2025-10-13 06:16:52","evt":"hb","src":"RT","state":"active","rt_fresh":true,"dayR":0.0,"weekR":0.0,"week_halted":false,"pos":2,"avg":6676.67,"bars":368,"consec_losses":0,"equity":30000.0,"equity_hwm":30000.0,"suggest_qty":2,"arms":{"trend":8,"breakout":38},"armR":{"trend":0.168,"breakout":-0.13}}
{"ts":"2025-10-13 06:16:53","evt":"hb","src":"RT","state":"active","rt_fresh":true,"dayR":0.0,"weekR":0.0,"week_halted":false,"pos":2,"avg":6676.67,"bars":368,"consec_losses":0,"equity":30000.0,"equity_hwm":30000.0,"suggest_qty":2,"arms":{"trend":8,"breakout":38},"armR":{"trend":0.168,"breakout":-0.13}}
{"ts":"2025-10-13 06:16:53","evt":"hb","src":"RT","state":"active","rt_fresh":true,"dayR":0.0,"weekR":0.0,"week_halted":false,"pos":2,"avg":6676.67,"bars":368,"consec_losses":0,"equity":30000.0,"equity_hwm":30000.0,"suggest_qty":2,"arms":{"trend":8,"breakout":38},"armR":{"trend":0.168,"breakout":-0.13}}
{"ts":"2025-10-13 06:16:54","evt":"hb","src":"RT","state":"active","rt_fresh":true,"dayR":0.0,"weekR":0.0,"week_halted":false,"pos":2,"avg":6676.67,"bars":368,"consec_losses":0,"equity":30000.0,"equity_hwm":30000.0,"suggest_qty":2,"arms":{"trend":8,"breakout":38},"armR":{"trend":0.168,"breakout":-0.13}}
{"ts":"2025-10-13 06:16:54","evt":"hb","src":"RT","state":"active","rt_fresh":true,"dayR":0.0,"weekR":0.0,"week_halted":false,"pos":2,"avg":6676.67,"bars":368,"consec_losses":0,"equity":30000.0,"equity_hwm":30000.0,"suggest_qty":2,"arms":{"trend":8,"breakout":38},"armR":{"trend":0.168,"breakout":-0.13}}
{"ts":"2025-10-13 06:16:55","evt":"hb","src":"RT","state":"active","rt_fresh":true,"dayR":0.0,"weekR":0.0,"week_halted":false,"pos":2,"avg":6676.67,"bars":368,"consec_losses":0,"equity":30000.0,"equity_hwm":30000.0,"suggest_qty":2,"arms":{"trend":8,"breakout":38},"armR":{"trend":0.168,"breakout":-0.13}}
{"ts":"2025-10-13 06:16:55","evt":"hb","src":"RT","state":"active","rt_fresh":true,"dayR":0.0,"weekR":0.0,"week_halted":false,"pos":2,"avg":6676.67,"bars":368,"consec_losses":0,"equity":30000.0,"equity_hwm":30000.0,"suggest_qty":2,"arms":{"trend":8,"breakout":38},"armR":{"trend":0.168,"breakout":-0.13}}
{"ts":"2025-10-13 06:16:56","evt":"hb","src":"RT","state":"active","rt_fresh":true,"dayR":0.0,"weekR":0.0,"week_halted":false,"pos":2,"avg":6676.67,"bars":368,"consec_losses":0,"equity":30000.0,"equity_hwm":30000.0,"suggest_qty":2,"arms":{"trend":8,"breakout":38},"armR":{"trend":0.168,"breakout":-0.13}}
{"ts":"2025-10-13 06:16:56","evt":"hb","src":"RT","state":"active","rt_fresh":true,"dayR":0.0,"weekR":0.0,"week_halted":false,"pos":2,"avg":6676.67,"bars":368,"consec_losses":0,"equity":30000.0,"equity_hwm":30000.0,"suggest_qty":2,"arms":{"trend":8,"breakout":38},"armR":{"trend":0.168,"breakout":-0.13}}
{"ts":"2025-10-13 06:16:57","evt":"hb","src":"RT","state":"active","rt_fresh":true,"dayR":0.0,"weekR":0.0,"week_halted":false,"pos":2,"avg":6676.67,"bars":369,"consec_losses":0,"equity":30000.0,"equity_hwm":30000.0,"suggest_qty":2,"arms":{"trend":8,"breakout":38},"armR":{"trend":0.168,"breakout":-0.13}}
{"ts":"2025-10-13 06:16:57","evt":"hb","src":"RT","state":"active","rt_fresh":true,"dayR":0.0,"weekR":0.0,"week_halted":false,"pos":2,"avg":6676.67,"bars":369,"consec_losses":0,"equity":30000.0,"equity_hwm":30000.0,"suggest_qty":2,"arms":{"trend":8,"breakout":38},"armR":{"trend":0.168,"breakout":-0.13}}
{"ts":"2025-10-13 06:16:58","evt":"hb","src":"RT","state":"active","rt_fresh":true,"dayR":0.0,"weekR":0.0,"week_halted":false,"pos":2,"avg":6676.67,"bars":369,"consec_losses":0,"equity":30000.0,"equity_hwm":30000.0,"suggest_qty":2,"arms":{"trend":8,"breakout":38},"armR":{"trend":0.168,"breakout":-0.13}}
{"ts":"2025-10-13 06:16:58","evt":"hb","src":"RT","state":"active","rt_fresh":true,"dayR":0.0,"weekR":0.0,"week_halted":false,"pos":2,"avg":6676.67,"bars":369,"consec_losses":0,"equity":30000.0,"equity_hwm":30000.0,"suggest_qty":2,"arms":{"trend":8,"breakout":38},"armR":{"trend":0.168,"breakout":-0.13}}
{"ts":"2025-10-13 06:16:59","evt":"hb","src":"RT","state":"active","rt_fresh":true,"dayR":0.0,"weekR":0.0,"week_halted":false,"pos":2,"avg":6676.67,"bars":369,"consec_losses":0,"equity":30000.0,"equity_hwm":30000.0,"suggest_qty":2,"arms":{"trend":8,"breakout":38},"armR":{"trend":0.168,"breakout":-0.13}}
{"ts":"2025-10-13 06:16:59","evt":"hb","src":"RT","state":"active","rt_fresh":true,"dayR":0.0,"weekR":0.0,"week_halted":false,"pos":2,"avg":6676.67,"bars":369,"consec_losses":0,"equity":30000.0,"equity_hwm":30000.0,"suggest_qty":2,"arms":{"trend":8,"breakout":38},"armR":{"trend":0.168,"breakout":-0.13}}
{"ts":"2025-10-13 06:17:00","evt":"hb","src":"RT","state":"active","rt_fresh":true,"dayR":0.0,"weekR":0.0,"week_halted":false,"pos":2,"avg":6676.67,"bars":369,"consec_losses":0,"equity":30000.0,"equity_hwm":30000.0,"suggest_qty":2,"arms":{"trend":8,"breakout":38},"armR":{"trend":0.168,"breakout":-0.13}}
{"ts":"2025-10-13 06:17:00","evt":"hb","src":"RT","state":"active","rt_fresh":true,"dayR":0.0,"weekR":0.0,"week_halted":false,"pos":2,"avg":6676.67,"bars":369,"consec_losses":0,"equity":30000.0,"equity_hwm":30000.0,"suggest_qty":2,"arms":{"trend":8,"breakout":38},"armR":{"trend":0.168,"breakout":-0.13}}
{"ts":"2025-10-13 06:17:01","evt":"hb","src":"RT","state":"active","rt_fresh":true,"dayR":0.0,"weekR":0.0,"week_halted":false,"pos":2,"avg":6676.67,"bars":370,"consec_losses":0,"equity":30000.0,"equity_hwm":30000.0,"suggest_qty":2,"arms":{"trend":8,"breakout":38},"armR":{"trend":0.168,"breakout":-0.13}}
{"ts":"2025-10-13 06:17:01","evt":"hb","src":"RT","state":"active","rt_fresh":true,"dayR":0.0,"weekR":0.0,"week_halted":false,"pos":2,"avg":6676.67,"bars":370,"consec_losses":0,"equity":30000.0,"equity_hwm":30000.0,"suggest_qty":2,"arms":{"trend":8,"breakout":38},"armR":{"trend":0.168,"breakout":-0.13}}
{"ts":"2025-10-13 06:17:02","evt":"hb","src":"RT","state":"active","rt_fresh":true,"dayR":0.0,"weekR":0.0,"week_halted":false,"pos":2,"avg":6676.67,"bars":370,"consec_losses":0,"equity":30000.0,"equity_hwm":30000.0,"suggest_qty":2,"arms":{"trend":8,"breakout":38},"armR":{"trend":0.168,"breakout":-0.13}}
{"ts":"2025-10-13 06:17:02","evt":"hb","src":"RT","state":"active","rt_fresh":true,"dayR":0.0,"weekR":0.0,"week_halted":false,"pos":2,"avg":6676.67,"bars":370,"consec_losses":0,"equity":30000.0,"equity_hwm":30000.0,"suggest_qty":2,"arms":{"trend":8,"breakout":38},"armR":{"trend":0.168,"breakout":-0.13}}
{"ts":"2025-10-13 06:17:03","evt":"hb","src":"RT","state":"active","rt_fresh":true,"dayR":0.0,"weekR":0.0,"week_halted":false,"pos":2,"avg":6676.67,"bars":370,"consec_losses":0,"equity":30000.0,"equity_hwm":30000.0,"suggest_qty":2,"arms":{"trend":8,"breakout":38},"armR":{"trend":0.168,"breakout":-0.13}}
{"ts":"2025-10-13 06:17:03","evt":"hb","src":"RT","state":"active","rt_fresh":true,"dayR":0.0,"weekR":0.0,"week_halted":false,"pos":2,"avg":6676.67,"bars":370,"consec_losses":0,"equity":30000.0,"equity_hwm":30000.0,"suggest_qty":2,"arms":{"trend":8,"breakout":38},"armR":{"trend":0.168,"breakout":-0.13}}
{"ts":"2025-10-13 06:17:04","evt":"hb","src":"RT","state":"active","rt_fresh":true,"dayR":0.0,"weekR":0.0,"week_halted":false,"pos":2,"avg":6676.67,"bars":370,"consec_losses":0,"equity":30000.0,"equity_hwm":30000.0,"suggest_qty":2,"arms":{"trend":8,"breakout":38},"armR":{"trend":0.168,"breakout":-0.13}}
{"ts":"2025-10-13 06:17:04","evt":"hb","src":"RT","state":"active","rt_fresh":true,"dayR":0.0,"weekR":0.0,"week_halted":false,"pos":2,"avg":6676.67,"bars":370,"consec_losses":0,"equity":30000.0,"equity_hwm":30000.0,"suggest_qty":2,"arms":{"trend":8,"breakout":38},"armR":{"trend":0.168,"breakout":-0.13}}
{"ts":"2025-10-13 06:17:05","evt":"hb","src":"RT","state":"active","rt_fresh":true,"dayR":0.0,"weekR":0.0,"week_halted":false,"pos":2,"avg":6676.67,"bars":370,"consec_losses":0,"equity":30000.0,"equity_hwm":30000.0,"suggest_qty":2,"arms":{"trend":8,"breakout":38},"armR":{"trend":0.168,"breakout":-0.13}}
{"ts":"2025-10-13 06:17:05","evt":"hb","src":"RT","state":"active","rt_fresh":true,"dayR":0.0,"weekR":0.0,"week_halted":false,"pos":2,"avg":6676.67,"bars":370,"consec_losses":0,"equity":30000.0,"equity_hwm":30000.0,"suggest_qty":2,"arms":{"trend":8,"breakout":38},"armR":{"trend":0.168,"breakout":-0.13}}
{"ts":"2025-10-13 06:17:06","evt":"hb","src":"RT","state":"active","rt_fresh":true,"dayR":0.0,"weekR":0.0,"week_halted":false,"pos":2,"avg":6676.67,"bars":370,"consec_losses":0,"equity":30000.0,"equity_hwm":30000.0,"suggest_qty":2,"arms":{"trend":8,"breakout":38},"armR":{"trend":0.168,"breakout":-0.13}}
{"ts":"2025-10-13 06:17:07","evt":"hb","src":"RT","state":"active","rt_fresh":true,"dayR":0.0,"weekR":0.0,"week_halted":false,"pos":2,"avg":6676.67,"bars":371,"consec_losses":0,"equity":30000.0,"equity_hwm":30000.0,"suggest_qty":2,"arms":{"trend":8,"breakout":38},"armR":{"trend":0.168,"breakout":-0.13}}
{"ts":"2025-10-13 06:17:07","evt":"hb","src":"RT","state":"active","rt_fresh":true,"dayR":0.0,"weekR":0.0,"week_halted":false,"pos":2,"avg":6676.67,"bars":371,"consec_losses":0,"equity":30000.0,"equity_hwm":30000.0,"suggest_qty":2,"arms":{"trend":8,"breakout":38},"armR":{"trend":0.168,"breakout":-0.13}}
{"ts":"2025-10-13 06:17:08","evt":"hb","src":"RT","state":"active","rt_fresh":true,"dayR":0.0,"weekR":0.0,"week_halted":false,"pos":2,"avg":6676.67,"bars":371,"consec_losses":0,"equity":30000.0,"equity_hwm":30000.0,"suggest_qty":2,"arms":{"trend":8,"breakout":38},"armR":{"trend":0.168,"breakout":-0.13}}
{"ts":"2025-10-13 06:17:08","evt":"hb","src":"RT","state":"active","rt_fresh":true,"dayR":0.0,"weekR":0.0,"week_halted":false,"pos":2,"avg":6676.67,"bars":371,"consec_losses":0,"equity":30000.0,"equity_hwm":30000.0,"suggest_qty":2,"arms":{"trend":8,"breakout":38},"armR":{"trend":0.168,"breakout":-0.13}}
{"ts":"2025-10-13 06:17:09","evt":"hb","src":"RT","state":"active","rt_fresh":true,"dayR":0.0,"weekR":0.0,"week_halted":false,"pos":2,"avg":6676.67,"bars":371,"consec_losses":0,"equity":30000.0,"equity_hwm":30000.0,"suggest_qty":2,"arms":{"trend":8,"breakout":38},"armR":{"trend":0.168,"breakout":-0.13}}
{"ts":"2025-10-13 06:17:09","evt":"hb","src":"RT","state":"active","rt_fresh":true,"dayR":0.0,"weekR":0.0,"week_halted":false,"pos":2,"avg":6676.67,"bars":371,"consec_losses":0,"equity":30000.0,"equity_hwm":30000.0,"suggest_qty":2,"arms":{"trend":8,"breakout":38},"armR":{"trend":0.168,"breakout":-0.13}}
{"ts":"2025-10-13 06:17:10","evt":"hb","src":"RT","state":"active","rt_fresh":true,"dayR":0.0,"weekR":0.0,"week_halted":false,"pos":2,"avg":6676.67,"bars":371,"consec_losses":0,"equity":30000.0,"equity_hwm":30000.0,"suggest_qty":2,"arms":{"trend":8,"breakout":38},"armR":{"trend":0.168,"breakout":-0.13}}
{"ts":"2025-10-13 06:17:10","evt":"hb","src":"RT","state":"active","rt_fresh":true,"dayR":0.0,"weekR":0.0,"week_halted":false,"pos":2,"avg":6676.67,"bars":371,"consec_losses":0,"equity":30000.0,"equity_hwm":30000.0,"suggest_qty":2,"arms":{"trend":8,"breakout":38},"armR":{"trend":0.168,"breakout":-0.13}}
{"ts":"2025-10-13 06:17:11","evt":"hb","src":"RT","state":"active","rt_fresh":true,"dayR":0.0,"weekR":0.0,"week_halted":false,"pos":2,"avg":6676.67,"bars":371,"consec_losses":0,"equity":30000.0,"equity_hwm":30000.0,"suggest_qty":2,"arms":{"trend":8,"breakout":38},"armR":{"trend":0.168,"breakout":-0.13}}
{"ts":"2025-10-13 06:17:11","evt":"hb","src":"RT","state":"active","rt_fresh":true,"dayR":0.0,"weekR":0.0,"week_halted":false,"pos":2,"avg":6676.67,"bars":372,"consec_losses":0,"equity":30000.0,"equity_hwm":30000.0,"suggest_qty":2,"arms":{"trend":8,"breakout":38},"armR":{"trend":0.168,"breakout":-0.13}}
{"ts":"2025-10-13 06:17:12","evt":"hb","src":"RT","state":"active","rt_fresh":true,"dayR":0.0,"weekR":0.0,"week_halted":false,"pos":2,"avg":6676.67,"bars":372,"consec_losses":0,"equity":30000.0,"equity_hwm":30000.0,"suggest_qty":2,"arms":{"trend":8,"breakout":38},"armR":{"trend":0.168,"breakout":-0.13}}
{"ts":"2025-10-13 06:17:12","evt":"hb","src":"RT","state":"active","rt_fresh":true,"dayR":0.0,"weekR":0.0,"week_halted":false,"pos":2,"avg":6676.67,"bars":372,"consec_losses":0,"equity":30000.0,"equity_hwm":30000.0,"suggest_qty":2,"arms":{"trend":8,"breakout":38},"armR":{"trend":0.168,"breakout":-0.13}}
{"ts":"2025-10-13 06:17:13","evt":"hb","src":"RT","state":"active","rt_fresh":true,"dayR":0.0,"weekR":0.0,"week_halted":false,"pos":2,"avg":6676.67,"bars":372,"consec_losses":0,"equity":30000.0,"equity_hwm":30000.0,"suggest_qty":2,"arms":{"trend":8,"breakout":38},"armR":{"trend":0.168,"breakout":-0.13}}
{"ts":"2025-10-13 06:17:13","evt":"hb","src":"RT","state":"active","rt_fresh":true,"dayR":0.0,"weekR":0.0,"week_halted":false,"pos":2,"avg":6676.67,"bars":372,"consec_losses":0,"equity":30000.0,"equity_hwm":30000.0,"suggest_qty":2,"arms":{"trend":8,"breakout":38},"armR":{"trend":0.168,"breakout":-0.13}}
{"ts":"2025-10-13 06:17:14","evt":"hb","src":"RT","state":"active","rt_fresh":true,"dayR":0.0,"weekR":0.0,"week_halted":false,"pos":2,"avg":6676.67,"bars":372,"consec_losses":0,"equity":30000.0,"equity_hwm":30000.0,"suggest_qty":2,"arms":{"trend":8,"breakout":38},"armR":{"trend":0.168,"breakout":-0.13}}
{"ts":"2025-10-13 06:17:14","evt":"hb","src":"RT","state":"active","rt_fresh":true,"dayR":0.0,"weekR":0.0,"week_halted":false,"pos":2,"avg":6676.67,"bars":372,"consec_losses":0,"equity":30000.0,"equity_hwm":30000.0,"suggest_qty":2,"arms":{"trend":8,"breakout":38},"armR":{"trend":0.168,"breakout":-0.13}}
{"ts":"2025-10-13 06:17:15","evt":"hb","src":"RT","state":"active","rt_fresh":true,"dayR":0.0,"weekR":0.0,"week_halted":false,"pos":2,"avg":6676.67,"bars":372,"consec_losses":0,"equity":30000.0,"equity_hwm":30000.0,"suggest_qty":2,"arms":{"trend":8,"breakout":38},"armR":{"trend":0.168,"breakout":-0.13}}
{"ts":"2025-10-13 06:17:15","evt":"hb","src":"RT","state":"active","rt_fresh":true,"dayR":0.0,"weekR":0.0,"week_halted":false,"pos":2,"avg":6676.67,"bars":372,"consec_losses":0,"equity":30000.0,"equity_hwm":30000.0,"suggest_qty":2,"arms":{"trend":8,"breakout":38},"armR":{"trend":0.168,"breakout":-0.13}}
{"ts":"2025-10-13 06:17:16","evt":"hb","src":"RT","state":"active","rt_fresh":true,"dayR":0.0,"weekR":0.0,"week_halted":false,"pos":2,"avg":6676.67,"bars":372,"consec_losses":0,"equity":30000.0,"equity_hwm":30000.0,"suggest_qty":2,"arms":{"trend":8,"breakout":38},"armR":{"trend":0.168,"breakout":-0.13}}
{"ts":"2025-10-13 06:17:16","evt":"hb","src":"RT","state":"active","rt_fresh":true,"dayR":0.0,"weekR":0.0,"week_halted":false,"pos":2,"avg":6676.67,"bars":373,"consec_losses":0,"equity":30000.0,"equity_hwm":30000.0,"suggest_qty":2,"arms":{"trend":8,"breakout":38},"armR":{"trend":0.168,"breakout":-0.13}}
{"ts":"2025-10-13 06:17:17","evt":"hb","src":"RT","state":"active","rt_fresh":true,"dayR":0.0,"weekR":0.0,"week_halted":false,"pos":2,"avg":6676.67,"bars":373,"consec_losses":0,"equity":30000.0,"equity_hwm":30000.0,"suggest_qty":2,"arms":{"trend":8,"breakout":38},"armR":{"trend":0.168,"breakout":-0.13}}
{"ts":"2025-10-13 06:17:17","evt":"hb","src":"RT","state":"active","rt_fresh":true,"dayR":0.0,"weekR":0.0,"week_halted":false,"pos":2,"avg":6676.67,"bars":373,"consec_losses":0,"equity":30000.0,"equity_hwm":30000.0,"suggest_qty":2,"arms":{"trend":8,"breakout":38},"armR":{"trend":0.168,"breakout":-0.13}}
{"ts":"2025-10-13 06:17:18","evt":"hb","src":"RT","state":"active","rt_fresh":true,"dayR":0.0,"weekR":0.0,"week_halted":false,"pos":2,"avg":6676.67,"bars":373,"consec_losses":0,"equity":30000.0,"equity_hwm":30000.0,"suggest_qty":2,"arms":{"trend":8,"breakout":38},"armR":{"trend":0.168,"breakout":-0.13}}
{"ts":"2025-10-13 06:17:18","evt":"hb","src":"RT","state":"active","rt_fresh":true,"dayR":0.0,"weekR":0.0,"week_halted":false,"pos":2,"avg":6676.67,"bars":373,"consec_losses":0,"equity":30000.0,"equity_hwm":30000.0,"suggest_qty":2,"arms":{"trend":8,"breakout":38},"armR":{"trend":0.168,"breakout":-0.13}}
{"ts":"2025-10-13 06:17:19","evt":"hb","src":"RT","state":"active","rt_fresh":true,"dayR":0.0,"weekR":0.0,"week_halted":false,"pos":2,"avg":6676.67,"bars":373,"consec_losses":0,"equity":30000.0,"equity_hwm":30000.0,"suggest_qty":2,"arms":{"trend":8,"breakout":38},"armR":{"trend":0.168,"breakout":-0.13}}
{"ts":"2025-10-13 06:17:19","evt":"hb","src":"RT","state":"active","rt_fresh":true,"dayR":0.0,"weekR":0.0,"week_halted":false,"pos":2,"avg":6676.67,"bars":373,"consec_losses":0,"equity":30000.0,"equity_hwm":30000.0,"suggest_qty":2,"arms":{"trend":8,"breakout":38},"armR":{"trend":0.168,"breakout":-0.13}}
{"ts":"2025-10-13 06:17:20","evt":"hb","src":"RT","state":"active","rt_fresh":true,"dayR":0.0,"weekR":0.0,"week_halted":false,"pos":2,"avg":6676.67,"bars":373,"consec_losses":0,"equity":30000.0,"equity_hwm":30000.0,"suggest_qty":2,"arms":{"trend":8,"breakout":38},"armR":{"trend":0.168,"breakout":-0.13}}
{"ts":"2025-10-13 06:17:20","evt":"hb","src":"RT","state":"active","rt_fresh":true,"dayR":0.0,"weekR":0.0,"week_halted":false,"pos":2,"avg":6676.67,"bars":373,"consec_losses":0,"equity":30000.0,"equity_hwm":30000.0,"suggest_qty":2,"arms":{"trend":8,"breakout":38},"armR":{"trend":0.168,"breakout":-0.13}}
{"ts":"2025-10-13 06:17:21","evt":"hb","src":"RT","state":"active","rt_fresh":true,"dayR":0.0,"weekR":0.0,"week_halted":false,"pos":2,"avg":6676.67,"bars":374,"consec_losses":0,"equity":30000.0,"equity_hwm":30000.0,"suggest_qty":2,"arms":{"trend":8,"breakout":38},"armR":{"trend":0.168,"breakout":-0.13}}
{"ts":"2025-10-13 06:17:21","evt":"hb","src":"RT","state":"active","rt_fresh":true,"dayR":0.0,"weekR":0.0,"week_halted":false,"pos":2,"avg":6676.67,"bars":374,"consec_losses":0,"equity":30000.0,"equity_hwm":30000.0,"suggest_qty":2,"arms":{"trend":8,"breakout":38},"armR":{"trend":0.168,"breakout":-0.13}}
{"ts":"2025-10-13 06:17:22","evt":"hb","src":"RT","state":"active","rt_fresh":true,"dayR":0.0,"weekR":0.0,"week_halted":false,"pos":2,"avg":6676.67,"bars":374,"consec_losses":0,"equity":30000.0,"equity_hwm":30000.0,"suggest_qty":2,"arms":{"trend":8,"breakout":38},"armR":{"trend":0.168,"breakout":-0.13}}
{"ts":"2025-10-13 06:17:22","evt":"hb","src":"RT","state":"active","rt_fresh":true,"dayR":0.0,"weekR":0.0,"week_halted":false,"pos":2,"avg":6676.67,"bars":374,"consec_losses":0,"equity":30000.0,"equity_hwm":30000.0,"suggest_qty":2,"arms":{"trend":8,"breakout":38},"armR":{"trend":0.168,"breakout":-0.13}}
{"ts":"2025-10-13 06:17:23","evt":"hb","src":"RT","state":"active","rt_fresh":true,"dayR":0.0,"weekR":0.0,"week_halted":false,"pos":2,"avg":6676.67,"bars":374,"consec_losses":0,"equity":30000.0,"equity_hwm":30000.0,"suggest_qty":2,"arms":{"trend":8,"breakout":38},"armR":{"trend":0.168,"breakout":-0.13}}
{"ts":"2025-10-13 06:17:23","evt":"hb","src":"RT","state":"active","rt_fresh":true,"dayR":0.0,"weekR":0.0,"week_halted":false,"pos":2,"avg":6676.67,"bars":374,"consec_losses":0,"equity":30000.0,"equity_hwm":30000.0,"suggest_qty":2,"arms":{"trend":8,"breakout":38},"armR":{"trend":0.168,"breakout":-0.13}}
{"ts":"2025-10-13 06:17:24","evt":"hb","src":"RT","state":"active","rt_fresh":true,"dayR":0.0,"weekR":0.0,"week_halted":false,"pos":2,"avg":6676.67,"bars":374,"consec_losses":0,"equity":30000.0,"equity_hwm":30000.0,"suggest_qty":2,"arms":{"trend":8,"breakout":38},"armR":{"trend":0.168,"breakout":-0.13}}
{"ts":"2025-10-13 06:17:24","evt":"hb","src":"RT","state":"active","rt_fresh":true,"dayR":0.0,"weekR":0.0,"week_halted":false,"pos":2,"avg":6676.67,"bars":374,"consec_losses":0,"equity":30000.0,"equity_hwm":30000.0,"suggest_qty":2,"arms":{"trend":8,"breakout":38},"armR":{"trend":0.168,"breakout":-0.13}}
{"ts":"2025-10-13 06:17:25","evt":"hb","src":"RT","state":"active","rt_fresh":true,"dayR":0.0,"weekR":0.0,"week_halted":false,"pos":2,"avg":6676.67,"bars":374,"consec_losses":0,"equity":30000.0,"equity_hwm":30000.0,"suggest_qty":2,"arms":{"trend":8,"breakout":38},"armR":{"trend":0.168,"breakout":-0.13}}
{"ts":"2025-10-13 06:17:25","evt":"hb","src":"RT","state":"active","rt_fresh":true,"dayR":0.0,"weekR":0.0,"week_halted":false,"pos":2,"avg":6676.67,"bars":374,"consec_losses":0,"equity":30000.0,"equity_hwm":30000.0,"suggest_qty":2,"arms":{"trend":8,"breakout":38},"armR":{"trend":0.168,"breakout":-0.13}}
{"ts":"2025-10-13 06:17:26","evt":"hb","src":"RT","state":"active","rt_fresh":true,"dayR":0.0,"weekR":0.0,"week_halted":false,"pos":2,"avg":6676.67,"bars":374,"consec_losses":0,"equity":30000.0,"equity_hwm":30000.0,"suggest_qty":2,"arms":{"trend":8,"breakout":38},"armR":{"trend":0.168,"breakout":-0.13}}
{"ts":"2025-10-13 06:17:27","evt":"hb","src":"RT","state":"active","rt_fresh":true,"dayR":0.0,"weekR":0.0,"week_halted":false,"pos":2,"avg":6676.67,"bars":375,"consec_losses":0,"equity":30000.0,"equity_hwm":30000.0,"suggest_qty":2,"arms":{"trend":8,"breakout":38},"armR":{"trend":0.168,"breakout":-0.13}}
{"ts":"2025-10-13 06:17:27","evt":"hb","src":"RT","state":"active","rt_fresh":true,"dayR":0.0,"weekR":0.0,"week_halted":false,"pos":2,"avg":6676.67,"bars":375,"consec_losses":0,"equity":30000.0,"equity_hwm":30000.0,"suggest_qty":2,"arms":{"trend":8,"breakout":38},"armR":{"trend":0.168,"breakout":-0.13}}
{"ts":"2025-10-13 06:17:28","evt":"hb","src":"RT","state":"active","rt_fresh":true,"dayR":0.0,"weekR":0.0,"week_halted":false,"pos":2,"avg":6676.67,"bars":375,"consec_losses":0,"equity":30000.0,"equity_hwm":30000.0,"suggest_qty":2,"arms":{"trend":8,"breakout":38},"armR":{"trend":0.168,"breakout":-0.13}}
{"ts":"2025-10-13 06:17:28","evt":"hb","src":"RT","state":"active","rt_fresh":true,"dayR":0.0,"weekR":0.0,"week_halted":false,"pos":2,"avg":6676.67,"bars":375,"consec_losses":0,"equity":30000.0,"equity_hwm":30000.0,"suggest_qty":2,"arms":{"trend":8,"breakout":38},"armR":{"trend":0.168,"breakout":-0.13}}
{"ts":"2025-10-13 06:17:29","evt":"hb","src":"RT","state":"active","rt_fresh":true,"dayR":0.0,"weekR":0.0,"week_halted":false,"pos":2,"avg":6676.67,"bars":375,"consec_losses":0,"equity":30000.0,"equity_hwm":30000.0,"suggest_qty":2,"arms":{"trend":8,"breakout":38},"armR":{"trend":0.168,"breakout":-0.13}}
{"ts":"2025-10-13 06:17:29","evt":"hb","src":"RT","state":"active","rt_fresh":true,"dayR":0.0,"weekR":0.0,"week_halted":false,"pos":2,"avg":6676.67,"bars":375,"consec_losses":0,"equity":30000.0,"equity_hwm":30000.0,"suggest_qty":2,"arms":{"trend":8,"breakout":38},"armR":{"trend":0.168,"breakout":-0.13}}
{"ts":"2025-10-13 06:17:30","evt":"hb","src":"RT","state":"active","rt_fresh":true,"dayR":0.0,"weekR":0.0,"week_halted":false,"pos":2,"avg":6676.67,"bars":375,"consec_losses":0,"equity":30000.0,"equity_hwm":30000.0,"suggest_qty":2,"arms":{"trend":8,"breakout":38},"armR":{"trend":0.168,"breakout":-0.13}}
{"ts":"2025-10-13 06:17:30","evt":"hb","src":"RT","state":"active","rt_fresh":true,"dayR":0.0,"weekR":0.0,"week_halted":false,"pos":2,"avg":6676.67,"bars":375,"consec_losses":0,"equity":30000.0,"equity_hwm":30000.0,"suggest_qty":2,"arms":{"trend":8,"breakout":38},"armR":{"trend":0.168,"breakout":-0.13}}
{"ts":"2025-10-13 06:17:31","evt":"hb","src":"RT","state":"active","rt_fresh":true,"dayR":0.0,"weekR":0.0,"week_halted":false,"pos":2,"avg":6676.67,"bars":375,"consec_losses":0,"equity":30000.0,"equity_hwm":30000.0,"suggest_qty":2,"arms":{"trend":8,"breakout":38},"armR":{"trend":0.168,"breakout":-0.13}}
{"ts":"2025-10-13 06:17:31","evt":"hb","src":"RT","state":"active","rt_fresh":true,"dayR":0.0,"weekR":0.0,"week_halted":false,"pos":2,"avg":6676.67,"bars":376,"consec_losses":0,"equity":30000.0,"equity_hwm":30000.0,"suggest_qty":2,"arms":{"trend":8,"breakout":38},"armR":{"trend":0.168,"breakout":-0.13}}
{"ts":"2025-10-13 06:17:32","evt":"hb","src":"RT","state":"active","rt_fresh":true,"dayR":0.0,"weekR":0.0,"week_halted":false,"pos":2,"avg":6676.67,"bars":376,"consec_losses":0,"equity":30000.0,"equity_hwm":30000.0,"suggest_qty":2,"arms":{"trend":8,"breakout":38},"armR":{"trend":0.168,"breakout":-0.13}}
{"ts":"2025-10-13 06:17:32","evt":"hb","src":"RT","state":"active","rt_fresh":true,"dayR":0.0,"weekR":0.0,"week_halted":false,"pos":2,"avg":6676.67,"bars":376,"consec_losses":0,"equity":30000.0,"equity_hwm":30000.0,"suggest_qty":2,"arms":{"trend":8,"breakout":38},"armR":{"trend":0.168,"breakout":-0.13}}
{"ts":"2025-10-13 06:17:33","evt":"hb","src":"RT","state":"active","rt_fresh":true,"dayR":0.0,"weekR":0.0,"week_halted":false,"pos":2,"avg":6676.67,"bars":376,"consec_losses":0,"equity":30000.0,"equity_hwm":30000.0,"suggest_qty":2,"arms":{"trend":8,"breakout":38},"armR":{"trend":0.168,"breakout":-0.13}}
{"ts":"2025-10-13 06:17:33","evt":"hb","src":"RT","state":"active","rt_fresh":true,"dayR":0.0,"weekR":0.0,"week_halted":false,"pos":2,"avg":6676.67,"bars":376,"consec_losses":0,"equity":30000.0,"equity_hwm":30000.0,"suggest_qty":2,"arms":{"trend":8,"breakout":38},"armR":{"trend":0.168,"breakout":-0.13}}
{"ts":"2025-10-13 06:17:34","evt":"hb","src":"RT","state":"active","rt_fresh":true,"dayR":0.0,"weekR":0.0,"week_halted":false,"pos":2,"avg":6676.67,"bars":376,"consec_losses":0,"equity":30000.0,"equity_hwm":30000.0,"suggest_qty":2,"arms":{"trend":8,"breakout":38},"armR":{"trend":0.168,"breakout":-0.13}}
{"ts":"2025-10-13 06:17:34","evt":"hb","src":"RT","state":"active","rt_fresh":true,"dayR":0.0,"weekR":0.0,"week_halted":false,"pos":2,"avg":6676.67,"bars":376,"consec_losses":0,"equity":30000.0,"equity_hwm":30000.0,"suggest_qty":2,"arms":{"trend":8,"breakout":38},"armR":{"trend":0.168,"breakout":-0.13}}
{"ts":"2025-10-13 06:17:35","evt":"hb","src":"RT","state":"active","rt_fresh":true,"dayR":0.0,"weekR":0.0,"week_halted":false,"pos":2,"avg":6676.67,"bars":376,"consec_losses":0,"equity":30000.0,"equity_hwm":30000.0,"suggest_qty":2,"arms":{"trend":8,"breakout":38},"armR":{"trend":0.168,"breakout":-0.13}}
{"ts":"2025-10-13 06:17:35","evt":"hb","src":"RT","state":"active","rt_fresh":true,"dayR":0.0,"weekR":0.0,"week_halted":false,"pos":2,"avg":6676.67,"bars":376,"consec_losses":0,"equity":30000.0,"equity_hwm":30000.0,"suggest_qty":2,"arms":{"trend":8,"breakout":38},"armR":{"trend":0.168,"breakout":-0.13}}
{"ts":"2025-10-13 06:17:36","evt":"hb","src":"RT","state":"active","rt_fresh":true,"dayR":0.0,"weekR":0.0,"week_halted":false,"pos":2,"avg":6676.67,"bars":376,"consec_losses":0,"equity":30000.0,"equity_hwm":30000.0,"suggest_qty":2,"arms":{"trend":8,"breakout":38},"armR":{"trend":0.168,"breakout":-0.13}}
{"ts":"2025-10-13 06:17:36","evt":"hb","src":"RT","state":"active","rt_fresh":true,"dayR":0.0,"weekR":0.0,"week_halted":false,"pos":2,"avg":6676.67,"bars":377,"consec_losses":0,"equity":30000.0,"equity_hwm":30000.0,"suggest_qty":2,"arms":{"trend":8,"breakout":38},"armR":{"trend":0.168,"breakout":-0.13}}
{"ts":"2025-10-13 06:17:37","evt":"hb","src":"RT","state":"active","rt_fresh":true,"dayR":0.0,"weekR":0.0,"week_halted":false,"pos":2,"avg":6676.67,"bars":377,"consec_losses":0,"equity":30000.0,"equity_hwm":30000.0,"suggest_qty":2,"arms":{"trend":8,"breakout":38},"armR":{"trend":0.168,"breakout":-0.13}}
{"ts":"2025-10-13 06:17:37","evt":"hb","src":"RT","state":"active","rt_fresh":true,"dayR":0.0,"weekR":0.0,"week_halted":false,"pos":2,"avg":6676.67,"bars":377,"consec_losses":0,"equity":30000.0,"equity_hwm":30000.0,"suggest_qty":2,"arms":{"trend":8,"breakout":38},"armR":{"trend":0.168,"breakout":-0.13}}
{"ts":"2025-10-13 06:17:38","evt":"hb","src":"RT","state":"active","rt_fresh":true,"dayR":0.0,"weekR":0.0,"week_halted":false,"pos":2,"avg":6676.67,"bars":377,"consec_losses":0,"equity":30000.0,"equity_hwm":30000.0,"suggest_qty":2,"arms":{"trend":8,"breakout":38},"armR":{"trend":0.168,"breakout":-0.13}}
{"ts":"2025-10-13 06:17:38","evt":"hb","src":"RT","state":"active","rt_fresh":true,"dayR":0.0,"weekR":0.0,"week_halted":false,"pos":2,"avg":6676.67,"bars":377,"consec_losses":0,"equity":30000.0,"equity_hwm":30000.0,"suggest_qty":2,"arms":{"trend":8,"breakout":38},"armR":{"trend":0.168,"breakout":-0.13}}
{"ts":"2025-10-13 06:17:39","evt":"hb","src":"RT","state":"active","rt_fresh":true,"dayR":0.0,"weekR":0.0,"week_halted":false,"pos":2,"avg":6676.67,"bars":377,"consec_losses":0,"equity":30000.0,"equity_hwm":30000.0,"suggest_qty":2,"arms":{"trend":8,"breakout":38},"armR":{"trend":0.168,"breakout":-0.13}}
{"ts":"2025-10-13 06:17:39","evt":"hb","src":"RT","state":"active","rt_fresh":true,"dayR":0.0,"weekR":0.0,"week_halted":false,"pos":2,"avg":6676.67,"bars":377,"consec_losses":0,"equity":30000.0,"equity_hwm":30000.0,"suggest_qty":2,"arms":{"trend":8,"breakout":38},"armR":{"trend":0.168,"breakout":-0.13}}
{"ts":"2025-10-13 06:17:40","evt":"hb","src":"RT","state":"active","rt_fresh":true,"dayR":0.0,"weekR":0.0,"week_halted":false,"pos":2,"avg":6676.67,"bars":377,"consec_losses":0,"equity":30000.0,"equity_hwm":30000.0,"suggest_qty":2,"arms":{"trend":8,"breakout":38},"armR":{"trend":0.168,"breakout":-0.13}}
{"ts":"2025-10-13 06:17:40","evt":"hb","src":"RT","state":"active","rt_fresh":true,"dayR":0.0,"weekR":0.0,"week_halted":false,"pos":2,"avg":6676.67,"bars":377,"consec_losses":0,"equity":30000.0,"equity_hwm":30000.0,"suggest_qty":2,"arms":{"trend":8,"breakout":38},"armR":{"trend":0.168,"breakout":-0.13}}
{"ts":"2025-10-13 06:17:41","evt":"hb","src":"RT","state":"active","rt_fresh":true,"dayR":0.0,"weekR":0.0,"week_halted":false,"pos":2,"avg":6676.67,"bars":377,"consec_losses":0,"equity":30000.0,"equity_hwm":30000.0,"suggest_qty":2,"arms":{"trend":8,"breakout":38},"armR":{"trend":0.168,"breakout":-0.13}}
{"ts":"2025-10-13 06:17:41","evt":"hb","src":"RT","state":"active","rt_fresh":true,"dayR":0.0,"weekR":0.0,"week_halted":false,"pos":2,"avg":6676.67,"bars":378,"consec_losses":0,"equity":30000.0,"equity_hwm":30000.0,"suggest_qty":2,"arms":{"trend":8,"breakout":38},"armR":{"trend":0.168,"breakout":-0.13}}
{"ts":"2025-10-13 06:17:42","evt":"hb","src":"RT","state":"active","rt_fresh":true,"dayR":0.0,"weekR":0.0,"week_halted":false,"pos":2,"avg":6676.67,"bars":378,"consec_losses":0,"equity":30000.0,"equity_hwm":30000.0,"suggest_qty":2,"arms":{"trend":8,"breakout":38},"armR":{"trend":0.168,"breakout":-0.13}}
{"ts":"2025-10-13 06:17:42","evt":"hb","src":"RT","state":"active","rt_fresh":true,"dayR":0.0,"weekR":0.0,"week_halted":false,"pos":2,"avg":6676.67,"bars":378,"consec_losses":0,"equity":30000.0,"equity_hwm":30000.0,"suggest_qty":2,"arms":{"trend":8,"breakout":38},"armR":{"trend":0.168,"breakout":-0.13}}
{"ts":"2025-10-13 06:17:43","evt":"hb","src":"RT","state":"active","rt_fresh":true,"dayR":0.0,"weekR":0.0,"week_halted":false,"pos":2,"avg":6676.67,"bars":378,"consec_losses":0,"equity":30000.0,"equity_hwm":30000.0,"suggest_qty":2,"arms":{"trend":8,"breakout":38},"armR":{"trend":0.168,"breakout":-0.13}}
{"ts":"2025-10-13 06:17:43","evt":"hb","src":"RT","state":"active","rt_fresh":true,"dayR":0.0,"weekR":0.0,"week_halted":false,"pos":2,"avg":6676.67,"bars":378,"consec_losses":0,"equity":30000.0,"equity_hwm":30000.0,"suggest_qty":2,"arms":{"trend":8,"breakout":38},"armR":{"trend":0.168,"breakout":-0.13}}
{"ts":"2025-10-13 06:17:44","evt":"hb","src":"RT","state":"active","rt_fresh":true,"dayR":0.0,"weekR":0.0,"week_halted":false,"pos":2,"avg":6676.67,"bars":378,"consec_losses":0,"equity":30000.0,"equity_hwm":30000.0,"suggest_qty":2,"arms":{"trend":8,"breakout":38},"armR":{"trend":0.168,"breakout":-0.13}}
{"ts":"2025-10-13 06:17:44","evt":"hb","src":"RT","state":"active","rt_fresh":true,"dayR":0.0,"weekR":0.0,"week_halted":false,"pos":2,"avg":6676.67,"bars":378,"consec_losses":0,"equity":30000.0,"equity_hwm":30000.0,"suggest_qty":2,"arms":{"trend":8,"breakout":38},"armR":{"trend":0.168,"breakout":-0.13}}
{"ts":"2025-10-13 06:17:45","evt":"hb","src":"RT","state":"active","rt_fresh":true,"dayR":0.0,"weekR":0.0,"week_halted":false,"pos":2,"avg":6676.67,"bars":378,"consec_losses":0,"equity":30000.0,"equity_hwm":30000.0,"suggest_qty":2,"arms":{"trend":8,"breakout":38},"armR":{"trend":0.168,"breakout":-0.13}}
{"ts":"2025-10-13 06:17:46","evt":"hb","src":"RT","state":"active","rt_fresh":true,"dayR":0.0,"weekR":0.0,"week_halted":false,"pos":2,"avg":6676.67,"bars":378,"consec_losses":0,"equity":30000.0,"equity_hwm":30000.0,"suggest_qty":2,"arms":{"trend":8,"breakout":38},"armR":{"trend":0.168,"breakout":-0.13}}
{"ts":"2025-10-13 06:17:46","evt":"hb","src":"RT","state":"active","rt_fresh":true,"dayR":0.0,"weekR":0.0,"week_halted":false,"pos":2,"avg":6676.67,"bars":379,"consec_losses":0,"equity":30000.0,"equity_hwm":30000.0,"suggest_qty":2,"arms":{"trend":8,"breakout":38},"armR":{"trend":0.168,"breakout":-0.13}}
{"ts":"2025-10-13 06:17:47","evt":"hb","src":"RT","state":"active","rt_fresh":true,"dayR":0.0,"weekR":0.0,"week_halted":false,"pos":2,"avg":6676.67,"bars":379,"consec_losses":0,"equity":30000.0,"equity_hwm":30000.0,"suggest_qty":2,"arms":{"trend":8,"breakout":38},"armR":{"trend":0.168,"breakout":-0.13}}
{"ts":"2025-10-13 06:17:47","evt":"hb","src":"RT","state":"active","rt_fresh":true,"dayR":0.0,"weekR":0.0,"week_halted":false,"pos":2,"avg":6676.67,"bars":379,"consec_losses":0,"equity":30000.0,"equity_hwm":30000.0,"suggest_qty":2,"arms":{"trend":8,"breakout":38},"armR":{"trend":0.168,"breakout":-0.13}}
{"ts":"2025-10-13 06:17:48","evt":"hb","src":"RT","state":"active","rt_fresh":true,"dayR":0.0,"weekR":0.0,"week_halted":false,"pos":2,"avg":6676.67,"bars":379,"consec_losses":0,"equity":30000.0,"equity_hwm":30000.0,"suggest_qty":2,"arms":{"trend":8,"breakout":38},"armR":{"trend":0.168,"breakout":-0.13}}
{"ts":"2025-10-13 06:17:48","evt":"hb","src":"RT","state":"active","rt_fresh":true,"dayR":0.0,"weekR":0.0,"week_halted":false,"pos":2,"avg":6676.67,"bars":379,"consec_losses":0,"equity":30000.0,"equity_hwm":30000.0,"suggest_qty":2,"arms":{"trend":8,"breakout":38},"armR":{"trend":0.168,"breakout":-0.13}}
{"ts":"2025-10-13 06:17:49","evt":"hb","src":"RT","state":"active","rt_fresh":true,"dayR":0.0,"weekR":0.0,"week_halted":false,"pos":2,"avg":6676.67,"bars":379,"consec_losses":0,"equity":30000.0,"equity_hwm":30000.0,"suggest_qty":2,"arms":{"trend":8,"breakout":38},"armR":{"trend":0.168,"breakout":-0.13}}
{"ts":"2025-10-13 06:17:49","evt":"hb","src":"RT","state":"active","rt_fresh":true,"dayR":0.0,"weekR":0.0,"week_halted":false,"pos":2,"avg":6676.67,"bars":379,"consec_losses":0,"equity":30000.0,"equity_hwm":30000.0,"suggest_qty":2,"arms":{"trend":8,"breakout":38},"armR":{"trend":0.168,"breakout":-0.13}}
{"ts":"2025-10-13 06:17:50","evt":"hb","src":"RT","state":"active","rt_fresh":true,"dayR":0.0,"weekR":0.0,"week_halted":false,"pos":2,"avg":6676.67,"bars":379,"consec_losses":0,"equity":30000.0,"equity_hwm":30000.0,"suggest_qty":2,"arms":{"trend":8,"breakout":38},"armR":{"trend":0.168,"breakout":-0.13}}
{"ts":"2025-10-13 06:17:50","evt":"hb","src":"RT","state":"active","rt_fresh":true,"dayR":0.0,"weekR":0.0,"week_halted":false,"pos":2,"avg":6676.67,"bars":379,"consec_losses":0,"equity":30000.0,"equity_hwm":30000.0,"suggest_qty":2,"arms":{"trend":8,"breakout":38},"armR":{"trend":0.168,"breakout":-0.13}}
{"ts":"2025-10-13 06:17:51","evt":"hb","src":"RT","state":"active","rt_fresh":true,"dayR":0.0,"weekR":0.0,"week_halted":false,"pos":2,"avg":6676.67,"bars":379,"consec_losses":0,"equity":30000.0,"equity_hwm":30000.0,"suggest_qty":2,"arms":{"trend":8,"breakout":38},"armR":{"trend":0.168,"breakout":-0.13}}
{"ts":"2025-10-13 06:17:51","evt":"hb","src":"RT","state":"active","rt_fresh":true,"dayR":0.0,"weekR":0.0,"week_halted":false,"pos":2,"avg":6676.67,"bars":380,"consec_losses":0,"equity":30000.0,"equity_hwm":30000.0,"suggest_qty":2,"arms":{"trend":8,"breakout":38},"armR":{"trend":0.168,"breakout":-0.13}}
{"ts":"2025-10-13 06:17:52","evt":"hb","src":"RT","state":"active","rt_fresh":true,"dayR":0.0,"weekR":0.0,"week_halted":false,"pos":2,"avg":6676.67,"bars":380,"consec_losses":0,"equity":30000.0,"equity_hwm":30000.0,"suggest_qty":2,"arms":{"trend":8,"breakout":38},"armR":{"trend":0.168,"breakout":-0.13}}
{"ts":"2025-10-13 06:17:52","evt":"hb","src":"RT","state":"active","rt_fresh":true,"dayR":0.0,"weekR":0.0,"week_halted":false,"pos":2,"avg":6676.67,"bars":380,"consec_losses":0,"equity":30000.0,"equity_hwm":30000.0,"suggest_qty":2,"arms":{"trend":8,"breakout":38},"armR":{"trend":0.168,"breakout":-0.13}}
{"ts":"2025-10-13 06:17:53","evt":"hb","src":"RT","state":"active","rt_fresh":true,"dayR":0.0,"weekR":0.0,"week_halted":false,"pos":2,"avg":6676.67,"bars":380,"consec_losses":0,"equity":30000.0,"equity_hwm":30000.0,"suggest_qty":2,"arms":{"trend":8,"breakout":38},"armR":{"trend":0.168,"breakout":-0.13}}
{"ts":"2025-10-13 06:17:53","evt":"hb","src":"RT","state":"active","rt_fresh":true,"dayR":0.0,"weekR":0.0,"week_halted":false,"pos":2,"avg":6676.67,"bars":380,"consec_losses":0,"equity":30000.0,"equity_hwm":30000.0,"suggest_qty":2,"arms":{"trend":8,"breakout":38},"armR":{"trend":0.168,"breakout":-0.13}}
{"ts":"2025-10-13 06:17:54","evt":"hb","src":"RT","state":"active","rt_fresh":true,"dayR":0.0,"weekR":0.0,"week_halted":false,"pos":2,"avg":6676.67,"bars":380,"consec_losses":0,"equity":30000.0,"equity_hwm":30000.0,"suggest_qty":2,"arms":{"trend":8,"breakout":38},"armR":{"trend":0.168,"breakout":-0.13}}
{"ts":"2025-10-13 06:17:54","evt":"hb","src":"RT","state":"active","rt_fresh":true,"dayR":0.0,"weekR":0.0,"week_halted":false,"pos":2,"avg":6676.67,"bars":380,"consec_losses":0,"equity":30000.0,"equity_hwm":30000.0,"suggest_qty":2,"arms":{"trend":8,"breakout":38},"armR":{"trend":0.168,"breakout":-0.13}}
{"ts":"2025-10-13 06:17:55","evt":"hb","src":"RT","state":"active","rt_fresh":true,"dayR":0.0,"weekR":0.0,"week_halted":false,"pos":2,"avg":6676.67,"bars":380,"consec_losses":0,"equity":30000.0,"equity_hwm":30000.0,"suggest_qty":2,"arms":{"trend":8,"breakout":38},"armR":{"trend":0.168,"breakout":-0.13}}
{"ts":"2025-10-13 06:17:55","evt":"hb","src":"RT","state":"active","rt_fresh":true,"dayR":0.0,"weekR":0.0,"week_halted":false,"pos":2,"avg":6676.67,"bars":380,"consec_losses":0,"equity":30000.0,"equity_hwm":30000.0,"suggest_qty":2,"arms":{"trend":8,"breakout":38},"armR":{"trend":0.168,"breakout":-0.13}}
{"ts":"2025-10-13 06:17:56","evt":"hb","src":"RT","state":"active","rt_fresh":true,"dayR":0.0,"weekR":0.0,"week_halted":false,"pos":2,"avg":6676.67,"bars":380,"consec_losses":0,"equity":30000.0,"equity_hwm":30000.0,"suggest_qty":2,"arms":{"trend":8,"breakout":38},"armR":{"trend":0.168,"breakout":-0.13}}
{"ts":"2025-10-13 06:17:56","evt":"hb","src":"RT","state":"active","rt_fresh":true,"dayR":0.0,"weekR":0.0,"week_halted":false,"pos":2,"avg":6676.67,"bars":381,"consec_losses":0,"equity":30000.0,"equity_hwm":30000.0,"suggest_qty":2,"arms":{"trend":8,"breakout":38},"armR":{"trend":0.168,"breakout":-0.13}}
{"ts":"2025-10-13 06:17:57","evt":"hb","src":"RT","state":"active","rt_fresh":true,"dayR":0.0,"weekR":0.0,"week_halted":false,"pos":2,"avg":6676.67,"bars":381,"consec_losses":0,"equity":30000.0,"equity_hwm":30000.0,"suggest_qty":2,"arms":{"trend":8,"breakout":38},"armR":{"trend":0.168,"breakout":-0.13}}
{"ts":"2025-10-13 06:17:57","evt":"hb","src":"RT","state":"active","rt_fresh":true,"dayR":0.0,"weekR":0.0,"week_halted":false,"pos":2,"avg":6676.67,"bars":381,"consec_losses":0,"equity":30000.0,"equity_hwm":30000.0,"suggest_qty":2,"arms":{"trend":8,"breakout":38},"armR":{"trend":0.168,"breakout":-0.13}}
{"ts":"2025-10-13 06:17:58","evt":"hb","src":"RT","state":"active","rt_fresh":true,"dayR":0.0,"weekR":0.0,"week_halted":false,"pos":2,"avg":6676.67,"bars":381,"consec_losses":0,"equity":30000.0,"equity_hwm":30000.0,"suggest_qty":2,"arms":{"trend":8,"breakout":38},"armR":{"trend":0.168,"breakout":-0.13}}
{"ts":"2025-10-13 06:17:58","evt":"hb","src":"RT","state":"active","rt_fresh":true,"dayR":0.0,"weekR":0.0,"week_halted":false,"pos":2,"avg":6676.67,"bars":381,"consec_losses":0,"equity":30000.0,"equity_hwm":30000.0,"suggest_qty":2,"arms":{"trend":8,"breakout":38},"armR":{"trend":0.168,"breakout":-0.13}}
{"ts":"2025-10-13 06:17:59","evt":"hb","src":"RT","state":"active","rt_fresh":true,"dayR":0.0,"weekR":0.0,"week_halted":false,"pos":2,"avg":6676.67,"bars":381,"consec_losses":0,"equity":30000.0,"equity_hwm":30000.0,"suggest_qty":2,"arms":{"trend":8,"breakout":38},"armR":{"trend":0.168,"breakout":-0.13}}
{"ts":"2025-10-13 06:17:59","evt":"hb","src":"RT","state":"active","rt_fresh":true,"dayR":0.0,"weekR":0.0,"week_halted":false,"pos":2,"avg":6676.67,"bars":381,"consec_losses":0,"equity":30000.0,"equity_hwm":30000.0,"suggest_qty":2,"arms":{"trend":8,"breakout":38},"armR":{"trend":0.168,"breakout":-0.13}}
{"ts":"2025-10-13 06:18:00","evt":"hb","src":"RT","state":"active","rt_fresh":true,"dayR":0.0,"weekR":0.0,"week_halted":false,"pos":2,"avg":6676.67,"bars":381,"consec_losses":0,"equity":30000.0,"equity_hwm":30000.0,"suggest_qty":2,"arms":{"trend":8,"breakout":38},"armR":{"trend":0.168,"breakout":-0.13}}
{"ts":"2025-10-13 06:18:00","evt":"hb","src":"RT","state":"active","rt_fresh":true,"dayR":0.0,"weekR":0.0,"week_halted":false,"pos":2,"avg":6676.67,"bars":381,"consec_losses":0,"equity":30000.0,"equity_hwm":30000.0,"suggest_qty":2,"arms":{"trend":8,"breakout":38},"armR":{"trend":0.168,"breakout":-0.13}}
