
[2025-10-10 10:58:00] CMD: C:\Users\owner\AppData\Local\Programs\Python\Python313\python.exe -X faulthandler -u C:\Users\owner\Desktop\es_futures_backtester\paper_trader.py --local-symbol ESZ5 --host 127.0.0.1 --port 7497 --clientId 111 --symbol ES --auto-front-month --entry-slippage-ticks 2 --atomic-bracket --qty 1 --risk-ticks 12 --tick-size 0.25 --tp-R 1.0 --enable-arms trend,breakout --gate-adx 19 --gate-bbbw 0.00020 --gate-atrp 0.000055 --min-hold-sec 60 --breakeven-after-R 2.2 --trail-atr-mult 3.2 --trail-delay-sec 240 --trail-on-bar-close --max-trades-per-day 12 --day-loss-cap-R 3 --strategy-cooldown-sec 150 --trade-start-ct 00:00 --trade-end-ct 23:59 --tif GTC --outsideRth --require-new-bar-after-start --startup-delay-sec 10 --debounce-one-bar --duration 1D --connect-timeout-sec 300 --timeout-sec 300 --bandit meta --bandit-state .\data\learn\bandit_state.json --learn-log --learn-log-dir .\logs\learn --decay-half-life-trades 400 --meta-eta 0.2 --switching-cost 0.05 --ph-delta 0.002 --ph-lambda 0.98 --poll-hist-when-no-rt --poll-interval-sec 10 --place-orders -v
[2025-10-10 10:58:05] [WD] hb uptime=5s restarts=0 child_alive=True
[2025-10-10 10:58:10] [WD] hb uptime=10s restarts=0 child_alive=True
[2025-10-10 10:58:15] [WD] hb uptime=15s restarts=0 child_alive=True
[2025-10-10 10:58:20] [WD] hb uptime=20s restarts=0 child_alive=True
[2025-10-10 10:58:25] [WD] hb uptime=25s restarts=0 child_alive=True
[2025-10-10 10:58:30] [WD] hb uptime=30s restarts=0 child_alive=True
[2025-10-10 10:58:35] [WD] hb uptime=35s restarts=0 child_alive=True
[2025-10-10 10:58:40] [WD] hb uptime=40s restarts=0 child_alive=True
[2025-10-10 10:58:45] [WD] hb uptime=45s restarts=0 child_alive=True
[2025-10-10 10:58:50] [WD] hb uptime=50s restarts=0 child_alive=True
[2025-10-10 10:58:55] [WD] hb uptime=55s restarts=0 child_alive=True
[2025-10-10 10:59:00] [WD] hb uptime=60s restarts=0 child_alive=True
[2025-10-10 10:59:05] [WD] hb uptime=65s restarts=0 child_alive=True
[2025-10-10 10:59:10] [WD] hb uptime=70s restarts=0 child_alive=True
[2025-10-10 10:59:15] [WD] hb uptime=75s restarts=0 child_alive=True
[2025-10-10 10:59:20] [WD] hb uptime=80s restarts=0 child_alive=True
[2025-10-10 10:59:25] [WD] hb uptime=85s restarts=0 child_alive=True
[2025-10-10 10:59:30] [WD] hb uptime=90s restarts=0 child_alive=True
[2025-10-10 10:59:35] [WD] hb uptime=95s restarts=0 child_alive=True
[2025-10-10 10:59:40] [WD] hb uptime=100s restarts=0 child_alive=True
[2025-10-10 10:59:45] [WD] hb uptime=105s restarts=0 child_alive=True
[2025-10-10 10:59:50] [WD] hb uptime=110s restarts=0 child_alive=True
[2025-10-10 10:59:55] [WD] hb uptime=115s restarts=0 child_alive=True
[2025-10-10 11:00:00] [WD] hb uptime=120s restarts=0 child_alive=True
[2025-10-10 11:00:05] [WD] hb uptime=125s restarts=0 child_alive=True
[2025-10-10 11:00:10] [WD] hb uptime=130s restarts=0 child_alive=True
[2025-10-10 11:00:15] [WD] hb uptime=135s restarts=0 child_alive=True
[2025-10-10 11:00:20] [WD] hb uptime=140s restarts=0 child_alive=True
[2025-10-10 11:00:25] [WD] hb uptime=145s restarts=0 child_alive=True
[2025-10-10 11:00:30] [WD] hb uptime=150s restarts=0 child_alive=True
[2025-10-10 11:00:35] [WD] hb uptime=155s restarts=0 child_alive=True
[2025-10-10 11:00:40] [WD] hb uptime=160s restarts=0 child_alive=True
[2025-10-10 11:00:45] [WD] hb uptime=165s restarts=0 child_alive=True
[2025-10-10 11:00:50] [WD] hb uptime=170s restarts=0 child_alive=True
[2025-10-10 11:00:55] [WD] hb uptime=175s restarts=0 child_alive=True
[2025-10-10 11:01:00] [WD] hb uptime=180s restarts=0 child_alive=True
[2025-10-10 11:01:05] [WD] hb uptime=185s restarts=0 child_alive=True
[2025-10-10 11:01:10] [WD] hb uptime=190s restarts=0 child_alive=True
[2025-10-10 11:01:15] [WD] hb uptime=195s restarts=0 child_alive=True
[2025-10-10 11:01:20] [WD] hb uptime=200s restarts=0 child_alive=True
[2025-10-10 11:01:25] [WD] hb uptime=205s restarts=0 child_alive=True
[2025-10-10 11:01:30] [WD] hb uptime=210s restarts=0 child_alive=True
[2025-10-10 11:01:35] [WD] hb uptime=215s restarts=0 child_alive=True
[2025-10-10 11:01:40] [WD] hb uptime=220s restarts=0 child_alive=True
[2025-10-10 11:01:45] [WD] hb uptime=225s restarts=0 child_alive=True
[2025-10-10 11:01:50] [WD] hb uptime=230s restarts=0 child_alive=True
[2025-10-10 11:01:55] [WD] hb uptime=235s restarts=0 child_alive=True
[2025-10-10 11:02:00] [WD] hb uptime=240s restarts=0 child_alive=True
[2025-10-10 11:02:06] [WD] hb uptime=245s restarts=0 child_alive=True
[2025-10-10 11:02:11] [WD] hb uptime=250s restarts=0 child_alive=True
[2025-10-10 11:02:16] [WD] hb uptime=255s restarts=0 child_alive=True
[2025-10-10 11:02:21] [WD] hb uptime=260s restarts=0 child_alive=True
[2025-10-10 11:02:26] [WD] hb uptime=265s restarts=0 child_alive=True
[2025-10-10 11:02:31] [WD] hb uptime=270s restarts=0 child_alive=True
[2025-10-10 11:02:36] [WD] hb uptime=275s restarts=0 child_alive=True
[2025-10-10 11:02:41] [WD] hb uptime=280s restarts=0 child_alive=True
[2025-10-10 11:02:46] [WD] hb uptime=285s restarts=0 child_alive=True
[2025-10-10 11:02:51] [WD] hb uptime=290s restarts=0 child_alive=True
[2025-10-10 11:02:56] [WD] hb uptime=295s restarts=0 child_alive=True
Starting ES paper bot...
[CONNECT] 127.0.0.1:7497 clientId=111
[CONNECT] Attempt 1/16 -> clientId=111
Error 326, reqId -1: Unable to connect as the client id is already in use. Retry with a unique client id.
Peer closed connection. clientId 111 already in use?
API connection failed: TimeoutError()
ERROR [CONNECT] Unhandled failure: TimeoutError()
[2025-10-10 11:03:01] EXIT CODE: 0
[2025-10-10 11:03:01] [WD] hb uptime=300s restarts=1 child_alive=False
[2025-10-10 11:03:06] [WD] hb uptime=305s restarts=1 child_alive=False

[2025-10-10 11:03:11] CMD: C:\Users\owner\AppData\Local\Programs\Python\Python313\python.exe -X faulthandler -u C:\Users\owner\Desktop\es_futures_backtester\paper_trader.py --local-symbol ESZ5 --host 127.0.0.1 --port 7497 --clientId 111 --symbol ES --auto-front-month --entry-slippage-ticks 2 --atomic-bracket --qty 1 --risk-ticks 12 --tick-size 0.25 --tp-R 1.0 --enable-arms trend,breakout --gate-adx 19 --gate-bbbw 0.00020 --gate-atrp 0.000055 --min-hold-sec 60 --breakeven-after-R 2.2 --trail-atr-mult 3.2 --trail-delay-sec 240 --trail-on-bar-close --max-trades-per-day 12 --day-loss-cap-R 3 --strategy-cooldown-sec 150 --trade-start-ct 00:00 --trade-end-ct 23:59 --tif GTC --outsideRth --require-new-bar-after-start --startup-delay-sec 10 --debounce-one-bar --duration 1D --connect-timeout-sec 300 --timeout-sec 300 --bandit meta --bandit-state .\data\learn\bandit_state.json --learn-log --learn-log-dir .\logs\learn --decay-half-life-trades 400 --meta-eta 0.2 --switching-cost 0.05 --ph-delta 0.002 --ph-lambda 0.98 --poll-hist-when-no-rt --poll-interval-sec 10 --place-orders -v
[2025-10-10 11:03:11] [WD] hb uptime=310s restarts=1 child_alive=True
[2025-10-10 11:03:16] [WD] hb uptime=315s restarts=1 child_alive=True
[2025-10-10 11:03:21] [WD] hb uptime=320s restarts=1 child_alive=True
[2025-10-10 11:03:26] [WD] hb uptime=325s restarts=1 child_alive=True
[2025-10-10 11:03:31] [WD] hb uptime=330s restarts=1 child_alive=True
[2025-10-10 11:03:36] [WD] hb uptime=335s restarts=1 child_alive=True
[2025-10-10 11:03:41] [WD] hb uptime=340s restarts=1 child_alive=True
[2025-10-10 11:03:46] [WD] hb uptime=345s restarts=1 child_alive=True
[2025-10-10 11:03:51] [WD] hb uptime=350s restarts=1 child_alive=True
[2025-10-10 11:03:56] [WD] hb uptime=355s restarts=1 child_alive=True
[2025-10-10 11:04:01] [WD] hb uptime=360s restarts=1 child_alive=True
[2025-10-10 11:04:06] [WD] hb uptime=365s restarts=1 child_alive=True
[2025-10-10 11:04:11] [WD] hb uptime=370s restarts=1 child_alive=True
[2025-10-10 11:04:16] [WD] hb uptime=375s restarts=1 child_alive=True
Starting ES paper bot...
[CONNECT] 127.0.0.1:7497 clientId=111
[CONNECT] Attempt 1/16 -> clientId=111
Error 326, reqId -1: Unable to connect as the client id is already in use. Retry with a unique client id.
Peer closed connection. clientId 111 already in use?
[2025-10-10 11:04:21] EXIT CODE: 1
[2025-10-10 11:04:21] [WD] hb uptime=380s restarts=2 child_alive=False
