
[2025-10-08 18:24:44] CMD: C:\Users\owner\AppData\Local\Programs\Python\Python313\python.exe -X faulthandler -u C:\Users\owner\Desktop\es_futures_backtester\paper_trader.py ﻿--local-symbol ESZ5 --host 127.0.0.1 --port 7497 --clientId 111 --symbol ES --auto-front-month --entry-slippage-ticks 2 --atomic-bracket --qty 1 --risk-ticks 12 --tick-size 0.25 --tp-R 1.0 --enable-arms trend,breakout --gate-adx 19 --gate-bbbw 0.00020 --gate-atrp 0.000055 --min-hold-sec 60 --breakeven-after-R 2.2 --trail-atr-mult 3.2 --trail-delay-sec 240 --trail-on-bar-close --max-trades-per-day 12 --day-loss-cap-R 3 --strategy-cooldown-sec 150 --trade-start-ct 00:00 --trade-end-ct 23:59 --tif GTC --outsideRth --require-new-bar-after-start --startup-delay-sec 10 --debounce-one-bar --duration "1 D" --connect-timeout-sec 300 --timeout-sec 300 --chooser bandit_hybrid --bandit ucb --bandit-state .\data\learn\bandit_state.json --learn-log --learn-log-dir .\logs\learn --place-orders -v --poll-hist-when-no-rt --poll-interval-sec 10
usage: paper_trader.py [-h] [--host HOST] [--port PORT] [--clientId CLIENTID]
                       [--symbol SYMBOL] [--local-symbol LOCAL_SYMBOL]
                       [--auto-front-month]
                       [--entry-slippage-ticks ENTRY_SLIPPAGE_TICKS]
                       [--atomic-bracket] [--place-orders] [--qty QTY]
                       [--risk-ticks RISK_TICKS] [--tick-size TICK_SIZE]
                       [--tp-R TP_R] [--enable-arms ENABLE_ARMS]
                       [--gate-adx GATE_ADX] [--gate-bbbw GATE_BBBW]
                       [--gate-atrp GATE_ATRP] [--min-hold-sec MIN_HOLD_SEC]
                       [--breakeven-after-R BREAKEVEN_AFTER_R]
                       [--trail-atr-mult TRAIL_ATR_MULT]
                       [--trail-delay-sec TRAIL_DELAY_SEC]
                       [--trail-on-bar-close]
                       [--max-trades-per-day MAX_TRADES_PER_DAY]
                       [--day-loss-cap-R DAY_LOSS_CAP_R]
                       [--strategy-cooldown-sec STRATEGY_COOLDOWN_SEC]
                       [--trade-start-ct TRADE_START_CT]
                       [--trade-end-ct TRADE_END_CT] [--tif TIF]
                       [--outsideRth] [--require-new-bar-after-start]
                       [--startup-delay-sec STARTUP_DELAY_SEC]
                       [--debounce-one-bar] [--duration DURATION]
                       [--connect-timeout-sec CONNECT_TIMEOUT_SEC]
                       [--timeout-sec TIMEOUT_SEC] [--force-delayed]
                       [--poll-hist-when-no-rt]
                       [--poll-interval-sec POLL_INTERVAL_SEC]
                       [--bandit {meta,linucb,ts,ucb_tuned,exp3,fixed}]
                       [--bandit-state BANDIT_STATE] [--learn-log]
                       [--learn-log-dir LEARN_LOG_DIR] [--sample-action]
                       [--decay-half-life-trades DECAY_HALF_LIFE_TRADES]
                       [--meta-eta META_ETA] [--switching-cost SWITCHING_COST]
                       [--ph-delta PH_DELTA] [--ph-lambda PH_LAMBDA]
                       [--allow-live] [-v]
paper_trader.py: error: argument --bandit: invalid choice: 'ucb' (choose from meta, linucb, ts, ucb_tuned, exp3, fixed)
[2025-10-08 18:24:44] EXIT CODE: 2
[2025-10-08 18:24:49] [WD] hb uptime=5s restarts=1 child_alive=False
[2025-10-08 18:24:54] [WD] hb uptime=10s restarts=1 child_alive=False

[2025-10-08 18:24:54] CMD: C:\Users\owner\AppData\Local\Programs\Python\Python313\python.exe -X faulthandler -u C:\Users\owner\Desktop\es_futures_backtester\paper_trader.py ﻿--local-symbol ESZ5 --host 127.0.0.1 --port 7497 --clientId 111 --symbol ES --auto-front-month --entry-slippage-ticks 2 --atomic-bracket --qty 1 --risk-ticks 12 --tick-size 0.25 --tp-R 1.0 --enable-arms trend,breakout --gate-adx 19 --gate-bbbw 0.00020 --gate-atrp 0.000055 --min-hold-sec 60 --breakeven-after-R 2.2 --trail-atr-mult 3.2 --trail-delay-sec 240 --trail-on-bar-close --max-trades-per-day 12 --day-loss-cap-R 3 --strategy-cooldown-sec 150 --trade-start-ct 00:00 --trade-end-ct 23:59 --tif GTC --outsideRth --require-new-bar-after-start --startup-delay-sec 10 --debounce-one-bar --duration "1 D" --connect-timeout-sec 300 --timeout-sec 300 --chooser bandit_hybrid --bandit ucb --bandit-state .\data\learn\bandit_state.json --learn-log --learn-log-dir .\logs\learn --place-orders -v --poll-hist-when-no-rt --poll-interval-sec 10
usage: paper_trader.py [-h] [--host HOST] [--port PORT] [--clientId CLIENTID]
                       [--symbol SYMBOL] [--local-symbol LOCAL_SYMBOL]
                       [--auto-front-month]
                       [--entry-slippage-ticks ENTRY_SLIPPAGE_TICKS]
                       [--atomic-bracket] [--place-orders] [--qty QTY]
                       [--risk-ticks RISK_TICKS] [--tick-size TICK_SIZE]
                       [--tp-R TP_R] [--enable-arms ENABLE_ARMS]
                       [--gate-adx GATE_ADX] [--gate-bbbw GATE_BBBW]
                       [--gate-atrp GATE_ATRP] [--min-hold-sec MIN_HOLD_SEC]
                       [--breakeven-after-R BREAKEVEN_AFTER_R]
                       [--trail-atr-mult TRAIL_ATR_MULT]
                       [--trail-delay-sec TRAIL_DELAY_SEC]
                       [--trail-on-bar-close]
                       [--max-trades-per-day MAX_TRADES_PER_DAY]
                       [--day-loss-cap-R DAY_LOSS_CAP_R]
                       [--strategy-cooldown-sec STRATEGY_COOLDOWN_SEC]
                       [--trade-start-ct TRADE_START_CT]
                       [--trade-end-ct TRADE_END_CT] [--tif TIF]
                       [--outsideRth] [--require-new-bar-after-start]
                       [--startup-delay-sec STARTUP_DELAY_SEC]
                       [--debounce-one-bar] [--duration DURATION]
                       [--connect-timeout-sec CONNECT_TIMEOUT_SEC]
                       [--timeout-sec TIMEOUT_SEC] [--force-delayed]
                       [--poll-hist-when-no-rt]
                       [--poll-interval-sec POLL_INTERVAL_SEC]
                       [--bandit {meta,linucb,ts,ucb_tuned,exp3,fixed}]
                       [--bandit-state BANDIT_STATE] [--learn-log]
                       [--learn-log-dir LEARN_LOG_DIR] [--sample-action]
                       [--decay-half-life-trades DECAY_HALF_LIFE_TRADES]
                       [--meta-eta META_ETA] [--switching-cost SWITCHING_COST]
                       [--ph-delta PH_DELTA] [--ph-lambda PH_LAMBDA]
                       [--allow-live] [-v]
paper_trader.py: error: argument --bandit: invalid choice: 'ucb' (choose from meta, linucb, ts, ucb_tuned, exp3, fixed)
[2025-10-08 18:24:55] EXIT CODE: 2
[2025-10-08 18:24:59] [WD] hb uptime=15s restarts=2 child_alive=False
[2025-10-08 18:25:04] [WD] hb uptime=20s restarts=2 child_alive=False

[2025-10-08 18:25:05] CMD: C:\Users\owner\AppData\Local\Programs\Python\Python313\python.exe -X faulthandler -u C:\Users\owner\Desktop\es_futures_backtester\paper_trader.py ﻿--local-symbol ESZ5 --host 127.0.0.1 --port 7497 --clientId 111 --symbol ES --auto-front-month --entry-slippage-ticks 2 --atomic-bracket --qty 1 --risk-ticks 12 --tick-size 0.25 --tp-R 1.0 --enable-arms trend,breakout --gate-adx 19 --gate-bbbw 0.00020 --gate-atrp 0.000055 --min-hold-sec 60 --breakeven-after-R 2.2 --trail-atr-mult 3.2 --trail-delay-sec 240 --trail-on-bar-close --max-trades-per-day 12 --day-loss-cap-R 3 --strategy-cooldown-sec 150 --trade-start-ct 00:00 --trade-end-ct 23:59 --tif GTC --outsideRth --require-new-bar-after-start --startup-delay-sec 10 --debounce-one-bar --duration "1 D" --connect-timeout-sec 300 --timeout-sec 300 --chooser bandit_hybrid --bandit ucb --bandit-state .\data\learn\bandit_state.json --learn-log --learn-log-dir .\logs\learn --place-orders -v --poll-hist-when-no-rt --poll-interval-sec 10
usage: paper_trader.py [-h] [--host HOST] [--port PORT] [--clientId CLIENTID]
                       [--symbol SYMBOL] [--local-symbol LOCAL_SYMBOL]
                       [--auto-front-month]
                       [--entry-slippage-ticks ENTRY_SLIPPAGE_TICKS]
                       [--atomic-bracket] [--place-orders] [--qty QTY]
                       [--risk-ticks RISK_TICKS] [--tick-size TICK_SIZE]
                       [--tp-R TP_R] [--enable-arms ENABLE_ARMS]
                       [--gate-adx GATE_ADX] [--gate-bbbw GATE_BBBW]
                       [--gate-atrp GATE_ATRP] [--min-hold-sec MIN_HOLD_SEC]
                       [--breakeven-after-R BREAKEVEN_AFTER_R]
                       [--trail-atr-mult TRAIL_ATR_MULT]
                       [--trail-delay-sec TRAIL_DELAY_SEC]
                       [--trail-on-bar-close]
                       [--max-trades-per-day MAX_TRADES_PER_DAY]
                       [--day-loss-cap-R DAY_LOSS_CAP_R]
                       [--strategy-cooldown-sec STRATEGY_COOLDOWN_SEC]
                       [--trade-start-ct TRADE_START_CT]
                       [--trade-end-ct TRADE_END_CT] [--tif TIF]
                       [--outsideRth] [--require-new-bar-after-start]
                       [--startup-delay-sec STARTUP_DELAY_SEC]
                       [--debounce-one-bar] [--duration DURATION]
                       [--connect-timeout-sec CONNECT_TIMEOUT_SEC]
                       [--timeout-sec TIMEOUT_SEC] [--force-delayed]
                       [--poll-hist-when-no-rt]
                       [--poll-interval-sec POLL_INTERVAL_SEC]
                       [--bandit {meta,linucb,ts,ucb_tuned,exp3,fixed}]
                       [--bandit-state BANDIT_STATE] [--learn-log]
                       [--learn-log-dir LEARN_LOG_DIR] [--sample-action]
                       [--decay-half-life-trades DECAY_HALF_LIFE_TRADES]
                       [--meta-eta META_ETA] [--switching-cost SWITCHING_COST]
                       [--ph-delta PH_DELTA] [--ph-lambda PH_LAMBDA]
                       [--allow-live] [-v]
paper_trader.py: error: argument --bandit: invalid choice: 'ucb' (choose from meta, linucb, ts, ucb_tuned, exp3, fixed)
[2025-10-08 18:25:05] EXIT CODE: 2
[2025-10-08 18:25:09] [WD] hb uptime=25s restarts=3 child_alive=False
