
[2025-10-10 10:51:25] CMD: C:\Users\owner\AppData\Local\Programs\Python\Python313\python.exe -X faulthandler -u C:\Users\owner\Desktop\es_futures_backtester\paper_trader.py --local-symbol ESZ5 --host 127.0.0.1 --port 7497 --clientId 111 --symbol ES --auto-front-month --entry-slippage-ticks 2 --atomic-bracket --qty 1 --risk-ticks 12 --tick-size 0.25 --tp-R 1.0 --enable-arms trend,breakout --gate-adx 19 --gate-bbbw 0.00020 --gate-atrp 0.000055 --min-hold-sec 60 --breakeven-after-R 2.2 --trail-atr-mult 3.2 --trail-delay-sec 240 --trail-on-bar-close --max-trades-per-day 12 --day-loss-cap-R 3 --strategy-cooldown-sec 150 --trade-start-ct 00:00 --trade-end-ct 23:59 --tif GTC --outsideRth --require-new-bar-after-start --startup-delay-sec 10 --debounce-one-bar --duration 1D --connect-timeout-sec 300 --timeout-sec 300 --bandit meta --bandit-state .\data\learn\bandit_state.json --learn-log --learn-log-dir .\logs\learn --decay-half-life-trades 400 --meta-eta 0.2 --switching-cost 0.05 --ph-delta 0.002 --ph-lambda 0.98 --poll-hist-when-no-rt --poll-interval-sec 10 --place-orders -v
[2025-10-10 10:51:30] [WD] hb uptime=5s restarts=0 child_alive=True
[2025-10-10 10:51:35] [WD] hb uptime=10s restarts=0 child_alive=True
[2025-10-10 10:51:40] [WD] hb uptime=15s restarts=0 child_alive=True
[2025-10-10 10:51:45] [WD] hb uptime=20s restarts=0 child_alive=True
[2025-10-10 10:51:50] [WD] hb uptime=25s restarts=0 child_alive=True
[2025-10-10 10:51:55] [WD] hb uptime=30s restarts=0 child_alive=True
[2025-10-10 10:52:00] [WD] hb uptime=35s restarts=0 child_alive=True
[2025-10-10 10:52:05] [WD] hb uptime=40s restarts=0 child_alive=True
[2025-10-10 10:52:10] [WD] hb uptime=45s restarts=0 child_alive=True
[2025-10-10 10:52:15] [WD] hb uptime=50s restarts=0 child_alive=True
[2025-10-10 10:52:20] [WD] hb uptime=55s restarts=0 child_alive=True
[2025-10-10 10:52:25] [WD] hb uptime=60s restarts=0 child_alive=True
[2025-10-10 10:52:30] [WD] hb uptime=65s restarts=0 child_alive=True
[2025-10-10 10:52:35] [WD] hb uptime=70s restarts=0 child_alive=True
[2025-10-10 10:52:40] [WD] hb uptime=75s restarts=0 child_alive=True
[2025-10-10 10:52:45] [WD] hb uptime=80s restarts=0 child_alive=True
[2025-10-10 10:52:50] [WD] hb uptime=85s restarts=0 child_alive=True
[2025-10-10 10:52:55] [WD] hb uptime=90s restarts=0 child_alive=True
[2025-10-10 10:53:00] [WD] hb uptime=95s restarts=0 child_alive=True
[2025-10-10 10:53:05] [WD] hb uptime=100s restarts=0 child_alive=True
[2025-10-10 10:53:10] [WD] hb uptime=105s restarts=0 child_alive=True
[2025-10-10 10:53:15] [WD] hb uptime=110s restarts=0 child_alive=True
[2025-10-10 10:53:20] [WD] hb uptime=115s restarts=0 child_alive=True
[2025-10-10 10:53:25] [WD] hb uptime=120s restarts=0 child_alive=True
[2025-10-10 10:53:30] [WD] hb uptime=125s restarts=0 child_alive=True
[2025-10-10 10:53:35] [WD] hb uptime=130s restarts=0 child_alive=True
[2025-10-10 10:53:40] [WD] hb uptime=135s restarts=0 child_alive=True
[2025-10-10 10:53:45] [WD] hb uptime=140s restarts=0 child_alive=True
[2025-10-10 10:53:50] [WD] hb uptime=145s restarts=0 child_alive=True
[2025-10-10 10:53:55] [WD] hb uptime=150s restarts=0 child_alive=True
[2025-10-10 10:54:00] [WD] hb uptime=155s restarts=0 child_alive=True
[2025-10-10 10:54:05] [WD] hb uptime=160s restarts=0 child_alive=True
[2025-10-10 10:54:10] [WD] hb uptime=165s restarts=0 child_alive=True
[2025-10-10 10:54:15] [WD] hb uptime=170s restarts=0 child_alive=True
[2025-10-10 10:54:20] [WD] hb uptime=175s restarts=0 child_alive=True
[2025-10-10 10:54:25] [WD] hb uptime=180s restarts=0 child_alive=True
[2025-10-10 10:54:30] [WD] hb uptime=185s restarts=0 child_alive=True
[2025-10-10 10:54:35] [WD] hb uptime=190s restarts=0 child_alive=True
[2025-10-10 10:54:40] [WD] hb uptime=195s restarts=0 child_alive=True
[2025-10-10 10:54:45] [WD] hb uptime=200s restarts=0 child_alive=True
[2025-10-10 10:54:50] [WD] hb uptime=205s restarts=0 child_alive=True
[2025-10-10 10:54:55] [WD] hb uptime=210s restarts=0 child_alive=True
[2025-10-10 10:55:00] [WD] hb uptime=215s restarts=0 child_alive=True
[2025-10-10 10:55:05] [WD] hb uptime=220s restarts=0 child_alive=True
[2025-10-10 10:55:10] [WD] hb uptime=225s restarts=0 child_alive=True
[2025-10-10 10:55:15] [WD] hb uptime=230s restarts=0 child_alive=True
[2025-10-10 10:55:20] [WD] hb uptime=235s restarts=0 child_alive=True
[2025-10-10 10:55:25] [WD] hb uptime=240s restarts=0 child_alive=True
[2025-10-10 10:55:30] [WD] hb uptime=245s restarts=0 child_alive=True
[2025-10-10 10:55:35] [WD] hb uptime=250s restarts=0 child_alive=True
[2025-10-10 10:55:40] [WD] hb uptime=255s restarts=0 child_alive=True
[2025-10-10 10:55:45] [WD] hb uptime=260s restarts=0 child_alive=True
[2025-10-10 10:55:51] [WD] hb uptime=265s restarts=0 child_alive=True
[2025-10-10 10:55:56] [WD] hb uptime=270s restarts=0 child_alive=True
[2025-10-10 10:56:01] [WD] hb uptime=275s restarts=0 child_alive=True
[2025-10-10 10:56:06] [WD] hb uptime=280s restarts=0 child_alive=True
[2025-10-10 10:56:11] [WD] hb uptime=285s restarts=0 child_alive=True
[2025-10-10 10:56:16] [WD] hb uptime=290s restarts=0 child_alive=True
[2025-10-10 10:56:21] [WD] hb uptime=295s restarts=0 child_alive=True
Starting ES paper bot...
[CONNECT] 127.0.0.1:7497 clientId=111
Error 326, reqId -1: Unable to connect as the client id is already in use. Retry with a unique client id.
Peer closed connection. clientId 111 already in use?
API connection failed: TimeoutError()
ERROR [CONNECT] Failed: TimeoutError()
[2025-10-10 10:56:25] EXIT CODE: 0
[2025-10-10 10:56:26] [WD] hb uptime=300s restarts=1 child_alive=False
[2025-10-10 10:56:31] [WD] hb uptime=305s restarts=1 child_alive=False

[2025-10-10 10:56:35] CMD: C:\Users\owner\AppData\Local\Programs\Python\Python313\python.exe -X faulthandler -u C:\Users\owner\Desktop\es_futures_backtester\paper_trader.py --local-symbol ESZ5 --host 127.0.0.1 --port 7497 --clientId 111 --symbol ES --auto-front-month --entry-slippage-ticks 2 --atomic-bracket --qty 1 --risk-ticks 12 --tick-size 0.25 --tp-R 1.0 --enable-arms trend,breakout --gate-adx 19 --gate-bbbw 0.00020 --gate-atrp 0.000055 --min-hold-sec 60 --breakeven-after-R 2.2 --trail-atr-mult 3.2 --trail-delay-sec 240 --trail-on-bar-close --max-trades-per-day 12 --day-loss-cap-R 3 --strategy-cooldown-sec 150 --trade-start-ct 00:00 --trade-end-ct 23:59 --tif GTC --outsideRth --require-new-bar-after-start --startup-delay-sec 10 --debounce-one-bar --duration 1D --connect-timeout-sec 300 --timeout-sec 300 --bandit meta --bandit-state .\data\learn\bandit_state.json --learn-log --learn-log-dir .\logs\learn --decay-half-life-trades 400 --meta-eta 0.2 --switching-cost 0.05 --ph-delta 0.002 --ph-lambda 0.98 --poll-hist-when-no-rt --poll-interval-sec 10 --place-orders -v
[2025-10-10 10:56:36] [WD] hb uptime=310s restarts=1 child_alive=True
[2025-10-10 10:56:41] [WD] hb uptime=315s restarts=1 child_alive=True
[2025-10-10 10:56:46] [WD] hb uptime=320s restarts=1 child_alive=True
[2025-10-10 10:56:51] [WD] hb uptime=325s restarts=1 child_alive=True
[2025-10-10 10:56:56] [WD] hb uptime=330s restarts=1 child_alive=True
[2025-10-10 10:57:01] [WD] hb uptime=335s restarts=1 child_alive=True
[2025-10-10 10:57:06] [WD] hb uptime=340s restarts=1 child_alive=True
[2025-10-10 10:57:11] [WD] hb uptime=345s restarts=1 child_alive=True
[2025-10-10 10:57:16] [WD] hb uptime=350s restarts=1 child_alive=True
[2025-10-10 10:57:21] [WD] hb uptime=355s restarts=1 child_alive=True
[2025-10-10 10:57:26] [WD] hb uptime=360s restarts=1 child_alive=True
[2025-10-10 10:57:31] [WD] hb uptime=365s restarts=1 child_alive=True
[2025-10-10 10:57:36] [WD] hb uptime=370s restarts=1 child_alive=True
[2025-10-10 10:57:41] [WD] hb uptime=375s restarts=1 child_alive=True
[2025-10-10 10:57:46] [WD] hb uptime=380s restarts=1 child_alive=True
[2025-10-10 10:57:51] [WD] hb uptime=385s restarts=1 child_alive=True
Starting ES paper bot...
[CONNECT] 127.0.0.1:7497 clientId=111
Error 326, reqId -1: Unable to connect as the client id is already in use. Retry with a unique client id.
Peer closed connection. clientId 111 already in use?
[2025-10-10 10:57:53] EXIT CODE: 1
