
[2025-10-09 18:58:52] CMD: C:\Users\owner\AppData\Local\Programs\Python\Python313\python.exe -X faulthandler -u C:\Users\owner\Desktop\es_futures_backtester\paper_trader.py --local-symbol ESZ5 --host 127.0.0.1 --port 7497 --clientId 111 --symbol ES --auto-front-month --entry-slippage-ticks 2 --atomic-bracket --qty 1 --risk-ticks 12 --tick-size 0.25 --tp-R 1.0 --enable-arms trend,breakout --gate-adx 19 --gate-bbbw 0.00020 --gate-atrp 0.000055 --min-hold-sec 60 --breakeven-after-R 2.2 --trail-atr-mult 3.2 --trail-delay-sec 240 --trail-on-bar-close --max-trades-per-day 12 --day-loss-cap-R 3 --strategy-cooldown-sec 150 --trade-start-ct 00:00 --trade-end-ct 23:59 --tif GTC --outsideRth --require-new-bar-after-start --startup-delay-sec 10 --debounce-one-bar --duration 1D --connect-timeout-sec 300 --timeout-sec 300 --bandit meta --bandit-state .\data\learn\bandit_state.json --learn-log --learn-log-dir .\logs\learn --decay-half-life-trades 400 --meta-eta 0.2 --switching-cost 0.05 --ph-delta 0.002 --ph-lambda 0.98 --poll-hist-when-no-rt --poll-interval-sec 10 --place-orders -v
[2025-10-09 18:58:57] [WD] hb uptime=5s restarts=0 child_alive=True
[2025-10-09 18:59:02] [WD] hb uptime=10s restarts=0 child_alive=True
[2025-10-09 18:59:07] [WD] hb uptime=15s restarts=0 child_alive=True
[2025-10-09 18:59:12] [WD] hb uptime=20s restarts=0 child_alive=True
[2025-10-09 18:59:17] [WD] hb uptime=25s restarts=0 child_alive=True
[2025-10-09 18:59:22] [WD] hb uptime=30s restarts=0 child_alive=True
[2025-10-09 18:59:27] [WD] hb uptime=35s restarts=0 child_alive=True
[2025-10-09 18:59:32] [WD] hb uptime=40s restarts=0 child_alive=True
Starting ES paper bot...
[CONNECT] 127.0.0.1:7497 clientId=111
Connected
[MD] Market data type set to LIVE (1)
[CONTRACT] Using localSymbol=ESZ5 conId=495512563 expiry=20251219
[BOOT] Hist seed: 361 bars
[MD] POLL appended bar 2025-10-09 18:59:00-05:00 close=6789.00 total=362
2025-10-09 18:59:03 INFO [HB] active | src=POLL dayR=0.00 open=0 tradesToday=0 bars=362 | arms=trend 0/0.00, breakout 0/0.00
2025-10-09 18:59:04 INFO [HB] active | src=RT dayR=0.00 open=0 tradesToday=0 bars=363 | arms=trend 0/0.00, breakout 0/0.00
2025-10-09 18:59:04 INFO [HB] active | src=RT dayR=0.00 open=0 tradesToday=0 bars=363 | arms=trend 0/0.00, breakout 0/0.00
2025-10-09 18:59:05 INFO [HB] active | src=RT dayR=0.00 open=0 tradesToday=0 bars=363 | arms=trend 0/0.00, breakout 0/0.00
2025-10-09 18:59:05 INFO [HB] active | src=RT dayR=0.00 open=0 tradesToday=0 bars=363 | arms=trend 0/0.00, breakout 0/0.00
2025-10-09 18:59:06 INFO [HB] active | src=RT dayR=0.00 open=0 tradesToday=0 bars=363 | arms=trend 0/0.00, breakout 0/0.00
2025-10-09 18:59:06 INFO [HB] active | src=RT dayR=0.00 open=0 tradesToday=0 bars=363 | arms=trend 0/0.00, breakout 0/0.00
2025-10-09 18:59:07 INFO [HB] active | src=RT dayR=0.00 open=0 tradesToday=0 bars=363 | arms=trend 0/0.00, breakout 0/0.00
2025-10-09 18:59:07 INFO [HB] active | src=RT dayR=0.00 open=0 tradesToday=0 bars=363 | arms=trend 0/0.00, breakout 0/0.00
2025-10-09 18:59:08 INFO [HB] active | src=RT dayR=0.00 open=0 tradesToday=0 bars=363 | arms=trend 0/0.00, breakout 0/0.00
2025-10-09 18:59:08 INFO [HB] active | src=RT dayR=0.00 open=0 tradesToday=0 bars=363 | arms=trend 0/0.00, breakout 0/0.00
2025-10-09 18:59:09 INFO [HB] active | src=RT dayR=0.00 open=0 tradesToday=0 bars=363 | arms=trend 0/0.00, breakout 0/0.00
2025-10-09 18:59:09 INFO [HB] active | src=RT dayR=0.00 open=0 tradesToday=0 bars=363 | arms=trend 0/0.00, breakout 0/0.00
2025-10-09 18:59:10 INFO [HB] active | src=RT dayR=0.00 open=0 tradesToday=0 bars=363 | arms=trend 0/0.00, breakout 0/0.00
2025-10-09 18:59:10 INFO [HB] active | src=RT dayR=0.00 open=0 tradesToday=0 bars=363 | arms=trend 0/0.00, breakout 0/0.00
2025-10-09 18:59:11 INFO [HB] active | src=RT dayR=0.00 open=0 tradesToday=0 bars=363 | arms=trend 0/0.00, breakout 0/0.00
2025-10-09 18:59:11 INFO [HB] active | src=RT dayR=0.00 open=0 tradesToday=0 bars=363 | arms=trend 0/0.00, breakout 0/0.00
2025-10-09 18:59:12 INFO [HB] active | src=RT dayR=0.00 open=0 tradesToday=0 bars=363 | arms=trend 0/0.00, breakout 0/0.00
2025-10-09 18:59:12 INFO [HB] active | src=RT dayR=0.00 open=0 tradesToday=0 bars=363 | arms=trend 0/0.00, breakout 0/0.00
2025-10-09 18:59:13 INFO [HB] active | src=RT dayR=0.00 open=0 tradesToday=0 bars=363 | arms=trend 0/0.00, breakout 0/0.00
2025-10-09 18:59:13 INFO [HB] active | src=RT dayR=0.00 open=0 tradesToday=0 bars=363 | arms=trend 0/0.00, breakout 0/0.00
2025-10-09 18:59:14 INFO [HB] active | src=RT dayR=0.00 open=0 tradesToday=0 bars=363 | arms=trend 0/0.00, breakout 0/0.00
2025-10-09 18:59:14 INFO [HB] active | src=RT dayR=0.00 open=0 tradesToday=0 bars=363 | arms=trend 0/0.00, breakout 0/0.00
2025-10-09 18:59:15 INFO [HB] active | src=RT dayR=0.00 open=0 tradesToday=0 bars=363 | arms=trend 0/0.00, breakout 0/0.00
2025-10-09 18:59:15 INFO [HB] active | src=RT dayR=0.00 open=0 tradesToday=0 bars=363 | arms=trend 0/0.00, breakout 0/0.00
2025-10-09 18:59:16 INFO [HB] active | src=RT dayR=0.00 open=0 tradesToday=0 bars=363 | arms=trend 0/0.00, breakout 0/0.00
2025-10-09 18:59:16 INFO [HB] active | src=RT dayR=0.00 open=0 tradesToday=0 bars=363 | arms=trend 0/0.00, breakout 0/0.00
2025-10-09 18:59:17 INFO [HB] active | src=RT dayR=0.00 open=0 tradesToday=0 bars=363 | arms=trend 0/0.00, breakout 0/0.00
2025-10-09 18:59:17 INFO [HB] active | src=RT dayR=0.00 open=0 tradesToday=0 bars=363 | arms=trend 0/0.00, breakout 0/0.00
2025-10-09 18:59:18 INFO [HB] active | src=RT dayR=0.00 open=0 tradesToday=0 bars=363 | arms=trend 0/0.00, breakout 0/0.00
2025-10-09 18:59:18 INFO [HB] active | src=RT dayR=0.00 open=0 tradesToday=0 bars=363 | arms=trend 0/0.00, breakout 0/0.00
2025-10-09 18:59:19 INFO [HB] active | src=RT dayR=0.00 open=0 tradesToday=0 bars=363 | arms=trend 0/0.00, breakout 0/0.00
2025-10-09 18:59:19 INFO [HB] active | src=RT dayR=0.00 open=0 tradesToday=0 bars=363 | arms=trend 0/0.00, breakout 0/0.00
2025-10-09 18:59:20 INFO [HB] active | src=RT dayR=0.00 open=0 tradesToday=0 bars=363 | arms=trend 0/0.00, breakout 0/0.00
2025-10-09 18:59:20 INFO [HB] active | src=RT dayR=0.00 open=0 tradesToday=0 bars=363 | arms=trend 0/0.00, breakout 0/0.00
2025-10-09 18:59:21 INFO [HB] active | src=RT dayR=0.00 open=0 tradesToday=0 bars=363 | arms=trend 0/0.00, breakout 0/0.00
2025-10-09 18:59:21 INFO [HB] active | src=RT dayR=0.00 open=0 tradesToday=0 bars=363 | arms=trend 0/0.00, breakout 0/0.00
2025-10-09 18:59:22 INFO [HB] active | src=RT dayR=0.00 open=0 tradesToday=0 bars=363 | arms=trend 0/0.00, breakout 0/0.00
2025-10-09 18:59:22 INFO [HB] active | src=RT dayR=0.00 open=0 tradesToday=0 bars=363 | arms=trend 0/0.00, breakout 0/0.00
2025-10-09 18:59:23 INFO [HB] active | src=RT dayR=0.00 open=0 tradesToday=0 bars=363 | arms=trend 0/0.00, breakout 0/0.00
2025-10-09 18:59:24 INFO [HB] active | src=RT dayR=0.00 open=0 tradesToday=0 bars=363 | arms=trend 0/0.00, breakout 0/0.00
[MD] POLL appended bar 2025-10-09 18:59:20-05:00 close=6789.00 total=364
2025-10-09 18:59:24 INFO [HB] active | src=POLL dayR=0.00 open=0 tradesToday=0 bars=364 | arms=trend 0/0.00, breakout 0/0.00
2025-10-09 18:59:25 INFO [HB] active | src=RT dayR=0.00 open=0 tradesToday=0 bars=365 | arms=trend 0/0.00, breakout 0/0.00
2025-10-09 18:59:25 INFO [HB] active | src=RT dayR=0.00 open=0 tradesToday=0 bars=365 | arms=trend 0/0.00, breakout 0/0.00
2025-10-09 18:59:26 INFO [HB] active | src=RT dayR=0.00 open=0 tradesToday=0 bars=365 | arms=trend 0/0.00, breakout 0/0.00
2025-10-09 18:59:26 INFO [HB] active | src=RT dayR=0.00 open=0 tradesToday=0 bars=365 | arms=trend 0/0.00, breakout 0/0.00
2025-10-09 18:59:27 INFO [HB] active | src=RT dayR=0.00 open=0 tradesToday=0 bars=365 | arms=trend 0/0.00, breakout 0/0.00
2025-10-09 18:59:27 INFO [HB] active | src=RT dayR=0.00 open=0 tradesToday=0 bars=365 | arms=trend 0/0.00, breakout 0/0.00
2025-10-09 18:59:28 INFO [HB] active | src=RT dayR=0.00 open=0 tradesToday=0 bars=365 | arms=trend 0/0.00, breakout 0/0.00
2025-10-09 18:59:28 INFO [HB] active | src=RT dayR=0.00 open=0 tradesToday=0 bars=365 | arms=trend 0/0.00, breakout 0/0.00
2025-10-09 18:59:29 INFO [HB] active | src=RT dayR=0.00 open=0 tradesToday=0 bars=365 | arms=trend 0/0.00, breakout 0/0.00
2025-10-09 18:59:29 INFO [HB] active | src=RT dayR=0.00 open=0 tradesToday=0 bars=365 | arms=trend 0/0.00, breakout 0/0.00
2025-10-09 18:59:30 INFO [HB] active | src=RT dayR=0.00 open=0 tradesToday=0 bars=365 | arms=trend 0/0.00, breakout 0/0.00
2025-10-09 18:59:30 INFO [HB] active | src=RT dayR=0.00 open=0 tradesToday=0 bars=365 | arms=trend 0/0.00, breakout 0/0.00
2025-10-09 18:59:31 INFO [HB] active | src=RT dayR=0.00 open=0 tradesToday=0 bars=365 | arms=trend 0/0.00, breakout 0/0.00
2025-10-09 18:59:31 INFO [HB] active | src=RT dayR=0.00 open=0 tradesToday=0 bars=365 | arms=trend 0/0.00, breakout 0/0.00
2025-10-09 18:59:32 INFO [HB] active | src=RT dayR=0.00 open=0 tradesToday=0 bars=365 | arms=trend 0/0.00, breakout 0/0.00
2025-10-09 18:59:32 INFO [HB] active | src=RT dayR=0.00 open=0 tradesToday=0 bars=365 | arms=trend 0/0.00, breakout 0/0.00
2025-10-09 18:59:33 INFO [HB] active | src=RT dayR=0.00 open=0 tradesToday=0 bars=365 | arms=trend 0/0.00, breakout 0/0.00
2025-10-09 18:59:33 INFO [HB] active | src=RT dayR=0.00 open=0 tradesToday=0 bars=365 | arms=trend 0/0.00, breakout 0/0.00
2025-10-09 18:59:34 INFO [HB] active | src=RT dayR=0.00 open=0 tradesToday=0 bars=365 | arms=trend 0/0.00, breakout 0/0.00
2025-10-09 18:59:34 INFO [HB] active | src=RT dayR=0.00 open=0 tradesToday=0 bars=365 | arms=trend 0/0.00, breakout 0/0.00
2025-10-09 18:59:35 INFO [HB] active | src=RT dayR=0.00 open=0 tradesToday=0 bars=365 | arms=trend 0/0.00, breakout 0/0.00
2025-10-09 18:59:35 INFO [HB] active | src=RT dayR=0.00 open=0 tradesToday=0 bars=365 | arms=trend 0/0.00, breakout 0/0.00
[2025-10-09 18:59:37] [WD] hb uptime=45s restarts=0 child_alive=True
[2025-10-09 18:59:42] [WD] hb uptime=50s restarts=0 child_alive=True
[2025-10-09 18:59:47] [WD] hb uptime=55s restarts=0 child_alive=True
[2025-10-09 18:59:52] [WD] hb uptime=60s restarts=0 child_alive=True
[2025-10-09 18:59:57] [WD] hb uptime=65s restarts=0 child_alive=True
[2025-10-09 19:00:03] [WD] hb uptime=70s restarts=0 child_alive=True
2025-10-09 18:59:36 INFO [HB] active | src=RT dayR=0.00 open=0 tradesToday=0 bars=365 | arms=trend 0/0.00, breakout 0/0.00
2025-10-09 18:59:36 INFO [HB] active | src=RT dayR=0.00 open=0 tradesToday=0 bars=365 | arms=trend 0/0.00, breakout 0/0.00
2025-10-09 18:59:37 INFO [HB] active | src=RT dayR=0.00 open=0 tradesToday=0 bars=365 | arms=trend 0/0.00, breakout 0/0.00
2025-10-09 18:59:37 INFO [HB] active | src=RT dayR=0.00 open=0 tradesToday=0 bars=365 | arms=trend 0/0.00, breakout 0/0.00
2025-10-09 18:59:38 INFO [HB] active | src=RT dayR=0.00 open=0 tradesToday=0 bars=365 | arms=trend 0/0.00, breakout 0/0.00
2025-10-09 18:59:38 INFO [HB] active | src=RT dayR=0.00 open=0 tradesToday=0 bars=365 | arms=trend 0/0.00, breakout 0/0.00
2025-10-09 18:59:39 INFO [HB] active | src=RT dayR=0.00 open=0 tradesToday=0 bars=365 | arms=trend 0/0.00, breakout 0/0.00
2025-10-09 18:59:39 INFO [HB] active | src=RT dayR=0.00 open=0 tradesToday=0 bars=365 | arms=trend 0/0.00, breakout 0/0.00
2025-10-09 18:59:40 INFO [HB] active | src=RT dayR=0.00 open=0 tradesToday=0 bars=365 | arms=trend 0/0.00, breakout 0/0.00
2025-10-09 18:59:40 INFO [HB] active | src=RT dayR=0.00 open=0 tradesToday=0 bars=365 | arms=trend 0/0.00, breakout 0/0.00
2025-10-09 18:59:41 INFO [HB] active | src=RT dayR=0.00 open=0 tradesToday=0 bars=365 | arms=trend 0/0.00, breakout 0/0.00
2025-10-09 18:59:41 INFO [HB] active | src=RT dayR=0.00 open=0 tradesToday=0 bars=365 | arms=trend 0/0.00, breakout 0/0.00
2025-10-09 18:59:42 INFO [HB] active | src=RT dayR=0.00 open=0 tradesToday=0 bars=365 | arms=trend 0/0.00, breakout 0/0.00
2025-10-09 18:59:42 INFO [HB] active | src=RT dayR=0.00 open=0 tradesToday=0 bars=365 | arms=trend 0/0.00, breakout 0/0.00
2025-10-09 18:59:43 INFO [HB] active | src=RT dayR=0.00 open=0 tradesToday=0 bars=365 | arms=trend 0/0.00, breakout 0/0.00
2025-10-09 18:59:43 INFO [HB] active | src=RT dayR=0.00 open=0 tradesToday=0 bars=365 | arms=trend 0/0.00, breakout 0/0.00
2025-10-09 18:59:44 INFO [HB] active | src=RT dayR=0.00 open=0 tradesToday=0 bars=365 | arms=trend 0/0.00, breakout 0/0.00
2025-10-09 18:59:44 INFO [HB] active | src=RT dayR=0.00 open=0 tradesToday=0 bars=365 | arms=trend 0/0.00, breakout 0/0.00
[MD] POLL appended bar 2025-10-09 18:59:40-05:00 close=6789.50 total=366
2025-10-09 18:59:45 INFO [HB] active | src=POLL dayR=0.00 open=0 tradesToday=0 bars=366 | arms=trend 0/0.00, breakout 0/0.00
2025-10-09 18:59:45 INFO [HB] active | src=RT dayR=0.00 open=0 tradesToday=0 bars=367 | arms=trend 0/0.00, breakout 0/0.00
C:\Users\owner\Desktop\es_futures_backtester\paper_trader.py:849: DeprecationWarning: datetime.datetime.utcnow() is deprecated and scheduled for removal in a future version. Use timezone-aware objects to represent datetimes in UTC: datetime.datetime.now(datetime.UTC).
  print(f"{dt.datetime.utcnow():%Y-%m-%d %H:%M:%S} INFO [BRACKET] oid={base_oid} {action} qty={qty} entry={entry:.2f} sl={sl:.2f} tp={tp:.2f} oca={oca}")
2025-10-09 23:59:45 INFO [BRACKET] oid=5264 BUY qty=1.0 entry=6790.00 sl=6787.00 tp=6793.00 oca=OCO-1760054385
C:\Users\owner\Desktop\es_futures_backtester\paper_trader.py:876: DeprecationWarning: datetime.datetime.utcnow() is deprecated and scheduled for removal in a future version. Use timezone-aware objects to represent datetimes in UTC: datetime.datetime.now(datetime.UTC).
  entry_time = dt.datetime.utcnow()
2025-10-09 18:59:46 INFO [HB] active | src=RT dayR=0.00 open=1 tradesToday=0 bars=367 | arms=trend 0/0.00, breakout 0/0.00
2025-10-09 18:59:46 INFO [HB] active | src=RT dayR=0.00 open=1 tradesToday=0 bars=367 | arms=trend 0/0.00, breakout 0/0.00
2025-10-09 18:59:47 INFO [HB] active | src=RT dayR=0.00 open=1 tradesToday=0 bars=367 | arms=trend 0/0.00, breakout 0/0.00
2025-10-09 18:59:47 INFO [HB] active | src=RT dayR=0.00 open=1 tradesToday=0 bars=367 | arms=trend 0/0.00, breakout 0/0.00
2025-10-09 18:59:48 INFO [HB] active | src=RT dayR=0.00 open=1 tradesToday=0 bars=367 | arms=trend 0/0.00, breakout 0/0.00
2025-10-09 18:59:48 INFO [HB] active | src=RT dayR=0.00 open=1 tradesToday=0 bars=367 | arms=trend 0/0.00, breakout 0/0.00
2025-10-09 18:59:49 INFO [HB] active | src=RT dayR=0.00 open=1 tradesToday=0 bars=367 | arms=trend 0/0.00, breakout 0/0.00
2025-10-09 18:59:49 INFO [HB] active | src=RT dayR=0.00 open=1 tradesToday=0 bars=367 | arms=trend 0/0.00, breakout 0/0.00
2025-10-09 18:59:50 INFO [HB] active | src=RT dayR=0.00 open=1 tradesToday=0 bars=367 | arms=trend 0/0.00, breakout 0/0.00
2025-10-09 18:59:50 INFO [HB] active | src=RT dayR=0.00 open=1 tradesToday=0 bars=367 | arms=trend 0/0.00, breakout 0/0.00
2025-10-09 18:59:51 INFO [HB] active | src=RT dayR=0.00 open=1 tradesToday=0 bars=367 | arms=trend 0/0.00, breakout 0/0.00
2025-10-09 18:59:51 INFO [HB] active | src=RT dayR=0.00 open=1 tradesToday=0 bars=367 | arms=trend 0/0.00, breakout 0/0.00
2025-10-09 18:59:52 INFO [HB] active | src=RT dayR=0.00 open=1 tradesToday=0 bars=367 | arms=trend 0/0.00, breakout 0/0.00
2025-10-09 18:59:52 INFO [HB] active | src=RT dayR=0.00 open=1 tradesToday=0 bars=367 | arms=trend 0/0.00, breakout 0/0.00
2025-10-09 18:59:53 INFO [HB] active | src=RT dayR=0.00 open=1 tradesToday=0 bars=367 | arms=trend 0/0.00, breakout 0/0.00
2025-10-09 18:59:53 INFO [HB] active | src=RT dayR=0.00 open=1 tradesToday=0 bars=367 | arms=trend 0/0.00, breakout 0/0.00
2025-10-09 18:59:54 INFO [HB] active | src=RT dayR=0.00 open=1 tradesToday=0 bars=367 | arms=trend 0/0.00, breakout 0/0.00
2025-10-09 18:59:54 INFO [HB] active | src=RT dayR=0.00 open=1 tradesToday=0 bars=367 | arms=trend 0/0.00, breakout 0/0.00
2025-10-09 18:59:55 INFO [HB] active | src=RT dayR=0.00 open=1 tradesToday=0 bars=367 | arms=trend 0/0.00, breakout 0/0.00
2025-10-09 18:59:55 INFO [HB] active | src=RT dayR=0.00 open=1 tradesToday=0 bars=367 | arms=trend 0/0.00, breakout 0/0.00
2025-10-09 18:59:56 INFO [HB] active | src=RT dayR=0.00 open=1 tradesToday=0 bars=367 | arms=trend 0/0.00, breakout 0/0.00
2025-10-09 18:59:56 INFO [HB] active | src=RT dayR=0.00 open=1 tradesToday=0 bars=367 | arms=trend 0/0.00, breakout 0/0.00
2025-10-09 18:59:57 INFO [HB] active | src=RT dayR=0.00 open=1 tradesToday=0 bars=367 | arms=trend 0/0.00, breakout 0/0.00
2025-10-09 18:59:57 INFO [HB] active | src=RT dayR=0.00 open=1 tradesToday=0 bars=367 | arms=trend 0/0.00, breakout 0/0.00
2025-10-09 18:59:58 INFO [HB] active | src=RT dayR=0.00 open=1 tradesToday=0 bars=367 | arms=trend 0/0.00, breakout 0/0.00
2025-10-09 18:59:58 INFO [HB] active | src=RT dayR=0.00 open=1 tradesToday=0 bars=367 | arms=trend 0/0.00, breakout 0/0.00
2025-10-09 18:59:59 INFO [HB] active | src=RT dayR=0.00 open=1 tradesToday=0 bars=367 | arms=trend 0/0.00, breakout 0/0.00
2025-10-09 18:59:59 INFO [HB] active | src=RT dayR=0.00 open=1 tradesToday=0 bars=367 | arms=trend 0/0.00, breakout 0/0.00
2025-10-09 19:00:00 INFO [HB] active | src=RT dayR=0.00 open=1 tradesToday=0 bars=367 | arms=trend 0/0.00, breakout 0/0.00
2025-10-09 19:00:00 INFO [HB] active | src=RT dayR=0.00 open=1 tradesToday=0 bars=367 | arms=trend 0/0.00, breakout 0/0.00
2025-10-09 19:00:01 INFO [HB] active | src=RT dayR=0.00 open=1 tradesToday=0 bars=367 | arms=trend 0/0.00, breakout 0/0.00
2025-10-09 19:00:01 INFO [HB] active | src=RT dayR=0.00 open=1 tradesToday=0 bars=367 | arms=trend 0/0.00, breakout 0/0.00
2025-10-09 19:00:02 INFO [HB] active | src=RT dayR=0.00 open=1 tradesToday=0 bars=367 | arms=trend 0/0.00, breakout 0/0.00
2025-10-09 19:00:02 INFO [HB] active | src=RT dayR=0.00 open=1 tradesToday=0 bars=367 | arms=trend 0/0.00, breakout 0/0.00
2025-10-09 19:00:03 INFO [HB] active | src=RT dayR=0.00 open=1 tradesToday=0 bars=367 | arms=trend 0/0.00, breakout 0/0.00
2025-10-09 19:00:03 INFO [HB] active | src=RT dayR=0.00 open=1 tradesToday=0 bars=367 | arms=trend 0/0.00, breakout 0/0.00
2025-10-09 19:00:04 INFO [HB] active | src=RT dayR=0.00 open=1 tradesToday=0 bars=367 | arms=trend 0/0.00, breakout 0/0.00
2025-10-09 19:00:04 INFO [HB] active | src=RT dayR=0.00 open=1 tradesToday=0 bars=367 | arms=trend 0/0.00, breakout 0/0.00
2025-10-09 19:00:05 INFO [HB] active | src=RT dayR=0.00 open=1 tradesToday=0 bars=367 | arms=trend 0/0.00, breakout 0/0.00
[2025-10-09 19:00:08] [WD] hb uptime=75s restarts=0 child_alive=True
[2025-10-09 19:00:13] [WD] hb uptime=80s restarts=0 child_alive=True
[2025-10-09 19:00:18] [WD] hb uptime=85s restarts=0 child_alive=True
[2025-10-09 19:00:23] [WD] hb uptime=90s restarts=0 child_alive=True
[2025-10-09 19:00:28] [WD] hb uptime=95s restarts=0 child_alive=True
[2025-10-09 19:00:33] [WD] hb uptime=100s restarts=0 child_alive=True
[2025-10-09 19:00:38] [WD] hb uptime=105s restarts=0 child_alive=True
[MD] POLL appended bar 2025-10-09 19:00:00-05:00 close=6789.50 total=368
2025-10-09 19:00:05 INFO [HB] active | src=POLL dayR=0.00 open=1 tradesToday=0 bars=368 | arms=trend 0/0.00, breakout 0/0.00
2025-10-09 19:00:06 INFO [HB] active | src=RT dayR=0.00 open=1 tradesToday=0 bars=369 | arms=trend 0/0.00, breakout 0/0.00
2025-10-09 19:00:07 INFO [HB] active | src=RT dayR=0.00 open=1 tradesToday=0 bars=369 | arms=trend 0/0.00, breakout 0/0.00
2025-10-09 19:00:07 INFO [HB] active | src=RT dayR=0.00 open=1 tradesToday=0 bars=369 | arms=trend 0/0.00, breakout 0/0.00
2025-10-09 19:00:08 INFO [HB] active | src=RT dayR=0.00 open=1 tradesToday=0 bars=369 | arms=trend 0/0.00, breakout 0/0.00
2025-10-09 19:00:08 INFO [HB] active | src=RT dayR=0.00 open=1 tradesToday=0 bars=369 | arms=trend 0/0.00, breakout 0/0.00
2025-10-09 19:00:09 INFO [HB] active | src=RT dayR=0.00 open=1 tradesToday=0 bars=369 | arms=trend 0/0.00, breakout 0/0.00
2025-10-09 19:00:09 INFO [HB] active | src=RT dayR=0.00 open=1 tradesToday=0 bars=369 | arms=trend 0/0.00, breakout 0/0.00
2025-10-09 19:00:10 INFO [HB] active | src=RT dayR=0.00 open=1 tradesToday=0 bars=369 | arms=trend 0/0.00, breakout 0/0.00
2025-10-09 19:00:10 INFO [HB] active | src=RT dayR=0.00 open=1 tradesToday=0 bars=369 | arms=trend 0/0.00, breakout 0/0.00
2025-10-09 19:00:11 INFO [HB] active | src=RT dayR=0.00 open=1 tradesToday=0 bars=369 | arms=trend 0/0.00, breakout 0/0.00
2025-10-09 19:00:11 INFO [HB] active | src=RT dayR=0.00 open=1 tradesToday=0 bars=369 | arms=trend 0/0.00, breakout 0/0.00
2025-10-09 19:00:12 INFO [HB] active | src=RT dayR=0.00 open=1 tradesToday=0 bars=369 | arms=trend 0/0.00, breakout 0/0.00
2025-10-09 19:00:12 INFO [HB] active | src=RT dayR=0.00 open=1 tradesToday=0 bars=369 | arms=trend 0/0.00, breakout 0/0.00
2025-10-09 19:00:13 INFO [HB] active | src=RT dayR=0.00 open=1 tradesToday=0 bars=369 | arms=trend 0/0.00, breakout 0/0.00
2025-10-09 19:00:13 INFO [HB] active | src=RT dayR=0.00 open=1 tradesToday=0 bars=369 | arms=trend 0/0.00, breakout 0/0.00
2025-10-09 19:00:14 INFO [HB] active | src=RT dayR=0.00 open=1 tradesToday=0 bars=369 | arms=trend 0/0.00, breakout 0/0.00
2025-10-09 19:00:14 INFO [HB] active | src=RT dayR=0.00 open=1 tradesToday=0 bars=369 | arms=trend 0/0.00, breakout 0/0.00
2025-10-09 19:00:15 INFO [HB] active | src=RT dayR=0.00 open=1 tradesToday=0 bars=369 | arms=trend 0/0.00, breakout 0/0.00
2025-10-09 19:00:15 INFO [HB] active | src=RT dayR=0.00 open=1 tradesToday=0 bars=369 | arms=trend 0/0.00, breakout 0/0.00
2025-10-09 19:00:16 INFO [HB] active | src=RT dayR=0.00 open=1 tradesToday=0 bars=369 | arms=trend 0/0.00, breakout 0/0.00
2025-10-09 19:00:16 INFO [HB] active | src=RT dayR=0.00 open=1 tradesToday=0 bars=369 | arms=trend 0/0.00, breakout 0/0.00
2025-10-09 19:00:17 INFO [HB] active | src=RT dayR=0.00 open=1 tradesToday=0 bars=369 | arms=trend 0/0.00, breakout 0/0.00
2025-10-09 19:00:17 INFO [HB] active | src=RT dayR=0.00 open=1 tradesToday=0 bars=369 | arms=trend 0/0.00, breakout 0/0.00
2025-10-09 19:00:18 INFO [HB] active | src=RT dayR=0.00 open=1 tradesToday=0 bars=369 | arms=trend 0/0.00, breakout 0/0.00
2025-10-09 19:00:18 INFO [HB] active | src=RT dayR=0.00 open=1 tradesToday=0 bars=369 | arms=trend 0/0.00, breakout 0/0.00
2025-10-09 19:00:19 INFO [HB] active | src=RT dayR=0.00 open=1 tradesToday=0 bars=369 | arms=trend 0/0.00, breakout 0/0.00
2025-10-09 19:00:19 INFO [HB] active | src=RT dayR=0.00 open=1 tradesToday=0 bars=369 | arms=trend 0/0.00, breakout 0/0.00
2025-10-09 19:00:20 INFO [HB] active | src=RT dayR=0.00 open=1 tradesToday=0 bars=369 | arms=trend 0/0.00, breakout 0/0.00
2025-10-09 19:00:20 INFO [HB] active | src=RT dayR=0.00 open=1 tradesToday=0 bars=369 | arms=trend 0/0.00, breakout 0/0.00
2025-10-09 19:00:21 INFO [HB] active | src=RT dayR=0.00 open=1 tradesToday=0 bars=369 | arms=trend 0/0.00, breakout 0/0.00
2025-10-09 19:00:21 INFO [HB] active | src=RT dayR=0.00 open=1 tradesToday=0 bars=369 | arms=trend 0/0.00, breakout 0/0.00
2025-10-09 19:00:22 INFO [HB] active | src=RT dayR=0.00 open=1 tradesToday=0 bars=369 | arms=trend 0/0.00, breakout 0/0.00
2025-10-09 19:00:22 INFO [HB] active | src=RT dayR=0.00 open=1 tradesToday=0 bars=369 | arms=trend 0/0.00, breakout 0/0.00
2025-10-09 19:00:23 INFO [HB] active | src=RT dayR=0.00 open=1 tradesToday=0 bars=369 | arms=trend 0/0.00, breakout 0/0.00
2025-10-09 19:00:23 INFO [HB] active | src=RT dayR=0.00 open=1 tradesToday=0 bars=369 | arms=trend 0/0.00, breakout 0/0.00
2025-10-09 19:00:24 INFO [HB] active | src=RT dayR=0.00 open=1 tradesToday=0 bars=369 | arms=trend 0/0.00, breakout 0/0.00
2025-10-09 19:00:24 INFO [HB] active | src=RT dayR=0.00 open=1 tradesToday=0 bars=369 | arms=trend 0/0.00, breakout 0/0.00
2025-10-09 19:00:25 INFO [HB] active | src=RT dayR=0.00 open=1 tradesToday=0 bars=369 | arms=trend 0/0.00, breakout 0/0.00
2025-10-09 19:00:25 INFO [HB] active | src=RT dayR=0.00 open=1 tradesToday=0 bars=369 | arms=trend 0/0.00, breakout 0/0.00
2025-10-09 19:00:26 INFO [HB] active | src=RT dayR=0.00 open=1 tradesToday=0 bars=369 | arms=trend 0/0.00, breakout 0/0.00
[MD] POLL appended bar 2025-10-09 19:00:20-05:00 close=6789.50 total=370
2025-10-09 19:00:26 INFO [HB] active | src=POLL dayR=0.00 open=1 tradesToday=0 bars=370 | arms=trend 0/0.00, breakout 0/0.00
2025-10-09 19:00:27 INFO [HB] active | src=RT dayR=0.00 open=1 tradesToday=0 bars=371 | arms=trend 0/0.00, breakout 0/0.00
2025-10-09 19:00:27 INFO [HB] active | src=RT dayR=0.00 open=1 tradesToday=0 bars=371 | arms=trend 0/0.00, breakout 0/0.00
2025-10-09 19:00:28 INFO [HB] active | src=RT dayR=0.00 open=1 tradesToday=0 bars=371 | arms=trend 0/0.00, breakout 0/0.00
2025-10-09 19:00:28 INFO [HB] active | src=RT dayR=0.00 open=1 tradesToday=0 bars=371 | arms=trend 0/0.00, breakout 0/0.00
2025-10-09 19:00:29 INFO [HB] active | src=RT dayR=0.00 open=1 tradesToday=0 bars=371 | arms=trend 0/0.00, breakout 0/0.00
2025-10-09 19:00:29 INFO [HB] active | src=RT dayR=0.00 open=1 tradesToday=0 bars=371 | arms=trend 0/0.00, breakout 0/0.00
2025-10-09 19:00:30 INFO [HB] active | src=RT dayR=0.00 open=1 tradesToday=0 bars=371 | arms=trend 0/0.00, breakout 0/0.00
2025-10-09 19:00:30 INFO [HB] active | src=RT dayR=0.00 open=1 tradesToday=0 bars=371 | arms=trend 0/0.00, breakout 0/0.00
2025-10-09 19:00:31 INFO [HB] active | src=RT dayR=0.00 open=1 tradesToday=0 bars=371 | arms=trend 0/0.00, breakout 0/0.00
2025-10-09 19:00:31 INFO [HB] active | src=RT dayR=0.00 open=1 tradesToday=0 bars=371 | arms=trend 0/0.00, breakout 0/0.00
2025-10-09 19:00:32 INFO [HB] active | src=RT dayR=0.00 open=1 tradesToday=0 bars=371 | arms=trend 0/0.00, breakout 0/0.00
2025-10-09 19:00:32 INFO [HB] active | src=RT dayR=0.00 open=1 tradesToday=0 bars=371 | arms=trend 0/0.00, breakout 0/0.00
2025-10-09 19:00:33 INFO [HB] active | src=RT dayR=0.00 open=1 tradesToday=0 bars=371 | arms=trend 0/0.00, breakout 0/0.00
2025-10-09 19:00:33 INFO [HB] active | src=RT dayR=0.00 open=1 tradesToday=0 bars=371 | arms=trend 0/0.00, breakout 0/0.00
2025-10-09 19:00:34 INFO [HB] active | src=RT dayR=0.00 open=1 tradesToday=0 bars=371 | arms=trend 0/0.00, breakout 0/0.00
2025-10-09 19:00:34 INFO [HB] active | src=RT dayR=0.00 open=1 tradesToday=0 bars=371 | arms=trend 0/0.00, breakout 0/0.00
2025-10-09 19:00:35 INFO [HB] active | src=RT dayR=0.00 open=1 tradesToday=0 bars=371 | arms=trend 0/0.00, breakout 0/0.00
2025-10-09 19:00:35 INFO [HB] active | src=RT dayR=0.00 open=1 tradesToday=0 bars=371 | arms=trend 0/0.00, breakout 0/0.00
2025-10-09 19:00:36 INFO [HB] active | src=RT dayR=0.00 open=1 tradesToday=0 bars=371 | arms=trend 0/0.00, breakout 0/0.00
2025-10-09 19:00:36 INFO [HB] active | src=RT dayR=0.00 open=1 tradesToday=0 bars=371 | arms=trend 0/0.00, breakout 0/0.00
2025-10-09 19:00:37 INFO [HB] active | src=RT dayR=0.00 open=1 tradesToday=0 bars=371 | arms=trend 0/0.00, breakout 0/0.00
2025-10-09 19:00:37 INFO [HB] active | src=RT dayR=0.00 open=1 tradesToday=0 bars=371 | arms=trend 0/0.00, breakout 0/0.00
2025-10-09 19:00:38 INFO [HB] active | src=RT dayR=0.00 open=1 tradesToday=0 bars=371 | arms=trend 0/0.00, breakout 0/0.00
[2025-10-09 19:00:43] [WD] hb uptime=110s restarts=0 child_alive=True
[2025-10-09 19:00:48] [WD] hb uptime=115s restarts=0 child_alive=True
[2025-10-09 19:00:53] [WD] hb uptime=120s restarts=0 child_alive=True
[2025-10-09 19:00:58] [WD] hb uptime=125s restarts=0 child_alive=True
[2025-10-09 19:01:03] [WD] hb uptime=130s restarts=0 child_alive=True
2025-10-09 19:00:38 INFO [HB] active | src=RT dayR=0.00 open=1 tradesToday=0 bars=371 | arms=trend 0/0.00, breakout 0/0.00
2025-10-09 19:00:39 INFO [HB] active | src=RT dayR=0.00 open=1 tradesToday=0 bars=371 | arms=trend 0/0.00, breakout 0/0.00
2025-10-09 19:00:39 INFO [HB] active | src=RT dayR=0.00 open=1 tradesToday=0 bars=371 | arms=trend 0/0.00, breakout 0/0.00
2025-10-09 19:00:40 INFO [HB] active | src=RT dayR=0.00 open=1 tradesToday=0 bars=371 | arms=trend 0/0.00, breakout 0/0.00
2025-10-09 19:00:40 INFO [HB] active | src=RT dayR=0.00 open=1 tradesToday=0 bars=371 | arms=trend 0/0.00, breakout 0/0.00
2025-10-09 19:00:41 INFO [HB] active | src=RT dayR=0.00 open=1 tradesToday=0 bars=371 | arms=trend 0/0.00, breakout 0/0.00
2025-10-09 19:00:41 INFO [HB] active | src=RT dayR=0.00 open=1 tradesToday=0 bars=371 | arms=trend 0/0.00, breakout 0/0.00
2025-10-09 19:00:42 INFO [HB] active | src=RT dayR=0.00 open=1 tradesToday=0 bars=371 | arms=trend 0/0.00, breakout 0/0.00
2025-10-09 19:00:42 INFO [HB] active | src=RT dayR=0.00 open=1 tradesToday=0 bars=371 | arms=trend 0/0.00, breakout 0/0.00
2025-10-09 19:00:43 INFO [HB] active | src=RT dayR=0.00 open=1 tradesToday=0 bars=371 | arms=trend 0/0.00, breakout 0/0.00
2025-10-09 19:00:43 INFO [HB] active | src=RT dayR=0.00 open=1 tradesToday=0 bars=371 | arms=trend 0/0.00, breakout 0/0.00
2025-10-09 19:00:44 INFO [HB] active | src=RT dayR=0.00 open=1 tradesToday=0 bars=371 | arms=trend 0/0.00, breakout 0/0.00
2025-10-09 19:00:44 INFO [HB] active | src=RT dayR=0.00 open=1 tradesToday=0 bars=371 | arms=trend 0/0.00, breakout 0/0.00
2025-10-09 19:00:45 INFO [HB] active | src=RT dayR=0.00 open=1 tradesToday=0 bars=371 | arms=trend 0/0.00, breakout 0/0.00
2025-10-09 19:00:45 INFO [HB] active | src=RT dayR=0.00 open=1 tradesToday=0 bars=371 | arms=trend 0/0.00, breakout 0/0.00
2025-10-09 19:00:46 INFO [HB] active | src=RT dayR=0.00 open=1 tradesToday=0 bars=371 | arms=trend 0/0.00, breakout 0/0.00
2025-10-09 19:00:46 INFO [HB] active | src=RT dayR=0.00 open=1 tradesToday=0 bars=371 | arms=trend 0/0.00, breakout 0/0.00
[MD] POLL appended bar 2025-10-09 19:00:40-05:00 close=6788.75 total=372
2025-10-09 19:00:47 INFO [HB] active | src=POLL dayR=0.00 open=1 tradesToday=0 bars=372 | arms=trend 0/0.00, breakout 0/0.00
C:\Users\owner\Desktop\es_futures_backtester\paper_trader.py:896: DeprecationWarning: datetime.datetime.utcnow() is deprecated and scheduled for removal in a future version. Use timezone-aware objects to represent datetimes in UTC: datetime.datetime.now(datetime.UTC).
  print(f"{dt.datetime.utcnow():%Y-%m-%d %H:%M:%S} INFO [FLAT] reason={reason} pnl$={pnl_dollars:.2f} R={R:.2f} dayR={risk.day_R:.2f} trades={risk.trades}")
2025-10-10 00:00:47 INFO [FLAT] reason=stop pnl$=-49.58 R=-0.33 dayR=-0.33 trades=1
2025-10-09 19:00:47 INFO [COOL] until=19:03:17
2025-10-09 19:00:47 INFO [HB] cooldn | src=POLL dayR=-0.33 open=0 tradesToday=1 bars=372 | arms=trend 0/0.00, breakout 1/-0.33
2025-10-09 19:00:48 INFO [HB] cooldn | src=POLL dayR=-0.33 open=0 tradesToday=1 bars=372 | arms=trend 0/0.00, breakout 1/-0.33
2025-10-09 19:00:48 INFO [HB] cooldn | src=POLL dayR=-0.33 open=0 tradesToday=1 bars=372 | arms=trend 0/0.00, breakout 1/-0.33
2025-10-09 19:00:49 INFO [HB] cooldn | src=POLL dayR=-0.33 open=0 tradesToday=1 bars=372 | arms=trend 0/0.00, breakout 1/-0.33
2025-10-09 19:00:49 INFO [HB] cooldn | src=POLL dayR=-0.33 open=0 tradesToday=1 bars=372 | arms=trend 0/0.00, breakout 1/-0.33
2025-10-09 19:00:50 INFO [HB] cooldn | src=POLL dayR=-0.33 open=0 tradesToday=1 bars=372 | arms=trend 0/0.00, breakout 1/-0.33
2025-10-09 19:00:50 INFO [HB] cooldn | src=POLL dayR=-0.33 open=0 tradesToday=1 bars=372 | arms=trend 0/0.00, breakout 1/-0.33
2025-10-09 19:00:51 INFO [HB] cooldn | src=POLL dayR=-0.33 open=0 tradesToday=1 bars=372 | arms=trend 0/0.00, breakout 1/-0.33
2025-10-09 19:00:51 INFO [HB] cooldn | src=POLL dayR=-0.33 open=0 tradesToday=1 bars=372 | arms=trend 0/0.00, breakout 1/-0.33
2025-10-09 19:00:52 INFO [HB] cooldn | src=POLL dayR=-0.33 open=0 tradesToday=1 bars=372 | arms=trend 0/0.00, breakout 1/-0.33
2025-10-09 19:00:52 INFO [HB] cooldn | src=POLL dayR=-0.33 open=0 tradesToday=1 bars=372 | arms=trend 0/0.00, breakout 1/-0.33
2025-10-09 19:00:53 INFO [HB] cooldn | src=POLL dayR=-0.33 open=0 tradesToday=1 bars=372 | arms=trend 0/0.00, breakout 1/-0.33
2025-10-09 19:00:53 INFO [HB] cooldn | src=POLL dayR=-0.33 open=0 tradesToday=1 bars=372 | arms=trend 0/0.00, breakout 1/-0.33
2025-10-09 19:00:54 INFO [HB] cooldn | src=POLL dayR=-0.33 open=0 tradesToday=1 bars=372 | arms=trend 0/0.00, breakout 1/-0.33
2025-10-09 19:00:54 INFO [HB] cooldn | src=POLL dayR=-0.33 open=0 tradesToday=1 bars=372 | arms=trend 0/0.00, breakout 1/-0.33
2025-10-09 19:00:55 INFO [HB] cooldn | src=POLL dayR=-0.33 open=0 tradesToday=1 bars=372 | arms=trend 0/0.00, breakout 1/-0.33
2025-10-09 19:00:55 INFO [HB] cooldn | src=POLL dayR=-0.33 open=0 tradesToday=1 bars=372 | arms=trend 0/0.00, breakout 1/-0.33
2025-10-09 19:00:56 INFO [HB] cooldn | src=POLL dayR=-0.33 open=0 tradesToday=1 bars=372 | arms=trend 0/0.00, breakout 1/-0.33
2025-10-09 19:00:56 INFO [HB] cooldn | src=POLL dayR=-0.33 open=0 tradesToday=1 bars=372 | arms=trend 0/0.00, breakout 1/-0.33
[MD] POLL appended bar 2025-10-09 19:00:50-05:00 close=6788.75 total=373
2025-10-09 19:00:57 INFO [HB] cooldn | src=POLL dayR=-0.33 open=0 tradesToday=1 bars=373 | arms=trend 0/0.00, breakout 1/-0.33
2025-10-09 19:00:57 INFO [HB] cooldn | src=POLL dayR=-0.33 open=0 tradesToday=1 bars=373 | arms=trend 0/0.00, breakout 1/-0.33
2025-10-09 19:00:58 INFO [HB] cooldn | src=POLL dayR=-0.33 open=0 tradesToday=1 bars=373 | arms=trend 0/0.00, breakout 1/-0.33
2025-10-09 19:00:58 INFO [HB] cooldn | src=POLL dayR=-0.33 open=0 tradesToday=1 bars=373 | arms=trend 0/0.00, breakout 1/-0.33
2025-10-09 19:00:59 INFO [HB] cooldn | src=POLL dayR=-0.33 open=0 tradesToday=1 bars=373 | arms=trend 0/0.00, breakout 1/-0.33
2025-10-09 19:00:59 INFO [HB] cooldn | src=POLL dayR=-0.33 open=0 tradesToday=1 bars=373 | arms=trend 0/0.00, breakout 1/-0.33
2025-10-09 19:01:00 INFO [HB] cooldn | src=POLL dayR=-0.33 open=0 tradesToday=1 bars=373 | arms=trend 0/0.00, breakout 1/-0.33
2025-10-09 19:01:00 INFO [HB] cooldn | src=POLL dayR=-0.33 open=0 tradesToday=1 bars=373 | arms=trend 0/0.00, breakout 1/-0.33
2025-10-09 19:01:01 INFO [HB] cooldn | src=POLL dayR=-0.33 open=0 tradesToday=1 bars=373 | arms=trend 0/0.00, breakout 1/-0.33
2025-10-09 19:01:01 INFO [HB] cooldn | src=POLL dayR=-0.33 open=0 tradesToday=1 bars=373 | arms=trend 0/0.00, breakout 1/-0.33
2025-10-09 19:01:02 INFO [HB] cooldn | src=POLL dayR=-0.33 open=0 tradesToday=1 bars=373 | arms=trend 0/0.00, breakout 1/-0.33
2025-10-09 19:01:02 INFO [HB] cooldn | src=POLL dayR=-0.33 open=0 tradesToday=1 bars=373 | arms=trend 0/0.00, breakout 1/-0.33
2025-10-09 19:01:03 INFO [HB] cooldn | src=POLL dayR=-0.33 open=0 tradesToday=1 bars=373 | arms=trend 0/0.00, breakout 1/-0.33
2025-10-09 19:01:03 INFO [HB] cooldn | src=POLL dayR=-0.33 open=0 tradesToday=1 bars=373 | arms=trend 0/0.00, breakout 1/-0.33
2025-10-09 19:01:04 INFO [HB] cooldn | src=POLL dayR=-0.33 open=0 tradesToday=1 bars=373 | arms=trend 0/0.00, breakout 1/-0.33
2025-10-09 19:01:04 INFO [HB] cooldn | src=POLL dayR=-0.33 open=0 tradesToday=1 bars=373 | arms=trend 0/0.00, breakout 1/-0.33
2025-10-09 19:01:05 INFO [HB] cooldn | src=POLL dayR=-0.33 open=0 tradesToday=1 bars=373 | arms=trend 0/0.00, breakout 1/-0.33
2025-10-09 19:01:05 INFO [HB] cooldn | src=POLL dayR=-0.33 open=0 tradesToday=1 bars=373 | arms=trend 0/0.00, breakout 1/-0.33
2025-10-09 19:01:06 INFO [HB] cooldn | src=POLL dayR=-0.33 open=0 tradesToday=1 bars=373 | arms=trend 0/0.00, breakout 1/-0.33
2025-10-09 19:01:06 INFO [HB] cooldn | src=POLL dayR=-0.33 open=0 tradesToday=1 bars=373 | arms=trend 0/0.00, breakout 1/-0.33
[MD] POLL appended bar 2025-10-09 19:01:00-05:00 close=6788.50 total=374
2025-10-09 19:01:07 INFO [HB] cooldn | src=POLL dayR=-0.33 open=0 tradesToday=1 bars=374 | arms=trend 0/0.00, breakout 1/-0.33
2025-10-09 19:01:07 INFO [HB] cooldn | src=POLL dayR=-0.33 open=0 tradesToday=1 bars=374 | arms=trend 0/0.00, breakout 1/-0.33
[2025-10-09 19:01:08] [WD] hb uptime=135s restarts=0 child_alive=True
[2025-10-09 19:01:13] [WD] hb uptime=140s restarts=0 child_alive=True
[2025-10-09 19:01:18] [WD] hb uptime=145s restarts=0 child_alive=True
[2025-10-09 19:01:23] [WD] hb uptime=150s restarts=0 child_alive=True
[2025-10-09 19:01:28] [WD] hb uptime=155s restarts=0 child_alive=True
[2025-10-09 19:01:33] [WD] hb uptime=160s restarts=0 child_alive=True
[2025-10-09 19:01:38] [WD] hb uptime=165s restarts=0 child_alive=True
2025-10-09 19:01:08 INFO [HB] cooldn | src=POLL dayR=-0.33 open=0 tradesToday=1 bars=374 | arms=trend 0/0.00, breakout 1/-0.33
2025-10-09 19:01:08 INFO [HB] cooldn | src=POLL dayR=-0.33 open=0 tradesToday=1 bars=374 | arms=trend 0/0.00, breakout 1/-0.33
2025-10-09 19:01:09 INFO [HB] cooldn | src=POLL dayR=-0.33 open=0 tradesToday=1 bars=374 | arms=trend 0/0.00, breakout 1/-0.33
2025-10-09 19:01:09 INFO [HB] cooldn | src=POLL dayR=-0.33 open=0 tradesToday=1 bars=374 | arms=trend 0/0.00, breakout 1/-0.33
2025-10-09 19:01:10 INFO [HB] cooldn | src=POLL dayR=-0.33 open=0 tradesToday=1 bars=374 | arms=trend 0/0.00, breakout 1/-0.33
2025-10-09 19:01:10 INFO [HB] cooldn | src=POLL dayR=-0.33 open=0 tradesToday=1 bars=374 | arms=trend 0/0.00, breakout 1/-0.33
2025-10-09 19:01:11 INFO [HB] cooldn | src=POLL dayR=-0.33 open=0 tradesToday=1 bars=374 | arms=trend 0/0.00, breakout 1/-0.33
2025-10-09 19:01:11 INFO [HB] cooldn | src=POLL dayR=-0.33 open=0 tradesToday=1 bars=374 | arms=trend 0/0.00, breakout 1/-0.33
2025-10-09 19:01:12 INFO [HB] cooldn | src=POLL dayR=-0.33 open=0 tradesToday=1 bars=374 | arms=trend 0/0.00, breakout 1/-0.33
2025-10-09 19:01:12 INFO [HB] cooldn | src=POLL dayR=-0.33 open=0 tradesToday=1 bars=374 | arms=trend 0/0.00, breakout 1/-0.33
2025-10-09 19:01:13 INFO [HB] cooldn | src=POLL dayR=-0.33 open=0 tradesToday=1 bars=374 | arms=trend 0/0.00, breakout 1/-0.33
2025-10-09 19:01:13 INFO [HB] cooldn | src=POLL dayR=-0.33 open=0 tradesToday=1 bars=374 | arms=trend 0/0.00, breakout 1/-0.33
2025-10-09 19:01:14 INFO [HB] cooldn | src=POLL dayR=-0.33 open=0 tradesToday=1 bars=374 | arms=trend 0/0.00, breakout 1/-0.33
2025-10-09 19:01:14 INFO [HB] cooldn | src=POLL dayR=-0.33 open=0 tradesToday=1 bars=374 | arms=trend 0/0.00, breakout 1/-0.33
2025-10-09 19:01:15 INFO [HB] cooldn | src=POLL dayR=-0.33 open=0 tradesToday=1 bars=374 | arms=trend 0/0.00, breakout 1/-0.33
2025-10-09 19:01:15 INFO [HB] cooldn | src=POLL dayR=-0.33 open=0 tradesToday=1 bars=374 | arms=trend 0/0.00, breakout 1/-0.33
2025-10-09 19:01:16 INFO [HB] cooldn | src=POLL dayR=-0.33 open=0 tradesToday=1 bars=374 | arms=trend 0/0.00, breakout 1/-0.33
2025-10-09 19:01:16 INFO [HB] cooldn | src=POLL dayR=-0.33 open=0 tradesToday=1 bars=374 | arms=trend 0/0.00, breakout 1/-0.33
[MD] POLL appended bar 2025-10-09 19:01:10-05:00 close=6788.50 total=375
2025-10-09 19:01:17 INFO [HB] cooldn | src=POLL dayR=-0.33 open=0 tradesToday=1 bars=375 | arms=trend 0/0.00, breakout 1/-0.33
2025-10-09 19:01:17 INFO [HB] cooldn | src=POLL dayR=-0.33 open=0 tradesToday=1 bars=375 | arms=trend 0/0.00, breakout 1/-0.33
2025-10-09 19:01:18 INFO [HB] cooldn | src=POLL dayR=-0.33 open=0 tradesToday=1 bars=375 | arms=trend 0/0.00, breakout 1/-0.33
2025-10-09 19:01:18 INFO [HB] cooldn | src=POLL dayR=-0.33 open=0 tradesToday=1 bars=375 | arms=trend 0/0.00, breakout 1/-0.33
2025-10-09 19:01:19 INFO [HB] cooldn | src=POLL dayR=-0.33 open=0 tradesToday=1 bars=375 | arms=trend 0/0.00, breakout 1/-0.33
2025-10-09 19:01:19 INFO [HB] cooldn | src=POLL dayR=-0.33 open=0 tradesToday=1 bars=375 | arms=trend 0/0.00, breakout 1/-0.33
2025-10-09 19:01:20 INFO [HB] cooldn | src=POLL dayR=-0.33 open=0 tradesToday=1 bars=375 | arms=trend 0/0.00, breakout 1/-0.33
2025-10-09 19:01:20 INFO [HB] cooldn | src=POLL dayR=-0.33 open=0 tradesToday=1 bars=375 | arms=trend 0/0.00, breakout 1/-0.33
2025-10-09 19:01:21 INFO [HB] cooldn | src=POLL dayR=-0.33 open=0 tradesToday=1 bars=375 | arms=trend 0/0.00, breakout 1/-0.33
2025-10-09 19:01:22 INFO [HB] cooldn | src=POLL dayR=-0.33 open=0 tradesToday=1 bars=375 | arms=trend 0/0.00, breakout 1/-0.33
2025-10-09 19:01:22 INFO [HB] cooldn | src=POLL dayR=-0.33 open=0 tradesToday=1 bars=375 | arms=trend 0/0.00, breakout 1/-0.33
2025-10-09 19:01:23 INFO [HB] cooldn | src=POLL dayR=-0.33 open=0 tradesToday=1 bars=375 | arms=trend 0/0.00, breakout 1/-0.33
2025-10-09 19:01:23 INFO [HB] cooldn | src=POLL dayR=-0.33 open=0 tradesToday=1 bars=375 | arms=trend 0/0.00, breakout 1/-0.33
2025-10-09 19:01:24 INFO [HB] cooldn | src=POLL dayR=-0.33 open=0 tradesToday=1 bars=375 | arms=trend 0/0.00, breakout 1/-0.33
2025-10-09 19:01:24 INFO [HB] cooldn | src=POLL dayR=-0.33 open=0 tradesToday=1 bars=375 | arms=trend 0/0.00, breakout 1/-0.33
2025-10-09 19:01:25 INFO [HB] cooldn | src=POLL dayR=-0.33 open=0 tradesToday=1 bars=375 | arms=trend 0/0.00, breakout 1/-0.33
2025-10-09 19:01:25 INFO [HB] cooldn | src=POLL dayR=-0.33 open=0 tradesToday=1 bars=375 | arms=trend 0/0.00, breakout 1/-0.33
2025-10-09 19:01:26 INFO [HB] cooldn | src=POLL dayR=-0.33 open=0 tradesToday=1 bars=375 | arms=trend 0/0.00, breakout 1/-0.33
2025-10-09 19:01:26 INFO [HB] cooldn | src=POLL dayR=-0.33 open=0 tradesToday=1 bars=375 | arms=trend 0/0.00, breakout 1/-0.33
2025-10-09 19:01:27 INFO [HB] cooldn | src=POLL dayR=-0.33 open=0 tradesToday=1 bars=375 | arms=trend 0/0.00, breakout 1/-0.33
[MD] POLL appended bar 2025-10-09 19:01:20-05:00 close=6788.50 total=376
2025-10-09 19:01:27 INFO [HB] cooldn | src=POLL dayR=-0.33 open=0 tradesToday=1 bars=376 | arms=trend 0/0.00, breakout 1/-0.33
2025-10-09 19:01:28 INFO [HB] cooldn | src=POLL dayR=-0.33 open=0 tradesToday=1 bars=376 | arms=trend 0/0.00, breakout 1/-0.33
2025-10-09 19:01:28 INFO [HB] cooldn | src=POLL dayR=-0.33 open=0 tradesToday=1 bars=376 | arms=trend 0/0.00, breakout 1/-0.33
2025-10-09 19:01:29 INFO [HB] cooldn | src=POLL dayR=-0.33 open=0 tradesToday=1 bars=376 | arms=trend 0/0.00, breakout 1/-0.33
2025-10-09 19:01:29 INFO [HB] cooldn | src=POLL dayR=-0.33 open=0 tradesToday=1 bars=376 | arms=trend 0/0.00, breakout 1/-0.33
2025-10-09 19:01:30 INFO [HB] cooldn | src=POLL dayR=-0.33 open=0 tradesToday=1 bars=376 | arms=trend 0/0.00, breakout 1/-0.33
2025-10-09 19:01:30 INFO [HB] cooldn | src=POLL dayR=-0.33 open=0 tradesToday=1 bars=376 | arms=trend 0/0.00, breakout 1/-0.33
2025-10-09 19:01:31 INFO [HB] cooldn | src=POLL dayR=-0.33 open=0 tradesToday=1 bars=376 | arms=trend 0/0.00, breakout 1/-0.33
2025-10-09 19:01:31 INFO [HB] cooldn | src=POLL dayR=-0.33 open=0 tradesToday=1 bars=376 | arms=trend 0/0.00, breakout 1/-0.33
2025-10-09 19:01:32 INFO [HB] cooldn | src=POLL dayR=-0.33 open=0 tradesToday=1 bars=376 | arms=trend 0/0.00, breakout 1/-0.33
2025-10-09 19:01:32 INFO [HB] cooldn | src=POLL dayR=-0.33 open=0 tradesToday=1 bars=376 | arms=trend 0/0.00, breakout 1/-0.33
2025-10-09 19:01:33 INFO [HB] cooldn | src=POLL dayR=-0.33 open=0 tradesToday=1 bars=376 | arms=trend 0/0.00, breakout 1/-0.33
2025-10-09 19:01:33 INFO [HB] cooldn | src=POLL dayR=-0.33 open=0 tradesToday=1 bars=376 | arms=trend 0/0.00, breakout 1/-0.33
2025-10-09 19:01:34 INFO [HB] cooldn | src=POLL dayR=-0.33 open=0 tradesToday=1 bars=376 | arms=trend 0/0.00, breakout 1/-0.33
2025-10-09 19:01:34 INFO [HB] cooldn | src=POLL dayR=-0.33 open=0 tradesToday=1 bars=376 | arms=trend 0/0.00, breakout 1/-0.33
2025-10-09 19:01:35 INFO [HB] cooldn | src=POLL dayR=-0.33 open=0 tradesToday=1 bars=376 | arms=trend 0/0.00, breakout 1/-0.33
2025-10-09 19:01:35 INFO [HB] cooldn | src=POLL dayR=-0.33 open=0 tradesToday=1 bars=376 | arms=trend 0/0.00, breakout 1/-0.33
2025-10-09 19:01:36 INFO [HB] cooldn | src=POLL dayR=-0.33 open=0 tradesToday=1 bars=376 | arms=trend 0/0.00, breakout 1/-0.33
2025-10-09 19:01:36 INFO [HB] cooldn | src=POLL dayR=-0.33 open=0 tradesToday=1 bars=376 | arms=trend 0/0.00, breakout 1/-0.33
2025-10-09 19:01:37 INFO [HB] cooldn | src=POLL dayR=-0.33 open=0 tradesToday=1 bars=376 | arms=trend 0/0.00, breakout 1/-0.33
[MD] POLL appended bar 2025-10-09 19:01:30-05:00 close=6788.75 total=377
2025-10-09 19:01:37 INFO [HB] cooldn | src=POLL dayR=-0.33 open=0 tradesToday=1 bars=377 | arms=trend 0/0.00, breakout 1/-0.33
2025-10-09 19:01:38 INFO [HB] cooldn | src=POLL dayR=-0.33 open=0 tradesToday=1 bars=377 | arms=trend 0/0.00, breakout 1/-0.33
2025-10-09 19:01:38 INFO [HB] cooldn | src=POLL dayR=-0.33 open=0 tradesToday=1 bars=377 | arms=trend 0/0.00, breakout 1/-0.33
2025-10-09 19:01:39 INFO [HB] cooldn | src=POLL dayR=-0.33 open=0 tradesToday=1 bars=377 | arms=trend 0/0.00, breakout 1/-0.33
2025-10-09 19:01:39 INFO [HB] cooldn | src=POLL dayR=-0.33 open=0 tradesToday=1 bars=377 | arms=trend 0/0.00, breakout 1/-0.33
[2025-10-09 19:01:43] [WD] hb uptime=170s restarts=0 child_alive=True
[2025-10-09 19:01:48] [WD] hb uptime=175s restarts=0 child_alive=True
[2025-10-09 19:01:53] [WD] hb uptime=180s restarts=0 child_alive=True
[2025-10-09 19:01:58] [WD] hb uptime=185s restarts=0 child_alive=True
[2025-10-09 19:02:03] [WD] hb uptime=190s restarts=0 child_alive=True
[2025-10-09 19:02:08] [WD] hb uptime=195s restarts=0 child_alive=True
2025-10-09 19:01:40 INFO [HB] cooldn | src=POLL dayR=-0.33 open=0 tradesToday=1 bars=377 | arms=trend 0/0.00, breakout 1/-0.33
2025-10-09 19:01:40 INFO [HB] cooldn | src=POLL dayR=-0.33 open=0 tradesToday=1 bars=377 | arms=trend 0/0.00, breakout 1/-0.33
2025-10-09 19:01:41 INFO [HB] cooldn | src=POLL dayR=-0.33 open=0 tradesToday=1 bars=377 | arms=trend 0/0.00, breakout 1/-0.33
2025-10-09 19:01:41 INFO [HB] cooldn | src=POLL dayR=-0.33 open=0 tradesToday=1 bars=377 | arms=trend 0/0.00, breakout 1/-0.33
2025-10-09 19:01:42 INFO [HB] cooldn | src=POLL dayR=-0.33 open=0 tradesToday=1 bars=377 | arms=trend 0/0.00, breakout 1/-0.33
2025-10-09 19:01:42 INFO [HB] cooldn | src=POLL dayR=-0.33 open=0 tradesToday=1 bars=377 | arms=trend 0/0.00, breakout 1/-0.33
2025-10-09 19:01:43 INFO [HB] cooldn | src=POLL dayR=-0.33 open=0 tradesToday=1 bars=377 | arms=trend 0/0.00, breakout 1/-0.33
2025-10-09 19:01:43 INFO [HB] cooldn | src=POLL dayR=-0.33 open=0 tradesToday=1 bars=377 | arms=trend 0/0.00, breakout 1/-0.33
2025-10-09 19:01:44 INFO [HB] cooldn | src=POLL dayR=-0.33 open=0 tradesToday=1 bars=377 | arms=trend 0/0.00, breakout 1/-0.33
2025-10-09 19:01:44 INFO [HB] cooldn | src=POLL dayR=-0.33 open=0 tradesToday=1 bars=377 | arms=trend 0/0.00, breakout 1/-0.33
2025-10-09 19:01:45 INFO [HB] cooldn | src=POLL dayR=-0.33 open=0 tradesToday=1 bars=377 | arms=trend 0/0.00, breakout 1/-0.33
2025-10-09 19:01:45 INFO [HB] cooldn | src=POLL dayR=-0.33 open=0 tradesToday=1 bars=377 | arms=trend 0/0.00, breakout 1/-0.33
2025-10-09 19:01:46 INFO [HB] cooldn | src=POLL dayR=-0.33 open=0 tradesToday=1 bars=377 | arms=trend 0/0.00, breakout 1/-0.33
2025-10-09 19:01:46 INFO [HB] cooldn | src=POLL dayR=-0.33 open=0 tradesToday=1 bars=377 | arms=trend 0/0.00, breakout 1/-0.33
2025-10-09 19:01:47 INFO [HB] cooldn | src=POLL dayR=-0.33 open=0 tradesToday=1 bars=377 | arms=trend 0/0.00, breakout 1/-0.33
[MD] POLL appended bar 2025-10-09 19:01:40-05:00 close=6789.75 total=378
2025-10-09 19:01:47 INFO [HB] cooldn | src=POLL dayR=-0.33 open=0 tradesToday=1 bars=378 | arms=trend 0/0.00, breakout 1/-0.33
2025-10-09 19:01:48 INFO [HB] cooldn | src=POLL dayR=-0.33 open=0 tradesToday=1 bars=378 | arms=trend 0/0.00, breakout 1/-0.33
2025-10-09 19:01:48 INFO [HB] cooldn | src=POLL dayR=-0.33 open=0 tradesToday=1 bars=378 | arms=trend 0/0.00, breakout 1/-0.33
2025-10-09 19:01:49 INFO [HB] cooldn | src=POLL dayR=-0.33 open=0 tradesToday=1 bars=378 | arms=trend 0/0.00, breakout 1/-0.33
2025-10-09 19:01:49 INFO [HB] cooldn | src=POLL dayR=-0.33 open=0 tradesToday=1 bars=378 | arms=trend 0/0.00, breakout 1/-0.33
2025-10-09 19:01:50 INFO [HB] cooldn | src=POLL dayR=-0.33 open=0 tradesToday=1 bars=378 | arms=trend 0/0.00, breakout 1/-0.33
2025-10-09 19:01:50 INFO [HB] cooldn | src=POLL dayR=-0.33 open=0 tradesToday=1 bars=378 | arms=trend 0/0.00, breakout 1/-0.33
2025-10-09 19:01:51 INFO [HB] cooldn | src=POLL dayR=-0.33 open=0 tradesToday=1 bars=378 | arms=trend 0/0.00, breakout 1/-0.33
2025-10-09 19:01:51 INFO [HB] cooldn | src=POLL dayR=-0.33 open=0 tradesToday=1 bars=378 | arms=trend 0/0.00, breakout 1/-0.33
2025-10-09 19:01:52 INFO [HB] cooldn | src=POLL dayR=-0.33 open=0 tradesToday=1 bars=378 | arms=trend 0/0.00, breakout 1/-0.33
2025-10-09 19:01:52 INFO [HB] cooldn | src=POLL dayR=-0.33 open=0 tradesToday=1 bars=378 | arms=trend 0/0.00, breakout 1/-0.33
2025-10-09 19:01:53 INFO [HB] cooldn | src=POLL dayR=-0.33 open=0 tradesToday=1 bars=378 | arms=trend 0/0.00, breakout 1/-0.33
2025-10-09 19:01:53 INFO [HB] cooldn | src=POLL dayR=-0.33 open=0 tradesToday=1 bars=378 | arms=trend 0/0.00, breakout 1/-0.33
2025-10-09 19:01:54 INFO [HB] cooldn | src=POLL dayR=-0.33 open=0 tradesToday=1 bars=378 | arms=trend 0/0.00, breakout 1/-0.33
2025-10-09 19:01:54 INFO [HB] cooldn | src=POLL dayR=-0.33 open=0 tradesToday=1 bars=378 | arms=trend 0/0.00, breakout 1/-0.33
2025-10-09 19:01:55 INFO [HB] cooldn | src=POLL dayR=-0.33 open=0 tradesToday=1 bars=378 | arms=trend 0/0.00, breakout 1/-0.33
2025-10-09 19:01:55 INFO [HB] cooldn | src=POLL dayR=-0.33 open=0 tradesToday=1 bars=378 | arms=trend 0/0.00, breakout 1/-0.33
2025-10-09 19:01:56 INFO [HB] cooldn | src=POLL dayR=-0.33 open=0 tradesToday=1 bars=378 | arms=trend 0/0.00, breakout 1/-0.33
2025-10-09 19:01:56 INFO [HB] cooldn | src=POLL dayR=-0.33 open=0 tradesToday=1 bars=378 | arms=trend 0/0.00, breakout 1/-0.33
2025-10-09 19:01:57 INFO [HB] cooldn | src=POLL dayR=-0.33 open=0 tradesToday=1 bars=378 | arms=trend 0/0.00, breakout 1/-0.33
[MD] POLL appended bar 2025-10-09 19:01:50-05:00 close=6791.25 total=379
2025-10-09 19:01:57 INFO [HB] cooldn | src=POLL dayR=-0.33 open=0 tradesToday=1 bars=379 | arms=trend 0/0.00, breakout 1/-0.33
2025-10-09 19:01:58 INFO [HB] cooldn | src=POLL dayR=-0.33 open=0 tradesToday=1 bars=379 | arms=trend 0/0.00, breakout 1/-0.33
2025-10-09 19:01:58 INFO [HB] cooldn | src=POLL dayR=-0.33 open=0 tradesToday=1 bars=379 | arms=trend 0/0.00, breakout 1/-0.33
2025-10-09 19:01:59 INFO [HB] cooldn | src=POLL dayR=-0.33 open=0 tradesToday=1 bars=379 | arms=trend 0/0.00, breakout 1/-0.33
2025-10-09 19:01:59 INFO [HB] cooldn | src=POLL dayR=-0.33 open=0 tradesToday=1 bars=379 | arms=trend 0/0.00, breakout 1/-0.33
2025-10-09 19:02:00 INFO [HB] cooldn | src=POLL dayR=-0.33 open=0 tradesToday=1 bars=379 | arms=trend 0/0.00, breakout 1/-0.33
2025-10-09 19:02:00 INFO [HB] cooldn | src=POLL dayR=-0.33 open=0 tradesToday=1 bars=379 | arms=trend 0/0.00, breakout 1/-0.33
2025-10-09 19:02:01 INFO [HB] cooldn | src=POLL dayR=-0.33 open=0 tradesToday=1 bars=379 | arms=trend 0/0.00, breakout 1/-0.33
2025-10-09 19:02:01 INFO [HB] cooldn | src=POLL dayR=-0.33 open=0 tradesToday=1 bars=379 | arms=trend 0/0.00, breakout 1/-0.33
2025-10-09 19:02:02 INFO [HB] cooldn | src=POLL dayR=-0.33 open=0 tradesToday=1 bars=379 | arms=trend 0/0.00, breakout 1/-0.33
2025-10-09 19:02:02 INFO [HB] cooldn | src=POLL dayR=-0.33 open=0 tradesToday=1 bars=379 | arms=trend 0/0.00, breakout 1/-0.33
2025-10-09 19:02:03 INFO [HB] cooldn | src=POLL dayR=-0.33 open=0 tradesToday=1 bars=379 | arms=trend 0/0.00, breakout 1/-0.33
2025-10-09 19:02:03 INFO [HB] cooldn | src=POLL dayR=-0.33 open=0 tradesToday=1 bars=379 | arms=trend 0/0.00, breakout 1/-0.33
2025-10-09 19:02:04 INFO [HB] cooldn | src=POLL dayR=-0.33 open=0 tradesToday=1 bars=379 | arms=trend 0/0.00, breakout 1/-0.33
2025-10-09 19:02:04 INFO [HB] cooldn | src=POLL dayR=-0.33 open=0 tradesToday=1 bars=379 | arms=trend 0/0.00, breakout 1/-0.33
2025-10-09 19:02:05 INFO [HB] cooldn | src=POLL dayR=-0.33 open=0 tradesToday=1 bars=379 | arms=trend 0/0.00, breakout 1/-0.33
2025-10-09 19:02:05 INFO [HB] cooldn | src=POLL dayR=-0.33 open=0 tradesToday=1 bars=379 | arms=trend 0/0.00, breakout 1/-0.33
2025-10-09 19:02:06 INFO [HB] cooldn | src=POLL dayR=-0.33 open=0 tradesToday=1 bars=379 | arms=trend 0/0.00, breakout 1/-0.33
2025-10-09 19:02:06 INFO [HB] cooldn | src=POLL dayR=-0.33 open=0 tradesToday=1 bars=379 | arms=trend 0/0.00, breakout 1/-0.33
2025-10-09 19:02:07 INFO [HB] cooldn | src=POLL dayR=-0.33 open=0 tradesToday=1 bars=379 | arms=trend 0/0.00, breakout 1/-0.33
[MD] POLL appended bar 2025-10-09 19:02:00-05:00 close=6791.00 total=380
2025-10-09 19:02:07 INFO [HB] cooldn | src=POLL dayR=-0.33 open=0 tradesToday=1 bars=380 | arms=trend 0/0.00, breakout 1/-0.33
2025-10-09 19:02:08 INFO [HB] cooldn | src=POLL dayR=-0.33 open=0 tradesToday=1 bars=380 | arms=trend 0/0.00, breakout 1/-0.33
2025-10-09 19:02:08 INFO [HB] cooldn | src=POLL dayR=-0.33 open=0 tradesToday=1 bars=380 | arms=trend 0/0.00, breakout 1/-0.33
2025-10-09 19:02:09 INFO [HB] cooldn | src=POLL dayR=-0.33 open=0 tradesToday=1 bars=380 | arms=trend 0/0.00, breakout 1/-0.33
2025-10-09 19:02:09 INFO [HB] cooldn | src=POLL dayR=-0.33 open=0 tradesToday=1 bars=380 | arms=trend 0/0.00, breakout 1/-0.33
2025-10-09 19:02:10 INFO [HB] cooldn | src=POLL dayR=-0.33 open=0 tradesToday=1 bars=380 | arms=trend 0/0.00, breakout 1/-0.33
2025-10-09 19:02:10 INFO [HB] cooldn | src=POLL dayR=-0.33 open=0 tradesToday=1 bars=380 | arms=trend 0/0.00, breakout 1/-0.33
2025-10-09 19:02:11 INFO [HB] cooldn | src=POLL dayR=-0.33 open=0 tradesToday=1 bars=380 | arms=trend 0/0.00, breakout 1/-0.33
[2025-10-09 19:02:13] [WD] hb uptime=200s restarts=0 child_alive=True
[2025-10-09 19:02:18] [WD] hb uptime=205s restarts=0 child_alive=True
[2025-10-09 19:02:23] [WD] hb uptime=210s restarts=0 child_alive=True
[2025-10-09 19:02:28] [WD] hb uptime=215s restarts=0 child_alive=True
[2025-10-09 19:02:33] [WD] hb uptime=220s restarts=0 child_alive=True
[2025-10-09 19:02:38] [WD] hb uptime=225s restarts=0 child_alive=True
[2025-10-09 19:02:43] [WD] hb uptime=230s restarts=0 child_alive=True
2025-10-09 19:02:11 INFO [HB] cooldn | src=POLL dayR=-0.33 open=0 tradesToday=1 bars=380 | arms=trend 0/0.00, breakout 1/-0.33
2025-10-09 19:02:12 INFO [HB] cooldn | src=POLL dayR=-0.33 open=0 tradesToday=1 bars=380 | arms=trend 0/0.00, breakout 1/-0.33
2025-10-09 19:02:12 INFO [HB] cooldn | src=POLL dayR=-0.33 open=0 tradesToday=1 bars=380 | arms=trend 0/0.00, breakout 1/-0.33
2025-10-09 19:02:13 INFO [HB] cooldn | src=POLL dayR=-0.33 open=0 tradesToday=1 bars=380 | arms=trend 0/0.00, breakout 1/-0.33
2025-10-09 19:02:13 INFO [HB] cooldn | src=POLL dayR=-0.33 open=0 tradesToday=1 bars=380 | arms=trend 0/0.00, breakout 1/-0.33
2025-10-09 19:02:14 INFO [HB] cooldn | src=POLL dayR=-0.33 open=0 tradesToday=1 bars=380 | arms=trend 0/0.00, breakout 1/-0.33
2025-10-09 19:02:14 INFO [HB] cooldn | src=POLL dayR=-0.33 open=0 tradesToday=1 bars=380 | arms=trend 0/0.00, breakout 1/-0.33
2025-10-09 19:02:15 INFO [HB] cooldn | src=POLL dayR=-0.33 open=0 tradesToday=1 bars=380 | arms=trend 0/0.00, breakout 1/-0.33
2025-10-09 19:02:15 INFO [HB] cooldn | src=POLL dayR=-0.33 open=0 tradesToday=1 bars=380 | arms=trend 0/0.00, breakout 1/-0.33
2025-10-09 19:02:16 INFO [HB] cooldn | src=POLL dayR=-0.33 open=0 tradesToday=1 bars=380 | arms=trend 0/0.00, breakout 1/-0.33
2025-10-09 19:02:16 INFO [HB] cooldn | src=POLL dayR=-0.33 open=0 tradesToday=1 bars=380 | arms=trend 0/0.00, breakout 1/-0.33
2025-10-09 19:02:17 INFO [HB] cooldn | src=POLL dayR=-0.33 open=0 tradesToday=1 bars=380 | arms=trend 0/0.00, breakout 1/-0.33
[MD] POLL appended bar 2025-10-09 19:02:15-05:00 close=6791.25 total=381
2025-10-09 19:02:17 INFO [HB] cooldn | src=POLL dayR=-0.33 open=0 tradesToday=1 bars=381 | arms=trend 0/0.00, breakout 1/-0.33
2025-10-09 19:02:18 INFO [HB] cooldn | src=RT dayR=-0.33 open=0 tradesToday=1 bars=382 | arms=trend 0/0.00, breakout 1/-0.33
2025-10-09 19:02:18 INFO [HB] cooldn | src=RT dayR=-0.33 open=0 tradesToday=1 bars=382 | arms=trend 0/0.00, breakout 1/-0.33
2025-10-09 19:02:19 INFO [HB] cooldn | src=RT dayR=-0.33 open=0 tradesToday=1 bars=382 | arms=trend 0/0.00, breakout 1/-0.33
2025-10-09 19:02:19 INFO [HB] cooldn | src=RT dayR=-0.33 open=0 tradesToday=1 bars=382 | arms=trend 0/0.00, breakout 1/-0.33
2025-10-09 19:02:20 INFO [HB] cooldn | src=RT dayR=-0.33 open=0 tradesToday=1 bars=382 | arms=trend 0/0.00, breakout 1/-0.33
2025-10-09 19:02:20 INFO [HB] cooldn | src=RT dayR=-0.33 open=0 tradesToday=1 bars=382 | arms=trend 0/0.00, breakout 1/-0.33
2025-10-09 19:02:21 INFO [HB] cooldn | src=RT dayR=-0.33 open=0 tradesToday=1 bars=382 | arms=trend 0/0.00, breakout 1/-0.33
2025-10-09 19:02:21 INFO [HB] cooldn | src=RT dayR=-0.33 open=0 tradesToday=1 bars=382 | arms=trend 0/0.00, breakout 1/-0.33
2025-10-09 19:02:22 INFO [HB] cooldn | src=RT dayR=-0.33 open=0 tradesToday=1 bars=382 | arms=trend 0/0.00, breakout 1/-0.33
2025-10-09 19:02:22 INFO [HB] cooldn | src=RT dayR=-0.33 open=0 tradesToday=1 bars=382 | arms=trend 0/0.00, breakout 1/-0.33
2025-10-09 19:02:23 INFO [HB] cooldn | src=RT dayR=-0.33 open=0 tradesToday=1 bars=382 | arms=trend 0/0.00, breakout 1/-0.33
2025-10-09 19:02:23 INFO [HB] cooldn | src=RT dayR=-0.33 open=0 tradesToday=1 bars=382 | arms=trend 0/0.00, breakout 1/-0.33
2025-10-09 19:02:24 INFO [HB] cooldn | src=RT dayR=-0.33 open=0 tradesToday=1 bars=382 | arms=trend 0/0.00, breakout 1/-0.33
2025-10-09 19:02:24 INFO [HB] cooldn | src=RT dayR=-0.33 open=0 tradesToday=1 bars=382 | arms=trend 0/0.00, breakout 1/-0.33
2025-10-09 19:02:25 INFO [HB] cooldn | src=RT dayR=-0.33 open=0 tradesToday=1 bars=382 | arms=trend 0/0.00, breakout 1/-0.33
2025-10-09 19:02:25 INFO [HB] cooldn | src=RT dayR=-0.33 open=0 tradesToday=1 bars=382 | arms=trend 0/0.00, breakout 1/-0.33
2025-10-09 19:02:26 INFO [HB] cooldn | src=RT dayR=-0.33 open=0 tradesToday=1 bars=382 | arms=trend 0/0.00, breakout 1/-0.33
2025-10-09 19:02:26 INFO [HB] cooldn | src=RT dayR=-0.33 open=0 tradesToday=1 bars=382 | arms=trend 0/0.00, breakout 1/-0.33
2025-10-09 19:02:27 INFO [HB] cooldn | src=RT dayR=-0.33 open=0 tradesToday=1 bars=382 | arms=trend 0/0.00, breakout 1/-0.33
2025-10-09 19:02:27 INFO [HB] cooldn | src=RT dayR=-0.33 open=0 tradesToday=1 bars=382 | arms=trend 0/0.00, breakout 1/-0.33
2025-10-09 19:02:28 INFO [HB] cooldn | src=RT dayR=-0.33 open=0 tradesToday=1 bars=382 | arms=trend 0/0.00, breakout 1/-0.33
2025-10-09 19:02:28 INFO [HB] cooldn | src=RT dayR=-0.33 open=0 tradesToday=1 bars=382 | arms=trend 0/0.00, breakout 1/-0.33
2025-10-09 19:02:29 INFO [HB] cooldn | src=RT dayR=-0.33 open=0 tradesToday=1 bars=382 | arms=trend 0/0.00, breakout 1/-0.33
2025-10-09 19:02:29 INFO [HB] cooldn | src=RT dayR=-0.33 open=0 tradesToday=1 bars=382 | arms=trend 0/0.00, breakout 1/-0.33
2025-10-09 19:02:30 INFO [HB] cooldn | src=RT dayR=-0.33 open=0 tradesToday=1 bars=382 | arms=trend 0/0.00, breakout 1/-0.33
2025-10-09 19:02:30 INFO [HB] cooldn | src=RT dayR=-0.33 open=0 tradesToday=1 bars=382 | arms=trend 0/0.00, breakout 1/-0.33
2025-10-09 19:02:31 INFO [HB] cooldn | src=RT dayR=-0.33 open=0 tradesToday=1 bars=382 | arms=trend 0/0.00, breakout 1/-0.33
2025-10-09 19:02:31 INFO [HB] cooldn | src=RT dayR=-0.33 open=0 tradesToday=1 bars=382 | arms=trend 0/0.00, breakout 1/-0.33
2025-10-09 19:02:32 INFO [HB] cooldn | src=RT dayR=-0.33 open=0 tradesToday=1 bars=382 | arms=trend 0/0.00, breakout 1/-0.33
2025-10-09 19:02:32 INFO [HB] cooldn | src=RT dayR=-0.33 open=0 tradesToday=1 bars=382 | arms=trend 0/0.00, breakout 1/-0.33
2025-10-09 19:02:33 INFO [HB] cooldn | src=RT dayR=-0.33 open=0 tradesToday=1 bars=382 | arms=trend 0/0.00, breakout 1/-0.33
2025-10-09 19:02:33 INFO [HB] cooldn | src=RT dayR=-0.33 open=0 tradesToday=1 bars=382 | arms=trend 0/0.00, breakout 1/-0.33
2025-10-09 19:02:34 INFO [HB] cooldn | src=RT dayR=-0.33 open=0 tradesToday=1 bars=382 | arms=trend 0/0.00, breakout 1/-0.33
2025-10-09 19:02:34 INFO [HB] cooldn | src=RT dayR=-0.33 open=0 tradesToday=1 bars=382 | arms=trend 0/0.00, breakout 1/-0.33
2025-10-09 19:02:35 INFO [HB] cooldn | src=RT dayR=-0.33 open=0 tradesToday=1 bars=382 | arms=trend 0/0.00, breakout 1/-0.33
2025-10-09 19:02:35 INFO [HB] cooldn | src=RT dayR=-0.33 open=0 tradesToday=1 bars=382 | arms=trend 0/0.00, breakout 1/-0.33
2025-10-09 19:02:36 INFO [HB] cooldn | src=RT dayR=-0.33 open=0 tradesToday=1 bars=382 | arms=trend 0/0.00, breakout 1/-0.33
2025-10-09 19:02:36 INFO [HB] cooldn | src=RT dayR=-0.33 open=0 tradesToday=1 bars=382 | arms=trend 0/0.00, breakout 1/-0.33
2025-10-09 19:02:37 INFO [HB] cooldn | src=RT dayR=-0.33 open=0 tradesToday=1 bars=382 | arms=trend 0/0.00, breakout 1/-0.33
2025-10-09 19:02:37 INFO [HB] cooldn | src=RT dayR=-0.33 open=0 tradesToday=1 bars=382 | arms=trend 0/0.00, breakout 1/-0.33
[MD] POLL appended bar 2025-10-09 19:02:35-05:00 close=6791.25 total=383
2025-10-09 19:02:38 INFO [HB] cooldn | src=POLL dayR=-0.33 open=0 tradesToday=1 bars=383 | arms=trend 0/0.00, breakout 1/-0.33
2025-10-09 19:02:38 INFO [HB] cooldn | src=RT dayR=-0.33 open=0 tradesToday=1 bars=384 | arms=trend 0/0.00, breakout 1/-0.33
2025-10-09 19:02:39 INFO [HB] cooldn | src=RT dayR=-0.33 open=0 tradesToday=1 bars=384 | arms=trend 0/0.00, breakout 1/-0.33
2025-10-09 19:02:39 INFO [HB] cooldn | src=RT dayR=-0.33 open=0 tradesToday=1 bars=384 | arms=trend 0/0.00, breakout 1/-0.33
2025-10-09 19:02:40 INFO [HB] cooldn | src=RT dayR=-0.33 open=0 tradesToday=1 bars=384 | arms=trend 0/0.00, breakout 1/-0.33
2025-10-09 19:02:40 INFO [HB] cooldn | src=RT dayR=-0.33 open=0 tradesToday=1 bars=384 | arms=trend 0/0.00, breakout 1/-0.33
2025-10-09 19:02:41 INFO [HB] cooldn | src=RT dayR=-0.33 open=0 tradesToday=1 bars=384 | arms=trend 0/0.00, breakout 1/-0.33
2025-10-09 19:02:41 INFO [HB] cooldn | src=RT dayR=-0.33 open=0 tradesToday=1 bars=384 | arms=trend 0/0.00, breakout 1/-0.33
2025-10-09 19:02:42 INFO [HB] cooldn | src=RT dayR=-0.33 open=0 tradesToday=1 bars=384 | arms=trend 0/0.00, breakout 1/-0.33
2025-10-09 19:02:42 INFO [HB] cooldn | src=RT dayR=-0.33 open=0 tradesToday=1 bars=384 | arms=trend 0/0.00, breakout 1/-0.33
2025-10-09 19:02:43 INFO [HB] cooldn | src=RT dayR=-0.33 open=0 tradesToday=1 bars=384 | arms=trend 0/0.00, breakout 1/-0.33
[2025-10-09 19:02:48] [WD] hb uptime=235s restarts=0 child_alive=True
[2025-10-09 19:02:53] [WD] hb uptime=240s restarts=0 child_alive=True
[2025-10-09 19:02:58] [WD] hb uptime=245s restarts=0 child_alive=True
[2025-10-09 19:03:03] [WD] hb uptime=250s restarts=0 child_alive=True
[2025-10-09 19:03:08] [WD] hb uptime=255s restarts=0 child_alive=True
[2025-10-09 19:03:13] [WD] hb uptime=260s restarts=0 child_alive=True
2025-10-09 19:02:43 INFO [HB] cooldn | src=RT dayR=-0.33 open=0 tradesToday=1 bars=384 | arms=trend 0/0.00, breakout 1/-0.33
2025-10-09 19:02:44 INFO [HB] cooldn | src=RT dayR=-0.33 open=0 tradesToday=1 bars=384 | arms=trend 0/0.00, breakout 1/-0.33
2025-10-09 19:02:44 INFO [HB] cooldn | src=RT dayR=-0.33 open=0 tradesToday=1 bars=384 | arms=trend 0/0.00, breakout 1/-0.33
2025-10-09 19:02:45 INFO [HB] cooldn | src=RT dayR=-0.33 open=0 tradesToday=1 bars=384 | arms=trend 0/0.00, breakout 1/-0.33
2025-10-09 19:02:45 INFO [HB] cooldn | src=RT dayR=-0.33 open=0 tradesToday=1 bars=384 | arms=trend 0/0.00, breakout 1/-0.33
2025-10-09 19:02:46 INFO [HB] cooldn | src=RT dayR=-0.33 open=0 tradesToday=1 bars=384 | arms=trend 0/0.00, breakout 1/-0.33
2025-10-09 19:02:46 INFO [HB] cooldn | src=RT dayR=-0.33 open=0 tradesToday=1 bars=384 | arms=trend 0/0.00, breakout 1/-0.33
2025-10-09 19:02:47 INFO [HB] cooldn | src=RT dayR=-0.33 open=0 tradesToday=1 bars=384 | arms=trend 0/0.00, breakout 1/-0.33
2025-10-09 19:02:47 INFO [HB] cooldn | src=RT dayR=-0.33 open=0 tradesToday=1 bars=384 | arms=trend 0/0.00, breakout 1/-0.33
2025-10-09 19:02:48 INFO [HB] cooldn | src=RT dayR=-0.33 open=0 tradesToday=1 bars=384 | arms=trend 0/0.00, breakout 1/-0.33
2025-10-09 19:02:48 INFO [HB] cooldn | src=RT dayR=-0.33 open=0 tradesToday=1 bars=384 | arms=trend 0/0.00, breakout 1/-0.33
2025-10-09 19:02:49 INFO [HB] cooldn | src=RT dayR=-0.33 open=0 tradesToday=1 bars=384 | arms=trend 0/0.00, breakout 1/-0.33
2025-10-09 19:02:49 INFO [HB] cooldn | src=RT dayR=-0.33 open=0 tradesToday=1 bars=384 | arms=trend 0/0.00, breakout 1/-0.33
2025-10-09 19:02:50 INFO [HB] cooldn | src=RT dayR=-0.33 open=0 tradesToday=1 bars=384 | arms=trend 0/0.00, breakout 1/-0.33
2025-10-09 19:02:50 INFO [HB] cooldn | src=RT dayR=-0.33 open=0 tradesToday=1 bars=384 | arms=trend 0/0.00, breakout 1/-0.33
2025-10-09 19:02:51 INFO [HB] cooldn | src=RT dayR=-0.33 open=0 tradesToday=1 bars=384 | arms=trend 0/0.00, breakout 1/-0.33
2025-10-09 19:02:51 INFO [HB] cooldn | src=RT dayR=-0.33 open=0 tradesToday=1 bars=384 | arms=trend 0/0.00, breakout 1/-0.33
2025-10-09 19:02:52 INFO [HB] cooldn | src=RT dayR=-0.33 open=0 tradesToday=1 bars=384 | arms=trend 0/0.00, breakout 1/-0.33
2025-10-09 19:02:52 INFO [HB] cooldn | src=RT dayR=-0.33 open=0 tradesToday=1 bars=384 | arms=trend 0/0.00, breakout 1/-0.33
2025-10-09 19:02:53 INFO [HB] cooldn | src=RT dayR=-0.33 open=0 tradesToday=1 bars=384 | arms=trend 0/0.00, breakout 1/-0.33
2025-10-09 19:02:53 INFO [HB] cooldn | src=RT dayR=-0.33 open=0 tradesToday=1 bars=384 | arms=trend 0/0.00, breakout 1/-0.33
2025-10-09 19:02:54 INFO [HB] cooldn | src=RT dayR=-0.33 open=0 tradesToday=1 bars=384 | arms=trend 0/0.00, breakout 1/-0.33
2025-10-09 19:02:54 INFO [HB] cooldn | src=RT dayR=-0.33 open=0 tradesToday=1 bars=384 | arms=trend 0/0.00, breakout 1/-0.33
2025-10-09 19:02:55 INFO [HB] cooldn | src=RT dayR=-0.33 open=0 tradesToday=1 bars=384 | arms=trend 0/0.00, breakout 1/-0.33
2025-10-09 19:02:55 INFO [HB] cooldn | src=RT dayR=-0.33 open=0 tradesToday=1 bars=384 | arms=trend 0/0.00, breakout 1/-0.33
2025-10-09 19:02:56 INFO [HB] cooldn | src=RT dayR=-0.33 open=0 tradesToday=1 bars=384 | arms=trend 0/0.00, breakout 1/-0.33
2025-10-09 19:02:56 INFO [HB] cooldn | src=RT dayR=-0.33 open=0 tradesToday=1 bars=384 | arms=trend 0/0.00, breakout 1/-0.33
2025-10-09 19:02:57 INFO [HB] cooldn | src=RT dayR=-0.33 open=0 tradesToday=1 bars=384 | arms=trend 0/0.00, breakout 1/-0.33
2025-10-09 19:02:57 INFO [HB] cooldn | src=RT dayR=-0.33 open=0 tradesToday=1 bars=384 | arms=trend 0/0.00, breakout 1/-0.33
2025-10-09 19:02:58 INFO [HB] cooldn | src=RT dayR=-0.33 open=0 tradesToday=1 bars=384 | arms=trend 0/0.00, breakout 1/-0.33
[MD] POLL appended bar 2025-10-09 19:02:55-05:00 close=6790.75 total=385
2025-10-09 19:02:58 INFO [HB] cooldn | src=POLL dayR=-0.33 open=0 tradesToday=1 bars=385 | arms=trend 0/0.00, breakout 1/-0.33
2025-10-09 19:02:59 INFO [HB] cooldn | src=RT dayR=-0.33 open=0 tradesToday=1 bars=386 | arms=trend 0/0.00, breakout 1/-0.33
2025-10-09 19:03:00 INFO [HB] cooldn | src=RT dayR=-0.33 open=0 tradesToday=1 bars=386 | arms=trend 0/0.00, breakout 1/-0.33
2025-10-09 19:03:00 INFO [HB] cooldn | src=RT dayR=-0.33 open=0 tradesToday=1 bars=386 | arms=trend 0/0.00, breakout 1/-0.33
2025-10-09 19:03:01 INFO [HB] cooldn | src=RT dayR=-0.33 open=0 tradesToday=1 bars=386 | arms=trend 0/0.00, breakout 1/-0.33
2025-10-09 19:03:01 INFO [HB] cooldn | src=RT dayR=-0.33 open=0 tradesToday=1 bars=386 | arms=trend 0/0.00, breakout 1/-0.33
2025-10-09 19:03:02 INFO [HB] cooldn | src=RT dayR=-0.33 open=0 tradesToday=1 bars=386 | arms=trend 0/0.00, breakout 1/-0.33
2025-10-09 19:03:02 INFO [HB] cooldn | src=RT dayR=-0.33 open=0 tradesToday=1 bars=386 | arms=trend 0/0.00, breakout 1/-0.33
2025-10-09 19:03:03 INFO [HB] cooldn | src=RT dayR=-0.33 open=0 tradesToday=1 bars=386 | arms=trend 0/0.00, breakout 1/-0.33
2025-10-09 19:03:03 INFO [HB] cooldn | src=RT dayR=-0.33 open=0 tradesToday=1 bars=386 | arms=trend 0/0.00, breakout 1/-0.33
2025-10-09 19:03:04 INFO [HB] cooldn | src=RT dayR=-0.33 open=0 tradesToday=1 bars=386 | arms=trend 0/0.00, breakout 1/-0.33
2025-10-09 19:03:04 INFO [HB] cooldn | src=RT dayR=-0.33 open=0 tradesToday=1 bars=386 | arms=trend 0/0.00, breakout 1/-0.33
2025-10-09 19:03:05 INFO [HB] cooldn | src=RT dayR=-0.33 open=0 tradesToday=1 bars=386 | arms=trend 0/0.00, breakout 1/-0.33
2025-10-09 19:03:05 INFO [HB] cooldn | src=RT dayR=-0.33 open=0 tradesToday=1 bars=386 | arms=trend 0/0.00, breakout 1/-0.33
2025-10-09 19:03:06 INFO [HB] cooldn | src=RT dayR=-0.33 open=0 tradesToday=1 bars=386 | arms=trend 0/0.00, breakout 1/-0.33
2025-10-09 19:03:06 INFO [HB] cooldn | src=RT dayR=-0.33 open=0 tradesToday=1 bars=386 | arms=trend 0/0.00, breakout 1/-0.33
2025-10-09 19:03:07 INFO [HB] cooldn | src=RT dayR=-0.33 open=0 tradesToday=1 bars=386 | arms=trend 0/0.00, breakout 1/-0.33
2025-10-09 19:03:07 INFO [HB] cooldn | src=RT dayR=-0.33 open=0 tradesToday=1 bars=386 | arms=trend 0/0.00, breakout 1/-0.33
2025-10-09 19:03:08 INFO [HB] cooldn | src=RT dayR=-0.33 open=0 tradesToday=1 bars=386 | arms=trend 0/0.00, breakout 1/-0.33
2025-10-09 19:03:08 INFO [HB] cooldn | src=RT dayR=-0.33 open=0 tradesToday=1 bars=386 | arms=trend 0/0.00, breakout 1/-0.33
2025-10-09 19:03:09 INFO [HB] cooldn | src=RT dayR=-0.33 open=0 tradesToday=1 bars=386 | arms=trend 0/0.00, breakout 1/-0.33
2025-10-09 19:03:09 INFO [HB] cooldn | src=RT dayR=-0.33 open=0 tradesToday=1 bars=386 | arms=trend 0/0.00, breakout 1/-0.33
2025-10-09 19:03:10 INFO [HB] cooldn | src=RT dayR=-0.33 open=0 tradesToday=1 bars=386 | arms=trend 0/0.00, breakout 1/-0.33
2025-10-09 19:03:10 INFO [HB] cooldn | src=RT dayR=-0.33 open=0 tradesToday=1 bars=386 | arms=trend 0/0.00, breakout 1/-0.33
2025-10-09 19:03:11 INFO [HB] cooldn | src=RT dayR=-0.33 open=0 tradesToday=1 bars=386 | arms=trend 0/0.00, breakout 1/-0.33
2025-10-09 19:03:11 INFO [HB] cooldn | src=RT dayR=-0.33 open=0 tradesToday=1 bars=386 | arms=trend 0/0.00, breakout 1/-0.33
2025-10-09 19:03:12 INFO [HB] cooldn | src=RT dayR=-0.33 open=0 tradesToday=1 bars=386 | arms=trend 0/0.00, breakout 1/-0.33
2025-10-09 19:03:12 INFO [HB] cooldn | src=RT dayR=-0.33 open=0 tradesToday=1 bars=386 | arms=trend 0/0.00, breakout 1/-0.33
2025-10-09 19:03:13 INFO [HB] cooldn | src=RT dayR=-0.33 open=0 tradesToday=1 bars=386 | arms=trend 0/0.00, breakout 1/-0.33
2025-10-09 19:03:13 INFO [HB] cooldn | src=RT dayR=-0.33 open=0 tradesToday=1 bars=386 | arms=trend 0/0.00, breakout 1/-0.33
2025-10-09 19:03:14 INFO [HB] cooldn | src=RT dayR=-0.33 open=0 tradesToday=1 bars=386 | arms=trend 0/0.00, breakout 1/-0.33
2025-10-09 19:03:14 INFO [HB] cooldn | src=RT dayR=-0.33 open=0 tradesToday=1 bars=386 | arms=trend 0/0.00, breakout 1/-0.33
2025-10-09 19:03:15 INFO [HB] cooldn | src=RT dayR=-0.33 open=0 tradesToday=1 bars=386 | arms=trend 0/0.00, breakout 1/-0.33
2025-10-09 19:03:15 INFO [HB] cooldn | src=RT dayR=-0.33 open=0 tradesToday=1 bars=386 | arms=trend 0/0.00, breakout 1/-0.33
2025-10-09 19:03:16 INFO [HB] cooldn | src=RT dayR=-0.33 open=0 tradesToday=1 bars=386 | arms=trend 0/0.00, breakout 1/-0.33
[2025-10-09 19:03:18] [WD] hb uptime=265s restarts=0 child_alive=True
[2025-10-09 19:03:23] [WD] hb uptime=270s restarts=0 child_alive=True
[2025-10-09 19:03:28] [WD] hb uptime=275s restarts=0 child_alive=True
[2025-10-09 19:03:33] [WD] hb uptime=280s restarts=0 child_alive=True
[2025-10-09 19:03:38] [WD] hb uptime=285s restarts=0 child_alive=True
[2025-10-09 19:03:43] [WD] hb uptime=290s restarts=0 child_alive=True
2025-10-09 19:03:16 INFO [HB] cooldn | src=RT dayR=-0.33 open=0 tradesToday=1 bars=386 | arms=trend 0/0.00, breakout 1/-0.33
2025-10-09 19:03:17 INFO [HB] cooldn | src=RT dayR=-0.33 open=0 tradesToday=1 bars=386 | arms=trend 0/0.00, breakout 1/-0.33
2025-10-09 19:03:17 INFO [HB] active | src=RT dayR=-0.33 open=0 tradesToday=1 bars=386 | arms=trend 0/0.00, breakout 1/-0.33
2025-10-09 19:03:18 INFO [HB] active | src=RT dayR=-0.33 open=0 tradesToday=1 bars=386 | arms=trend 0/0.00, breakout 1/-0.33
2025-10-09 19:03:18 INFO [HB] active | src=RT dayR=-0.33 open=0 tradesToday=1 bars=386 | arms=trend 0/0.00, breakout 1/-0.33
2025-10-09 19:03:19 INFO [HB] active | src=RT dayR=-0.33 open=0 tradesToday=1 bars=386 | arms=trend 0/0.00, breakout 1/-0.33
[MD] POLL appended bar 2025-10-09 19:03:15-05:00 close=6790.75 total=387
2025-10-09 19:03:19 INFO [HB] active | src=POLL dayR=-0.33 open=0 tradesToday=1 bars=387 | arms=trend 0/0.00, breakout 1/-0.33
2025-10-09 19:03:20 INFO [HB] active | src=RT dayR=-0.33 open=0 tradesToday=1 bars=388 | arms=trend 0/0.00, breakout 1/-0.33
2025-10-09 19:03:20 INFO [HB] active | src=RT dayR=-0.33 open=0 tradesToday=1 bars=388 | arms=trend 0/0.00, breakout 1/-0.33
2025-10-09 19:03:21 INFO [HB] active | src=RT dayR=-0.33 open=0 tradesToday=1 bars=388 | arms=trend 0/0.00, breakout 1/-0.33
2025-10-09 19:03:21 INFO [HB] active | src=RT dayR=-0.33 open=0 tradesToday=1 bars=388 | arms=trend 0/0.00, breakout 1/-0.33
2025-10-09 19:03:22 INFO [HB] active | src=RT dayR=-0.33 open=0 tradesToday=1 bars=388 | arms=trend 0/0.00, breakout 1/-0.33
2025-10-09 19:03:22 INFO [HB] active | src=RT dayR=-0.33 open=0 tradesToday=1 bars=388 | arms=trend 0/0.00, breakout 1/-0.33
2025-10-09 19:03:23 INFO [HB] active | src=RT dayR=-0.33 open=0 tradesToday=1 bars=388 | arms=trend 0/0.00, breakout 1/-0.33
2025-10-09 19:03:23 INFO [HB] active | src=RT dayR=-0.33 open=0 tradesToday=1 bars=388 | arms=trend 0/0.00, breakout 1/-0.33
2025-10-09 19:03:24 INFO [HB] active | src=RT dayR=-0.33 open=0 tradesToday=1 bars=388 | arms=trend 0/0.00, breakout 1/-0.33
2025-10-09 19:03:24 INFO [HB] active | src=RT dayR=-0.33 open=0 tradesToday=1 bars=388 | arms=trend 0/0.00, breakout 1/-0.33
2025-10-09 19:03:25 INFO [HB] active | src=RT dayR=-0.33 open=0 tradesToday=1 bars=388 | arms=trend 0/0.00, breakout 1/-0.33
2025-10-09 19:03:25 INFO [HB] active | src=RT dayR=-0.33 open=0 tradesToday=1 bars=388 | arms=trend 0/0.00, breakout 1/-0.33
2025-10-09 19:03:26 INFO [HB] active | src=RT dayR=-0.33 open=0 tradesToday=1 bars=388 | arms=trend 0/0.00, breakout 1/-0.33
2025-10-09 19:03:26 INFO [HB] active | src=RT dayR=-0.33 open=0 tradesToday=1 bars=388 | arms=trend 0/0.00, breakout 1/-0.33
2025-10-09 19:03:27 INFO [HB] active | src=RT dayR=-0.33 open=0 tradesToday=1 bars=388 | arms=trend 0/0.00, breakout 1/-0.33
2025-10-09 19:03:27 INFO [HB] active | src=RT dayR=-0.33 open=0 tradesToday=1 bars=388 | arms=trend 0/0.00, breakout 1/-0.33
2025-10-09 19:03:28 INFO [HB] active | src=RT dayR=-0.33 open=0 tradesToday=1 bars=388 | arms=trend 0/0.00, breakout 1/-0.33
2025-10-09 19:03:28 INFO [HB] active | src=RT dayR=-0.33 open=0 tradesToday=1 bars=388 | arms=trend 0/0.00, breakout 1/-0.33
2025-10-09 19:03:29 INFO [HB] active | src=RT dayR=-0.33 open=0 tradesToday=1 bars=388 | arms=trend 0/0.00, breakout 1/-0.33
2025-10-09 19:03:29 INFO [HB] active | src=RT dayR=-0.33 open=0 tradesToday=1 bars=388 | arms=trend 0/0.00, breakout 1/-0.33
2025-10-09 19:03:30 INFO [HB] active | src=RT dayR=-0.33 open=0 tradesToday=1 bars=388 | arms=trend 0/0.00, breakout 1/-0.33
2025-10-09 19:03:30 INFO [HB] active | src=RT dayR=-0.33 open=0 tradesToday=1 bars=388 | arms=trend 0/0.00, breakout 1/-0.33
2025-10-09 19:03:31 INFO [HB] active | src=RT dayR=-0.33 open=0 tradesToday=1 bars=388 | arms=trend 0/0.00, breakout 1/-0.33
2025-10-09 19:03:31 INFO [HB] active | src=RT dayR=-0.33 open=0 tradesToday=1 bars=388 | arms=trend 0/0.00, breakout 1/-0.33
2025-10-09 19:03:32 INFO [HB] active | src=RT dayR=-0.33 open=0 tradesToday=1 bars=388 | arms=trend 0/0.00, breakout 1/-0.33
2025-10-09 19:03:32 INFO [HB] active | src=RT dayR=-0.33 open=0 tradesToday=1 bars=388 | arms=trend 0/0.00, breakout 1/-0.33
2025-10-09 19:03:33 INFO [HB] active | src=RT dayR=-0.33 open=0 tradesToday=1 bars=388 | arms=trend 0/0.00, breakout 1/-0.33
2025-10-09 19:03:33 INFO [HB] active | src=RT dayR=-0.33 open=0 tradesToday=1 bars=388 | arms=trend 0/0.00, breakout 1/-0.33
2025-10-09 19:03:34 INFO [HB] active | src=RT dayR=-0.33 open=0 tradesToday=1 bars=388 | arms=trend 0/0.00, breakout 1/-0.33
2025-10-09 19:03:34 INFO [HB] active | src=RT dayR=-0.33 open=0 tradesToday=1 bars=388 | arms=trend 0/0.00, breakout 1/-0.33
2025-10-09 19:03:35 INFO [HB] active | src=RT dayR=-0.33 open=0 tradesToday=1 bars=388 | arms=trend 0/0.00, breakout 1/-0.33
2025-10-09 19:03:35 INFO [HB] active | src=RT dayR=-0.33 open=0 tradesToday=1 bars=388 | arms=trend 0/0.00, breakout 1/-0.33
2025-10-09 19:03:36 INFO [HB] active | src=RT dayR=-0.33 open=0 tradesToday=1 bars=388 | arms=trend 0/0.00, breakout 1/-0.33
2025-10-09 19:03:36 INFO [HB] active | src=RT dayR=-0.33 open=0 tradesToday=1 bars=388 | arms=trend 0/0.00, breakout 1/-0.33
2025-10-09 19:03:37 INFO [HB] active | src=RT dayR=-0.33 open=0 tradesToday=1 bars=388 | arms=trend 0/0.00, breakout 1/-0.33
2025-10-09 19:03:37 INFO [HB] active | src=RT dayR=-0.33 open=0 tradesToday=1 bars=388 | arms=trend 0/0.00, breakout 1/-0.33
2025-10-09 19:03:38 INFO [HB] active | src=RT dayR=-0.33 open=0 tradesToday=1 bars=388 | arms=trend 0/0.00, breakout 1/-0.33
2025-10-09 19:03:38 INFO [HB] active | src=RT dayR=-0.33 open=0 tradesToday=1 bars=388 | arms=trend 0/0.00, breakout 1/-0.33
2025-10-09 19:03:39 INFO [HB] active | src=RT dayR=-0.33 open=0 tradesToday=1 bars=388 | arms=trend 0/0.00, breakout 1/-0.33
2025-10-09 19:03:39 INFO [HB] active | src=RT dayR=-0.33 open=0 tradesToday=1 bars=388 | arms=trend 0/0.00, breakout 1/-0.33
[MD] POLL appended bar 2025-10-09 19:03:35-05:00 close=6790.75 total=389
2025-10-09 19:03:40 INFO [HB] active | src=POLL dayR=-0.33 open=0 tradesToday=1 bars=389 | arms=trend 0/0.00, breakout 1/-0.33
2025-10-09 19:03:40 INFO [HB] active | src=RT dayR=-0.33 open=0 tradesToday=1 bars=390 | arms=trend 0/0.00, breakout 1/-0.33
2025-10-09 19:03:41 INFO [HB] active | src=RT dayR=-0.33 open=0 tradesToday=1 bars=390 | arms=trend 0/0.00, breakout 1/-0.33
2025-10-09 19:03:41 INFO [HB] active | src=RT dayR=-0.33 open=0 tradesToday=1 bars=390 | arms=trend 0/0.00, breakout 1/-0.33
2025-10-09 19:03:42 INFO [HB] active | src=RT dayR=-0.33 open=0 tradesToday=1 bars=390 | arms=trend 0/0.00, breakout 1/-0.33
2025-10-09 19:03:42 INFO [HB] active | src=RT dayR=-0.33 open=0 tradesToday=1 bars=390 | arms=trend 0/0.00, breakout 1/-0.33
2025-10-09 19:03:43 INFO [HB] active | src=RT dayR=-0.33 open=0 tradesToday=1 bars=390 | arms=trend 0/0.00, breakout 1/-0.33
2025-10-09 19:03:43 INFO [HB] active | src=RT dayR=-0.33 open=0 tradesToday=1 bars=390 | arms=trend 0/0.00, breakout 1/-0.33
2025-10-09 19:03:44 INFO [HB] active | src=RT dayR=-0.33 open=0 tradesToday=1 bars=390 | arms=trend 0/0.00, breakout 1/-0.33
2025-10-09 19:03:44 INFO [HB] active | src=RT dayR=-0.33 open=0 tradesToday=1 bars=390 | arms=trend 0/0.00, breakout 1/-0.33
2025-10-09 19:03:45 INFO [HB] active | src=RT dayR=-0.33 open=0 tradesToday=1 bars=390 | arms=trend 0/0.00, breakout 1/-0.33
2025-10-09 19:03:45 INFO [HB] active | src=RT dayR=-0.33 open=0 tradesToday=1 bars=390 | arms=trend 0/0.00, breakout 1/-0.33
2025-10-09 19:03:46 INFO [HB] active | src=RT dayR=-0.33 open=0 tradesToday=1 bars=390 | arms=trend 0/0.00, breakout 1/-0.33
2025-10-09 19:03:46 INFO [HB] active | src=RT dayR=-0.33 open=0 tradesToday=1 bars=390 | arms=trend 0/0.00, breakout 1/-0.33
2025-10-09 19:03:47 INFO [HB] active | src=RT dayR=-0.33 open=0 tradesToday=1 bars=390 | arms=trend 0/0.00, breakout 1/-0.33
2025-10-09 19:03:47 INFO [HB] active | src=RT dayR=-0.33 open=0 tradesToday=1 bars=390 | arms=trend 0/0.00, breakout 1/-0.33
2025-10-09 19:03:48 INFO [HB] active | src=RT dayR=-0.33 open=0 tradesToday=1 bars=390 | arms=trend 0/0.00, breakout 1/-0.33
[2025-10-09 19:03:48] [WD] hb uptime=295s restarts=0 child_alive=True
[2025-10-09 19:03:53] [WD] hb uptime=300s restarts=0 child_alive=True
[2025-10-09 19:03:58] [WD] hb uptime=305s restarts=0 child_alive=True
[2025-10-09 19:04:03] [WD] hb uptime=310s restarts=0 child_alive=True
[2025-10-09 19:04:08] [WD] hb uptime=315s restarts=0 child_alive=True
[2025-10-09 19:04:13] [WD] hb uptime=320s restarts=0 child_alive=True
[2025-10-09 19:04:18] [WD] hb uptime=325s restarts=0 child_alive=True
2025-10-09 19:03:48 INFO [HB] active | src=RT dayR=-0.33 open=0 tradesToday=1 bars=390 | arms=trend 0/0.00, breakout 1/-0.33
2025-10-09 19:03:49 INFO [HB] active | src=RT dayR=-0.33 open=0 tradesToday=1 bars=390 | arms=trend 0/0.00, breakout 1/-0.33
2025-10-09 19:03:49 INFO [HB] active | src=RT dayR=-0.33 open=0 tradesToday=1 bars=390 | arms=trend 0/0.00, breakout 1/-0.33
2025-10-09 19:03:50 INFO [HB] active | src=RT dayR=-0.33 open=0 tradesToday=1 bars=390 | arms=trend 0/0.00, breakout 1/-0.33
2025-10-09 19:03:50 INFO [HB] active | src=RT dayR=-0.33 open=0 tradesToday=1 bars=390 | arms=trend 0/0.00, breakout 1/-0.33
2025-10-09 19:03:51 INFO [HB] active | src=RT dayR=-0.33 open=0 tradesToday=1 bars=390 | arms=trend 0/0.00, breakout 1/-0.33
2025-10-09 19:03:51 INFO [HB] active | src=RT dayR=-0.33 open=0 tradesToday=1 bars=390 | arms=trend 0/0.00, breakout 1/-0.33
2025-10-09 19:03:52 INFO [HB] active | src=RT dayR=-0.33 open=0 tradesToday=1 bars=390 | arms=trend 0/0.00, breakout 1/-0.33
2025-10-09 19:03:52 INFO [HB] active | src=RT dayR=-0.33 open=0 tradesToday=1 bars=390 | arms=trend 0/0.00, breakout 1/-0.33
2025-10-09 19:03:53 INFO [HB] active | src=RT dayR=-0.33 open=0 tradesToday=1 bars=390 | arms=trend 0/0.00, breakout 1/-0.33
2025-10-09 19:03:53 INFO [HB] active | src=RT dayR=-0.33 open=0 tradesToday=1 bars=390 | arms=trend 0/0.00, breakout 1/-0.33
2025-10-09 19:03:54 INFO [HB] active | src=RT dayR=-0.33 open=0 tradesToday=1 bars=390 | arms=trend 0/0.00, breakout 1/-0.33
2025-10-09 19:03:54 INFO [HB] active | src=RT dayR=-0.33 open=0 tradesToday=1 bars=390 | arms=trend 0/0.00, breakout 1/-0.33
2025-10-09 19:03:55 INFO [HB] active | src=RT dayR=-0.33 open=0 tradesToday=1 bars=390 | arms=trend 0/0.00, breakout 1/-0.33
2025-10-09 19:03:55 INFO [HB] active | src=RT dayR=-0.33 open=0 tradesToday=1 bars=390 | arms=trend 0/0.00, breakout 1/-0.33
2025-10-09 19:03:56 INFO [HB] active | src=RT dayR=-0.33 open=0 tradesToday=1 bars=390 | arms=trend 0/0.00, breakout 1/-0.33
2025-10-09 19:03:56 INFO [HB] active | src=RT dayR=-0.33 open=0 tradesToday=1 bars=390 | arms=trend 0/0.00, breakout 1/-0.33
2025-10-09 19:03:57 INFO [HB] active | src=RT dayR=-0.33 open=0 tradesToday=1 bars=390 | arms=trend 0/0.00, breakout 1/-0.33
2025-10-09 19:03:57 INFO [HB] active | src=RT dayR=-0.33 open=0 tradesToday=1 bars=390 | arms=trend 0/0.00, breakout 1/-0.33
2025-10-09 19:03:58 INFO [HB] active | src=RT dayR=-0.33 open=0 tradesToday=1 bars=390 | arms=trend 0/0.00, breakout 1/-0.33
2025-10-09 19:03:58 INFO [HB] active | src=RT dayR=-0.33 open=0 tradesToday=1 bars=390 | arms=trend 0/0.00, breakout 1/-0.33
2025-10-09 19:03:59 INFO [HB] active | src=RT dayR=-0.33 open=0 tradesToday=1 bars=390 | arms=trend 0/0.00, breakout 1/-0.33
2025-10-09 19:03:59 INFO [HB] active | src=RT dayR=-0.33 open=0 tradesToday=1 bars=390 | arms=trend 0/0.00, breakout 1/-0.33
2025-10-09 19:04:00 INFO [HB] active | src=RT dayR=-0.33 open=0 tradesToday=1 bars=390 | arms=trend 0/0.00, breakout 1/-0.33
[MD] POLL appended bar 2025-10-09 19:03:55-05:00 close=6790.50 total=391
2025-10-09 19:04:00 INFO [HB] active | src=POLL dayR=-0.33 open=0 tradesToday=1 bars=391 | arms=trend 0/0.00, breakout 1/-0.33
2025-10-10 00:04:00 INFO [BRACKET] oid=5284 BUY qty=1.0 entry=6791.00 sl=6788.00 tp=6794.00 oca=OCO-1760054640
2025-10-09 19:04:01 INFO [HB] active | src=RT dayR=-0.33 open=1 tradesToday=1 bars=392 | arms=trend 0/0.00, breakout 1/-0.33
2025-10-09 19:04:01 INFO [HB] active | src=RT dayR=-0.33 open=1 tradesToday=1 bars=392 | arms=trend 0/0.00, breakout 1/-0.33
2025-10-09 19:04:02 INFO [HB] active | src=RT dayR=-0.33 open=1 tradesToday=1 bars=392 | arms=trend 0/0.00, breakout 1/-0.33
2025-10-09 19:04:02 INFO [HB] active | src=RT dayR=-0.33 open=1 tradesToday=1 bars=392 | arms=trend 0/0.00, breakout 1/-0.33
2025-10-09 19:04:03 INFO [HB] active | src=RT dayR=-0.33 open=1 tradesToday=1 bars=392 | arms=trend 0/0.00, breakout 1/-0.33
2025-10-09 19:04:03 INFO [HB] active | src=RT dayR=-0.33 open=1 tradesToday=1 bars=392 | arms=trend 0/0.00, breakout 1/-0.33
2025-10-09 19:04:04 INFO [HB] active | src=RT dayR=-0.33 open=1 tradesToday=1 bars=392 | arms=trend 0/0.00, breakout 1/-0.33
2025-10-09 19:04:04 INFO [HB] active | src=RT dayR=-0.33 open=1 tradesToday=1 bars=392 | arms=trend 0/0.00, breakout 1/-0.33
2025-10-09 19:04:05 INFO [HB] active | src=RT dayR=-0.33 open=1 tradesToday=1 bars=392 | arms=trend 0/0.00, breakout 1/-0.33
2025-10-09 19:04:05 INFO [HB] active | src=RT dayR=-0.33 open=1 tradesToday=1 bars=392 | arms=trend 0/0.00, breakout 1/-0.33
2025-10-09 19:04:06 INFO [HB] active | src=RT dayR=-0.33 open=1 tradesToday=1 bars=392 | arms=trend 0/0.00, breakout 1/-0.33
2025-10-09 19:04:06 INFO [HB] active | src=RT dayR=-0.33 open=1 tradesToday=1 bars=392 | arms=trend 0/0.00, breakout 1/-0.33
2025-10-09 19:04:07 INFO [HB] active | src=RT dayR=-0.33 open=1 tradesToday=1 bars=392 | arms=trend 0/0.00, breakout 1/-0.33
2025-10-09 19:04:07 INFO [HB] active | src=RT dayR=-0.33 open=1 tradesToday=1 bars=392 | arms=trend 0/0.00, breakout 1/-0.33
2025-10-09 19:04:08 INFO [HB] active | src=RT dayR=-0.33 open=1 tradesToday=1 bars=392 | arms=trend 0/0.00, breakout 1/-0.33
2025-10-09 19:04:08 INFO [HB] active | src=RT dayR=-0.33 open=1 tradesToday=1 bars=392 | arms=trend 0/0.00, breakout 1/-0.33
2025-10-09 19:04:09 INFO [HB] active | src=RT dayR=-0.33 open=1 tradesToday=1 bars=392 | arms=trend 0/0.00, breakout 1/-0.33
2025-10-09 19:04:09 INFO [HB] active | src=RT dayR=-0.33 open=1 tradesToday=1 bars=392 | arms=trend 0/0.00, breakout 1/-0.33
2025-10-09 19:04:10 INFO [HB] active | src=RT dayR=-0.33 open=1 tradesToday=1 bars=392 | arms=trend 0/0.00, breakout 1/-0.33
2025-10-09 19:04:10 INFO [HB] active | src=RT dayR=-0.33 open=1 tradesToday=1 bars=392 | arms=trend 0/0.00, breakout 1/-0.33
2025-10-09 19:04:11 INFO [HB] active | src=RT dayR=-0.33 open=1 tradesToday=1 bars=392 | arms=trend 0/0.00, breakout 1/-0.33
2025-10-09 19:04:11 INFO [HB] active | src=RT dayR=-0.33 open=1 tradesToday=1 bars=392 | arms=trend 0/0.00, breakout 1/-0.33
2025-10-09 19:04:12 INFO [HB] active | src=RT dayR=-0.33 open=1 tradesToday=1 bars=392 | arms=trend 0/0.00, breakout 1/-0.33
2025-10-09 19:04:12 INFO [HB] active | src=RT dayR=-0.33 open=1 tradesToday=1 bars=392 | arms=trend 0/0.00, breakout 1/-0.33
2025-10-09 19:04:13 INFO [HB] active | src=RT dayR=-0.33 open=1 tradesToday=1 bars=392 | arms=trend 0/0.00, breakout 1/-0.33
2025-10-09 19:04:13 INFO [HB] active | src=RT dayR=-0.33 open=1 tradesToday=1 bars=392 | arms=trend 0/0.00, breakout 1/-0.33
2025-10-09 19:04:14 INFO [HB] active | src=RT dayR=-0.33 open=1 tradesToday=1 bars=392 | arms=trend 0/0.00, breakout 1/-0.33
2025-10-09 19:04:14 INFO [HB] active | src=RT dayR=-0.33 open=1 tradesToday=1 bars=392 | arms=trend 0/0.00, breakout 1/-0.33
2025-10-09 19:04:15 INFO [HB] active | src=RT dayR=-0.33 open=1 tradesToday=1 bars=392 | arms=trend 0/0.00, breakout 1/-0.33
2025-10-09 19:04:15 INFO [HB] active | src=RT dayR=-0.33 open=1 tradesToday=1 bars=392 | arms=trend 0/0.00, breakout 1/-0.33
2025-10-09 19:04:16 INFO [HB] active | src=RT dayR=-0.33 open=1 tradesToday=1 bars=392 | arms=trend 0/0.00, breakout 1/-0.33
2025-10-09 19:04:16 INFO [HB] active | src=RT dayR=-0.33 open=1 tradesToday=1 bars=392 | arms=trend 0/0.00, breakout 1/-0.33
2025-10-09 19:04:17 INFO [HB] active | src=RT dayR=-0.33 open=1 tradesToday=1 bars=392 | arms=trend 0/0.00, breakout 1/-0.33
2025-10-09 19:04:17 INFO [HB] active | src=RT dayR=-0.33 open=1 tradesToday=1 bars=392 | arms=trend 0/0.00, breakout 1/-0.33
2025-10-09 19:04:18 INFO [HB] active | src=RT dayR=-0.33 open=1 tradesToday=1 bars=392 | arms=trend 0/0.00, breakout 1/-0.33
2025-10-09 19:04:18 INFO [HB] active | src=RT dayR=-0.33 open=1 tradesToday=1 bars=392 | arms=trend 0/0.00, breakout 1/-0.33
2025-10-09 19:04:19 INFO [HB] active | src=RT dayR=-0.33 open=1 tradesToday=1 bars=392 | arms=trend 0/0.00, breakout 1/-0.33
2025-10-09 19:04:19 INFO [HB] active | src=RT dayR=-0.33 open=1 tradesToday=1 bars=392 | arms=trend 0/0.00, breakout 1/-0.33
2025-10-09 19:04:20 INFO [HB] active | src=RT dayR=-0.33 open=1 tradesToday=1 bars=392 | arms=trend 0/0.00, breakout 1/-0.33
[2025-10-09 19:04:23] [WD] hb uptime=330s restarts=0 child_alive=True
[2025-10-09 19:04:28] [WD] hb uptime=335s restarts=0 child_alive=True
[2025-10-09 19:04:33] [WD] hb uptime=340s restarts=0 child_alive=True
[2025-10-09 19:04:38] [WD] hb uptime=345s restarts=0 child_alive=True
2025-10-09 19:04:20 INFO [HB] active | src=RT dayR=-0.33 open=1 tradesToday=1 bars=392 | arms=trend 0/0.00, breakout 1/-0.33
[MD] POLL appended bar 2025-10-09 19:04:15-05:00 close=6790.00 total=393
2025-10-09 19:04:21 INFO [HB] active | src=POLL dayR=-0.33 open=1 tradesToday=1 bars=393 | arms=trend 0/0.00, breakout 1/-0.33
2025-10-09 19:04:22 INFO [HB] active | src=RT dayR=-0.33 open=1 tradesToday=1 bars=394 | arms=trend 0/0.00, breakout 1/-0.33
2025-10-09 19:04:22 INFO [HB] active | src=RT dayR=-0.33 open=1 tradesToday=1 bars=394 | arms=trend 0/0.00, breakout 1/-0.33
2025-10-09 19:04:23 INFO [HB] active | src=RT dayR=-0.33 open=1 tradesToday=1 bars=394 | arms=trend 0/0.00, breakout 1/-0.33
2025-10-09 19:04:23 INFO [HB] active | src=RT dayR=-0.33 open=1 tradesToday=1 bars=394 | arms=trend 0/0.00, breakout 1/-0.33
2025-10-09 19:04:24 INFO [HB] active | src=RT dayR=-0.33 open=1 tradesToday=1 bars=394 | arms=trend 0/0.00, breakout 1/-0.33
2025-10-09 19:04:24 INFO [HB] active | src=RT dayR=-0.33 open=1 tradesToday=1 bars=394 | arms=trend 0/0.00, breakout 1/-0.33
2025-10-09 19:04:25 INFO [HB] active | src=RT dayR=-0.33 open=1 tradesToday=1 bars=394 | arms=trend 0/0.00, breakout 1/-0.33
2025-10-09 19:04:25 INFO [HB] active | src=RT dayR=-0.33 open=1 tradesToday=1 bars=394 | arms=trend 0/0.00, breakout 1/-0.33
2025-10-09 19:04:26 INFO [HB] active | src=RT dayR=-0.33 open=1 tradesToday=1 bars=394 | arms=trend 0/0.00, breakout 1/-0.33
2025-10-09 19:04:26 INFO [HB] active | src=RT dayR=-0.33 open=1 tradesToday=1 bars=394 | arms=trend 0/0.00, breakout 1/-0.33
2025-10-09 19:04:27 INFO [HB] active | src=RT dayR=-0.33 open=1 tradesToday=1 bars=394 | arms=trend 0/0.00, breakout 1/-0.33
2025-10-09 19:04:27 INFO [HB] active | src=RT dayR=-0.33 open=1 tradesToday=1 bars=394 | arms=trend 0/0.00, breakout 1/-0.33
2025-10-09 19:04:28 INFO [HB] active | src=RT dayR=-0.33 open=1 tradesToday=1 bars=394 | arms=trend 0/0.00, breakout 1/-0.33
2025-10-09 19:04:28 INFO [HB] active | src=RT dayR=-0.33 open=1 tradesToday=1 bars=394 | arms=trend 0/0.00, breakout 1/-0.33
2025-10-09 19:04:29 INFO [HB] active | src=RT dayR=-0.33 open=1 tradesToday=1 bars=394 | arms=trend 0/0.00, breakout 1/-0.33
2025-10-09 19:04:29 INFO [HB] active | src=RT dayR=-0.33 open=1 tradesToday=1 bars=394 | arms=trend 0/0.00, breakout 1/-0.33
2025-10-09 19:04:30 INFO [HB] active | src=RT dayR=-0.33 open=1 tradesToday=1 bars=394 | arms=trend 0/0.00, breakout 1/-0.33
2025-10-09 19:04:30 INFO [HB] active | src=RT dayR=-0.33 open=1 tradesToday=1 bars=394 | arms=trend 0/0.00, breakout 1/-0.33
2025-10-09 19:04:31 INFO [HB] active | src=RT dayR=-0.33 open=1 tradesToday=1 bars=394 | arms=trend 0/0.00, breakout 1/-0.33
2025-10-09 19:04:31 INFO [HB] active | src=RT dayR=-0.33 open=1 tradesToday=1 bars=394 | arms=trend 0/0.00, breakout 1/-0.33
2025-10-09 19:04:32 INFO [HB] active | src=RT dayR=-0.33 open=1 tradesToday=1 bars=394 | arms=trend 0/0.00, breakout 1/-0.33
2025-10-09 19:04:32 INFO [HB] active | src=RT dayR=-0.33 open=1 tradesToday=1 bars=394 | arms=trend 0/0.00, breakout 1/-0.33
2025-10-09 19:04:33 INFO [HB] active | src=RT dayR=-0.33 open=1 tradesToday=1 bars=394 | arms=trend 0/0.00, breakout 1/-0.33
2025-10-09 19:04:33 INFO [HB] active | src=RT dayR=-0.33 open=1 tradesToday=1 bars=394 | arms=trend 0/0.00, breakout 1/-0.33
2025-10-09 19:04:34 INFO [HB] active | src=RT dayR=-0.33 open=1 tradesToday=1 bars=394 | arms=trend 0/0.00, breakout 1/-0.33
2025-10-09 19:04:34 INFO [HB] active | src=RT dayR=-0.33 open=1 tradesToday=1 bars=394 | arms=trend 0/0.00, breakout 1/-0.33
2025-10-09 19:04:35 INFO [HB] active | src=RT dayR=-0.33 open=1 tradesToday=1 bars=394 | arms=trend 0/0.00, breakout 1/-0.33
2025-10-09 19:04:35 INFO [HB] active | src=RT dayR=-0.33 open=1 tradesToday=1 bars=394 | arms=trend 0/0.00, breakout 1/-0.33
2025-10-09 19:04:36 INFO [HB] active | src=RT dayR=-0.33 open=1 tradesToday=1 bars=394 | arms=trend 0/0.00, breakout 1/-0.33
2025-10-09 19:04:36 INFO [HB] active | src=RT dayR=-0.33 open=1 tradesToday=1 bars=394 | arms=trend 0/0.00, breakout 1/-0.33
2025-10-09 19:04:37 INFO [HB] active | src=RT dayR=-0.33 open=1 tradesToday=1 bars=394 | arms=trend 0/0.00, breakout 1/-0.33
2025-10-09 19:04:37 INFO [HB] active | src=RT dayR=-0.33 open=1 tradesToday=1 bars=394 | arms=trend 0/0.00, breakout 1/-0.33
2025-10-09 19:04:38 INFO [HB] active | src=RT dayR=-0.33 open=1 tradesToday=1 bars=394 | arms=trend 0/0.00, breakout 1/-0.33
2025-10-09 19:04:38 INFO [HB] active | src=RT dayR=-0.33 open=1 tradesToday=1 bars=394 | arms=trend 0/0.00, breakout 1/-0.33
2025-10-09 19:04:39 INFO [HB] active | src=RT dayR=-0.33 open=1 tradesToday=1 bars=394 | arms=trend 0/0.00, breakout 1/-0.33
2025-10-09 19:04:39 INFO [HB] active | src=RT dayR=-0.33 open=1 tradesToday=1 bars=394 | arms=trend 0/0.00, breakout 1/-0.33
[2025-10-09 19:04:40] EXIT CODE: 1
