
[2025-10-12 11:28:36] CMD: C:\Users\owner\AppData\Local\Programs\Python\Python313\python.exe -X faulthandler -u C:\Users\owner\Desktop\es_futures_backtester\paper_trader.py --place-orders --auto-front-month --enable-breaking-news-guard --news-pause-sec 900 --tod-blackouts 08:28-08:31,12:59-13:01 --enable-weekly-cap --loss-graded-cooldown --pos-age-cap-sec 1200 --pos-age-minR 0.5 --hwm-stepdown --hwm-stepdown-dollars 5000 --learn-log
[2025-10-12 11:28:41] [WD] hb uptime=5s restarts=0 child_alive=True
[2025-10-12 11:28:46] [WD] hb uptime=10s restarts=0 child_alive=True
[2025-10-12 11:28:51] [WD] hb uptime=15s restarts=0 child_alive=True
Starting ES paper bot...
[CONNECT] 127.0.0.1:7497 clientId=111
[CONNECT] Attempt 1/24 -> clientId=111
Connected (clientId=111)
[MD] LIVE (1).
[CONTRACT] Auto-picked ESZ5 conId=495512563 expiry=20251219
[CONTRACT] Multiplier detected: 50
{"ts":"2025-10-12 16:28:37","evt":"news_subscribed","keywords":["BREAKING","URGENT","FOMC","rate hike","rate cut","nonfarm payrolls","CPI","PPI","ISM","PMI","halt","circuit breaker","terror","war","missile","earthquake","explosion","bank failure","shutdown","emergency"],"pauseSec":900}
[BOOT] Hist seed: 360 bars
{"ts":"2025-10-12 16:28:48","evt":"hb","src":"SEED","state":"active","dayR":0.0,"weekR":0.0,"week_halted":false,"pos":0,"avg":0.0,"bars":360,"consec_losses":0,"equity":30000.0,"equity_hwm":30000.0,"suggest_qty":2,"arms":{"trend":8,"breakout":37},"armR":{"trend":0.168,"breakout":-0.106}}
{"ts":"2025-10-12 16:28:48","evt":"hb","src":"SEED","state":"active","dayR":0.0,"weekR":0.0,"week_halted":false,"pos":0,"avg":0.0,"bars":360,"consec_losses":0,"equity":30000.0,"equity_hwm":30000.0,"suggest_qty":2,"arms":{"trend":8,"breakout":37},"armR":{"trend":0.168,"breakout":-0.106}}
{"ts":"2025-10-12 16:28:49","evt":"hb","src":"SEED","state":"active","dayR":0.0,"weekR":0.0,"week_halted":false,"pos":0,"avg":0.0,"bars":360,"consec_losses":0,"equity":30000.0,"equity_hwm":30000.0,"suggest_qty":2,"arms":{"trend":8,"breakout":37},"armR":{"trend":0.168,"breakout":-0.106}}
{"ts":"2025-10-12 16:28:49","evt":"hb","src":"SEED","state":"active","dayR":0.0,"weekR":0.0,"week_halted":false,"pos":0,"avg":0.0,"bars":360,"consec_losses":0,"equity":30000.0,"equity_hwm":30000.0,"suggest_qty":2,"arms":{"trend":8,"breakout":37},"armR":{"trend":0.168,"breakout":-0.106}}
{"ts":"2025-10-12 16:28:50","evt":"hb","src":"SEED","state":"active","dayR":0.0,"weekR":0.0,"week_halted":false,"pos":0,"avg":0.0,"bars":360,"consec_losses":0,"equity":30000.0,"equity_hwm":30000.0,"suggest_qty":2,"arms":{"trend":8,"breakout":37},"armR":{"trend":0.168,"breakout":-0.106}}
{"ts":"2025-10-12 16:28:50","evt":"hb","src":"SEED","state":"active","dayR":0.0,"weekR":0.0,"week_halted":false,"pos":0,"avg":0.0,"bars":360,"consec_losses":0,"equity":30000.0,"equity_hwm":30000.0,"suggest_qty":2,"arms":{"trend":8,"breakout":37},"armR":{"trend":0.168,"breakout":-0.106}}
{"ts":"2025-10-12 16:28:51","evt":"hb","src":"SEED","state":"active","dayR":0.0,"weekR":0.0,"week_halted":false,"pos":0,"avg":0.0,"bars":360,"consec_losses":0,"equity":30000.0,"equity_hwm":30000.0,"suggest_qty":2,"arms":{"trend":8,"breakout":37},"armR":{"trend":0.168,"breakout":-0.106}}
{"ts":"2025-10-12 16:28:51","evt":"hb","src":"SEED","state":"active","dayR":0.0,"weekR":0.0,"week_halted":false,"pos":0,"avg":0.0,"bars":360,"consec_losses":0,"equity":30000.0,"equity_hwm":30000.0,"suggest_qty":2,"arms":{"trend":8,"breakout":37},"armR":{"trend":0.168,"breakout":-0.106}}
{"ts":"2025-10-12 16:28:52","evt":"hb","src":"SEED","state":"active","dayR":0.0,"weekR":0.0,"week_halted":false,"pos":0,"avg":0.0,"bars":360,"consec_losses":0,"equity":30000.0,"equity_hwm":30000.0,"suggest_qty":2,"arms":{"trend":8,"breakout":37},"armR":{"trend":0.168,"breakout":-0.106}}
{"ts":"2025-10-12 16:28:52","evt":"hb","src":"SEED","state":"active","dayR":0.0,"weekR":0.0,"week_halted":false,"pos":0,"avg":0.0,"bars":360,"consec_losses":0,"equity":30000.0,"equity_hwm":30000.0,"suggest_qty":2,"arms":{"trend":8,"breakout":37},"armR":{"trend":0.168,"breakout":-0.106}}
{"ts":"2025-10-12 16:28:53","evt":"hb","src":"SEED","state":"active","dayR":0.0,"weekR":0.0,"week_halted":false,"pos":0,"avg":0.0,"bars":360,"consec_losses":0,"equity":30000.0,"equity_hwm":30000.0,"suggest_qty":2,"arms":{"trend":8,"breakout":37},"armR":{"trend":0.168,"breakout":-0.106}}
{"ts":"2025-10-12 16:28:53","evt":"hb","src":"SEED","state":"active","dayR":0.0,"weekR":0.0,"week_halted":false,"pos":0,"avg":0.0,"bars":360,"consec_losses":0,"equity":30000.0,"equity_hwm":30000.0,"suggest_qty":2,"arms":{"trend":8,"breakout":37},"armR":{"trend":0.168,"breakout":-0.106}}
{"ts":"2025-10-12 16:28:54","evt":"hb","src":"SEED","state":"active","dayR":0.0,"weekR":0.0,"week_halted":false,"pos":0,"avg":0.0,"bars":360,"consec_losses":0,"equity":30000.0,"equity_hwm":30000.0,"suggest_qty":2,"arms":{"trend":8,"breakout":37},"armR":{"trend":0.168,"breakout":-0.106}}
{"ts":"2025-10-12 16:28:54","evt":"hb","src":"SEED","state":"active","dayR":0.0,"weekR":0.0,"week_halted":false,"pos":0,"avg":0.0,"bars":360,"consec_losses":0,"equity":30000.0,"equity_hwm":30000.0,"suggest_qty":2,"arms":{"trend":8,"breakout":37},"armR":{"trend":0.168,"breakout":-0.106}}
{"ts":"2025-10-12 16:28:55","evt":"hb","src":"SEED","state":"active","dayR":0.0,"weekR":0.0,"week_halted":false,"pos":0,"avg":0.0,"bars":360,"consec_losses":0,"equity":30000.0,"equity_hwm":30000.0,"suggest_qty":2,"arms":{"trend":8,"breakout":37},"armR":{"trend":0.168,"breakout":-0.106}}
{"ts":"2025-10-12 16:28:55","evt":"hb","src":"SEED","state":"active","dayR":0.0,"weekR":0.0,"week_halted":false,"pos":0,"avg":0.0,"bars":360,"consec_losses":0,"equity":30000.0,"equity_hwm":30000.0,"suggest_qty":2,"arms":{"trend":8,"breakout":37},"armR":{"trend":0.168,"breakout":-0.106}}
[2025-10-12 11:28:56] EXIT CODE: 1
[2025-10-12 11:28:56] [WD] hb uptime=20s restarts=1 child_alive=False
