
[2025-10-08 16:05:59] CMD: C:\Users\owner\AppData\Local\Programs\Python\Python313\python.exe -X faulthandler -u C:\Users\owner\Desktop\es_futures_backtester\paper_trader.py --local-symbol ESZ5 --host 127.0.0.1 --port 7497 --clientId 111 --symbol ES --entry-slippage-ticks 2 --atomic-bracket --qty 1 --risk-ticks 12 --tick-size 0.25 --tp-R 1.0 --enable-arms trend,breakout --gate-adx 19 --gate-bbbw 0.00020 --gate-atrp 0.000055 --min-hold-sec 60 --breakeven-after-R 2.2 --trail-atr-mult 3.2 --trail-delay-sec 240 --trail-on-bar-close --max-trades-per-day 12 --day-loss-cap-R 3 --strategy-cooldown-sec 150 --trade-start-ct 00:00 --trade-end-ct 23:59 --tif GTC --outsideRth --require-new-bar-after-start --startup-delay-sec 10 --debounce-one-bar --duration "1 D" --connect-timeout-sec 300 --timeout-sec 300 --chooser bandit_hybrid --bandit ucb --bandit-state .\data\learn\bandit_state.json --learn-log --learn-log-dir .\logs\learn --place-orders -v
[2025-10-08 16:06:04] [WD] hb uptime=5s restarts=0 child_alive=True
[2025-10-08 16:06:09] [WD] hb uptime=10s restarts=0 child_alive=True
[2025-10-08 16:06:14] [WD] hb uptime=15s restarts=0 child_alive=True
[2025-10-08 16:06:19] [WD] hb uptime=20s restarts=0 child_alive=True
Starting ES paper bot...
[CONNECT] 127.0.0.1:7497 clientId=111
Connected
[MD] Market data type set to LIVE (1)
[CONTRACT] Using localSymbol=ESZ5 conId=495512563 expiry=20251219
[BOOT] Hist seed: 360 bars
2025-10-08 16:06:10 INFO [HB] active | src=SEED dayR=0.00 open=0 tradesToday=0 bars=360 | arms=trend 0/0.00, breakout 1/-0.00
2025-10-08 16:06:11 INFO [HB] active | src=SEED dayR=0.00 open=0 tradesToday=0 bars=360 | arms=trend 0/0.00, breakout 1/-0.00
2025-10-08 16:06:11 INFO [HB] active | src=SEED dayR=0.00 open=0 tradesToday=0 bars=360 | arms=trend 0/0.00, breakout 1/-0.00
2025-10-08 16:06:12 INFO [HB] active | src=SEED dayR=0.00 open=0 tradesToday=0 bars=360 | arms=trend 0/0.00, breakout 1/-0.00
2025-10-08 16:06:12 INFO [HB] active | src=SEED dayR=0.00 open=0 tradesToday=0 bars=360 | arms=trend 0/0.00, breakout 1/-0.00
2025-10-08 16:06:13 INFO [HB] active | src=SEED dayR=0.00 open=0 tradesToday=0 bars=360 | arms=trend 0/0.00, breakout 1/-0.00
2025-10-08 16:06:13 INFO [HB] active | src=SEED dayR=0.00 open=0 tradesToday=0 bars=360 | arms=trend 0/0.00, breakout 1/-0.00
2025-10-08 16:06:14 INFO [HB] active | src=SEED dayR=0.00 open=0 tradesToday=0 bars=360 | arms=trend 0/0.00, breakout 1/-0.00
2025-10-08 16:06:14 INFO [HB] active | src=SEED dayR=0.00 open=0 tradesToday=0 bars=360 | arms=trend 0/0.00, breakout 1/-0.00
2025-10-08 16:06:15 INFO [HB] active | src=SEED dayR=0.00 open=0 tradesToday=0 bars=360 | arms=trend 0/0.00, breakout 1/-0.00
2025-10-08 16:06:15 INFO [HB] active | src=SEED dayR=0.00 open=0 tradesToday=0 bars=360 | arms=trend 0/0.00, breakout 1/-0.00
2025-10-08 16:06:16 INFO [HB] active | src=SEED dayR=0.00 open=0 tradesToday=0 bars=360 | arms=trend 0/0.00, breakout 1/-0.00
2025-10-08 16:06:16 INFO [HB] active | src=SEED dayR=0.00 open=0 tradesToday=0 bars=360 | arms=trend 0/0.00, breakout 1/-0.00
2025-10-08 16:06:17 INFO [HB] active | src=SEED dayR=0.00 open=0 tradesToday=0 bars=360 | arms=trend 0/0.00, breakout 1/-0.00
2025-10-08 16:06:17 INFO [HB] active | src=SEED dayR=0.00 open=0 tradesToday=0 bars=360 | arms=trend 0/0.00, breakout 1/-0.00
2025-10-08 16:06:18 INFO [HB] active | src=SEED dayR=0.00 open=0 tradesToday=0 bars=360 | arms=trend 0/0.00, breakout 1/-0.00
2025-10-08 16:06:18 INFO [HB] active | src=SEED dayR=0.00 open=0 tradesToday=0 bars=360 | arms=trend 0/0.00, breakout 1/-0.00
2025-10-08 16:06:19 INFO [HB] active | src=SEED dayR=0.00 open=0 tradesToday=0 bars=360 | arms=trend 0/0.00, breakout 1/-0.00
2025-10-08 16:06:19 INFO [HB] active | src=SEED dayR=0.00 open=0 tradesToday=0 bars=360 | arms=trend 0/0.00, breakout 1/-0.00
2025-10-08 16:06:20 INFO [HB] active | src=SEED dayR=0.00 open=0 tradesToday=0 bars=360 | arms=trend 0/0.00, breakout 1/-0.00
2025-10-08 16:06:20 INFO [HB] active | src=SEED dayR=0.00 open=0 tradesToday=0 bars=360 | arms=trend 0/0.00, breakout 1/-0.00
2025-10-08 16:06:21 INFO [HB] active | src=SEED dayR=0.00 open=0 tradesToday=0 bars=360 | arms=trend 0/0.00, breakout 1/-0.00
2025-10-08 16:06:21 INFO [HB] active | src=SEED dayR=0.00 open=0 tradesToday=0 bars=360 | arms=trend 0/0.00, breakout 1/-0.00
2025-10-08 16:06:22 INFO [HB] active | src=SEED dayR=0.00 open=0 tradesToday=0 bars=360 | arms=trend 0/0.00, breakout 1/-0.00
2025-10-08 16:06:22 INFO [HB] active | src=SEED dayR=0.00 open=0 tradesToday=0 bars=360 | arms=trend 0/0.00, breakout 1/-0.00
2025-10-08 16:06:23 INFO [HB] active | src=SEED dayR=0.00 open=0 tradesToday=0 bars=360 | arms=trend 0/0.00, breakout 1/-0.00
2025-10-08 16:06:23 INFO [HB] active | src=SEED dayR=0.00 open=0 tradesToday=0 bars=360 | arms=trend 0/0.00, breakout 1/-0.00
2025-10-08 16:06:24 INFO [HB] active | src=SEED dayR=0.00 open=0 tradesToday=0 bars=360 | arms=trend 0/0.00, breakout 1/-0.00
[2025-10-08 16:06:24] EXIT CODE: 1
