[2025-10-23 00:06:11] [WD] spawn
{"ts": "2025-10-23 05:06:11", "evt": "hb", "state": "-", "idle_reason": "starting_or_quiet", "net_qty": 0, "bars": 0, "rt_enabled": false, "rt_status": "disabled", "rt_age_sec": null, "rt_queue_len": 0, "in_session_window": false, "caps": [], "news_kill": false, "dayR": 0.0, "trades_today": 0, "cool_until": null, "orders_disabled_paper_safety": false}[CONNECT] Attempt 1/10 -> clientId=111
{"ts": "2025-10-23 05:06:11", "evt": "boot_progress", "step": "connecting"}

{"ts": "2025-10-23 05:06:11", "evt": "ib_error", "reqId": -1, "code": 2104, "msg": "Market data farm connection is OK:usfuture.nj"}
{"ts": "2025-10-23 05:06:11", "evt": "ib_error", "reqId": -1, "code": 2104, "msg": "Market data farm connection is OK:usfuture"}
{"ts": "2025-10-23 05:06:11", "evt": "ib_error", "reqId": -1, "code": 2104, "msg": "Market data farm connection is OK:usfarm"}
{"ts": "2025-10-23 05:06:11", "evt": "ib_error", "reqId": -1, "code": 2106, "msg": "HMDS data farm connection is OK:ushmds"}
{"ts": "2025-10-23 05:06:11", "evt": "ib_error", "reqId": -1, "code": 2158, "msg": "Sec-def data farm connection is OK:secdefil"}
Connected (clientId=111)
[POST-CONNECT] isConnected=True host=127.0.0.1 port=7497 clientId=111
[POST-CONNECT] managedAccounts: ['DU2660649']
[MD] LIVE (1).
[CONTRACT] Using ESZ5 conId=495512563 exp=20251219
[CONTRACT] Multiplier detected: 50
{"ts": "2025-10-23 05:06:12", "evt": "hb", "state": "-", "idle_reason": "booting", "net_qty": 0, "bars": 0, "rt_enabled": true, "rt_status": "ok", "rt_age_sec": null, "rt_queue_len": 0, "in_session_window": false, "caps": [], "news_kill": false, "dayR": 0.0, "trades_today": 0, "cool_until": null, "orders_disabled_paper_safety": false}
{"ts": "2025-10-23 05:06:13", "evt": "md_warmup", "ok": true}
{"ts": "2025-10-23 05:06:13", "evt": "hb", "state": "-", "idle_reason": "booting", "net_qty": 0, "bars": 0, "rt_enabled": true, "rt_status": "ok", "rt_age_sec": null, "rt_queue_len": 0, "in_session_window": false, "caps": [], "news_kill": false, "dayR": 0.0, "trades_today": 0, "cool_until": null, "orders_disabled_paper_safety": false}
{"ts": "2025-10-23 05:06:14", "evt": "hb", "state": "-", "idle_reason": "booting", "net_qty": 0, "bars": 0, "rt_enabled": true, "rt_status": "ok", "rt_age_sec": null, "rt_queue_len": 0, "in_session_window": false, "caps": [], "news_kill": false, "dayR": 0.0, "trades_today": 0, "cool_until": null, "orders_disabled_paper_safety": false}
{"ts": "2025-10-23 05:06:15", "evt": "hb", "state": "-", "idle_reason": "booting", "net_qty": 0, "bars": 0, "rt_enabled": true, "rt_status": "ok", "rt_age_sec": null, "rt_queue_len": 0, "in_session_window": false, "caps": [], "news_kill": false, "dayR": 0.0, "trades_today": 0, "cool_until": null, "orders_disabled_paper_safety": false}
{"ts": "2025-10-23 05:06:16", "evt": "hb", "state": "-", "idle_reason": "booting", "net_qty": 0, "bars": 0, "rt_enabled": true, "rt_status": "ok", "rt_age_sec": null, "rt_queue_len": 0, "in_session_window": false, "caps": [], "news_kill": false, "dayR": 0.0, "trades_today": 0, "cool_until": null, "orders_disabled_paper_safety": false}
{"ts": "2025-10-23 05:06:17", "evt": "hb", "state": "-", "idle_reason": "booting", "net_qty": 0, "bars": 0, "rt_enabled": true, "rt_status": "ok", "rt_age_sec": null, "rt_queue_len": 0, "in_session_window": false, "caps": [], "news_kill": false, "dayR": 0.0, "trades_today": 0, "cool_until": null, "orders_disabled_paper_safety": false}
{"ts": "2025-10-23 05:06:18", "evt": "hb", "state": "-", "idle_reason": "booting", "net_qty": 0, "bars": 0, "rt_enabled": true, "rt_status": "ok", "rt_age_sec": null, "rt_queue_len": 0, "in_session_window": false, "caps": [], "news_kill": false, "dayR": 0.0, "trades_today": 0, "cool_until": null, "orders_disabled_paper_safety": false}
{"ts": "2025-10-23 05:06:19", "evt": "hb", "state": "-", "idle_reason": "booting", "net_qty": 0, "bars": 0, "rt_enabled": true, "rt_status": "ok", "rt_age_sec": null, "rt_queue_len": 0, "in_session_window": false, "caps": [], "news_kill": false, "dayR": 0.0, "trades_today": 0, "cool_until": null, "orders_disabled_paper_safety": false}
{"ts": "2025-10-23 05:06:20", "evt": "hb", "state": "-", "idle_reason": "booting", "net_qty": 0, "bars": 0, "rt_enabled": true, "rt_status": "ok", "rt_age_sec": null, "rt_queue_len": 0, "in_session_window": false, "caps": [], "news_kill": false, "dayR": 0.0, "trades_today": 0, "cool_until": null, "orders_disabled_paper_safety": false}
{"ts": "2025-10-23 05:06:21", "evt": "hb", "state": "-", "idle_reason": "booting", "net_qty": 0, "bars": 0, "rt_enabled": true, "rt_status": "ok", "rt_age_sec": null, "rt_queue_len": 0, "in_session_window": false, "caps": [], "news_kill": false, "dayR": 0.0, "trades_today": 0, "cool_until": null, "orders_disabled_paper_safety": false}
[2025-10-23 00:06:21] [WD-HB] watchdog alive (pid=17932)
{"ts": "2025-10-23 05:06:22", "evt": "hb", "state": "-", "idle_reason": "booting", "net_qty": 0, "bars": 0, "rt_enabled": true, "rt_status": "ok", "rt_age_sec": null, "rt_queue_len": 0, "in_session_window": false, "caps": [], "news_kill": false, "dayR": 0.0, "trades_today": 0, "cool_until": null, "orders_disabled_paper_safety": false}
{"ts": "2025-10-23 05:06:23", "evt": "hb", "state": "-", "idle_reason": "booting", "net_qty": 0, "bars": 0, "rt_enabled": true, "rt_status": "ok", "rt_age_sec": null, "rt_queue_len": 0, "in_session_window": false, "caps": [], "news_kill": false, "dayR": 0.0, "trades_today": 0, "cool_until": null, "orders_disabled_paper_safety": false}
{"ts": "2025-10-23 05:06:24", "evt": "hb", "state": "-", "idle_reason": "booting", "net_qty": 0, "bars": 0, "rt_enabled": true, "rt_status": "ok", "rt_age_sec": null, "rt_queue_len": 0, "in_session_window": false, "caps": [], "news_kill": false, "dayR": 0.0, "trades_today": 0, "cool_until": null, "orders_disabled_paper_safety": false}
{"ts": "2025-10-23 05:06:25", "evt": "hb", "state": "-", "idle_reason": "booting", "net_qty": 0, "bars": 0, "rt_enabled": true, "rt_status": "ok", "rt_age_sec": null, "rt_queue_len": 0, "in_session_window": false, "caps": [], "news_kill": false, "dayR": 0.0, "trades_today": 0, "cool_until": null, "orders_disabled_paper_safety": false}
{"ts": "2025-10-23 05:06:26", "evt": "hb", "state": "-", "idle_reason": "booting", "net_qty": 0, "bars": 0, "rt_enabled": true, "rt_status": "ok", "rt_age_sec": null, "rt_queue_len": 0, "in_session_window": false, "caps": [], "news_kill": false, "dayR": 0.0, "trades_today": 0, "cool_until": null, "orders_disabled_paper_safety": false}
{"ts": "2025-10-23 05:06:27", "evt": "hb", "state": "-", "idle_reason": "booting", "net_qty": 0, "bars": 0, "rt_enabled": true, "rt_status": "ok", "rt_age_sec": null, "rt_queue_len": 0, "in_session_window": false, "caps": [], "news_kill": false, "dayR": 0.0, "trades_today": 0, "cool_until": null, "orders_disabled_paper_safety": false}
{"ts": "2025-10-23 05:06:28", "evt": "hb", "state": "-", "idle_reason": "booting", "net_qty": 0, "bars": 0, "rt_enabled": true, "rt_status": "ok", "rt_age_sec": null, "rt_queue_len": 0, "in_session_window": false, "caps": [], "news_kill": false, "dayR": 0.0, "trades_today": 0, "cool_until": null, "orders_disabled_paper_safety": false}
{"ts": "2025-10-23 05:06:29", "evt": "hb", "state": "-", "idle_reason": "booting", "net_qty": 0, "bars": 0, "rt_enabled": true, "rt_status": "ok", "rt_age_sec": null, "rt_queue_len": 0, "in_session_window": false, "caps": [], "news_kill": false, "dayR": 0.0, "trades_today": 0, "cool_until": null, "orders_disabled_paper_safety": false}
{"ts": "2025-10-23 05:06:30", "evt": "hb", "state": "-", "idle_reason": "booting", "net_qty": 0, "bars": 0, "rt_enabled": true, "rt_status": "ok", "rt_age_sec": null, "rt_queue_len": 0, "in_session_window": false, "caps": [], "news_kill": false, "dayR": 0.0, "trades_today": 0, "cool_until": null, "orders_disabled_paper_safety": false}
{"ts": "2025-10-23 05:06:31", "evt": "hb", "state": "-", "idle_reason": "booting", "net_qty": 0, "bars": 0, "rt_enabled": true, "rt_status": "ok", "rt_age_sec": null, "rt_queue_len": 0, "in_session_window": false, "caps": [], "news_kill": false, "dayR": 0.0, "trades_today": 0, "cool_until": null, "orders_disabled_paper_safety": false}
[2025-10-23 00:06:31] [WD-HB] watchdog alive (pid=17932)
{"ts": "2025-10-23 05:06:32", "evt": "hb", "state": "-", "idle_reason": "booting", "net_qty": 0, "bars": 0, "rt_enabled": true, "rt_status": "ok", "rt_age_sec": null, "rt_queue_len": 0, "in_session_window": false, "caps": [], "news_kill": false, "dayR": 0.0, "trades_today": 0, "cool_until": null, "orders_disabled_paper_safety": false}
{"ts": "2025-10-23 05:06:33", "evt": "hb", "state": "-", "idle_reason": "booting", "net_qty": 0, "bars": 0, "rt_enabled": true, "rt_status": "ok", "rt_age_sec": null, "rt_queue_len": 0, "in_session_window": false, "caps": [], "news_kill": false, "dayR": 0.0, "trades_today": 0, "cool_until": null, "orders_disabled_paper_safety": false}
{"ts": "2025-10-23 05:06:34", "evt": "hb", "state": "-", "idle_reason": "booting", "net_qty": 0, "bars": 0, "rt_enabled": true, "rt_status": "ok", "rt_age_sec": null, "rt_queue_len": 0, "in_session_window": false, "caps": [], "news_kill": false, "dayR": 0.0, "trades_today": 0, "cool_until": null, "orders_disabled_paper_safety": false}
{"ts": "2025-10-23 05:06:35", "evt": "hb", "state": "-", "idle_reason": "booting", "net_qty": 0, "bars": 0, "rt_enabled": true, "rt_status": "ok", "rt_age_sec": null, "rt_queue_len": 0, "in_session_window": false, "caps": [], "news_kill": false, "dayR": 0.0, "trades_today": 0, "cool_until": null, "orders_disabled_paper_safety": false}
{"ts": "2025-10-23 05:06:36", "evt": "hb", "state": "-", "idle_reason": "booting", "net_qty": 0, "bars": 0, "rt_enabled": true, "rt_status": "ok", "rt_age_sec": null, "rt_queue_len": 0, "in_session_window": false, "caps": [], "news_kill": false, "dayR": 0.0, "trades_today": 0, "cool_until": null, "orders_disabled_paper_safety": false}
{"ts": "2025-10-23 05:06:37", "evt": "hb", "state": "-", "idle_reason": "booting", "net_qty": 0, "bars": 0, "rt_enabled": true, "rt_status": "ok", "rt_age_sec": null, "rt_queue_len": 0, "in_session_window": false, "caps": [], "news_kill": false, "dayR": 0.0, "trades_today": 0, "cool_until": null, "orders_disabled_paper_safety": false}
{"ts": "2025-10-23 05:06:38", "evt": "hb", "state": "-", "idle_reason": "booting", "net_qty": 0, "bars": 0, "rt_enabled": true, "rt_status": "ok", "rt_age_sec": null, "rt_queue_len": 0, "in_session_window": false, "caps": [], "news_kill": false, "dayR": 0.0, "trades_today": 0, "cool_until": null, "orders_disabled_paper_safety": false}
{"ts": "2025-10-23 05:06:39", "evt": "hb", "state": "-", "idle_reason": "booting", "net_qty": 0, "bars": 0, "rt_enabled": true, "rt_status": "ok", "rt_age_sec": null, "rt_queue_len": 0, "in_session_window": false, "caps": [], "news_kill": false, "dayR": 0.0, "trades_today": 0, "cool_until": null, "orders_disabled_paper_safety": false}
{"ts": "2025-10-23 05:06:40", "evt": "hb", "state": "-", "idle_reason": "booting", "net_qty": 0, "bars": 0, "rt_enabled": true, "rt_status": "ok", "rt_age_sec": null, "rt_queue_len": 0, "in_session_window": false, "caps": [], "news_kill": false, "dayR": 0.0, "trades_today": 0, "cool_until": null, "orders_disabled_paper_safety": false}
{"ts": "2025-10-23 05:06:41", "evt": "hb", "state": "-", "idle_reason": "booting", "net_qty": 0, "bars": 0, "rt_enabled": true, "rt_status": "ok", "rt_age_sec": null, "rt_queue_len": 0, "in_session_window": false, "caps": [], "news_kill": false, "dayR": 0.0, "trades_today": 0, "cool_until": null, "orders_disabled_paper_safety": false}
{"ts": "2025-10-23 05:06:42", "evt": "hb", "state": "-", "idle_reason": "booting", "net_qty": 0, "bars": 0, "rt_enabled": true, "rt_status": "ok", "rt_age_sec": null, "rt_queue_len": 0, "in_session_window": false, "caps": [], "news_kill": false, "dayR": 0.0, "trades_today": 0, "cool_until": null, "orders_disabled_paper_safety": false}
[2025-10-23 00:06:42] [WD-HB] watchdog alive (pid=17932)
{"ts": "2025-10-23 05:06:43", "evt": "hb", "state": "-", "idle_reason": "booting", "net_qty": 0, "bars": 0, "rt_enabled": true, "rt_status": "ok", "rt_age_sec": null, "rt_queue_len": 0, "in_session_window": false, "caps": [], "news_kill": false, "dayR": 0.0, "trades_today": 0, "cool_until": null, "orders_disabled_paper_safety": false}
{"ts": "2025-10-23 05:06:44", "evt": "hb", "state": "-", "idle_reason": "booting", "net_qty": 0, "bars": 0, "rt_enabled": true, "rt_status": "ok", "rt_age_sec": null, "rt_queue_len": 0, "in_session_window": false, "caps": [], "news_kill": false, "dayR": 0.0, "trades_today": 0, "cool_until": null, "orders_disabled_paper_safety": false}
{"ts": "2025-10-23 05:06:45", "evt": "hb", "state": "-", "idle_reason": "booting", "net_qty": 0, "bars": 0, "rt_enabled": true, "rt_status": "ok", "rt_age_sec": null, "rt_queue_len": 0, "in_session_window": false, "caps": [], "news_kill": false, "dayR": 0.0, "trades_today": 0, "cool_until": null, "orders_disabled_paper_safety": false}
{"ts": "2025-10-23 05:06:46", "evt": "hb", "state": "-", "idle_reason": "booting", "net_qty": 0, "bars": 0, "rt_enabled": true, "rt_status": "ok", "rt_age_sec": null, "rt_queue_len": 0, "in_session_window": false, "caps": [], "news_kill": false, "dayR": 0.0, "trades_today": 0, "cool_until": null, "orders_disabled_paper_safety": false}
{"ts": "2025-10-23 05:06:47", "evt": "hb", "state": "-", "idle_reason": "booting", "net_qty": 0, "bars": 0, "rt_enabled": true, "rt_status": "ok", "rt_age_sec": null, "rt_queue_len": 0, "in_session_window": false, "caps": [], "news_kill": false, "dayR": 0.0, "trades_today": 0, "cool_until": null, "orders_disabled_paper_safety": false}
{"ts": "2025-10-23 05:06:48", "evt": "hb", "state": "-", "idle_reason": "booting", "net_qty": 0, "bars": 0, "rt_enabled": true, "rt_status": "ok", "rt_age_sec": null, "rt_queue_len": 0, "in_session_window": false, "caps": [], "news_kill": false, "dayR": 0.0, "trades_today": 0, "cool_until": null, "orders_disabled_paper_safety": false}
{"ts": "2025-10-23 05:06:49", "evt": "hb", "state": "-", "idle_reason": "booting", "net_qty": 0, "bars": 0, "rt_enabled": true, "rt_status": "ok", "rt_age_sec": null, "rt_queue_len": 0, "in_session_window": false, "caps": [], "news_kill": false, "dayR": 0.0, "trades_today": 0, "cool_until": null, "orders_disabled_paper_safety": false}
{"ts": "2025-10-23 05:06:50", "evt": "hb", "state": "-", "idle_reason": "booting", "net_qty": 0, "bars": 0, "rt_enabled": true, "rt_status": "ok", "rt_age_sec": null, "rt_queue_len": 0, "in_session_window": false, "caps": [], "news_kill": false, "dayR": 0.0, "trades_today": 0, "cool_until": null, "orders_disabled_paper_safety": false}
{"ts": "2025-10-23 05:06:51", "evt": "hb", "state": "-", "idle_reason": "booting", "net_qty": 0, "bars": 0, "rt_enabled": true, "rt_status": "ok", "rt_age_sec": null, "rt_queue_len": 0, "in_session_window": false, "caps": [], "news_kill": false, "dayR": 0.0, "trades_today": 0, "cool_until": null, "orders_disabled_paper_safety": false}
{"ts": "2025-10-23 05:06:52", "evt": "hb", "state": "-", "idle_reason": "booting", "net_qty": 0, "bars": 0, "rt_enabled": true, "rt_status": "ok", "rt_age_sec": null, "rt_queue_len": 0, "in_session_window": false, "caps": [], "news_kill": false, "dayR": 0.0, "trades_today": 0, "cool_until": null, "orders_disabled_paper_safety": false}
[2025-10-23 00:06:52] [WD-HB] watchdog alive (pid=17932)
{"ts": "2025-10-23 05:06:53", "evt": "hb", "state": "-", "idle_reason": "booting", "net_qty": 0, "bars": 0, "rt_enabled": true, "rt_status": "ok", "rt_age_sec": null, "rt_queue_len": 0, "in_session_window": false, "caps": [], "news_kill": false, "dayR": 0.0, "trades_today": 0, "cool_until": null, "orders_disabled_paper_safety": false}
{"ts": "2025-10-23 05:06:54", "evt": "hb", "state": "-", "idle_reason": "booting", "net_qty": 0, "bars": 0, "rt_enabled": true, "rt_status": "ok", "rt_age_sec": null, "rt_queue_len": 0, "in_session_window": false, "caps": [], "news_kill": false, "dayR": 0.0, "trades_today": 0, "cool_until": null, "orders_disabled_paper_safety": false}
{"ts": "2025-10-23 05:06:55", "evt": "hb", "state": "-", "idle_reason": "booting", "net_qty": 0, "bars": 0, "rt_enabled": true, "rt_status": "ok", "rt_age_sec": null, "rt_queue_len": 0, "in_session_window": false, "caps": [], "news_kill": false, "dayR": 0.0, "trades_today": 0, "cool_until": null, "orders_disabled_paper_safety": false}
{"ts": "2025-10-23 05:06:56", "evt": "hb", "state": "-", "idle_reason": "booting", "net_qty": 0, "bars": 0, "rt_enabled": true, "rt_status": "ok", "rt_age_sec": null, "rt_queue_len": 0, "in_session_window": false, "caps": [], "news_kill": false, "dayR": 0.0, "trades_today": 0, "cool_until": null, "orders_disabled_paper_safety": false}
{"ts": "2025-10-23 05:06:57", "evt": "hb", "state": "-", "idle_reason": "booting", "net_qty": 0, "bars": 0, "rt_enabled": true, "rt_status": "ok", "rt_age_sec": null, "rt_queue_len": 0, "in_session_window": false, "caps": [], "news_kill": false, "dayR": 0.0, "trades_today": 0, "cool_until": null, "orders_disabled_paper_safety": false}
{"ts": "2025-10-23 05:06:58", "evt": "hb", "state": "-", "idle_reason": "booting", "net_qty": 0, "bars": 0, "rt_enabled": true, "rt_status": "ok", "rt_age_sec": null, "rt_queue_len": 0, "in_session_window": false, "caps": [], "news_kill": false, "dayR": 0.0, "trades_today": 0, "cool_until": null, "orders_disabled_paper_safety": false}
{"ts": "2025-10-23 05:06:59", "evt": "hb", "state": "-", "idle_reason": "booting", "net_qty": 0, "bars": 0, "rt_enabled": true, "rt_status": "ok", "rt_age_sec": null, "rt_queue_len": 0, "in_session_window": false, "caps": [], "news_kill": false, "dayR": 0.0, "trades_today": 0, "cool_until": null, "orders_disabled_paper_safety": false}
{"ts": "2025-10-23 05:07:00", "evt": "hb", "state": "-", "idle_reason": "booting", "net_qty": 0, "bars": 0, "rt_enabled": true, "rt_status": "ok", "rt_age_sec": null, "rt_queue_len": 0, "in_session_window": false, "caps": [], "news_kill": false, "dayR": 0.0, "trades_today": 0, "cool_until": null, "orders_disabled_paper_safety": false}
{"ts": "2025-10-23 05:07:01", "evt": "hb", "state": "-", "idle_reason": "booting", "net_qty": 0, "bars": 0, "rt_enabled": true, "rt_status": "ok", "rt_age_sec": null, "rt_queue_len": 0, "in_session_window": false, "caps": [], "news_kill": false, "dayR": 0.0, "trades_today": 0, "cool_until": null, "orders_disabled_paper_safety": false}
{"ts": "2025-10-23 05:07:02", "evt": "hb", "state": "-", "idle_reason": "booting", "net_qty": 0, "bars": 0, "rt_enabled": true, "rt_status": "ok", "rt_age_sec": null, "rt_queue_len": 0, "in_session_window": false, "caps": [], "news_kill": false, "dayR": 0.0, "trades_today": 0, "cool_until": null, "orders_disabled_paper_safety": false}
[2025-10-23 00:07:02] [WD-HB] watchdog alive (pid=17932)
{"ts": "2025-10-23 05:07:03", "evt": "hb", "state": "-", "idle_reason": "booting", "net_qty": 0, "bars": 0, "rt_enabled": true, "rt_status": "ok", "rt_age_sec": null, "rt_queue_len": 0, "in_session_window": false, "caps": [], "news_kill": false, "dayR": 0.0, "trades_today": 0, "cool_until": null, "orders_disabled_paper_safety": false}
{"ts": "2025-10-23 05:07:04", "evt": "hb", "state": "-", "idle_reason": "booting", "net_qty": 0, "bars": 0, "rt_enabled": true, "rt_status": "ok", "rt_age_sec": null, "rt_queue_len": 0, "in_session_window": false, "caps": [], "news_kill": false, "dayR": 0.0, "trades_today": 0, "cool_until": null, "orders_disabled_paper_safety": false}
{"ts": "2025-10-23 05:07:05", "evt": "hb", "state": "-", "idle_reason": "booting", "net_qty": 0, "bars": 0, "rt_enabled": true, "rt_status": "ok", "rt_age_sec": null, "rt_queue_len": 0, "in_session_window": false, "caps": [], "news_kill": false, "dayR": 0.0, "trades_today": 0, "cool_until": null, "orders_disabled_paper_safety": false}
{"ts": "2025-10-23 05:07:06", "evt": "hb", "state": "-", "idle_reason": "booting", "net_qty": 0, "bars": 0, "rt_enabled": true, "rt_status": "ok", "rt_age_sec": null, "rt_queue_len": 0, "in_session_window": false, "caps": [], "news_kill": false, "dayR": 0.0, "trades_today": 0, "cool_until": null, "orders_disabled_paper_safety": false}
{"ts": "2025-10-23 05:07:07", "evt": "hb", "state": "-", "idle_reason": "booting", "net_qty": 0, "bars": 0, "rt_enabled": true, "rt_status": "ok", "rt_age_sec": null, "rt_queue_len": 0, "in_session_window": false, "caps": [], "news_kill": false, "dayR": 0.0, "trades_today": 0, "cool_until": null, "orders_disabled_paper_safety": false}
{"ts": "2025-10-23 05:07:08", "evt": "hb", "state": "-", "idle_reason": "booting", "net_qty": 0, "bars": 0, "rt_enabled": true, "rt_status": "ok", "rt_age_sec": null, "rt_queue_len": 0, "in_session_window": false, "caps": [], "news_kill": false, "dayR": 0.0, "trades_today": 0, "cool_until": null, "orders_disabled_paper_safety": false}
{"ts": "2025-10-23 05:07:09", "evt": "hb", "state": "-", "idle_reason": "booting", "net_qty": 0, "bars": 0, "rt_enabled": true, "rt_status": "ok", "rt_age_sec": null, "rt_queue_len": 0, "in_session_window": false, "caps": [], "news_kill": false, "dayR": 0.0, "trades_today": 0, "cool_until": null, "orders_disabled_paper_safety": false}
{"ts": "2025-10-23 05:07:10", "evt": "hb", "state": "-", "idle_reason": "booting", "net_qty": 0, "bars": 0, "rt_enabled": true, "rt_status": "ok", "rt_age_sec": null, "rt_queue_len": 0, "in_session_window": false, "caps": [], "news_kill": false, "dayR": 0.0, "trades_today": 0, "cool_until": null, "orders_disabled_paper_safety": false}
{"ts": "2025-10-23 05:07:11", "evt": "hb", "state": "-", "idle_reason": "booting", "net_qty": 0, "bars": 0, "rt_enabled": true, "rt_status": "ok", "rt_age_sec": null, "rt_queue_len": 0, "in_session_window": false, "caps": [], "news_kill": false, "dayR": 0.0, "trades_today": 0, "cool_until": null, "orders_disabled_paper_safety": false}
{"ts": "2025-10-23 05:07:12", "evt": "hb", "state": "-", "idle_reason": "booting", "net_qty": 0, "bars": 0, "rt_enabled": true, "rt_status": "ok", "rt_age_sec": null, "rt_queue_len": 0, "in_session_window": false, "caps": [], "news_kill": false, "dayR": 0.0, "trades_today": 0, "cool_until": null, "orders_disabled_paper_safety": false}
[2025-10-23 00:07:12] [WD-HB] watchdog alive (pid=17932)
{"ts": "2025-10-23 05:07:13", "evt": "hb", "state": "-", "idle_reason": "booting", "net_qty": 0, "bars": 0, "rt_enabled": true, "rt_status": "ok", "rt_age_sec": null, "rt_queue_len": 0, "in_session_window": false, "caps": [], "news_kill": false, "dayR": 0.0, "trades_today": 0, "cool_until": null, "orders_disabled_paper_safety": false}
{"ts": "2025-10-23 05:07:14", "evt": "hb", "state": "-", "idle_reason": "booting", "net_qty": 0, "bars": 0, "rt_enabled": true, "rt_status": "ok", "rt_age_sec": null, "rt_queue_len": 0, "in_session_window": false, "caps": [], "news_kill": false, "dayR": 0.0, "trades_today": 0, "cool_until": null, "orders_disabled_paper_safety": false}
{"ts": "2025-10-23 05:07:15", "evt": "hb", "state": "-", "idle_reason": "booting", "net_qty": 0, "bars": 0, "rt_enabled": true, "rt_status": "ok", "rt_age_sec": null, "rt_queue_len": 0, "in_session_window": false, "caps": [], "news_kill": false, "dayR": 0.0, "trades_today": 0, "cool_until": null, "orders_disabled_paper_safety": false}
{"ts": "2025-10-23 05:07:16", "evt": "hb", "state": "-", "idle_reason": "booting", "net_qty": 0, "bars": 0, "rt_enabled": true, "rt_status": "ok", "rt_age_sec": null, "rt_queue_len": 0, "in_session_window": false, "caps": [], "news_kill": false, "dayR": 0.0, "trades_today": 0, "cool_until": null, "orders_disabled_paper_safety": false}
{"ts": "2025-10-23 05:07:17", "evt": "hb", "state": "-", "idle_reason": "booting", "net_qty": 0, "bars": 0, "rt_enabled": true, "rt_status": "ok", "rt_age_sec": null, "rt_queue_len": 0, "in_session_window": false, "caps": [], "news_kill": false, "dayR": 0.0, "trades_today": 0, "cool_until": null, "orders_disabled_paper_safety": false}
{"ts": "2025-10-23 05:07:18", "evt": "hb", "state": "-", "idle_reason": "booting", "net_qty": 0, "bars": 0, "rt_enabled": true, "rt_status": "ok", "rt_age_sec": null, "rt_queue_len": 0, "in_session_window": false, "caps": [], "news_kill": false, "dayR": 0.0, "trades_today": 0, "cool_until": null, "orders_disabled_paper_safety": false}
{"ts": "2025-10-23 05:07:19", "evt": "hb", "state": "-", "idle_reason": "booting", "net_qty": 0, "bars": 0, "rt_enabled": true, "rt_status": "ok", "rt_age_sec": null, "rt_queue_len": 0, "in_session_window": false, "caps": [], "news_kill": false, "dayR": 0.0, "trades_today": 0, "cool_until": null, "orders_disabled_paper_safety": false}
{"ts": "2025-10-23 05:07:20", "evt": "hb", "state": "-", "idle_reason": "booting", "net_qty": 0, "bars": 0, "rt_enabled": true, "rt_status": "ok", "rt_age_sec": null, "rt_queue_len": 0, "in_session_window": false, "caps": [], "news_kill": false, "dayR": 0.0, "trades_today": 0, "cool_until": null, "orders_disabled_paper_safety": false}
{"ts": "2025-10-23 05:07:21", "evt": "hb", "state": "-", "idle_reason": "booting", "net_qty": 0, "bars": 0, "rt_enabled": true, "rt_status": "ok", "rt_age_sec": null, "rt_queue_len": 0, "in_session_window": false, "caps": [], "news_kill": false, "dayR": 0.0, "trades_today": 0, "cool_until": null, "orders_disabled_paper_safety": false}
{"ts": "2025-10-23 05:07:22", "evt": "hb", "state": "-", "idle_reason": "booting", "net_qty": 0, "bars": 0, "rt_enabled": true, "rt_status": "ok", "rt_age_sec": null, "rt_queue_len": 0, "in_session_window": false, "caps": [], "news_kill": false, "dayR": 0.0, "trades_today": 0, "cool_until": null, "orders_disabled_paper_safety": false}
[2025-10-23 00:07:22] [WD-HB] watchdog alive (pid=17932)
{"ts": "2025-10-23 05:07:23", "evt": "hb", "state": "-", "idle_reason": "booting", "net_qty": 0, "bars": 0, "rt_enabled": true, "rt_status": "ok", "rt_age_sec": null, "rt_queue_len": 0, "in_session_window": false, "caps": [], "news_kill": false, "dayR": 0.0, "trades_today": 0, "cool_until": null, "orders_disabled_paper_safety": false}
{"ts": "2025-10-23 05:07:24", "evt": "hb", "state": "-", "idle_reason": "booting", "net_qty": 0, "bars": 0, "rt_enabled": true, "rt_status": "ok", "rt_age_sec": null, "rt_queue_len": 0, "in_session_window": false, "caps": [], "news_kill": false, "dayR": 0.0, "trades_today": 0, "cool_until": null, "orders_disabled_paper_safety": false}
{"ts": "2025-10-23 05:07:25", "evt": "hb", "state": "-", "idle_reason": "booting", "net_qty": 0, "bars": 0, "rt_enabled": true, "rt_status": "ok", "rt_age_sec": null, "rt_queue_len": 0, "in_session_window": false, "caps": [], "news_kill": false, "dayR": 0.0, "trades_today": 0, "cool_until": null, "orders_disabled_paper_safety": false}
{"ts": "2025-10-23 05:07:26", "evt": "hb", "state": "-", "idle_reason": "booting", "net_qty": 0, "bars": 0, "rt_enabled": true, "rt_status": "ok", "rt_age_sec": null, "rt_queue_len": 0, "in_session_window": false, "caps": [], "news_kill": false, "dayR": 0.0, "trades_today": 0, "cool_until": null, "orders_disabled_paper_safety": false}
{"ts": "2025-10-23 05:07:27", "evt": "hb", "state": "-", "idle_reason": "booting", "net_qty": 0, "bars": 0, "rt_enabled": true, "rt_status": "ok", "rt_age_sec": null, "rt_queue_len": 0, "in_session_window": false, "caps": [], "news_kill": false, "dayR": 0.0, "trades_today": 0, "cool_until": null, "orders_disabled_paper_safety": false}
{"ts": "2025-10-23 05:07:28", "evt": "hb", "state": "-", "idle_reason": "booting", "net_qty": 0, "bars": 0, "rt_enabled": true, "rt_status": "ok", "rt_age_sec": null, "rt_queue_len": 0, "in_session_window": false, "caps": [], "news_kill": false, "dayR": 0.0, "trades_today": 0, "cool_until": null, "orders_disabled_paper_safety": false}
{"ts": "2025-10-23 05:07:29", "evt": "hb", "state": "-", "idle_reason": "booting", "net_qty": 0, "bars": 0, "rt_enabled": true, "rt_status": "ok", "rt_age_sec": null, "rt_queue_len": 0, "in_session_window": false, "caps": [], "news_kill": false, "dayR": 0.0, "trades_today": 0, "cool_until": null, "orders_disabled_paper_safety": false}
{"ts": "2025-10-23 05:07:30", "evt": "hb", "state": "-", "idle_reason": "booting", "net_qty": 0, "bars": 0, "rt_enabled": true, "rt_status": "ok", "rt_age_sec": null, "rt_queue_len": 0, "in_session_window": false, "caps": [], "news_kill": false, "dayR": 0.0, "trades_today": 0, "cool_until": null, "orders_disabled_paper_safety": false}
{"ts": "2025-10-23 05:07:31", "evt": "hb", "state": "-", "idle_reason": "booting", "net_qty": 0, "bars": 0, "rt_enabled": true, "rt_status": "ok", "rt_age_sec": null, "rt_queue_len": 0, "in_session_window": false, "caps": [], "news_kill": false, "dayR": 0.0, "trades_today": 0, "cool_until": null, "orders_disabled_paper_safety": false}
{"ts": "2025-10-23 05:07:32", "evt": "hb", "state": "-", "idle_reason": "booting", "net_qty": 0, "bars": 0, "rt_enabled": true, "rt_status": "ok", "rt_age_sec": null, "rt_queue_len": 0, "in_session_window": false, "caps": [], "news_kill": false, "dayR": 0.0, "trades_today": 0, "cool_until": null, "orders_disabled_paper_safety": false}
[2025-10-23 00:07:32] [WD-HB] watchdog alive (pid=17932)
{"ts": "2025-10-23 05:07:33", "evt": "hb", "state": "-", "idle_reason": "booting", "net_qty": 0, "bars": 0, "rt_enabled": true, "rt_status": "ok", "rt_age_sec": null, "rt_queue_len": 0, "in_session_window": false, "caps": [], "news_kill": false, "dayR": 0.0, "trades_today": 0, "cool_until": null, "orders_disabled_paper_safety": false}
{"ts": "2025-10-23 05:07:34", "evt": "hb", "state": "-", "idle_reason": "booting", "net_qty": 0, "bars": 0, "rt_enabled": true, "rt_status": "ok", "rt_age_sec": null, "rt_queue_len": 0, "in_session_window": false, "caps": [], "news_kill": false, "dayR": 0.0, "trades_today": 0, "cool_until": null, "orders_disabled_paper_safety": false}
{"ts": "2025-10-23 05:07:35", "evt": "hb", "state": "-", "idle_reason": "booting", "net_qty": 0, "bars": 0, "rt_enabled": true, "rt_status": "ok", "rt_age_sec": null, "rt_queue_len": 0, "in_session_window": false, "caps": [], "news_kill": false, "dayR": 0.0, "trades_today": 0, "cool_until": null, "orders_disabled_paper_safety": false}
{"ts": "2025-10-23 05:07:36", "evt": "hb", "state": "-", "idle_reason": "booting", "net_qty": 0, "bars": 0, "rt_enabled": true, "rt_status": "ok", "rt_age_sec": null, "rt_queue_len": 0, "in_session_window": false, "caps": [], "news_kill": false, "dayR": 0.0, "trades_today": 0, "cool_until": null, "orders_disabled_paper_safety": false}
{"ts": "2025-10-23 05:07:37", "evt": "hb", "state": "-", "idle_reason": "booting", "net_qty": 0, "bars": 0, "rt_enabled": true, "rt_status": "ok", "rt_age_sec": null, "rt_queue_len": 0, "in_session_window": false, "caps": [], "news_kill": false, "dayR": 0.0, "trades_today": 0, "cool_until": null, "orders_disabled_paper_safety": false}
{"ts": "2025-10-23 05:07:38", "evt": "hb", "state": "-", "idle_reason": "booting", "net_qty": 0, "bars": 0, "rt_enabled": true, "rt_status": "ok", "rt_age_sec": null, "rt_queue_len": 0, "in_session_window": false, "caps": [], "news_kill": false, "dayR": 0.0, "trades_today": 0, "cool_until": null, "orders_disabled_paper_safety": false}
{"ts": "2025-10-23 05:07:39", "evt": "hb", "state": "-", "idle_reason": "booting", "net_qty": 0, "bars": 0, "rt_enabled": true, "rt_status": "ok", "rt_age_sec": null, "rt_queue_len": 0, "in_session_window": false, "caps": [], "news_kill": false, "dayR": 0.0, "trades_today": 0, "cool_until": null, "orders_disabled_paper_safety": false}
{"ts": "2025-10-23 05:07:40", "evt": "hb", "state": "-", "idle_reason": "booting", "net_qty": 0, "bars": 0, "rt_enabled": true, "rt_status": "ok", "rt_age_sec": null, "rt_queue_len": 0, "in_session_window": false, "caps": [], "news_kill": false, "dayR": 0.0, "trades_today": 0, "cool_until": null, "orders_disabled_paper_safety": false}
{"ts": "2025-10-23 05:07:41", "evt": "hb", "state": "-", "idle_reason": "booting", "net_qty": 0, "bars": 0, "rt_enabled": true, "rt_status": "ok", "rt_age_sec": null, "rt_queue_len": 0, "in_session_window": false, "caps": [], "news_kill": false, "dayR": 0.0, "trades_today": 0, "cool_until": null, "orders_disabled_paper_safety": false}
{"ts": "2025-10-23 05:07:42", "evt": "hb", "state": "-", "idle_reason": "booting", "net_qty": 0, "bars": 0, "rt_enabled": true, "rt_status": "ok", "rt_age_sec": null, "rt_queue_len": 0, "in_session_window": false, "caps": [], "news_kill": false, "dayR": 0.0, "trades_today": 0, "cool_until": null, "orders_disabled_paper_safety": false}
[2025-10-23 00:07:42] [WD-HB] watchdog alive (pid=17932)
{"ts": "2025-10-23 05:07:43", "evt": "hb", "state": "-", "idle_reason": "booting", "net_qty": 0, "bars": 0, "rt_enabled": true, "rt_status": "ok", "rt_age_sec": null, "rt_queue_len": 0, "in_session_window": false, "caps": [], "news_kill": false, "dayR": 0.0, "trades_today": 0, "cool_until": null, "orders_disabled_paper_safety": false}
{"ts": "2025-10-23 05:07:44", "evt": "hb", "state": "-", "idle_reason": "booting", "net_qty": 0, "bars": 0, "rt_enabled": true, "rt_status": "ok", "rt_age_sec": null, "rt_queue_len": 0, "in_session_window": false, "caps": [], "news_kill": false, "dayR": 0.0, "trades_today": 0, "cool_until": null, "orders_disabled_paper_safety": false}
{"ts": "2025-10-23 05:07:45", "evt": "hb", "state": "-", "idle_reason": "booting", "net_qty": 0, "bars": 0, "rt_enabled": true, "rt_status": "ok", "rt_age_sec": null, "rt_queue_len": 0, "in_session_window": false, "caps": [], "news_kill": false, "dayR": 0.0, "trades_today": 0, "cool_until": null, "orders_disabled_paper_safety": false}
{"ts": "2025-10-23 05:07:46", "evt": "hb", "state": "-", "idle_reason": "booting", "net_qty": 0, "bars": 0, "rt_enabled": true, "rt_status": "ok", "rt_age_sec": null, "rt_queue_len": 0, "in_session_window": false, "caps": [], "news_kill": false, "dayR": 0.0, "trades_today": 0, "cool_until": null, "orders_disabled_paper_safety": false}
{"ts": "2025-10-23 05:07:47", "evt": "hb", "state": "-", "idle_reason": "booting", "net_qty": 0, "bars": 0, "rt_enabled": true, "rt_status": "ok", "rt_age_sec": null, "rt_queue_len": 0, "in_session_window": false, "caps": [], "news_kill": false, "dayR": 0.0, "trades_today": 0, "cool_until": null, "orders_disabled_paper_safety": false}
{"ts": "2025-10-23 05:07:48", "evt": "hb", "state": "-", "idle_reason": "booting", "net_qty": 0, "bars": 0, "rt_enabled": true, "rt_status": "ok", "rt_age_sec": null, "rt_queue_len": 0, "in_session_window": false, "caps": [], "news_kill": false, "dayR": 0.0, "trades_today": 0, "cool_until": null, "orders_disabled_paper_safety": false}
{"ts": "2025-10-23 05:07:49", "evt": "hb", "state": "-", "idle_reason": "booting", "net_qty": 0, "bars": 0, "rt_enabled": true, "rt_status": "ok", "rt_age_sec": null, "rt_queue_len": 0, "in_session_window": false, "caps": [], "news_kill": false, "dayR": 0.0, "trades_today": 0, "cool_until": null, "orders_disabled_paper_safety": false}
{"ts": "2025-10-23 05:07:50", "evt": "hb", "state": "-", "idle_reason": "booting", "net_qty": 0, "bars": 0, "rt_enabled": true, "rt_status": "ok", "rt_age_sec": null, "rt_queue_len": 0, "in_session_window": false, "caps": [], "news_kill": false, "dayR": 0.0, "trades_today": 0, "cool_until": null, "orders_disabled_paper_safety": false}
{"ts": "2025-10-23 05:07:51", "evt": "hb", "state": "-", "idle_reason": "booting", "net_qty": 0, "bars": 0, "rt_enabled": true, "rt_status": "ok", "rt_age_sec": null, "rt_queue_len": 0, "in_session_window": false, "caps": [], "news_kill": false, "dayR": 0.0, "trades_today": 0, "cool_until": null, "orders_disabled_paper_safety": false}
{"ts": "2025-10-23 05:07:52", "evt": "hb", "state": "-", "idle_reason": "booting", "net_qty": 0, "bars": 0, "rt_enabled": true, "rt_status": "ok", "rt_age_sec": null, "rt_queue_len": 0, "in_session_window": false, "caps": [], "news_kill": false, "dayR": 0.0, "trades_today": 0, "cool_until": null, "orders_disabled_paper_safety": false}
[2025-10-23 00:07:52] [WD-HB] watchdog alive (pid=17932)
{"ts": "2025-10-23 05:07:53", "evt": "hb", "state": "-", "idle_reason": "booting", "net_qty": 0, "bars": 0, "rt_enabled": true, "rt_status": "ok", "rt_age_sec": null, "rt_queue_len": 0, "in_session_window": false, "caps": [], "news_kill": false, "dayR": 0.0, "trades_today": 0, "cool_until": null, "orders_disabled_paper_safety": false}
{"ts": "2025-10-23 05:07:54", "evt": "hb", "state": "-", "idle_reason": "booting", "net_qty": 0, "bars": 0, "rt_enabled": true, "rt_status": "ok", "rt_age_sec": null, "rt_queue_len": 0, "in_session_window": false, "caps": [], "news_kill": false, "dayR": 0.0, "trades_today": 0, "cool_until": null, "orders_disabled_paper_safety": false}
{"ts": "2025-10-23 05:07:55", "evt": "hb", "state": "-", "idle_reason": "booting", "net_qty": 0, "bars": 0, "rt_enabled": true, "rt_status": "ok", "rt_age_sec": null, "rt_queue_len": 0, "in_session_window": false, "caps": [], "news_kill": false, "dayR": 0.0, "trades_today": 0, "cool_until": null, "orders_disabled_paper_safety": false}
{"ts": "2025-10-23 05:07:56", "evt": "hb", "state": "-", "idle_reason": "booting", "net_qty": 0, "bars": 0, "rt_enabled": true, "rt_status": "ok", "rt_age_sec": null, "rt_queue_len": 0, "in_session_window": false, "caps": [], "news_kill": false, "dayR": 0.0, "trades_today": 0, "cool_until": null, "orders_disabled_paper_safety": false}
{"ts": "2025-10-23 05:07:57", "evt": "hb", "state": "-", "idle_reason": "booting", "net_qty": 0, "bars": 0, "rt_enabled": true, "rt_status": "ok", "rt_age_sec": null, "rt_queue_len": 0, "in_session_window": false, "caps": [], "news_kill": false, "dayR": 0.0, "trades_today": 0, "cool_until": null, "orders_disabled_paper_safety": false}
{"ts": "2025-10-23 05:07:58", "evt": "hb", "state": "-", "idle_reason": "booting", "net_qty": 0, "bars": 0, "rt_enabled": true, "rt_status": "ok", "rt_age_sec": null, "rt_queue_len": 0, "in_session_window": false, "caps": [], "news_kill": false, "dayR": 0.0, "trades_today": 0, "cool_until": null, "orders_disabled_paper_safety": false}
{"ts": "2025-10-23 05:07:59", "evt": "hb", "state": "-", "idle_reason": "booting", "net_qty": 0, "bars": 0, "rt_enabled": true, "rt_status": "ok", "rt_age_sec": null, "rt_queue_len": 0, "in_session_window": false, "caps": [], "news_kill": false, "dayR": 0.0, "trades_today": 0, "cool_until": null, "orders_disabled_paper_safety": false}
{"ts": "2025-10-23 05:08:00", "evt": "hb", "state": "-", "idle_reason": "booting", "net_qty": 0, "bars": 0, "rt_enabled": true, "rt_status": "ok", "rt_age_sec": null, "rt_queue_len": 0, "in_session_window": false, "caps": [], "news_kill": false, "dayR": 0.0, "trades_today": 0, "cool_until": null, "orders_disabled_paper_safety": false}
{"ts": "2025-10-23 05:08:01", "evt": "hb", "state": "-", "idle_reason": "booting", "net_qty": 0, "bars": 0, "rt_enabled": true, "rt_status": "ok", "rt_age_sec": null, "rt_queue_len": 0, "in_session_window": false, "caps": [], "news_kill": false, "dayR": 0.0, "trades_today": 0, "cool_until": null, "orders_disabled_paper_safety": false}
{"ts": "2025-10-23 05:08:02", "evt": "hb", "state": "-", "idle_reason": "booting", "net_qty": 0, "bars": 0, "rt_enabled": true, "rt_status": "ok", "rt_age_sec": null, "rt_queue_len": 0, "in_session_window": false, "caps": [], "news_kill": false, "dayR": 0.0, "trades_today": 0, "cool_until": null, "orders_disabled_paper_safety": false}
[2025-10-23 00:08:02] [WD-HB] watchdog alive (pid=17932)
{"ts": "2025-10-23 05:08:03", "evt": "hb", "state": "-", "idle_reason": "booting", "net_qty": 0, "bars": 0, "rt_enabled": true, "rt_status": "ok", "rt_age_sec": null, "rt_queue_len": 0, "in_session_window": false, "caps": [], "news_kill": false, "dayR": 0.0, "trades_today": 0, "cool_until": null, "orders_disabled_paper_safety": false}
{"ts": "2025-10-23 05:08:04", "evt": "hb", "state": "-", "idle_reason": "booting", "net_qty": 0, "bars": 0, "rt_enabled": true, "rt_status": "ok", "rt_age_sec": null, "rt_queue_len": 0, "in_session_window": false, "caps": [], "news_kill": false, "dayR": 0.0, "trades_today": 0, "cool_until": null, "orders_disabled_paper_safety": false}
{"ts": "2025-10-23 05:08:05", "evt": "hb", "state": "-", "idle_reason": "booting", "net_qty": 0, "bars": 0, "rt_enabled": true, "rt_status": "ok", "rt_age_sec": null, "rt_queue_len": 0, "in_session_window": false, "caps": [], "news_kill": false, "dayR": 0.0, "trades_today": 0, "cool_until": null, "orders_disabled_paper_safety": false}
{"ts": "2025-10-23 05:08:06", "evt": "hb", "state": "-", "idle_reason": "booting", "net_qty": 0, "bars": 0, "rt_enabled": true, "rt_status": "ok", "rt_age_sec": null, "rt_queue_len": 0, "in_session_window": false, "caps": [], "news_kill": false, "dayR": 0.0, "trades_today": 0, "cool_until": null, "orders_disabled_paper_safety": false}
{"ts": "2025-10-23 05:08:07", "evt": "hb", "state": "-", "idle_reason": "booting", "net_qty": 0, "bars": 0, "rt_enabled": true, "rt_status": "ok", "rt_age_sec": null, "rt_queue_len": 0, "in_session_window": false, "caps": [], "news_kill": false, "dayR": 0.0, "trades_today": 0, "cool_until": null, "orders_disabled_paper_safety": false}
{"ts": "2025-10-23 05:08:08", "evt": "hb", "state": "-", "idle_reason": "booting", "net_qty": 0, "bars": 0, "rt_enabled": true, "rt_status": "ok", "rt_age_sec": null, "rt_queue_len": 0, "in_session_window": false, "caps": [], "news_kill": false, "dayR": 0.0, "trades_today": 0, "cool_until": null, "orders_disabled_paper_safety": false}
{"ts": "2025-10-23 05:08:09", "evt": "hb", "state": "-", "idle_reason": "booting", "net_qty": 0, "bars": 0, "rt_enabled": true, "rt_status": "ok", "rt_age_sec": null, "rt_queue_len": 0, "in_session_window": false, "caps": [], "news_kill": false, "dayR": 0.0, "trades_today": 0, "cool_until": null, "orders_disabled_paper_safety": false}
{"ts": "2025-10-23 05:08:10", "evt": "hb", "state": "-", "idle_reason": "booting", "net_qty": 0, "bars": 0, "rt_enabled": true, "rt_status": "ok", "rt_age_sec": null, "rt_queue_len": 0, "in_session_window": false, "caps": [], "news_kill": false, "dayR": 0.0, "trades_today": 0, "cool_until": null, "orders_disabled_paper_safety": false}
{"ts": "2025-10-23 05:08:11", "evt": "hb", "state": "-", "idle_reason": "booting", "net_qty": 0, "bars": 0, "rt_enabled": true, "rt_status": "ok", "rt_age_sec": null, "rt_queue_len": 0, "in_session_window": false, "caps": [], "news_kill": false, "dayR": 0.0, "trades_today": 0, "cool_until": null, "orders_disabled_paper_safety": false}
{"ts": "2025-10-23 05:08:12", "evt": "hb", "state": "-", "idle_reason": "booting", "net_qty": 0, "bars": 0, "rt_enabled": true, "rt_status": "ok", "rt_age_sec": null, "rt_queue_len": 0, "in_session_window": false, "caps": [], "news_kill": false, "dayR": 0.0, "trades_today": 0, "cool_until": null, "orders_disabled_paper_safety": false}
[2025-10-23 00:08:12] [WD-HB] watchdog alive (pid=17932)
{"ts": "2025-10-23 05:08:13", "evt": "hb", "state": "-", "idle_reason": "booting", "net_qty": 0, "bars": 0, "rt_enabled": true, "rt_status": "ok", "rt_age_sec": null, "rt_queue_len": 0, "in_session_window": false, "caps": [], "news_kill": false, "dayR": 0.0, "trades_today": 0, "cool_until": null, "orders_disabled_paper_safety": false}
{"ts": "2025-10-23 05:08:14", "evt": "hb", "state": "-", "idle_reason": "booting", "net_qty": 0, "bars": 0, "rt_enabled": true, "rt_status": "ok", "rt_age_sec": null, "rt_queue_len": 0, "in_session_window": false, "caps": [], "news_kill": false, "dayR": 0.0, "trades_today": 0, "cool_until": null, "orders_disabled_paper_safety": false}
{"ts": "2025-10-23 05:08:15", "evt": "hb", "state": "-", "idle_reason": "booting", "net_qty": 0, "bars": 0, "rt_enabled": true, "rt_status": "ok", "rt_age_sec": null, "rt_queue_len": 0, "in_session_window": false, "caps": [], "news_kill": false, "dayR": 0.0, "trades_today": 0, "cool_until": null, "orders_disabled_paper_safety": false}
{"ts": "2025-10-23 05:08:16", "evt": "hb", "state": "-", "idle_reason": "booting", "net_qty": 0, "bars": 0, "rt_enabled": true, "rt_status": "ok", "rt_age_sec": null, "rt_queue_len": 0, "in_session_window": false, "caps": [], "news_kill": false, "dayR": 0.0, "trades_today": 0, "cool_until": null, "orders_disabled_paper_safety": false}
{"ts": "2025-10-23 05:08:17", "evt": "hb", "state": "-", "idle_reason": "booting", "net_qty": 0, "bars": 0, "rt_enabled": true, "rt_status": "ok", "rt_age_sec": null, "rt_queue_len": 0, "in_session_window": false, "caps": [], "news_kill": false, "dayR": 0.0, "trades_today": 0, "cool_until": null, "orders_disabled_paper_safety": false}
{"ts": "2025-10-23 05:08:18", "evt": "hb", "state": "-", "idle_reason": "booting", "net_qty": 0, "bars": 0, "rt_enabled": true, "rt_status": "ok", "rt_age_sec": null, "rt_queue_len": 0, "in_session_window": false, "caps": [], "news_kill": false, "dayR": 0.0, "trades_today": 0, "cool_until": null, "orders_disabled_paper_safety": false}
{"ts": "2025-10-23 05:08:19", "evt": "hb", "state": "-", "idle_reason": "booting", "net_qty": 0, "bars": 0, "rt_enabled": true, "rt_status": "ok", "rt_age_sec": null, "rt_queue_len": 0, "in_session_window": false, "caps": [], "news_kill": false, "dayR": 0.0, "trades_today": 0, "cool_until": null, "orders_disabled_paper_safety": false}
{"ts": "2025-10-23 05:08:20", "evt": "hb", "state": "-", "idle_reason": "booting", "net_qty": 0, "bars": 0, "rt_enabled": true, "rt_status": "ok", "rt_age_sec": null, "rt_queue_len": 0, "in_session_window": false, "caps": [], "news_kill": false, "dayR": 0.0, "trades_today": 0, "cool_until": null, "orders_disabled_paper_safety": false}
{"ts": "2025-10-23 05:08:21", "evt": "hb", "state": "-", "idle_reason": "booting", "net_qty": 0, "bars": 0, "rt_enabled": true, "rt_status": "ok", "rt_age_sec": null, "rt_queue_len": 0, "in_session_window": false, "caps": [], "news_kill": false, "dayR": 0.0, "trades_today": 0, "cool_until": null, "orders_disabled_paper_safety": false}
{"ts": "2025-10-23 05:08:22", "evt": "hb", "state": "-", "idle_reason": "booting", "net_qty": 0, "bars": 0, "rt_enabled": true, "rt_status": "ok", "rt_age_sec": null, "rt_queue_len": 0, "in_session_window": false, "caps": [], "news_kill": false, "dayR": 0.0, "trades_today": 0, "cool_until": null, "orders_disabled_paper_safety": false}
[2025-10-23 00:08:22] [WD-HB] watchdog alive (pid=17932)
{"ts": "2025-10-23 05:08:23", "evt": "hb", "state": "-", "idle_reason": "booting", "net_qty": 0, "bars": 0, "rt_enabled": true, "rt_status": "ok", "rt_age_sec": null, "rt_queue_len": 0, "in_session_window": false, "caps": [], "news_kill": false, "dayR": 0.0, "trades_today": 0, "cool_until": null, "orders_disabled_paper_safety": false}
{"ts": "2025-10-23 05:08:24", "evt": "hb", "state": "-", "idle_reason": "booting", "net_qty": 0, "bars": 0, "rt_enabled": true, "rt_status": "ok", "rt_age_sec": null, "rt_queue_len": 0, "in_session_window": false, "caps": [], "news_kill": false, "dayR": 0.0, "trades_today": 0, "cool_until": null, "orders_disabled_paper_safety": false}
{"ts": "2025-10-23 05:08:25", "evt": "hb", "state": "-", "idle_reason": "booting", "net_qty": 0, "bars": 0, "rt_enabled": true, "rt_status": "ok", "rt_age_sec": null, "rt_queue_len": 0, "in_session_window": false, "caps": [], "news_kill": false, "dayR": 0.0, "trades_today": 0, "cool_until": null, "orders_disabled_paper_safety": false}
{"ts": "2025-10-23 05:08:26", "evt": "hb", "state": "-", "idle_reason": "booting", "net_qty": 0, "bars": 0, "rt_enabled": true, "rt_status": "ok", "rt_age_sec": null, "rt_queue_len": 0, "in_session_window": false, "caps": [], "news_kill": false, "dayR": 0.0, "trades_today": 0, "cool_until": null, "orders_disabled_paper_safety": false}
{"ts": "2025-10-23 05:08:27", "evt": "hb", "state": "-", "idle_reason": "booting", "net_qty": 0, "bars": 0, "rt_enabled": true, "rt_status": "ok", "rt_age_sec": null, "rt_queue_len": 0, "in_session_window": false, "caps": [], "news_kill": false, "dayR": 0.0, "trades_today": 0, "cool_until": null, "orders_disabled_paper_safety": false}
{"ts": "2025-10-23 05:08:28", "evt": "hb", "state": "-", "idle_reason": "booting", "net_qty": 0, "bars": 0, "rt_enabled": true, "rt_status": "ok", "rt_age_sec": null, "rt_queue_len": 0, "in_session_window": false, "caps": [], "news_kill": false, "dayR": 0.0, "trades_today": 0, "cool_until": null, "orders_disabled_paper_safety": false}
{"ts": "2025-10-23 05:08:29", "evt": "hb", "state": "-", "idle_reason": "booting", "net_qty": 0, "bars": 0, "rt_enabled": true, "rt_status": "ok", "rt_age_sec": null, "rt_queue_len": 0, "in_session_window": false, "caps": [], "news_kill": false, "dayR": 0.0, "trades_today": 0, "cool_until": null, "orders_disabled_paper_safety": false}
{"ts": "2025-10-23 05:08:30", "evt": "hb", "state": "-", "idle_reason": "booting", "net_qty": 0, "bars": 0, "rt_enabled": true, "rt_status": "ok", "rt_age_sec": null, "rt_queue_len": 0, "in_session_window": false, "caps": [], "news_kill": false, "dayR": 0.0, "trades_today": 0, "cool_until": null, "orders_disabled_paper_safety": false}
{"ts": "2025-10-23 05:08:31", "evt": "hb", "state": "-", "idle_reason": "booting", "net_qty": 0, "bars": 0, "rt_enabled": true, "rt_status": "ok", "rt_age_sec": null, "rt_queue_len": 0, "in_session_window": false, "caps": [], "news_kill": false, "dayR": 0.0, "trades_today": 0, "cool_until": null, "orders_disabled_paper_safety": false}
{"ts": "2025-10-23 05:08:32", "evt": "hb", "state": "-", "idle_reason": "booting", "net_qty": 0, "bars": 0, "rt_enabled": true, "rt_status": "ok", "rt_age_sec": null, "rt_queue_len": 0, "in_session_window": false, "caps": [], "news_kill": false, "dayR": 0.0, "trades_today": 0, "cool_until": null, "orders_disabled_paper_safety": false}
[2025-10-23 00:08:32] [WD-HB] watchdog alive (pid=17932)
{"ts": "2025-10-23 05:08:33", "evt": "hb", "state": "-", "idle_reason": "booting", "net_qty": 0, "bars": 0, "rt_enabled": true, "rt_status": "ok", "rt_age_sec": null, "rt_queue_len": 0, "in_session_window": false, "caps": [], "news_kill": false, "dayR": 0.0, "trades_today": 0, "cool_until": null, "orders_disabled_paper_safety": false}
{"ts": "2025-10-23 05:08:34", "evt": "hb", "state": "-", "idle_reason": "booting", "net_qty": 0, "bars": 0, "rt_enabled": true, "rt_status": "ok", "rt_age_sec": null, "rt_queue_len": 0, "in_session_window": false, "caps": [], "news_kill": false, "dayR": 0.0, "trades_today": 0, "cool_until": null, "orders_disabled_paper_safety": false}
{"ts": "2025-10-23 05:08:35", "evt": "hb", "state": "-", "idle_reason": "booting", "net_qty": 0, "bars": 0, "rt_enabled": true, "rt_status": "ok", "rt_age_sec": null, "rt_queue_len": 0, "in_session_window": false, "caps": [], "news_kill": false, "dayR": 0.0, "trades_today": 0, "cool_until": null, "orders_disabled_paper_safety": false}
{"ts": "2025-10-23 05:08:36", "evt": "hb", "state": "-", "idle_reason": "booting", "net_qty": 0, "bars": 0, "rt_enabled": true, "rt_status": "ok", "rt_age_sec": null, "rt_queue_len": 0, "in_session_window": false, "caps": [], "news_kill": false, "dayR": 0.0, "trades_today": 0, "cool_until": null, "orders_disabled_paper_safety": false}
{"ts": "2025-10-23 05:08:37", "evt": "hb", "state": "-", "idle_reason": "booting", "net_qty": 0, "bars": 0, "rt_enabled": true, "rt_status": "ok", "rt_age_sec": null, "rt_queue_len": 0, "in_session_window": false, "caps": [], "news_kill": false, "dayR": 0.0, "trades_today": 0, "cool_until": null, "orders_disabled_paper_safety": false}
{"ts": "2025-10-23 05:08:38", "evt": "hb", "state": "-", "idle_reason": "booting", "net_qty": 0, "bars": 0, "rt_enabled": true, "rt_status": "ok", "rt_age_sec": null, "rt_queue_len": 0, "in_session_window": false, "caps": [], "news_kill": false, "dayR": 0.0, "trades_today": 0, "cool_until": null, "orders_disabled_paper_safety": false}
{"ts": "2025-10-23 05:08:39", "evt": "hb", "state": "-", "idle_reason": "booting", "net_qty": 0, "bars": 0, "rt_enabled": true, "rt_status": "ok", "rt_age_sec": null, "rt_queue_len": 0, "in_session_window": false, "caps": [], "news_kill": false, "dayR": 0.0, "trades_today": 0, "cool_until": null, "orders_disabled_paper_safety": false}
{"ts": "2025-10-23 05:08:40", "evt": "hb", "state": "-", "idle_reason": "booting", "net_qty": 0, "bars": 0, "rt_enabled": true, "rt_status": "ok", "rt_age_sec": null, "rt_queue_len": 0, "in_session_window": false, "caps": [], "news_kill": false, "dayR": 0.0, "trades_today": 0, "cool_until": null, "orders_disabled_paper_safety": false}
{"ts": "2025-10-23 05:08:41", "evt": "hb", "state": "-", "idle_reason": "booting", "net_qty": 0, "bars": 0, "rt_enabled": true, "rt_status": "ok", "rt_age_sec": null, "rt_queue_len": 0, "in_session_window": false, "caps": [], "news_kill": false, "dayR": 0.0, "trades_today": 0, "cool_until": null, "orders_disabled_paper_safety": false}
{"ts": "2025-10-23 05:08:42", "evt": "hb", "state": "-", "idle_reason": "booting", "net_qty": 0, "bars": 0, "rt_enabled": true, "rt_status": "ok", "rt_age_sec": null, "rt_queue_len": 0, "in_session_window": false, "caps": [], "news_kill": false, "dayR": 0.0, "trades_today": 0, "cool_until": null, "orders_disabled_paper_safety": false}
[2025-10-23 00:08:42] [WD-HB] watchdog alive (pid=17932)
{"ts": "2025-10-23 05:08:43", "evt": "hb", "state": "-", "idle_reason": "booting", "net_qty": 0, "bars": 0, "rt_enabled": true, "rt_status": "ok", "rt_age_sec": null, "rt_queue_len": 0, "in_session_window": false, "caps": [], "news_kill": false, "dayR": 0.0, "trades_today": 0, "cool_until": null, "orders_disabled_paper_safety": false}
{"ts": "2025-10-23 05:08:44", "evt": "hb", "state": "-", "idle_reason": "booting", "net_qty": 0, "bars": 0, "rt_enabled": true, "rt_status": "ok", "rt_age_sec": null, "rt_queue_len": 0, "in_session_window": false, "caps": [], "news_kill": false, "dayR": 0.0, "trades_today": 0, "cool_until": null, "orders_disabled_paper_safety": false}
{"ts": "2025-10-23 05:08:45", "evt": "hb", "state": "-", "idle_reason": "booting", "net_qty": 0, "bars": 0, "rt_enabled": true, "rt_status": "ok", "rt_age_sec": null, "rt_queue_len": 0, "in_session_window": false, "caps": [], "news_kill": false, "dayR": 0.0, "trades_today": 0, "cool_until": null, "orders_disabled_paper_safety": false}
{"ts": "2025-10-23 05:08:46", "evt": "hb", "state": "-", "idle_reason": "booting", "net_qty": 0, "bars": 0, "rt_enabled": true, "rt_status": "ok", "rt_age_sec": null, "rt_queue_len": 0, "in_session_window": false, "caps": [], "news_kill": false, "dayR": 0.0, "trades_today": 0, "cool_until": null, "orders_disabled_paper_safety": false}
{"ts": "2025-10-23 05:08:47", "evt": "hb", "state": "-", "idle_reason": "booting", "net_qty": 0, "bars": 0, "rt_enabled": true, "rt_status": "ok", "rt_age_sec": null, "rt_queue_len": 0, "in_session_window": false, "caps": [], "news_kill": false, "dayR": 0.0, "trades_today": 0, "cool_until": null, "orders_disabled_paper_safety": false}
{"ts": "2025-10-23 05:08:48", "evt": "hb", "state": "-", "idle_reason": "booting", "net_qty": 0, "bars": 0, "rt_enabled": true, "rt_status": "ok", "rt_age_sec": null, "rt_queue_len": 0, "in_session_window": false, "caps": [], "news_kill": false, "dayR": 0.0, "trades_today": 0, "cool_until": null, "orders_disabled_paper_safety": false}
{"ts": "2025-10-23 05:08:49", "evt": "hb", "state": "-", "idle_reason": "booting", "net_qty": 0, "bars": 0, "rt_enabled": true, "rt_status": "ok", "rt_age_sec": null, "rt_queue_len": 0, "in_session_window": false, "caps": [], "news_kill": false, "dayR": 0.0, "trades_today": 0, "cool_until": null, "orders_disabled_paper_safety": false}
{"ts": "2025-10-23 05:08:50", "evt": "hb", "state": "-", "idle_reason": "booting", "net_qty": 0, "bars": 0, "rt_enabled": true, "rt_status": "ok", "rt_age_sec": null, "rt_queue_len": 0, "in_session_window": false, "caps": [], "news_kill": false, "dayR": 0.0, "trades_today": 0, "cool_until": null, "orders_disabled_paper_safety": false}
{"ts": "2025-10-23 05:08:51", "evt": "hb", "state": "-", "idle_reason": "booting", "net_qty": 0, "bars": 0, "rt_enabled": true, "rt_status": "ok", "rt_age_sec": null, "rt_queue_len": 0, "in_session_window": false, "caps": [], "news_kill": false, "dayR": 0.0, "trades_today": 0, "cool_until": null, "orders_disabled_paper_safety": false}
{"ts": "2025-10-23 05:08:52", "evt": "hb", "state": "-", "idle_reason": "booting", "net_qty": 0, "bars": 0, "rt_enabled": true, "rt_status": "ok", "rt_age_sec": null, "rt_queue_len": 0, "in_session_window": false, "caps": [], "news_kill": false, "dayR": 0.0, "trades_today": 0, "cool_until": null, "orders_disabled_paper_safety": false}
[2025-10-23 00:08:52] [WD-HB] watchdog alive (pid=17932)
{"ts": "2025-10-23 05:08:53", "evt": "hb", "state": "-", "idle_reason": "booting", "net_qty": 0, "bars": 0, "rt_enabled": true, "rt_status": "ok", "rt_age_sec": null, "rt_queue_len": 0, "in_session_window": false, "caps": [], "news_kill": false, "dayR": 0.0, "trades_today": 0, "cool_until": null, "orders_disabled_paper_safety": false}
{"ts": "2025-10-23 05:08:54", "evt": "hb", "state": "-", "idle_reason": "booting", "net_qty": 0, "bars": 0, "rt_enabled": true, "rt_status": "ok", "rt_age_sec": null, "rt_queue_len": 0, "in_session_window": false, "caps": [], "news_kill": false, "dayR": 0.0, "trades_today": 0, "cool_until": null, "orders_disabled_paper_safety": false}
{"ts": "2025-10-23 05:08:55", "evt": "hb", "state": "-", "idle_reason": "booting", "net_qty": 0, "bars": 0, "rt_enabled": true, "rt_status": "ok", "rt_age_sec": null, "rt_queue_len": 0, "in_session_window": false, "caps": [], "news_kill": false, "dayR": 0.0, "trades_today": 0, "cool_until": null, "orders_disabled_paper_safety": false}
{"ts": "2025-10-23 05:08:56", "evt": "hb", "state": "-", "idle_reason": "booting", "net_qty": 0, "bars": 0, "rt_enabled": true, "rt_status": "ok", "rt_age_sec": null, "rt_queue_len": 0, "in_session_window": false, "caps": [], "news_kill": false, "dayR": 0.0, "trades_today": 0, "cool_until": null, "orders_disabled_paper_safety": false}
{"ts": "2025-10-23 05:08:57", "evt": "hb", "state": "-", "idle_reason": "booting", "net_qty": 0, "bars": 0, "rt_enabled": true, "rt_status": "ok", "rt_age_sec": null, "rt_queue_len": 0, "in_session_window": false, "caps": [], "news_kill": false, "dayR": 0.0, "trades_today": 0, "cool_until": null, "orders_disabled_paper_safety": false}
{"ts": "2025-10-23 05:08:58", "evt": "hb", "state": "-", "idle_reason": "booting", "net_qty": 0, "bars": 0, "rt_enabled": true, "rt_status": "ok", "rt_age_sec": null, "rt_queue_len": 0, "in_session_window": false, "caps": [], "news_kill": false, "dayR": 0.0, "trades_today": 0, "cool_until": null, "orders_disabled_paper_safety": false}
{"ts": "2025-10-23 05:08:59", "evt": "hb", "state": "-", "idle_reason": "booting", "net_qty": 0, "bars": 0, "rt_enabled": true, "rt_status": "ok", "rt_age_sec": null, "rt_queue_len": 0, "in_session_window": false, "caps": [], "news_kill": false, "dayR": 0.0, "trades_today": 0, "cool_until": null, "orders_disabled_paper_safety": false}
{"ts": "2025-10-23 05:09:00", "evt": "hb", "state": "-", "idle_reason": "booting", "net_qty": 0, "bars": 0, "rt_enabled": true, "rt_status": "ok", "rt_age_sec": null, "rt_queue_len": 0, "in_session_window": false, "caps": [], "news_kill": false, "dayR": 0.0, "trades_today": 0, "cool_until": null, "orders_disabled_paper_safety": false}
{"ts": "2025-10-23 05:09:01", "evt": "hb", "state": "-", "idle_reason": "booting", "net_qty": 0, "bars": 0, "rt_enabled": true, "rt_status": "ok", "rt_age_sec": null, "rt_queue_len": 0, "in_session_window": false, "caps": [], "news_kill": false, "dayR": 0.0, "trades_today": 0, "cool_until": null, "orders_disabled_paper_safety": false}
{"ts": "2025-10-23 05:09:02", "evt": "hb", "state": "-", "idle_reason": "booting", "net_qty": 0, "bars": 0, "rt_enabled": true, "rt_status": "ok", "rt_age_sec": null, "rt_queue_len": 0, "in_session_window": false, "caps": [], "news_kill": false, "dayR": 0.0, "trades_today": 0, "cool_until": null, "orders_disabled_paper_safety": false}
[2025-10-23 00:09:02] [WD-HB] watchdog alive (pid=17932)
{"ts": "2025-10-23 05:09:03", "evt": "hb", "state": "-", "idle_reason": "booting", "net_qty": 0, "bars": 0, "rt_enabled": true, "rt_status": "ok", "rt_age_sec": null, "rt_queue_len": 0, "in_session_window": false, "caps": [], "news_kill": false, "dayR": 0.0, "trades_today": 0, "cool_until": null, "orders_disabled_paper_safety": false}
{"ts": "2025-10-23 05:09:04", "evt": "hb", "state": "-", "idle_reason": "booting", "net_qty": 0, "bars": 0, "rt_enabled": true, "rt_status": "ok", "rt_age_sec": null, "rt_queue_len": 0, "in_session_window": false, "caps": [], "news_kill": false, "dayR": 0.0, "trades_today": 0, "cool_until": null, "orders_disabled_paper_safety": false}
{"ts": "2025-10-23 05:09:05", "evt": "hb", "state": "-", "idle_reason": "booting", "net_qty": 0, "bars": 0, "rt_enabled": true, "rt_status": "ok", "rt_age_sec": null, "rt_queue_len": 0, "in_session_window": false, "caps": [], "news_kill": false, "dayR": 0.0, "trades_today": 0, "cool_until": null, "orders_disabled_paper_safety": false}
{"ts": "2025-10-23 05:09:06", "evt": "hb", "state": "-", "idle_reason": "booting", "net_qty": 0, "bars": 0, "rt_enabled": true, "rt_status": "ok", "rt_age_sec": null, "rt_queue_len": 0, "in_session_window": false, "caps": [], "news_kill": false, "dayR": 0.0, "trades_today": 0, "cool_until": null, "orders_disabled_paper_safety": false}
{"ts": "2025-10-23 05:09:07", "evt": "hb", "state": "-", "idle_reason": "booting", "net_qty": 0, "bars": 0, "rt_enabled": true, "rt_status": "ok", "rt_age_sec": null, "rt_queue_len": 0, "in_session_window": false, "caps": [], "news_kill": false, "dayR": 0.0, "trades_today": 0, "cool_until": null, "orders_disabled_paper_safety": false}
{"ts": "2025-10-23 05:09:08", "evt": "hb", "state": "-", "idle_reason": "booting", "net_qty": 0, "bars": 0, "rt_enabled": true, "rt_status": "ok", "rt_age_sec": null, "rt_queue_len": 0, "in_session_window": false, "caps": [], "news_kill": false, "dayR": 0.0, "trades_today": 0, "cool_until": null, "orders_disabled_paper_safety": false}
{"ts": "2025-10-23 05:09:09", "evt": "hb", "state": "-", "idle_reason": "booting", "net_qty": 0, "bars": 0, "rt_enabled": true, "rt_status": "ok", "rt_age_sec": null, "rt_queue_len": 0, "in_session_window": false, "caps": [], "news_kill": false, "dayR": 0.0, "trades_today": 0, "cool_until": null, "orders_disabled_paper_safety": false}
{"ts": "2025-10-23 05:09:10", "evt": "hb", "state": "-", "idle_reason": "booting", "net_qty": 0, "bars": 0, "rt_enabled": true, "rt_status": "ok", "rt_age_sec": null, "rt_queue_len": 0, "in_session_window": false, "caps": [], "news_kill": false, "dayR": 0.0, "trades_today": 0, "cool_until": null, "orders_disabled_paper_safety": false}
{"ts": "2025-10-23 05:09:11", "evt": "hb", "state": "-", "idle_reason": "booting", "net_qty": 0, "bars": 0, "rt_enabled": true, "rt_status": "ok", "rt_age_sec": null, "rt_queue_len": 0, "in_session_window": false, "caps": [], "news_kill": false, "dayR": 0.0, "trades_today": 0, "cool_until": null, "orders_disabled_paper_safety": false}
{"ts": "2025-10-23 05:09:12", "evt": "hb", "state": "-", "idle_reason": "booting", "net_qty": 0, "bars": 0, "rt_enabled": true, "rt_status": "ok", "rt_age_sec": null, "rt_queue_len": 0, "in_session_window": false, "caps": [], "news_kill": false, "dayR": 0.0, "trades_today": 0, "cool_until": null, "orders_disabled_paper_safety": false}
[2025-10-23 00:09:12] [WD-HB] watchdog alive (pid=17932)
{"ts": "2025-10-23 05:09:13", "evt": "hb", "state": "-", "idle_reason": "booting", "net_qty": 0, "bars": 0, "rt_enabled": true, "rt_status": "ok", "rt_age_sec": null, "rt_queue_len": 0, "in_session_window": false, "caps": [], "news_kill": false, "dayR": 0.0, "trades_today": 0, "cool_until": null, "orders_disabled_paper_safety": false}
{"ts": "2025-10-23 05:09:14", "evt": "hb", "state": "-", "idle_reason": "booting", "net_qty": 0, "bars": 0, "rt_enabled": true, "rt_status": "ok", "rt_age_sec": null, "rt_queue_len": 0, "in_session_window": false, "caps": [], "news_kill": false, "dayR": 0.0, "trades_today": 0, "cool_until": null, "orders_disabled_paper_safety": false}
{"ts": "2025-10-23 05:09:15", "evt": "hb", "state": "-", "idle_reason": "booting", "net_qty": 0, "bars": 0, "rt_enabled": true, "rt_status": "ok", "rt_age_sec": null, "rt_queue_len": 0, "in_session_window": false, "caps": [], "news_kill": false, "dayR": 0.0, "trades_today": 0, "cool_until": null, "orders_disabled_paper_safety": false}
{"ts": "2025-10-23 05:09:16", "evt": "hb", "state": "-", "idle_reason": "booting", "net_qty": 0, "bars": 0, "rt_enabled": true, "rt_status": "ok", "rt_age_sec": null, "rt_queue_len": 0, "in_session_window": false, "caps": [], "news_kill": false, "dayR": 0.0, "trades_today": 0, "cool_until": null, "orders_disabled_paper_safety": false}
{"ts": "2025-10-23 05:09:17", "evt": "hb", "state": "-", "idle_reason": "booting", "net_qty": 0, "bars": 0, "rt_enabled": true, "rt_status": "ok", "rt_age_sec": null, "rt_queue_len": 0, "in_session_window": false, "caps": [], "news_kill": false, "dayR": 0.0, "trades_today": 0, "cool_until": null, "orders_disabled_paper_safety": false}
{"ts": "2025-10-23 05:09:18", "evt": "hb", "state": "-", "idle_reason": "booting", "net_qty": 0, "bars": 0, "rt_enabled": true, "rt_status": "ok", "rt_age_sec": null, "rt_queue_len": 0, "in_session_window": false, "caps": [], "news_kill": false, "dayR": 0.0, "trades_today": 0, "cool_until": null, "orders_disabled_paper_safety": false}
{"ts": "2025-10-23 05:09:19", "evt": "hb", "state": "-", "idle_reason": "booting", "net_qty": 0, "bars": 0, "rt_enabled": true, "rt_status": "ok", "rt_age_sec": null, "rt_queue_len": 0, "in_session_window": false, "caps": [], "news_kill": false, "dayR": 0.0, "trades_today": 0, "cool_until": null, "orders_disabled_paper_safety": false}
{"ts": "2025-10-23 05:09:20", "evt": "hb", "state": "-", "idle_reason": "booting", "net_qty": 0, "bars": 0, "rt_enabled": true, "rt_status": "ok", "rt_age_sec": null, "rt_queue_len": 0, "in_session_window": false, "caps": [], "news_kill": false, "dayR": 0.0, "trades_today": 0, "cool_until": null, "orders_disabled_paper_safety": false}
{"ts": "2025-10-23 05:09:21", "evt": "hb", "state": "-", "idle_reason": "booting", "net_qty": 0, "bars": 0, "rt_enabled": true, "rt_status": "ok", "rt_age_sec": null, "rt_queue_len": 0, "in_session_window": false, "caps": [], "news_kill": false, "dayR": 0.0, "trades_today": 0, "cool_until": null, "orders_disabled_paper_safety": false}
{"ts": "2025-10-23 05:09:22", "evt": "hb", "state": "-", "idle_reason": "booting", "net_qty": 0, "bars": 0, "rt_enabled": true, "rt_status": "ok", "rt_age_sec": null, "rt_queue_len": 0, "in_session_window": false, "caps": [], "news_kill": false, "dayR": 0.0, "trades_today": 0, "cool_until": null, "orders_disabled_paper_safety": false}
[2025-10-23 00:09:22] [WD-HB] watchdog alive (pid=17932)
{"ts": "2025-10-23 05:09:23", "evt": "hb", "state": "-", "idle_reason": "booting", "net_qty": 0, "bars": 0, "rt_enabled": true, "rt_status": "ok", "rt_age_sec": null, "rt_queue_len": 0, "in_session_window": false, "caps": [], "news_kill": false, "dayR": 0.0, "trades_today": 0, "cool_until": null, "orders_disabled_paper_safety": false}
{"ts": "2025-10-23 05:09:24", "evt": "hb", "state": "-", "idle_reason": "booting", "net_qty": 0, "bars": 0, "rt_enabled": true, "rt_status": "ok", "rt_age_sec": null, "rt_queue_len": 0, "in_session_window": false, "caps": [], "news_kill": false, "dayR": 0.0, "trades_today": 0, "cool_until": null, "orders_disabled_paper_safety": false}
{"ts": "2025-10-23 05:09:25", "evt": "hb", "state": "-", "idle_reason": "booting", "net_qty": 0, "bars": 0, "rt_enabled": true, "rt_status": "ok", "rt_age_sec": null, "rt_queue_len": 0, "in_session_window": false, "caps": [], "news_kill": false, "dayR": 0.0, "trades_today": 0, "cool_until": null, "orders_disabled_paper_safety": false}
{"ts": "2025-10-23 05:09:26", "evt": "hb", "state": "-", "idle_reason": "booting", "net_qty": 0, "bars": 0, "rt_enabled": true, "rt_status": "ok", "rt_age_sec": null, "rt_queue_len": 0, "in_session_window": false, "caps": [], "news_kill": false, "dayR": 0.0, "trades_today": 0, "cool_until": null, "orders_disabled_paper_safety": false}
{"ts": "2025-10-23 05:09:28", "evt": "hb", "state": "-", "idle_reason": "booting", "net_qty": 0, "bars": 0, "rt_enabled": true, "rt_status": "ok", "rt_age_sec": null, "rt_queue_len": 0, "in_session_window": false, "caps": [], "news_kill": false, "dayR": 0.0, "trades_today": 0, "cool_until": null, "orders_disabled_paper_safety": false}
{"ts": "2025-10-23 05:09:29", "evt": "hb", "state": "-", "idle_reason": "booting", "net_qty": 0, "bars": 0, "rt_enabled": true, "rt_status": "ok", "rt_age_sec": null, "rt_queue_len": 0, "in_session_window": false, "caps": [], "news_kill": false, "dayR": 0.0, "trades_today": 0, "cool_until": null, "orders_disabled_paper_safety": false}
{"ts": "2025-10-23 05:09:30", "evt": "hb", "state": "-", "idle_reason": "booting", "net_qty": 0, "bars": 0, "rt_enabled": true, "rt_status": "ok", "rt_age_sec": null, "rt_queue_len": 0, "in_session_window": false, "caps": [], "news_kill": false, "dayR": 0.0, "trades_today": 0, "cool_until": null, "orders_disabled_paper_safety": false}
{"ts": "2025-10-23 05:09:31", "evt": "hb", "state": "-", "idle_reason": "booting", "net_qty": 0, "bars": 0, "rt_enabled": true, "rt_status": "ok", "rt_age_sec": null, "rt_queue_len": 0, "in_session_window": false, "caps": [], "news_kill": false, "dayR": 0.0, "trades_today": 0, "cool_until": null, "orders_disabled_paper_safety": false}
{"ts": "2025-10-23 05:09:32", "evt": "hb", "state": "-", "idle_reason": "booting", "net_qty": 0, "bars": 0, "rt_enabled": true, "rt_status": "ok", "rt_age_sec": null, "rt_queue_len": 0, "in_session_window": false, "caps": [], "news_kill": false, "dayR": 0.0, "trades_today": 0, "cool_until": null, "orders_disabled_paper_safety": false}
{"ts": "2025-10-23 05:09:33", "evt": "hb", "state": "-", "idle_reason": "booting", "net_qty": 0, "bars": 0, "rt_enabled": true, "rt_status": "ok", "rt_age_sec": null, "rt_queue_len": 0, "in_session_window": false, "caps": [], "news_kill": false, "dayR": 0.0, "trades_today": 0, "cool_until": null, "orders_disabled_paper_safety": false}
[2025-10-23 00:09:33] [WD-HB] watchdog alive (pid=17932)
{"ts": "2025-10-23 05:09:34", "evt": "hb", "state": "-", "idle_reason": "booting", "net_qty": 0, "bars": 0, "rt_enabled": true, "rt_status": "ok", "rt_age_sec": null, "rt_queue_len": 0, "in_session_window": false, "caps": [], "news_kill": false, "dayR": 0.0, "trades_today": 0, "cool_until": null, "orders_disabled_paper_safety": false}
{"ts": "2025-10-23 05:09:35", "evt": "hb", "state": "-", "idle_reason": "booting", "net_qty": 0, "bars": 0, "rt_enabled": true, "rt_status": "ok", "rt_age_sec": null, "rt_queue_len": 0, "in_session_window": false, "caps": [], "news_kill": false, "dayR": 0.0, "trades_today": 0, "cool_until": null, "orders_disabled_paper_safety": false}
{"ts": "2025-10-23 05:09:36", "evt": "hb", "state": "-", "idle_reason": "booting", "net_qty": 0, "bars": 0, "rt_enabled": true, "rt_status": "ok", "rt_age_sec": null, "rt_queue_len": 0, "in_session_window": false, "caps": [], "news_kill": false, "dayR": 0.0, "trades_today": 0, "cool_until": null, "orders_disabled_paper_safety": false}
{"ts": "2025-10-23 05:09:37", "evt": "hb", "state": "-", "idle_reason": "booting", "net_qty": 0, "bars": 0, "rt_enabled": true, "rt_status": "ok", "rt_age_sec": null, "rt_queue_len": 0, "in_session_window": false, "caps": [], "news_kill": false, "dayR": 0.0, "trades_today": 0, "cool_until": null, "orders_disabled_paper_safety": false}
{"ts": "2025-10-23 05:09:38", "evt": "hb", "state": "-", "idle_reason": "booting", "net_qty": 0, "bars": 0, "rt_enabled": true, "rt_status": "ok", "rt_age_sec": null, "rt_queue_len": 0, "in_session_window": false, "caps": [], "news_kill": false, "dayR": 0.0, "trades_today": 0, "cool_until": null, "orders_disabled_paper_safety": false}
{"ts": "2025-10-23 05:09:39", "evt": "hb", "state": "-", "idle_reason": "booting", "net_qty": 0, "bars": 0, "rt_enabled": true, "rt_status": "ok", "rt_age_sec": null, "rt_queue_len": 0, "in_session_window": false, "caps": [], "news_kill": false, "dayR": 0.0, "trades_today": 0, "cool_until": null, "orders_disabled_paper_safety": false}
{"ts": "2025-10-23 05:09:40", "evt": "hb", "state": "-", "idle_reason": "booting", "net_qty": 0, "bars": 0, "rt_enabled": true, "rt_status": "ok", "rt_age_sec": null, "rt_queue_len": 0, "in_session_window": false, "caps": [], "news_kill": false, "dayR": 0.0, "trades_today": 0, "cool_until": null, "orders_disabled_paper_safety": false}
{"ts": "2025-10-23 05:09:41", "evt": "hb", "state": "-", "idle_reason": "booting", "net_qty": 0, "bars": 0, "rt_enabled": true, "rt_status": "ok", "rt_age_sec": null, "rt_queue_len": 0, "in_session_window": false, "caps": [], "news_kill": false, "dayR": 0.0, "trades_today": 0, "cool_until": null, "orders_disabled_paper_safety": false}
{"ts": "2025-10-23 05:09:42", "evt": "hb", "state": "-", "idle_reason": "booting", "net_qty": 0, "bars": 0, "rt_enabled": true, "rt_status": "ok", "rt_age_sec": null, "rt_queue_len": 0, "in_session_window": false, "caps": [], "news_kill": false, "dayR": 0.0, "trades_today": 0, "cool_until": null, "orders_disabled_paper_safety": false}
{"ts": "2025-10-23 05:09:43", "evt": "hb", "state": "-", "idle_reason": "booting", "net_qty": 0, "bars": 0, "rt_enabled": true, "rt_status": "ok", "rt_age_sec": null, "rt_queue_len": 0, "in_session_window": false, "caps": [], "news_kill": false, "dayR": 0.0, "trades_today": 0, "cool_until": null, "orders_disabled_paper_safety": false}
[2025-10-23 00:09:43] [WD-HB] watchdog alive (pid=17932)
{"ts": "2025-10-23 05:09:44", "evt": "hb", "state": "-", "idle_reason": "booting", "net_qty": 0, "bars": 0, "rt_enabled": true, "rt_status": "ok", "rt_age_sec": null, "rt_queue_len": 0, "in_session_window": false, "caps": [], "news_kill": false, "dayR": 0.0, "trades_today": 0, "cool_until": null, "orders_disabled_paper_safety": false}
{"ts": "2025-10-23 05:09:45", "evt": "hb", "state": "-", "idle_reason": "booting", "net_qty": 0, "bars": 0, "rt_enabled": true, "rt_status": "ok", "rt_age_sec": null, "rt_queue_len": 0, "in_session_window": false, "caps": [], "news_kill": false, "dayR": 0.0, "trades_today": 0, "cool_until": null, "orders_disabled_paper_safety": false}
{"ts": "2025-10-23 05:09:46", "evt": "hb", "state": "-", "idle_reason": "booting", "net_qty": 0, "bars": 0, "rt_enabled": true, "rt_status": "ok", "rt_age_sec": null, "rt_queue_len": 0, "in_session_window": false, "caps": [], "news_kill": false, "dayR": 0.0, "trades_today": 0, "cool_until": null, "orders_disabled_paper_safety": false}
{"ts": "2025-10-23 05:09:47", "evt": "hb", "state": "-", "idle_reason": "booting", "net_qty": 0, "bars": 0, "rt_enabled": true, "rt_status": "ok", "rt_age_sec": null, "rt_queue_len": 0, "in_session_window": false, "caps": [], "news_kill": false, "dayR": 0.0, "trades_today": 0, "cool_until": null, "orders_disabled_paper_safety": false}
{"ts": "2025-10-23 05:09:48", "evt": "hb", "state": "-", "idle_reason": "booting", "net_qty": 0, "bars": 0, "rt_enabled": true, "rt_status": "ok", "rt_age_sec": null, "rt_queue_len": 0, "in_session_window": false, "caps": [], "news_kill": false, "dayR": 0.0, "trades_today": 0, "cool_until": null, "orders_disabled_paper_safety": false}
{"ts": "2025-10-23 05:09:49", "evt": "hb", "state": "-", "idle_reason": "booting", "net_qty": 0, "bars": 0, "rt_enabled": true, "rt_status": "ok", "rt_age_sec": null, "rt_queue_len": 0, "in_session_window": false, "caps": [], "news_kill": false, "dayR": 0.0, "trades_today": 0, "cool_until": null, "orders_disabled_paper_safety": false}
{"ts": "2025-10-23 05:09:50", "evt": "hb", "state": "-", "idle_reason": "booting", "net_qty": 0, "bars": 0, "rt_enabled": true, "rt_status": "ok", "rt_age_sec": null, "rt_queue_len": 0, "in_session_window": false, "caps": [], "news_kill": false, "dayR": 0.0, "trades_today": 0, "cool_until": null, "orders_disabled_paper_safety": false}
{"ts": "2025-10-23 05:09:51", "evt": "hb", "state": "-", "idle_reason": "booting", "net_qty": 0, "bars": 0, "rt_enabled": true, "rt_status": "ok", "rt_age_sec": null, "rt_queue_len": 0, "in_session_window": false, "caps": [], "news_kill": false, "dayR": 0.0, "trades_today": 0, "cool_until": null, "orders_disabled_paper_safety": false}
{"ts": "2025-10-23 05:09:52", "evt": "hb", "state": "-", "idle_reason": "booting", "net_qty": 0, "bars": 0, "rt_enabled": true, "rt_status": "ok", "rt_age_sec": null, "rt_queue_len": 0, "in_session_window": false, "caps": [], "news_kill": false, "dayR": 0.0, "trades_today": 0, "cool_until": null, "orders_disabled_paper_safety": false}
{"ts": "2025-10-23 05:09:53", "evt": "hb", "state": "-", "idle_reason": "booting", "net_qty": 0, "bars": 0, "rt_enabled": true, "rt_status": "ok", "rt_age_sec": null, "rt_queue_len": 0, "in_session_window": false, "caps": [], "news_kill": false, "dayR": 0.0, "trades_today": 0, "cool_until": null, "orders_disabled_paper_safety": false}
[2025-10-23 00:09:53] [WD-HB] watchdog alive (pid=17932)
{"ts": "2025-10-23 05:09:54", "evt": "hb", "state": "-", "idle_reason": "booting", "net_qty": 0, "bars": 0, "rt_enabled": true, "rt_status": "ok", "rt_age_sec": null, "rt_queue_len": 0, "in_session_window": false, "caps": [], "news_kill": false, "dayR": 0.0, "trades_today": 0, "cool_until": null, "orders_disabled_paper_safety": false}
{"ts": "2025-10-23 05:09:55", "evt": "hb", "state": "-", "idle_reason": "booting", "net_qty": 0, "bars": 0, "rt_enabled": true, "rt_status": "ok", "rt_age_sec": null, "rt_queue_len": 0, "in_session_window": false, "caps": [], "news_kill": false, "dayR": 0.0, "trades_today": 0, "cool_until": null, "orders_disabled_paper_safety": false}
{"ts": "2025-10-23 05:09:56", "evt": "hb", "state": "-", "idle_reason": "booting", "net_qty": 0, "bars": 0, "rt_enabled": true, "rt_status": "ok", "rt_age_sec": null, "rt_queue_len": 0, "in_session_window": false, "caps": [], "news_kill": false, "dayR": 0.0, "trades_today": 0, "cool_until": null, "orders_disabled_paper_safety": false}
{"ts": "2025-10-23 05:09:57", "evt": "hb", "state": "-", "idle_reason": "booting", "net_qty": 0, "bars": 0, "rt_enabled": true, "rt_status": "ok", "rt_age_sec": null, "rt_queue_len": 0, "in_session_window": false, "caps": [], "news_kill": false, "dayR": 0.0, "trades_today": 0, "cool_until": null, "orders_disabled_paper_safety": false}
{"ts": "2025-10-23 05:09:58", "evt": "hb", "state": "-", "idle_reason": "booting", "net_qty": 0, "bars": 0, "rt_enabled": true, "rt_status": "ok", "rt_age_sec": null, "rt_queue_len": 0, "in_session_window": false, "caps": [], "news_kill": false, "dayR": 0.0, "trades_today": 0, "cool_until": null, "orders_disabled_paper_safety": false}
{"ts": "2025-10-23 05:09:59", "evt": "hb", "state": "-", "idle_reason": "booting", "net_qty": 0, "bars": 0, "rt_enabled": true, "rt_status": "ok", "rt_age_sec": null, "rt_queue_len": 0, "in_session_window": false, "caps": [], "news_kill": false, "dayR": 0.0, "trades_today": 0, "cool_until": null, "orders_disabled_paper_safety": false}
{"ts": "2025-10-23 05:10:00", "evt": "hb", "state": "-", "idle_reason": "booting", "net_qty": 0, "bars": 0, "rt_enabled": true, "rt_status": "ok", "rt_age_sec": null, "rt_queue_len": 0, "in_session_window": false, "caps": [], "news_kill": false, "dayR": 0.0, "trades_today": 0, "cool_until": null, "orders_disabled_paper_safety": false}
{"ts": "2025-10-23 05:10:01", "evt": "hb", "state": "-", "idle_reason": "booting", "net_qty": 0, "bars": 0, "rt_enabled": true, "rt_status": "ok", "rt_age_sec": null, "rt_queue_len": 0, "in_session_window": false, "caps": [], "news_kill": false, "dayR": 0.0, "trades_today": 0, "cool_until": null, "orders_disabled_paper_safety": false}
{"ts": "2025-10-23 05:10:02", "evt": "hb", "state": "-", "idle_reason": "booting", "net_qty": 0, "bars": 0, "rt_enabled": true, "rt_status": "ok", "rt_age_sec": null, "rt_queue_len": 0, "in_session_window": false, "caps": [], "news_kill": false, "dayR": 0.0, "trades_today": 0, "cool_until": null, "orders_disabled_paper_safety": false}
{"ts": "2025-10-23 05:10:03", "evt": "hb", "state": "-", "idle_reason": "booting", "net_qty": 0, "bars": 0, "rt_enabled": true, "rt_status": "ok", "rt_age_sec": null, "rt_queue_len": 0, "in_session_window": false, "caps": [], "news_kill": false, "dayR": 0.0, "trades_today": 0, "cool_until": null, "orders_disabled_paper_safety": false}
[2025-10-23 00:10:03] [WD-HB] watchdog alive (pid=17932)
{"ts": "2025-10-23 05:10:04", "evt": "hb", "state": "-", "idle_reason": "booting", "net_qty": 0, "bars": 0, "rt_enabled": true, "rt_status": "ok", "rt_age_sec": null, "rt_queue_len": 0, "in_session_window": false, "caps": [], "news_kill": false, "dayR": 0.0, "trades_today": 0, "cool_until": null, "orders_disabled_paper_safety": false}
{"ts": "2025-10-23 05:10:05", "evt": "hb", "state": "-", "idle_reason": "booting", "net_qty": 0, "bars": 0, "rt_enabled": true, "rt_status": "ok", "rt_age_sec": null, "rt_queue_len": 0, "in_session_window": false, "caps": [], "news_kill": false, "dayR": 0.0, "trades_today": 0, "cool_until": null, "orders_disabled_paper_safety": false}
{"ts": "2025-10-23 05:10:06", "evt": "hb", "state": "-", "idle_reason": "booting", "net_qty": 0, "bars": 0, "rt_enabled": true, "rt_status": "ok", "rt_age_sec": null, "rt_queue_len": 0, "in_session_window": false, "caps": [], "news_kill": false, "dayR": 0.0, "trades_today": 0, "cool_until": null, "orders_disabled_paper_safety": false}
{"ts": "2025-10-23 05:10:07", "evt": "hb", "state": "-", "idle_reason": "booting", "net_qty": 0, "bars": 0, "rt_enabled": true, "rt_status": "ok", "rt_age_sec": null, "rt_queue_len": 0, "in_session_window": false, "caps": [], "news_kill": false, "dayR": 0.0, "trades_today": 0, "cool_until": null, "orders_disabled_paper_safety": false}
{"ts": "2025-10-23 05:10:08", "evt": "hb", "state": "-", "idle_reason": "booting", "net_qty": 0, "bars": 0, "rt_enabled": true, "rt_status": "ok", "rt_age_sec": null, "rt_queue_len": 0, "in_session_window": false, "caps": [], "news_kill": false, "dayR": 0.0, "trades_today": 0, "cool_until": null, "orders_disabled_paper_safety": false}
{"ts": "2025-10-23 05:10:09", "evt": "hb", "state": "-", "idle_reason": "booting", "net_qty": 0, "bars": 0, "rt_enabled": true, "rt_status": "ok", "rt_age_sec": null, "rt_queue_len": 0, "in_session_window": false, "caps": [], "news_kill": false, "dayR": 0.0, "trades_today": 0, "cool_until": null, "orders_disabled_paper_safety": false}
{"ts": "2025-10-23 05:10:10", "evt": "hb", "state": "-", "idle_reason": "booting", "net_qty": 0, "bars": 0, "rt_enabled": true, "rt_status": "ok", "rt_age_sec": null, "rt_queue_len": 0, "in_session_window": false, "caps": [], "news_kill": false, "dayR": 0.0, "trades_today": 0, "cool_until": null, "orders_disabled_paper_safety": false}
{"ts": "2025-10-23 05:10:11", "evt": "hb", "state": "-", "idle_reason": "booting", "net_qty": 0, "bars": 0, "rt_enabled": true, "rt_status": "ok", "rt_age_sec": null, "rt_queue_len": 0, "in_session_window": false, "caps": [], "news_kill": false, "dayR": 0.0, "trades_today": 0, "cool_until": null, "orders_disabled_paper_safety": false}
{"ts": "2025-10-23 05:10:12", "evt": "hb", "state": "-", "idle_reason": "booting", "net_qty": 0, "bars": 0, "rt_enabled": true, "rt_status": "ok", "rt_age_sec": null, "rt_queue_len": 0, "in_session_window": false, "caps": [], "news_kill": false, "dayR": 0.0, "trades_today": 0, "cool_until": null, "orders_disabled_paper_safety": false}
{"ts": "2025-10-23 05:10:13", "evt": "hb", "state": "-", "idle_reason": "booting", "net_qty": 0, "bars": 0, "rt_enabled": true, "rt_status": "ok", "rt_age_sec": null, "rt_queue_len": 0, "in_session_window": false, "caps": [], "news_kill": false, "dayR": 0.0, "trades_today": 0, "cool_until": null, "orders_disabled_paper_safety": false}
[2025-10-23 00:10:13] [WD-HB] watchdog alive (pid=17932)
{"ts": "2025-10-23 05:10:14", "evt": "hb", "state": "-", "idle_reason": "booting", "net_qty": 0, "bars": 0, "rt_enabled": true, "rt_status": "ok", "rt_age_sec": null, "rt_queue_len": 0, "in_session_window": false, "caps": [], "news_kill": false, "dayR": 0.0, "trades_today": 0, "cool_until": null, "orders_disabled_paper_safety": false}
{"ts": "2025-10-23 05:10:15", "evt": "hb", "state": "-", "idle_reason": "booting", "net_qty": 0, "bars": 0, "rt_enabled": true, "rt_status": "ok", "rt_age_sec": null, "rt_queue_len": 0, "in_session_window": false, "caps": [], "news_kill": false, "dayR": 0.0, "trades_today": 0, "cool_until": null, "orders_disabled_paper_safety": false}
{"ts": "2025-10-23 05:10:16", "evt": "hb", "state": "-", "idle_reason": "booting", "net_qty": 0, "bars": 0, "rt_enabled": true, "rt_status": "ok", "rt_age_sec": null, "rt_queue_len": 0, "in_session_window": false, "caps": [], "news_kill": false, "dayR": 0.0, "trades_today": 0, "cool_until": null, "orders_disabled_paper_safety": false}
{"ts": "2025-10-23 05:10:17", "evt": "hb", "state": "-", "idle_reason": "booting", "net_qty": 0, "bars": 0, "rt_enabled": true, "rt_status": "ok", "rt_age_sec": null, "rt_queue_len": 0, "in_session_window": false, "caps": [], "news_kill": false, "dayR": 0.0, "trades_today": 0, "cool_until": null, "orders_disabled_paper_safety": false}
{"ts": "2025-10-23 05:10:18", "evt": "hb", "state": "-", "idle_reason": "booting", "net_qty": 0, "bars": 0, "rt_enabled": true, "rt_status": "ok", "rt_age_sec": null, "rt_queue_len": 0, "in_session_window": false, "caps": [], "news_kill": false, "dayR": 0.0, "trades_today": 0, "cool_until": null, "orders_disabled_paper_safety": false}
{"ts": "2025-10-23 05:10:19", "evt": "hb", "state": "-", "idle_reason": "booting", "net_qty": 0, "bars": 0, "rt_enabled": true, "rt_status": "ok", "rt_age_sec": null, "rt_queue_len": 0, "in_session_window": false, "caps": [], "news_kill": false, "dayR": 0.0, "trades_today": 0, "cool_until": null, "orders_disabled_paper_safety": false}
{"ts": "2025-10-23 05:10:20", "evt": "hb", "state": "-", "idle_reason": "booting", "net_qty": 0, "bars": 0, "rt_enabled": true, "rt_status": "ok", "rt_age_sec": null, "rt_queue_len": 0, "in_session_window": false, "caps": [], "news_kill": false, "dayR": 0.0, "trades_today": 0, "cool_until": null, "orders_disabled_paper_safety": false}
{"ts": "2025-10-23 05:10:21", "evt": "hb", "state": "-", "idle_reason": "booting", "net_qty": 0, "bars": 0, "rt_enabled": true, "rt_status": "ok", "rt_age_sec": null, "rt_queue_len": 0, "in_session_window": false, "caps": [], "news_kill": false, "dayR": 0.0, "trades_today": 0, "cool_until": null, "orders_disabled_paper_safety": false}
{"ts": "2025-10-23 05:10:22", "evt": "hb", "state": "-", "idle_reason": "booting", "net_qty": 0, "bars": 0, "rt_enabled": true, "rt_status": "ok", "rt_age_sec": null, "rt_queue_len": 0, "in_session_window": false, "caps": [], "news_kill": false, "dayR": 0.0, "trades_today": 0, "cool_until": null, "orders_disabled_paper_safety": false}
{"ts": "2025-10-23 05:10:23", "evt": "hb", "state": "-", "idle_reason": "booting", "net_qty": 0, "bars": 0, "rt_enabled": true, "rt_status": "ok", "rt_age_sec": null, "rt_queue_len": 0, "in_session_window": false, "caps": [], "news_kill": false, "dayR": 0.0, "trades_today": 0, "cool_until": null, "orders_disabled_paper_safety": false}
[2025-10-23 00:10:23] [WD-HB] watchdog alive (pid=17932)
{"ts": "2025-10-23 05:10:24", "evt": "hb", "state": "-", "idle_reason": "booting", "net_qty": 0, "bars": 0, "rt_enabled": true, "rt_status": "ok", "rt_age_sec": null, "rt_queue_len": 0, "in_session_window": false, "caps": [], "news_kill": false, "dayR": 0.0, "trades_today": 0, "cool_until": null, "orders_disabled_paper_safety": false}
{"ts": "2025-10-23 05:10:25", "evt": "hb", "state": "-", "idle_reason": "booting", "net_qty": 0, "bars": 0, "rt_enabled": true, "rt_status": "ok", "rt_age_sec": null, "rt_queue_len": 0, "in_session_window": false, "caps": [], "news_kill": false, "dayR": 0.0, "trades_today": 0, "cool_until": null, "orders_disabled_paper_safety": false}
{"ts": "2025-10-23 05:10:26", "evt": "hb", "state": "-", "idle_reason": "booting", "net_qty": 0, "bars": 0, "rt_enabled": true, "rt_status": "ok", "rt_age_sec": null, "rt_queue_len": 0, "in_session_window": false, "caps": [], "news_kill": false, "dayR": 0.0, "trades_today": 0, "cool_until": null, "orders_disabled_paper_safety": false}
{"ts": "2025-10-23 05:10:27", "evt": "hb", "state": "-", "idle_reason": "booting", "net_qty": 0, "bars": 0, "rt_enabled": true, "rt_status": "ok", "rt_age_sec": null, "rt_queue_len": 0, "in_session_window": false, "caps": [], "news_kill": false, "dayR": 0.0, "trades_today": 0, "cool_until": null, "orders_disabled_paper_safety": false}
{"ts": "2025-10-23 05:10:28", "evt": "hb", "state": "-", "idle_reason": "booting", "net_qty": 0, "bars": 0, "rt_enabled": true, "rt_status": "ok", "rt_age_sec": null, "rt_queue_len": 0, "in_session_window": false, "caps": [], "news_kill": false, "dayR": 0.0, "trades_today": 0, "cool_until": null, "orders_disabled_paper_safety": false}
{"ts": "2025-10-23 05:10:29", "evt": "hb", "state": "-", "idle_reason": "booting", "net_qty": 0, "bars": 0, "rt_enabled": true, "rt_status": "ok", "rt_age_sec": null, "rt_queue_len": 0, "in_session_window": false, "caps": [], "news_kill": false, "dayR": 0.0, "trades_today": 0, "cool_until": null, "orders_disabled_paper_safety": false}
{"ts": "2025-10-23 05:10:30", "evt": "hb", "state": "-", "idle_reason": "booting", "net_qty": 0, "bars": 0, "rt_enabled": true, "rt_status": "ok", "rt_age_sec": null, "rt_queue_len": 0, "in_session_window": false, "caps": [], "news_kill": false, "dayR": 0.0, "trades_today": 0, "cool_until": null, "orders_disabled_paper_safety": false}
{"ts": "2025-10-23 05:10:31", "evt": "hb", "state": "-", "idle_reason": "booting", "net_qty": 0, "bars": 0, "rt_enabled": true, "rt_status": "ok", "rt_age_sec": null, "rt_queue_len": 0, "in_session_window": false, "caps": [], "news_kill": false, "dayR": 0.0, "trades_today": 0, "cool_until": null, "orders_disabled_paper_safety": false}
{"ts": "2025-10-23 05:10:32", "evt": "hb", "state": "-", "idle_reason": "booting", "net_qty": 0, "bars": 0, "rt_enabled": true, "rt_status": "ok", "rt_age_sec": null, "rt_queue_len": 0, "in_session_window": false, "caps": [], "news_kill": false, "dayR": 0.0, "trades_today": 0, "cool_until": null, "orders_disabled_paper_safety": false}
{"ts": "2025-10-23 05:10:33", "evt": "hb", "state": "-", "idle_reason": "booting", "net_qty": 0, "bars": 0, "rt_enabled": true, "rt_status": "ok", "rt_age_sec": null, "rt_queue_len": 0, "in_session_window": false, "caps": [], "news_kill": false, "dayR": 0.0, "trades_today": 0, "cool_until": null, "orders_disabled_paper_safety": false}
[2025-10-23 00:10:33] [WD-HB] watchdog alive (pid=17932)
{"ts": "2025-10-23 05:10:34", "evt": "hb", "state": "-", "idle_reason": "booting", "net_qty": 0, "bars": 0, "rt_enabled": true, "rt_status": "ok", "rt_age_sec": null, "rt_queue_len": 0, "in_session_window": false, "caps": [], "news_kill": false, "dayR": 0.0, "trades_today": 0, "cool_until": null, "orders_disabled_paper_safety": false}
{"ts": "2025-10-23 05:10:35", "evt": "hb", "state": "-", "idle_reason": "booting", "net_qty": 0, "bars": 0, "rt_enabled": true, "rt_status": "ok", "rt_age_sec": null, "rt_queue_len": 0, "in_session_window": false, "caps": [], "news_kill": false, "dayR": 0.0, "trades_today": 0, "cool_until": null, "orders_disabled_paper_safety": false}
{"ts": "2025-10-23 05:10:36", "evt": "hb", "state": "-", "idle_reason": "booting", "net_qty": 0, "bars": 0, "rt_enabled": true, "rt_status": "ok", "rt_age_sec": null, "rt_queue_len": 0, "in_session_window": false, "caps": [], "news_kill": false, "dayR": 0.0, "trades_today": 0, "cool_until": null, "orders_disabled_paper_safety": false}
{"ts": "2025-10-23 05:10:37", "evt": "hb", "state": "-", "idle_reason": "booting", "net_qty": 0, "bars": 0, "rt_enabled": true, "rt_status": "ok", "rt_age_sec": null, "rt_queue_len": 0, "in_session_window": false, "caps": [], "news_kill": false, "dayR": 0.0, "trades_today": 0, "cool_until": null, "orders_disabled_paper_safety": false}
{"ts": "2025-10-23 05:10:38", "evt": "hb", "state": "-", "idle_reason": "booting", "net_qty": 0, "bars": 0, "rt_enabled": true, "rt_status": "ok", "rt_age_sec": null, "rt_queue_len": 0, "in_session_window": false, "caps": [], "news_kill": false, "dayR": 0.0, "trades_today": 0, "cool_until": null, "orders_disabled_paper_safety": false}
{"ts": "2025-10-23 05:10:39", "evt": "hb", "state": "-", "idle_reason": "booting", "net_qty": 0, "bars": 0, "rt_enabled": true, "rt_status": "ok", "rt_age_sec": null, "rt_queue_len": 0, "in_session_window": false, "caps": [], "news_kill": false, "dayR": 0.0, "trades_today": 0, "cool_until": null, "orders_disabled_paper_safety": false}
{"ts": "2025-10-23 05:10:40", "evt": "hb", "state": "-", "idle_reason": "booting", "net_qty": 0, "bars": 0, "rt_enabled": true, "rt_status": "ok", "rt_age_sec": null, "rt_queue_len": 0, "in_session_window": false, "caps": [], "news_kill": false, "dayR": 0.0, "trades_today": 0, "cool_until": null, "orders_disabled_paper_safety": false}
{"ts": "2025-10-23 05:10:41", "evt": "hb", "state": "-", "idle_reason": "booting", "net_qty": 0, "bars": 0, "rt_enabled": true, "rt_status": "ok", "rt_age_sec": null, "rt_queue_len": 0, "in_session_window": false, "caps": [], "news_kill": false, "dayR": 0.0, "trades_today": 0, "cool_until": null, "orders_disabled_paper_safety": false}
{"ts": "2025-10-23 05:10:42", "evt": "hb", "state": "-", "idle_reason": "booting", "net_qty": 0, "bars": 0, "rt_enabled": true, "rt_status": "ok", "rt_age_sec": null, "rt_queue_len": 0, "in_session_window": false, "caps": [], "news_kill": false, "dayR": 0.0, "trades_today": 0, "cool_until": null, "orders_disabled_paper_safety": false}
{"ts": "2025-10-23 05:10:43", "evt": "hb", "state": "-", "idle_reason": "booting", "net_qty": 0, "bars": 0, "rt_enabled": true, "rt_status": "ok", "rt_age_sec": null, "rt_queue_len": 0, "in_session_window": false, "caps": [], "news_kill": false, "dayR": 0.0, "trades_today": 0, "cool_until": null, "orders_disabled_paper_safety": false}
[2025-10-23 00:10:43] [WD-HB] watchdog alive (pid=17932)
{"ts": "2025-10-23 05:10:44", "evt": "hb", "state": "-", "idle_reason": "booting", "net_qty": 0, "bars": 0, "rt_enabled": true, "rt_status": "ok", "rt_age_sec": null, "rt_queue_len": 0, "in_session_window": false, "caps": [], "news_kill": false, "dayR": 0.0, "trades_today": 0, "cool_until": null, "orders_disabled_paper_safety": false}
