usage: paper_trader.py [-h] [--host HOST] [--port PORT] [--clientId CLIENTID]
                       [--symbol SYMBOL] [--local-symbol LOCAL_SYMBOL]
                       [--place-orders] [--tif TIF] [--outsideRth]
                       [--acct-base ACCT_BASE] [--risk-pct RISK_PCT]
                       [--scale-step SCALE_STEP]
                       [--start-contracts START_CONTRACTS]
                       [--max-contracts MAX_CONTRACTS] [--static-size]
                       [--qty QTY] [--risk-ticks RISK_TICKS]
                       [--tick-size TICK_SIZE] [--tp-R TP_R]
                       [--margin-per-contract MARGIN_PER_CONTRACT]
                       [--margin-reserve-pct MARGIN_RESERVE_PCT]
                       [--enable-arms ENABLE_ARMS] [--gate-adx GATE_ADX]
                       [--gate-atrp GATE_ATRP] [--gate-bbbw GATE_BBBW]
                       [--min-seconds-between-entries MIN_SECONDS_BETWEEN_ENTRIES]
                       [--max-trades-per-day MAX_TRADES_PER_DAY]
                       [--day-loss-cap-R DAY_LOSS_CAP_R]
                       [--max-consec-losses MAX_CONSEC_LOSSES]
                       [--strategy-cooldown-sec STRATEGY_COOLDOWN_SEC]
                       [--pos-age-cap-sec POS_AGE_CAP_SEC]
                       [--pos-age-minR POS_AGE_MINR] [--hwm-stepdown]
                       [--hwm-stepdown-dollars HWM_STEPDOWN_DOLLARS]
                       [--trade-start-ct TRADE_START_CT]
                       [--trade-end-ct TRADE_END_CT]
                       [--tod-blackouts TOD_BLACKOUTS]
                       [--entry-slippage-ticks ENTRY_SLIPPAGE_TICKS]
                       [--require-new-bar-after-start]
                       [--startup-delay-sec STARTUP_DELAY_SEC]
                       [--debounce-one-bar]
                       [--session-reset-cts SESSION_RESET_CTS]
                       [--daily-reset-ct DAILY_RESET_CT]
                       [--connect-timeout-sec CONNECT_TIMEOUT_SEC]
                       [--timeout-sec TIMEOUT_SEC]
                       [--connect-attempts CONNECT_ATTEMPTS] [--force-delayed]
                       [--poll-hist-when-no-rt]
                       [--poll-interval-sec POLL_INTERVAL_SEC]
                       [--require-rt-before-trading]
                       [--rt-staleness-sec RT_STALENESS_SEC]
                       [--force-midpoint-rt] [--rt-starve-sec RT_STARVE_SEC]
                       [--bandit {thompson}]
                       [--learn-mode {shadow,advisory,control}]
                       [--decay-half-life-trades DECAY_HALF_LIFE_TRADES]
                       [--learn-log] [--learn-log-dir LEARN_LOG_DIR]
                       [--use-ib-pnl] [--peak-dd-guard-pct PEAK_DD_GUARD_PCT]
                       [--day-guard-pct DAY_GUARD_PCT]
                       [--peak-dd-min-profit PEAK_DD_MIN_PROFIT]
                       [--short-guard-vwap-buffer-ticks SHORT_GUARD_VWAP_BUFFER_TICKS]
                       [--short-guard-min-pullback-ticks SHORT_GUARD_MIN_PULLBACK_TICKS]
                       [--short-guard-lookback-bars SHORT_GUARD_LOOKBACK_BARS]
                       [--short-guard-vwap] [--no-short-guard-vwap]
                       [--short-guard-lower-high]
                       [--no-short-guard-lower-high] [--vwap-reset-on-session]
                       [--no-vwap-reset-on-session] [--allow_live]
                       [--risk-profile {balanced,aggressive,conservative}]
                       [--news-file-kill NEWS_FILE_KILL]
                       [--news-flatten-on-kill] [--news-cancel-only]
                       [--news-blackouts NEWS_BLACKOUTS]
                       [--news-bulletin-listen]
                       [--news-keywords NEWS_KEYWORDS]
                       [--news-kill-minutes NEWS_KILL_MINUTES]
                       [--segment-trade-csv SEGMENT_TRADE_CSV]
paper_trader.py: error: unrecognized arguments: -- --local-symbol ESZ5 --place-orders --poll-hist-when-no-rt --poll-interval-sec 10 --rt-staleness-sec 45 --session-reset-cts 08:30,16:00,17:00 --vwap-reset-on-session --short-guard-vwap --short-guard-lower-high --pos-age-cap-sec 1200 --pos-age-minR 0.5 --hwm-stepdown --hwm-stepdown-dollars 5000 --day-guard-pct 0.025 --day-loss-cap-R 3 --max-trades-per-day 12 --max-consec-losses 3 --tick-size 0.25 --risk-ticks 12 --tp-R 1.0 --entry-slippage-ticks 2
