[2025-10-23 00:12:15] [WD] spawn
{"ts": "2025-10-23 05:12:16", "evt": "hb", "state": "-", "idle_reason": "starting_or_quiet", "net_qty": 0, "bars": 0, "rt_enabled": false, "rt_status": "disabled", "rt_age_sec": null, "rt_queue_len": 0, "in_session_window": false, "caps": [], "news_kill": false, "dayR": 0.0, "trades_today": 0, "cool_until": null, "orders_disabled_paper_safety": false}[CONNECT] Attempt 1/10 -> clientId=111

{"ts": "2025-10-23 05:12:16", "evt": "boot_progress", "step": "connecting"}
{"ts": "2025-10-23 05:12:16", "evt": "ib_error", "reqId": -1, "code": 2104, "msg": "Market data farm connection is OK:usfuture.nj"}
{"ts": "2025-10-23 05:12:16", "evt": "ib_error", "reqId": -1, "code": 2104, "msg": "Market data farm connection is OK:usfuture"}
{"ts": "2025-10-23 05:12:16", "evt": "ib_error", "reqId": -1, "code": 2104, "msg": "Market data farm connection is OK:usfarm"}
{"ts": "2025-10-23 05:12:16", "evt": "ib_error", "reqId": -1, "code": 2106, "msg": "HMDS data farm connection is OK:ushmds"}
{"ts": "2025-10-23 05:12:16", "evt": "ib_error", "reqId": -1, "code": 2158, "msg": "Sec-def data farm connection is OK:secdefil"}
{"ts": "2025-10-23 05:12:17", "evt": "hb", "state": "-", "idle_reason": "booting", "net_qty": 0, "bars": 0, "rt_enabled": false, "rt_status": "disabled", "rt_age_sec": null, "rt_queue_len": 0, "in_session_window": false, "caps": [], "news_kill": false, "dayR": 0.0, "trades_today": 0, "cool_until": null, "orders_disabled_paper_safety": false}
Connected (clientId=111)
[POST-CONNECT] isConnected=True host=127.0.0.1 port=7497 clientId=111
[POST-CONNECT] managedAccounts: ['DU2660649']
[MD] LIVE (1).
[CONTRACT] Using ESZ5 conId=495512563 exp=20251219
[CONTRACT] Multiplier detected: 50
{"ts": "2025-10-23 05:12:18", "evt": "hb", "state": "-", "idle_reason": "booting", "net_qty": 0, "bars": 0, "rt_enabled": true, "rt_status": "ok", "rt_age_sec": null, "rt_queue_len": 0, "in_session_window": false, "caps": [], "news_kill": false, "dayR": 0.0, "trades_today": 0, "cool_until": null, "orders_disabled_paper_safety": false}
{"ts": "2025-10-23 05:12:18", "evt": "md_warmup", "ok": true}
{"ts": "2025-10-23 05:12:19", "evt": "hb", "state": "-", "idle_reason": "booting", "net_qty": 0, "bars": 0, "rt_enabled": true, "rt_status": "ok", "rt_age_sec": null, "rt_queue_len": 0, "in_session_window": false, "caps": [], "news_kill": false, "dayR": 0.0, "trades_today": 0, "cool_until": null, "orders_disabled_paper_safety": false}
{"ts": "2025-10-23 05:12:20", "evt": "hb", "state": "-", "idle_reason": "booting", "net_qty": 0, "bars": 0, "rt_enabled": true, "rt_status": "ok", "rt_age_sec": null, "rt_queue_len": 0, "in_session_window": false, "caps": [], "news_kill": false, "dayR": 0.0, "trades_today": 0, "cool_until": null, "orders_disabled_paper_safety": false}
{"ts": "2025-10-23 05:12:21", "evt": "hb", "state": "-", "idle_reason": "booting", "net_qty": 0, "bars": 0, "rt_enabled": true, "rt_status": "ok", "rt_age_sec": null, "rt_queue_len": 0, "in_session_window": false, "caps": [], "news_kill": false, "dayR": 0.0, "trades_today": 0, "cool_until": null, "orders_disabled_paper_safety": false}
{"ts": "2025-10-23 05:12:22", "evt": "hb", "state": "-", "idle_reason": "booting", "net_qty": 0, "bars": 0, "rt_enabled": true, "rt_status": "ok", "rt_age_sec": null, "rt_queue_len": 0, "in_session_window": false, "caps": [], "news_kill": false, "dayR": 0.0, "trades_today": 0, "cool_until": null, "orders_disabled_paper_safety": false}
{"ts": "2025-10-23 05:12:23", "evt": "hb", "state": "-", "idle_reason": "booting", "net_qty": 0, "bars": 0, "rt_enabled": true, "rt_status": "ok", "rt_age_sec": null, "rt_queue_len": 0, "in_session_window": false, "caps": [], "news_kill": false, "dayR": 0.0, "trades_today": 0, "cool_until": null, "orders_disabled_paper_safety": false}
{"ts": "2025-10-23 05:12:24", "evt": "hb", "state": "-", "idle_reason": "booting", "net_qty": 0, "bars": 0, "rt_enabled": true, "rt_status": "ok", "rt_age_sec": null, "rt_queue_len": 0, "in_session_window": false, "caps": [], "news_kill": false, "dayR": 0.0, "trades_today": 0, "cool_until": null, "orders_disabled_paper_safety": false}
{"ts": "2025-10-23 05:12:25", "evt": "hb", "state": "-", "idle_reason": "booting", "net_qty": 0, "bars": 0, "rt_enabled": true, "rt_status": "ok", "rt_age_sec": null, "rt_queue_len": 0, "in_session_window": false, "caps": [], "news_kill": false, "dayR": 0.0, "trades_today": 0, "cool_until": null, "orders_disabled_paper_safety": false}
{"ts": "2025-10-23 05:12:26", "evt": "hb", "state": "-", "idle_reason": "booting", "net_qty": 0, "bars": 0, "rt_enabled": true, "rt_status": "ok", "rt_age_sec": null, "rt_queue_len": 0, "in_session_window": false, "caps": [], "news_kill": false, "dayR": 0.0, "trades_today": 0, "cool_until": null, "orders_disabled_paper_safety": false}
[2025-10-23 00:12:26] [WD-HB] watchdog alive (pid=4704)
{"ts": "2025-10-23 05:12:27", "evt": "hb", "state": "-", "idle_reason": "booting", "net_qty": 0, "bars": 0, "rt_enabled": true, "rt_status": "ok", "rt_age_sec": null, "rt_queue_len": 0, "in_session_window": false, "caps": [], "news_kill": false, "dayR": 0.0, "trades_today": 0, "cool_until": null, "orders_disabled_paper_safety": false}
{"ts": "2025-10-23 05:12:28", "evt": "hb", "state": "-", "idle_reason": "booting", "net_qty": 0, "bars": 0, "rt_enabled": true, "rt_status": "ok", "rt_age_sec": null, "rt_queue_len": 0, "in_session_window": false, "caps": [], "news_kill": false, "dayR": 0.0, "trades_today": 0, "cool_until": null, "orders_disabled_paper_safety": false}
{"ts": "2025-10-23 05:12:29", "evt": "hb", "state": "-", "idle_reason": "booting", "net_qty": 0, "bars": 0, "rt_enabled": true, "rt_status": "ok", "rt_age_sec": null, "rt_queue_len": 0, "in_session_window": false, "caps": [], "news_kill": false, "dayR": 0.0, "trades_today": 0, "cool_until": null, "orders_disabled_paper_safety": false}
{"ts": "2025-10-23 05:12:30", "evt": "hb", "state": "-", "idle_reason": "booting", "net_qty": 0, "bars": 0, "rt_enabled": true, "rt_status": "ok", "rt_age_sec": null, "rt_queue_len": 0, "in_session_window": false, "caps": [], "news_kill": false, "dayR": 0.0, "trades_today": 0, "cool_until": null, "orders_disabled_paper_safety": false}
{"ts": "2025-10-23 05:12:31", "evt": "hb", "state": "-", "idle_reason": "booting", "net_qty": 0, "bars": 0, "rt_enabled": true, "rt_status": "ok", "rt_age_sec": null, "rt_queue_len": 0, "in_session_window": false, "caps": [], "news_kill": false, "dayR": 0.0, "trades_today": 0, "cool_until": null, "orders_disabled_paper_safety": false}
{"ts": "2025-10-23 05:12:32", "evt": "hb", "state": "-", "idle_reason": "booting", "net_qty": 0, "bars": 0, "rt_enabled": true, "rt_status": "ok", "rt_age_sec": null, "rt_queue_len": 0, "in_session_window": false, "caps": [], "news_kill": false, "dayR": 0.0, "trades_today": 0, "cool_until": null, "orders_disabled_paper_safety": false}
{"ts": "2025-10-23 05:12:33", "evt": "hb", "state": "-", "idle_reason": "booting", "net_qty": 0, "bars": 0, "rt_enabled": true, "rt_status": "ok", "rt_age_sec": null, "rt_queue_len": 0, "in_session_window": false, "caps": [], "news_kill": false, "dayR": 0.0, "trades_today": 0, "cool_until": null, "orders_disabled_paper_safety": false}
{"ts": "2025-10-23 05:12:34", "evt": "hb", "state": "-", "idle_reason": "booting", "net_qty": 0, "bars": 0, "rt_enabled": true, "rt_status": "ok", "rt_age_sec": null, "rt_queue_len": 0, "in_session_window": false, "caps": [], "news_kill": false, "dayR": 0.0, "trades_today": 0, "cool_until": null, "orders_disabled_paper_safety": false}
{"ts": "2025-10-23 05:12:35", "evt": "hb", "state": "-", "idle_reason": "booting", "net_qty": 0, "bars": 0, "rt_enabled": true, "rt_status": "ok", "rt_age_sec": null, "rt_queue_len": 0, "in_session_window": false, "caps": [], "news_kill": false, "dayR": 0.0, "trades_today": 0, "cool_until": null, "orders_disabled_paper_safety": false}
{"ts": "2025-10-23 05:12:36", "evt": "hb", "state": "-", "idle_reason": "booting", "net_qty": 0, "bars": 0, "rt_enabled": true, "rt_status": "ok", "rt_age_sec": null, "rt_queue_len": 0, "in_session_window": false, "caps": [], "news_kill": false, "dayR": 0.0, "trades_today": 0, "cool_until": null, "orders_disabled_paper_safety": false}
[2025-10-23 00:12:36] [WD-HB] watchdog alive (pid=4704)
{"ts": "2025-10-23 05:12:37", "evt": "hb", "state": "-", "idle_reason": "booting", "net_qty": 0, "bars": 0, "rt_enabled": true, "rt_status": "ok", "rt_age_sec": null, "rt_queue_len": 0, "in_session_window": false, "caps": [], "news_kill": false, "dayR": 0.0, "trades_today": 0, "cool_until": null, "orders_disabled_paper_safety": false}
{"ts": "2025-10-23 05:12:38", "evt": "hb", "state": "-", "idle_reason": "booting", "net_qty": 0, "bars": 0, "rt_enabled": true, "rt_status": "ok", "rt_age_sec": null, "rt_queue_len": 0, "in_session_window": false, "caps": [], "news_kill": false, "dayR": 0.0, "trades_today": 0, "cool_until": null, "orders_disabled_paper_safety": false}
{"ts": "2025-10-23 05:12:39", "evt": "hb", "state": "-", "idle_reason": "booting", "net_qty": 0, "bars": 0, "rt_enabled": true, "rt_status": "ok", "rt_age_sec": null, "rt_queue_len": 0, "in_session_window": false, "caps": [], "news_kill": false, "dayR": 0.0, "trades_today": 0, "cool_until": null, "orders_disabled_paper_safety": false}
{"ts": "2025-10-23 05:12:40", "evt": "hb", "state": "-", "idle_reason": "booting", "net_qty": 0, "bars": 0, "rt_enabled": true, "rt_status": "ok", "rt_age_sec": null, "rt_queue_len": 0, "in_session_window": false, "caps": [], "news_kill": false, "dayR": 0.0, "trades_today": 0, "cool_until": null, "orders_disabled_paper_safety": false}
{"ts": "2025-10-23 05:12:41", "evt": "hb", "state": "-", "idle_reason": "booting", "net_qty": 0, "bars": 0, "rt_enabled": true, "rt_status": "ok", "rt_age_sec": null, "rt_queue_len": 0, "in_session_window": false, "caps": [], "news_kill": false, "dayR": 0.0, "trades_today": 0, "cool_until": null, "orders_disabled_paper_safety": false}
{"ts": "2025-10-23 05:12:42", "evt": "hb", "state": "-", "idle_reason": "booting", "net_qty": 0, "bars": 0, "rt_enabled": true, "rt_status": "ok", "rt_age_sec": null, "rt_queue_len": 0, "in_session_window": false, "caps": [], "news_kill": false, "dayR": 0.0, "trades_today": 0, "cool_until": null, "orders_disabled_paper_safety": false}
{"ts": "2025-10-23 05:12:43", "evt": "hb", "state": "-", "idle_reason": "booting", "net_qty": 0, "bars": 0, "rt_enabled": true, "rt_status": "ok", "rt_age_sec": null, "rt_queue_len": 0, "in_session_window": false, "caps": [], "news_kill": false, "dayR": 0.0, "trades_today": 0, "cool_until": null, "orders_disabled_paper_safety": false}
{"ts": "2025-10-23 05:12:44", "evt": "hb", "state": "-", "idle_reason": "booting", "net_qty": 0, "bars": 0, "rt_enabled": true, "rt_status": "ok", "rt_age_sec": null, "rt_queue_len": 0, "in_session_window": false, "caps": [], "news_kill": false, "dayR": 0.0, "trades_today": 0, "cool_until": null, "orders_disabled_paper_safety": false}
{"ts": "2025-10-23 05:12:45", "evt": "hb", "state": "-", "idle_reason": "booting", "net_qty": 0, "bars": 0, "rt_enabled": true, "rt_status": "ok", "rt_age_sec": null, "rt_queue_len": 0, "in_session_window": false, "caps": [], "news_kill": false, "dayR": 0.0, "trades_today": 0, "cool_until": null, "orders_disabled_paper_safety": false}
{"ts": "2025-10-23 05:12:46", "evt": "hb", "state": "-", "idle_reason": "booting", "net_qty": 0, "bars": 0, "rt_enabled": true, "rt_status": "ok", "rt_age_sec": null, "rt_queue_len": 0, "in_session_window": false, "caps": [], "news_kill": false, "dayR": 0.0, "trades_today": 0, "cool_until": null, "orders_disabled_paper_safety": false}
{"ts": "2025-10-23 05:12:47", "evt": "hb", "state": "-", "idle_reason": "booting", "net_qty": 0, "bars": 0, "rt_enabled": true, "rt_status": "ok", "rt_age_sec": null, "rt_queue_len": 0, "in_session_window": false, "caps": [], "news_kill": false, "dayR": 0.0, "trades_today": 0, "cool_until": null, "orders_disabled_paper_safety": false}
[2025-10-23 00:12:47] [WD-HB] watchdog alive (pid=4704)
{"ts": "2025-10-23 05:12:48", "evt": "hb", "state": "-", "idle_reason": "booting", "net_qty": 0, "bars": 0, "rt_enabled": true, "rt_status": "ok", "rt_age_sec": null, "rt_queue_len": 0, "in_session_window": false, "caps": [], "news_kill": false, "dayR": 0.0, "trades_today": 0, "cool_until": null, "orders_disabled_paper_safety": false}
{"ts": "2025-10-23 05:12:49", "evt": "hb", "state": "-", "idle_reason": "booting", "net_qty": 0, "bars": 0, "rt_enabled": true, "rt_status": "ok", "rt_age_sec": null, "rt_queue_len": 0, "in_session_window": false, "caps": [], "news_kill": false, "dayR": 0.0, "trades_today": 0, "cool_until": null, "orders_disabled_paper_safety": false}
{"ts": "2025-10-23 05:12:50", "evt": "hb", "state": "-", "idle_reason": "booting", "net_qty": 0, "bars": 0, "rt_enabled": true, "rt_status": "ok", "rt_age_sec": null, "rt_queue_len": 0, "in_session_window": false, "caps": [], "news_kill": false, "dayR": 0.0, "trades_today": 0, "cool_until": null, "orders_disabled_paper_safety": false}
{"ts": "2025-10-23 05:12:51", "evt": "hb", "state": "-", "idle_reason": "booting", "net_qty": 0, "bars": 0, "rt_enabled": true, "rt_status": "ok", "rt_age_sec": null, "rt_queue_len": 0, "in_session_window": false, "caps": [], "news_kill": false, "dayR": 0.0, "trades_today": 0, "cool_until": null, "orders_disabled_paper_safety": false}
{"ts": "2025-10-23 05:12:52", "evt": "hb", "state": "-", "idle_reason": "booting", "net_qty": 0, "bars": 0, "rt_enabled": true, "rt_status": "ok", "rt_age_sec": null, "rt_queue_len": 0, "in_session_window": false, "caps": [], "news_kill": false, "dayR": 0.0, "trades_today": 0, "cool_until": null, "orders_disabled_paper_safety": false}
{"ts": "2025-10-23 05:12:53", "evt": "hb", "state": "-", "idle_reason": "booting", "net_qty": 0, "bars": 0, "rt_enabled": true, "rt_status": "ok", "rt_age_sec": null, "rt_queue_len": 0, "in_session_window": false, "caps": [], "news_kill": false, "dayR": 0.0, "trades_today": 0, "cool_until": null, "orders_disabled_paper_safety": false}
{"ts": "2025-10-23 05:12:54", "evt": "hb", "state": "-", "idle_reason": "booting", "net_qty": 0, "bars": 0, "rt_enabled": true, "rt_status": "ok", "rt_age_sec": null, "rt_queue_len": 0, "in_session_window": false, "caps": [], "news_kill": false, "dayR": 0.0, "trades_today": 0, "cool_until": null, "orders_disabled_paper_safety": false}
{"ts": "2025-10-23 05:12:55", "evt": "hb", "state": "-", "idle_reason": "booting", "net_qty": 0, "bars": 0, "rt_enabled": true, "rt_status": "ok", "rt_age_sec": null, "rt_queue_len": 0, "in_session_window": false, "caps": [], "news_kill": false, "dayR": 0.0, "trades_today": 0, "cool_until": null, "orders_disabled_paper_safety": false}
{"ts": "2025-10-23 05:12:56", "evt": "hb", "state": "-", "idle_reason": "booting", "net_qty": 0, "bars": 0, "rt_enabled": true, "rt_status": "ok", "rt_age_sec": null, "rt_queue_len": 0, "in_session_window": false, "caps": [], "news_kill": false, "dayR": 0.0, "trades_today": 0, "cool_until": null, "orders_disabled_paper_safety": false}
{"ts": "2025-10-23 05:12:57", "evt": "hb", "state": "-", "idle_reason": "booting", "net_qty": 0, "bars": 0, "rt_enabled": true, "rt_status": "ok", "rt_age_sec": null, "rt_queue_len": 0, "in_session_window": false, "caps": [], "news_kill": false, "dayR": 0.0, "trades_today": 0, "cool_until": null, "orders_disabled_paper_safety": false}
[2025-10-23 00:12:57] [WD-HB] watchdog alive (pid=4704)
{"ts": "2025-10-23 05:12:58", "evt": "hb", "state": "-", "idle_reason": "booting", "net_qty": 0, "bars": 0, "rt_enabled": true, "rt_status": "ok", "rt_age_sec": null, "rt_queue_len": 0, "in_session_window": false, "caps": [], "news_kill": false, "dayR": 0.0, "trades_today": 0, "cool_until": null, "orders_disabled_paper_safety": false}
{"ts": "2025-10-23 05:12:59", "evt": "hb", "state": "-", "idle_reason": "booting", "net_qty": 0, "bars": 0, "rt_enabled": true, "rt_status": "ok", "rt_age_sec": null, "rt_queue_len": 0, "in_session_window": false, "caps": [], "news_kill": false, "dayR": 0.0, "trades_today": 0, "cool_until": null, "orders_disabled_paper_safety": false}
{"ts": "2025-10-23 05:13:00", "evt": "hb", "state": "-", "idle_reason": "booting", "net_qty": 0, "bars": 0, "rt_enabled": true, "rt_status": "ok", "rt_age_sec": null, "rt_queue_len": 0, "in_session_window": false, "caps": [], "news_kill": false, "dayR": 0.0, "trades_today": 0, "cool_until": null, "orders_disabled_paper_safety": false}
{"ts": "2025-10-23 05:13:01", "evt": "hb", "state": "-", "idle_reason": "booting", "net_qty": 0, "bars": 0, "rt_enabled": true, "rt_status": "ok", "rt_age_sec": null, "rt_queue_len": 0, "in_session_window": false, "caps": [], "news_kill": false, "dayR": 0.0, "trades_today": 0, "cool_until": null, "orders_disabled_paper_safety": false}
{"ts": "2025-10-23 05:13:02", "evt": "hb", "state": "-", "idle_reason": "booting", "net_qty": 0, "bars": 0, "rt_enabled": true, "rt_status": "ok", "rt_age_sec": null, "rt_queue_len": 0, "in_session_window": false, "caps": [], "news_kill": false, "dayR": 0.0, "trades_today": 0, "cool_until": null, "orders_disabled_paper_safety": false}
{"ts": "2025-10-23 05:13:03", "evt": "hb", "state": "-", "idle_reason": "booting", "net_qty": 0, "bars": 0, "rt_enabled": true, "rt_status": "ok", "rt_age_sec": null, "rt_queue_len": 0, "in_session_window": false, "caps": [], "news_kill": false, "dayR": 0.0, "trades_today": 0, "cool_until": null, "orders_disabled_paper_safety": false}
{"ts": "2025-10-23 05:13:04", "evt": "hb", "state": "-", "idle_reason": "booting", "net_qty": 0, "bars": 0, "rt_enabled": true, "rt_status": "ok", "rt_age_sec": null, "rt_queue_len": 0, "in_session_window": false, "caps": [], "news_kill": false, "dayR": 0.0, "trades_today": 0, "cool_until": null, "orders_disabled_paper_safety": false}
{"ts": "2025-10-23 05:13:05", "evt": "hb", "state": "-", "idle_reason": "booting", "net_qty": 0, "bars": 0, "rt_enabled": true, "rt_status": "ok", "rt_age_sec": null, "rt_queue_len": 0, "in_session_window": false, "caps": [], "news_kill": false, "dayR": 0.0, "trades_today": 0, "cool_until": null, "orders_disabled_paper_safety": false}
{"ts": "2025-10-23 05:13:06", "evt": "hb", "state": "-", "idle_reason": "booting", "net_qty": 0, "bars": 0, "rt_enabled": true, "rt_status": "ok", "rt_age_sec": null, "rt_queue_len": 0, "in_session_window": false, "caps": [], "news_kill": false, "dayR": 0.0, "trades_today": 0, "cool_until": null, "orders_disabled_paper_safety": false}
{"ts": "2025-10-23 05:13:07", "evt": "hb", "state": "-", "idle_reason": "booting", "net_qty": 0, "bars": 0, "rt_enabled": true, "rt_status": "ok", "rt_age_sec": null, "rt_queue_len": 0, "in_session_window": false, "caps": [], "news_kill": false, "dayR": 0.0, "trades_today": 0, "cool_until": null, "orders_disabled_paper_safety": false}
[2025-10-23 00:13:07] [WD-HB] watchdog alive (pid=4704)
{"ts": "2025-10-23 05:13:08", "evt": "hb", "state": "-", "idle_reason": "booting", "net_qty": 0, "bars": 0, "rt_enabled": true, "rt_status": "ok", "rt_age_sec": null, "rt_queue_len": 0, "in_session_window": false, "caps": [], "news_kill": false, "dayR": 0.0, "trades_today": 0, "cool_until": null, "orders_disabled_paper_safety": false}
{"ts": "2025-10-23 05:13:09", "evt": "hb", "state": "-", "idle_reason": "booting", "net_qty": 0, "bars": 0, "rt_enabled": true, "rt_status": "ok", "rt_age_sec": null, "rt_queue_len": 0, "in_session_window": false, "caps": [], "news_kill": false, "dayR": 0.0, "trades_today": 0, "cool_until": null, "orders_disabled_paper_safety": false}
{"ts": "2025-10-23 05:13:10", "evt": "hb", "state": "-", "idle_reason": "booting", "net_qty": 0, "bars": 0, "rt_enabled": true, "rt_status": "ok", "rt_age_sec": null, "rt_queue_len": 0, "in_session_window": false, "caps": [], "news_kill": false, "dayR": 0.0, "trades_today": 0, "cool_until": null, "orders_disabled_paper_safety": false}
{"ts": "2025-10-23 05:13:11", "evt": "hb", "state": "-", "idle_reason": "booting", "net_qty": 0, "bars": 0, "rt_enabled": true, "rt_status": "ok", "rt_age_sec": null, "rt_queue_len": 0, "in_session_window": false, "caps": [], "news_kill": false, "dayR": 0.0, "trades_today": 0, "cool_until": null, "orders_disabled_paper_safety": false}
{"ts": "2025-10-23 05:13:12", "evt": "hb", "state": "-", "idle_reason": "booting", "net_qty": 0, "bars": 0, "rt_enabled": true, "rt_status": "ok", "rt_age_sec": null, "rt_queue_len": 0, "in_session_window": false, "caps": [], "news_kill": false, "dayR": 0.0, "trades_today": 0, "cool_until": null, "orders_disabled_paper_safety": false}
{"ts": "2025-10-23 05:13:13", "evt": "hb", "state": "-", "idle_reason": "booting", "net_qty": 0, "bars": 0, "rt_enabled": true, "rt_status": "ok", "rt_age_sec": null, "rt_queue_len": 0, "in_session_window": false, "caps": [], "news_kill": false, "dayR": 0.0, "trades_today": 0, "cool_until": null, "orders_disabled_paper_safety": false}
{"ts": "2025-10-23 05:13:14", "evt": "hb", "state": "-", "idle_reason": "booting", "net_qty": 0, "bars": 0, "rt_enabled": true, "rt_status": "ok", "rt_age_sec": null, "rt_queue_len": 0, "in_session_window": false, "caps": [], "news_kill": false, "dayR": 0.0, "trades_today": 0, "cool_until": null, "orders_disabled_paper_safety": false}
{"ts": "2025-10-23 05:13:15", "evt": "hb", "state": "-", "idle_reason": "booting", "net_qty": 0, "bars": 0, "rt_enabled": true, "rt_status": "ok", "rt_age_sec": null, "rt_queue_len": 0, "in_session_window": false, "caps": [], "news_kill": false, "dayR": 0.0, "trades_today": 0, "cool_until": null, "orders_disabled_paper_safety": false}
{"ts": "2025-10-23 05:13:16", "evt": "hb", "state": "-", "idle_reason": "booting", "net_qty": 0, "bars": 0, "rt_enabled": true, "rt_status": "ok", "rt_age_sec": null, "rt_queue_len": 0, "in_session_window": false, "caps": [], "news_kill": false, "dayR": 0.0, "trades_today": 0, "cool_until": null, "orders_disabled_paper_safety": false}
{"ts": "2025-10-23 05:13:17", "evt": "hb", "state": "-", "idle_reason": "booting", "net_qty": 0, "bars": 0, "rt_enabled": true, "rt_status": "ok", "rt_age_sec": null, "rt_queue_len": 0, "in_session_window": false, "caps": [], "news_kill": false, "dayR": 0.0, "trades_today": 0, "cool_until": null, "orders_disabled_paper_safety": false}
[2025-10-23 00:13:17] [WD-HB] watchdog alive (pid=4704)
{"ts": "2025-10-23 05:13:18", "evt": "hb", "state": "-", "idle_reason": "booting", "net_qty": 0, "bars": 0, "rt_enabled": true, "rt_status": "ok", "rt_age_sec": null, "rt_queue_len": 0, "in_session_window": false, "caps": [], "news_kill": false, "dayR": 0.0, "trades_today": 0, "cool_until": null, "orders_disabled_paper_safety": false}
{"ts": "2025-10-23 05:13:19", "evt": "hb", "state": "-", "idle_reason": "booting", "net_qty": 0, "bars": 0, "rt_enabled": true, "rt_status": "ok", "rt_age_sec": null, "rt_queue_len": 0, "in_session_window": false, "caps": [], "news_kill": false, "dayR": 0.0, "trades_today": 0, "cool_until": null, "orders_disabled_paper_safety": false}
{"ts": "2025-10-23 05:13:20", "evt": "hb", "state": "-", "idle_reason": "booting", "net_qty": 0, "bars": 0, "rt_enabled": true, "rt_status": "ok", "rt_age_sec": null, "rt_queue_len": 0, "in_session_window": false, "caps": [], "news_kill": false, "dayR": 0.0, "trades_today": 0, "cool_until": null, "orders_disabled_paper_safety": false}
{"ts": "2025-10-23 05:13:21", "evt": "hb", "state": "-", "idle_reason": "booting", "net_qty": 0, "bars": 0, "rt_enabled": true, "rt_status": "ok", "rt_age_sec": null, "rt_queue_len": 0, "in_session_window": false, "caps": [], "news_kill": false, "dayR": 0.0, "trades_today": 0, "cool_until": null, "orders_disabled_paper_safety": false}
{"ts": "2025-10-23 05:13:22", "evt": "hb", "state": "-", "idle_reason": "booting", "net_qty": 0, "bars": 0, "rt_enabled": true, "rt_status": "ok", "rt_age_sec": null, "rt_queue_len": 0, "in_session_window": false, "caps": [], "news_kill": false, "dayR": 0.0, "trades_today": 0, "cool_until": null, "orders_disabled_paper_safety": false}
{"ts": "2025-10-23 05:13:23", "evt": "hb", "state": "-", "idle_reason": "booting", "net_qty": 0, "bars": 0, "rt_enabled": true, "rt_status": "ok", "rt_age_sec": null, "rt_queue_len": 0, "in_session_window": false, "caps": [], "news_kill": false, "dayR": 0.0, "trades_today": 0, "cool_until": null, "orders_disabled_paper_safety": false}
{"ts": "2025-10-23 05:13:24", "evt": "hb", "state": "-", "idle_reason": "booting", "net_qty": 0, "bars": 0, "rt_enabled": true, "rt_status": "ok", "rt_age_sec": null, "rt_queue_len": 0, "in_session_window": false, "caps": [], "news_kill": false, "dayR": 0.0, "trades_today": 0, "cool_until": null, "orders_disabled_paper_safety": false}
{"ts": "2025-10-23 05:13:25", "evt": "hb", "state": "-", "idle_reason": "booting", "net_qty": 0, "bars": 0, "rt_enabled": true, "rt_status": "ok", "rt_age_sec": null, "rt_queue_len": 0, "in_session_window": false, "caps": [], "news_kill": false, "dayR": 0.0, "trades_today": 0, "cool_until": null, "orders_disabled_paper_safety": false}
{"ts": "2025-10-23 05:13:26", "evt": "hb", "state": "-", "idle_reason": "booting", "net_qty": 0, "bars": 0, "rt_enabled": true, "rt_status": "ok", "rt_age_sec": null, "rt_queue_len": 0, "in_session_window": false, "caps": [], "news_kill": false, "dayR": 0.0, "trades_today": 0, "cool_until": null, "orders_disabled_paper_safety": false}
{"ts": "2025-10-23 05:13:27", "evt": "hb", "state": "-", "idle_reason": "booting", "net_qty": 0, "bars": 0, "rt_enabled": true, "rt_status": "ok", "rt_age_sec": null, "rt_queue_len": 0, "in_session_window": false, "caps": [], "news_kill": false, "dayR": 0.0, "trades_today": 0, "cool_until": null, "orders_disabled_paper_safety": false}
[2025-10-23 00:13:27] [WD-HB] watchdog alive (pid=4704)
{"ts": "2025-10-23 05:13:28", "evt": "hb", "state": "-", "idle_reason": "booting", "net_qty": 0, "bars": 0, "rt_enabled": true, "rt_status": "ok", "rt_age_sec": null, "rt_queue_len": 0, "in_session_window": false, "caps": [], "news_kill": false, "dayR": 0.0, "trades_today": 0, "cool_until": null, "orders_disabled_paper_safety": false}
{"ts": "2025-10-23 05:13:29", "evt": "hb", "state": "-", "idle_reason": "booting", "net_qty": 0, "bars": 0, "rt_enabled": true, "rt_status": "ok", "rt_age_sec": null, "rt_queue_len": 0, "in_session_window": false, "caps": [], "news_kill": false, "dayR": 0.0, "trades_today": 0, "cool_until": null, "orders_disabled_paper_safety": false}
{"ts": "2025-10-23 05:13:30", "evt": "hb", "state": "-", "idle_reason": "booting", "net_qty": 0, "bars": 0, "rt_enabled": true, "rt_status": "ok", "rt_age_sec": null, "rt_queue_len": 0, "in_session_window": false, "caps": [], "news_kill": false, "dayR": 0.0, "trades_today": 0, "cool_until": null, "orders_disabled_paper_safety": false}
{"ts": "2025-10-23 05:13:31", "evt": "hb", "state": "-", "idle_reason": "booting", "net_qty": 0, "bars": 0, "rt_enabled": true, "rt_status": "ok", "rt_age_sec": null, "rt_queue_len": 0, "in_session_window": false, "caps": [], "news_kill": false, "dayR": 0.0, "trades_today": 0, "cool_until": null, "orders_disabled_paper_safety": false}
{"ts": "2025-10-23 05:13:32", "evt": "hb", "state": "-", "idle_reason": "booting", "net_qty": 0, "bars": 0, "rt_enabled": true, "rt_status": "ok", "rt_age_sec": null, "rt_queue_len": 0, "in_session_window": false, "caps": [], "news_kill": false, "dayR": 0.0, "trades_today": 0, "cool_until": null, "orders_disabled_paper_safety": false}
{"ts": "2025-10-23 05:13:33", "evt": "hb", "state": "-", "idle_reason": "booting", "net_qty": 0, "bars": 0, "rt_enabled": true, "rt_status": "ok", "rt_age_sec": null, "rt_queue_len": 0, "in_session_window": false, "caps": [], "news_kill": false, "dayR": 0.0, "trades_today": 0, "cool_until": null, "orders_disabled_paper_safety": false}
{"ts": "2025-10-23 05:13:34", "evt": "hb", "state": "-", "idle_reason": "booting", "net_qty": 0, "bars": 0, "rt_enabled": true, "rt_status": "ok", "rt_age_sec": null, "rt_queue_len": 0, "in_session_window": false, "caps": [], "news_kill": false, "dayR": 0.0, "trades_today": 0, "cool_until": null, "orders_disabled_paper_safety": false}
{"ts": "2025-10-23 05:13:35", "evt": "hb", "state": "-", "idle_reason": "booting", "net_qty": 0, "bars": 0, "rt_enabled": true, "rt_status": "ok", "rt_age_sec": null, "rt_queue_len": 0, "in_session_window": false, "caps": [], "news_kill": false, "dayR": 0.0, "trades_today": 0, "cool_until": null, "orders_disabled_paper_safety": false}
{"ts": "2025-10-23 05:13:36", "evt": "hb", "state": "-", "idle_reason": "booting", "net_qty": 0, "bars": 0, "rt_enabled": true, "rt_status": "ok", "rt_age_sec": null, "rt_queue_len": 0, "in_session_window": false, "caps": [], "news_kill": false, "dayR": 0.0, "trades_today": 0, "cool_until": null, "orders_disabled_paper_safety": false}
{"ts": "2025-10-23 05:13:37", "evt": "hb", "state": "-", "idle_reason": "booting", "net_qty": 0, "bars": 0, "rt_enabled": true, "rt_status": "ok", "rt_age_sec": null, "rt_queue_len": 0, "in_session_window": false, "caps": [], "news_kill": false, "dayR": 0.0, "trades_today": 0, "cool_until": null, "orders_disabled_paper_safety": false}
[2025-10-23 00:13:37] [WD-HB] watchdog alive (pid=4704)
{"ts": "2025-10-23 05:13:38", "evt": "hb", "state": "-", "idle_reason": "booting", "net_qty": 0, "bars": 0, "rt_enabled": true, "rt_status": "ok", "rt_age_sec": null, "rt_queue_len": 0, "in_session_window": false, "caps": [], "news_kill": false, "dayR": 0.0, "trades_today": 0, "cool_until": null, "orders_disabled_paper_safety": false}
{"ts": "2025-10-23 05:13:39", "evt": "hb", "state": "-", "idle_reason": "booting", "net_qty": 0, "bars": 0, "rt_enabled": true, "rt_status": "ok", "rt_age_sec": null, "rt_queue_len": 0, "in_session_window": false, "caps": [], "news_kill": false, "dayR": 0.0, "trades_today": 0, "cool_until": null, "orders_disabled_paper_safety": false}
{"ts": "2025-10-23 05:13:40", "evt": "hb", "state": "-", "idle_reason": "booting", "net_qty": 0, "bars": 0, "rt_enabled": true, "rt_status": "ok", "rt_age_sec": null, "rt_queue_len": 0, "in_session_window": false, "caps": [], "news_kill": false, "dayR": 0.0, "trades_today": 0, "cool_until": null, "orders_disabled_paper_safety": false}
{"ts": "2025-10-23 05:13:41", "evt": "hb", "state": "-", "idle_reason": "booting", "net_qty": 0, "bars": 0, "rt_enabled": true, "rt_status": "ok", "rt_age_sec": null, "rt_queue_len": 0, "in_session_window": false, "caps": [], "news_kill": false, "dayR": 0.0, "trades_today": 0, "cool_until": null, "orders_disabled_paper_safety": false}
{"ts": "2025-10-23 05:13:42", "evt": "hb", "state": "-", "idle_reason": "booting", "net_qty": 0, "bars": 0, "rt_enabled": true, "rt_status": "ok", "rt_age_sec": null, "rt_queue_len": 0, "in_session_window": false, "caps": [], "news_kill": false, "dayR": 0.0, "trades_today": 0, "cool_until": null, "orders_disabled_paper_safety": false}
{"ts": "2025-10-23 05:13:43", "evt": "hb", "state": "-", "idle_reason": "booting", "net_qty": 0, "bars": 0, "rt_enabled": true, "rt_status": "ok", "rt_age_sec": null, "rt_queue_len": 0, "in_session_window": false, "caps": [], "news_kill": false, "dayR": 0.0, "trades_today": 0, "cool_until": null, "orders_disabled_paper_safety": false}
{"ts": "2025-10-23 05:13:44", "evt": "hb", "state": "-", "idle_reason": "booting", "net_qty": 0, "bars": 0, "rt_enabled": true, "rt_status": "ok", "rt_age_sec": null, "rt_queue_len": 0, "in_session_window": false, "caps": [], "news_kill": false, "dayR": 0.0, "trades_today": 0, "cool_until": null, "orders_disabled_paper_safety": false}
{"ts": "2025-10-23 05:13:45", "evt": "hb", "state": "-", "idle_reason": "booting", "net_qty": 0, "bars": 0, "rt_enabled": true, "rt_status": "ok", "rt_age_sec": null, "rt_queue_len": 0, "in_session_window": false, "caps": [], "news_kill": false, "dayR": 0.0, "trades_today": 0, "cool_until": null, "orders_disabled_paper_safety": false}
{"ts": "2025-10-23 05:13:46", "evt": "hb", "state": "-", "idle_reason": "booting", "net_qty": 0, "bars": 0, "rt_enabled": true, "rt_status": "ok", "rt_age_sec": null, "rt_queue_len": 0, "in_session_window": false, "caps": [], "news_kill": false, "dayR": 0.0, "trades_today": 0, "cool_until": null, "orders_disabled_paper_safety": false}
{"ts": "2025-10-23 05:13:47", "evt": "hb", "state": "-", "idle_reason": "booting", "net_qty": 0, "bars": 0, "rt_enabled": true, "rt_status": "ok", "rt_age_sec": null, "rt_queue_len": 0, "in_session_window": false, "caps": [], "news_kill": false, "dayR": 0.0, "trades_today": 0, "cool_until": null, "orders_disabled_paper_safety": false}
[2025-10-23 00:13:47] [WD-HB] watchdog alive (pid=4704)
{"ts": "2025-10-23 05:13:48", "evt": "hb", "state": "-", "idle_reason": "booting", "net_qty": 0, "bars": 0, "rt_enabled": true, "rt_status": "ok", "rt_age_sec": null, "rt_queue_len": 0, "in_session_window": false, "caps": [], "news_kill": false, "dayR": 0.0, "trades_today": 0, "cool_until": null, "orders_disabled_paper_safety": false}
{"ts": "2025-10-23 05:13:49", "evt": "hb", "state": "-", "idle_reason": "booting", "net_qty": 0, "bars": 0, "rt_enabled": true, "rt_status": "ok", "rt_age_sec": null, "rt_queue_len": 0, "in_session_window": false, "caps": [], "news_kill": false, "dayR": 0.0, "trades_today": 0, "cool_until": null, "orders_disabled_paper_safety": false}
{"ts": "2025-10-23 05:13:50", "evt": "hb", "state": "-", "idle_reason": "booting", "net_qty": 0, "bars": 0, "rt_enabled": true, "rt_status": "ok", "rt_age_sec": null, "rt_queue_len": 0, "in_session_window": false, "caps": [], "news_kill": false, "dayR": 0.0, "trades_today": 0, "cool_until": null, "orders_disabled_paper_safety": false}
{"ts": "2025-10-23 05:13:51", "evt": "hb", "state": "-", "idle_reason": "booting", "net_qty": 0, "bars": 0, "rt_enabled": true, "rt_status": "ok", "rt_age_sec": null, "rt_queue_len": 0, "in_session_window": false, "caps": [], "news_kill": false, "dayR": 0.0, "trades_today": 0, "cool_until": null, "orders_disabled_paper_safety": false}
{"ts": "2025-10-23 05:13:52", "evt": "hb", "state": "-", "idle_reason": "booting", "net_qty": 0, "bars": 0, "rt_enabled": true, "rt_status": "ok", "rt_age_sec": null, "rt_queue_len": 0, "in_session_window": false, "caps": [], "news_kill": false, "dayR": 0.0, "trades_today": 0, "cool_until": null, "orders_disabled_paper_safety": false}
{"ts": "2025-10-23 05:13:53", "evt": "hb", "state": "-", "idle_reason": "booting", "net_qty": 0, "bars": 0, "rt_enabled": true, "rt_status": "ok", "rt_age_sec": null, "rt_queue_len": 0, "in_session_window": false, "caps": [], "news_kill": false, "dayR": 0.0, "trades_today": 0, "cool_until": null, "orders_disabled_paper_safety": false}
{"ts": "2025-10-23 05:13:54", "evt": "hb", "state": "-", "idle_reason": "booting", "net_qty": 0, "bars": 0, "rt_enabled": true, "rt_status": "ok", "rt_age_sec": null, "rt_queue_len": 0, "in_session_window": false, "caps": [], "news_kill": false, "dayR": 0.0, "trades_today": 0, "cool_until": null, "orders_disabled_paper_safety": false}
{"ts": "2025-10-23 05:13:55", "evt": "hb", "state": "-", "idle_reason": "booting", "net_qty": 0, "bars": 0, "rt_enabled": true, "rt_status": "ok", "rt_age_sec": null, "rt_queue_len": 0, "in_session_window": false, "caps": [], "news_kill": false, "dayR": 0.0, "trades_today": 0, "cool_until": null, "orders_disabled_paper_safety": false}
{"ts": "2025-10-23 05:13:56", "evt": "hb", "state": "-", "idle_reason": "booting", "net_qty": 0, "bars": 0, "rt_enabled": true, "rt_status": "ok", "rt_age_sec": null, "rt_queue_len": 0, "in_session_window": false, "caps": [], "news_kill": false, "dayR": 0.0, "trades_today": 0, "cool_until": null, "orders_disabled_paper_safety": false}
{"ts": "2025-10-23 05:13:57", "evt": "hb", "state": "-", "idle_reason": "booting", "net_qty": 0, "bars": 0, "rt_enabled": true, "rt_status": "ok", "rt_age_sec": null, "rt_queue_len": 0, "in_session_window": false, "caps": [], "news_kill": false, "dayR": 0.0, "trades_today": 0, "cool_until": null, "orders_disabled_paper_safety": false}
[2025-10-23 00:13:57] [WD-HB] watchdog alive (pid=4704)
{"ts": "2025-10-23 05:13:58", "evt": "hb", "state": "-", "idle_reason": "booting", "net_qty": 0, "bars": 0, "rt_enabled": true, "rt_status": "ok", "rt_age_sec": null, "rt_queue_len": 0, "in_session_window": false, "caps": [], "news_kill": false, "dayR": 0.0, "trades_today": 0, "cool_until": null, "orders_disabled_paper_safety": false}
{"ts": "2025-10-23 05:13:59", "evt": "hb", "state": "-", "idle_reason": "booting", "net_qty": 0, "bars": 0, "rt_enabled": true, "rt_status": "ok", "rt_age_sec": null, "rt_queue_len": 0, "in_session_window": false, "caps": [], "news_kill": false, "dayR": 0.0, "trades_today": 0, "cool_until": null, "orders_disabled_paper_safety": false}
{"ts": "2025-10-23 05:14:00", "evt": "hb", "state": "-", "idle_reason": "booting", "net_qty": 0, "bars": 0, "rt_enabled": true, "rt_status": "ok", "rt_age_sec": null, "rt_queue_len": 0, "in_session_window": false, "caps": [], "news_kill": false, "dayR": 0.0, "trades_today": 0, "cool_until": null, "orders_disabled_paper_safety": false}
{"ts": "2025-10-23 05:14:01", "evt": "hb", "state": "-", "idle_reason": "booting", "net_qty": 0, "bars": 0, "rt_enabled": true, "rt_status": "ok", "rt_age_sec": null, "rt_queue_len": 0, "in_session_window": false, "caps": [], "news_kill": false, "dayR": 0.0, "trades_today": 0, "cool_until": null, "orders_disabled_paper_safety": false}
{"ts": "2025-10-23 05:14:02", "evt": "hb", "state": "-", "idle_reason": "booting", "net_qty": 0, "bars": 0, "rt_enabled": true, "rt_status": "ok", "rt_age_sec": null, "rt_queue_len": 0, "in_session_window": false, "caps": [], "news_kill": false, "dayR": 0.0, "trades_today": 0, "cool_until": null, "orders_disabled_paper_safety": false}
{"ts": "2025-10-23 05:14:03", "evt": "hb", "state": "-", "idle_reason": "booting", "net_qty": 0, "bars": 0, "rt_enabled": true, "rt_status": "ok", "rt_age_sec": null, "rt_queue_len": 0, "in_session_window": false, "caps": [], "news_kill": false, "dayR": 0.0, "trades_today": 0, "cool_until": null, "orders_disabled_paper_safety": false}
{"ts": "2025-10-23 05:14:04", "evt": "hb", "state": "-", "idle_reason": "booting", "net_qty": 0, "bars": 0, "rt_enabled": true, "rt_status": "ok", "rt_age_sec": null, "rt_queue_len": 0, "in_session_window": false, "caps": [], "news_kill": false, "dayR": 0.0, "trades_today": 0, "cool_until": null, "orders_disabled_paper_safety": false}
{"ts": "2025-10-23 05:14:05", "evt": "hb", "state": "-", "idle_reason": "booting", "net_qty": 0, "bars": 0, "rt_enabled": true, "rt_status": "ok", "rt_age_sec": null, "rt_queue_len": 0, "in_session_window": false, "caps": [], "news_kill": false, "dayR": 0.0, "trades_today": 0, "cool_until": null, "orders_disabled_paper_safety": false}
{"ts": "2025-10-23 05:14:06", "evt": "hb", "state": "-", "idle_reason": "booting", "net_qty": 0, "bars": 0, "rt_enabled": true, "rt_status": "ok", "rt_age_sec": null, "rt_queue_len": 0, "in_session_window": false, "caps": [], "news_kill": false, "dayR": 0.0, "trades_today": 0, "cool_until": null, "orders_disabled_paper_safety": false}
{"ts": "2025-10-23 05:14:07", "evt": "hb", "state": "-", "idle_reason": "booting", "net_qty": 0, "bars": 0, "rt_enabled": true, "rt_status": "ok", "rt_age_sec": null, "rt_queue_len": 0, "in_session_window": false, "caps": [], "news_kill": false, "dayR": 0.0, "trades_today": 0, "cool_until": null, "orders_disabled_paper_safety": false}
[2025-10-23 00:14:07] [WD-HB] watchdog alive (pid=4704)
{"ts": "2025-10-23 05:14:08", "evt": "hb", "state": "-", "idle_reason": "booting", "net_qty": 0, "bars": 0, "rt_enabled": true, "rt_status": "ok", "rt_age_sec": null, "rt_queue_len": 0, "in_session_window": false, "caps": [], "news_kill": false, "dayR": 0.0, "trades_today": 0, "cool_until": null, "orders_disabled_paper_safety": false}
{"ts": "2025-10-23 05:14:09", "evt": "hb", "state": "-", "idle_reason": "booting", "net_qty": 0, "bars": 0, "rt_enabled": true, "rt_status": "ok", "rt_age_sec": null, "rt_queue_len": 0, "in_session_window": false, "caps": [], "news_kill": false, "dayR": 0.0, "trades_today": 0, "cool_until": null, "orders_disabled_paper_safety": false}
{"ts": "2025-10-23 05:14:10", "evt": "hb", "state": "-", "idle_reason": "booting", "net_qty": 0, "bars": 0, "rt_enabled": true, "rt_status": "ok", "rt_age_sec": null, "rt_queue_len": 0, "in_session_window": false, "caps": [], "news_kill": false, "dayR": 0.0, "trades_today": 0, "cool_until": null, "orders_disabled_paper_safety": false}
{"ts": "2025-10-23 05:14:11", "evt": "hb", "state": "-", "idle_reason": "booting", "net_qty": 0, "bars": 0, "rt_enabled": true, "rt_status": "ok", "rt_age_sec": null, "rt_queue_len": 0, "in_session_window": false, "caps": [], "news_kill": false, "dayR": 0.0, "trades_today": 0, "cool_until": null, "orders_disabled_paper_safety": false}
{"ts": "2025-10-23 05:14:12", "evt": "hb", "state": "-", "idle_reason": "booting", "net_qty": 0, "bars": 0, "rt_enabled": true, "rt_status": "ok", "rt_age_sec": null, "rt_queue_len": 0, "in_session_window": false, "caps": [], "news_kill": false, "dayR": 0.0, "trades_today": 0, "cool_until": null, "orders_disabled_paper_safety": false}
{"ts": "2025-10-23 05:14:13", "evt": "hb", "state": "-", "idle_reason": "booting", "net_qty": 0, "bars": 0, "rt_enabled": true, "rt_status": "ok", "rt_age_sec": null, "rt_queue_len": 0, "in_session_window": false, "caps": [], "news_kill": false, "dayR": 0.0, "trades_today": 0, "cool_until": null, "orders_disabled_paper_safety": false}
{"ts": "2025-10-23 05:14:14", "evt": "hb", "state": "-", "idle_reason": "booting", "net_qty": 0, "bars": 0, "rt_enabled": true, "rt_status": "ok", "rt_age_sec": null, "rt_queue_len": 0, "in_session_window": false, "caps": [], "news_kill": false, "dayR": 0.0, "trades_today": 0, "cool_until": null, "orders_disabled_paper_safety": false}
{"ts": "2025-10-23 05:14:15", "evt": "hb", "state": "-", "idle_reason": "booting", "net_qty": 0, "bars": 0, "rt_enabled": true, "rt_status": "ok", "rt_age_sec": null, "rt_queue_len": 0, "in_session_window": false, "caps": [], "news_kill": false, "dayR": 0.0, "trades_today": 0, "cool_until": null, "orders_disabled_paper_safety": false}
{"ts": "2025-10-23 05:14:16", "evt": "hb", "state": "-", "idle_reason": "booting", "net_qty": 0, "bars": 0, "rt_enabled": true, "rt_status": "ok", "rt_age_sec": null, "rt_queue_len": 0, "in_session_window": false, "caps": [], "news_kill": false, "dayR": 0.0, "trades_today": 0, "cool_until": null, "orders_disabled_paper_safety": false}
{"ts": "2025-10-23 05:14:17", "evt": "hb", "state": "-", "idle_reason": "booting", "net_qty": 0, "bars": 0, "rt_enabled": true, "rt_status": "ok", "rt_age_sec": null, "rt_queue_len": 0, "in_session_window": false, "caps": [], "news_kill": false, "dayR": 0.0, "trades_today": 0, "cool_until": null, "orders_disabled_paper_safety": false}
[2025-10-23 00:14:17] [WD-HB] watchdog alive (pid=4704)
{"ts": "2025-10-23 05:14:18", "evt": "hb", "state": "-", "idle_reason": "booting", "net_qty": 0, "bars": 0, "rt_enabled": true, "rt_status": "ok", "rt_age_sec": null, "rt_queue_len": 0, "in_session_window": false, "caps": [], "news_kill": false, "dayR": 0.0, "trades_today": 0, "cool_until": null, "orders_disabled_paper_safety": false}
{"ts": "2025-10-23 05:14:19", "evt": "hb", "state": "-", "idle_reason": "booting", "net_qty": 0, "bars": 0, "rt_enabled": true, "rt_status": "ok", "rt_age_sec": null, "rt_queue_len": 0, "in_session_window": false, "caps": [], "news_kill": false, "dayR": 0.0, "trades_today": 0, "cool_until": null, "orders_disabled_paper_safety": false}
{"ts": "2025-10-23 05:14:20", "evt": "hb", "state": "-", "idle_reason": "booting", "net_qty": 0, "bars": 0, "rt_enabled": true, "rt_status": "ok", "rt_age_sec": null, "rt_queue_len": 0, "in_session_window": false, "caps": [], "news_kill": false, "dayR": 0.0, "trades_today": 0, "cool_until": null, "orders_disabled_paper_safety": false}
{"ts": "2025-10-23 05:14:21", "evt": "hb", "state": "-", "idle_reason": "booting", "net_qty": 0, "bars": 0, "rt_enabled": true, "rt_status": "ok", "rt_age_sec": null, "rt_queue_len": 0, "in_session_window": false, "caps": [], "news_kill": false, "dayR": 0.0, "trades_today": 0, "cool_until": null, "orders_disabled_paper_safety": false}
{"ts": "2025-10-23 05:14:22", "evt": "hb", "state": "-", "idle_reason": "booting", "net_qty": 0, "bars": 0, "rt_enabled": true, "rt_status": "ok", "rt_age_sec": null, "rt_queue_len": 0, "in_session_window": false, "caps": [], "news_kill": false, "dayR": 0.0, "trades_today": 0, "cool_until": null, "orders_disabled_paper_safety": false}
{"ts": "2025-10-23 05:14:23", "evt": "hb", "state": "-", "idle_reason": "booting", "net_qty": 0, "bars": 0, "rt_enabled": true, "rt_status": "ok", "rt_age_sec": null, "rt_queue_len": 0, "in_session_window": false, "caps": [], "news_kill": false, "dayR": 0.0, "trades_today": 0, "cool_until": null, "orders_disabled_paper_safety": false}
{"ts": "2025-10-23 05:14:24", "evt": "hb", "state": "-", "idle_reason": "booting", "net_qty": 0, "bars": 0, "rt_enabled": true, "rt_status": "ok", "rt_age_sec": null, "rt_queue_len": 0, "in_session_window": false, "caps": [], "news_kill": false, "dayR": 0.0, "trades_today": 0, "cool_until": null, "orders_disabled_paper_safety": false}
