[2025-10-23 07:37:23] [WD] Starting watchdog...
{"ts": "2025-10-23 12:37:25", "evt": "hb", "state": "-", "idle_reason": "starting_or_quiet", "net_qty": 0, "bars": 0, "rt_enabled": false, "rt_status": "disabled", "rt_age_sec": null, "rt_queue_len": 0, "in_session_window": false, "caps": [], "news_kill": false, "dayR": 0.0, "trades_today": 0, "cool_until": null, "orders_disabled_paper_safety": false}[CONNECT] Attempt 1/10 -> clientId=111

{"ts": "2025-10-23 12:37:25", "evt": "boot_progress", "step": "connecting"}
{"ts": "2025-10-23 12:37:25", "evt": "ib_error", "reqId": -1, "code": 2104, "msg": "Market data farm connection is OK:usfarm.nj"}
{"ts": "2025-10-23 12:37:25", "evt": "ib_error", "reqId": -1, "code": 2104, "msg": "Market data farm connection is OK:usfuture"}
{"ts": "2025-10-23 12:37:25", "evt": "ib_error", "reqId": -1, "code": 2104, "msg": "Market data farm connection is OK:usfarm"}
{"ts": "2025-10-23 12:37:25", "evt": "ib_error", "reqId": -1, "code": 2106, "msg": "HMDS data farm connection is OK:euhmds"}
{"ts": "2025-10-23 12:37:25", "evt": "ib_error", "reqId": -1, "code": 2106, "msg": "HMDS data farm connection is OK:cashhmds"}
{"ts": "2025-10-23 12:37:25", "evt": "ib_error", "reqId": -1, "code": 2106, "msg": "HMDS data farm connection is OK:fundfarm"}
{"ts": "2025-10-23 12:37:25", "evt": "ib_error", "reqId": -1, "code": 2106, "msg": "HMDS data farm connection is OK:ushmds"}
{"ts": "2025-10-23 12:37:25", "evt": "ib_error", "reqId": -1, "code": 2158, "msg": "Sec-def data farm connection is OK:secdefil"}
{"ts": "2025-10-23 12:37:26", "evt": "hb", "state": "-", "idle_reason": "booting", "net_qty": 0, "bars": 0, "rt_enabled": false, "rt_status": "disabled", "rt_age_sec": null, "rt_queue_len": 0, "in_session_window": false, "caps": [], "news_kill": false, "dayR": 0.0, "trades_today": 0, "cool_until": null, "orders_disabled_paper_safety": false}
Connected (clientId=111)
[POST-CONNECT] isConnected=True host=127.0.0.1 port=7497 clientId=111
[POST-CONNECT] managedAccounts: ['DU2660649']
[MD] LIVE (1).
[CONTRACT] Using ESZ5 conId=495512563 exp=20251219
[CONTRACT] Multiplier detected: 50
{"ts": "2025-10-23 12:37:27", "evt": "hb", "state": "-", "idle_reason": "booting", "net_qty": 0, "bars": 0, "rt_enabled": true, "rt_status": "ok", "rt_age_sec": null, "rt_queue_len": 0, "in_session_window": false, "caps": [], "news_kill": false, "dayR": 0.0, "trades_today": 0, "cool_until": null, "orders_disabled_paper_safety": false}
cancelMktData: No reqId found for contract Ticker(contract=Contract(secType='FUT', conId=495512563, symbol='ES', lastTradeDateOrContractMonth='20251219', multiplier='50', exchange='CME', currency='USD', localSymbol='ESZ5', tradingClass='ES'), time=datetime.datetime(2025, 10, 23, 12, 37, 27, 592182, tzinfo=datetime.timezone.utc), minTick=0.25, bid=6721.75, bidSize=10.0, ask=6722.0, askSize=13.0, last=6721.75, lastSize=9.0, prevBid=6721.5, prevBidSize=3.0, prevAsk=6721.75, prevAskSize=15.0, prevLast=6722.0, prevLastSize=1.0, volume=139453.0, open=6733.5, high=6751.75, low=6717.5, close=6737.0, halted=0.0, ticks=[TickData(time=datetime.datetime(2025, 10, 23, 12, 37, 27, 592182, tzinfo=datetime.timezone.utc), tickType=0, price=6721.75, size=10.0), TickData(time=datetime.datetime(2025, 10, 23, 12, 37, 27, 592182, tzinfo=datetime.timezone.utc), tickType=3, price=6722.0, size=13.0)], bboExchange='50006', snapshotPermissions=3)
{"ts": "2025-10-23 12:37:27", "evt": "md_warmup", "ok": true}
{"ts": "2025-10-23 12:37:28", "evt": "hb", "state": "-", "idle_reason": "booting", "net_qty": 0, "bars": 0, "rt_enabled": true, "rt_status": "ok", "rt_age_sec": null, "rt_queue_len": 0, "in_session_window": false, "caps": [], "news_kill": false, "dayR": 0.0, "trades_today": 0, "cool_until": null, "orders_disabled_paper_safety": false}
{"ts": "2025-10-23 12:37:29", "evt": "hb", "state": "-", "idle_reason": "booting", "net_qty": 0, "bars": 0, "rt_enabled": true, "rt_status": "ok", "rt_age_sec": null, "rt_queue_len": 0, "in_session_window": false, "caps": [], "news_kill": false, "dayR": 0.0, "trades_today": 0, "cool_until": null, "orders_disabled_paper_safety": false}
{"ts": "2025-10-23 12:37:30", "evt": "hb", "state": "-", "idle_reason": "booting", "net_qty": 0, "bars": 0, "rt_enabled": true, "rt_status": "ok", "rt_age_sec": null, "rt_queue_len": 0, "in_session_window": false, "caps": [], "news_kill": false, "dayR": 0.0, "trades_today": 0, "cool_until": null, "orders_disabled_paper_safety": false}
{"ts": "2025-10-23 12:37:31", "evt": "hb", "state": "-", "idle_reason": "booting", "net_qty": 0, "bars": 0, "rt_enabled": true, "rt_status": "ok", "rt_age_sec": null, "rt_queue_len": 0, "in_session_window": false, "caps": [], "news_kill": false, "dayR": 0.0, "trades_today": 0, "cool_until": null, "orders_disabled_paper_safety": false}
{"ts": "2025-10-23 12:37:32", "evt": "hb", "state": "-", "idle_reason": "booting", "net_qty": 0, "bars": 0, "rt_enabled": true, "rt_status": "ok", "rt_age_sec": null, "rt_queue_len": 0, "in_session_window": false, "caps": [], "news_kill": false, "dayR": 0.0, "trades_today": 0, "cool_until": null, "orders_disabled_paper_safety": false}
{"ts": "2025-10-23 12:37:33", "evt": "hb", "state": "-", "idle_reason": "booting", "net_qty": 0, "bars": 0, "rt_enabled": true, "rt_status": "ok", "rt_age_sec": null, "rt_queue_len": 0, "in_session_window": false, "caps": [], "news_kill": false, "dayR": 0.0, "trades_today": 0, "cool_until": null, "orders_disabled_paper_safety": false}
{"ts": "2025-10-23 12:37:34", "evt": "hb", "state": "-", "idle_reason": "booting", "net_qty": 0, "bars": 0, "rt_enabled": true, "rt_status": "ok", "rt_age_sec": null, "rt_queue_len": 0, "in_session_window": false, "caps": [], "news_kill": false, "dayR": 0.0, "trades_today": 0, "cool_until": null, "orders_disabled_paper_safety": false}
[2025-10-23 07:37:34] [WD-HB] watchdog alive (pid=2468)
{"ts": "2025-10-23 12:37:35", "evt": "hb", "state": "-", "idle_reason": "booting", "net_qty": 0, "bars": 0, "rt_enabled": true, "rt_status": "ok", "rt_age_sec": null, "rt_queue_len": 0, "in_session_window": false, "caps": [], "news_kill": false, "dayR": 0.0, "trades_today": 0, "cool_until": null, "orders_disabled_paper_safety": false}
{"ts": "2025-10-23 12:37:36", "evt": "hb", "state": "-", "idle_reason": "booting", "net_qty": 0, "bars": 0, "rt_enabled": true, "rt_status": "ok", "rt_age_sec": null, "rt_queue_len": 0, "in_session_window": false, "caps": [], "news_kill": false, "dayR": 0.0, "trades_today": 0, "cool_until": null, "orders_disabled_paper_safety": false}
{"ts": "2025-10-23 12:37:37", "evt": "hb", "state": "-", "idle_reason": "booting", "net_qty": 0, "bars": 0, "rt_enabled": true, "rt_status": "ok", "rt_age_sec": null, "rt_queue_len": 0, "in_session_window": false, "caps": [], "news_kill": false, "dayR": 0.0, "trades_today": 0, "cool_until": null, "orders_disabled_paper_safety": false}
{"ts": "2025-10-23 12:37:38", "evt": "hb", "state": "-", "idle_reason": "booting", "net_qty": 0, "bars": 0, "rt_enabled": true, "rt_status": "ok", "rt_age_sec": null, "rt_queue_len": 0, "in_session_window": false, "caps": [], "news_kill": false, "dayR": 0.0, "trades_today": 0, "cool_until": null, "orders_disabled_paper_safety": false}
{"ts": "2025-10-23 12:37:39", "evt": "hb", "state": "-", "idle_reason": "booting", "net_qty": 0, "bars": 0, "rt_enabled": true, "rt_status": "ok", "rt_age_sec": null, "rt_queue_len": 0, "in_session_window": false, "caps": [], "news_kill": false, "dayR": 0.0, "trades_today": 0, "cool_until": null, "orders_disabled_paper_safety": false}
{"ts": "2025-10-23 12:37:40", "evt": "hb", "state": "-", "idle_reason": "booting", "net_qty": 0, "bars": 0, "rt_enabled": true, "rt_status": "ok", "rt_age_sec": null, "rt_queue_len": 0, "in_session_window": false, "caps": [], "news_kill": false, "dayR": 0.0, "trades_today": 0, "cool_until": null, "orders_disabled_paper_safety": false}
{"ts": "2025-10-23 12:37:41", "evt": "hb", "state": "-", "idle_reason": "booting", "net_qty": 0, "bars": 0, "rt_enabled": true, "rt_status": "ok", "rt_age_sec": null, "rt_queue_len": 0, "in_session_window": false, "caps": [], "news_kill": false, "dayR": 0.0, "trades_today": 0, "cool_until": null, "orders_disabled_paper_safety": false}
{"ts": "2025-10-23 12:37:42", "evt": "hb", "state": "-", "idle_reason": "booting", "net_qty": 0, "bars": 0, "rt_enabled": true, "rt_status": "ok", "rt_age_sec": null, "rt_queue_len": 0, "in_session_window": false, "caps": [], "news_kill": false, "dayR": 0.0, "trades_today": 0, "cool_until": null, "orders_disabled_paper_safety": false}
{"ts": "2025-10-23 12:37:43", "evt": "hb", "state": "-", "idle_reason": "booting", "net_qty": 0, "bars": 0, "rt_enabled": true, "rt_status": "ok", "rt_age_sec": null, "rt_queue_len": 0, "in_session_window": false, "caps": [], "news_kill": false, "dayR": 0.0, "trades_today": 0, "cool_until": null, "orders_disabled_paper_safety": false}
{"ts": "2025-10-23 12:37:44", "evt": "hb", "state": "-", "idle_reason": "booting", "net_qty": 0, "bars": 0, "rt_enabled": true, "rt_status": "ok", "rt_age_sec": null, "rt_queue_len": 0, "in_session_window": false, "caps": [], "news_kill": false, "dayR": 0.0, "trades_today": 0, "cool_until": null, "orders_disabled_paper_safety": false}
[2025-10-23 07:37:44] [WD-HB] watchdog alive (pid=2468)
{"ts": "2025-10-23 12:37:45", "evt": "hb", "state": "-", "idle_reason": "booting", "net_qty": 0, "bars": 0, "rt_enabled": true, "rt_status": "ok", "rt_age_sec": null, "rt_queue_len": 0, "in_session_window": false, "caps": [], "news_kill": false, "dayR": 0.0, "trades_today": 0, "cool_until": null, "orders_disabled_paper_safety": false}
{"ts": "2025-10-23 12:37:46", "evt": "hb", "state": "-", "idle_reason": "booting", "net_qty": 0, "bars": 0, "rt_enabled": true, "rt_status": "ok", "rt_age_sec": null, "rt_queue_len": 0, "in_session_window": false, "caps": [], "news_kill": false, "dayR": 0.0, "trades_today": 0, "cool_until": null, "orders_disabled_paper_safety": false}
{"ts": "2025-10-23 12:37:47", "evt": "hb", "state": "-", "idle_reason": "booting", "net_qty": 0, "bars": 0, "rt_enabled": true, "rt_status": "ok", "rt_age_sec": null, "rt_queue_len": 0, "in_session_window": false, "caps": [], "news_kill": false, "dayR": 0.0, "trades_today": 0, "cool_until": null, "orders_disabled_paper_safety": false}
{"ts": "2025-10-23 12:37:48", "evt": "hb", "state": "-", "idle_reason": "booting", "net_qty": 0, "bars": 0, "rt_enabled": true, "rt_status": "ok", "rt_age_sec": null, "rt_queue_len": 0, "in_session_window": false, "caps": [], "news_kill": false, "dayR": 0.0, "trades_today": 0, "cool_until": null, "orders_disabled_paper_safety": false}
{"ts": "2025-10-23 12:37:49", "evt": "hb", "state": "-", "idle_reason": "booting", "net_qty": 0, "bars": 0, "rt_enabled": true, "rt_status": "ok", "rt_age_sec": null, "rt_queue_len": 0, "in_session_window": false, "caps": [], "news_kill": false, "dayR": 0.0, "trades_today": 0, "cool_until": null, "orders_disabled_paper_safety": false}
{"ts": "2025-10-23 12:37:50", "evt": "hb", "state": "-", "idle_reason": "booting", "net_qty": 0, "bars": 0, "rt_enabled": true, "rt_status": "ok", "rt_age_sec": null, "rt_queue_len": 0, "in_session_window": false, "caps": [], "news_kill": false, "dayR": 0.0, "trades_today": 0, "cool_until": null, "orders_disabled_paper_safety": false}
{"ts": "2025-10-23 12:37:51", "evt": "hb", "state": "-", "idle_reason": "booting", "net_qty": 0, "bars": 0, "rt_enabled": true, "rt_status": "ok", "rt_age_sec": null, "rt_queue_len": 0, "in_session_window": false, "caps": [], "news_kill": false, "dayR": 0.0, "trades_today": 0, "cool_until": null, "orders_disabled_paper_safety": false}
{"ts": "2025-10-23 12:37:52", "evt": "hb", "state": "-", "idle_reason": "booting", "net_qty": 0, "bars": 0, "rt_enabled": true, "rt_status": "ok", "rt_age_sec": null, "rt_queue_len": 0, "in_session_window": false, "caps": [], "news_kill": false, "dayR": 0.0, "trades_today": 0, "cool_until": null, "orders_disabled_paper_safety": false}
{"ts": "2025-10-23 12:37:53", "evt": "hb", "state": "-", "idle_reason": "booting", "net_qty": 0, "bars": 0, "rt_enabled": true, "rt_status": "ok", "rt_age_sec": null, "rt_queue_len": 0, "in_session_window": false, "caps": [], "news_kill": false, "dayR": 0.0, "trades_today": 0, "cool_until": null, "orders_disabled_paper_safety": false}
{"ts": "2025-10-23 12:37:54", "evt": "hb", "state": "-", "idle_reason": "booting", "net_qty": 0, "bars": 0, "rt_enabled": true, "rt_status": "ok", "rt_age_sec": null, "rt_queue_len": 0, "in_session_window": false, "caps": [], "news_kill": false, "dayR": 0.0, "trades_today": 0, "cool_until": null, "orders_disabled_paper_safety": false}
[2025-10-23 07:37:54] [WD-HB] watchdog alive (pid=2468)
{"ts": "2025-10-23 12:37:55", "evt": "hb", "state": "-", "idle_reason": "booting", "net_qty": 0, "bars": 0, "rt_enabled": true, "rt_status": "ok", "rt_age_sec": null, "rt_queue_len": 0, "in_session_window": false, "caps": [], "news_kill": false, "dayR": 0.0, "trades_today": 0, "cool_until": null, "orders_disabled_paper_safety": false}
{"ts": "2025-10-23 12:37:56", "evt": "hb", "state": "-", "idle_reason": "booting", "net_qty": 0, "bars": 0, "rt_enabled": true, "rt_status": "ok", "rt_age_sec": null, "rt_queue_len": 0, "in_session_window": false, "caps": [], "news_kill": false, "dayR": 0.0, "trades_today": 0, "cool_until": null, "orders_disabled_paper_safety": false}
{"ts": "2025-10-23 12:37:57", "evt": "hb", "state": "-", "idle_reason": "booting", "net_qty": 0, "bars": 0, "rt_enabled": true, "rt_status": "ok", "rt_age_sec": null, "rt_queue_len": 0, "in_session_window": false, "caps": [], "news_kill": false, "dayR": 0.0, "trades_today": 0, "cool_until": null, "orders_disabled_paper_safety": false}
{"ts": "2025-10-23 12:37:58", "evt": "hb", "state": "-", "idle_reason": "booting", "net_qty": 0, "bars": 0, "rt_enabled": true, "rt_status": "ok", "rt_age_sec": null, "rt_queue_len": 0, "in_session_window": false, "caps": [], "news_kill": false, "dayR": 0.0, "trades_today": 0, "cool_until": null, "orders_disabled_paper_safety": false}
{"ts": "2025-10-23 12:37:59", "evt": "hb", "state": "-", "idle_reason": "booting", "net_qty": 0, "bars": 0, "rt_enabled": true, "rt_status": "ok", "rt_age_sec": null, "rt_queue_len": 0, "in_session_window": false, "caps": [], "news_kill": false, "dayR": 0.0, "trades_today": 0, "cool_until": null, "orders_disabled_paper_safety": false}
{"ts": "2025-10-23 12:38:00", "evt": "hb", "state": "-", "idle_reason": "booting", "net_qty": 0, "bars": 0, "rt_enabled": true, "rt_status": "ok", "rt_age_sec": null, "rt_queue_len": 0, "in_session_window": false, "caps": [], "news_kill": false, "dayR": 0.0, "trades_today": 0, "cool_until": null, "orders_disabled_paper_safety": false}
{"ts": "2025-10-23 12:38:01", "evt": "hb", "state": "-", "idle_reason": "booting", "net_qty": 0, "bars": 0, "rt_enabled": true, "rt_status": "ok", "rt_age_sec": null, "rt_queue_len": 0, "in_session_window": false, "caps": [], "news_kill": false, "dayR": 0.0, "trades_today": 0, "cool_until": null, "orders_disabled_paper_safety": false}
{"ts": "2025-10-23 12:38:02", "evt": "hb", "state": "-", "idle_reason": "booting", "net_qty": 0, "bars": 0, "rt_enabled": true, "rt_status": "ok", "rt_age_sec": null, "rt_queue_len": 0, "in_session_window": false, "caps": [], "news_kill": false, "dayR": 0.0, "trades_today": 0, "cool_until": null, "orders_disabled_paper_safety": false}
{"ts": "2025-10-23 12:38:03", "evt": "hb", "state": "-", "idle_reason": "booting", "net_qty": 0, "bars": 0, "rt_enabled": true, "rt_status": "ok", "rt_age_sec": null, "rt_queue_len": 0, "in_session_window": false, "caps": [], "news_kill": false, "dayR": 0.0, "trades_today": 0, "cool_until": null, "orders_disabled_paper_safety": false}
{"ts": "2025-10-23 12:38:04", "evt": "hb", "state": "-", "idle_reason": "booting", "net_qty": 0, "bars": 0, "rt_enabled": true, "rt_status": "ok", "rt_age_sec": null, "rt_queue_len": 0, "in_session_window": false, "caps": [], "news_kill": false, "dayR": 0.0, "trades_today": 0, "cool_until": null, "orders_disabled_paper_safety": false}
[2025-10-23 07:38:04] [WD-HB] watchdog alive (pid=2468)
{"ts": "2025-10-23 12:38:05", "evt": "hb", "state": "-", "idle_reason": "booting", "net_qty": 0, "bars": 0, "rt_enabled": true, "rt_status": "ok", "rt_age_sec": null, "rt_queue_len": 0, "in_session_window": false, "caps": [], "news_kill": false, "dayR": 0.0, "trades_today": 0, "cool_until": null, "orders_disabled_paper_safety": false}
{"ts": "2025-10-23 12:38:06", "evt": "hb", "state": "-", "idle_reason": "booting", "net_qty": 0, "bars": 0, "rt_enabled": true, "rt_status": "ok", "rt_age_sec": null, "rt_queue_len": 0, "in_session_window": false, "caps": [], "news_kill": false, "dayR": 0.0, "trades_today": 0, "cool_until": null, "orders_disabled_paper_safety": false}
{"ts": "2025-10-23 12:38:07", "evt": "hb", "state": "-", "idle_reason": "booting", "net_qty": 0, "bars": 0, "rt_enabled": true, "rt_status": "ok", "rt_age_sec": null, "rt_queue_len": 0, "in_session_window": false, "caps": [], "news_kill": false, "dayR": 0.0, "trades_today": 0, "cool_until": null, "orders_disabled_paper_safety": false}
{"ts": "2025-10-23 12:38:08", "evt": "hb", "state": "-", "idle_reason": "booting", "net_qty": 0, "bars": 0, "rt_enabled": true, "rt_status": "ok", "rt_age_sec": null, "rt_queue_len": 0, "in_session_window": false, "caps": [], "news_kill": false, "dayR": 0.0, "trades_today": 0, "cool_until": null, "orders_disabled_paper_safety": false}
{"ts": "2025-10-23 12:38:09", "evt": "hb", "state": "-", "idle_reason": "booting", "net_qty": 0, "bars": 0, "rt_enabled": true, "rt_status": "ok", "rt_age_sec": null, "rt_queue_len": 0, "in_session_window": false, "caps": [], "news_kill": false, "dayR": 0.0, "trades_today": 0, "cool_until": null, "orders_disabled_paper_safety": false}
{"ts": "2025-10-23 12:38:10", "evt": "hb", "state": "-", "idle_reason": "booting", "net_qty": 0, "bars": 0, "rt_enabled": true, "rt_status": "ok", "rt_age_sec": null, "rt_queue_len": 0, "in_session_window": false, "caps": [], "news_kill": false, "dayR": 0.0, "trades_today": 0, "cool_until": null, "orders_disabled_paper_safety": false}
{"ts": "2025-10-23 12:38:11", "evt": "hb", "state": "-", "idle_reason": "booting", "net_qty": 0, "bars": 0, "rt_enabled": true, "rt_status": "ok", "rt_age_sec": null, "rt_queue_len": 0, "in_session_window": false, "caps": [], "news_kill": false, "dayR": 0.0, "trades_today": 0, "cool_until": null, "orders_disabled_paper_safety": false}
{"ts": "2025-10-23 12:38:12", "evt": "hb", "state": "-", "idle_reason": "booting", "net_qty": 0, "bars": 0, "rt_enabled": true, "rt_status": "ok", "rt_age_sec": null, "rt_queue_len": 0, "in_session_window": false, "caps": [], "news_kill": false, "dayR": 0.0, "trades_today": 0, "cool_until": null, "orders_disabled_paper_safety": false}
{"ts": "2025-10-23 12:38:13", "evt": "hb", "state": "-", "idle_reason": "booting", "net_qty": 0, "bars": 0, "rt_enabled": true, "rt_status": "ok", "rt_age_sec": null, "rt_queue_len": 0, "in_session_window": false, "caps": [], "news_kill": false, "dayR": 0.0, "trades_today": 0, "cool_until": null, "orders_disabled_paper_safety": false}
{"ts": "2025-10-23 12:38:14", "evt": "hb", "state": "-", "idle_reason": "booting", "net_qty": 0, "bars": 0, "rt_enabled": true, "rt_status": "ok", "rt_age_sec": null, "rt_queue_len": 0, "in_session_window": false, "caps": [], "news_kill": false, "dayR": 0.0, "trades_today": 0, "cool_until": null, "orders_disabled_paper_safety": false}
[2025-10-23 07:38:14] [WD-HB] watchdog alive (pid=2468)
{"ts": "2025-10-23 12:38:15", "evt": "hb", "state": "-", "idle_reason": "booting", "net_qty": 0, "bars": 0, "rt_enabled": true, "rt_status": "ok", "rt_age_sec": null, "rt_queue_len": 0, "in_session_window": false, "caps": [], "news_kill": false, "dayR": 0.0, "trades_today": 0, "cool_until": null, "orders_disabled_paper_safety": false}
{"ts": "2025-10-23 12:38:16", "evt": "hb", "state": "-", "idle_reason": "booting", "net_qty": 0, "bars": 0, "rt_enabled": true, "rt_status": "ok", "rt_age_sec": null, "rt_queue_len": 0, "in_session_window": false, "caps": [], "news_kill": false, "dayR": 0.0, "trades_today": 0, "cool_until": null, "orders_disabled_paper_safety": false}
{"ts": "2025-10-23 12:38:17", "evt": "hb", "state": "-", "idle_reason": "booting", "net_qty": 0, "bars": 0, "rt_enabled": true, "rt_status": "ok", "rt_age_sec": null, "rt_queue_len": 0, "in_session_window": false, "caps": [], "news_kill": false, "dayR": 0.0, "trades_today": 0, "cool_until": null, "orders_disabled_paper_safety": false}
{"ts": "2025-10-23 12:38:18", "evt": "hb", "state": "-", "idle_reason": "booting", "net_qty": 0, "bars": 0, "rt_enabled": true, "rt_status": "ok", "rt_age_sec": null, "rt_queue_len": 0, "in_session_window": false, "caps": [], "news_kill": false, "dayR": 0.0, "trades_today": 0, "cool_until": null, "orders_disabled_paper_safety": false}
{"ts": "2025-10-23 12:38:19", "evt": "hb", "state": "-", "idle_reason": "booting", "net_qty": 0, "bars": 0, "rt_enabled": true, "rt_status": "ok", "rt_age_sec": null, "rt_queue_len": 0, "in_session_window": false, "caps": [], "news_kill": false, "dayR": 0.0, "trades_today": 0, "cool_until": null, "orders_disabled_paper_safety": false}
{"ts": "2025-10-23 12:38:20", "evt": "hb", "state": "-", "idle_reason": "booting", "net_qty": 0, "bars": 0, "rt_enabled": true, "rt_status": "ok", "rt_age_sec": null, "rt_queue_len": 0, "in_session_window": false, "caps": [], "news_kill": false, "dayR": 0.0, "trades_today": 0, "cool_until": null, "orders_disabled_paper_safety": false}
{"ts": "2025-10-23 12:38:21", "evt": "hb", "state": "-", "idle_reason": "booting", "net_qty": 0, "bars": 0, "rt_enabled": true, "rt_status": "ok", "rt_age_sec": null, "rt_queue_len": 0, "in_session_window": false, "caps": [], "news_kill": false, "dayR": 0.0, "trades_today": 0, "cool_until": null, "orders_disabled_paper_safety": false}
{"ts": "2025-10-23 12:38:22", "evt": "hb", "state": "-", "idle_reason": "booting", "net_qty": 0, "bars": 0, "rt_enabled": true, "rt_status": "ok", "rt_age_sec": null, "rt_queue_len": 0, "in_session_window": false, "caps": [], "news_kill": false, "dayR": 0.0, "trades_today": 0, "cool_until": null, "orders_disabled_paper_safety": false}
{"ts": "2025-10-23 12:38:23", "evt": "hb", "state": "-", "idle_reason": "booting", "net_qty": 0, "bars": 0, "rt_enabled": true, "rt_status": "ok", "rt_age_sec": null, "rt_queue_len": 0, "in_session_window": false, "caps": [], "news_kill": false, "dayR": 0.0, "trades_today": 0, "cool_until": null, "orders_disabled_paper_safety": false}
{"ts": "2025-10-23 12:38:24", "evt": "hb", "state": "-", "idle_reason": "booting", "net_qty": 0, "bars": 0, "rt_enabled": true, "rt_status": "ok", "rt_age_sec": null, "rt_queue_len": 0, "in_session_window": false, "caps": [], "news_kill": false, "dayR": 0.0, "trades_today": 0, "cool_until": null, "orders_disabled_paper_safety": false}
[2025-10-23 07:38:24] [WD-HB] watchdog alive (pid=2468)
{"ts": "2025-10-23 12:38:25", "evt": "hb", "state": "-", "idle_reason": "booting", "net_qty": 0, "bars": 0, "rt_enabled": true, "rt_status": "ok", "rt_age_sec": null, "rt_queue_len": 0, "in_session_window": false, "caps": [], "news_kill": false, "dayR": 0.0, "trades_today": 0, "cool_until": null, "orders_disabled_paper_safety": false}
{"ts": "2025-10-23 12:38:26", "evt": "hb", "state": "-", "idle_reason": "booting", "net_qty": 0, "bars": 0, "rt_enabled": true, "rt_status": "ok", "rt_age_sec": null, "rt_queue_len": 0, "in_session_window": false, "caps": [], "news_kill": false, "dayR": 0.0, "trades_today": 0, "cool_until": null, "orders_disabled_paper_safety": false}
{"ts": "2025-10-23 12:38:27", "evt": "hb", "state": "-", "idle_reason": "booting", "net_qty": 0, "bars": 0, "rt_enabled": true, "rt_status": "ok", "rt_age_sec": null, "rt_queue_len": 0, "in_session_window": false, "caps": [], "news_kill": false, "dayR": 0.0, "trades_today": 0, "cool_until": null, "orders_disabled_paper_safety": false}
{"ts": "2025-10-23 12:38:28", "evt": "hb", "state": "-", "idle_reason": "booting", "net_qty": 0, "bars": 0, "rt_enabled": true, "rt_status": "ok", "rt_age_sec": null, "rt_queue_len": 0, "in_session_window": false, "caps": [], "news_kill": false, "dayR": 0.0, "trades_today": 0, "cool_until": null, "orders_disabled_paper_safety": false}
{"ts": "2025-10-23 12:38:29", "evt": "hb", "state": "-", "idle_reason": "booting", "net_qty": 0, "bars": 0, "rt_enabled": true, "rt_status": "ok", "rt_age_sec": null, "rt_queue_len": 0, "in_session_window": false, "caps": [], "news_kill": false, "dayR": 0.0, "trades_today": 0, "cool_until": null, "orders_disabled_paper_safety": false}
{"ts": "2025-10-23 12:38:30", "evt": "hb", "state": "-", "idle_reason": "booting", "net_qty": 0, "bars": 0, "rt_enabled": true, "rt_status": "ok", "rt_age_sec": null, "rt_queue_len": 0, "in_session_window": false, "caps": [], "news_kill": false, "dayR": 0.0, "trades_today": 0, "cool_until": null, "orders_disabled_paper_safety": false}
{"ts": "2025-10-23 12:38:31", "evt": "hb", "state": "-", "idle_reason": "booting", "net_qty": 0, "bars": 0, "rt_enabled": true, "rt_status": "ok", "rt_age_sec": null, "rt_queue_len": 0, "in_session_window": false, "caps": [], "news_kill": false, "dayR": 0.0, "trades_today": 0, "cool_until": null, "orders_disabled_paper_safety": false}
{"ts": "2025-10-23 12:38:32", "evt": "hb", "state": "-", "idle_reason": "booting", "net_qty": 0, "bars": 0, "rt_enabled": true, "rt_status": "ok", "rt_age_sec": null, "rt_queue_len": 0, "in_session_window": false, "caps": [], "news_kill": false, "dayR": 0.0, "trades_today": 0, "cool_until": null, "orders_disabled_paper_safety": false}
{"ts": "2025-10-23 12:38:33", "evt": "hb", "state": "-", "idle_reason": "booting", "net_qty": 0, "bars": 0, "rt_enabled": true, "rt_status": "ok", "rt_age_sec": null, "rt_queue_len": 0, "in_session_window": false, "caps": [], "news_kill": false, "dayR": 0.0, "trades_today": 0, "cool_until": null, "orders_disabled_paper_safety": false}
