2025-10-13 01:18:14 [WD] pid=10812
Starting ES paper bot...
[CONNECT] 127.0.0.1:7497 clientId=111
[CONNECT] Attempt 1/24 -> clientId=111
Connected (clientId=111)
[MD] LIVE (1).
[CONTRACT] Auto-picked ESZ5 conId=495512563 expiry=20251219
[CONTRACT] Multiplier detected: 50
[BOOT] Hist seed: 361 bars
{"ts":"2025-10-13 06:18:25","evt":"hb","src":"RT","state":"active","rt_fresh":true,"dayR":0.0,"weekR":0.0,"week_halted":false,"pos":2,"avg":6676.67,"bars":362,"consec_losses":0,"equity":30000.0,"equity_hwm":30000.0,"suggest_qty":2,"arms":{"trend":8,"breakout":38},"armR":{"trend":0.168,"breakout":-0.13}}
{"ts":"2025-10-13 06:18:26","evt":"hb","src":"RT","state":"active","rt_fresh":true,"dayR":0.0,"weekR":0.0,"week_halted":false,"pos":2,"avg":6676.67,"bars":363,"consec_losses":0,"equity":30000.0,"equity_hwm":30000.0,"suggest_qty":2,"arms":{"trend":8,"breakout":38},"armR":{"trend":0.168,"breakout":-0.13}}
{"ts":"2025-10-13 06:18:26","evt":"hb","src":"RT","state":"active","rt_fresh":true,"dayR":0.0,"weekR":0.0,"week_halted":false,"pos":2,"avg":6676.67,"bars":363,"consec_losses":0,"equity":30000.0,"equity_hwm":30000.0,"suggest_qty":2,"arms":{"trend":8,"breakout":38},"armR":{"trend":0.168,"breakout":-0.13}}
{"ts":"2025-10-13 06:18:27","evt":"hb","src":"RT","state":"active","rt_fresh":true,"dayR":0.0,"weekR":0.0,"week_halted":false,"pos":2,"avg":6676.67,"bars":363,"consec_losses":0,"equity":30000.0,"equity_hwm":30000.0,"suggest_qty":2,"arms":{"trend":8,"breakout":38},"armR":{"trend":0.168,"breakout":-0.13}}
{"ts":"2025-10-13 06:18:27","evt":"hb","src":"RT","state":"active","rt_fresh":true,"dayR":0.0,"weekR":0.0,"week_halted":false,"pos":2,"avg":6676.67,"bars":363,"consec_losses":0,"equity":30000.0,"equity_hwm":30000.0,"suggest_qty":2,"arms":{"trend":8,"breakout":38},"armR":{"trend":0.168,"breakout":-0.13}}
{"ts":"2025-10-13 06:18:28","evt":"hb","src":"RT","state":"active","rt_fresh":true,"dayR":0.0,"weekR":0.0,"week_halted":false,"pos":2,"avg":6676.67,"bars":363,"consec_losses":0,"equity":30000.0,"equity_hwm":30000.0,"suggest_qty":2,"arms":{"trend":8,"breakout":38},"armR":{"trend":0.168,"breakout":-0.13}}
{"ts":"2025-10-13 06:18:28","evt":"hb","src":"RT","state":"active","rt_fresh":true,"dayR":0.0,"weekR":0.0,"week_halted":false,"pos":2,"avg":6676.67,"bars":363,"consec_losses":0,"equity":30000.0,"equity_hwm":30000.0,"suggest_qty":2,"arms":{"trend":8,"breakout":38},"armR":{"trend":0.168,"breakout":-0.13}}
{"ts":"2025-10-13 06:18:29","evt":"hb","src":"RT","state":"active","rt_fresh":true,"dayR":0.0,"weekR":0.0,"week_halted":false,"pos":2,"avg":6676.67,"bars":363,"consec_losses":0,"equity":30000.0,"equity_hwm":30000.0,"suggest_qty":2,"arms":{"trend":8,"breakout":38},"armR":{"trend":0.168,"breakout":-0.13}}
{"ts":"2025-10-13 06:18:29","evt":"hb","src":"RT","state":"active","rt_fresh":true,"dayR":0.0,"weekR":0.0,"week_halted":false,"pos":2,"avg":6676.67,"bars":363,"consec_losses":0,"equity":30000.0,"equity_hwm":30000.0,"suggest_qty":2,"arms":{"trend":8,"breakout":38},"armR":{"trend":0.168,"breakout":-0.13}}
{"ts":"2025-10-13 06:18:30","evt":"hb","src":"RT","state":"active","rt_fresh":true,"dayR":0.0,"weekR":0.0,"week_halted":false,"pos":2,"avg":6676.67,"bars":363,"consec_losses":0,"equity":30000.0,"equity_hwm":30000.0,"suggest_qty":2,"arms":{"trend":8,"breakout":38},"armR":{"trend":0.168,"breakout":-0.13}}
{"ts":"2025-10-13 06:18:30","evt":"hb","src":"RT","state":"active","rt_fresh":true,"dayR":0.0,"weekR":0.0,"week_halted":false,"pos":2,"avg":6676.67,"bars":363,"consec_losses":0,"equity":30000.0,"equity_hwm":30000.0,"suggest_qty":2,"arms":{"trend":8,"breakout":38},"armR":{"trend":0.168,"breakout":-0.13}}
{"ts":"2025-10-13 06:18:31","evt":"hb","src":"RT","state":"active","rt_fresh":true,"dayR":0.0,"weekR":0.0,"week_halted":false,"pos":2,"avg":6676.67,"bars":363,"consec_losses":0,"equity":30000.0,"equity_hwm":30000.0,"suggest_qty":2,"arms":{"trend":8,"breakout":38},"armR":{"trend":0.168,"breakout":-0.13}}
{"ts":"2025-10-13 06:18:31","evt":"hb","src":"RT","state":"active","rt_fresh":true,"dayR":0.0,"weekR":0.0,"week_halted":false,"pos":2,"avg":6676.67,"bars":364,"consec_losses":0,"equity":30000.0,"equity_hwm":30000.0,"suggest_qty":2,"arms":{"trend":8,"breakout":38},"armR":{"trend":0.168,"breakout":-0.13}}
{"ts":"2025-10-13 06:18:32","evt":"hb","src":"RT","state":"active","rt_fresh":true,"dayR":0.0,"weekR":0.0,"week_halted":false,"pos":2,"avg":6676.67,"bars":364,"consec_losses":0,"equity":30000.0,"equity_hwm":30000.0,"suggest_qty":2,"arms":{"trend":8,"breakout":38},"armR":{"trend":0.168,"breakout":-0.13}}
{"ts":"2025-10-13 06:18:33","evt":"hb","src":"RT","state":"active","rt_fresh":true,"dayR":0.0,"weekR":0.0,"week_halted":false,"pos":2,"avg":6676.67,"bars":364,"consec_losses":0,"equity":30000.0,"equity_hwm":30000.0,"suggest_qty":2,"arms":{"trend":8,"breakout":38},"armR":{"trend":0.168,"breakout":-0.13}}
{"ts":"2025-10-13 06:18:33","evt":"hb","src":"RT","state":"active","rt_fresh":true,"dayR":0.0,"weekR":0.0,"week_halted":false,"pos":2,"avg":6676.67,"bars":364,"consec_losses":0,"equity":30000.0,"equity_hwm":30000.0,"suggest_qty":2,"arms":{"trend":8,"breakout":38},"armR":{"trend":0.168,"breakout":-0.13}}
{"ts":"2025-10-13 06:18:34","evt":"hb","src":"RT","state":"active","rt_fresh":true,"dayR":0.0,"weekR":0.0,"week_halted":false,"pos":2,"avg":6676.67,"bars":364,"consec_losses":0,"equity":30000.0,"equity_hwm":30000.0,"suggest_qty":2,"arms":{"trend":8,"breakout":38},"armR":{"trend":0.168,"breakout":-0.13}}
{"ts":"2025-10-13 06:18:34","evt":"hb","src":"RT","state":"active","rt_fresh":true,"dayR":0.0,"weekR":0.0,"week_halted":false,"pos":2,"avg":6676.67,"bars":364,"consec_losses":0,"equity":30000.0,"equity_hwm":30000.0,"suggest_qty":2,"arms":{"trend":8,"breakout":38},"armR":{"trend":0.168,"breakout":-0.13}}
{"ts":"2025-10-13 06:18:35","evt":"hb","src":"RT","state":"active","rt_fresh":true,"dayR":0.0,"weekR":0.0,"week_halted":false,"pos":2,"avg":6676.67,"bars":364,"consec_losses":0,"equity":30000.0,"equity_hwm":30000.0,"suggest_qty":2,"arms":{"trend":8,"breakout":38},"armR":{"trend":0.168,"breakout":-0.13}}
{"ts":"2025-10-13 06:18:35","evt":"hb","src":"RT","state":"active","rt_fresh":true,"dayR":0.0,"weekR":0.0,"week_halted":false,"pos":2,"avg":6676.67,"bars":364,"consec_losses":0,"equity":30000.0,"equity_hwm":30000.0,"suggest_qty":2,"arms":{"trend":8,"breakout":38},"armR":{"trend":0.168,"breakout":-0.13}}
{"ts":"2025-10-13 06:18:36","evt":"hb","src":"RT","state":"active","rt_fresh":true,"dayR":0.0,"weekR":0.0,"week_halted":false,"pos":2,"avg":6676.67,"bars":364,"consec_losses":0,"equity":30000.0,"equity_hwm":30000.0,"suggest_qty":2,"arms":{"trend":8,"breakout":38},"armR":{"trend":0.168,"breakout":-0.13}}
{"ts":"2025-10-13 06:18:36","evt":"hb","src":"RT","state":"active","rt_fresh":true,"dayR":0.0,"weekR":0.0,"week_halted":false,"pos":2,"avg":6676.67,"bars":365,"consec_losses":0,"equity":30000.0,"equity_hwm":30000.0,"suggest_qty":2,"arms":{"trend":8,"breakout":38},"armR":{"trend":0.168,"breakout":-0.13}}
{"ts":"2025-10-13 06:18:37","evt":"hb","src":"RT","state":"active","rt_fresh":true,"dayR":0.0,"weekR":0.0,"week_halted":false,"pos":2,"avg":6676.67,"bars":365,"consec_losses":0,"equity":30000.0,"equity_hwm":30000.0,"suggest_qty":2,"arms":{"trend":8,"breakout":38},"armR":{"trend":0.168,"breakout":-0.13}}
{"ts":"2025-10-13 06:18:37","evt":"hb","src":"RT","state":"active","rt_fresh":true,"dayR":0.0,"weekR":0.0,"week_halted":false,"pos":2,"avg":6676.67,"bars":365,"consec_losses":0,"equity":30000.0,"equity_hwm":30000.0,"suggest_qty":2,"arms":{"trend":8,"breakout":38},"armR":{"trend":0.168,"breakout":-0.13}}
{"ts":"2025-10-13 06:18:38","evt":"hb","src":"RT","state":"active","rt_fresh":true,"dayR":0.0,"weekR":0.0,"week_halted":false,"pos":2,"avg":6676.67,"bars":365,"consec_losses":0,"equity":30000.0,"equity_hwm":30000.0,"suggest_qty":2,"arms":{"trend":8,"breakout":38},"armR":{"trend":0.168,"breakout":-0.13}}
{"ts":"2025-10-13 06:18:38","evt":"hb","src":"RT","state":"active","rt_fresh":true,"dayR":0.0,"weekR":0.0,"week_halted":false,"pos":2,"avg":6676.67,"bars":365,"consec_losses":0,"equity":30000.0,"equity_hwm":30000.0,"suggest_qty":2,"arms":{"trend":8,"breakout":38},"armR":{"trend":0.168,"breakout":-0.13}}
{"ts":"2025-10-13 06:18:39","evt":"hb","src":"RT","state":"active","rt_fresh":true,"dayR":0.0,"weekR":0.0,"week_halted":false,"pos":2,"avg":6676.67,"bars":365,"consec_losses":0,"equity":30000.0,"equity_hwm":30000.0,"suggest_qty":2,"arms":{"trend":8,"breakout":38},"armR":{"trend":0.168,"breakout":-0.13}}
{"ts":"2025-10-13 06:18:39","evt":"hb","src":"RT","state":"active","rt_fresh":true,"dayR":0.0,"weekR":0.0,"week_halted":false,"pos":2,"avg":6676.67,"bars":365,"consec_losses":0,"equity":30000.0,"equity_hwm":30000.0,"suggest_qty":2,"arms":{"trend":8,"breakout":38},"armR":{"trend":0.168,"breakout":-0.13}}
{"ts":"2025-10-13 06:18:40","evt":"hb","src":"RT","state":"active","rt_fresh":true,"dayR":0.0,"weekR":0.0,"week_halted":false,"pos":2,"avg":6676.67,"bars":365,"consec_losses":0,"equity":30000.0,"equity_hwm":30000.0,"suggest_qty":2,"arms":{"trend":8,"breakout":38},"armR":{"trend":0.168,"breakout":-0.13}}
{"ts":"2025-10-13 06:18:40","evt":"hb","src":"RT","state":"active","rt_fresh":true,"dayR":0.0,"weekR":0.0,"week_halted":false,"pos":2,"avg":6676.67,"bars":365,"consec_losses":0,"equity":30000.0,"equity_hwm":30000.0,"suggest_qty":2,"arms":{"trend":8,"breakout":38},"armR":{"trend":0.168,"breakout":-0.13}}
{"ts":"2025-10-13 06:18:41","evt":"hb","src":"RT","state":"active","rt_fresh":true,"dayR":0.0,"weekR":0.0,"week_halted":false,"pos":2,"avg":6676.67,"bars":365,"consec_losses":0,"equity":30000.0,"equity_hwm":30000.0,"suggest_qty":2,"arms":{"trend":8,"breakout":38},"armR":{"trend":0.168,"breakout":-0.13}}
{"ts":"2025-10-13 06:18:41","evt":"hb","src":"RT","state":"active","rt_fresh":true,"dayR":0.0,"weekR":0.0,"week_halted":false,"pos":2,"avg":6676.67,"bars":366,"consec_losses":0,"equity":30000.0,"equity_hwm":30000.0,"suggest_qty":2,"arms":{"trend":8,"breakout":38},"armR":{"trend":0.168,"breakout":-0.13}}
{"ts":"2025-10-13 06:18:42","evt":"hb","src":"RT","state":"active","rt_fresh":true,"dayR":0.0,"weekR":0.0,"week_halted":false,"pos":2,"avg":6676.67,"bars":366,"consec_losses":0,"equity":30000.0,"equity_hwm":30000.0,"suggest_qty":2,"arms":{"trend":8,"breakout":38},"armR":{"trend":0.168,"breakout":-0.13}}
{"ts":"2025-10-13 06:18:42","evt":"hb","src":"RT","state":"active","rt_fresh":true,"dayR":0.0,"weekR":0.0,"week_halted":false,"pos":2,"avg":6676.67,"bars":366,"consec_losses":0,"equity":30000.0,"equity_hwm":30000.0,"suggest_qty":2,"arms":{"trend":8,"breakout":38},"armR":{"trend":0.168,"breakout":-0.13}}
{"ts":"2025-10-13 06:18:43","evt":"hb","src":"RT","state":"active","rt_fresh":true,"dayR":0.0,"weekR":0.0,"week_halted":false,"pos":2,"avg":6676.67,"bars":366,"consec_losses":0,"equity":30000.0,"equity_hwm":30000.0,"suggest_qty":2,"arms":{"trend":8,"breakout":38},"armR":{"trend":0.168,"breakout":-0.13}}
{"ts":"2025-10-13 06:18:43","evt":"hb","src":"RT","state":"active","rt_fresh":true,"dayR":0.0,"weekR":0.0,"week_halted":false,"pos":2,"avg":6676.67,"bars":366,"consec_losses":0,"equity":30000.0,"equity_hwm":30000.0,"suggest_qty":2,"arms":{"trend":8,"breakout":38},"armR":{"trend":0.168,"breakout":-0.13}}
{"ts":"2025-10-13 06:18:44","evt":"hb","src":"RT","state":"active","rt_fresh":true,"dayR":0.0,"weekR":0.0,"week_halted":false,"pos":2,"avg":6676.67,"bars":366,"consec_losses":0,"equity":30000.0,"equity_hwm":30000.0,"suggest_qty":2,"arms":{"trend":8,"breakout":38},"armR":{"trend":0.168,"breakout":-0.13}}
{"ts":"2025-10-13 06:18:44","evt":"hb","src":"RT","state":"active","rt_fresh":true,"dayR":0.0,"weekR":0.0,"week_halted":false,"pos":2,"avg":6676.67,"bars":366,"consec_losses":0,"equity":30000.0,"equity_hwm":30000.0,"suggest_qty":2,"arms":{"trend":8,"breakout":38},"armR":{"trend":0.168,"breakout":-0.13}}
{"ts":"2025-10-13 06:18:45","evt":"hb","src":"RT","state":"active","rt_fresh":true,"dayR":0.0,"weekR":0.0,"week_halted":false,"pos":2,"avg":6676.67,"bars":366,"consec_losses":0,"equity":30000.0,"equity_hwm":30000.0,"suggest_qty":2,"arms":{"trend":8,"breakout":38},"armR":{"trend":0.168,"breakout":-0.13}}
{"ts":"2025-10-13 06:18:45","evt":"hb","src":"RT","state":"active","rt_fresh":true,"dayR":0.0,"weekR":0.0,"week_halted":false,"pos":2,"avg":6676.67,"bars":366,"consec_losses":0,"equity":30000.0,"equity_hwm":30000.0,"suggest_qty":2,"arms":{"trend":8,"breakout":38},"armR":{"trend":0.168,"breakout":-0.13}}
{"ts":"2025-10-13 06:18:46","evt":"hb","src":"RT","state":"active","rt_fresh":true,"dayR":0.0,"weekR":0.0,"week_halted":false,"pos":2,"avg":6676.67,"bars":366,"consec_losses":0,"equity":30000.0,"equity_hwm":30000.0,"suggest_qty":2,"arms":{"trend":8,"breakout":38},"armR":{"trend":0.168,"breakout":-0.13}}
{"ts":"2025-10-13 06:18:46","evt":"hb","src":"RT","state":"active","rt_fresh":true,"dayR":0.0,"weekR":0.0,"week_halted":false,"pos":2,"avg":6676.67,"bars":367,"consec_losses":0,"equity":30000.0,"equity_hwm":30000.0,"suggest_qty":2,"arms":{"trend":8,"breakout":38},"armR":{"trend":0.168,"breakout":-0.13}}
{"ts":"2025-10-13 06:18:47","evt":"hb","src":"RT","state":"active","rt_fresh":true,"dayR":0.0,"weekR":0.0,"week_halted":false,"pos":2,"avg":6676.67,"bars":367,"consec_losses":0,"equity":30000.0,"equity_hwm":30000.0,"suggest_qty":2,"arms":{"trend":8,"breakout":38},"armR":{"trend":0.168,"breakout":-0.13}}
{"ts":"2025-10-13 06:18:47","evt":"hb","src":"RT","state":"active","rt_fresh":true,"dayR":0.0,"weekR":0.0,"week_halted":false,"pos":2,"avg":6676.67,"bars":367,"consec_losses":0,"equity":30000.0,"equity_hwm":30000.0,"suggest_qty":2,"arms":{"trend":8,"breakout":38},"armR":{"trend":0.168,"breakout":-0.13}}
{"ts":"2025-10-13 06:18:48","evt":"hb","src":"RT","state":"active","rt_fresh":true,"dayR":0.0,"weekR":0.0,"week_halted":false,"pos":2,"avg":6676.67,"bars":367,"consec_losses":0,"equity":30000.0,"equity_hwm":30000.0,"suggest_qty":2,"arms":{"trend":8,"breakout":38},"armR":{"trend":0.168,"breakout":-0.13}}
{"ts":"2025-10-13 06:18:48","evt":"hb","src":"RT","state":"active","rt_fresh":true,"dayR":0.0,"weekR":0.0,"week_halted":false,"pos":2,"avg":6676.67,"bars":367,"consec_losses":0,"equity":30000.0,"equity_hwm":30000.0,"suggest_qty":2,"arms":{"trend":8,"breakout":38},"armR":{"trend":0.168,"breakout":-0.13}}
{"ts":"2025-10-13 06:18:49","evt":"hb","src":"RT","state":"active","rt_fresh":true,"dayR":0.0,"weekR":0.0,"week_halted":false,"pos":2,"avg":6676.67,"bars":367,"consec_losses":0,"equity":30000.0,"equity_hwm":30000.0,"suggest_qty":2,"arms":{"trend":8,"breakout":38},"armR":{"trend":0.168,"breakout":-0.13}}
{"ts":"2025-10-13 06:18:49","evt":"hb","src":"RT","state":"active","rt_fresh":true,"dayR":0.0,"weekR":0.0,"week_halted":false,"pos":2,"avg":6676.67,"bars":367,"consec_losses":0,"equity":30000.0,"equity_hwm":30000.0,"suggest_qty":2,"arms":{"trend":8,"breakout":38},"armR":{"trend":0.168,"breakout":-0.13}}
{"ts":"2025-10-13 06:18:50","evt":"hb","src":"RT","state":"active","rt_fresh":true,"dayR":0.0,"weekR":0.0,"week_halted":false,"pos":2,"avg":6676.67,"bars":367,"consec_losses":0,"equity":30000.0,"equity_hwm":30000.0,"suggest_qty":2,"arms":{"trend":8,"breakout":38},"armR":{"trend":0.168,"breakout":-0.13}}
{"ts":"2025-10-13 06:18:50","evt":"hb","src":"RT","state":"active","rt_fresh":true,"dayR":0.0,"weekR":0.0,"week_halted":false,"pos":2,"avg":6676.67,"bars":367,"consec_losses":0,"equity":30000.0,"equity_hwm":30000.0,"suggest_qty":2,"arms":{"trend":8,"breakout":38},"armR":{"trend":0.168,"breakout":-0.13}}
{"ts":"2025-10-13 06:18:51","evt":"hb","src":"RT","state":"active","rt_fresh":true,"dayR":0.0,"weekR":0.0,"week_halted":false,"pos":2,"avg":6676.67,"bars":367,"consec_losses":0,"equity":30000.0,"equity_hwm":30000.0,"suggest_qty":2,"arms":{"trend":8,"breakout":38},"armR":{"trend":0.168,"breakout":-0.13}}
{"ts":"2025-10-13 06:18:51","evt":"hb","src":"RT","state":"active","rt_fresh":true,"dayR":0.0,"weekR":0.0,"week_halted":false,"pos":2,"avg":6676.67,"bars":368,"consec_losses":0,"equity":30000.0,"equity_hwm":30000.0,"suggest_qty":2,"arms":{"trend":8,"breakout":38},"armR":{"trend":0.168,"breakout":-0.13}}
{"ts":"2025-10-13 06:18:52","evt":"hb","src":"RT","state":"active","rt_fresh":true,"dayR":0.0,"weekR":0.0,"week_halted":false,"pos":2,"avg":6676.67,"bars":368,"consec_losses":0,"equity":30000.0,"equity_hwm":30000.0,"suggest_qty":2,"arms":{"trend":8,"breakout":38},"armR":{"trend":0.168,"breakout":-0.13}}
{"ts":"2025-10-13 06:18:52","evt":"hb","src":"RT","state":"active","rt_fresh":true,"dayR":0.0,"weekR":0.0,"week_halted":false,"pos":2,"avg":6676.67,"bars":368,"consec_losses":0,"equity":30000.0,"equity_hwm":30000.0,"suggest_qty":2,"arms":{"trend":8,"breakout":38},"armR":{"trend":0.168,"breakout":-0.13}}
{"ts":"2025-10-13 06:18:53","evt":"hb","src":"RT","state":"active","rt_fresh":true,"dayR":0.0,"weekR":0.0,"week_halted":false,"pos":2,"avg":6676.67,"bars":368,"consec_losses":0,"equity":30000.0,"equity_hwm":30000.0,"suggest_qty":2,"arms":{"trend":8,"breakout":38},"armR":{"trend":0.168,"breakout":-0.13}}
{"ts":"2025-10-13 06:18:54","evt":"hb","src":"RT","state":"active","rt_fresh":true,"dayR":0.0,"weekR":0.0,"week_halted":false,"pos":2,"avg":6676.67,"bars":368,"consec_losses":0,"equity":30000.0,"equity_hwm":30000.0,"suggest_qty":2,"arms":{"trend":8,"breakout":38},"armR":{"trend":0.168,"breakout":-0.13}}
{"ts":"2025-10-13 06:18:54","evt":"hb","src":"RT","state":"active","rt_fresh":true,"dayR":0.0,"weekR":0.0,"week_halted":false,"pos":2,"avg":6676.67,"bars":368,"consec_losses":0,"equity":30000.0,"equity_hwm":30000.0,"suggest_qty":2,"arms":{"trend":8,"breakout":38},"armR":{"trend":0.168,"breakout":-0.13}}
{"ts":"2025-10-13 06:18:55","evt":"hb","src":"RT","state":"active","rt_fresh":true,"dayR":0.0,"weekR":0.0,"week_halted":false,"pos":2,"avg":6676.67,"bars":368,"consec_losses":0,"equity":30000.0,"equity_hwm":30000.0,"suggest_qty":2,"arms":{"trend":8,"breakout":38},"armR":{"trend":0.168,"breakout":-0.13}}
{"ts":"2025-10-13 06:18:55","evt":"hb","src":"RT","state":"active","rt_fresh":true,"dayR":0.0,"weekR":0.0,"week_halted":false,"pos":2,"avg":6676.67,"bars":368,"consec_losses":0,"equity":30000.0,"equity_hwm":30000.0,"suggest_qty":2,"arms":{"trend":8,"breakout":38},"armR":{"trend":0.168,"breakout":-0.13}}
{"ts":"2025-10-13 06:18:56","evt":"hb","src":"RT","state":"active","rt_fresh":true,"dayR":0.0,"weekR":0.0,"week_halted":false,"pos":2,"avg":6676.67,"bars":368,"consec_losses":0,"equity":30000.0,"equity_hwm":30000.0,"suggest_qty":2,"arms":{"trend":8,"breakout":38},"armR":{"trend":0.168,"breakout":-0.13}}
{"ts":"2025-10-13 06:18:56","evt":"hb","src":"RT","state":"active","rt_fresh":true,"dayR":0.0,"weekR":0.0,"week_halted":false,"pos":2,"avg":6676.67,"bars":368,"consec_losses":0,"equity":30000.0,"equity_hwm":30000.0,"suggest_qty":2,"arms":{"trend":8,"breakout":38},"armR":{"trend":0.168,"breakout":-0.13}}
{"ts":"2025-10-13 06:18:57","evt":"hb","src":"RT","state":"active","rt_fresh":true,"dayR":0.0,"weekR":0.0,"week_halted":false,"pos":2,"avg":6676.67,"bars":369,"consec_losses":0,"equity":30000.0,"equity_hwm":30000.0,"suggest_qty":2,"arms":{"trend":8,"breakout":38},"armR":{"trend":0.168,"breakout":-0.13}}
{"ts":"2025-10-13 06:18:57","evt":"hb","src":"RT","state":"active","rt_fresh":true,"dayR":0.0,"weekR":0.0,"week_halted":false,"pos":2,"avg":6676.67,"bars":369,"consec_losses":0,"equity":30000.0,"equity_hwm":30000.0,"suggest_qty":2,"arms":{"trend":8,"breakout":38},"armR":{"trend":0.168,"breakout":-0.13}}
{"ts":"2025-10-13 06:18:58","evt":"hb","src":"RT","state":"active","rt_fresh":true,"dayR":0.0,"weekR":0.0,"week_halted":false,"pos":2,"avg":6676.67,"bars":369,"consec_losses":0,"equity":30000.0,"equity_hwm":30000.0,"suggest_qty":2,"arms":{"trend":8,"breakout":38},"armR":{"trend":0.168,"breakout":-0.13}}
{"ts":"2025-10-13 06:18:58","evt":"hb","src":"RT","state":"active","rt_fresh":true,"dayR":0.0,"weekR":0.0,"week_halted":false,"pos":2,"avg":6676.67,"bars":369,"consec_losses":0,"equity":30000.0,"equity_hwm":30000.0,"suggest_qty":2,"arms":{"trend":8,"breakout":38},"armR":{"trend":0.168,"breakout":-0.13}}
{"ts":"2025-10-13 06:18:59","evt":"hb","src":"RT","state":"active","rt_fresh":true,"dayR":0.0,"weekR":0.0,"week_halted":false,"pos":2,"avg":6676.67,"bars":369,"consec_losses":0,"equity":30000.0,"equity_hwm":30000.0,"suggest_qty":2,"arms":{"trend":8,"breakout":38},"armR":{"trend":0.168,"breakout":-0.13}}
{"ts":"2025-10-13 06:18:59","evt":"hb","src":"RT","state":"active","rt_fresh":true,"dayR":0.0,"weekR":0.0,"week_halted":false,"pos":2,"avg":6676.67,"bars":369,"consec_losses":0,"equity":30000.0,"equity_hwm":30000.0,"suggest_qty":2,"arms":{"trend":8,"breakout":38},"armR":{"trend":0.168,"breakout":-0.13}}
{"ts":"2025-10-13 06:19:00","evt":"hb","src":"RT","state":"active","rt_fresh":true,"dayR":0.0,"weekR":0.0,"week_halted":false,"pos":2,"avg":6676.67,"bars":369,"consec_losses":0,"equity":30000.0,"equity_hwm":30000.0,"suggest_qty":2,"arms":{"trend":8,"breakout":38},"armR":{"trend":0.168,"breakout":-0.13}}
{"ts":"2025-10-13 06:19:00","evt":"hb","src":"RT","state":"active","rt_fresh":true,"dayR":0.0,"weekR":0.0,"week_halted":false,"pos":2,"avg":6676.67,"bars":369,"consec_losses":0,"equity":30000.0,"equity_hwm":30000.0,"suggest_qty":2,"arms":{"trend":8,"breakout":38},"armR":{"trend":0.168,"breakout":-0.13}}
{"ts":"2025-10-13 06:19:01","evt":"hb","src":"RT","state":"active","rt_fresh":true,"dayR":0.0,"weekR":0.0,"week_halted":false,"pos":2,"avg":6676.67,"bars":370,"consec_losses":0,"equity":30000.0,"equity_hwm":30000.0,"suggest_qty":2,"arms":{"trend":8,"breakout":38},"armR":{"trend":0.168,"breakout":-0.13}}
{"ts":"2025-10-13 06:19:01","evt":"hb","src":"RT","state":"active","rt_fresh":true,"dayR":0.0,"weekR":0.0,"week_halted":false,"pos":2,"avg":6676.67,"bars":370,"consec_losses":0,"equity":30000.0,"equity_hwm":30000.0,"suggest_qty":2,"arms":{"trend":8,"breakout":38},"armR":{"trend":0.168,"breakout":-0.13}}
{"ts":"2025-10-13 06:19:02","evt":"hb","src":"RT","state":"active","rt_fresh":true,"dayR":0.0,"weekR":0.0,"week_halted":false,"pos":2,"avg":6676.67,"bars":370,"consec_losses":0,"equity":30000.0,"equity_hwm":30000.0,"suggest_qty":2,"arms":{"trend":8,"breakout":38},"armR":{"trend":0.168,"breakout":-0.13}}
{"ts":"2025-10-13 06:19:02","evt":"hb","src":"RT","state":"active","rt_fresh":true,"dayR":0.0,"weekR":0.0,"week_halted":false,"pos":2,"avg":6676.67,"bars":370,"consec_losses":0,"equity":30000.0,"equity_hwm":30000.0,"suggest_qty":2,"arms":{"trend":8,"breakout":38},"armR":{"trend":0.168,"breakout":-0.13}}
{"ts":"2025-10-13 06:19:03","evt":"hb","src":"RT","state":"active","rt_fresh":true,"dayR":0.0,"weekR":0.0,"week_halted":false,"pos":2,"avg":6676.67,"bars":370,"consec_losses":0,"equity":30000.0,"equity_hwm":30000.0,"suggest_qty":2,"arms":{"trend":8,"breakout":38},"armR":{"trend":0.168,"breakout":-0.13}}
{"ts":"2025-10-13 06:19:03","evt":"hb","src":"RT","state":"active","rt_fresh":true,"dayR":0.0,"weekR":0.0,"week_halted":false,"pos":2,"avg":6676.67,"bars":370,"consec_losses":0,"equity":30000.0,"equity_hwm":30000.0,"suggest_qty":2,"arms":{"trend":8,"breakout":38},"armR":{"trend":0.168,"breakout":-0.13}}
{"ts":"2025-10-13 06:19:04","evt":"hb","src":"RT","state":"active","rt_fresh":true,"dayR":0.0,"weekR":0.0,"week_halted":false,"pos":2,"avg":6676.67,"bars":370,"consec_losses":0,"equity":30000.0,"equity_hwm":30000.0,"suggest_qty":2,"arms":{"trend":8,"breakout":38},"armR":{"trend":0.168,"breakout":-0.13}}
{"ts":"2025-10-13 06:19:04","evt":"hb","src":"RT","state":"active","rt_fresh":true,"dayR":0.0,"weekR":0.0,"week_halted":false,"pos":2,"avg":6676.67,"bars":370,"consec_losses":0,"equity":30000.0,"equity_hwm":30000.0,"suggest_qty":2,"arms":{"trend":8,"breakout":38},"armR":{"trend":0.168,"breakout":-0.13}}
{"ts":"2025-10-13 06:19:05","evt":"hb","src":"RT","state":"active","rt_fresh":true,"dayR":0.0,"weekR":0.0,"week_halted":false,"pos":2,"avg":6676.67,"bars":370,"consec_losses":0,"equity":30000.0,"equity_hwm":30000.0,"suggest_qty":2,"arms":{"trend":8,"breakout":38},"armR":{"trend":0.168,"breakout":-0.13}}
{"ts":"2025-10-13 06:19:05","evt":"hb","src":"RT","state":"active","rt_fresh":true,"dayR":0.0,"weekR":0.0,"week_halted":false,"pos":2,"avg":6676.67,"bars":370,"consec_losses":0,"equity":30000.0,"equity_hwm":30000.0,"suggest_qty":2,"arms":{"trend":8,"breakout":38},"armR":{"trend":0.168,"breakout":-0.13}}
{"ts":"2025-10-13 06:19:06","evt":"hb","src":"RT","state":"active","rt_fresh":true,"dayR":0.0,"weekR":0.0,"week_halted":false,"pos":2,"avg":6676.67,"bars":371,"consec_losses":0,"equity":30000.0,"equity_hwm":30000.0,"suggest_qty":2,"arms":{"trend":8,"breakout":38},"armR":{"trend":0.168,"breakout":-0.13}}
{"ts":"2025-10-13 06:19:06","evt":"hb","src":"RT","state":"active","rt_fresh":true,"dayR":0.0,"weekR":0.0,"week_halted":false,"pos":2,"avg":6676.67,"bars":371,"consec_losses":0,"equity":30000.0,"equity_hwm":30000.0,"suggest_qty":2,"arms":{"trend":8,"breakout":38},"armR":{"trend":0.168,"breakout":-0.13}}
{"ts":"2025-10-13 06:19:07","evt":"hb","src":"RT","state":"active","rt_fresh":true,"dayR":0.0,"weekR":0.0,"week_halted":false,"pos":2,"avg":6676.67,"bars":371,"consec_losses":0,"equity":30000.0,"equity_hwm":30000.0,"suggest_qty":2,"arms":{"trend":8,"breakout":38},"armR":{"trend":0.168,"breakout":-0.13}}
{"ts":"2025-10-13 06:19:07","evt":"hb","src":"RT","state":"active","rt_fresh":true,"dayR":0.0,"weekR":0.0,"week_halted":false,"pos":2,"avg":6676.67,"bars":371,"consec_losses":0,"equity":30000.0,"equity_hwm":30000.0,"suggest_qty":2,"arms":{"trend":8,"breakout":38},"armR":{"trend":0.168,"breakout":-0.13}}
{"ts":"2025-10-13 06:19:08","evt":"hb","src":"RT","state":"active","rt_fresh":true,"dayR":0.0,"weekR":0.0,"week_halted":false,"pos":2,"avg":6676.67,"bars":371,"consec_losses":0,"equity":30000.0,"equity_hwm":30000.0,"suggest_qty":2,"arms":{"trend":8,"breakout":38},"armR":{"trend":0.168,"breakout":-0.13}}
{"ts":"2025-10-13 06:19:08","evt":"hb","src":"RT","state":"active","rt_fresh":true,"dayR":0.0,"weekR":0.0,"week_halted":false,"pos":2,"avg":6676.67,"bars":371,"consec_losses":0,"equity":30000.0,"equity_hwm":30000.0,"suggest_qty":2,"arms":{"trend":8,"breakout":38},"armR":{"trend":0.168,"breakout":-0.13}}
{"ts":"2025-10-13 06:19:09","evt":"hb","src":"RT","state":"active","rt_fresh":true,"dayR":0.0,"weekR":0.0,"week_halted":false,"pos":2,"avg":6676.67,"bars":371,"consec_losses":0,"equity":30000.0,"equity_hwm":30000.0,"suggest_qty":2,"arms":{"trend":8,"breakout":38},"armR":{"trend":0.168,"breakout":-0.13}}
{"ts":"2025-10-13 06:19:09","evt":"hb","src":"RT","state":"active","rt_fresh":true,"dayR":0.0,"weekR":0.0,"week_halted":false,"pos":2,"avg":6676.67,"bars":371,"consec_losses":0,"equity":30000.0,"equity_hwm":30000.0,"suggest_qty":2,"arms":{"trend":8,"breakout":38},"armR":{"trend":0.168,"breakout":-0.13}}
{"ts":"2025-10-13 06:19:10","evt":"hb","src":"RT","state":"active","rt_fresh":true,"dayR":0.0,"weekR":0.0,"week_halted":false,"pos":2,"avg":6676.67,"bars":371,"consec_losses":0,"equity":30000.0,"equity_hwm":30000.0,"suggest_qty":2,"arms":{"trend":8,"breakout":38},"armR":{"trend":0.168,"breakout":-0.13}}
{"ts":"2025-10-13 06:19:10","evt":"hb","src":"RT","state":"active","rt_fresh":true,"dayR":0.0,"weekR":0.0,"week_halted":false,"pos":2,"avg":6676.67,"bars":371,"consec_losses":0,"equity":30000.0,"equity_hwm":30000.0,"suggest_qty":2,"arms":{"trend":8,"breakout":38},"armR":{"trend":0.168,"breakout":-0.13}}
{"ts":"2025-10-13 06:19:11","evt":"hb","src":"RT","state":"active","rt_fresh":true,"dayR":0.0,"weekR":0.0,"week_halted":false,"pos":2,"avg":6676.67,"bars":372,"consec_losses":0,"equity":30000.0,"equity_hwm":30000.0,"suggest_qty":2,"arms":{"trend":8,"breakout":38},"armR":{"trend":0.168,"breakout":-0.13}}
{"ts":"2025-10-13 06:19:11","evt":"hb","src":"RT","state":"active","rt_fresh":true,"dayR":0.0,"weekR":0.0,"week_halted":false,"pos":2,"avg":6676.67,"bars":372,"consec_losses":0,"equity":30000.0,"equity_hwm":30000.0,"suggest_qty":2,"arms":{"trend":8,"breakout":38},"armR":{"trend":0.168,"breakout":-0.13}}
{"ts":"2025-10-13 06:19:12","evt":"hb","src":"RT","state":"active","rt_fresh":true,"dayR":0.0,"weekR":0.0,"week_halted":false,"pos":2,"avg":6676.67,"bars":372,"consec_losses":0,"equity":30000.0,"equity_hwm":30000.0,"suggest_qty":2,"arms":{"trend":8,"breakout":38},"armR":{"trend":0.168,"breakout":-0.13}}
{"ts":"2025-10-13 06:19:12","evt":"hb","src":"RT","state":"active","rt_fresh":true,"dayR":0.0,"weekR":0.0,"week_halted":false,"pos":2,"avg":6676.67,"bars":372,"consec_losses":0,"equity":30000.0,"equity_hwm":30000.0,"suggest_qty":2,"arms":{"trend":8,"breakout":38},"armR":{"trend":0.168,"breakout":-0.13}}
{"ts":"2025-10-13 06:19:13","evt":"hb","src":"RT","state":"active","rt_fresh":true,"dayR":0.0,"weekR":0.0,"week_halted":false,"pos":2,"avg":6676.67,"bars":372,"consec_losses":0,"equity":30000.0,"equity_hwm":30000.0,"suggest_qty":2,"arms":{"trend":8,"breakout":38},"armR":{"trend":0.168,"breakout":-0.13}}
{"ts":"2025-10-13 06:19:13","evt":"hb","src":"RT","state":"active","rt_fresh":true,"dayR":0.0,"weekR":0.0,"week_halted":false,"pos":2,"avg":6676.67,"bars":372,"consec_losses":0,"equity":30000.0,"equity_hwm":30000.0,"suggest_qty":2,"arms":{"trend":8,"breakout":38},"armR":{"trend":0.168,"breakout":-0.13}}
{"ts":"2025-10-13 06:19:14","evt":"hb","src":"RT","state":"active","rt_fresh":true,"dayR":0.0,"weekR":0.0,"week_halted":false,"pos":2,"avg":6676.67,"bars":372,"consec_losses":0,"equity":30000.0,"equity_hwm":30000.0,"suggest_qty":2,"arms":{"trend":8,"breakout":38},"armR":{"trend":0.168,"breakout":-0.13}}
{"ts":"2025-10-13 06:19:14","evt":"hb","src":"RT","state":"active","rt_fresh":true,"dayR":0.0,"weekR":0.0,"week_halted":false,"pos":2,"avg":6676.67,"bars":372,"consec_losses":0,"equity":30000.0,"equity_hwm":30000.0,"suggest_qty":2,"arms":{"trend":8,"breakout":38},"armR":{"trend":0.168,"breakout":-0.13}}
{"ts":"2025-10-13 06:19:15","evt":"hb","src":"RT","state":"active","rt_fresh":true,"dayR":0.0,"weekR":0.0,"week_halted":false,"pos":2,"avg":6676.67,"bars":372,"consec_losses":0,"equity":30000.0,"equity_hwm":30000.0,"suggest_qty":2,"arms":{"trend":8,"breakout":38},"armR":{"trend":0.168,"breakout":-0.13}}
{"ts":"2025-10-13 06:19:15","evt":"hb","src":"RT","state":"active","rt_fresh":true,"dayR":0.0,"weekR":0.0,"week_halted":false,"pos":2,"avg":6676.67,"bars":372,"consec_losses":0,"equity":30000.0,"equity_hwm":30000.0,"suggest_qty":2,"arms":{"trend":8,"breakout":38},"armR":{"trend":0.168,"breakout":-0.13}}
{"ts":"2025-10-13 06:19:16","evt":"hb","src":"RT","state":"active","rt_fresh":true,"dayR":0.0,"weekR":0.0,"week_halted":false,"pos":2,"avg":6676.67,"bars":373,"consec_losses":0,"equity":30000.0,"equity_hwm":30000.0,"suggest_qty":2,"arms":{"trend":8,"breakout":38},"armR":{"trend":0.168,"breakout":-0.13}}
{"ts":"2025-10-13 06:19:16","evt":"hb","src":"RT","state":"active","rt_fresh":true,"dayR":0.0,"weekR":0.0,"week_halted":false,"pos":2,"avg":6676.67,"bars":373,"consec_losses":0,"equity":30000.0,"equity_hwm":30000.0,"suggest_qty":2,"arms":{"trend":8,"breakout":38},"armR":{"trend":0.168,"breakout":-0.13}}
{"ts":"2025-10-13 06:19:17","evt":"hb","src":"RT","state":"active","rt_fresh":true,"dayR":0.0,"weekR":0.0,"week_halted":false,"pos":2,"avg":6676.67,"bars":373,"consec_losses":0,"equity":30000.0,"equity_hwm":30000.0,"suggest_qty":2,"arms":{"trend":8,"breakout":38},"armR":{"trend":0.168,"breakout":-0.13}}
{"ts":"2025-10-13 06:19:17","evt":"hb","src":"RT","state":"active","rt_fresh":true,"dayR":0.0,"weekR":0.0,"week_halted":false,"pos":2,"avg":6676.67,"bars":373,"consec_losses":0,"equity":30000.0,"equity_hwm":30000.0,"suggest_qty":2,"arms":{"trend":8,"breakout":38},"armR":{"trend":0.168,"breakout":-0.13}}
{"ts":"2025-10-13 06:19:18","evt":"hb","src":"RT","state":"active","rt_fresh":true,"dayR":0.0,"weekR":0.0,"week_halted":false,"pos":2,"avg":6676.67,"bars":373,"consec_losses":0,"equity":30000.0,"equity_hwm":30000.0,"suggest_qty":2,"arms":{"trend":8,"breakout":38},"armR":{"trend":0.168,"breakout":-0.13}}
{"ts":"2025-10-13 06:19:18","evt":"hb","src":"RT","state":"active","rt_fresh":true,"dayR":0.0,"weekR":0.0,"week_halted":false,"pos":2,"avg":6676.67,"bars":373,"consec_losses":0,"equity":30000.0,"equity_hwm":30000.0,"suggest_qty":2,"arms":{"trend":8,"breakout":38},"armR":{"trend":0.168,"breakout":-0.13}}
{"ts":"2025-10-13 06:19:19","evt":"hb","src":"RT","state":"active","rt_fresh":true,"dayR":0.0,"weekR":0.0,"week_halted":false,"pos":2,"avg":6676.67,"bars":373,"consec_losses":0,"equity":30000.0,"equity_hwm":30000.0,"suggest_qty":2,"arms":{"trend":8,"breakout":38},"armR":{"trend":0.168,"breakout":-0.13}}
{"ts":"2025-10-13 06:19:19","evt":"hb","src":"RT","state":"active","rt_fresh":true,"dayR":0.0,"weekR":0.0,"week_halted":false,"pos":2,"avg":6676.67,"bars":373,"consec_losses":0,"equity":30000.0,"equity_hwm":30000.0,"suggest_qty":2,"arms":{"trend":8,"breakout":38},"armR":{"trend":0.168,"breakout":-0.13}}
{"ts":"2025-10-13 06:19:20","evt":"hb","src":"RT","state":"active","rt_fresh":true,"dayR":0.0,"weekR":0.0,"week_halted":false,"pos":2,"avg":6676.67,"bars":373,"consec_losses":0,"equity":30000.0,"equity_hwm":30000.0,"suggest_qty":2,"arms":{"trend":8,"breakout":38},"armR":{"trend":0.168,"breakout":-0.13}}
{"ts":"2025-10-13 06:19:21","evt":"hb","src":"RT","state":"active","rt_fresh":true,"dayR":0.0,"weekR":0.0,"week_halted":false,"pos":2,"avg":6676.67,"bars":373,"consec_losses":0,"equity":30000.0,"equity_hwm":30000.0,"suggest_qty":2,"arms":{"trend":8,"breakout":38},"armR":{"trend":0.168,"breakout":-0.13}}
{"ts":"2025-10-13 06:19:21","evt":"hb","src":"RT","state":"active","rt_fresh":true,"dayR":0.0,"weekR":0.0,"week_halted":false,"pos":2,"avg":6676.67,"bars":374,"consec_losses":0,"equity":30000.0,"equity_hwm":30000.0,"suggest_qty":2,"arms":{"trend":8,"breakout":38},"armR":{"trend":0.168,"breakout":-0.13}}
{"ts":"2025-10-13 06:19:22","evt":"hb","src":"RT","state":"active","rt_fresh":true,"dayR":0.0,"weekR":0.0,"week_halted":false,"pos":2,"avg":6676.67,"bars":374,"consec_losses":0,"equity":30000.0,"equity_hwm":30000.0,"suggest_qty":2,"arms":{"trend":8,"breakout":38},"armR":{"trend":0.168,"breakout":-0.13}}
{"ts":"2025-10-13 06:19:22","evt":"hb","src":"RT","state":"active","rt_fresh":true,"dayR":0.0,"weekR":0.0,"week_halted":false,"pos":2,"avg":6676.67,"bars":374,"consec_losses":0,"equity":30000.0,"equity_hwm":30000.0,"suggest_qty":2,"arms":{"trend":8,"breakout":38},"armR":{"trend":0.168,"breakout":-0.13}}
{"ts":"2025-10-13 06:19:23","evt":"hb","src":"RT","state":"active","rt_fresh":true,"dayR":0.0,"weekR":0.0,"week_halted":false,"pos":2,"avg":6676.67,"bars":374,"consec_losses":0,"equity":30000.0,"equity_hwm":30000.0,"suggest_qty":2,"arms":{"trend":8,"breakout":38},"armR":{"trend":0.168,"breakout":-0.13}}
{"ts":"2025-10-13 06:19:23","evt":"hb","src":"RT","state":"active","rt_fresh":true,"dayR":0.0,"weekR":0.0,"week_halted":false,"pos":2,"avg":6676.67,"bars":374,"consec_losses":0,"equity":30000.0,"equity_hwm":30000.0,"suggest_qty":2,"arms":{"trend":8,"breakout":38},"armR":{"trend":0.168,"breakout":-0.13}}
{"ts":"2025-10-13 06:19:24","evt":"hb","src":"RT","state":"active","rt_fresh":true,"dayR":0.0,"weekR":0.0,"week_halted":false,"pos":2,"avg":6676.67,"bars":374,"consec_losses":0,"equity":30000.0,"equity_hwm":30000.0,"suggest_qty":2,"arms":{"trend":8,"breakout":38},"armR":{"trend":0.168,"breakout":-0.13}}
{"ts":"2025-10-13 06:19:24","evt":"hb","src":"RT","state":"active","rt_fresh":true,"dayR":0.0,"weekR":0.0,"week_halted":false,"pos":2,"avg":6676.67,"bars":374,"consec_losses":0,"equity":30000.0,"equity_hwm":30000.0,"suggest_qty":2,"arms":{"trend":8,"breakout":38},"armR":{"trend":0.168,"breakout":-0.13}}
{"ts":"2025-10-13 06:19:25","evt":"hb","src":"RT","state":"active","rt_fresh":true,"dayR":0.0,"weekR":0.0,"week_halted":false,"pos":2,"avg":6676.67,"bars":374,"consec_losses":0,"equity":30000.0,"equity_hwm":30000.0,"suggest_qty":2,"arms":{"trend":8,"breakout":38},"armR":{"trend":0.168,"breakout":-0.13}}
{"ts":"2025-10-13 06:19:25","evt":"hb","src":"RT","state":"active","rt_fresh":true,"dayR":0.0,"weekR":0.0,"week_halted":false,"pos":2,"avg":6676.67,"bars":374,"consec_losses":0,"equity":30000.0,"equity_hwm":30000.0,"suggest_qty":2,"arms":{"trend":8,"breakout":38},"armR":{"trend":0.168,"breakout":-0.13}}
{"ts":"2025-10-13 06:19:26","evt":"hb","src":"RT","state":"active","rt_fresh":true,"dayR":0.0,"weekR":0.0,"week_halted":false,"pos":2,"avg":6676.67,"bars":375,"consec_losses":0,"equity":30000.0,"equity_hwm":30000.0,"suggest_qty":2,"arms":{"trend":8,"breakout":38},"armR":{"trend":0.168,"breakout":-0.13}}
{"ts":"2025-10-13 06:19:26","evt":"hb","src":"RT","state":"active","rt_fresh":true,"dayR":0.0,"weekR":0.0,"week_halted":false,"pos":2,"avg":6676.67,"bars":375,"consec_losses":0,"equity":30000.0,"equity_hwm":30000.0,"suggest_qty":2,"arms":{"trend":8,"breakout":38},"armR":{"trend":0.168,"breakout":-0.13}}
{"ts":"2025-10-13 06:19:27","evt":"hb","src":"RT","state":"active","rt_fresh":true,"dayR":0.0,"weekR":0.0,"week_halted":false,"pos":2,"avg":6676.67,"bars":375,"consec_losses":0,"equity":30000.0,"equity_hwm":30000.0,"suggest_qty":2,"arms":{"trend":8,"breakout":38},"armR":{"trend":0.168,"breakout":-0.13}}
{"ts":"2025-10-13 06:19:27","evt":"hb","src":"RT","state":"active","rt_fresh":true,"dayR":0.0,"weekR":0.0,"week_halted":false,"pos":2,"avg":6676.67,"bars":375,"consec_losses":0,"equity":30000.0,"equity_hwm":30000.0,"suggest_qty":2,"arms":{"trend":8,"breakout":38},"armR":{"trend":0.168,"breakout":-0.13}}
{"ts":"2025-10-13 06:19:28","evt":"hb","src":"RT","state":"active","rt_fresh":true,"dayR":0.0,"weekR":0.0,"week_halted":false,"pos":2,"avg":6676.67,"bars":375,"consec_losses":0,"equity":30000.0,"equity_hwm":30000.0,"suggest_qty":2,"arms":{"trend":8,"breakout":38},"armR":{"trend":0.168,"breakout":-0.13}}
{"ts":"2025-10-13 06:19:28","evt":"hb","src":"RT","state":"active","rt_fresh":true,"dayR":0.0,"weekR":0.0,"week_halted":false,"pos":2,"avg":6676.67,"bars":375,"consec_losses":0,"equity":30000.0,"equity_hwm":30000.0,"suggest_qty":2,"arms":{"trend":8,"breakout":38},"armR":{"trend":0.168,"breakout":-0.13}}
{"ts":"2025-10-13 06:19:29","evt":"hb","src":"RT","state":"active","rt_fresh":true,"dayR":0.0,"weekR":0.0,"week_halted":false,"pos":2,"avg":6676.67,"bars":375,"consec_losses":0,"equity":30000.0,"equity_hwm":30000.0,"suggest_qty":2,"arms":{"trend":8,"breakout":38},"armR":{"trend":0.168,"breakout":-0.13}}
{"ts":"2025-10-13 06:19:29","evt":"hb","src":"RT","state":"active","rt_fresh":true,"dayR":0.0,"weekR":0.0,"week_halted":false,"pos":2,"avg":6676.67,"bars":375,"consec_losses":0,"equity":30000.0,"equity_hwm":30000.0,"suggest_qty":2,"arms":{"trend":8,"breakout":38},"armR":{"trend":0.168,"breakout":-0.13}}
{"ts":"2025-10-13 06:19:30","evt":"hb","src":"RT","state":"active","rt_fresh":true,"dayR":0.0,"weekR":0.0,"week_halted":false,"pos":2,"avg":6676.67,"bars":375,"consec_losses":0,"equity":30000.0,"equity_hwm":30000.0,"suggest_qty":2,"arms":{"trend":8,"breakout":38},"armR":{"trend":0.168,"breakout":-0.13}}
{"ts":"2025-10-13 06:19:30","evt":"hb","src":"RT","state":"active","rt_fresh":true,"dayR":0.0,"weekR":0.0,"week_halted":false,"pos":2,"avg":6676.67,"bars":375,"consec_losses":0,"equity":30000.0,"equity_hwm":30000.0,"suggest_qty":2,"arms":{"trend":8,"breakout":38},"armR":{"trend":0.168,"breakout":-0.13}}
{"ts":"2025-10-13 06:19:31","evt":"hb","src":"RT","state":"active","rt_fresh":true,"dayR":0.0,"weekR":0.0,"week_halted":false,"pos":2,"avg":6676.67,"bars":375,"consec_losses":0,"equity":30000.0,"equity_hwm":30000.0,"suggest_qty":2,"arms":{"trend":8,"breakout":38},"armR":{"trend":0.168,"breakout":-0.13}}
{"ts":"2025-10-13 06:19:31","evt":"hb","src":"RT","state":"active","rt_fresh":true,"dayR":0.0,"weekR":0.0,"week_halted":false,"pos":2,"avg":6676.67,"bars":376,"consec_losses":0,"equity":30000.0,"equity_hwm":30000.0,"suggest_qty":2,"arms":{"trend":8,"breakout":38},"armR":{"trend":0.168,"breakout":-0.13}}
{"ts":"2025-10-13 06:19:32","evt":"hb","src":"RT","state":"active","rt_fresh":true,"dayR":0.0,"weekR":0.0,"week_halted":false,"pos":2,"avg":6676.67,"bars":376,"consec_losses":0,"equity":30000.0,"equity_hwm":30000.0,"suggest_qty":2,"arms":{"trend":8,"breakout":38},"armR":{"trend":0.168,"breakout":-0.13}}
{"ts":"2025-10-13 06:19:32","evt":"hb","src":"RT","state":"active","rt_fresh":true,"dayR":0.0,"weekR":0.0,"week_halted":false,"pos":2,"avg":6676.67,"bars":376,"consec_losses":0,"equity":30000.0,"equity_hwm":30000.0,"suggest_qty":2,"arms":{"trend":8,"breakout":38},"armR":{"trend":0.168,"breakout":-0.13}}
{"ts":"2025-10-13 06:19:33","evt":"hb","src":"RT","state":"active","rt_fresh":true,"dayR":0.0,"weekR":0.0,"week_halted":false,"pos":2,"avg":6676.67,"bars":376,"consec_losses":0,"equity":30000.0,"equity_hwm":30000.0,"suggest_qty":2,"arms":{"trend":8,"breakout":38},"armR":{"trend":0.168,"breakout":-0.13}}
{"ts":"2025-10-13 06:19:33","evt":"hb","src":"RT","state":"active","rt_fresh":true,"dayR":0.0,"weekR":0.0,"week_halted":false,"pos":2,"avg":6676.67,"bars":376,"consec_losses":0,"equity":30000.0,"equity_hwm":30000.0,"suggest_qty":2,"arms":{"trend":8,"breakout":38},"armR":{"trend":0.168,"breakout":-0.13}}
{"ts":"2025-10-13 06:19:34","evt":"hb","src":"RT","state":"active","rt_fresh":true,"dayR":0.0,"weekR":0.0,"week_halted":false,"pos":2,"avg":6676.67,"bars":376,"consec_losses":0,"equity":30000.0,"equity_hwm":30000.0,"suggest_qty":2,"arms":{"trend":8,"breakout":38},"armR":{"trend":0.168,"breakout":-0.13}}
{"ts":"2025-10-13 06:19:34","evt":"hb","src":"RT","state":"active","rt_fresh":true,"dayR":0.0,"weekR":0.0,"week_halted":false,"pos":2,"avg":6676.67,"bars":376,"consec_losses":0,"equity":30000.0,"equity_hwm":30000.0,"suggest_qty":2,"arms":{"trend":8,"breakout":38},"armR":{"trend":0.168,"breakout":-0.13}}
{"ts":"2025-10-13 06:19:35","evt":"hb","src":"RT","state":"active","rt_fresh":true,"dayR":0.0,"weekR":0.0,"week_halted":false,"pos":2,"avg":6676.67,"bars":376,"consec_losses":0,"equity":30000.0,"equity_hwm":30000.0,"suggest_qty":2,"arms":{"trend":8,"breakout":38},"armR":{"trend":0.168,"breakout":-0.13}}
{"ts":"2025-10-13 06:19:35","evt":"hb","src":"RT","state":"active","rt_fresh":true,"dayR":0.0,"weekR":0.0,"week_halted":false,"pos":2,"avg":6676.67,"bars":376,"consec_losses":0,"equity":30000.0,"equity_hwm":30000.0,"suggest_qty":2,"arms":{"trend":8,"breakout":38},"armR":{"trend":0.168,"breakout":-0.13}}
{"ts":"2025-10-13 06:19:36","evt":"hb","src":"RT","state":"active","rt_fresh":true,"dayR":0.0,"weekR":0.0,"week_halted":false,"pos":2,"avg":6676.67,"bars":376,"consec_losses":0,"equity":30000.0,"equity_hwm":30000.0,"suggest_qty":2,"arms":{"trend":8,"breakout":38},"armR":{"trend":0.168,"breakout":-0.13}}
{"ts":"2025-10-13 06:19:36","evt":"hb","src":"RT","state":"active","rt_fresh":true,"dayR":0.0,"weekR":0.0,"week_halted":false,"pos":2,"avg":6676.67,"bars":377,"consec_losses":0,"equity":30000.0,"equity_hwm":30000.0,"suggest_qty":2,"arms":{"trend":8,"breakout":38},"armR":{"trend":0.168,"breakout":-0.13}}
{"ts":"2025-10-13 06:19:37","evt":"hb","src":"RT","state":"active","rt_fresh":true,"dayR":0.0,"weekR":0.0,"week_halted":false,"pos":2,"avg":6676.67,"bars":377,"consec_losses":0,"equity":30000.0,"equity_hwm":30000.0,"suggest_qty":2,"arms":{"trend":8,"breakout":38},"armR":{"trend":0.168,"breakout":-0.13}}
{"ts":"2025-10-13 06:19:37","evt":"hb","src":"RT","state":"active","rt_fresh":true,"dayR":0.0,"weekR":0.0,"week_halted":false,"pos":2,"avg":6676.67,"bars":377,"consec_losses":0,"equity":30000.0,"equity_hwm":30000.0,"suggest_qty":2,"arms":{"trend":8,"breakout":38},"armR":{"trend":0.168,"breakout":-0.13}}
{"ts":"2025-10-13 06:19:38","evt":"hb","src":"RT","state":"active","rt_fresh":true,"dayR":0.0,"weekR":0.0,"week_halted":false,"pos":2,"avg":6676.67,"bars":377,"consec_losses":0,"equity":30000.0,"equity_hwm":30000.0,"suggest_qty":2,"arms":{"trend":8,"breakout":38},"armR":{"trend":0.168,"breakout":-0.13}}
{"ts":"2025-10-13 06:19:38","evt":"hb","src":"RT","state":"active","rt_fresh":true,"dayR":0.0,"weekR":0.0,"week_halted":false,"pos":2,"avg":6676.67,"bars":377,"consec_losses":0,"equity":30000.0,"equity_hwm":30000.0,"suggest_qty":2,"arms":{"trend":8,"breakout":38},"armR":{"trend":0.168,"breakout":-0.13}}
{"ts":"2025-10-13 06:19:39","evt":"hb","src":"RT","state":"active","rt_fresh":true,"dayR":0.0,"weekR":0.0,"week_halted":false,"pos":2,"avg":6676.67,"bars":377,"consec_losses":0,"equity":30000.0,"equity_hwm":30000.0,"suggest_qty":2,"arms":{"trend":8,"breakout":38},"armR":{"trend":0.168,"breakout":-0.13}}
{"ts":"2025-10-13 06:19:39","evt":"hb","src":"RT","state":"active","rt_fresh":true,"dayR":0.0,"weekR":0.0,"week_halted":false,"pos":2,"avg":6676.67,"bars":377,"consec_losses":0,"equity":30000.0,"equity_hwm":30000.0,"suggest_qty":2,"arms":{"trend":8,"breakout":38},"armR":{"trend":0.168,"breakout":-0.13}}
{"ts":"2025-10-13 06:19:40","evt":"hb","src":"RT","state":"active","rt_fresh":true,"dayR":0.0,"weekR":0.0,"week_halted":false,"pos":2,"avg":6676.67,"bars":377,"consec_losses":0,"equity":30000.0,"equity_hwm":30000.0,"suggest_qty":2,"arms":{"trend":8,"breakout":38},"armR":{"trend":0.168,"breakout":-0.13}}
{"ts":"2025-10-13 06:19:40","evt":"hb","src":"RT","state":"active","rt_fresh":true,"dayR":0.0,"weekR":0.0,"week_halted":false,"pos":2,"avg":6676.67,"bars":377,"consec_losses":0,"equity":30000.0,"equity_hwm":30000.0,"suggest_qty":2,"arms":{"trend":8,"breakout":38},"armR":{"trend":0.168,"breakout":-0.13}}
{"ts":"2025-10-13 06:19:41","evt":"hb","src":"RT","state":"active","rt_fresh":true,"dayR":0.0,"weekR":0.0,"week_halted":false,"pos":2,"avg":6676.67,"bars":377,"consec_losses":0,"equity":30000.0,"equity_hwm":30000.0,"suggest_qty":2,"arms":{"trend":8,"breakout":38},"armR":{"trend":0.168,"breakout":-0.13}}
{"ts":"2025-10-13 06:19:41","evt":"hb","src":"RT","state":"active","rt_fresh":true,"dayR":0.0,"weekR":0.0,"week_halted":false,"pos":2,"avg":6676.67,"bars":378,"consec_losses":0,"equity":30000.0,"equity_hwm":30000.0,"suggest_qty":2,"arms":{"trend":8,"breakout":38},"armR":{"trend":0.168,"breakout":-0.13}}
{"ts":"2025-10-13 06:19:42","evt":"hb","src":"RT","state":"active","rt_fresh":true,"dayR":0.0,"weekR":0.0,"week_halted":false,"pos":2,"avg":6676.67,"bars":378,"consec_losses":0,"equity":30000.0,"equity_hwm":30000.0,"suggest_qty":2,"arms":{"trend":8,"breakout":38},"armR":{"trend":0.168,"breakout":-0.13}}
{"ts":"2025-10-13 06:19:42","evt":"hb","src":"RT","state":"active","rt_fresh":true,"dayR":0.0,"weekR":0.0,"week_halted":false,"pos":2,"avg":6676.67,"bars":378,"consec_losses":0,"equity":30000.0,"equity_hwm":30000.0,"suggest_qty":2,"arms":{"trend":8,"breakout":38},"armR":{"trend":0.168,"breakout":-0.13}}
{"ts":"2025-10-13 06:19:43","evt":"hb","src":"RT","state":"active","rt_fresh":true,"dayR":0.0,"weekR":0.0,"week_halted":false,"pos":2,"avg":6676.67,"bars":378,"consec_losses":0,"equity":30000.0,"equity_hwm":30000.0,"suggest_qty":2,"arms":{"trend":8,"breakout":38},"armR":{"trend":0.168,"breakout":-0.13}}
{"ts":"2025-10-13 06:19:43","evt":"hb","src":"RT","state":"active","rt_fresh":true,"dayR":0.0,"weekR":0.0,"week_halted":false,"pos":2,"avg":6676.67,"bars":378,"consec_losses":0,"equity":30000.0,"equity_hwm":30000.0,"suggest_qty":2,"arms":{"trend":8,"breakout":38},"armR":{"trend":0.168,"breakout":-0.13}}
{"ts":"2025-10-13 06:19:44","evt":"hb","src":"RT","state":"active","rt_fresh":true,"dayR":0.0,"weekR":0.0,"week_halted":false,"pos":2,"avg":6676.67,"bars":378,"consec_losses":0,"equity":30000.0,"equity_hwm":30000.0,"suggest_qty":2,"arms":{"trend":8,"breakout":38},"armR":{"trend":0.168,"breakout":-0.13}}
{"ts":"2025-10-13 06:19:45","evt":"hb","src":"RT","state":"active","rt_fresh":true,"dayR":0.0,"weekR":0.0,"week_halted":false,"pos":2,"avg":6676.67,"bars":378,"consec_losses":0,"equity":30000.0,"equity_hwm":30000.0,"suggest_qty":2,"arms":{"trend":8,"breakout":38},"armR":{"trend":0.168,"breakout":-0.13}}
{"ts":"2025-10-13 06:19:45","evt":"hb","src":"RT","state":"active","rt_fresh":true,"dayR":0.0,"weekR":0.0,"week_halted":false,"pos":2,"avg":6676.67,"bars":378,"consec_losses":0,"equity":30000.0,"equity_hwm":30000.0,"suggest_qty":2,"arms":{"trend":8,"breakout":38},"armR":{"trend":0.168,"breakout":-0.13}}
{"ts":"2025-10-13 06:19:46","evt":"hb","src":"RT","state":"active","rt_fresh":true,"dayR":0.0,"weekR":0.0,"week_halted":false,"pos":2,"avg":6676.67,"bars":378,"consec_losses":0,"equity":30000.0,"equity_hwm":30000.0,"suggest_qty":2,"arms":{"trend":8,"breakout":38},"armR":{"trend":0.168,"breakout":-0.13}}
{"ts":"2025-10-13 06:19:46","evt":"hb","src":"RT","state":"active","rt_fresh":true,"dayR":0.0,"weekR":0.0,"week_halted":false,"pos":2,"avg":6676.67,"bars":379,"consec_losses":0,"equity":30000.0,"equity_hwm":30000.0,"suggest_qty":2,"arms":{"trend":8,"breakout":38},"armR":{"trend":0.168,"breakout":-0.13}}
{"ts":"2025-10-13 06:19:47","evt":"hb","src":"RT","state":"active","rt_fresh":true,"dayR":0.0,"weekR":0.0,"week_halted":false,"pos":2,"avg":6676.67,"bars":379,"consec_losses":0,"equity":30000.0,"equity_hwm":30000.0,"suggest_qty":2,"arms":{"trend":8,"breakout":38},"armR":{"trend":0.168,"breakout":-0.13}}
{"ts":"2025-10-13 06:19:47","evt":"hb","src":"RT","state":"active","rt_fresh":true,"dayR":0.0,"weekR":0.0,"week_halted":false,"pos":2,"avg":6676.67,"bars":379,"consec_losses":0,"equity":30000.0,"equity_hwm":30000.0,"suggest_qty":2,"arms":{"trend":8,"breakout":38},"armR":{"trend":0.168,"breakout":-0.13}}
{"ts":"2025-10-13 06:19:48","evt":"hb","src":"RT","state":"active","rt_fresh":true,"dayR":0.0,"weekR":0.0,"week_halted":false,"pos":2,"avg":6676.67,"bars":379,"consec_losses":0,"equity":30000.0,"equity_hwm":30000.0,"suggest_qty":2,"arms":{"trend":8,"breakout":38},"armR":{"trend":0.168,"breakout":-0.13}}
{"ts":"2025-10-13 06:19:48","evt":"hb","src":"RT","state":"active","rt_fresh":true,"dayR":0.0,"weekR":0.0,"week_halted":false,"pos":2,"avg":6676.67,"bars":379,"consec_losses":0,"equity":30000.0,"equity_hwm":30000.0,"suggest_qty":2,"arms":{"trend":8,"breakout":38},"armR":{"trend":0.168,"breakout":-0.13}}
{"ts":"2025-10-13 06:19:49","evt":"hb","src":"RT","state":"active","rt_fresh":true,"dayR":0.0,"weekR":0.0,"week_halted":false,"pos":2,"avg":6676.67,"bars":379,"consec_losses":0,"equity":30000.0,"equity_hwm":30000.0,"suggest_qty":2,"arms":{"trend":8,"breakout":38},"armR":{"trend":0.168,"breakout":-0.13}}
{"ts":"2025-10-13 06:19:49","evt":"hb","src":"RT","state":"active","rt_fresh":true,"dayR":0.0,"weekR":0.0,"week_halted":false,"pos":2,"avg":6676.67,"bars":379,"consec_losses":0,"equity":30000.0,"equity_hwm":30000.0,"suggest_qty":2,"arms":{"trend":8,"breakout":38},"armR":{"trend":0.168,"breakout":-0.13}}
{"ts":"2025-10-13 06:19:50","evt":"hb","src":"RT","state":"active","rt_fresh":true,"dayR":0.0,"weekR":0.0,"week_halted":false,"pos":2,"avg":6676.67,"bars":379,"consec_losses":0,"equity":30000.0,"equity_hwm":30000.0,"suggest_qty":2,"arms":{"trend":8,"breakout":38},"armR":{"trend":0.168,"breakout":-0.13}}
{"ts":"2025-10-13 06:19:50","evt":"hb","src":"RT","state":"active","rt_fresh":true,"dayR":0.0,"weekR":0.0,"week_halted":false,"pos":2,"avg":6676.67,"bars":379,"consec_losses":0,"equity":30000.0,"equity_hwm":30000.0,"suggest_qty":2,"arms":{"trend":8,"breakout":38},"armR":{"trend":0.168,"breakout":-0.13}}
{"ts":"2025-10-13 06:19:51","evt":"hb","src":"RT","state":"active","rt_fresh":true,"dayR":0.0,"weekR":0.0,"week_halted":false,"pos":2,"avg":6676.67,"bars":379,"consec_losses":0,"equity":30000.0,"equity_hwm":30000.0,"suggest_qty":2,"arms":{"trend":8,"breakout":38},"armR":{"trend":0.168,"breakout":-0.13}}
{"ts":"2025-10-13 06:19:51","evt":"hb","src":"RT","state":"active","rt_fresh":true,"dayR":0.0,"weekR":0.0,"week_halted":false,"pos":2,"avg":6676.67,"bars":380,"consec_losses":0,"equity":30000.0,"equity_hwm":30000.0,"suggest_qty":2,"arms":{"trend":8,"breakout":38},"armR":{"trend":0.168,"breakout":-0.13}}
{"ts":"2025-10-13 06:19:52","evt":"hb","src":"RT","state":"active","rt_fresh":true,"dayR":0.0,"weekR":0.0,"week_halted":false,"pos":2,"avg":6676.67,"bars":380,"consec_losses":0,"equity":30000.0,"equity_hwm":30000.0,"suggest_qty":2,"arms":{"trend":8,"breakout":38},"armR":{"trend":0.168,"breakout":-0.13}}
{"ts":"2025-10-13 06:19:52","evt":"hb","src":"RT","state":"active","rt_fresh":true,"dayR":0.0,"weekR":0.0,"week_halted":false,"pos":2,"avg":6676.67,"bars":380,"consec_losses":0,"equity":30000.0,"equity_hwm":30000.0,"suggest_qty":2,"arms":{"trend":8,"breakout":38},"armR":{"trend":0.168,"breakout":-0.13}}
{"ts":"2025-10-13 06:19:53","evt":"hb","src":"RT","state":"active","rt_fresh":true,"dayR":0.0,"weekR":0.0,"week_halted":false,"pos":2,"avg":6676.67,"bars":380,"consec_losses":0,"equity":30000.0,"equity_hwm":30000.0,"suggest_qty":2,"arms":{"trend":8,"breakout":38},"armR":{"trend":0.168,"breakout":-0.13}}
{"ts":"2025-10-13 06:19:53","evt":"hb","src":"RT","state":"active","rt_fresh":true,"dayR":0.0,"weekR":0.0,"week_halted":false,"pos":2,"avg":6676.67,"bars":380,"consec_losses":0,"equity":30000.0,"equity_hwm":30000.0,"suggest_qty":2,"arms":{"trend":8,"breakout":38},"armR":{"trend":0.168,"breakout":-0.13}}
{"ts":"2025-10-13 06:19:54","evt":"hb","src":"RT","state":"active","rt_fresh":true,"dayR":0.0,"weekR":0.0,"week_halted":false,"pos":2,"avg":6676.67,"bars":380,"consec_losses":0,"equity":30000.0,"equity_hwm":30000.0,"suggest_qty":2,"arms":{"trend":8,"breakout":38},"armR":{"trend":0.168,"breakout":-0.13}}
{"ts":"2025-10-13 06:19:54","evt":"hb","src":"RT","state":"active","rt_fresh":true,"dayR":0.0,"weekR":0.0,"week_halted":false,"pos":2,"avg":6676.67,"bars":380,"consec_losses":0,"equity":30000.0,"equity_hwm":30000.0,"suggest_qty":2,"arms":{"trend":8,"breakout":38},"armR":{"trend":0.168,"breakout":-0.13}}
{"ts":"2025-10-13 06:19:55","evt":"hb","src":"RT","state":"active","rt_fresh":true,"dayR":0.0,"weekR":0.0,"week_halted":false,"pos":2,"avg":6676.67,"bars":380,"consec_losses":0,"equity":30000.0,"equity_hwm":30000.0,"suggest_qty":2,"arms":{"trend":8,"breakout":38},"armR":{"trend":0.168,"breakout":-0.13}}
{"ts":"2025-10-13 06:19:55","evt":"hb","src":"RT","state":"active","rt_fresh":true,"dayR":0.0,"weekR":0.0,"week_halted":false,"pos":2,"avg":6676.67,"bars":380,"consec_losses":0,"equity":30000.0,"equity_hwm":30000.0,"suggest_qty":2,"arms":{"trend":8,"breakout":38},"armR":{"trend":0.168,"breakout":-0.13}}
{"ts":"2025-10-13 06:19:56","evt":"hb","src":"RT","state":"active","rt_fresh":true,"dayR":0.0,"weekR":0.0,"week_halted":false,"pos":2,"avg":6676.67,"bars":380,"consec_losses":0,"equity":30000.0,"equity_hwm":30000.0,"suggest_qty":2,"arms":{"trend":8,"breakout":38},"armR":{"trend":0.168,"breakout":-0.13}}
{"ts":"2025-10-13 06:19:56","evt":"hb","src":"RT","state":"active","rt_fresh":true,"dayR":0.0,"weekR":0.0,"week_halted":false,"pos":2,"avg":6676.67,"bars":381,"consec_losses":0,"equity":30000.0,"equity_hwm":30000.0,"suggest_qty":2,"arms":{"trend":8,"breakout":38},"armR":{"trend":0.168,"breakout":-0.13}}
{"ts":"2025-10-13 06:19:57","evt":"hb","src":"RT","state":"active","rt_fresh":true,"dayR":0.0,"weekR":0.0,"week_halted":false,"pos":2,"avg":6676.67,"bars":381,"consec_losses":0,"equity":30000.0,"equity_hwm":30000.0,"suggest_qty":2,"arms":{"trend":8,"breakout":38},"armR":{"trend":0.168,"breakout":-0.13}}
{"ts":"2025-10-13 06:19:57","evt":"hb","src":"RT","state":"active","rt_fresh":true,"dayR":0.0,"weekR":0.0,"week_halted":false,"pos":2,"avg":6676.67,"bars":381,"consec_losses":0,"equity":30000.0,"equity_hwm":30000.0,"suggest_qty":2,"arms":{"trend":8,"breakout":38},"armR":{"trend":0.168,"breakout":-0.13}}
{"ts":"2025-10-13 06:19:58","evt":"hb","src":"RT","state":"active","rt_fresh":true,"dayR":0.0,"weekR":0.0,"week_halted":false,"pos":2,"avg":6676.67,"bars":381,"consec_losses":0,"equity":30000.0,"equity_hwm":30000.0,"suggest_qty":2,"arms":{"trend":8,"breakout":38},"armR":{"trend":0.168,"breakout":-0.13}}
{"ts":"2025-10-13 06:19:58","evt":"hb","src":"RT","state":"active","rt_fresh":true,"dayR":0.0,"weekR":0.0,"week_halted":false,"pos":2,"avg":6676.67,"bars":381,"consec_losses":0,"equity":30000.0,"equity_hwm":30000.0,"suggest_qty":2,"arms":{"trend":8,"breakout":38},"armR":{"trend":0.168,"breakout":-0.13}}
{"ts":"2025-10-13 06:19:59","evt":"hb","src":"RT","state":"active","rt_fresh":true,"dayR":0.0,"weekR":0.0,"week_halted":false,"pos":2,"avg":6676.67,"bars":381,"consec_losses":0,"equity":30000.0,"equity_hwm":30000.0,"suggest_qty":2,"arms":{"trend":8,"breakout":38},"armR":{"trend":0.168,"breakout":-0.13}}
{"ts":"2025-10-13 06:19:59","evt":"hb","src":"RT","state":"active","rt_fresh":true,"dayR":0.0,"weekR":0.0,"week_halted":false,"pos":2,"avg":6676.67,"bars":381,"consec_losses":0,"equity":30000.0,"equity_hwm":30000.0,"suggest_qty":2,"arms":{"trend":8,"breakout":38},"armR":{"trend":0.168,"breakout":-0.13}}
{"ts":"2025-10-13 06:20:00","evt":"hb","src":"RT","state":"active","rt_fresh":true,"dayR":0.0,"weekR":0.0,"week_halted":false,"pos":2,"avg":6676.67,"bars":381,"consec_losses":0,"equity":30000.0,"equity_hwm":30000.0,"suggest_qty":2,"arms":{"trend":8,"breakout":38},"armR":{"trend":0.168,"breakout":-0.13}}
{"ts":"2025-10-13 06:20:00","evt":"hb","src":"RT","state":"active","rt_fresh":true,"dayR":0.0,"weekR":0.0,"week_halted":false,"pos":2,"avg":6676.67,"bars":381,"consec_losses":0,"equity":30000.0,"equity_hwm":30000.0,"suggest_qty":2,"arms":{"trend":8,"breakout":38},"armR":{"trend":0.168,"breakout":-0.13}}
{"ts":"2025-10-13 06:20:01","evt":"hb","src":"RT","state":"active","rt_fresh":true,"dayR":0.0,"weekR":0.0,"week_halted":false,"pos":2,"avg":6676.67,"bars":381,"consec_losses":0,"equity":30000.0,"equity_hwm":30000.0,"suggest_qty":2,"arms":{"trend":8,"breakout":38},"armR":{"trend":0.168,"breakout":-0.13}}
{"ts":"2025-10-13 06:20:01","evt":"hb","src":"RT","state":"active","rt_fresh":true,"dayR":0.0,"weekR":0.0,"week_halted":false,"pos":2,"avg":6676.67,"bars":382,"consec_losses":0,"equity":30000.0,"equity_hwm":30000.0,"suggest_qty":2,"arms":{"trend":8,"breakout":38},"armR":{"trend":0.168,"breakout":-0.13}}
{"ts":"2025-10-13 06:20:02","evt":"hb","src":"RT","state":"active","rt_fresh":true,"dayR":0.0,"weekR":0.0,"week_halted":false,"pos":2,"avg":6676.67,"bars":382,"consec_losses":0,"equity":30000.0,"equity_hwm":30000.0,"suggest_qty":2,"arms":{"trend":8,"breakout":38},"armR":{"trend":0.168,"breakout":-0.13}}
{"ts":"2025-10-13 06:20:02","evt":"hb","src":"RT","state":"active","rt_fresh":true,"dayR":0.0,"weekR":0.0,"week_halted":false,"pos":2,"avg":6676.67,"bars":382,"consec_losses":0,"equity":30000.0,"equity_hwm":30000.0,"suggest_qty":2,"arms":{"trend":8,"breakout":38},"armR":{"trend":0.168,"breakout":-0.13}}
{"ts":"2025-10-13 06:20:03","evt":"hb","src":"RT","state":"active","rt_fresh":true,"dayR":0.0,"weekR":0.0,"week_halted":false,"pos":2,"avg":6676.67,"bars":382,"consec_losses":0,"equity":30000.0,"equity_hwm":30000.0,"suggest_qty":2,"arms":{"trend":8,"breakout":38},"armR":{"trend":0.168,"breakout":-0.13}}
{"ts":"2025-10-13 06:20:03","evt":"hb","src":"RT","state":"active","rt_fresh":true,"dayR":0.0,"weekR":0.0,"week_halted":false,"pos":2,"avg":6676.67,"bars":382,"consec_losses":0,"equity":30000.0,"equity_hwm":30000.0,"suggest_qty":2,"arms":{"trend":8,"breakout":38},"armR":{"trend":0.168,"breakout":-0.13}}
{"ts":"2025-10-13 06:20:04","evt":"hb","src":"RT","state":"active","rt_fresh":true,"dayR":0.0,"weekR":0.0,"week_halted":false,"pos":2,"avg":6676.67,"bars":382,"consec_losses":0,"equity":30000.0,"equity_hwm":30000.0,"suggest_qty":2,"arms":{"trend":8,"breakout":38},"armR":{"trend":0.168,"breakout":-0.13}}
{"ts":"2025-10-13 06:20:04","evt":"hb","src":"RT","state":"active","rt_fresh":true,"dayR":0.0,"weekR":0.0,"week_halted":false,"pos":2,"avg":6676.67,"bars":382,"consec_losses":0,"equity":30000.0,"equity_hwm":30000.0,"suggest_qty":2,"arms":{"trend":8,"breakout":38},"armR":{"trend":0.168,"breakout":-0.13}}
{"ts":"2025-10-13 06:20:05","evt":"hb","src":"RT","state":"active","rt_fresh":true,"dayR":0.0,"weekR":0.0,"week_halted":false,"pos":2,"avg":6676.67,"bars":382,"consec_losses":0,"equity":30000.0,"equity_hwm":30000.0,"suggest_qty":2,"arms":{"trend":8,"breakout":38},"armR":{"trend":0.168,"breakout":-0.13}}
{"ts":"2025-10-13 06:20:05","evt":"hb","src":"RT","state":"active","rt_fresh":true,"dayR":0.0,"weekR":0.0,"week_halted":false,"pos":2,"avg":6676.67,"bars":382,"consec_losses":0,"equity":30000.0,"equity_hwm":30000.0,"suggest_qty":2,"arms":{"trend":8,"breakout":38},"armR":{"trend":0.168,"breakout":-0.13}}
{"ts":"2025-10-13 06:20:06","evt":"hb","src":"RT","state":"active","rt_fresh":true,"dayR":0.0,"weekR":0.0,"week_halted":false,"pos":2,"avg":6676.67,"bars":382,"consec_losses":0,"equity":30000.0,"equity_hwm":30000.0,"suggest_qty":2,"arms":{"trend":8,"breakout":38},"armR":{"trend":0.168,"breakout":-0.13}}
{"ts":"2025-10-13 06:20:06","evt":"hb","src":"RT","state":"active","rt_fresh":true,"dayR":0.0,"weekR":0.0,"week_halted":false,"pos":2,"avg":6676.67,"bars":383,"consec_losses":0,"equity":30000.0,"equity_hwm":30000.0,"suggest_qty":2,"arms":{"trend":8,"breakout":38},"armR":{"trend":0.168,"breakout":-0.13}}
{"ts":"2025-10-13 06:20:07","evt":"hb","src":"RT","state":"active","rt_fresh":true,"dayR":0.0,"weekR":0.0,"week_halted":false,"pos":2,"avg":6676.67,"bars":383,"consec_losses":0,"equity":30000.0,"equity_hwm":30000.0,"suggest_qty":2,"arms":{"trend":8,"breakout":38},"armR":{"trend":0.168,"breakout":-0.13}}
{"ts":"2025-10-13 06:20:07","evt":"hb","src":"RT","state":"active","rt_fresh":true,"dayR":0.0,"weekR":0.0,"week_halted":false,"pos":2,"avg":6676.67,"bars":383,"consec_losses":0,"equity":30000.0,"equity_hwm":30000.0,"suggest_qty":2,"arms":{"trend":8,"breakout":38},"armR":{"trend":0.168,"breakout":-0.13}}
{"ts":"2025-10-13 06:20:08","evt":"hb","src":"RT","state":"active","rt_fresh":true,"dayR":0.0,"weekR":0.0,"week_halted":false,"pos":2,"avg":6676.67,"bars":383,"consec_losses":0,"equity":30000.0,"equity_hwm":30000.0,"suggest_qty":2,"arms":{"trend":8,"breakout":38},"armR":{"trend":0.168,"breakout":-0.13}}
{"ts":"2025-10-13 06:20:09","evt":"hb","src":"RT","state":"active","rt_fresh":true,"dayR":0.0,"weekR":0.0,"week_halted":false,"pos":2,"avg":6676.67,"bars":383,"consec_losses":0,"equity":30000.0,"equity_hwm":30000.0,"suggest_qty":2,"arms":{"trend":8,"breakout":38},"armR":{"trend":0.168,"breakout":-0.13}}
{"ts":"2025-10-13 06:20:09","evt":"hb","src":"RT","state":"active","rt_fresh":true,"dayR":0.0,"weekR":0.0,"week_halted":false,"pos":2,"avg":6676.67,"bars":383,"consec_losses":0,"equity":30000.0,"equity_hwm":30000.0,"suggest_qty":2,"arms":{"trend":8,"breakout":38},"armR":{"trend":0.168,"breakout":-0.13}}
{"ts":"2025-10-13 06:20:10","evt":"hb","src":"RT","state":"active","rt_fresh":true,"dayR":0.0,"weekR":0.0,"week_halted":false,"pos":2,"avg":6676.67,"bars":383,"consec_losses":0,"equity":30000.0,"equity_hwm":30000.0,"suggest_qty":2,"arms":{"trend":8,"breakout":38},"armR":{"trend":0.168,"breakout":-0.13}}
{"ts":"2025-10-13 06:20:10","evt":"hb","src":"RT","state":"active","rt_fresh":true,"dayR":0.0,"weekR":0.0,"week_halted":false,"pos":2,"avg":6676.67,"bars":383,"consec_losses":0,"equity":30000.0,"equity_hwm":30000.0,"suggest_qty":2,"arms":{"trend":8,"breakout":38},"armR":{"trend":0.168,"breakout":-0.13}}
{"ts":"2025-10-13 06:20:11","evt":"hb","src":"RT","state":"active","rt_fresh":true,"dayR":0.0,"weekR":0.0,"week_halted":false,"pos":2,"avg":6676.67,"bars":383,"consec_losses":0,"equity":30000.0,"equity_hwm":30000.0,"suggest_qty":2,"arms":{"trend":8,"breakout":38},"armR":{"trend":0.168,"breakout":-0.13}}
{"ts":"2025-10-13 06:20:11","evt":"hb","src":"RT","state":"active","rt_fresh":true,"dayR":0.0,"weekR":0.0,"week_halted":false,"pos":2,"avg":6676.67,"bars":383,"consec_losses":0,"equity":30000.0,"equity_hwm":30000.0,"suggest_qty":2,"arms":{"trend":8,"breakout":38},"armR":{"trend":0.168,"breakout":-0.13}}
{"ts":"2025-10-13 06:20:12","evt":"hb","src":"RT","state":"active","rt_fresh":true,"dayR":0.0,"weekR":0.0,"week_halted":false,"pos":2,"avg":6676.67,"bars":384,"consec_losses":0,"equity":30000.0,"equity_hwm":30000.0,"suggest_qty":2,"arms":{"trend":8,"breakout":38},"armR":{"trend":0.168,"breakout":-0.13}}
{"ts":"2025-10-13 06:20:12","evt":"hb","src":"RT","state":"active","rt_fresh":true,"dayR":0.0,"weekR":0.0,"week_halted":false,"pos":2,"avg":6676.67,"bars":384,"consec_losses":0,"equity":30000.0,"equity_hwm":30000.0,"suggest_qty":2,"arms":{"trend":8,"breakout":38},"armR":{"trend":0.168,"breakout":-0.13}}
{"ts":"2025-10-13 06:20:13","evt":"hb","src":"RT","state":"active","rt_fresh":true,"dayR":0.0,"weekR":0.0,"week_halted":false,"pos":2,"avg":6676.67,"bars":384,"consec_losses":0,"equity":30000.0,"equity_hwm":30000.0,"suggest_qty":2,"arms":{"trend":8,"breakout":38},"armR":{"trend":0.168,"breakout":-0.13}}
{"ts":"2025-10-13 06:20:13","evt":"hb","src":"RT","state":"active","rt_fresh":true,"dayR":0.0,"weekR":0.0,"week_halted":false,"pos":2,"avg":6676.67,"bars":384,"consec_losses":0,"equity":30000.0,"equity_hwm":30000.0,"suggest_qty":2,"arms":{"trend":8,"breakout":38},"armR":{"trend":0.168,"breakout":-0.13}}
{"ts":"2025-10-13 06:20:14","evt":"hb","src":"RT","state":"active","rt_fresh":true,"dayR":0.0,"weekR":0.0,"week_halted":false,"pos":2,"avg":6676.67,"bars":384,"consec_losses":0,"equity":30000.0,"equity_hwm":30000.0,"suggest_qty":2,"arms":{"trend":8,"breakout":38},"armR":{"trend":0.168,"breakout":-0.13}}
{"ts":"2025-10-13 06:20:14","evt":"hb","src":"RT","state":"active","rt_fresh":true,"dayR":0.0,"weekR":0.0,"week_halted":false,"pos":2,"avg":6676.67,"bars":384,"consec_losses":0,"equity":30000.0,"equity_hwm":30000.0,"suggest_qty":2,"arms":{"trend":8,"breakout":38},"armR":{"trend":0.168,"breakout":-0.13}}
{"ts":"2025-10-13 06:20:15","evt":"hb","src":"RT","state":"active","rt_fresh":true,"dayR":0.0,"weekR":0.0,"week_halted":false,"pos":2,"avg":6676.67,"bars":384,"consec_losses":0,"equity":30000.0,"equity_hwm":30000.0,"suggest_qty":2,"arms":{"trend":8,"breakout":38},"armR":{"trend":0.168,"breakout":-0.13}}
{"ts":"2025-10-13 06:20:15","evt":"hb","src":"RT","state":"active","rt_fresh":true,"dayR":0.0,"weekR":0.0,"week_halted":false,"pos":2,"avg":6676.67,"bars":384,"consec_losses":0,"equity":30000.0,"equity_hwm":30000.0,"suggest_qty":2,"arms":{"trend":8,"breakout":38},"armR":{"trend":0.168,"breakout":-0.13}}
{"ts":"2025-10-13 06:20:16","evt":"hb","src":"RT","state":"active","rt_fresh":true,"dayR":0.0,"weekR":0.0,"week_halted":false,"pos":2,"avg":6676.67,"bars":384,"consec_losses":0,"equity":30000.0,"equity_hwm":30000.0,"suggest_qty":2,"arms":{"trend":8,"breakout":38},"armR":{"trend":0.168,"breakout":-0.13}}
{"ts":"2025-10-13 06:20:16","evt":"hb","src":"RT","state":"active","rt_fresh":true,"dayR":0.0,"weekR":0.0,"week_halted":false,"pos":2,"avg":6676.67,"bars":385,"consec_losses":0,"equity":30000.0,"equity_hwm":30000.0,"suggest_qty":2,"arms":{"trend":8,"breakout":38},"armR":{"trend":0.168,"breakout":-0.13}}
{"ts":"2025-10-13 06:20:17","evt":"hb","src":"RT","state":"active","rt_fresh":true,"dayR":0.0,"weekR":0.0,"week_halted":false,"pos":2,"avg":6676.67,"bars":385,"consec_losses":0,"equity":30000.0,"equity_hwm":30000.0,"suggest_qty":2,"arms":{"trend":8,"breakout":38},"armR":{"trend":0.168,"breakout":-0.13}}
{"ts":"2025-10-13 06:20:17","evt":"hb","src":"RT","state":"active","rt_fresh":true,"dayR":0.0,"weekR":0.0,"week_halted":false,"pos":2,"avg":6676.67,"bars":385,"consec_losses":0,"equity":30000.0,"equity_hwm":30000.0,"suggest_qty":2,"arms":{"trend":8,"breakout":38},"armR":{"trend":0.168,"breakout":-0.13}}
{"ts":"2025-10-13 06:20:18","evt":"hb","src":"RT","state":"active","rt_fresh":true,"dayR":0.0,"weekR":0.0,"week_halted":false,"pos":2,"avg":6676.67,"bars":385,"consec_losses":0,"equity":30000.0,"equity_hwm":30000.0,"suggest_qty":2,"arms":{"trend":8,"breakout":38},"armR":{"trend":0.168,"breakout":-0.13}}
{"ts":"2025-10-13 06:20:18","evt":"hb","src":"RT","state":"active","rt_fresh":true,"dayR":0.0,"weekR":0.0,"week_halted":false,"pos":2,"avg":6676.67,"bars":385,"consec_losses":0,"equity":30000.0,"equity_hwm":30000.0,"suggest_qty":2,"arms":{"trend":8,"breakout":38},"armR":{"trend":0.168,"breakout":-0.13}}
{"ts":"2025-10-13 06:20:19","evt":"hb","src":"RT","state":"active","rt_fresh":true,"dayR":0.0,"weekR":0.0,"week_halted":false,"pos":2,"avg":6676.67,"bars":385,"consec_losses":0,"equity":30000.0,"equity_hwm":30000.0,"suggest_qty":2,"arms":{"trend":8,"breakout":38},"armR":{"trend":0.168,"breakout":-0.13}}
{"ts":"2025-10-13 06:20:19","evt":"hb","src":"RT","state":"active","rt_fresh":true,"dayR":0.0,"weekR":0.0,"week_halted":false,"pos":2,"avg":6676.67,"bars":385,"consec_losses":0,"equity":30000.0,"equity_hwm":30000.0,"suggest_qty":2,"arms":{"trend":8,"breakout":38},"armR":{"trend":0.168,"breakout":-0.13}}
{"ts":"2025-10-13 06:20:20","evt":"hb","src":"RT","state":"active","rt_fresh":true,"dayR":0.0,"weekR":0.0,"week_halted":false,"pos":2,"avg":6676.67,"bars":385,"consec_losses":0,"equity":30000.0,"equity_hwm":30000.0,"suggest_qty":2,"arms":{"trend":8,"breakout":38},"armR":{"trend":0.168,"breakout":-0.13}}
{"ts":"2025-10-13 06:20:20","evt":"hb","src":"RT","state":"active","rt_fresh":true,"dayR":0.0,"weekR":0.0,"week_halted":false,"pos":2,"avg":6676.67,"bars":385,"consec_losses":0,"equity":30000.0,"equity_hwm":30000.0,"suggest_qty":2,"arms":{"trend":8,"breakout":38},"armR":{"trend":0.168,"breakout":-0.13}}
{"ts":"2025-10-13 06:20:21","evt":"hb","src":"RT","state":"active","rt_fresh":true,"dayR":0.0,"weekR":0.0,"week_halted":false,"pos":2,"avg":6676.67,"bars":386,"consec_losses":0,"equity":30000.0,"equity_hwm":30000.0,"suggest_qty":2,"arms":{"trend":8,"breakout":38},"armR":{"trend":0.168,"breakout":-0.13}}
{"ts":"2025-10-13 06:20:21","evt":"hb","src":"RT","state":"active","rt_fresh":true,"dayR":0.0,"weekR":0.0,"week_halted":false,"pos":2,"avg":6676.67,"bars":386,"consec_losses":0,"equity":30000.0,"equity_hwm":30000.0,"suggest_qty":2,"arms":{"trend":8,"breakout":38},"armR":{"trend":0.168,"breakout":-0.13}}
{"ts":"2025-10-13 06:20:22","evt":"hb","src":"RT","state":"active","rt_fresh":true,"dayR":0.0,"weekR":0.0,"week_halted":false,"pos":2,"avg":6676.67,"bars":386,"consec_losses":0,"equity":30000.0,"equity_hwm":30000.0,"suggest_qty":2,"arms":{"trend":8,"breakout":38},"armR":{"trend":0.168,"breakout":-0.13}}
{"ts":"2025-10-13 06:20:22","evt":"hb","src":"RT","state":"active","rt_fresh":true,"dayR":0.0,"weekR":0.0,"week_halted":false,"pos":2,"avg":6676.67,"bars":386,"consec_losses":0,"equity":30000.0,"equity_hwm":30000.0,"suggest_qty":2,"arms":{"trend":8,"breakout":38},"armR":{"trend":0.168,"breakout":-0.13}}
{"ts":"2025-10-13 06:20:23","evt":"hb","src":"RT","state":"active","rt_fresh":true,"dayR":0.0,"weekR":0.0,"week_halted":false,"pos":2,"avg":6676.67,"bars":386,"consec_losses":0,"equity":30000.0,"equity_hwm":30000.0,"suggest_qty":2,"arms":{"trend":8,"breakout":38},"armR":{"trend":0.168,"breakout":-0.13}}
{"ts":"2025-10-13 06:20:23","evt":"hb","src":"RT","state":"active","rt_fresh":true,"dayR":0.0,"weekR":0.0,"week_halted":false,"pos":2,"avg":6676.67,"bars":386,"consec_losses":0,"equity":30000.0,"equity_hwm":30000.0,"suggest_qty":2,"arms":{"trend":8,"breakout":38},"armR":{"trend":0.168,"breakout":-0.13}}
{"ts":"2025-10-13 06:20:24","evt":"hb","src":"RT","state":"active","rt_fresh":true,"dayR":0.0,"weekR":0.0,"week_halted":false,"pos":2,"avg":6676.67,"bars":386,"consec_losses":0,"equity":30000.0,"equity_hwm":30000.0,"suggest_qty":2,"arms":{"trend":8,"breakout":38},"armR":{"trend":0.168,"breakout":-0.13}}
{"ts":"2025-10-13 06:20:24","evt":"hb","src":"RT","state":"active","rt_fresh":true,"dayR":0.0,"weekR":0.0,"week_halted":false,"pos":2,"avg":6676.67,"bars":386,"consec_losses":0,"equity":30000.0,"equity_hwm":30000.0,"suggest_qty":2,"arms":{"trend":8,"breakout":38},"armR":{"trend":0.168,"breakout":-0.13}}
{"ts":"2025-10-13 06:20:25","evt":"hb","src":"RT","state":"active","rt_fresh":true,"dayR":0.0,"weekR":0.0,"week_halted":false,"pos":2,"avg":6676.67,"bars":386,"consec_losses":0,"equity":30000.0,"equity_hwm":30000.0,"suggest_qty":2,"arms":{"trend":8,"breakout":38},"armR":{"trend":0.168,"breakout":-0.13}}
{"ts":"2025-10-13 06:20:25","evt":"hb","src":"RT","state":"active","rt_fresh":true,"dayR":0.0,"weekR":0.0,"week_halted":false,"pos":2,"avg":6676.67,"bars":386,"consec_losses":0,"equity":30000.0,"equity_hwm":30000.0,"suggest_qty":2,"arms":{"trend":8,"breakout":38},"armR":{"trend":0.168,"breakout":-0.13}}
{"ts":"2025-10-13 06:20:26","evt":"hb","src":"RT","state":"active","rt_fresh":true,"dayR":0.0,"weekR":0.0,"week_halted":false,"pos":2,"avg":6676.67,"bars":387,"consec_losses":0,"equity":30000.0,"equity_hwm":30000.0,"suggest_qty":2,"arms":{"trend":8,"breakout":38},"armR":{"trend":0.168,"breakout":-0.13}}
{"ts":"2025-10-13 06:20:26","evt":"hb","src":"RT","state":"active","rt_fresh":true,"dayR":0.0,"weekR":0.0,"week_halted":false,"pos":2,"avg":6676.67,"bars":387,"consec_losses":0,"equity":30000.0,"equity_hwm":30000.0,"suggest_qty":2,"arms":{"trend":8,"breakout":38},"armR":{"trend":0.168,"breakout":-0.13}}
{"ts":"2025-10-13 06:20:27","evt":"hb","src":"RT","state":"active","rt_fresh":true,"dayR":0.0,"weekR":0.0,"week_halted":false,"pos":2,"avg":6676.67,"bars":387,"consec_losses":0,"equity":30000.0,"equity_hwm":30000.0,"suggest_qty":2,"arms":{"trend":8,"breakout":38},"armR":{"trend":0.168,"breakout":-0.13}}
{"ts":"2025-10-13 06:20:27","evt":"hb","src":"RT","state":"active","rt_fresh":true,"dayR":0.0,"weekR":0.0,"week_halted":false,"pos":2,"avg":6676.67,"bars":387,"consec_losses":0,"equity":30000.0,"equity_hwm":30000.0,"suggest_qty":2,"arms":{"trend":8,"breakout":38},"armR":{"trend":0.168,"breakout":-0.13}}
{"ts":"2025-10-13 06:20:28","evt":"hb","src":"RT","state":"active","rt_fresh":true,"dayR":0.0,"weekR":0.0,"week_halted":false,"pos":2,"avg":6676.67,"bars":387,"consec_losses":0,"equity":30000.0,"equity_hwm":30000.0,"suggest_qty":2,"arms":{"trend":8,"breakout":38},"armR":{"trend":0.168,"breakout":-0.13}}
{"ts":"2025-10-13 06:20:28","evt":"hb","src":"RT","state":"active","rt_fresh":true,"dayR":0.0,"weekR":0.0,"week_halted":false,"pos":2,"avg":6676.67,"bars":387,"consec_losses":0,"equity":30000.0,"equity_hwm":30000.0,"suggest_qty":2,"arms":{"trend":8,"breakout":38},"armR":{"trend":0.168,"breakout":-0.13}}
{"ts":"2025-10-13 06:20:29","evt":"hb","src":"RT","state":"active","rt_fresh":true,"dayR":0.0,"weekR":0.0,"week_halted":false,"pos":2,"avg":6676.67,"bars":387,"consec_losses":0,"equity":30000.0,"equity_hwm":30000.0,"suggest_qty":2,"arms":{"trend":8,"breakout":38},"armR":{"trend":0.168,"breakout":-0.13}}
{"ts":"2025-10-13 06:20:29","evt":"hb","src":"RT","state":"active","rt_fresh":true,"dayR":0.0,"weekR":0.0,"week_halted":false,"pos":2,"avg":6676.67,"bars":387,"consec_losses":0,"equity":30000.0,"equity_hwm":30000.0,"suggest_qty":2,"arms":{"trend":8,"breakout":38},"armR":{"trend":0.168,"breakout":-0.13}}
{"ts":"2025-10-13 06:20:30","evt":"hb","src":"RT","state":"active","rt_fresh":true,"dayR":0.0,"weekR":0.0,"week_halted":false,"pos":2,"avg":6676.67,"bars":387,"consec_losses":0,"equity":30000.0,"equity_hwm":30000.0,"suggest_qty":2,"arms":{"trend":8,"breakout":38},"armR":{"trend":0.168,"breakout":-0.13}}
{"ts":"2025-10-13 06:20:30","evt":"hb","src":"RT","state":"active","rt_fresh":true,"dayR":0.0,"weekR":0.0,"week_halted":false,"pos":2,"avg":6676.67,"bars":387,"consec_losses":0,"equity":30000.0,"equity_hwm":30000.0,"suggest_qty":2,"arms":{"trend":8,"breakout":38},"armR":{"trend":0.168,"breakout":-0.13}}
{"ts":"2025-10-13 06:20:31","evt":"hb","src":"RT","state":"active","rt_fresh":true,"dayR":0.0,"weekR":0.0,"week_halted":false,"pos":2,"avg":6676.67,"bars":387,"consec_losses":0,"equity":30000.0,"equity_hwm":30000.0,"suggest_qty":2,"arms":{"trend":8,"breakout":38},"armR":{"trend":0.168,"breakout":-0.13}}
{"ts":"2025-10-13 06:20:31","evt":"hb","src":"RT","state":"active","rt_fresh":true,"dayR":0.0,"weekR":0.0,"week_halted":false,"pos":2,"avg":6676.67,"bars":388,"consec_losses":0,"equity":30000.0,"equity_hwm":30000.0,"suggest_qty":2,"arms":{"trend":8,"breakout":38},"armR":{"trend":0.168,"breakout":-0.13}}
{"ts":"2025-10-13 06:20:32","evt":"hb","src":"RT","state":"active","rt_fresh":true,"dayR":0.0,"weekR":0.0,"week_halted":false,"pos":2,"avg":6676.67,"bars":388,"consec_losses":0,"equity":30000.0,"equity_hwm":30000.0,"suggest_qty":2,"arms":{"trend":8,"breakout":38},"armR":{"trend":0.168,"breakout":-0.13}}
{"ts":"2025-10-13 06:20:33","evt":"hb","src":"RT","state":"active","rt_fresh":true,"dayR":0.0,"weekR":0.0,"week_halted":false,"pos":2,"avg":6676.67,"bars":388,"consec_losses":0,"equity":30000.0,"equity_hwm":30000.0,"suggest_qty":2,"arms":{"trend":8,"breakout":38},"armR":{"trend":0.168,"breakout":-0.13}}
{"ts":"2025-10-13 06:20:33","evt":"hb","src":"RT","state":"active","rt_fresh":true,"dayR":0.0,"weekR":0.0,"week_halted":false,"pos":2,"avg":6676.67,"bars":388,"consec_losses":0,"equity":30000.0,"equity_hwm":30000.0,"suggest_qty":2,"arms":{"trend":8,"breakout":38},"armR":{"trend":0.168,"breakout":-0.13}}
{"ts":"2025-10-13 06:20:34","evt":"hb","src":"RT","state":"active","rt_fresh":true,"dayR":0.0,"weekR":0.0,"week_halted":false,"pos":2,"avg":6676.67,"bars":388,"consec_losses":0,"equity":30000.0,"equity_hwm":30000.0,"suggest_qty":2,"arms":{"trend":8,"breakout":38},"armR":{"trend":0.168,"breakout":-0.13}}
{"ts":"2025-10-13 06:20:34","evt":"hb","src":"RT","state":"active","rt_fresh":true,"dayR":0.0,"weekR":0.0,"week_halted":false,"pos":2,"avg":6676.67,"bars":388,"consec_losses":0,"equity":30000.0,"equity_hwm":30000.0,"suggest_qty":2,"arms":{"trend":8,"breakout":38},"armR":{"trend":0.168,"breakout":-0.13}}
{"ts":"2025-10-13 06:20:35","evt":"hb","src":"RT","state":"active","rt_fresh":true,"dayR":0.0,"weekR":0.0,"week_halted":false,"pos":2,"avg":6676.67,"bars":388,"consec_losses":0,"equity":30000.0,"equity_hwm":30000.0,"suggest_qty":2,"arms":{"trend":8,"breakout":38},"armR":{"trend":0.168,"breakout":-0.13}}
{"ts":"2025-10-13 06:20:35","evt":"hb","src":"RT","state":"active","rt_fresh":true,"dayR":0.0,"weekR":0.0,"week_halted":false,"pos":2,"avg":6676.67,"bars":388,"consec_losses":0,"equity":30000.0,"equity_hwm":30000.0,"suggest_qty":2,"arms":{"trend":8,"breakout":38},"armR":{"trend":0.168,"breakout":-0.13}}
{"ts":"2025-10-13 06:20:36","evt":"hb","src":"RT","state":"active","rt_fresh":true,"dayR":0.0,"weekR":0.0,"week_halted":false,"pos":2,"avg":6676.67,"bars":388,"consec_losses":0,"equity":30000.0,"equity_hwm":30000.0,"suggest_qty":2,"arms":{"trend":8,"breakout":38},"armR":{"trend":0.168,"breakout":-0.13}}
{"ts":"2025-10-13 06:20:36","evt":"hb","src":"RT","state":"active","rt_fresh":true,"dayR":0.0,"weekR":0.0,"week_halted":false,"pos":2,"avg":6676.67,"bars":389,"consec_losses":0,"equity":30000.0,"equity_hwm":30000.0,"suggest_qty":2,"arms":{"trend":8,"breakout":38},"armR":{"trend":0.168,"breakout":-0.13}}
{"ts":"2025-10-13 06:20:37","evt":"hb","src":"RT","state":"active","rt_fresh":true,"dayR":0.0,"weekR":0.0,"week_halted":false,"pos":2,"avg":6676.67,"bars":389,"consec_losses":0,"equity":30000.0,"equity_hwm":30000.0,"suggest_qty":2,"arms":{"trend":8,"breakout":38},"armR":{"trend":0.168,"breakout":-0.13}}
{"ts":"2025-10-13 06:20:37","evt":"hb","src":"RT","state":"active","rt_fresh":true,"dayR":0.0,"weekR":0.0,"week_halted":false,"pos":2,"avg":6676.67,"bars":389,"consec_losses":0,"equity":30000.0,"equity_hwm":30000.0,"suggest_qty":2,"arms":{"trend":8,"breakout":38},"armR":{"trend":0.168,"breakout":-0.13}}
{"ts":"2025-10-13 06:20:38","evt":"hb","src":"RT","state":"active","rt_fresh":true,"dayR":0.0,"weekR":0.0,"week_halted":false,"pos":2,"avg":6676.67,"bars":389,"consec_losses":0,"equity":30000.0,"equity_hwm":30000.0,"suggest_qty":2,"arms":{"trend":8,"breakout":38},"armR":{"trend":0.168,"breakout":-0.13}}
{"ts":"2025-10-13 06:20:38","evt":"hb","src":"RT","state":"active","rt_fresh":true,"dayR":0.0,"weekR":0.0,"week_halted":false,"pos":2,"avg":6676.67,"bars":389,"consec_losses":0,"equity":30000.0,"equity_hwm":30000.0,"suggest_qty":2,"arms":{"trend":8,"breakout":38},"armR":{"trend":0.168,"breakout":-0.13}}
{"ts":"2025-10-13 06:20:39","evt":"hb","src":"RT","state":"active","rt_fresh":true,"dayR":0.0,"weekR":0.0,"week_halted":false,"pos":2,"avg":6676.67,"bars":389,"consec_losses":0,"equity":30000.0,"equity_hwm":30000.0,"suggest_qty":2,"arms":{"trend":8,"breakout":38},"armR":{"trend":0.168,"breakout":-0.13}}
{"ts":"2025-10-13 06:20:39","evt":"hb","src":"RT","state":"active","rt_fresh":true,"dayR":0.0,"weekR":0.0,"week_halted":false,"pos":2,"avg":6676.67,"bars":389,"consec_losses":0,"equity":30000.0,"equity_hwm":30000.0,"suggest_qty":2,"arms":{"trend":8,"breakout":38},"armR":{"trend":0.168,"breakout":-0.13}}
{"ts":"2025-10-13 06:20:40","evt":"hb","src":"RT","state":"active","rt_fresh":true,"dayR":0.0,"weekR":0.0,"week_halted":false,"pos":2,"avg":6676.67,"bars":389,"consec_losses":0,"equity":30000.0,"equity_hwm":30000.0,"suggest_qty":2,"arms":{"trend":8,"breakout":38},"armR":{"trend":0.168,"breakout":-0.13}}
{"ts":"2025-10-13 06:20:40","evt":"hb","src":"RT","state":"active","rt_fresh":true,"dayR":0.0,"weekR":0.0,"week_halted":false,"pos":2,"avg":6676.67,"bars":389,"consec_losses":0,"equity":30000.0,"equity_hwm":30000.0,"suggest_qty":2,"arms":{"trend":8,"breakout":38},"armR":{"trend":0.168,"breakout":-0.13}}
{"ts":"2025-10-13 06:20:41","evt":"hb","src":"RT","state":"active","rt_fresh":true,"dayR":0.0,"weekR":0.0,"week_halted":false,"pos":2,"avg":6676.67,"bars":389,"consec_losses":0,"equity":30000.0,"equity_hwm":30000.0,"suggest_qty":2,"arms":{"trend":8,"breakout":38},"armR":{"trend":0.168,"breakout":-0.13}}
{"ts":"2025-10-13 06:20:41","evt":"hb","src":"RT","state":"active","rt_fresh":true,"dayR":0.0,"weekR":0.0,"week_halted":false,"pos":2,"avg":6676.67,"bars":390,"consec_losses":0,"equity":30000.0,"equity_hwm":30000.0,"suggest_qty":2,"arms":{"trend":8,"breakout":38},"armR":{"trend":0.168,"breakout":-0.13}}
{"ts":"2025-10-13 06:20:42","evt":"hb","src":"RT","state":"active","rt_fresh":true,"dayR":0.0,"weekR":0.0,"week_halted":false,"pos":2,"avg":6676.67,"bars":390,"consec_losses":0,"equity":30000.0,"equity_hwm":30000.0,"suggest_qty":2,"arms":{"trend":8,"breakout":38},"armR":{"trend":0.168,"breakout":-0.13}}
{"ts":"2025-10-13 06:20:42","evt":"hb","src":"RT","state":"active","rt_fresh":true,"dayR":0.0,"weekR":0.0,"week_halted":false,"pos":2,"avg":6676.67,"bars":390,"consec_losses":0,"equity":30000.0,"equity_hwm":30000.0,"suggest_qty":2,"arms":{"trend":8,"breakout":38},"armR":{"trend":0.168,"breakout":-0.13}}
{"ts":"2025-10-13 06:20:43","evt":"hb","src":"RT","state":"active","rt_fresh":true,"dayR":0.0,"weekR":0.0,"week_halted":false,"pos":2,"avg":6676.67,"bars":390,"consec_losses":0,"equity":30000.0,"equity_hwm":30000.0,"suggest_qty":2,"arms":{"trend":8,"breakout":38},"armR":{"trend":0.168,"breakout":-0.13}}
{"ts":"2025-10-13 06:20:43","evt":"hb","src":"RT","state":"active","rt_fresh":true,"dayR":0.0,"weekR":0.0,"week_halted":false,"pos":2,"avg":6676.67,"bars":390,"consec_losses":0,"equity":30000.0,"equity_hwm":30000.0,"suggest_qty":2,"arms":{"trend":8,"breakout":38},"armR":{"trend":0.168,"breakout":-0.13}}
{"ts":"2025-10-13 06:20:44","evt":"hb","src":"RT","state":"active","rt_fresh":true,"dayR":0.0,"weekR":0.0,"week_halted":false,"pos":2,"avg":6676.67,"bars":390,"consec_losses":0,"equity":30000.0,"equity_hwm":30000.0,"suggest_qty":2,"arms":{"trend":8,"breakout":38},"armR":{"trend":0.168,"breakout":-0.13}}
{"ts":"2025-10-13 06:20:44","evt":"hb","src":"RT","state":"active","rt_fresh":true,"dayR":0.0,"weekR":0.0,"week_halted":false,"pos":2,"avg":6676.67,"bars":390,"consec_losses":0,"equity":30000.0,"equity_hwm":30000.0,"suggest_qty":2,"arms":{"trend":8,"breakout":38},"armR":{"trend":0.168,"breakout":-0.13}}
{"ts":"2025-10-13 06:20:45","evt":"hb","src":"RT","state":"active","rt_fresh":true,"dayR":0.0,"weekR":0.0,"week_halted":false,"pos":2,"avg":6676.67,"bars":390,"consec_losses":0,"equity":30000.0,"equity_hwm":30000.0,"suggest_qty":2,"arms":{"trend":8,"breakout":38},"armR":{"trend":0.168,"breakout":-0.13}}
{"ts":"2025-10-13 06:20:45","evt":"hb","src":"RT","state":"active","rt_fresh":true,"dayR":0.0,"weekR":0.0,"week_halted":false,"pos":2,"avg":6676.67,"bars":390,"consec_losses":0,"equity":30000.0,"equity_hwm":30000.0,"suggest_qty":2,"arms":{"trend":8,"breakout":38},"armR":{"trend":0.168,"breakout":-0.13}}
{"ts":"2025-10-13 06:20:46","evt":"hb","src":"RT","state":"active","rt_fresh":true,"dayR":0.0,"weekR":0.0,"week_halted":false,"pos":2,"avg":6676.67,"bars":391,"consec_losses":0,"equity":30000.0,"equity_hwm":30000.0,"suggest_qty":2,"arms":{"trend":8,"breakout":38},"armR":{"trend":0.168,"breakout":-0.13}}
{"ts":"2025-10-13 06:20:46","evt":"hb","src":"RT","state":"active","rt_fresh":true,"dayR":0.0,"weekR":0.0,"week_halted":false,"pos":2,"avg":6676.67,"bars":391,"consec_losses":0,"equity":30000.0,"equity_hwm":30000.0,"suggest_qty":2,"arms":{"trend":8,"breakout":38},"armR":{"trend":0.168,"breakout":-0.13}}
{"ts":"2025-10-13 06:20:47","evt":"hb","src":"RT","state":"active","rt_fresh":true,"dayR":0.0,"weekR":0.0,"week_halted":false,"pos":2,"avg":6676.67,"bars":391,"consec_losses":0,"equity":30000.0,"equity_hwm":30000.0,"suggest_qty":2,"arms":{"trend":8,"breakout":38},"armR":{"trend":0.168,"breakout":-0.13}}
{"ts":"2025-10-13 06:20:47","evt":"hb","src":"RT","state":"active","rt_fresh":true,"dayR":0.0,"weekR":0.0,"week_halted":false,"pos":2,"avg":6676.67,"bars":391,"consec_losses":0,"equity":30000.0,"equity_hwm":30000.0,"suggest_qty":2,"arms":{"trend":8,"breakout":38},"armR":{"trend":0.168,"breakout":-0.13}}
{"ts":"2025-10-13 06:20:48","evt":"hb","src":"RT","state":"active","rt_fresh":true,"dayR":0.0,"weekR":0.0,"week_halted":false,"pos":2,"avg":6676.67,"bars":391,"consec_losses":0,"equity":30000.0,"equity_hwm":30000.0,"suggest_qty":2,"arms":{"trend":8,"breakout":38},"armR":{"trend":0.168,"breakout":-0.13}}
{"ts":"2025-10-13 06:20:48","evt":"hb","src":"RT","state":"active","rt_fresh":true,"dayR":0.0,"weekR":0.0,"week_halted":false,"pos":2,"avg":6676.67,"bars":391,"consec_losses":0,"equity":30000.0,"equity_hwm":30000.0,"suggest_qty":2,"arms":{"trend":8,"breakout":38},"armR":{"trend":0.168,"breakout":-0.13}}
{"ts":"2025-10-13 06:20:49","evt":"hb","src":"RT","state":"active","rt_fresh":true,"dayR":0.0,"weekR":0.0,"week_halted":false,"pos":2,"avg":6676.67,"bars":391,"consec_losses":0,"equity":30000.0,"equity_hwm":30000.0,"suggest_qty":2,"arms":{"trend":8,"breakout":38},"armR":{"trend":0.168,"breakout":-0.13}}
{"ts":"2025-10-13 06:20:49","evt":"hb","src":"RT","state":"active","rt_fresh":true,"dayR":0.0,"weekR":0.0,"week_halted":false,"pos":2,"avg":6676.67,"bars":391,"consec_losses":0,"equity":30000.0,"equity_hwm":30000.0,"suggest_qty":2,"arms":{"trend":8,"breakout":38},"armR":{"trend":0.168,"breakout":-0.13}}
{"ts":"2025-10-13 06:20:50","evt":"hb","src":"RT","state":"active","rt_fresh":true,"dayR":0.0,"weekR":0.0,"week_halted":false,"pos":2,"avg":6676.67,"bars":391,"consec_losses":0,"equity":30000.0,"equity_hwm":30000.0,"suggest_qty":2,"arms":{"trend":8,"breakout":38},"armR":{"trend":0.168,"breakout":-0.13}}
{"ts":"2025-10-13 06:20:50","evt":"hb","src":"RT","state":"active","rt_fresh":true,"dayR":0.0,"weekR":0.0,"week_halted":false,"pos":2,"avg":6676.67,"bars":391,"consec_losses":0,"equity":30000.0,"equity_hwm":30000.0,"suggest_qty":2,"arms":{"trend":8,"breakout":38},"armR":{"trend":0.168,"breakout":-0.13}}
{"ts":"2025-10-13 06:20:51","evt":"hb","src":"RT","state":"active","rt_fresh":true,"dayR":0.0,"weekR":0.0,"week_halted":false,"pos":2,"avg":6676.67,"bars":392,"consec_losses":0,"equity":30000.0,"equity_hwm":30000.0,"suggest_qty":2,"arms":{"trend":8,"breakout":38},"armR":{"trend":0.168,"breakout":-0.13}}
{"ts":"2025-10-13 06:20:51","evt":"hb","src":"RT","state":"active","rt_fresh":true,"dayR":0.0,"weekR":0.0,"week_halted":false,"pos":2,"avg":6676.67,"bars":392,"consec_losses":0,"equity":30000.0,"equity_hwm":30000.0,"suggest_qty":2,"arms":{"trend":8,"breakout":38},"armR":{"trend":0.168,"breakout":-0.13}}
{"ts":"2025-10-13 06:20:52","evt":"hb","src":"RT","state":"active","rt_fresh":true,"dayR":0.0,"weekR":0.0,"week_halted":false,"pos":2,"avg":6676.67,"bars":392,"consec_losses":0,"equity":30000.0,"equity_hwm":30000.0,"suggest_qty":2,"arms":{"trend":8,"breakout":38},"armR":{"trend":0.168,"breakout":-0.13}}
{"ts":"2025-10-13 06:20:52","evt":"hb","src":"RT","state":"active","rt_fresh":true,"dayR":0.0,"weekR":0.0,"week_halted":false,"pos":2,"avg":6676.67,"bars":392,"consec_losses":0,"equity":30000.0,"equity_hwm":30000.0,"suggest_qty":2,"arms":{"trend":8,"breakout":38},"armR":{"trend":0.168,"breakout":-0.13}}
{"ts":"2025-10-13 06:20:53","evt":"hb","src":"RT","state":"active","rt_fresh":true,"dayR":0.0,"weekR":0.0,"week_halted":false,"pos":2,"avg":6676.67,"bars":392,"consec_losses":0,"equity":30000.0,"equity_hwm":30000.0,"suggest_qty":2,"arms":{"trend":8,"breakout":38},"armR":{"trend":0.168,"breakout":-0.13}}
{"ts":"2025-10-13 06:20:54","evt":"hb","src":"RT","state":"active","rt_fresh":true,"dayR":0.0,"weekR":0.0,"week_halted":false,"pos":2,"avg":6676.67,"bars":392,"consec_losses":0,"equity":30000.0,"equity_hwm":30000.0,"suggest_qty":2,"arms":{"trend":8,"breakout":38},"armR":{"trend":0.168,"breakout":-0.13}}
{"ts":"2025-10-13 06:20:54","evt":"hb","src":"RT","state":"active","rt_fresh":true,"dayR":0.0,"weekR":0.0,"week_halted":false,"pos":2,"avg":6676.67,"bars":392,"consec_losses":0,"equity":30000.0,"equity_hwm":30000.0,"suggest_qty":2,"arms":{"trend":8,"breakout":38},"armR":{"trend":0.168,"breakout":-0.13}}
{"ts":"2025-10-13 06:20:55","evt":"hb","src":"RT","state":"active","rt_fresh":true,"dayR":0.0,"weekR":0.0,"week_halted":false,"pos":2,"avg":6676.67,"bars":392,"consec_losses":0,"equity":30000.0,"equity_hwm":30000.0,"suggest_qty":2,"arms":{"trend":8,"breakout":38},"armR":{"trend":0.168,"breakout":-0.13}}
{"ts":"2025-10-13 06:20:55","evt":"hb","src":"RT","state":"active","rt_fresh":true,"dayR":0.0,"weekR":0.0,"week_halted":false,"pos":2,"avg":6676.67,"bars":392,"consec_losses":0,"equity":30000.0,"equity_hwm":30000.0,"suggest_qty":2,"arms":{"trend":8,"breakout":38},"armR":{"trend":0.168,"breakout":-0.13}}
{"ts":"2025-10-13 06:20:56","evt":"hb","src":"RT","state":"active","rt_fresh":true,"dayR":0.0,"weekR":0.0,"week_halted":false,"pos":2,"avg":6676.67,"bars":392,"consec_losses":0,"equity":30000.0,"equity_hwm":30000.0,"suggest_qty":2,"arms":{"trend":8,"breakout":38},"armR":{"trend":0.168,"breakout":-0.13}}
{"ts":"2025-10-13 06:20:56","evt":"hb","src":"RT","state":"active","rt_fresh":true,"dayR":0.0,"weekR":0.0,"week_halted":false,"pos":2,"avg":6676.67,"bars":393,"consec_losses":0,"equity":30000.0,"equity_hwm":30000.0,"suggest_qty":2,"arms":{"trend":8,"breakout":38},"armR":{"trend":0.168,"breakout":-0.13}}
{"ts":"2025-10-13 06:20:57","evt":"hb","src":"RT","state":"active","rt_fresh":true,"dayR":0.0,"weekR":0.0,"week_halted":false,"pos":2,"avg":6676.67,"bars":393,"consec_losses":0,"equity":30000.0,"equity_hwm":30000.0,"suggest_qty":2,"arms":{"trend":8,"breakout":38},"armR":{"trend":0.168,"breakout":-0.13}}
{"ts":"2025-10-13 06:20:57","evt":"hb","src":"RT","state":"active","rt_fresh":true,"dayR":0.0,"weekR":0.0,"week_halted":false,"pos":2,"avg":6676.67,"bars":393,"consec_losses":0,"equity":30000.0,"equity_hwm":30000.0,"suggest_qty":2,"arms":{"trend":8,"breakout":38},"armR":{"trend":0.168,"breakout":-0.13}}
{"ts":"2025-10-13 06:20:58","evt":"hb","src":"RT","state":"active","rt_fresh":true,"dayR":0.0,"weekR":0.0,"week_halted":false,"pos":2,"avg":6676.67,"bars":393,"consec_losses":0,"equity":30000.0,"equity_hwm":30000.0,"suggest_qty":2,"arms":{"trend":8,"breakout":38},"armR":{"trend":0.168,"breakout":-0.13}}
{"ts":"2025-10-13 06:20:58","evt":"hb","src":"RT","state":"active","rt_fresh":true,"dayR":0.0,"weekR":0.0,"week_halted":false,"pos":2,"avg":6676.67,"bars":393,"consec_losses":0,"equity":30000.0,"equity_hwm":30000.0,"suggest_qty":2,"arms":{"trend":8,"breakout":38},"armR":{"trend":0.168,"breakout":-0.13}}
{"ts":"2025-10-13 06:20:59","evt":"hb","src":"RT","state":"active","rt_fresh":true,"dayR":0.0,"weekR":0.0,"week_halted":false,"pos":2,"avg":6676.67,"bars":393,"consec_losses":0,"equity":30000.0,"equity_hwm":30000.0,"suggest_qty":2,"arms":{"trend":8,"breakout":38},"armR":{"trend":0.168,"breakout":-0.13}}
{"ts":"2025-10-13 06:20:59","evt":"hb","src":"RT","state":"active","rt_fresh":true,"dayR":0.0,"weekR":0.0,"week_halted":false,"pos":2,"avg":6676.67,"bars":393,"consec_losses":0,"equity":30000.0,"equity_hwm":30000.0,"suggest_qty":2,"arms":{"trend":8,"breakout":38},"armR":{"trend":0.168,"breakout":-0.13}}
{"ts":"2025-10-13 06:21:00","evt":"hb","src":"RT","state":"active","rt_fresh":true,"dayR":0.0,"weekR":0.0,"week_halted":false,"pos":2,"avg":6676.67,"bars":393,"consec_losses":0,"equity":30000.0,"equity_hwm":30000.0,"suggest_qty":2,"arms":{"trend":8,"breakout":38},"armR":{"trend":0.168,"breakout":-0.13}}
{"ts":"2025-10-13 06:21:00","evt":"hb","src":"RT","state":"active","rt_fresh":true,"dayR":0.0,"weekR":0.0,"week_halted":false,"pos":2,"avg":6676.67,"bars":393,"consec_losses":0,"equity":30000.0,"equity_hwm":30000.0,"suggest_qty":2,"arms":{"trend":8,"breakout":38},"armR":{"trend":0.168,"breakout":-0.13}}
{"ts":"2025-10-13 06:21:01","evt":"hb","src":"RT","state":"active","rt_fresh":true,"dayR":0.0,"weekR":0.0,"week_halted":false,"pos":2,"avg":6676.67,"bars":393,"consec_losses":0,"equity":30000.0,"equity_hwm":30000.0,"suggest_qty":2,"arms":{"trend":8,"breakout":38},"armR":{"trend":0.168,"breakout":-0.13}}
{"ts":"2025-10-13 06:21:01","evt":"hb","src":"RT","state":"active","rt_fresh":true,"dayR":0.0,"weekR":0.0,"week_halted":false,"pos":2,"avg":6676.67,"bars":394,"consec_losses":0,"equity":30000.0,"equity_hwm":30000.0,"suggest_qty":2,"arms":{"trend":8,"breakout":38},"armR":{"trend":0.168,"breakout":-0.13}}
{"ts":"2025-10-13 06:21:02","evt":"hb","src":"RT","state":"active","rt_fresh":true,"dayR":0.0,"weekR":0.0,"week_halted":false,"pos":2,"avg":6676.67,"bars":394,"consec_losses":0,"equity":30000.0,"equity_hwm":30000.0,"suggest_qty":2,"arms":{"trend":8,"breakout":38},"armR":{"trend":0.168,"breakout":-0.13}}
{"ts":"2025-10-13 06:21:02","evt":"hb","src":"RT","state":"active","rt_fresh":true,"dayR":0.0,"weekR":0.0,"week_halted":false,"pos":2,"avg":6676.67,"bars":394,"consec_losses":0,"equity":30000.0,"equity_hwm":30000.0,"suggest_qty":2,"arms":{"trend":8,"breakout":38},"armR":{"trend":0.168,"breakout":-0.13}}
{"ts":"2025-10-13 06:21:03","evt":"hb","src":"RT","state":"active","rt_fresh":true,"dayR":0.0,"weekR":0.0,"week_halted":false,"pos":2,"avg":6676.67,"bars":394,"consec_losses":0,"equity":30000.0,"equity_hwm":30000.0,"suggest_qty":2,"arms":{"trend":8,"breakout":38},"armR":{"trend":0.168,"breakout":-0.13}}
{"ts":"2025-10-13 06:21:03","evt":"hb","src":"RT","state":"active","rt_fresh":true,"dayR":0.0,"weekR":0.0,"week_halted":false,"pos":2,"avg":6676.67,"bars":394,"consec_losses":0,"equity":30000.0,"equity_hwm":30000.0,"suggest_qty":2,"arms":{"trend":8,"breakout":38},"armR":{"trend":0.168,"breakout":-0.13}}
{"ts":"2025-10-13 06:21:04","evt":"hb","src":"RT","state":"active","rt_fresh":true,"dayR":0.0,"weekR":0.0,"week_halted":false,"pos":2,"avg":6676.67,"bars":394,"consec_losses":0,"equity":30000.0,"equity_hwm":30000.0,"suggest_qty":2,"arms":{"trend":8,"breakout":38},"armR":{"trend":0.168,"breakout":-0.13}}
{"ts":"2025-10-13 06:21:04","evt":"hb","src":"RT","state":"active","rt_fresh":true,"dayR":0.0,"weekR":0.0,"week_halted":false,"pos":2,"avg":6676.67,"bars":394,"consec_losses":0,"equity":30000.0,"equity_hwm":30000.0,"suggest_qty":2,"arms":{"trend":8,"breakout":38},"armR":{"trend":0.168,"breakout":-0.13}}
{"ts":"2025-10-13 06:21:05","evt":"hb","src":"RT","state":"active","rt_fresh":true,"dayR":0.0,"weekR":0.0,"week_halted":false,"pos":2,"avg":6676.67,"bars":394,"consec_losses":0,"equity":30000.0,"equity_hwm":30000.0,"suggest_qty":2,"arms":{"trend":8,"breakout":38},"armR":{"trend":0.168,"breakout":-0.13}}
{"ts":"2025-10-13 06:21:05","evt":"hb","src":"RT","state":"active","rt_fresh":true,"dayR":0.0,"weekR":0.0,"week_halted":false,"pos":2,"avg":6676.67,"bars":394,"consec_losses":0,"equity":30000.0,"equity_hwm":30000.0,"suggest_qty":2,"arms":{"trend":8,"breakout":38},"armR":{"trend":0.168,"breakout":-0.13}}
{"ts":"2025-10-13 06:21:06","evt":"hb","src":"RT","state":"active","rt_fresh":true,"dayR":0.0,"weekR":0.0,"week_halted":false,"pos":2,"avg":6676.67,"bars":394,"consec_losses":0,"equity":30000.0,"equity_hwm":30000.0,"suggest_qty":2,"arms":{"trend":8,"breakout":38},"armR":{"trend":0.168,"breakout":-0.13}}
{"ts":"2025-10-13 06:21:06","evt":"hb","src":"RT","state":"active","rt_fresh":true,"dayR":0.0,"weekR":0.0,"week_halted":false,"pos":2,"avg":6676.67,"bars":395,"consec_losses":0,"equity":30000.0,"equity_hwm":30000.0,"suggest_qty":2,"arms":{"trend":8,"breakout":38},"armR":{"trend":0.168,"breakout":-0.13}}
{"ts":"2025-10-13 06:21:07","evt":"hb","src":"RT","state":"active","rt_fresh":true,"dayR":0.0,"weekR":0.0,"week_halted":false,"pos":2,"avg":6676.67,"bars":395,"consec_losses":0,"equity":30000.0,"equity_hwm":30000.0,"suggest_qty":2,"arms":{"trend":8,"breakout":38},"armR":{"trend":0.168,"breakout":-0.13}}
{"ts":"2025-10-13 06:21:07","evt":"hb","src":"RT","state":"active","rt_fresh":true,"dayR":0.0,"weekR":0.0,"week_halted":false,"pos":2,"avg":6676.67,"bars":395,"consec_losses":0,"equity":30000.0,"equity_hwm":30000.0,"suggest_qty":2,"arms":{"trend":8,"breakout":38},"armR":{"trend":0.168,"breakout":-0.13}}
{"ts":"2025-10-13 06:21:08","evt":"hb","src":"RT","state":"active","rt_fresh":true,"dayR":0.0,"weekR":0.0,"week_halted":false,"pos":2,"avg":6676.67,"bars":395,"consec_losses":0,"equity":30000.0,"equity_hwm":30000.0,"suggest_qty":2,"arms":{"trend":8,"breakout":38},"armR":{"trend":0.168,"breakout":-0.13}}
