Starting ES paper bot...
[CONNECT] 127.0.0.1:7497 clientId=111
[CONNECT] Attempt 1/24 -> clientId=111
Connected (clientId=111)
[MD] LIVE (1).
[CONTRACT] Auto-picked ESZ5 conId=495512563 expiry=20251219
[CONTRACT] Multiplier detected: 50
[BOOT] Hist seed: 361 bars
{"ts":"2025-10-13 06:03:28","evt":"hb","src":"RT","state":"active","rt_fresh":true,"dayR":0.0,"weekR":0.0,"week_halted":false,"pos":-2,"avg":6680.95,"bars":362,"consec_losses":0,"equity":30000.0,"equity_hwm":30000.0,"suggest_qty":2,"arms":{"trend":8,"breakout":38},"armR":{"trend":0.168,"breakout":-0.13}}
{"ts":"2025-10-13 06:03:29","evt":"hb","src":"RT","state":"active","rt_fresh":true,"dayR":0.0,"weekR":0.0,"week_halted":false,"pos":-2,"avg":6680.95,"bars":362,"consec_losses":0,"equity":30000.0,"equity_hwm":30000.0,"suggest_qty":2,"arms":{"trend":8,"breakout":38},"armR":{"trend":0.168,"breakout":-0.13}}
{"ts":"2025-10-13 06:03:29","evt":"hb","src":"RT","state":"active","rt_fresh":true,"dayR":0.0,"weekR":0.0,"week_halted":false,"pos":-2,"avg":6680.95,"bars":362,"consec_losses":0,"equity":30000.0,"equity_hwm":30000.0,"suggest_qty":2,"arms":{"trend":8,"breakout":38},"armR":{"trend":0.168,"breakout":-0.13}}
{"ts":"2025-10-13 06:03:30","evt":"hb","src":"RT","state":"active","rt_fresh":true,"dayR":0.0,"weekR":0.0,"week_halted":false,"pos":-2,"avg":6680.95,"bars":362,"consec_losses":0,"equity":30000.0,"equity_hwm":30000.0,"suggest_qty":2,"arms":{"trend":8,"breakout":38},"armR":{"trend":0.168,"breakout":-0.13}}
{"ts":"2025-10-13 06:03:30","evt":"hb","src":"RT","state":"active","rt_fresh":true,"dayR":0.0,"weekR":0.0,"week_halted":false,"pos":-2,"avg":6680.95,"bars":362,"consec_losses":0,"equity":30000.0,"equity_hwm":30000.0,"suggest_qty":2,"arms":{"trend":8,"breakout":38},"armR":{"trend":0.168,"breakout":-0.13}}
{"ts":"2025-10-13 06:03:31","evt":"hb","src":"RT","state":"active","rt_fresh":true,"dayR":0.0,"weekR":0.0,"week_halted":false,"pos":-2,"avg":6680.95,"bars":362,"consec_losses":0,"equity":30000.0,"equity_hwm":30000.0,"suggest_qty":2,"arms":{"trend":8,"breakout":38},"armR":{"trend":0.168,"breakout":-0.13}}
{"ts":"2025-10-13 06:03:31","evt":"hb","src":"RT","state":"active","rt_fresh":true,"dayR":0.0,"weekR":0.0,"week_halted":false,"pos":-2,"avg":6680.95,"bars":363,"consec_losses":0,"equity":30000.0,"equity_hwm":30000.0,"suggest_qty":2,"arms":{"trend":8,"breakout":38},"armR":{"trend":0.168,"breakout":-0.13}}
{"ts":"2025-10-13 06:03:32","evt":"hb","src":"RT","state":"active","rt_fresh":true,"dayR":0.0,"weekR":0.0,"week_halted":false,"pos":-2,"avg":6680.95,"bars":363,"consec_losses":0,"equity":30000.0,"equity_hwm":30000.0,"suggest_qty":2,"arms":{"trend":8,"breakout":38},"armR":{"trend":0.168,"breakout":-0.13}}
{"ts":"2025-10-13 06:03:32","evt":"hb","src":"RT","state":"active","rt_fresh":true,"dayR":0.0,"weekR":0.0,"week_halted":false,"pos":-2,"avg":6680.95,"bars":363,"consec_losses":0,"equity":30000.0,"equity_hwm":30000.0,"suggest_qty":2,"arms":{"trend":8,"breakout":38},"armR":{"trend":0.168,"breakout":-0.13}}
{"ts":"2025-10-13 06:03:33","evt":"hb","src":"RT","state":"active","rt_fresh":true,"dayR":0.0,"weekR":0.0,"week_halted":false,"pos":-2,"avg":6680.95,"bars":363,"consec_losses":0,"equity":30000.0,"equity_hwm":30000.0,"suggest_qty":2,"arms":{"trend":8,"breakout":38},"armR":{"trend":0.168,"breakout":-0.13}}
{"ts":"2025-10-13 06:03:33","evt":"hb","src":"RT","state":"active","rt_fresh":true,"dayR":0.0,"weekR":0.0,"week_halted":false,"pos":-2,"avg":6680.95,"bars":363,"consec_losses":0,"equity":30000.0,"equity_hwm":30000.0,"suggest_qty":2,"arms":{"trend":8,"breakout":38},"armR":{"trend":0.168,"breakout":-0.13}}
{"ts":"2025-10-13 06:03:34","evt":"hb","src":"RT","state":"active","rt_fresh":true,"dayR":0.0,"weekR":0.0,"week_halted":false,"pos":-2,"avg":6680.95,"bars":363,"consec_losses":0,"equity":30000.0,"equity_hwm":30000.0,"suggest_qty":2,"arms":{"trend":8,"breakout":38},"armR":{"trend":0.168,"breakout":-0.13}}
{"ts":"2025-10-13 06:03:34","evt":"hb","src":"RT","state":"active","rt_fresh":true,"dayR":0.0,"weekR":0.0,"week_halted":false,"pos":-2,"avg":6680.95,"bars":363,"consec_losses":0,"equity":30000.0,"equity_hwm":30000.0,"suggest_qty":2,"arms":{"trend":8,"breakout":38},"armR":{"trend":0.168,"breakout":-0.13}}
{"ts":"2025-10-13 06:03:35","evt":"hb","src":"RT","state":"active","rt_fresh":true,"dayR":0.0,"weekR":0.0,"week_halted":false,"pos":-2,"avg":6680.95,"bars":363,"consec_losses":0,"equity":30000.0,"equity_hwm":30000.0,"suggest_qty":2,"arms":{"trend":8,"breakout":38},"armR":{"trend":0.168,"breakout":-0.13}}
{"ts":"2025-10-13 06:03:35","evt":"hb","src":"RT","state":"active","rt_fresh":true,"dayR":0.0,"weekR":0.0,"week_halted":false,"pos":-2,"avg":6680.95,"bars":363,"consec_losses":0,"equity":30000.0,"equity_hwm":30000.0,"suggest_qty":2,"arms":{"trend":8,"breakout":38},"armR":{"trend":0.168,"breakout":-0.13}}
{"ts":"2025-10-13 06:03:36","evt":"hb","src":"RT","state":"active","rt_fresh":true,"dayR":0.0,"weekR":0.0,"week_halted":false,"pos":-2,"avg":6680.95,"bars":363,"consec_losses":0,"equity":30000.0,"equity_hwm":30000.0,"suggest_qty":2,"arms":{"trend":8,"breakout":38},"armR":{"trend":0.168,"breakout":-0.13}}
{"ts":"2025-10-13 06:03:36","evt":"hb","src":"RT","state":"active","rt_fresh":true,"dayR":0.0,"weekR":0.0,"week_halted":false,"pos":-2,"avg":6680.95,"bars":364,"consec_losses":0,"equity":30000.0,"equity_hwm":30000.0,"suggest_qty":2,"arms":{"trend":8,"breakout":38},"armR":{"trend":0.168,"breakout":-0.13}}
{"ts":"2025-10-13 06:03:37","evt":"hb","src":"RT","state":"active","rt_fresh":true,"dayR":0.0,"weekR":0.0,"week_halted":false,"pos":-2,"avg":6680.95,"bars":364,"consec_losses":0,"equity":30000.0,"equity_hwm":30000.0,"suggest_qty":2,"arms":{"trend":8,"breakout":38},"armR":{"trend":0.168,"breakout":-0.13}}
{"ts":"2025-10-13 06:03:37","evt":"hb","src":"RT","state":"active","rt_fresh":true,"dayR":0.0,"weekR":0.0,"week_halted":false,"pos":-2,"avg":6680.95,"bars":364,"consec_losses":0,"equity":30000.0,"equity_hwm":30000.0,"suggest_qty":2,"arms":{"trend":8,"breakout":38},"armR":{"trend":0.168,"breakout":-0.13}}
{"ts":"2025-10-13 06:03:38","evt":"hb","src":"RT","state":"active","rt_fresh":true,"dayR":0.0,"weekR":0.0,"week_halted":false,"pos":-2,"avg":6680.95,"bars":364,"consec_losses":0,"equity":30000.0,"equity_hwm":30000.0,"suggest_qty":2,"arms":{"trend":8,"breakout":38},"armR":{"trend":0.168,"breakout":-0.13}}
{"ts":"2025-10-13 06:03:38","evt":"hb","src":"RT","state":"active","rt_fresh":true,"dayR":0.0,"weekR":0.0,"week_halted":false,"pos":-2,"avg":6680.95,"bars":364,"consec_losses":0,"equity":30000.0,"equity_hwm":30000.0,"suggest_qty":2,"arms":{"trend":8,"breakout":38},"armR":{"trend":0.168,"breakout":-0.13}}
{"ts":"2025-10-13 06:03:39","evt":"hb","src":"RT","state":"active","rt_fresh":true,"dayR":0.0,"weekR":0.0,"week_halted":false,"pos":-2,"avg":6680.95,"bars":364,"consec_losses":0,"equity":30000.0,"equity_hwm":30000.0,"suggest_qty":2,"arms":{"trend":8,"breakout":38},"armR":{"trend":0.168,"breakout":-0.13}}
{"ts":"2025-10-13 06:03:40","evt":"hb","src":"RT","state":"active","rt_fresh":true,"dayR":0.0,"weekR":0.0,"week_halted":false,"pos":-2,"avg":6680.95,"bars":364,"consec_losses":0,"equity":30000.0,"equity_hwm":30000.0,"suggest_qty":2,"arms":{"trend":8,"breakout":38},"armR":{"trend":0.168,"breakout":-0.13}}
{"ts":"2025-10-13 06:03:40","evt":"hb","src":"RT","state":"active","rt_fresh":true,"dayR":0.0,"weekR":0.0,"week_halted":false,"pos":-2,"avg":6680.95,"bars":364,"consec_losses":0,"equity":30000.0,"equity_hwm":30000.0,"suggest_qty":2,"arms":{"trend":8,"breakout":38},"armR":{"trend":0.168,"breakout":-0.13}}
^C