2025-10-13 01:37:05 [WD] pid=22888
Starting ES paper bot...
[CONNECT] 127.0.0.1:7497 clientId=111
[CONNECT] Attempt 1/24 -> clientId=111
Connected (clientId=111)
[MD] LIVE (1).
[CONTRACT] Auto-picked ESZ5 conId=495512563 expiry=20251219
[CONTRACT] Multiplier detected: 50
[BOOT] Hist seed: 360 bars
{"ts":"2025-10-13 06:37:16","evt":"hb","src":"RT","state":"active","rt_fresh":true,"dayR":0.0,"weekR":0.0,"week_halted":false,"pos":2,"avg":6680.05,"bars":361,"consec_losses":0,"equity":30000.0,"equity_hwm":30000.0,"suggest_qty":2,"arms":{"trend":8,"breakout":38},"armR":{"trend":0.168,"breakout":-0.13}}
{"ts":"2025-10-13 06:37:17","evt":"hb","src":"RT","state":"active","rt_fresh":true,"dayR":0.0,"weekR":0.0,"week_halted":false,"pos":2,"avg":6680.05,"bars":362,"consec_losses":0,"equity":30000.0,"equity_hwm":30000.0,"suggest_qty":2,"arms":{"trend":8,"breakout":38},"armR":{"trend":0.168,"breakout":-0.13}}
{"ts":"2025-10-13 06:37:17","evt":"hb","src":"RT","state":"active","rt_fresh":true,"dayR":0.0,"weekR":0.0,"week_halted":false,"pos":2,"avg":6680.05,"bars":362,"consec_losses":0,"equity":30000.0,"equity_hwm":30000.0,"suggest_qty":2,"arms":{"trend":8,"breakout":38},"armR":{"trend":0.168,"breakout":-0.13}}
{"ts":"2025-10-13 06:37:18","evt":"hb","src":"RT","state":"active","rt_fresh":true,"dayR":0.0,"weekR":0.0,"week_halted":false,"pos":2,"avg":6680.05,"bars":362,"consec_losses":0,"equity":30000.0,"equity_hwm":30000.0,"suggest_qty":2,"arms":{"trend":8,"breakout":38},"armR":{"trend":0.168,"breakout":-0.13}}
{"ts":"2025-10-13 06:37:18","evt":"hb","src":"RT","state":"active","rt_fresh":true,"dayR":0.0,"weekR":0.0,"week_halted":false,"pos":2,"avg":6680.05,"bars":362,"consec_losses":0,"equity":30000.0,"equity_hwm":30000.0,"suggest_qty":2,"arms":{"trend":8,"breakout":38},"armR":{"trend":0.168,"breakout":-0.13}}
{"ts":"2025-10-13 06:37:19","evt":"hb","src":"RT","state":"active","rt_fresh":true,"dayR":0.0,"weekR":0.0,"week_halted":false,"pos":2,"avg":6680.05,"bars":362,"consec_losses":0,"equity":30000.0,"equity_hwm":30000.0,"suggest_qty":2,"arms":{"trend":8,"breakout":38},"armR":{"trend":0.168,"breakout":-0.13}}
{"ts":"2025-10-13 06:37:19","evt":"hb","src":"RT","state":"active","rt_fresh":true,"dayR":0.0,"weekR":0.0,"week_halted":false,"pos":2,"avg":6680.05,"bars":362,"consec_losses":0,"equity":30000.0,"equity_hwm":30000.0,"suggest_qty":2,"arms":{"trend":8,"breakout":38},"armR":{"trend":0.168,"breakout":-0.13}}
{"ts":"2025-10-13 06:37:20","evt":"hb","src":"RT","state":"active","rt_fresh":true,"dayR":0.0,"weekR":0.0,"week_halted":false,"pos":2,"avg":6680.05,"bars":362,"consec_losses":0,"equity":30000.0,"equity_hwm":30000.0,"suggest_qty":2,"arms":{"trend":8,"breakout":38},"armR":{"trend":0.168,"breakout":-0.13}}
{"ts":"2025-10-13 06:37:20","evt":"hb","src":"RT","state":"active","rt_fresh":true,"dayR":0.0,"weekR":0.0,"week_halted":false,"pos":2,"avg":6680.05,"bars":362,"consec_losses":0,"equity":30000.0,"equity_hwm":30000.0,"suggest_qty":2,"arms":{"trend":8,"breakout":38},"armR":{"trend":0.168,"breakout":-0.13}}
{"ts":"2025-10-13 06:37:21","evt":"hb","src":"RT","state":"active","rt_fresh":true,"dayR":0.0,"weekR":0.0,"week_halted":false,"pos":2,"avg":6680.05,"bars":362,"consec_losses":0,"equity":30000.0,"equity_hwm":30000.0,"suggest_qty":2,"arms":{"trend":8,"breakout":38},"armR":{"trend":0.168,"breakout":-0.13}}
{"ts":"2025-10-13 06:37:21","evt":"hb","src":"RT","state":"active","rt_fresh":true,"dayR":0.0,"weekR":0.0,"week_halted":false,"pos":2,"avg":6680.05,"bars":363,"consec_losses":0,"equity":30000.0,"equity_hwm":30000.0,"suggest_qty":2,"arms":{"trend":8,"breakout":38},"armR":{"trend":0.168,"breakout":-0.13}}
{"ts":"2025-10-13 06:37:22","evt":"hb","src":"RT","state":"active","rt_fresh":true,"dayR":0.0,"weekR":0.0,"week_halted":false,"pos":2,"avg":6680.05,"bars":363,"consec_losses":0,"equity":30000.0,"equity_hwm":30000.0,"suggest_qty":2,"arms":{"trend":8,"breakout":38},"armR":{"trend":0.168,"breakout":-0.13}}
{"ts":"2025-10-13 06:37:22","evt":"hb","src":"RT","state":"active","rt_fresh":true,"dayR":0.0,"weekR":0.0,"week_halted":false,"pos":2,"avg":6680.05,"bars":363,"consec_losses":0,"equity":30000.0,"equity_hwm":30000.0,"suggest_qty":2,"arms":{"trend":8,"breakout":38},"armR":{"trend":0.168,"breakout":-0.13}}
{"ts":"2025-10-13 06:37:23","evt":"hb","src":"RT","state":"active","rt_fresh":true,"dayR":0.0,"weekR":0.0,"week_halted":false,"pos":2,"avg":6680.05,"bars":363,"consec_losses":0,"equity":30000.0,"equity_hwm":30000.0,"suggest_qty":2,"arms":{"trend":8,"breakout":38},"armR":{"trend":0.168,"breakout":-0.13}}
{"ts":"2025-10-13 06:37:23","evt":"hb","src":"RT","state":"active","rt_fresh":true,"dayR":0.0,"weekR":0.0,"week_halted":false,"pos":2,"avg":6680.05,"bars":363,"consec_losses":0,"equity":30000.0,"equity_hwm":30000.0,"suggest_qty":2,"arms":{"trend":8,"breakout":38},"armR":{"trend":0.168,"breakout":-0.13}}
{"ts":"2025-10-13 06:37:24","evt":"hb","src":"RT","state":"active","rt_fresh":true,"dayR":0.0,"weekR":0.0,"week_halted":false,"pos":2,"avg":6680.05,"bars":363,"consec_losses":0,"equity":30000.0,"equity_hwm":30000.0,"suggest_qty":2,"arms":{"trend":8,"breakout":38},"armR":{"trend":0.168,"breakout":-0.13}}
{"ts":"2025-10-13 06:37:24","evt":"hb","src":"RT","state":"active","rt_fresh":true,"dayR":0.0,"weekR":0.0,"week_halted":false,"pos":2,"avg":6680.05,"bars":363,"consec_losses":0,"equity":30000.0,"equity_hwm":30000.0,"suggest_qty":2,"arms":{"trend":8,"breakout":38},"armR":{"trend":0.168,"breakout":-0.13}}
{"ts":"2025-10-13 06:37:25","evt":"hb","src":"RT","state":"active","rt_fresh":true,"dayR":0.0,"weekR":0.0,"week_halted":false,"pos":2,"avg":6680.05,"bars":363,"consec_losses":0,"equity":30000.0,"equity_hwm":30000.0,"suggest_qty":2,"arms":{"trend":8,"breakout":38},"armR":{"trend":0.168,"breakout":-0.13}}
{"ts":"2025-10-13 06:37:25","evt":"hb","src":"RT","state":"active","rt_fresh":true,"dayR":0.0,"weekR":0.0,"week_halted":false,"pos":2,"avg":6680.05,"bars":363,"consec_losses":0,"equity":30000.0,"equity_hwm":30000.0,"suggest_qty":2,"arms":{"trend":8,"breakout":38},"armR":{"trend":0.168,"breakout":-0.13}}
{"ts":"2025-10-13 06:37:26","evt":"hb","src":"RT","state":"active","rt_fresh":true,"dayR":0.0,"weekR":0.0,"week_halted":false,"pos":2,"avg":6680.05,"bars":364,"consec_losses":0,"equity":30000.0,"equity_hwm":30000.0,"suggest_qty":2,"arms":{"trend":8,"breakout":38},"armR":{"trend":0.168,"breakout":-0.13}}
{"ts":"2025-10-13 06:37:27","evt":"hb","src":"RT","state":"active","rt_fresh":true,"dayR":0.0,"weekR":0.0,"week_halted":false,"pos":2,"avg":6680.05,"bars":364,"consec_losses":0,"equity":30000.0,"equity_hwm":30000.0,"suggest_qty":2,"arms":{"trend":8,"breakout":38},"armR":{"trend":0.168,"breakout":-0.13}}
{"ts":"2025-10-13 06:37:27","evt":"hb","src":"RT","state":"active","rt_fresh":true,"dayR":0.0,"weekR":0.0,"week_halted":false,"pos":2,"avg":6680.05,"bars":364,"consec_losses":0,"equity":30000.0,"equity_hwm":30000.0,"suggest_qty":2,"arms":{"trend":8,"breakout":38},"armR":{"trend":0.168,"breakout":-0.13}}
{"ts":"2025-10-13 06:37:28","evt":"hb","src":"RT","state":"active","rt_fresh":true,"dayR":0.0,"weekR":0.0,"week_halted":false,"pos":2,"avg":6680.05,"bars":364,"consec_losses":0,"equity":30000.0,"equity_hwm":30000.0,"suggest_qty":2,"arms":{"trend":8,"breakout":38},"armR":{"trend":0.168,"breakout":-0.13}}
{"ts":"2025-10-13 06:37:28","evt":"hb","src":"RT","state":"active","rt_fresh":true,"dayR":0.0,"weekR":0.0,"week_halted":false,"pos":2,"avg":6680.05,"bars":364,"consec_losses":0,"equity":30000.0,"equity_hwm":30000.0,"suggest_qty":2,"arms":{"trend":8,"breakout":38},"armR":{"trend":0.168,"breakout":-0.13}}
{"ts":"2025-10-13 06:37:29","evt":"hb","src":"RT","state":"active","rt_fresh":true,"dayR":0.0,"weekR":0.0,"week_halted":false,"pos":2,"avg":6680.05,"bars":364,"consec_losses":0,"equity":30000.0,"equity_hwm":30000.0,"suggest_qty":2,"arms":{"trend":8,"breakout":38},"armR":{"trend":0.168,"breakout":-0.13}}
{"ts":"2025-10-13 06:37:29","evt":"hb","src":"RT","state":"active","rt_fresh":true,"dayR":0.0,"weekR":0.0,"week_halted":false,"pos":2,"avg":6680.05,"bars":364,"consec_losses":0,"equity":30000.0,"equity_hwm":30000.0,"suggest_qty":2,"arms":{"trend":8,"breakout":38},"armR":{"trend":0.168,"breakout":-0.13}}
{"ts":"2025-10-13 06:37:30","evt":"hb","src":"RT","state":"active","rt_fresh":true,"dayR":0.0,"weekR":0.0,"week_halted":false,"pos":2,"avg":6680.05,"bars":364,"consec_losses":0,"equity":30000.0,"equity_hwm":30000.0,"suggest_qty":2,"arms":{"trend":8,"breakout":38},"armR":{"trend":0.168,"breakout":-0.13}}
{"ts":"2025-10-13 06:37:30","evt":"hb","src":"RT","state":"active","rt_fresh":true,"dayR":0.0,"weekR":0.0,"week_halted":false,"pos":2,"avg":6680.05,"bars":364,"consec_losses":0,"equity":30000.0,"equity_hwm":30000.0,"suggest_qty":2,"arms":{"trend":8,"breakout":38},"armR":{"trend":0.168,"breakout":-0.13}}
{"ts":"2025-10-13 06:37:31","evt":"hb","src":"RT","state":"active","rt_fresh":true,"dayR":0.0,"weekR":0.0,"week_halted":false,"pos":2,"avg":6680.05,"bars":364,"consec_losses":0,"equity":30000.0,"equity_hwm":30000.0,"suggest_qty":2,"arms":{"trend":8,"breakout":38},"armR":{"trend":0.168,"breakout":-0.13}}
{"ts":"2025-10-13 06:37:31","evt":"hb","src":"RT","state":"active","rt_fresh":true,"dayR":0.0,"weekR":0.0,"week_halted":false,"pos":2,"avg":6680.05,"bars":364,"consec_losses":0,"equity":30000.0,"equity_hwm":30000.0,"suggest_qty":2,"arms":{"trend":8,"breakout":38},"armR":{"trend":0.168,"breakout":-0.13}}
{"ts":"2025-10-13 06:37:32","evt":"hb","src":"RT","state":"active","rt_fresh":true,"dayR":0.0,"weekR":0.0,"week_halted":false,"pos":2,"avg":6680.05,"bars":365,"consec_losses":0,"equity":30000.0,"equity_hwm":30000.0,"suggest_qty":2,"arms":{"trend":8,"breakout":38},"armR":{"trend":0.168,"breakout":-0.13}}
{"ts":"2025-10-13 06:37:32","evt":"hb","src":"RT","state":"active","rt_fresh":true,"dayR":0.0,"weekR":0.0,"week_halted":false,"pos":2,"avg":6680.05,"bars":365,"consec_losses":0,"equity":30000.0,"equity_hwm":30000.0,"suggest_qty":2,"arms":{"trend":8,"breakout":38},"armR":{"trend":0.168,"breakout":-0.13}}
{"ts":"2025-10-13 06:37:33","evt":"hb","src":"RT","state":"active","rt_fresh":true,"dayR":0.0,"weekR":0.0,"week_halted":false,"pos":2,"avg":6680.05,"bars":365,"consec_losses":0,"equity":30000.0,"equity_hwm":30000.0,"suggest_qty":2,"arms":{"trend":8,"breakout":38},"armR":{"trend":0.168,"breakout":-0.13}}
{"ts":"2025-10-13 06:37:33","evt":"hb","src":"RT","state":"active","rt_fresh":true,"dayR":0.0,"weekR":0.0,"week_halted":false,"pos":2,"avg":6680.05,"bars":365,"consec_losses":0,"equity":30000.0,"equity_hwm":30000.0,"suggest_qty":2,"arms":{"trend":8,"breakout":38},"armR":{"trend":0.168,"breakout":-0.13}}
{"ts":"2025-10-13 06:37:34","evt":"hb","src":"RT","state":"active","rt_fresh":true,"dayR":0.0,"weekR":0.0,"week_halted":false,"pos":2,"avg":6680.05,"bars":365,"consec_losses":0,"equity":30000.0,"equity_hwm":30000.0,"suggest_qty":2,"arms":{"trend":8,"breakout":38},"armR":{"trend":0.168,"breakout":-0.13}}
{"ts":"2025-10-13 06:37:34","evt":"hb","src":"RT","state":"active","rt_fresh":true,"dayR":0.0,"weekR":0.0,"week_halted":false,"pos":2,"avg":6680.05,"bars":365,"consec_losses":0,"equity":30000.0,"equity_hwm":30000.0,"suggest_qty":2,"arms":{"trend":8,"breakout":38},"armR":{"trend":0.168,"breakout":-0.13}}
{"ts":"2025-10-13 06:37:35","evt":"hb","src":"RT","state":"active","rt_fresh":true,"dayR":0.0,"weekR":0.0,"week_halted":false,"pos":2,"avg":6680.05,"bars":365,"consec_losses":0,"equity":30000.0,"equity_hwm":30000.0,"suggest_qty":2,"arms":{"trend":8,"breakout":38},"armR":{"trend":0.168,"breakout":-0.13}}
{"ts":"2025-10-13 06:37:35","evt":"hb","src":"RT","state":"active","rt_fresh":true,"dayR":0.0,"weekR":0.0,"week_halted":false,"pos":2,"avg":6680.05,"bars":365,"consec_losses":0,"equity":30000.0,"equity_hwm":30000.0,"suggest_qty":2,"arms":{"trend":8,"breakout":38},"armR":{"trend":0.168,"breakout":-0.13}}
{"ts":"2025-10-13 06:37:36","evt":"hb","src":"RT","state":"active","rt_fresh":true,"dayR":0.0,"weekR":0.0,"week_halted":false,"pos":2,"avg":6680.05,"bars":365,"consec_losses":0,"equity":30000.0,"equity_hwm":30000.0,"suggest_qty":2,"arms":{"trend":8,"breakout":38},"armR":{"trend":0.168,"breakout":-0.13}}
{"ts":"2025-10-13 06:37:36","evt":"hb","src":"RT","state":"active","rt_fresh":true,"dayR":0.0,"weekR":0.0,"week_halted":false,"pos":2,"avg":6680.05,"bars":366,"consec_losses":0,"equity":30000.0,"equity_hwm":30000.0,"suggest_qty":2,"arms":{"trend":8,"breakout":38},"armR":{"trend":0.168,"breakout":-0.13}}
{"ts":"2025-10-13 06:37:37","evt":"hb","src":"RT","state":"active","rt_fresh":true,"dayR":0.0,"weekR":0.0,"week_halted":false,"pos":2,"avg":6680.05,"bars":366,"consec_losses":0,"equity":30000.0,"equity_hwm":30000.0,"suggest_qty":2,"arms":{"trend":8,"breakout":38},"armR":{"trend":0.168,"breakout":-0.13}}
{"ts":"2025-10-13 06:37:37","evt":"hb","src":"RT","state":"active","rt_fresh":true,"dayR":0.0,"weekR":0.0,"week_halted":false,"pos":2,"avg":6680.05,"bars":366,"consec_losses":0,"equity":30000.0,"equity_hwm":30000.0,"suggest_qty":2,"arms":{"trend":8,"breakout":38},"armR":{"trend":0.168,"breakout":-0.13}}
{"ts":"2025-10-13 06:37:38","evt":"hb","src":"RT","state":"active","rt_fresh":true,"dayR":0.0,"weekR":0.0,"week_halted":false,"pos":2,"avg":6680.05,"bars":366,"consec_losses":0,"equity":30000.0,"equity_hwm":30000.0,"suggest_qty":2,"arms":{"trend":8,"breakout":38},"armR":{"trend":0.168,"breakout":-0.13}}
{"ts":"2025-10-13 06:37:38","evt":"hb","src":"RT","state":"active","rt_fresh":true,"dayR":0.0,"weekR":0.0,"week_halted":false,"pos":2,"avg":6680.05,"bars":366,"consec_losses":0,"equity":30000.0,"equity_hwm":30000.0,"suggest_qty":2,"arms":{"trend":8,"breakout":38},"armR":{"trend":0.168,"breakout":-0.13}}
{"ts":"2025-10-13 06:37:39","evt":"hb","src":"RT","state":"active","rt_fresh":true,"dayR":0.0,"weekR":0.0,"week_halted":false,"pos":2,"avg":6680.05,"bars":366,"consec_losses":0,"equity":30000.0,"equity_hwm":30000.0,"suggest_qty":2,"arms":{"trend":8,"breakout":38},"armR":{"trend":0.168,"breakout":-0.13}}
{"ts":"2025-10-13 06:37:39","evt":"hb","src":"RT","state":"active","rt_fresh":true,"dayR":0.0,"weekR":0.0,"week_halted":false,"pos":2,"avg":6680.05,"bars":366,"consec_losses":0,"equity":30000.0,"equity_hwm":30000.0,"suggest_qty":2,"arms":{"trend":8,"breakout":38},"armR":{"trend":0.168,"breakout":-0.13}}
{"ts":"2025-10-13 06:37:40","evt":"hb","src":"RT","state":"active","rt_fresh":true,"dayR":0.0,"weekR":0.0,"week_halted":false,"pos":2,"avg":6680.05,"bars":366,"consec_losses":0,"equity":30000.0,"equity_hwm":30000.0,"suggest_qty":2,"arms":{"trend":8,"breakout":38},"armR":{"trend":0.168,"breakout":-0.13}}
{"ts":"2025-10-13 06:37:40","evt":"hb","src":"RT","state":"active","rt_fresh":true,"dayR":0.0,"weekR":0.0,"week_halted":false,"pos":2,"avg":6680.05,"bars":366,"consec_losses":0,"equity":30000.0,"equity_hwm":30000.0,"suggest_qty":2,"arms":{"trend":8,"breakout":38},"armR":{"trend":0.168,"breakout":-0.13}}
{"ts":"2025-10-13 06:37:41","evt":"hb","src":"RT","state":"active","rt_fresh":true,"dayR":0.0,"weekR":0.0,"week_halted":false,"pos":2,"avg":6680.05,"bars":366,"consec_losses":0,"equity":30000.0,"equity_hwm":30000.0,"suggest_qty":2,"arms":{"trend":8,"breakout":38},"armR":{"trend":0.168,"breakout":-0.13}}
{"ts":"2025-10-13 06:37:41","evt":"hb","src":"RT","state":"active","rt_fresh":true,"dayR":0.0,"weekR":0.0,"week_halted":false,"pos":2,"avg":6680.05,"bars":367,"consec_losses":0,"equity":30000.0,"equity_hwm":30000.0,"suggest_qty":2,"arms":{"trend":8,"breakout":38},"armR":{"trend":0.168,"breakout":-0.13}}
{"ts":"2025-10-13 06:37:42","evt":"hb","src":"RT","state":"active","rt_fresh":true,"dayR":0.0,"weekR":0.0,"week_halted":false,"pos":2,"avg":6680.05,"bars":367,"consec_losses":0,"equity":30000.0,"equity_hwm":30000.0,"suggest_qty":2,"arms":{"trend":8,"breakout":38},"armR":{"trend":0.168,"breakout":-0.13}}
{"ts":"2025-10-13 06:37:42","evt":"hb","src":"RT","state":"active","rt_fresh":true,"dayR":0.0,"weekR":0.0,"week_halted":false,"pos":2,"avg":6680.05,"bars":367,"consec_losses":0,"equity":30000.0,"equity_hwm":30000.0,"suggest_qty":2,"arms":{"trend":8,"breakout":38},"armR":{"trend":0.168,"breakout":-0.13}}
{"ts":"2025-10-13 06:37:43","evt":"hb","src":"RT","state":"active","rt_fresh":true,"dayR":0.0,"weekR":0.0,"week_halted":false,"pos":2,"avg":6680.05,"bars":367,"consec_losses":0,"equity":30000.0,"equity_hwm":30000.0,"suggest_qty":2,"arms":{"trend":8,"breakout":38},"armR":{"trend":0.168,"breakout":-0.13}}
{"ts":"2025-10-13 06:37:43","evt":"hb","src":"RT","state":"active","rt_fresh":true,"dayR":0.0,"weekR":0.0,"week_halted":false,"pos":2,"avg":6680.05,"bars":367,"consec_losses":0,"equity":30000.0,"equity_hwm":30000.0,"suggest_qty":2,"arms":{"trend":8,"breakout":38},"armR":{"trend":0.168,"breakout":-0.13}}
{"ts":"2025-10-13 06:37:44","evt":"hb","src":"RT","state":"active","rt_fresh":true,"dayR":0.0,"weekR":0.0,"week_halted":false,"pos":2,"avg":6680.05,"bars":367,"consec_losses":0,"equity":30000.0,"equity_hwm":30000.0,"suggest_qty":2,"arms":{"trend":8,"breakout":38},"armR":{"trend":0.168,"breakout":-0.13}}
{"ts":"2025-10-13 06:37:44","evt":"hb","src":"RT","state":"active","rt_fresh":true,"dayR":0.0,"weekR":0.0,"week_halted":false,"pos":2,"avg":6680.05,"bars":367,"consec_losses":0,"equity":30000.0,"equity_hwm":30000.0,"suggest_qty":2,"arms":{"trend":8,"breakout":38},"armR":{"trend":0.168,"breakout":-0.13}}
{"ts":"2025-10-13 06:37:45","evt":"hb","src":"RT","state":"active","rt_fresh":true,"dayR":0.0,"weekR":0.0,"week_halted":false,"pos":2,"avg":6680.05,"bars":367,"consec_losses":0,"equity":30000.0,"equity_hwm":30000.0,"suggest_qty":2,"arms":{"trend":8,"breakout":38},"armR":{"trend":0.168,"breakout":-0.13}}
{"ts":"2025-10-13 06:37:45","evt":"hb","src":"RT","state":"active","rt_fresh":true,"dayR":0.0,"weekR":0.0,"week_halted":false,"pos":2,"avg":6680.05,"bars":367,"consec_losses":0,"equity":30000.0,"equity_hwm":30000.0,"suggest_qty":2,"arms":{"trend":8,"breakout":38},"armR":{"trend":0.168,"breakout":-0.13}}
{"ts":"2025-10-13 06:37:46","evt":"hb","src":"RT","state":"active","rt_fresh":true,"dayR":0.0,"weekR":0.0,"week_halted":false,"pos":2,"avg":6680.05,"bars":367,"consec_losses":0,"equity":30000.0,"equity_hwm":30000.0,"suggest_qty":2,"arms":{"trend":8,"breakout":38},"armR":{"trend":0.168,"breakout":-0.13}}
{"ts":"2025-10-13 06:37:46","evt":"hb","src":"RT","state":"active","rt_fresh":true,"dayR":0.0,"weekR":0.0,"week_halted":false,"pos":2,"avg":6680.05,"bars":368,"consec_losses":0,"equity":30000.0,"equity_hwm":30000.0,"suggest_qty":2,"arms":{"trend":8,"breakout":38},"armR":{"trend":0.168,"breakout":-0.13}}
{"ts":"2025-10-13 06:37:47","evt":"hb","src":"RT","state":"active","rt_fresh":true,"dayR":0.0,"weekR":0.0,"week_halted":false,"pos":2,"avg":6680.05,"bars":368,"consec_losses":0,"equity":30000.0,"equity_hwm":30000.0,"suggest_qty":2,"arms":{"trend":8,"breakout":38},"armR":{"trend":0.168,"breakout":-0.13}}
{"ts":"2025-10-13 06:37:47","evt":"hb","src":"RT","state":"active","rt_fresh":true,"dayR":0.0,"weekR":0.0,"week_halted":false,"pos":2,"avg":6680.05,"bars":368,"consec_losses":0,"equity":30000.0,"equity_hwm":30000.0,"suggest_qty":2,"arms":{"trend":8,"breakout":38},"armR":{"trend":0.168,"breakout":-0.13}}
{"ts":"2025-10-13 06:37:48","evt":"hb","src":"RT","state":"active","rt_fresh":true,"dayR":0.0,"weekR":0.0,"week_halted":false,"pos":2,"avg":6680.05,"bars":368,"consec_losses":0,"equity":30000.0,"equity_hwm":30000.0,"suggest_qty":2,"arms":{"trend":8,"breakout":38},"armR":{"trend":0.168,"breakout":-0.13}}
{"ts":"2025-10-13 06:37:48","evt":"hb","src":"RT","state":"active","rt_fresh":true,"dayR":0.0,"weekR":0.0,"week_halted":false,"pos":2,"avg":6680.05,"bars":368,"consec_losses":0,"equity":30000.0,"equity_hwm":30000.0,"suggest_qty":2,"arms":{"trend":8,"breakout":38},"armR":{"trend":0.168,"breakout":-0.13}}
{"ts":"2025-10-13 06:37:49","evt":"hb","src":"RT","state":"active","rt_fresh":true,"dayR":0.0,"weekR":0.0,"week_halted":false,"pos":2,"avg":6680.05,"bars":368,"consec_losses":0,"equity":30000.0,"equity_hwm":30000.0,"suggest_qty":2,"arms":{"trend":8,"breakout":38},"armR":{"trend":0.168,"breakout":-0.13}}
{"ts":"2025-10-13 06:37:49","evt":"hb","src":"RT","state":"active","rt_fresh":true,"dayR":0.0,"weekR":0.0,"week_halted":false,"pos":2,"avg":6680.05,"bars":368,"consec_losses":0,"equity":30000.0,"equity_hwm":30000.0,"suggest_qty":2,"arms":{"trend":8,"breakout":38},"armR":{"trend":0.168,"breakout":-0.13}}
{"ts":"2025-10-13 06:37:50","evt":"hb","src":"RT","state":"active","rt_fresh":true,"dayR":0.0,"weekR":0.0,"week_halted":false,"pos":2,"avg":6680.05,"bars":368,"consec_losses":0,"equity":30000.0,"equity_hwm":30000.0,"suggest_qty":2,"arms":{"trend":8,"breakout":38},"armR":{"trend":0.168,"breakout":-0.13}}
{"ts":"2025-10-13 06:37:50","evt":"hb","src":"RT","state":"active","rt_fresh":true,"dayR":0.0,"weekR":0.0,"week_halted":false,"pos":2,"avg":6680.05,"bars":368,"consec_losses":0,"equity":30000.0,"equity_hwm":30000.0,"suggest_qty":2,"arms":{"trend":8,"breakout":38},"armR":{"trend":0.168,"breakout":-0.13}}
{"ts":"2025-10-13 06:37:51","evt":"hb","src":"RT","state":"active","rt_fresh":true,"dayR":0.0,"weekR":0.0,"week_halted":false,"pos":2,"avg":6680.05,"bars":368,"consec_losses":0,"equity":30000.0,"equity_hwm":30000.0,"suggest_qty":2,"arms":{"trend":8,"breakout":38},"armR":{"trend":0.168,"breakout":-0.13}}
{"ts":"2025-10-13 06:37:52","evt":"hb","src":"RT","state":"active","rt_fresh":true,"dayR":0.0,"weekR":0.0,"week_halted":false,"pos":2,"avg":6680.05,"bars":369,"consec_losses":0,"equity":30000.0,"equity_hwm":30000.0,"suggest_qty":2,"arms":{"trend":8,"breakout":38},"armR":{"trend":0.168,"breakout":-0.13}}
{"ts":"2025-10-13 06:37:52","evt":"hb","src":"RT","state":"active","rt_fresh":true,"dayR":0.0,"weekR":0.0,"week_halted":false,"pos":2,"avg":6680.05,"bars":369,"consec_losses":0,"equity":30000.0,"equity_hwm":30000.0,"suggest_qty":2,"arms":{"trend":8,"breakout":38},"armR":{"trend":0.168,"breakout":-0.13}}
{"ts":"2025-10-13 06:37:53","evt":"hb","src":"RT","state":"active","rt_fresh":true,"dayR":0.0,"weekR":0.0,"week_halted":false,"pos":2,"avg":6680.05,"bars":369,"consec_losses":0,"equity":30000.0,"equity_hwm":30000.0,"suggest_qty":2,"arms":{"trend":8,"breakout":38},"armR":{"trend":0.168,"breakout":-0.13}}
{"ts":"2025-10-13 06:37:53","evt":"hb","src":"RT","state":"active","rt_fresh":true,"dayR":0.0,"weekR":0.0,"week_halted":false,"pos":2,"avg":6680.05,"bars":369,"consec_losses":0,"equity":30000.0,"equity_hwm":30000.0,"suggest_qty":2,"arms":{"trend":8,"breakout":38},"armR":{"trend":0.168,"breakout":-0.13}}
{"ts":"2025-10-13 06:37:54","evt":"hb","src":"RT","state":"active","rt_fresh":true,"dayR":0.0,"weekR":0.0,"week_halted":false,"pos":2,"avg":6680.05,"bars":369,"consec_losses":0,"equity":30000.0,"equity_hwm":30000.0,"suggest_qty":2,"arms":{"trend":8,"breakout":38},"armR":{"trend":0.168,"breakout":-0.13}}
{"ts":"2025-10-13 06:37:54","evt":"hb","src":"RT","state":"active","rt_fresh":true,"dayR":0.0,"weekR":0.0,"week_halted":false,"pos":2,"avg":6680.05,"bars":369,"consec_losses":0,"equity":30000.0,"equity_hwm":30000.0,"suggest_qty":2,"arms":{"trend":8,"breakout":38},"armR":{"trend":0.168,"breakout":-0.13}}
{"ts":"2025-10-13 06:37:55","evt":"hb","src":"RT","state":"active","rt_fresh":true,"dayR":0.0,"weekR":0.0,"week_halted":false,"pos":2,"avg":6680.05,"bars":369,"consec_losses":0,"equity":30000.0,"equity_hwm":30000.0,"suggest_qty":2,"arms":{"trend":8,"breakout":38},"armR":{"trend":0.168,"breakout":-0.13}}
{"ts":"2025-10-13 06:37:55","evt":"hb","src":"RT","state":"active","rt_fresh":true,"dayR":0.0,"weekR":0.0,"week_halted":false,"pos":2,"avg":6680.05,"bars":369,"consec_losses":0,"equity":30000.0,"equity_hwm":30000.0,"suggest_qty":2,"arms":{"trend":8,"breakout":38},"armR":{"trend":0.168,"breakout":-0.13}}
{"ts":"2025-10-13 06:37:56","evt":"flat_cycle","pnl_dollars":266.0,"R":0.887,"comm":4.5,"qty":2,"dayR":0.887,"consec_losses":0,"equity":30266.0,"equity_hwm":30266.0,"weekR":0.887}
{"ts":"2025-10-13 06:37:56","evt":"hb","src":"RT","state":"active","rt_fresh":true,"dayR":0.887,"weekR":0.887,"week_halted":false,"pos":0,"avg":0.0,"bars":370,"consec_losses":0,"equity":30266.0,"equity_hwm":30266.0,"suggest_qty":2,"arms":{"trend":8,"breakout":38},"armR":{"trend":0.168,"breakout":-0.13}}
{"ts":"2025-10-13 06:37:56","evt":"hb","src":"RT","state":"active","rt_fresh":true,"dayR":0.887,"weekR":0.887,"week_halted":false,"pos":0,"avg":0.0,"bars":370,"consec_losses":0,"equity":30266.0,"equity_hwm":30266.0,"suggest_qty":2,"arms":{"trend":8,"breakout":38},"armR":{"trend":0.168,"breakout":-0.13}}
{"ts":"2025-10-13 06:37:57","evt":"hb","src":"RT","state":"active","rt_fresh":true,"dayR":0.887,"weekR":0.887,"week_halted":false,"pos":0,"avg":0.0,"bars":370,"consec_losses":0,"equity":30266.0,"equity_hwm":30266.0,"suggest_qty":2,"arms":{"trend":8,"breakout":38},"armR":{"trend":0.168,"breakout":-0.13}}
{"ts":"2025-10-13 06:37:57","evt":"hb","src":"RT","state":"active","rt_fresh":true,"dayR":0.887,"weekR":0.887,"week_halted":false,"pos":0,"avg":0.0,"bars":370,"consec_losses":0,"equity":30266.0,"equity_hwm":30266.0,"suggest_qty":2,"arms":{"trend":8,"breakout":38},"armR":{"trend":0.168,"breakout":-0.13}}
{"ts":"2025-10-13 06:37:58","evt":"hb","src":"RT","state":"active","rt_fresh":true,"dayR":0.887,"weekR":0.887,"week_halted":false,"pos":0,"avg":0.0,"bars":370,"consec_losses":0,"equity":30266.0,"equity_hwm":30266.0,"suggest_qty":2,"arms":{"trend":8,"breakout":38},"armR":{"trend":0.168,"breakout":-0.13}}
{"ts":"2025-10-13 06:37:58","evt":"hb","src":"RT","state":"active","rt_fresh":true,"dayR":0.887,"weekR":0.887,"week_halted":false,"pos":0,"avg":0.0,"bars":370,"consec_losses":0,"equity":30266.0,"equity_hwm":30266.0,"suggest_qty":2,"arms":{"trend":8,"breakout":38},"armR":{"trend":0.168,"breakout":-0.13}}
{"ts":"2025-10-13 06:37:59","evt":"hb","src":"RT","state":"active","rt_fresh":true,"dayR":0.887,"weekR":0.887,"week_halted":false,"pos":0,"avg":0.0,"bars":370,"consec_losses":0,"equity":30266.0,"equity_hwm":30266.0,"suggest_qty":2,"arms":{"trend":8,"breakout":38},"armR":{"trend":0.168,"breakout":-0.13}}
{"ts":"2025-10-13 06:37:59","evt":"hb","src":"RT","state":"active","rt_fresh":true,"dayR":0.887,"weekR":0.887,"week_halted":false,"pos":0,"avg":0.0,"bars":370,"consec_losses":0,"equity":30266.0,"equity_hwm":30266.0,"suggest_qty":2,"arms":{"trend":8,"breakout":38},"armR":{"trend":0.168,"breakout":-0.13}}
{"ts":"2025-10-13 06:38:00","evt":"hb","src":"RT","state":"active","rt_fresh":true,"dayR":0.887,"weekR":0.887,"week_halted":false,"pos":0,"avg":0.0,"bars":370,"consec_losses":0,"equity":30266.0,"equity_hwm":30266.0,"suggest_qty":2,"arms":{"trend":8,"breakout":38},"armR":{"trend":0.168,"breakout":-0.13}}
{"ts":"2025-10-13 06:38:00","evt":"hb","src":"RT","state":"active","rt_fresh":true,"dayR":0.887,"weekR":0.887,"week_halted":false,"pos":0,"avg":0.0,"bars":370,"consec_losses":0,"equity":30266.0,"equity_hwm":30266.0,"suggest_qty":2,"arms":{"trend":8,"breakout":38},"armR":{"trend":0.168,"breakout":-0.13}}
{"ts":"2025-10-13 06:38:01","evt":"hb","src":"RT","state":"active","rt_fresh":true,"dayR":0.887,"weekR":0.887,"week_halted":false,"pos":0,"avg":0.0,"bars":370,"consec_losses":0,"equity":30266.0,"equity_hwm":30266.0,"suggest_qty":2,"arms":{"trend":8,"breakout":38},"armR":{"trend":0.168,"breakout":-0.13}}
{"ts":"2025-10-13 06:38:01","evt":"hb","src":"RT","state":"active","rt_fresh":true,"dayR":0.887,"weekR":0.887,"week_halted":false,"pos":0,"avg":0.0,"bars":371,"consec_losses":0,"equity":30266.0,"equity_hwm":30266.0,"suggest_qty":2,"arms":{"trend":8,"breakout":38},"armR":{"trend":0.168,"breakout":-0.13}}
{"ts":"2025-10-13 06:38:01","evt":"bracket_submitted","parentId":5692,"action":"BUY","qty":2,"entry":6683.75,"stop":6680.75,"tp":6686.75}
{"ts":"2025-10-13 06:38:02","evt":"hb","src":"RT","state":"cooldown","rt_fresh":true,"dayR":0.887,"weekR":0.887,"week_halted":false,"pos":2,"avg":6683.55,"bars":371,"consec_losses":0,"equity":30266.0,"equity_hwm":30266.0,"suggest_qty":2,"arms":{"trend":8,"breakout":38},"armR":{"trend":0.168,"breakout":-0.13}}
{"ts":"2025-10-13 06:38:02","evt":"hb","src":"RT","state":"cooldown","rt_fresh":true,"dayR":0.887,"weekR":0.887,"week_halted":false,"pos":2,"avg":6683.55,"bars":371,"consec_losses":0,"equity":30266.0,"equity_hwm":30266.0,"suggest_qty":2,"arms":{"trend":8,"breakout":38},"armR":{"trend":0.168,"breakout":-0.13}}
{"ts":"2025-10-13 06:38:03","evt":"hb","src":"RT","state":"cooldown","rt_fresh":true,"dayR":0.887,"weekR":0.887,"week_halted":false,"pos":2,"avg":6683.55,"bars":371,"consec_losses":0,"equity":30266.0,"equity_hwm":30266.0,"suggest_qty":2,"arms":{"trend":8,"breakout":38},"armR":{"trend":0.168,"breakout":-0.13}}
{"ts":"2025-10-13 06:38:03","evt":"hb","src":"RT","state":"cooldown","rt_fresh":true,"dayR":0.887,"weekR":0.887,"week_halted":false,"pos":2,"avg":6683.55,"bars":371,"consec_losses":0,"equity":30266.0,"equity_hwm":30266.0,"suggest_qty":2,"arms":{"trend":8,"breakout":38},"armR":{"trend":0.168,"breakout":-0.13}}
{"ts":"2025-10-13 06:38:04","evt":"hb","src":"RT","state":"cooldown","rt_fresh":true,"dayR":0.887,"weekR":0.887,"week_halted":false,"pos":2,"avg":6683.55,"bars":371,"consec_losses":0,"equity":30266.0,"equity_hwm":30266.0,"suggest_qty":2,"arms":{"trend":8,"breakout":38},"armR":{"trend":0.168,"breakout":-0.13}}
{"ts":"2025-10-13 06:38:04","evt":"hb","src":"RT","state":"cooldown","rt_fresh":true,"dayR":0.887,"weekR":0.887,"week_halted":false,"pos":2,"avg":6683.55,"bars":371,"consec_losses":0,"equity":30266.0,"equity_hwm":30266.0,"suggest_qty":2,"arms":{"trend":8,"breakout":38},"armR":{"trend":0.168,"breakout":-0.13}}
{"ts":"2025-10-13 06:38:05","evt":"hb","src":"RT","state":"cooldown","rt_fresh":true,"dayR":0.887,"weekR":0.887,"week_halted":false,"pos":2,"avg":6683.55,"bars":371,"consec_losses":0,"equity":30266.0,"equity_hwm":30266.0,"suggest_qty":2,"arms":{"trend":8,"breakout":38},"armR":{"trend":0.168,"breakout":-0.13}}
{"ts":"2025-10-13 06:38:05","evt":"hb","src":"RT","state":"cooldown","rt_fresh":true,"dayR":0.887,"weekR":0.887,"week_halted":false,"pos":2,"avg":6683.55,"bars":371,"consec_losses":0,"equity":30266.0,"equity_hwm":30266.0,"suggest_qty":2,"arms":{"trend":8,"breakout":38},"armR":{"trend":0.168,"breakout":-0.13}}
{"ts":"2025-10-13 06:38:06","evt":"hb","src":"RT","state":"cooldown","rt_fresh":true,"dayR":0.887,"weekR":0.887,"week_halted":false,"pos":2,"avg":6683.55,"bars":371,"consec_losses":0,"equity":30266.0,"equity_hwm":30266.0,"suggest_qty":2,"arms":{"trend":8,"breakout":38},"armR":{"trend":0.168,"breakout":-0.13}}
{"ts":"2025-10-13 06:38:06","evt":"hb","src":"RT","state":"cooldown","rt_fresh":true,"dayR":0.887,"weekR":0.887,"week_halted":false,"pos":2,"avg":6683.55,"bars":372,"consec_losses":0,"equity":30266.0,"equity_hwm":30266.0,"suggest_qty":2,"arms":{"trend":8,"breakout":38},"armR":{"trend":0.168,"breakout":-0.13}}
{"ts":"2025-10-13 06:38:07","evt":"hb","src":"RT","state":"cooldown","rt_fresh":true,"dayR":0.887,"weekR":0.887,"week_halted":false,"pos":2,"avg":6683.55,"bars":372,"consec_losses":0,"equity":30266.0,"equity_hwm":30266.0,"suggest_qty":2,"arms":{"trend":8,"breakout":38},"armR":{"trend":0.168,"breakout":-0.13}}
{"ts":"2025-10-13 06:38:07","evt":"hb","src":"RT","state":"cooldown","rt_fresh":true,"dayR":0.887,"weekR":0.887,"week_halted":false,"pos":2,"avg":6683.55,"bars":372,"consec_losses":0,"equity":30266.0,"equity_hwm":30266.0,"suggest_qty":2,"arms":{"trend":8,"breakout":38},"armR":{"trend":0.168,"breakout":-0.13}}
{"ts":"2025-10-13 06:38:08","evt":"hb","src":"RT","state":"cooldown","rt_fresh":true,"dayR":0.887,"weekR":0.887,"week_halted":false,"pos":2,"avg":6683.55,"bars":372,"consec_losses":0,"equity":30266.0,"equity_hwm":30266.0,"suggest_qty":2,"arms":{"trend":8,"breakout":38},"armR":{"trend":0.168,"breakout":-0.13}}
{"ts":"2025-10-13 06:38:08","evt":"hb","src":"RT","state":"cooldown","rt_fresh":true,"dayR":0.887,"weekR":0.887,"week_halted":false,"pos":2,"avg":6683.55,"bars":372,"consec_losses":0,"equity":30266.0,"equity_hwm":30266.0,"suggest_qty":2,"arms":{"trend":8,"breakout":38},"armR":{"trend":0.168,"breakout":-0.13}}
{"ts":"2025-10-13 06:38:09","evt":"hb","src":"RT","state":"cooldown","rt_fresh":true,"dayR":0.887,"weekR":0.887,"week_halted":false,"pos":2,"avg":6683.55,"bars":372,"consec_losses":0,"equity":30266.0,"equity_hwm":30266.0,"suggest_qty":2,"arms":{"trend":8,"breakout":38},"armR":{"trend":0.168,"breakout":-0.13}}
{"ts":"2025-10-13 06:38:09","evt":"hb","src":"RT","state":"cooldown","rt_fresh":true,"dayR":0.887,"weekR":0.887,"week_halted":false,"pos":2,"avg":6683.55,"bars":372,"consec_losses":0,"equity":30266.0,"equity_hwm":30266.0,"suggest_qty":2,"arms":{"trend":8,"breakout":38},"armR":{"trend":0.168,"breakout":-0.13}}
{"ts":"2025-10-13 06:38:10","evt":"hb","src":"RT","state":"cooldown","rt_fresh":true,"dayR":0.887,"weekR":0.887,"week_halted":false,"pos":2,"avg":6683.55,"bars":372,"consec_losses":0,"equity":30266.0,"equity_hwm":30266.0,"suggest_qty":2,"arms":{"trend":8,"breakout":38},"armR":{"trend":0.168,"breakout":-0.13}}
{"ts":"2025-10-13 06:38:10","evt":"hb","src":"RT","state":"cooldown","rt_fresh":true,"dayR":0.887,"weekR":0.887,"week_halted":false,"pos":2,"avg":6683.55,"bars":372,"consec_losses":0,"equity":30266.0,"equity_hwm":30266.0,"suggest_qty":2,"arms":{"trend":8,"breakout":38},"armR":{"trend":0.168,"breakout":-0.13}}
{"ts":"2025-10-13 06:38:11","evt":"hb","src":"RT","state":"cooldown","rt_fresh":true,"dayR":0.887,"weekR":0.887,"week_halted":false,"pos":2,"avg":6683.55,"bars":372,"consec_losses":0,"equity":30266.0,"equity_hwm":30266.0,"suggest_qty":2,"arms":{"trend":8,"breakout":38},"armR":{"trend":0.168,"breakout":-0.13}}
{"ts":"2025-10-13 06:38:11","evt":"hb","src":"RT","state":"cooldown","rt_fresh":true,"dayR":0.887,"weekR":0.887,"week_halted":false,"pos":2,"avg":6683.55,"bars":373,"consec_losses":0,"equity":30266.0,"equity_hwm":30266.0,"suggest_qty":2,"arms":{"trend":8,"breakout":38},"armR":{"trend":0.168,"breakout":-0.13}}
{"ts":"2025-10-13 06:38:12","evt":"hb","src":"RT","state":"cooldown","rt_fresh":true,"dayR":0.887,"weekR":0.887,"week_halted":false,"pos":2,"avg":6683.55,"bars":373,"consec_losses":0,"equity":30266.0,"equity_hwm":30266.0,"suggest_qty":2,"arms":{"trend":8,"breakout":38},"armR":{"trend":0.168,"breakout":-0.13}}
{"ts":"2025-10-13 06:38:12","evt":"hb","src":"RT","state":"cooldown","rt_fresh":true,"dayR":0.887,"weekR":0.887,"week_halted":false,"pos":2,"avg":6683.55,"bars":373,"consec_losses":0,"equity":30266.0,"equity_hwm":30266.0,"suggest_qty":2,"arms":{"trend":8,"breakout":38},"armR":{"trend":0.168,"breakout":-0.13}}
{"ts":"2025-10-13 06:38:13","evt":"hb","src":"RT","state":"cooldown","rt_fresh":true,"dayR":0.887,"weekR":0.887,"week_halted":false,"pos":2,"avg":6683.55,"bars":373,"consec_losses":0,"equity":30266.0,"equity_hwm":30266.0,"suggest_qty":2,"arms":{"trend":8,"breakout":38},"armR":{"trend":0.168,"breakout":-0.13}}
{"ts":"2025-10-13 06:38:13","evt":"hb","src":"RT","state":"cooldown","rt_fresh":true,"dayR":0.887,"weekR":0.887,"week_halted":false,"pos":2,"avg":6683.55,"bars":373,"consec_losses":0,"equity":30266.0,"equity_hwm":30266.0,"suggest_qty":2,"arms":{"trend":8,"breakout":38},"armR":{"trend":0.168,"breakout":-0.13}}
{"ts":"2025-10-13 06:38:14","evt":"hb","src":"RT","state":"cooldown","rt_fresh":true,"dayR":0.887,"weekR":0.887,"week_halted":false,"pos":2,"avg":6683.55,"bars":373,"consec_losses":0,"equity":30266.0,"equity_hwm":30266.0,"suggest_qty":2,"arms":{"trend":8,"breakout":38},"armR":{"trend":0.168,"breakout":-0.13}}
{"ts":"2025-10-13 06:38:14","evt":"hb","src":"RT","state":"cooldown","rt_fresh":true,"dayR":0.887,"weekR":0.887,"week_halted":false,"pos":2,"avg":6683.55,"bars":373,"consec_losses":0,"equity":30266.0,"equity_hwm":30266.0,"suggest_qty":2,"arms":{"trend":8,"breakout":38},"armR":{"trend":0.168,"breakout":-0.13}}
{"ts":"2025-10-13 06:38:15","evt":"hb","src":"RT","state":"cooldown","rt_fresh":true,"dayR":0.887,"weekR":0.887,"week_halted":false,"pos":2,"avg":6683.55,"bars":373,"consec_losses":0,"equity":30266.0,"equity_hwm":30266.0,"suggest_qty":2,"arms":{"trend":8,"breakout":38},"armR":{"trend":0.168,"breakout":-0.13}}
{"ts":"2025-10-13 06:38:15","evt":"hb","src":"RT","state":"cooldown","rt_fresh":true,"dayR":0.887,"weekR":0.887,"week_halted":false,"pos":2,"avg":6683.55,"bars":373,"consec_losses":0,"equity":30266.0,"equity_hwm":30266.0,"suggest_qty":2,"arms":{"trend":8,"breakout":38},"armR":{"trend":0.168,"breakout":-0.13}}
