
[2025-10-08 18:28:28] CMD: C:\Users\owner\AppData\Local\Programs\Python\Python313\python.exe -X faulthandler -u C:\Users\owner\Desktop\es_futures_backtester\paper_trader.py --local-symbol ESZ5 --host 127.0.0.1 --port 7497 --clientId 111 --symbol ES --auto-front-month --entry-slippage-ticks 2 --atomic-bracket --qty 1 --risk-ticks 12 --tick-size 0.25 --tp-R 1.0 --enable-arms trend,breakout --gate-adx 19 --gate-bbbw 0.00020 --gate-atrp 0.000055 --min-hold-sec 60 --breakeven-after-R 2.2 --trail-atr-mult 3.2 --trail-delay-sec 240 --trail-on-bar-close --max-trades-per-day 12 --day-loss-cap-R 3 --strategy-cooldown-sec 150 --trade-start-ct 00:00 --trade-end-ct 23:59 --tif GTC --outsideRth --require-new-bar-after-start --startup-delay-sec 10 --debounce-one-bar --duration 1 D --connect-timeout-sec 300 --timeout-sec 300 --bandit meta --bandit-state .\data\learn\bandit_state.json --learn-log --learn-log-dir .\logs\learn --decay-half-life-trades 400 --meta-eta 0.2 --switching-cost 0.05 --ph-delta 0.002 --ph-lambda 0.98 --poll-hist-when-no-rt --poll-interval-sec 10 --place-orders -v
[2025-10-08 18:28:33] [WD] hb uptime=5s restarts=0 child_alive=True
[2025-10-08 18:28:38] [WD] hb uptime=10s restarts=0 child_alive=True
[2025-10-08 18:28:43] [WD] hb uptime=15s restarts=0 child_alive=True
[2025-10-08 18:28:48] [WD] hb uptime=20s restarts=0 child_alive=True
[2025-10-08 18:28:53] [WD] hb uptime=25s restarts=0 child_alive=True
[2025-10-08 18:28:58] [WD] hb uptime=30s restarts=0 child_alive=True
[2025-10-08 18:29:03] [WD] hb uptime=35s restarts=0 child_alive=True
[2025-10-08 18:29:08] [WD] hb uptime=40s restarts=0 child_alive=True
[CLI] Ignoring unknown args: ['D']
Starting ES paper bot...
[CONNECT] 127.0.0.1:7497 clientId=111
Connected
[MD] Market data type set to LIVE (1)
[CONTRACT] Using localSymbol=ESZ5 conId=495512563 expiry=20251219
[BOOT] Hist seed: 361 bars
[MD] POLL appended bar 2025-10-08 18:28:35-05:00 close=6811.25 total=362
2025-10-08 18:28:39 INFO [HB] active | src=POLL dayR=0.00 open=0 tradesToday=0 bars=362 | arms=trend 0/0.00, breakout 0/0.00
2025-10-08 18:28:39 INFO [HB] active | src=RT dayR=0.00 open=0 tradesToday=0 bars=363 | arms=trend 0/0.00, breakout 0/0.00
2025-10-08 18:28:40 INFO [HB] active | src=RT dayR=0.00 open=0 tradesToday=0 bars=363 | arms=trend 0/0.00, breakout 0/0.00
2025-10-08 18:28:40 INFO [HB] active | src=RT dayR=0.00 open=0 tradesToday=0 bars=363 | arms=trend 0/0.00, breakout 0/0.00
2025-10-08 18:28:41 INFO [HB] active | src=RT dayR=0.00 open=0 tradesToday=0 bars=363 | arms=trend 0/0.00, breakout 0/0.00
2025-10-08 18:28:41 INFO [HB] active | src=RT dayR=0.00 open=0 tradesToday=0 bars=363 | arms=trend 0/0.00, breakout 0/0.00
2025-10-08 18:28:42 INFO [HB] active | src=RT dayR=0.00 open=0 tradesToday=0 bars=363 | arms=trend 0/0.00, breakout 0/0.00
2025-10-08 18:28:42 INFO [HB] active | src=RT dayR=0.00 open=0 tradesToday=0 bars=363 | arms=trend 0/0.00, breakout 0/0.00
2025-10-08 18:28:43 INFO [HB] active | src=RT dayR=0.00 open=0 tradesToday=0 bars=363 | arms=trend 0/0.00, breakout 0/0.00
2025-10-08 18:28:43 INFO [HB] active | src=RT dayR=0.00 open=0 tradesToday=0 bars=363 | arms=trend 0/0.00, breakout 0/0.00
2025-10-08 18:28:44 INFO [HB] active | src=RT dayR=0.00 open=0 tradesToday=0 bars=363 | arms=trend 0/0.00, breakout 0/0.00
2025-10-08 18:28:44 INFO [HB] active | src=RT dayR=0.00 open=0 tradesToday=0 bars=363 | arms=trend 0/0.00, breakout 0/0.00
2025-10-08 18:28:45 INFO [HB] active | src=RT dayR=0.00 open=0 tradesToday=0 bars=363 | arms=trend 0/0.00, breakout 0/0.00
2025-10-08 18:28:45 INFO [HB] active | src=RT dayR=0.00 open=0 tradesToday=0 bars=363 | arms=trend 0/0.00, breakout 0/0.00
2025-10-08 18:28:46 INFO [HB] active | src=RT dayR=0.00 open=0 tradesToday=0 bars=363 | arms=trend 0/0.00, breakout 0/0.00
2025-10-08 18:28:46 INFO [HB] active | src=RT dayR=0.00 open=0 tradesToday=0 bars=363 | arms=trend 0/0.00, breakout 0/0.00
2025-10-08 18:28:47 INFO [HB] active | src=RT dayR=0.00 open=0 tradesToday=0 bars=363 | arms=trend 0/0.00, breakout 0/0.00
2025-10-08 18:28:47 INFO [HB] active | src=RT dayR=0.00 open=0 tradesToday=0 bars=363 | arms=trend 0/0.00, breakout 0/0.00
2025-10-08 18:28:48 INFO [HB] active | src=RT dayR=0.00 open=0 tradesToday=0 bars=363 | arms=trend 0/0.00, breakout 0/0.00
2025-10-08 18:28:48 INFO [HB] active | src=RT dayR=0.00 open=0 tradesToday=0 bars=363 | arms=trend 0/0.00, breakout 0/0.00
2025-10-08 18:28:49 INFO [HB] active | src=RT dayR=0.00 open=0 tradesToday=0 bars=363 | arms=trend 0/0.00, breakout 0/0.00
2025-10-08 18:28:49 INFO [HB] active | src=RT dayR=0.00 open=0 tradesToday=0 bars=363 | arms=trend 0/0.00, breakout 0/0.00
2025-10-08 18:28:50 INFO [HB] active | src=RT dayR=0.00 open=0 tradesToday=0 bars=363 | arms=trend 0/0.00, breakout 0/0.00
2025-10-08 18:28:50 INFO [HB] active | src=RT dayR=0.00 open=0 tradesToday=0 bars=363 | arms=trend 0/0.00, breakout 0/0.00
2025-10-08 18:28:51 INFO [HB] active | src=RT dayR=0.00 open=0 tradesToday=0 bars=363 | arms=trend 0/0.00, breakout 0/0.00
2025-10-08 18:28:51 INFO [HB] active | src=RT dayR=0.00 open=0 tradesToday=0 bars=363 | arms=trend 0/0.00, breakout 0/0.00
2025-10-08 18:28:52 INFO [HB] active | src=RT dayR=0.00 open=0 tradesToday=0 bars=363 | arms=trend 0/0.00, breakout 0/0.00
2025-10-08 18:28:52 INFO [HB] active | src=RT dayR=0.00 open=0 tradesToday=0 bars=363 | arms=trend 0/0.00, breakout 0/0.00
2025-10-08 18:28:53 INFO [HB] active | src=RT dayR=0.00 open=0 tradesToday=0 bars=363 | arms=trend 0/0.00, breakout 0/0.00
2025-10-08 18:28:53 INFO [HB] active | src=RT dayR=0.00 open=0 tradesToday=0 bars=363 | arms=trend 0/0.00, breakout 0/0.00
2025-10-08 18:28:54 INFO [HB] active | src=RT dayR=0.00 open=0 tradesToday=0 bars=363 | arms=trend 0/0.00, breakout 0/0.00
2025-10-08 18:28:54 INFO [HB] active | src=RT dayR=0.00 open=0 tradesToday=0 bars=363 | arms=trend 0/0.00, breakout 0/0.00
2025-10-08 18:28:55 INFO [HB] active | src=RT dayR=0.00 open=0 tradesToday=0 bars=363 | arms=trend 0/0.00, breakout 0/0.00
2025-10-08 18:28:55 INFO [HB] active | src=RT dayR=0.00 open=0 tradesToday=0 bars=363 | arms=trend 0/0.00, breakout 0/0.00
2025-10-08 18:28:56 INFO [HB] active | src=RT dayR=0.00 open=0 tradesToday=0 bars=363 | arms=trend 0/0.00, breakout 0/0.00
2025-10-08 18:28:56 INFO [HB] active | src=RT dayR=0.00 open=0 tradesToday=0 bars=363 | arms=trend 0/0.00, breakout 0/0.00
2025-10-08 18:28:57 INFO [HB] active | src=RT dayR=0.00 open=0 tradesToday=0 bars=363 | arms=trend 0/0.00, breakout 0/0.00
2025-10-08 18:28:57 INFO [HB] active | src=RT dayR=0.00 open=0 tradesToday=0 bars=363 | arms=trend 0/0.00, breakout 0/0.00
2025-10-08 18:28:58 INFO [HB] active | src=RT dayR=0.00 open=0 tradesToday=0 bars=363 | arms=trend 0/0.00, breakout 0/0.00
2025-10-08 18:28:58 INFO [HB] active | src=RT dayR=0.00 open=0 tradesToday=0 bars=363 | arms=trend 0/0.00, breakout 0/0.00
2025-10-08 18:28:59 INFO [HB] active | src=RT dayR=0.00 open=0 tradesToday=0 bars=363 | arms=trend 0/0.00, breakout 0/0.00
[MD] POLL appended bar 2025-10-08 18:28:55-05:00 close=6811.50 total=364
2025-10-08 18:28:59 INFO [HB] active | src=POLL dayR=0.00 open=0 tradesToday=0 bars=364 | arms=trend 0/0.00, breakout 0/0.00
2025-10-08 18:29:00 INFO [HB] active | src=RT dayR=0.00 open=0 tradesToday=0 bars=365 | arms=trend 0/0.00, breakout 0/0.00
2025-10-08 18:29:00 INFO [HB] active | src=RT dayR=0.00 open=0 tradesToday=0 bars=365 | arms=trend 0/0.00, breakout 0/0.00
2025-10-08 18:29:01 INFO [HB] active | src=RT dayR=0.00 open=0 tradesToday=0 bars=365 | arms=trend 0/0.00, breakout 0/0.00
2025-10-08 18:29:01 INFO [HB] active | src=RT dayR=0.00 open=0 tradesToday=0 bars=365 | arms=trend 0/0.00, breakout 0/0.00
2025-10-08 18:29:02 INFO [HB] active | src=RT dayR=0.00 open=0 tradesToday=0 bars=365 | arms=trend 0/0.00, breakout 0/0.00
2025-10-08 18:29:02 INFO [HB] active | src=RT dayR=0.00 open=0 tradesToday=0 bars=365 | arms=trend 0/0.00, breakout 0/0.00
2025-10-08 18:29:03 INFO [HB] active | src=RT dayR=0.00 open=0 tradesToday=0 bars=365 | arms=trend 0/0.00, breakout 0/0.00
2025-10-08 18:29:03 INFO [HB] active | src=RT dayR=0.00 open=0 tradesToday=0 bars=365 | arms=trend 0/0.00, breakout 0/0.00
2025-10-08 18:29:04 INFO [HB] active | src=RT dayR=0.00 open=0 tradesToday=0 bars=365 | arms=trend 0/0.00, breakout 0/0.00
2025-10-08 18:29:04 INFO [HB] active | src=RT dayR=0.00 open=0 tradesToday=0 bars=365 | arms=trend 0/0.00, breakout 0/0.00
2025-10-08 18:29:05 INFO [HB] active | src=RT dayR=0.00 open=0 tradesToday=0 bars=365 | arms=trend 0/0.00, breakout 0/0.00
2025-10-08 18:29:05 INFO [HB] active | src=RT dayR=0.00 open=0 tradesToday=0 bars=365 | arms=trend 0/0.00, breakout 0/0.00
2025-10-08 18:29:06 INFO [HB] active | src=RT dayR=0.00 open=0 tradesToday=0 bars=365 | arms=trend 0/0.00, breakout 0/0.00
2025-10-08 18:29:06 INFO [HB] active | src=RT dayR=0.00 open=0 tradesToday=0 bars=365 | arms=trend 0/0.00, breakout 0/0.00
2025-10-08 18:29:07 INFO [HB] active | src=RT dayR=0.00 open=0 tradesToday=0 bars=365 | arms=trend 0/0.00, breakout 0/0.00
2025-10-08 18:29:07 INFO [HB] active | src=RT dayR=0.00 open=0 tradesToday=0 bars=365 | arms=trend 0/0.00, breakout 0/0.00
2025-10-08 18:29:08 INFO [HB] active | src=RT dayR=0.00 open=0 tradesToday=0 bars=365 | arms=trend 0/0.00, breakout 0/0.00
2025-10-08 18:29:08 INFO [HB] active | src=RT dayR=0.00 open=0 tradesToday=0 bars=365 | arms=trend 0/0.00, breakout 0/0.00
2025-10-08 18:29:09 INFO [HB] active | src=RT dayR=0.00 open=0 tradesToday=0 bars=365 | arms=trend 0/0.00, breakout 0/0.00
2025-10-08 18:29:09 INFO [HB] active | src=RT dayR=0.00 open=0 tradesToday=0 bars=365 | arms=trend 0/0.00, breakout 0/0.00
2025-10-08 18:29:10 INFO [HB] active | src=RT dayR=0.00 open=0 tradesToday=0 bars=365 | arms=trend 0/0.00, breakout 0/0.00
[2025-10-08 18:29:13] [WD] hb uptime=45s restarts=0 child_alive=True
[2025-10-08 18:29:18] [WD] hb uptime=50s restarts=0 child_alive=True
[2025-10-08 18:29:23] [WD] hb uptime=55s restarts=0 child_alive=True
[2025-10-08 18:29:28] [WD] hb uptime=60s restarts=0 child_alive=True
[2025-10-08 18:29:33] [WD] hb uptime=65s restarts=0 child_alive=True
[2025-10-08 18:29:38] [WD] hb uptime=70s restarts=0 child_alive=True
2025-10-08 18:29:10 INFO [HB] active | src=RT dayR=0.00 open=0 tradesToday=0 bars=365 | arms=trend 0/0.00, breakout 0/0.00
2025-10-08 18:29:11 INFO [HB] active | src=RT dayR=0.00 open=0 tradesToday=0 bars=365 | arms=trend 0/0.00, breakout 0/0.00
2025-10-08 18:29:11 INFO [HB] active | src=RT dayR=0.00 open=0 tradesToday=0 bars=365 | arms=trend 0/0.00, breakout 0/0.00
2025-10-08 18:29:12 INFO [HB] active | src=RT dayR=0.00 open=0 tradesToday=0 bars=365 | arms=trend 0/0.00, breakout 0/0.00
2025-10-08 18:29:12 INFO [HB] active | src=RT dayR=0.00 open=0 tradesToday=0 bars=365 | arms=trend 0/0.00, breakout 0/0.00
2025-10-08 18:29:13 INFO [HB] active | src=RT dayR=0.00 open=0 tradesToday=0 bars=365 | arms=trend 0/0.00, breakout 0/0.00
2025-10-08 18:29:13 INFO [HB] active | src=RT dayR=0.00 open=0 tradesToday=0 bars=365 | arms=trend 0/0.00, breakout 0/0.00
2025-10-08 18:29:14 INFO [HB] active | src=RT dayR=0.00 open=0 tradesToday=0 bars=365 | arms=trend 0/0.00, breakout 0/0.00
2025-10-08 18:29:14 INFO [HB] active | src=RT dayR=0.00 open=0 tradesToday=0 bars=365 | arms=trend 0/0.00, breakout 0/0.00
2025-10-08 18:29:15 INFO [HB] active | src=RT dayR=0.00 open=0 tradesToday=0 bars=365 | arms=trend 0/0.00, breakout 0/0.00
2025-10-08 18:29:15 INFO [HB] active | src=RT dayR=0.00 open=0 tradesToday=0 bars=365 | arms=trend 0/0.00, breakout 0/0.00
2025-10-08 18:29:16 INFO [HB] active | src=RT dayR=0.00 open=0 tradesToday=0 bars=365 | arms=trend 0/0.00, breakout 0/0.00
2025-10-08 18:29:16 INFO [HB] active | src=RT dayR=0.00 open=0 tradesToday=0 bars=365 | arms=trend 0/0.00, breakout 0/0.00
2025-10-08 18:29:17 INFO [HB] active | src=RT dayR=0.00 open=0 tradesToday=0 bars=365 | arms=trend 0/0.00, breakout 0/0.00
2025-10-08 18:29:17 INFO [HB] active | src=RT dayR=0.00 open=0 tradesToday=0 bars=365 | arms=trend 0/0.00, breakout 0/0.00
2025-10-08 18:29:18 INFO [HB] active | src=RT dayR=0.00 open=0 tradesToday=0 bars=365 | arms=trend 0/0.00, breakout 0/0.00
2025-10-08 18:29:18 INFO [HB] active | src=RT dayR=0.00 open=0 tradesToday=0 bars=365 | arms=trend 0/0.00, breakout 0/0.00
2025-10-08 18:29:19 INFO [HB] active | src=RT dayR=0.00 open=0 tradesToday=0 bars=365 | arms=trend 0/0.00, breakout 0/0.00
2025-10-08 18:29:19 INFO [HB] active | src=RT dayR=0.00 open=0 tradesToday=0 bars=365 | arms=trend 0/0.00, breakout 0/0.00
[MD] POLL appended bar 2025-10-08 18:29:10-05:00 close=6811.50 total=366
2025-10-08 18:29:20 INFO [HB] active | src=POLL dayR=0.00 open=0 tradesToday=0 bars=366 | arms=trend 0/0.00, breakout 0/0.00
2025-10-08 18:29:21 INFO [HB] active | src=POLL dayR=0.00 open=0 tradesToday=0 bars=366 | arms=trend 0/0.00, breakout 0/0.00
2025-10-08 18:29:21 INFO [HB] active | src=POLL dayR=0.00 open=0 tradesToday=0 bars=366 | arms=trend 0/0.00, breakout 0/0.00
2025-10-08 18:29:22 INFO [HB] active | src=POLL dayR=0.00 open=0 tradesToday=0 bars=366 | arms=trend 0/0.00, breakout 0/0.00
2025-10-08 18:29:22 INFO [HB] active | src=POLL dayR=0.00 open=0 tradesToday=0 bars=366 | arms=trend 0/0.00, breakout 0/0.00
2025-10-08 18:29:23 INFO [HB] active | src=POLL dayR=0.00 open=0 tradesToday=0 bars=366 | arms=trend 0/0.00, breakout 0/0.00
2025-10-08 18:29:23 INFO [HB] active | src=POLL dayR=0.00 open=0 tradesToday=0 bars=366 | arms=trend 0/0.00, breakout 0/0.00
2025-10-08 18:29:24 INFO [HB] active | src=POLL dayR=0.00 open=0 tradesToday=0 bars=366 | arms=trend 0/0.00, breakout 0/0.00
2025-10-08 18:29:24 INFO [HB] active | src=POLL dayR=0.00 open=0 tradesToday=0 bars=366 | arms=trend 0/0.00, breakout 0/0.00
2025-10-08 18:29:25 INFO [HB] active | src=POLL dayR=0.00 open=0 tradesToday=0 bars=366 | arms=trend 0/0.00, breakout 0/0.00
2025-10-08 18:29:25 INFO [HB] active | src=POLL dayR=0.00 open=0 tradesToday=0 bars=366 | arms=trend 0/0.00, breakout 0/0.00
2025-10-08 18:29:26 INFO [HB] active | src=POLL dayR=0.00 open=0 tradesToday=0 bars=366 | arms=trend 0/0.00, breakout 0/0.00
2025-10-08 18:29:26 INFO [HB] active | src=POLL dayR=0.00 open=0 tradesToday=0 bars=366 | arms=trend 0/0.00, breakout 0/0.00
2025-10-08 18:29:27 INFO [HB] active | src=POLL dayR=0.00 open=0 tradesToday=0 bars=366 | arms=trend 0/0.00, breakout 0/0.00
2025-10-08 18:29:27 INFO [HB] active | src=POLL dayR=0.00 open=0 tradesToday=0 bars=366 | arms=trend 0/0.00, breakout 0/0.00
2025-10-08 18:29:28 INFO [HB] active | src=POLL dayR=0.00 open=0 tradesToday=0 bars=366 | arms=trend 0/0.00, breakout 0/0.00
2025-10-08 18:29:28 INFO [HB] active | src=POLL dayR=0.00 open=0 tradesToday=0 bars=366 | arms=trend 0/0.00, breakout 0/0.00
2025-10-08 18:29:29 INFO [HB] active | src=POLL dayR=0.00 open=0 tradesToday=0 bars=366 | arms=trend 0/0.00, breakout 0/0.00
2025-10-08 18:29:29 INFO [HB] active | src=POLL dayR=0.00 open=0 tradesToday=0 bars=366 | arms=trend 0/0.00, breakout 0/0.00
2025-10-08 18:29:30 INFO [HB] active | src=POLL dayR=0.00 open=0 tradesToday=0 bars=366 | arms=trend 0/0.00, breakout 0/0.00
[MD] POLL appended bar 2025-10-08 18:29:20-05:00 close=6811.75 total=367
2025-10-08 18:29:30 INFO [HB] active | src=POLL dayR=0.00 open=0 tradesToday=0 bars=367 | arms=trend 0/0.00, breakout 0/0.00
2025-10-08 18:29:31 INFO [HB] active | src=POLL dayR=0.00 open=0 tradesToday=0 bars=367 | arms=trend 0/0.00, breakout 0/0.00
2025-10-08 18:29:31 INFO [HB] active | src=POLL dayR=0.00 open=0 tradesToday=0 bars=367 | arms=trend 0/0.00, breakout 0/0.00
2025-10-08 18:29:32 INFO [HB] active | src=POLL dayR=0.00 open=0 tradesToday=0 bars=367 | arms=trend 0/0.00, breakout 0/0.00
2025-10-08 18:29:32 INFO [HB] active | src=POLL dayR=0.00 open=0 tradesToday=0 bars=367 | arms=trend 0/0.00, breakout 0/0.00
2025-10-08 18:29:33 INFO [HB] active | src=POLL dayR=0.00 open=0 tradesToday=0 bars=367 | arms=trend 0/0.00, breakout 0/0.00
2025-10-08 18:29:33 INFO [HB] active | src=POLL dayR=0.00 open=0 tradesToday=0 bars=367 | arms=trend 0/0.00, breakout 0/0.00
2025-10-08 18:29:34 INFO [HB] active | src=POLL dayR=0.00 open=0 tradesToday=0 bars=367 | arms=trend 0/0.00, breakout 0/0.00
2025-10-08 18:29:34 INFO [HB] active | src=POLL dayR=0.00 open=0 tradesToday=0 bars=367 | arms=trend 0/0.00, breakout 0/0.00
2025-10-08 18:29:35 INFO [HB] active | src=POLL dayR=0.00 open=0 tradesToday=0 bars=367 | arms=trend 0/0.00, breakout 0/0.00
2025-10-08 18:29:35 INFO [HB] active | src=POLL dayR=0.00 open=0 tradesToday=0 bars=367 | arms=trend 0/0.00, breakout 0/0.00
2025-10-08 18:29:36 INFO [HB] active | src=POLL dayR=0.00 open=0 tradesToday=0 bars=367 | arms=trend 0/0.00, breakout 0/0.00
2025-10-08 18:29:36 INFO [HB] active | src=POLL dayR=0.00 open=0 tradesToday=0 bars=367 | arms=trend 0/0.00, breakout 0/0.00
2025-10-08 18:29:37 INFO [HB] active | src=POLL dayR=0.00 open=0 tradesToday=0 bars=367 | arms=trend 0/0.00, breakout 0/0.00
2025-10-08 18:29:37 INFO [HB] active | src=POLL dayR=0.00 open=0 tradesToday=0 bars=367 | arms=trend 0/0.00, breakout 0/0.00
2025-10-08 18:29:38 INFO [HB] active | src=POLL dayR=0.00 open=0 tradesToday=0 bars=367 | arms=trend 0/0.00, breakout 0/0.00
2025-10-08 18:29:38 INFO [HB] active | src=POLL dayR=0.00 open=0 tradesToday=0 bars=367 | arms=trend 0/0.00, breakout 0/0.00
2025-10-08 18:29:39 INFO [HB] active | src=POLL dayR=0.00 open=0 tradesToday=0 bars=367 | arms=trend 0/0.00, breakout 0/0.00
2025-10-08 18:29:39 INFO [HB] active | src=POLL dayR=0.00 open=0 tradesToday=0 bars=367 | arms=trend 0/0.00, breakout 0/0.00
2025-10-08 18:29:40 INFO [HB] active | src=POLL dayR=0.00 open=0 tradesToday=0 bars=367 | arms=trend 0/0.00, breakout 0/0.00
[MD] POLL appended bar 2025-10-08 18:29:30-05:00 close=6811.25 total=368
2025-10-08 18:29:40 INFO [HB] active | src=POLL dayR=0.00 open=0 tradesToday=0 bars=368 | arms=trend 0/0.00, breakout 0/0.00
2025-10-08 18:29:41 INFO [HB] active | src=POLL dayR=0.00 open=0 tradesToday=0 bars=368 | arms=trend 0/0.00, breakout 0/0.00
2025-10-08 18:29:41 INFO [HB] active | src=POLL dayR=0.00 open=0 tradesToday=0 bars=368 | arms=trend 0/0.00, breakout 0/0.00
2025-10-08 18:29:42 INFO [HB] active | src=POLL dayR=0.00 open=0 tradesToday=0 bars=368 | arms=trend 0/0.00, breakout 0/0.00
2025-10-08 18:29:42 INFO [HB] active | src=POLL dayR=0.00 open=0 tradesToday=0 bars=368 | arms=trend 0/0.00, breakout 0/0.00
[2025-10-08 18:29:43] [WD] hb uptime=75s restarts=0 child_alive=True
[2025-10-08 18:29:48] [WD] hb uptime=80s restarts=0 child_alive=True
[2025-10-08 18:29:53] [WD] hb uptime=85s restarts=0 child_alive=True
[2025-10-08 18:29:58] [WD] hb uptime=90s restarts=0 child_alive=True
[2025-10-08 18:30:03] [WD] hb uptime=95s restarts=0 child_alive=True
[2025-10-08 18:30:08] [WD] hb uptime=100s restarts=0 child_alive=True
[2025-10-08 18:30:13] [WD] hb uptime=105s restarts=0 child_alive=True
2025-10-08 18:29:43 INFO [HB] active | src=POLL dayR=0.00 open=0 tradesToday=0 bars=368 | arms=trend 0/0.00, breakout 0/0.00
2025-10-08 18:29:43 INFO [HB] active | src=POLL dayR=0.00 open=0 tradesToday=0 bars=368 | arms=trend 0/0.00, breakout 0/0.00
2025-10-08 18:29:44 INFO [HB] active | src=POLL dayR=0.00 open=0 tradesToday=0 bars=368 | arms=trend 0/0.00, breakout 0/0.00
2025-10-08 18:29:44 INFO [HB] active | src=POLL dayR=0.00 open=0 tradesToday=0 bars=368 | arms=trend 0/0.00, breakout 0/0.00
2025-10-08 18:29:45 INFO [HB] active | src=POLL dayR=0.00 open=0 tradesToday=0 bars=368 | arms=trend 0/0.00, breakout 0/0.00
2025-10-08 18:29:45 INFO [HB] active | src=POLL dayR=0.00 open=0 tradesToday=0 bars=368 | arms=trend 0/0.00, breakout 0/0.00
2025-10-08 18:29:46 INFO [HB] active | src=POLL dayR=0.00 open=0 tradesToday=0 bars=368 | arms=trend 0/0.00, breakout 0/0.00
2025-10-08 18:29:46 INFO [HB] active | src=POLL dayR=0.00 open=0 tradesToday=0 bars=368 | arms=trend 0/0.00, breakout 0/0.00
2025-10-08 18:29:47 INFO [HB] active | src=POLL dayR=0.00 open=0 tradesToday=0 bars=368 | arms=trend 0/0.00, breakout 0/0.00
2025-10-08 18:29:47 INFO [HB] active | src=POLL dayR=0.00 open=0 tradesToday=0 bars=368 | arms=trend 0/0.00, breakout 0/0.00
2025-10-08 18:29:48 INFO [HB] active | src=POLL dayR=0.00 open=0 tradesToday=0 bars=368 | arms=trend 0/0.00, breakout 0/0.00
2025-10-08 18:29:48 INFO [HB] active | src=POLL dayR=0.00 open=0 tradesToday=0 bars=368 | arms=trend 0/0.00, breakout 0/0.00
2025-10-08 18:29:49 INFO [HB] active | src=POLL dayR=0.00 open=0 tradesToday=0 bars=368 | arms=trend 0/0.00, breakout 0/0.00
2025-10-08 18:29:49 INFO [HB] active | src=POLL dayR=0.00 open=0 tradesToday=0 bars=368 | arms=trend 0/0.00, breakout 0/0.00
2025-10-08 18:29:50 INFO [HB] active | src=POLL dayR=0.00 open=0 tradesToday=0 bars=368 | arms=trend 0/0.00, breakout 0/0.00
[MD] POLL appended bar 2025-10-08 18:29:40-05:00 close=6811.25 total=369
2025-10-08 18:29:50 INFO [HB] active | src=POLL dayR=0.00 open=0 tradesToday=0 bars=369 | arms=trend 0/0.00, breakout 0/0.00
2025-10-08 18:29:51 INFO [HB] active | src=POLL dayR=0.00 open=0 tradesToday=0 bars=369 | arms=trend 0/0.00, breakout 0/0.00
2025-10-08 18:29:51 INFO [HB] active | src=POLL dayR=0.00 open=0 tradesToday=0 bars=369 | arms=trend 0/0.00, breakout 0/0.00
2025-10-08 18:29:52 INFO [HB] active | src=POLL dayR=0.00 open=0 tradesToday=0 bars=369 | arms=trend 0/0.00, breakout 0/0.00
2025-10-08 18:29:52 INFO [HB] active | src=POLL dayR=0.00 open=0 tradesToday=0 bars=369 | arms=trend 0/0.00, breakout 0/0.00
2025-10-08 18:29:53 INFO [HB] active | src=POLL dayR=0.00 open=0 tradesToday=0 bars=369 | arms=trend 0/0.00, breakout 0/0.00
2025-10-08 18:29:53 INFO [HB] active | src=POLL dayR=0.00 open=0 tradesToday=0 bars=369 | arms=trend 0/0.00, breakout 0/0.00
2025-10-08 18:29:54 INFO [HB] active | src=POLL dayR=0.00 open=0 tradesToday=0 bars=369 | arms=trend 0/0.00, breakout 0/0.00
2025-10-08 18:29:54 INFO [HB] active | src=POLL dayR=0.00 open=0 tradesToday=0 bars=369 | arms=trend 0/0.00, breakout 0/0.00
2025-10-08 18:29:55 INFO [HB] active | src=POLL dayR=0.00 open=0 tradesToday=0 bars=369 | arms=trend 0/0.00, breakout 0/0.00
2025-10-08 18:29:55 INFO [HB] active | src=POLL dayR=0.00 open=0 tradesToday=0 bars=369 | arms=trend 0/0.00, breakout 0/0.00
2025-10-08 18:29:56 INFO [HB] active | src=POLL dayR=0.00 open=0 tradesToday=0 bars=369 | arms=trend 0/0.00, breakout 0/0.00
2025-10-08 18:29:56 INFO [HB] active | src=POLL dayR=0.00 open=0 tradesToday=0 bars=369 | arms=trend 0/0.00, breakout 0/0.00
2025-10-08 18:29:57 INFO [HB] active | src=POLL dayR=0.00 open=0 tradesToday=0 bars=369 | arms=trend 0/0.00, breakout 0/0.00
2025-10-08 18:29:57 INFO [HB] active | src=POLL dayR=0.00 open=0 tradesToday=0 bars=369 | arms=trend 0/0.00, breakout 0/0.00
2025-10-08 18:29:58 INFO [HB] active | src=POLL dayR=0.00 open=0 tradesToday=0 bars=369 | arms=trend 0/0.00, breakout 0/0.00
2025-10-08 18:29:58 INFO [HB] active | src=POLL dayR=0.00 open=0 tradesToday=0 bars=369 | arms=trend 0/0.00, breakout 0/0.00
2025-10-08 18:29:59 INFO [HB] active | src=POLL dayR=0.00 open=0 tradesToday=0 bars=369 | arms=trend 0/0.00, breakout 0/0.00
2025-10-08 18:29:59 INFO [HB] active | src=POLL dayR=0.00 open=0 tradesToday=0 bars=369 | arms=trend 0/0.00, breakout 0/0.00
2025-10-08 18:30:00 INFO [HB] active | src=POLL dayR=0.00 open=0 tradesToday=0 bars=369 | arms=trend 0/0.00, breakout 0/0.00
[MD] POLL appended bar 2025-10-08 18:29:50-05:00 close=6811.50 total=370
2025-10-08 18:30:00 INFO [HB] active | src=POLL dayR=0.00 open=0 tradesToday=0 bars=370 | arms=trend 0/0.00, breakout 0/0.00
2025-10-08 18:30:01 INFO [HB] active | src=POLL dayR=0.00 open=0 tradesToday=0 bars=370 | arms=trend 0/0.00, breakout 0/0.00
2025-10-08 18:30:01 INFO [HB] active | src=POLL dayR=0.00 open=0 tradesToday=0 bars=370 | arms=trend 0/0.00, breakout 0/0.00
2025-10-08 18:30:02 INFO [HB] active | src=POLL dayR=0.00 open=0 tradesToday=0 bars=370 | arms=trend 0/0.00, breakout 0/0.00
2025-10-08 18:30:02 INFO [HB] active | src=POLL dayR=0.00 open=0 tradesToday=0 bars=370 | arms=trend 0/0.00, breakout 0/0.00
2025-10-08 18:30:03 INFO [HB] active | src=POLL dayR=0.00 open=0 tradesToday=0 bars=370 | arms=trend 0/0.00, breakout 0/0.00
2025-10-08 18:30:03 INFO [HB] active | src=POLL dayR=0.00 open=0 tradesToday=0 bars=370 | arms=trend 0/0.00, breakout 0/0.00
2025-10-08 18:30:04 INFO [HB] active | src=POLL dayR=0.00 open=0 tradesToday=0 bars=370 | arms=trend 0/0.00, breakout 0/0.00
2025-10-08 18:30:04 INFO [HB] active | src=POLL dayR=0.00 open=0 tradesToday=0 bars=370 | arms=trend 0/0.00, breakout 0/0.00
2025-10-08 18:30:05 INFO [HB] active | src=POLL dayR=0.00 open=0 tradesToday=0 bars=370 | arms=trend 0/0.00, breakout 0/0.00
2025-10-08 18:30:05 INFO [HB] active | src=POLL dayR=0.00 open=0 tradesToday=0 bars=370 | arms=trend 0/0.00, breakout 0/0.00
2025-10-08 18:30:06 INFO [HB] active | src=POLL dayR=0.00 open=0 tradesToday=0 bars=370 | arms=trend 0/0.00, breakout 0/0.00
2025-10-08 18:30:06 INFO [HB] active | src=POLL dayR=0.00 open=0 tradesToday=0 bars=370 | arms=trend 0/0.00, breakout 0/0.00
2025-10-08 18:30:07 INFO [HB] active | src=POLL dayR=0.00 open=0 tradesToday=0 bars=370 | arms=trend 0/0.00, breakout 0/0.00
2025-10-08 18:30:07 INFO [HB] active | src=POLL dayR=0.00 open=0 tradesToday=0 bars=370 | arms=trend 0/0.00, breakout 0/0.00
2025-10-08 18:30:08 INFO [HB] active | src=POLL dayR=0.00 open=0 tradesToday=0 bars=370 | arms=trend 0/0.00, breakout 0/0.00
2025-10-08 18:30:08 INFO [HB] active | src=POLL dayR=0.00 open=0 tradesToday=0 bars=370 | arms=trend 0/0.00, breakout 0/0.00
2025-10-08 18:30:09 INFO [HB] active | src=POLL dayR=0.00 open=0 tradesToday=0 bars=370 | arms=trend 0/0.00, breakout 0/0.00
2025-10-08 18:30:09 INFO [HB] active | src=POLL dayR=0.00 open=0 tradesToday=0 bars=370 | arms=trend 0/0.00, breakout 0/0.00
2025-10-08 18:30:10 INFO [HB] active | src=POLL dayR=0.00 open=0 tradesToday=0 bars=370 | arms=trend 0/0.00, breakout 0/0.00
[MD] POLL appended bar 2025-10-08 18:30:00-05:00 close=6811.50 total=371
2025-10-08 18:30:10 INFO [HB] active | src=POLL dayR=0.00 open=0 tradesToday=0 bars=371 | arms=trend 0/0.00, breakout 0/0.00
2025-10-08 18:30:11 INFO [HB] active | src=POLL dayR=0.00 open=0 tradesToday=0 bars=371 | arms=trend 0/0.00, breakout 0/0.00
2025-10-08 18:30:11 INFO [HB] active | src=POLL dayR=0.00 open=0 tradesToday=0 bars=371 | arms=trend 0/0.00, breakout 0/0.00
2025-10-08 18:30:12 INFO [HB] active | src=POLL dayR=0.00 open=0 tradesToday=0 bars=371 | arms=trend 0/0.00, breakout 0/0.00
2025-10-08 18:30:12 INFO [HB] active | src=POLL dayR=0.00 open=0 tradesToday=0 bars=371 | arms=trend 0/0.00, breakout 0/0.00
2025-10-08 18:30:13 INFO [HB] active | src=POLL dayR=0.00 open=0 tradesToday=0 bars=371 | arms=trend 0/0.00, breakout 0/0.00
2025-10-08 18:30:13 INFO [HB] active | src=POLL dayR=0.00 open=0 tradesToday=0 bars=371 | arms=trend 0/0.00, breakout 0/0.00
2025-10-08 18:30:14 INFO [HB] active | src=POLL dayR=0.00 open=0 tradesToday=0 bars=371 | arms=trend 0/0.00, breakout 0/0.00
2025-10-08 18:30:14 INFO [HB] active | src=POLL dayR=0.00 open=0 tradesToday=0 bars=371 | arms=trend 0/0.00, breakout 0/0.00
[2025-10-08 18:30:18] [WD] hb uptime=110s restarts=0 child_alive=True
[2025-10-08 18:30:23] [WD] hb uptime=115s restarts=0 child_alive=True
2025-10-08 18:30:15 INFO [HB] active | src=POLL dayR=0.00 open=0 tradesToday=0 bars=371 | arms=trend 0/0.00, breakout 0/0.00
2025-10-08 18:30:15 INFO [HB] active | src=POLL dayR=0.00 open=0 tradesToday=0 bars=371 | arms=trend 0/0.00, breakout 0/0.00
2025-10-08 18:30:16 INFO [HB] active | src=POLL dayR=0.00 open=0 tradesToday=0 bars=371 | arms=trend 0/0.00, breakout 0/0.00
2025-10-08 18:30:16 INFO [HB] active | src=POLL dayR=0.00 open=0 tradesToday=0 bars=371 | arms=trend 0/0.00, breakout 0/0.00
2025-10-08 18:30:17 INFO [HB] active | src=POLL dayR=0.00 open=0 tradesToday=0 bars=371 | arms=trend 0/0.00, breakout 0/0.00
2025-10-08 18:30:17 INFO [HB] active | src=POLL dayR=0.00 open=0 tradesToday=0 bars=371 | arms=trend 0/0.00, breakout 0/0.00
2025-10-08 18:30:18 INFO [HB] active | src=POLL dayR=0.00 open=0 tradesToday=0 bars=371 | arms=trend 0/0.00, breakout 0/0.00
2025-10-08 18:30:18 INFO [HB] active | src=POLL dayR=0.00 open=0 tradesToday=0 bars=371 | arms=trend 0/0.00, breakout 0/0.00
2025-10-08 18:30:19 INFO [HB] active | src=POLL dayR=0.00 open=0 tradesToday=0 bars=371 | arms=trend 0/0.00, breakout 0/0.00
2025-10-08 18:30:19 INFO [HB] active | src=POLL dayR=0.00 open=0 tradesToday=0 bars=371 | arms=trend 0/0.00, breakout 0/0.00
2025-10-08 18:30:20 INFO [HB] active | src=POLL dayR=0.00 open=0 tradesToday=0 bars=371 | arms=trend 0/0.00, breakout 0/0.00
[MD] POLL appended bar 2025-10-08 18:30:10-05:00 close=6811.50 total=372
2025-10-08 18:30:20 INFO [HB] active | src=POLL dayR=0.00 open=0 tradesToday=0 bars=372 | arms=trend 0/0.00, breakout 0/0.00
2025-10-08 18:30:21 INFO [HB] active | src=POLL dayR=0.00 open=0 tradesToday=0 bars=372 | arms=trend 0/0.00, breakout 0/0.00
2025-10-08 18:30:21 INFO [HB] active | src=POLL dayR=0.00 open=0 tradesToday=0 bars=372 | arms=trend 0/0.00, breakout 0/0.00
2025-10-08 18:30:22 INFO [HB] active | src=POLL dayR=0.00 open=0 tradesToday=0 bars=372 | arms=trend 0/0.00, breakout 0/0.00
2025-10-08 18:30:22 INFO [HB] active | src=POLL dayR=0.00 open=0 tradesToday=0 bars=372 | arms=trend 0/0.00, breakout 0/0.00
2025-10-08 18:30:23 INFO [HB] active | src=POLL dayR=0.00 open=0 tradesToday=0 bars=372 | arms=trend 0/0.00, breakout 0/0.00
2025-10-08 18:30:23 INFO [HB] active | src=POLL dayR=0.00 open=0 tradesToday=0 bars=372 | arms=trend 0/0.00, breakout 0/0.00
2025-10-08 18:30:24 INFO [HB] active | src=POLL dayR=0.00 open=0 tradesToday=0 bars=372 | arms=trend 0/0.00, breakout 0/0.00
2025-10-08 18:30:24 INFO [HB] active | src=POLL dayR=0.00 open=0 tradesToday=0 bars=372 | arms=trend 0/0.00, breakout 0/0.00
2025-10-08 18:30:25 INFO [HB] active | src=POLL dayR=0.00 open=0 tradesToday=0 bars=372 | arms=trend 0/0.00, breakout 0/0.00
2025-10-08 18:30:25 INFO [HB] active | src=POLL dayR=0.00 open=0 tradesToday=0 bars=372 | arms=trend 0/0.00, breakout 0/0.00
2025-10-08 18:30:26 INFO [HB] active | src=POLL dayR=0.00 open=0 tradesToday=0 bars=372 | arms=trend 0/0.00, breakout 0/0.00
2025-10-08 18:30:26 INFO [HB] active | src=POLL dayR=0.00 open=0 tradesToday=0 bars=372 | arms=trend 0/0.00, breakout 0/0.00
2025-10-08 18:30:27 INFO [HB] active | src=POLL dayR=0.00 open=0 tradesToday=0 bars=372 | arms=trend 0/0.00, breakout 0/0.00
2025-10-08 18:30:27 INFO [HB] active | src=POLL dayR=0.00 open=0 tradesToday=0 bars=372 | arms=trend 0/0.00, breakout 0/0.00
2025-10-08 18:30:28 INFO [HB] active | src=POLL dayR=0.00 open=0 tradesToday=0 bars=372 | arms=trend 0/0.00, breakout 0/0.00
[2025-10-08 18:30:28] EXIT CODE: 1
[2025-10-08 18:30:28] [WD] hb uptime=120s restarts=1 child_alive=False
