
[2025-10-10 14:32:46] CMD: C:\Users\owner\AppData\Local\Programs\Python\Python313\python.exe -X faulthandler -u C:\Users\owner\Desktop\es_futures_backtester\paper_trader.py --local-symbol ESZ5 --host 127.0.0.1 --port 7497 --clientId 111 --symbol ES --auto-front-month --entry-slippage-ticks 2 --atomic-bracket --qty 1 --risk-ticks 12 --tick-size 0.25 --tp-R 1.0 --enable-arms trend,breakout --gate-adx 19 --gate-bbbw 0.00020 --gate-atrp 0.000055 --min-hold-sec 60 --breakeven-after-R 2.2 --trail-atr-mult 3.2 --trail-delay-sec 240 --trail-on-bar-close --max-trades-per-day 12 --day-loss-cap-R 3 --strategy-cooldown-sec 150 --trade-start-ct 00:00 --trade-end-ct 23:59 --tif GTC --outsideRth --require-new-bar-after-start --startup-delay-sec 10 --debounce-one-bar --duration 1D --connect-timeout-sec 300 --timeout-sec 300 --bandit meta --bandit-state .\data\learn\bandit_state.json --learn-log --learn-log-dir .\logs\learn --decay-half-life-trades 400 --meta-eta 0.2 --switching-cost 0.05 --ph-delta 0.002 --ph-lambda 0.98 --poll-hist-when-no-rt --poll-interval-sec 10 --place-orders -v
[2025-10-10 14:32:51] [WD] hb uptime=5s restarts=0 child_alive=True
[2025-10-10 14:32:56] [WD] hb uptime=10s restarts=0 child_alive=True
[2025-10-10 14:33:01] [WD] hb uptime=15s restarts=0 child_alive=True
[2025-10-10 14:33:06] [WD] hb uptime=20s restarts=0 child_alive=True
[2025-10-10 14:33:11] [WD] hb uptime=25s restarts=0 child_alive=True
[2025-10-10 14:33:16] [WD] hb uptime=30s restarts=0 child_alive=True
[2025-10-10 14:33:21] [WD] hb uptime=35s restarts=0 child_alive=True
Starting ES paper bot...
[CONNECT] 127.0.0.1:7497 clientId=111
[CONNECT] Attempt 1/24 -> clientId=111
Connected (clientId=111)
[MD] LIVE (1).
[CONTRACT] Using localSymbol=ESZ5 conId=495512563 expiry=20251219
[BOOT] Hist seed: 361 bars
[MD] POLL appended bar 2025-10-10 14:32:55-05:00 close=6622.25 total=362
C:\Users\owner\Desktop\es_futures_backtester\paper_trader.py:601: DeprecationWarning: datetime.datetime.utcnow() is deprecated and scheduled for removal in a future version. Use timezone-aware objects to represent datetimes in UTC: datetime.datetime.now(datetime.UTC).
  print(f"{dt.datetime.utcnow():%Y-%m-%d %H:%M:%S} INFO [OCO] Rebuilt protection: {exit_action} STP {stop_price:.2f} & LMT {targ_price:.2f} qty={qty_abs}")
2025-10-10 19:32:57 INFO [OCO] Rebuilt protection: SELL STP 332698.00 & LMT 332704.00 qty=59
2025-10-10 14:32:57 INFO [HB] active | src=POLL dayR=0.00 pos=+59 avg=332700.98 bars=362 | arms=trend 1/-0.52, breakout 34/-0.16
2025-10-10 14:32:58 INFO [HB] active | src=RT dayR=0.00 pos=+59 avg=332700.98 bars=363 | arms=trend 1/-0.52, breakout 34/-0.16
2025-10-10 14:32:58 INFO [HB] active | src=RT dayR=0.00 pos=+59 avg=332700.98 bars=363 | arms=trend 1/-0.52, breakout 34/-0.16
2025-10-10 14:32:59 INFO [HB] active | src=RT dayR=0.00 pos=+59 avg=332700.98 bars=363 | arms=trend 1/-0.52, breakout 34/-0.16
2025-10-10 14:33:00 INFO [HB] active | src=RT dayR=0.00 pos=+59 avg=332700.98 bars=363 | arms=trend 1/-0.52, breakout 34/-0.16
2025-10-10 14:33:00 INFO [HB] active | src=RT dayR=0.00 pos=+59 avg=332700.98 bars=363 | arms=trend 1/-0.52, breakout 34/-0.16
2025-10-10 14:33:01 INFO [HB] active | src=RT dayR=0.00 pos=+59 avg=332700.98 bars=363 | arms=trend 1/-0.52, breakout 34/-0.16
2025-10-10 14:33:01 INFO [HB] active | src=RT dayR=0.00 pos=+59 avg=332700.98 bars=363 | arms=trend 1/-0.52, breakout 34/-0.16
2025-10-10 14:33:02 INFO [HB] active | src=RT dayR=0.00 pos=+59 avg=332700.98 bars=363 | arms=trend 1/-0.52, breakout 34/-0.16
2025-10-10 14:33:02 INFO [HB] active | src=RT dayR=0.00 pos=+59 avg=332700.98 bars=363 | arms=trend 1/-0.52, breakout 34/-0.16
2025-10-10 14:33:03 INFO [HB] active | src=RT dayR=0.00 pos=+59 avg=332700.98 bars=363 | arms=trend 1/-0.52, breakout 34/-0.16
2025-10-10 14:33:03 INFO [HB] active | src=RT dayR=0.00 pos=+59 avg=332700.98 bars=363 | arms=trend 1/-0.52, breakout 34/-0.16
2025-10-10 14:33:04 INFO [HB] active | src=RT dayR=0.00 pos=+59 avg=332700.98 bars=363 | arms=trend 1/-0.52, breakout 34/-0.16
2025-10-10 14:33:04 INFO [HB] active | src=RT dayR=0.00 pos=+59 avg=332700.98 bars=363 | arms=trend 1/-0.52, breakout 34/-0.16
2025-10-10 14:33:05 INFO [HB] active | src=RT dayR=0.00 pos=+59 avg=332700.98 bars=363 | arms=trend 1/-0.52, breakout 34/-0.16
2025-10-10 14:33:05 INFO [HB] active | src=RT dayR=0.00 pos=+59 avg=332700.98 bars=363 | arms=trend 1/-0.52, breakout 34/-0.16
2025-10-10 14:33:06 INFO [HB] active | src=RT dayR=0.00 pos=+59 avg=332700.98 bars=363 | arms=trend 1/-0.52, breakout 34/-0.16
2025-10-10 14:33:06 INFO [HB] active | src=RT dayR=0.00 pos=+59 avg=332700.98 bars=363 | arms=trend 1/-0.52, breakout 34/-0.16
2025-10-10 14:33:07 INFO [HB] active | src=RT dayR=0.00 pos=+59 avg=332700.98 bars=363 | arms=trend 1/-0.52, breakout 34/-0.16
2025-10-10 14:33:07 INFO [HB] active | src=RT dayR=0.00 pos=+59 avg=332700.98 bars=363 | arms=trend 1/-0.52, breakout 34/-0.16
2025-10-10 14:33:08 INFO [HB] active | src=RT dayR=0.00 pos=+59 avg=332700.98 bars=363 | arms=trend 1/-0.52, breakout 34/-0.16
2025-10-10 14:33:08 INFO [HB] active | src=RT dayR=0.00 pos=+59 avg=332700.98 bars=363 | arms=trend 1/-0.52, breakout 34/-0.16
2025-10-10 14:33:09 INFO [HB] active | src=RT dayR=0.00 pos=+59 avg=332700.98 bars=363 | arms=trend 1/-0.52, breakout 34/-0.16
2025-10-10 14:33:09 INFO [HB] active | src=RT dayR=0.00 pos=+59 avg=332700.98 bars=363 | arms=trend 1/-0.52, breakout 34/-0.16
2025-10-10 14:33:10 INFO [HB] active | src=RT dayR=0.00 pos=+59 avg=332700.98 bars=363 | arms=trend 1/-0.52, breakout 34/-0.16
2025-10-10 14:33:10 INFO [HB] active | src=RT dayR=0.00 pos=+59 avg=332700.98 bars=363 | arms=trend 1/-0.52, breakout 34/-0.16
2025-10-10 14:33:11 INFO [HB] active | src=RT dayR=0.00 pos=+59 avg=332700.98 bars=363 | arms=trend 1/-0.52, breakout 34/-0.16
2025-10-10 14:33:11 INFO [HB] active | src=RT dayR=0.00 pos=+59 avg=332700.98 bars=363 | arms=trend 1/-0.52, breakout 34/-0.16
2025-10-10 14:33:12 INFO [HB] active | src=RT dayR=0.00 pos=+59 avg=332700.98 bars=363 | arms=trend 1/-0.52, breakout 34/-0.16
2025-10-10 14:33:12 INFO [HB] active | src=RT dayR=0.00 pos=+59 avg=332700.98 bars=363 | arms=trend 1/-0.52, breakout 34/-0.16
2025-10-10 14:33:13 INFO [HB] active | src=RT dayR=0.00 pos=+59 avg=332700.98 bars=363 | arms=trend 1/-0.52, breakout 34/-0.16
2025-10-10 14:33:13 INFO [HB] active | src=RT dayR=0.00 pos=+59 avg=332700.98 bars=363 | arms=trend 1/-0.52, breakout 34/-0.16
2025-10-10 14:33:14 INFO [HB] active | src=RT dayR=0.00 pos=+59 avg=332700.98 bars=363 | arms=trend 1/-0.52, breakout 34/-0.16
2025-10-10 14:33:14 INFO [HB] active | src=RT dayR=0.00 pos=+59 avg=332700.98 bars=363 | arms=trend 1/-0.52, breakout 34/-0.16
2025-10-10 14:33:15 INFO [HB] active | src=RT dayR=0.00 pos=+59 avg=332700.98 bars=363 | arms=trend 1/-0.52, breakout 34/-0.16
2025-10-10 14:33:15 INFO [HB] active | src=RT dayR=0.00 pos=+59 avg=332700.98 bars=363 | arms=trend 1/-0.52, breakout 34/-0.16
2025-10-10 14:33:16 INFO [HB] active | src=RT dayR=0.00 pos=+59 avg=332700.98 bars=363 | arms=trend 1/-0.52, breakout 34/-0.16
2025-10-10 14:33:16 INFO [HB] active | src=RT dayR=0.00 pos=+59 avg=332700.98 bars=363 | arms=trend 1/-0.52, breakout 34/-0.16
2025-10-10 14:33:17 INFO [HB] active | src=RT dayR=0.00 pos=+59 avg=332700.98 bars=363 | arms=trend 1/-0.52, breakout 34/-0.16
2025-10-10 14:33:17 INFO [HB] active | src=RT dayR=0.00 pos=+59 avg=332700.98 bars=363 | arms=trend 1/-0.52, breakout 34/-0.16
2025-10-10 14:33:18 INFO [HB] active | src=RT dayR=0.00 pos=+59 avg=332700.98 bars=363 | arms=trend 1/-0.52, breakout 34/-0.16
[MD] POLL appended bar 2025-10-10 14:33:15-05:00 close=6619.50 total=364
C:\Users\owner\Desktop\es_futures_backtester\paper_trader.py:580: DeprecationWarning: datetime.datetime.utcnow() is deprecated and scheduled for removal in a future version. Use timezone-aware objects to represent datetimes in UTC: datetime.datetime.now(datetime.UTC).
  print(f"{dt.datetime.utcnow():%Y-%m-%d %H:%M:%S} INFO [OCO] Removing stale {t.order.orderType} {t.order.action} to rebuild OCO.")
2025-10-10 19:33:18 INFO [OCO] Removing stale STP SELL to rebuild OCO.
2025-10-10 19:33:18 INFO [OCO] Rebuilt protection: SELL STP 332698.00 & LMT 332704.00 qty=59
2025-10-10 14:33:18 INFO [HB] active | src=POLL dayR=0.00 pos=+59 avg=332700.98 bars=364 | arms=trend 1/-0.52, breakout 34/-0.16
2025-10-10 14:33:19 INFO [HB] active | src=RT dayR=0.00 pos=+59 avg=332700.98 bars=365 | arms=trend 1/-0.52, breakout 34/-0.16
2025-10-10 14:33:19 INFO [HB] active | src=RT dayR=0.00 pos=+59 avg=332700.98 bars=365 | arms=trend 1/-0.52, breakout 34/-0.16
2025-10-10 14:33:20 INFO [HB] active | src=RT dayR=0.00 pos=+59 avg=332700.98 bars=365 | arms=trend 1/-0.52, breakout 34/-0.16
2025-10-10 14:33:20 INFO [HB] active | src=RT dayR=0.00 pos=+59 avg=332700.98 bars=365 | arms=trend 1/-0.52, breakout 34/-0.16
2025-10-10 14:33:21 INFO [HB] active | src=RT dayR=0.00 pos=+59 avg=332700.98 bars=365 | arms=trend 1/-0.52, breakout 34/-0.16
2025-10-10 14:33:21 INFO [HB] active | src=RT dayR=0.00 pos=+59 avg=332700.98 bars=365 | arms=trend 1/-0.52, breakout 34/-0.16
2025-10-10 14:33:22 INFO [HB] active | src=RT dayR=0.00 pos=+59 avg=332700.98 bars=365 | arms=trend 1/-0.52, breakout 34/-0.16
2025-10-10 14:33:22 INFO [HB] active | src=RT dayR=0.00 pos=+59 avg=332700.98 bars=365 | arms=trend 1/-0.52, breakout 34/-0.16
2025-10-10 14:33:23 INFO [HB] active | src=RT dayR=0.00 pos=+59 avg=332700.98 bars=365 | arms=trend 1/-0.52, breakout 34/-0.16
2025-10-10 14:33:23 INFO [HB] active | src=RT dayR=0.00 pos=+59 avg=332700.98 bars=365 | arms=trend 1/-0.52, breakout 34/-0.16
2025-10-10 14:33:24 INFO [HB] active | src=RT dayR=0.00 pos=+59 avg=332700.98 bars=365 | arms=trend 1/-0.52, breakout 34/-0.16
[2025-10-10 14:33:26] [WD] hb uptime=40s restarts=0 child_alive=True
[2025-10-10 14:33:31] [WD] hb uptime=45s restarts=0 child_alive=True
[2025-10-10 14:33:36] [WD] hb uptime=50s restarts=0 child_alive=True
[2025-10-10 14:33:41] [WD] hb uptime=55s restarts=0 child_alive=True
[2025-10-10 14:33:46] [WD] hb uptime=60s restarts=0 child_alive=True
[2025-10-10 14:33:51] [WD] hb uptime=65s restarts=0 child_alive=True
2025-10-10 14:33:24 INFO [HB] active | src=RT dayR=0.00 pos=+59 avg=332700.98 bars=365 | arms=trend 1/-0.52, breakout 34/-0.16
2025-10-10 14:33:25 INFO [HB] active | src=RT dayR=0.00 pos=+59 avg=332700.98 bars=365 | arms=trend 1/-0.52, breakout 34/-0.16
2025-10-10 14:33:25 INFO [HB] active | src=RT dayR=0.00 pos=+59 avg=332700.98 bars=365 | arms=trend 1/-0.52, breakout 34/-0.16
2025-10-10 14:33:26 INFO [HB] active | src=RT dayR=0.00 pos=+59 avg=332700.98 bars=365 | arms=trend 1/-0.52, breakout 34/-0.16
2025-10-10 14:33:26 INFO [HB] active | src=RT dayR=0.00 pos=+59 avg=332700.98 bars=365 | arms=trend 1/-0.52, breakout 34/-0.16
2025-10-10 14:33:27 INFO [HB] active | src=RT dayR=0.00 pos=+59 avg=332700.98 bars=365 | arms=trend 1/-0.52, breakout 34/-0.16
2025-10-10 14:33:27 INFO [HB] active | src=RT dayR=0.00 pos=+59 avg=332700.98 bars=365 | arms=trend 1/-0.52, breakout 34/-0.16
2025-10-10 14:33:28 INFO [HB] active | src=RT dayR=0.00 pos=+59 avg=332700.98 bars=365 | arms=trend 1/-0.52, breakout 34/-0.16
2025-10-10 14:33:28 INFO [HB] active | src=RT dayR=0.00 pos=+59 avg=332700.98 bars=365 | arms=trend 1/-0.52, breakout 34/-0.16
2025-10-10 14:33:29 INFO [HB] active | src=RT dayR=0.00 pos=+59 avg=332700.98 bars=365 | arms=trend 1/-0.52, breakout 34/-0.16
2025-10-10 14:33:29 INFO [HB] active | src=RT dayR=0.00 pos=+59 avg=332700.98 bars=365 | arms=trend 1/-0.52, breakout 34/-0.16
2025-10-10 14:33:30 INFO [HB] active | src=RT dayR=0.00 pos=+59 avg=332700.98 bars=365 | arms=trend 1/-0.52, breakout 34/-0.16
2025-10-10 14:33:30 INFO [HB] active | src=RT dayR=0.00 pos=+59 avg=332700.98 bars=365 | arms=trend 1/-0.52, breakout 34/-0.16
2025-10-10 14:33:31 INFO [HB] active | src=RT dayR=0.00 pos=+59 avg=332700.98 bars=365 | arms=trend 1/-0.52, breakout 34/-0.16
2025-10-10 14:33:31 INFO [HB] active | src=RT dayR=0.00 pos=+59 avg=332700.98 bars=365 | arms=trend 1/-0.52, breakout 34/-0.16
2025-10-10 14:33:32 INFO [HB] active | src=RT dayR=0.00 pos=+59 avg=332700.98 bars=365 | arms=trend 1/-0.52, breakout 34/-0.16
2025-10-10 14:33:32 INFO [HB] active | src=RT dayR=0.00 pos=+59 avg=332700.98 bars=365 | arms=trend 1/-0.52, breakout 34/-0.16
2025-10-10 14:33:33 INFO [HB] active | src=RT dayR=0.00 pos=+59 avg=332700.98 bars=365 | arms=trend 1/-0.52, breakout 34/-0.16
2025-10-10 14:33:33 INFO [HB] active | src=RT dayR=0.00 pos=+59 avg=332700.98 bars=365 | arms=trend 1/-0.52, breakout 34/-0.16
2025-10-10 14:33:34 INFO [HB] active | src=RT dayR=0.00 pos=+59 avg=332700.98 bars=365 | arms=trend 1/-0.52, breakout 34/-0.16
2025-10-10 14:33:34 INFO [HB] active | src=RT dayR=0.00 pos=+59 avg=332700.98 bars=365 | arms=trend 1/-0.52, breakout 34/-0.16
2025-10-10 14:33:35 INFO [HB] active | src=RT dayR=0.00 pos=+59 avg=332700.98 bars=365 | arms=trend 1/-0.52, breakout 34/-0.16
2025-10-10 14:33:35 INFO [HB] active | src=RT dayR=0.00 pos=+59 avg=332700.98 bars=365 | arms=trend 1/-0.52, breakout 34/-0.16
2025-10-10 14:33:36 INFO [HB] active | src=RT dayR=0.00 pos=+59 avg=332700.98 bars=365 | arms=trend 1/-0.52, breakout 34/-0.16
2025-10-10 14:33:36 INFO [HB] active | src=RT dayR=0.00 pos=+59 avg=332700.98 bars=365 | arms=trend 1/-0.52, breakout 34/-0.16
2025-10-10 14:33:37 INFO [HB] active | src=RT dayR=0.00 pos=+59 avg=332700.98 bars=365 | arms=trend 1/-0.52, breakout 34/-0.16
2025-10-10 14:33:37 INFO [HB] active | src=RT dayR=0.00 pos=+59 avg=332700.98 bars=365 | arms=trend 1/-0.52, breakout 34/-0.16
2025-10-10 14:33:38 INFO [HB] active | src=RT dayR=0.00 pos=+59 avg=332700.98 bars=365 | arms=trend 1/-0.52, breakout 34/-0.16
2025-10-10 14:33:38 INFO [HB] active | src=RT dayR=0.00 pos=+59 avg=332700.98 bars=365 | arms=trend 1/-0.52, breakout 34/-0.16
Error 161, reqId 5376: Cancel attempted when order is not in a cancellable state.  Order permId =691446799
[MD] POLL appended bar 2025-10-10 14:33:35-05:00 close=6619.00 total=366
2025-10-10 19:33:39 INFO [OCO] Removing stale STP SELL to rebuild OCO.
2025-10-10 19:33:39 INFO [OCO] Rebuilt protection: SELL STP 332698.00 & LMT 332704.00 qty=59
2025-10-10 14:33:39 INFO [HB] active | src=POLL dayR=0.00 pos=+59 avg=332700.98 bars=366 | arms=trend 1/-0.52, breakout 34/-0.16
2025-10-10 14:33:40 INFO [HB] active | src=RT dayR=0.00 pos=+59 avg=332700.98 bars=367 | arms=trend 1/-0.52, breakout 34/-0.16
2025-10-10 14:33:40 INFO [HB] active | src=RT dayR=0.00 pos=+59 avg=332700.98 bars=367 | arms=trend 1/-0.52, breakout 34/-0.16
2025-10-10 14:33:41 INFO [HB] active | src=RT dayR=0.00 pos=+59 avg=332700.98 bars=367 | arms=trend 1/-0.52, breakout 34/-0.16
2025-10-10 14:33:41 INFO [HB] active | src=RT dayR=0.00 pos=+59 avg=332700.98 bars=367 | arms=trend 1/-0.52, breakout 34/-0.16
2025-10-10 14:33:42 INFO [HB] active | src=RT dayR=0.00 pos=+59 avg=332700.98 bars=367 | arms=trend 1/-0.52, breakout 34/-0.16
2025-10-10 14:33:42 INFO [HB] active | src=RT dayR=0.00 pos=+59 avg=332700.98 bars=367 | arms=trend 1/-0.52, breakout 34/-0.16
2025-10-10 14:33:43 INFO [HB] active | src=RT dayR=0.00 pos=+59 avg=332700.98 bars=367 | arms=trend 1/-0.52, breakout 34/-0.16
2025-10-10 14:33:43 INFO [HB] active | src=RT dayR=0.00 pos=+59 avg=332700.98 bars=367 | arms=trend 1/-0.52, breakout 34/-0.16
2025-10-10 14:33:44 INFO [HB] active | src=RT dayR=0.00 pos=+59 avg=332700.98 bars=367 | arms=trend 1/-0.52, breakout 34/-0.16
2025-10-10 14:33:44 INFO [HB] active | src=RT dayR=0.00 pos=+59 avg=332700.98 bars=367 | arms=trend 1/-0.52, breakout 34/-0.16
2025-10-10 14:33:45 INFO [HB] active | src=RT dayR=0.00 pos=+59 avg=332700.98 bars=367 | arms=trend 1/-0.52, breakout 34/-0.16
2025-10-10 14:33:45 INFO [HB] active | src=RT dayR=0.00 pos=+59 avg=332700.98 bars=367 | arms=trend 1/-0.52, breakout 34/-0.16
2025-10-10 14:33:46 INFO [HB] active | src=RT dayR=0.00 pos=+59 avg=332700.98 bars=367 | arms=trend 1/-0.52, breakout 34/-0.16
2025-10-10 14:33:46 INFO [HB] active | src=RT dayR=0.00 pos=+59 avg=332700.98 bars=367 | arms=trend 1/-0.52, breakout 34/-0.16
2025-10-10 14:33:47 INFO [HB] active | src=RT dayR=0.00 pos=+59 avg=332700.98 bars=367 | arms=trend 1/-0.52, breakout 34/-0.16
2025-10-10 14:33:47 INFO [HB] active | src=RT dayR=0.00 pos=+59 avg=332700.98 bars=367 | arms=trend 1/-0.52, breakout 34/-0.16
2025-10-10 14:33:48 INFO [HB] active | src=RT dayR=0.00 pos=+59 avg=332700.98 bars=367 | arms=trend 1/-0.52, breakout 34/-0.16
2025-10-10 14:33:48 INFO [HB] active | src=RT dayR=0.00 pos=+59 avg=332700.98 bars=367 | arms=trend 1/-0.52, breakout 34/-0.16
2025-10-10 14:33:49 INFO [HB] active | src=RT dayR=0.00 pos=+59 avg=332700.98 bars=367 | arms=trend 1/-0.52, breakout 34/-0.16
2025-10-10 14:33:49 INFO [HB] active | src=RT dayR=0.00 pos=+59 avg=332700.98 bars=367 | arms=trend 1/-0.52, breakout 34/-0.16
2025-10-10 14:33:50 INFO [HB] active | src=RT dayR=0.00 pos=+59 avg=332700.98 bars=367 | arms=trend 1/-0.52, breakout 34/-0.16
2025-10-10 14:33:50 INFO [HB] active | src=RT dayR=0.00 pos=+59 avg=332700.98 bars=367 | arms=trend 1/-0.52, breakout 34/-0.16
2025-10-10 14:33:51 INFO [HB] active | src=RT dayR=0.00 pos=+59 avg=332700.98 bars=367 | arms=trend 1/-0.52, breakout 34/-0.16
2025-10-10 14:33:51 INFO [HB] active | src=RT dayR=0.00 pos=+59 avg=332700.98 bars=367 | arms=trend 1/-0.52, breakout 34/-0.16
2025-10-10 14:33:52 INFO [HB] active | src=RT dayR=0.00 pos=+59 avg=332700.98 bars=367 | arms=trend 1/-0.52, breakout 34/-0.16
2025-10-10 14:33:52 INFO [HB] active | src=RT dayR=0.00 pos=+59 avg=332700.98 bars=367 | arms=trend 1/-0.52, breakout 34/-0.16
2025-10-10 14:33:53 INFO [HB] active | src=RT dayR=0.00 pos=+59 avg=332700.98 bars=367 | arms=trend 1/-0.52, breakout 34/-0.16
2025-10-10 14:33:53 INFO [HB] active | src=RT dayR=0.00 pos=+59 avg=332700.98 bars=367 | arms=trend 1/-0.52, breakout 34/-0.16
2025-10-10 14:33:54 INFO [HB] active | src=RT dayR=0.00 pos=+59 avg=332700.98 bars=367 | arms=trend 1/-0.52, breakout 34/-0.16
2025-10-10 14:33:54 INFO [HB] active | src=RT dayR=0.00 pos=+59 avg=332700.98 bars=367 | arms=trend 1/-0.52, breakout 34/-0.16
2025-10-10 14:33:55 INFO [HB] active | src=RT dayR=0.00 pos=+59 avg=332700.98 bars=367 | arms=trend 1/-0.52, breakout 34/-0.16
2025-10-10 14:33:55 INFO [HB] active | src=RT dayR=0.00 pos=+59 avg=332700.98 bars=367 | arms=trend 1/-0.52, breakout 34/-0.16
[2025-10-10 14:33:56] [WD] hb uptime=70s restarts=0 child_alive=True
[2025-10-10 14:34:01] [WD] hb uptime=75s restarts=0 child_alive=True
[2025-10-10 14:34:06] [WD] hb uptime=80s restarts=0 child_alive=True
[2025-10-10 14:34:11] [WD] hb uptime=85s restarts=0 child_alive=True
[2025-10-10 14:34:16] [WD] hb uptime=90s restarts=0 child_alive=True
[2025-10-10 14:34:21] [WD] hb uptime=95s restarts=0 child_alive=True
2025-10-10 14:33:56 INFO [HB] active | src=RT dayR=0.00 pos=+59 avg=332700.98 bars=367 | arms=trend 1/-0.52, breakout 34/-0.16
2025-10-10 14:33:56 INFO [HB] active | src=RT dayR=0.00 pos=+59 avg=332700.98 bars=367 | arms=trend 1/-0.52, breakout 34/-0.16
2025-10-10 14:33:57 INFO [HB] active | src=RT dayR=0.00 pos=+59 avg=332700.98 bars=367 | arms=trend 1/-0.52, breakout 34/-0.16
2025-10-10 14:33:57 INFO [HB] active | src=RT dayR=0.00 pos=+59 avg=332700.98 bars=367 | arms=trend 1/-0.52, breakout 34/-0.16
2025-10-10 14:33:58 INFO [HB] active | src=RT dayR=0.00 pos=+59 avg=332700.98 bars=367 | arms=trend 1/-0.52, breakout 34/-0.16
2025-10-10 14:33:58 INFO [HB] active | src=RT dayR=0.00 pos=+59 avg=332700.98 bars=367 | arms=trend 1/-0.52, breakout 34/-0.16
2025-10-10 14:33:59 INFO [HB] active | src=RT dayR=0.00 pos=+59 avg=332700.98 bars=367 | arms=trend 1/-0.52, breakout 34/-0.16
2025-10-10 14:33:59 INFO [HB] active | src=RT dayR=0.00 pos=+59 avg=332700.98 bars=367 | arms=trend 1/-0.52, breakout 34/-0.16
Error 161, reqId 5379: Cancel attempted when order is not in a cancellable state.  Order permId =691446801
[MD] POLL appended bar 2025-10-10 14:33:55-05:00 close=6619.25 total=368
2025-10-10 19:34:00 INFO [OCO] Removing stale STP SELL to rebuild OCO.
2025-10-10 19:34:00 INFO [OCO] Rebuilt protection: SELL STP 332698.00 & LMT 332704.00 qty=59
2025-10-10 14:34:00 INFO [HB] active | src=POLL dayR=0.00 pos=+59 avg=332700.98 bars=368 | arms=trend 1/-0.52, breakout 34/-0.16
2025-10-10 14:34:01 INFO [HB] active | src=RT dayR=0.00 pos=+59 avg=332700.98 bars=369 | arms=trend 1/-0.52, breakout 34/-0.16
2025-10-10 14:34:01 INFO [HB] active | src=RT dayR=0.00 pos=+59 avg=332700.98 bars=369 | arms=trend 1/-0.52, breakout 34/-0.16
2025-10-10 14:34:02 INFO [HB] active | src=RT dayR=0.00 pos=+59 avg=332700.98 bars=369 | arms=trend 1/-0.52, breakout 34/-0.16
2025-10-10 14:34:02 INFO [HB] active | src=RT dayR=0.00 pos=+59 avg=332700.98 bars=369 | arms=trend 1/-0.52, breakout 34/-0.16
2025-10-10 14:34:03 INFO [HB] active | src=RT dayR=0.00 pos=+59 avg=332700.98 bars=369 | arms=trend 1/-0.52, breakout 34/-0.16
2025-10-10 14:34:03 INFO [HB] active | src=RT dayR=0.00 pos=+59 avg=332700.98 bars=369 | arms=trend 1/-0.52, breakout 34/-0.16
2025-10-10 14:34:04 INFO [HB] active | src=RT dayR=0.00 pos=+59 avg=332700.98 bars=369 | arms=trend 1/-0.52, breakout 34/-0.16
2025-10-10 14:34:04 INFO [HB] active | src=RT dayR=0.00 pos=+59 avg=332700.98 bars=369 | arms=trend 1/-0.52, breakout 34/-0.16
2025-10-10 14:34:05 INFO [HB] active | src=RT dayR=0.00 pos=+59 avg=332700.98 bars=369 | arms=trend 1/-0.52, breakout 34/-0.16
2025-10-10 14:34:05 INFO [HB] active | src=RT dayR=0.00 pos=+59 avg=332700.98 bars=369 | arms=trend 1/-0.52, breakout 34/-0.16
2025-10-10 14:34:06 INFO [HB] active | src=RT dayR=0.00 pos=+59 avg=332700.98 bars=369 | arms=trend 1/-0.52, breakout 34/-0.16
2025-10-10 14:34:06 INFO [HB] active | src=RT dayR=0.00 pos=+59 avg=332700.98 bars=369 | arms=trend 1/-0.52, breakout 34/-0.16
2025-10-10 14:34:07 INFO [HB] active | src=RT dayR=0.00 pos=+59 avg=332700.98 bars=369 | arms=trend 1/-0.52, breakout 34/-0.16
2025-10-10 14:34:07 INFO [HB] active | src=RT dayR=0.00 pos=+59 avg=332700.98 bars=369 | arms=trend 1/-0.52, breakout 34/-0.16
2025-10-10 14:34:08 INFO [HB] active | src=RT dayR=0.00 pos=+59 avg=332700.98 bars=369 | arms=trend 1/-0.52, breakout 34/-0.16
2025-10-10 14:34:08 INFO [HB] active | src=RT dayR=0.00 pos=+59 avg=332700.98 bars=369 | arms=trend 1/-0.52, breakout 34/-0.16
2025-10-10 14:34:09 INFO [HB] active | src=RT dayR=0.00 pos=+59 avg=332700.98 bars=369 | arms=trend 1/-0.52, breakout 34/-0.16
2025-10-10 14:34:09 INFO [HB] active | src=RT dayR=0.00 pos=+59 avg=332700.98 bars=369 | arms=trend 1/-0.52, breakout 34/-0.16
2025-10-10 14:34:10 INFO [HB] active | src=RT dayR=0.00 pos=+59 avg=332700.98 bars=369 | arms=trend 1/-0.52, breakout 34/-0.16
2025-10-10 14:34:10 INFO [HB] active | src=RT dayR=0.00 pos=+59 avg=332700.98 bars=369 | arms=trend 1/-0.52, breakout 34/-0.16
2025-10-10 14:34:11 INFO [HB] active | src=RT dayR=0.00 pos=+59 avg=332700.98 bars=369 | arms=trend 1/-0.52, breakout 34/-0.16
2025-10-10 14:34:11 INFO [HB] active | src=RT dayR=0.00 pos=+59 avg=332700.98 bars=369 | arms=trend 1/-0.52, breakout 34/-0.16
2025-10-10 14:34:12 INFO [HB] active | src=RT dayR=0.00 pos=+59 avg=332700.98 bars=369 | arms=trend 1/-0.52, breakout 34/-0.16
2025-10-10 14:34:12 INFO [HB] active | src=RT dayR=0.00 pos=+59 avg=332700.98 bars=369 | arms=trend 1/-0.52, breakout 34/-0.16
2025-10-10 14:34:13 INFO [HB] active | src=RT dayR=0.00 pos=+59 avg=332700.98 bars=369 | arms=trend 1/-0.52, breakout 34/-0.16
2025-10-10 14:34:13 INFO [HB] active | src=RT dayR=0.00 pos=+59 avg=332700.98 bars=369 | arms=trend 1/-0.52, breakout 34/-0.16
2025-10-10 14:34:14 INFO [HB] active | src=RT dayR=0.00 pos=+59 avg=332700.98 bars=369 | arms=trend 1/-0.52, breakout 34/-0.16
2025-10-10 14:34:14 INFO [HB] active | src=RT dayR=0.00 pos=+59 avg=332700.98 bars=369 | arms=trend 1/-0.52, breakout 34/-0.16
2025-10-10 14:34:15 INFO [HB] active | src=RT dayR=0.00 pos=+59 avg=332700.98 bars=369 | arms=trend 1/-0.52, breakout 34/-0.16
2025-10-10 14:34:15 INFO [HB] active | src=RT dayR=0.00 pos=+59 avg=332700.98 bars=369 | arms=trend 1/-0.52, breakout 34/-0.16
2025-10-10 14:34:16 INFO [HB] active | src=RT dayR=0.00 pos=+59 avg=332700.98 bars=369 | arms=trend 1/-0.52, breakout 34/-0.16
2025-10-10 14:34:16 INFO [HB] active | src=RT dayR=0.00 pos=+59 avg=332700.98 bars=369 | arms=trend 1/-0.52, breakout 34/-0.16
2025-10-10 14:34:17 INFO [HB] active | src=RT dayR=0.00 pos=+59 avg=332700.98 bars=369 | arms=trend 1/-0.52, breakout 34/-0.16
2025-10-10 14:34:17 INFO [HB] active | src=RT dayR=0.00 pos=+59 avg=332700.98 bars=369 | arms=trend 1/-0.52, breakout 34/-0.16
2025-10-10 14:34:18 INFO [HB] active | src=RT dayR=0.00 pos=+59 avg=332700.98 bars=369 | arms=trend 1/-0.52, breakout 34/-0.16
2025-10-10 14:34:18 INFO [HB] active | src=RT dayR=0.00 pos=+59 avg=332700.98 bars=369 | arms=trend 1/-0.52, breakout 34/-0.16
2025-10-10 14:34:19 INFO [HB] active | src=RT dayR=0.00 pos=+59 avg=332700.98 bars=369 | arms=trend 1/-0.52, breakout 34/-0.16
2025-10-10 14:34:19 INFO [HB] active | src=RT dayR=0.00 pos=+59 avg=332700.98 bars=369 | arms=trend 1/-0.52, breakout 34/-0.16
2025-10-10 14:34:20 INFO [HB] active | src=RT dayR=0.00 pos=+59 avg=332700.98 bars=369 | arms=trend 1/-0.52, breakout 34/-0.16
2025-10-10 14:34:20 INFO [HB] active | src=RT dayR=0.00 pos=+59 avg=332700.98 bars=369 | arms=trend 1/-0.52, breakout 34/-0.16
Error 161, reqId 5382: Cancel attempted when order is not in a cancellable state.  Order permId =691446803
[MD] POLL appended bar 2025-10-10 14:34:15-05:00 close=6619.00 total=370
2025-10-10 19:34:21 INFO [OCO] Removing stale STP SELL to rebuild OCO.
2025-10-10 19:34:21 INFO [OCO] Rebuilt protection: SELL STP 332698.00 & LMT 332704.00 qty=59
2025-10-10 14:34:21 INFO [HB] active | src=POLL dayR=0.00 pos=+59 avg=332700.98 bars=370 | arms=trend 1/-0.52, breakout 34/-0.16
2025-10-10 14:34:21 INFO [HB] active | src=POLL dayR=0.00 pos=+59 avg=332700.98 bars=370 | arms=trend 1/-0.52, breakout 34/-0.16
2025-10-10 14:34:22 INFO [HB] active | src=POLL dayR=0.00 pos=+59 avg=332700.98 bars=370 | arms=trend 1/-0.52, breakout 34/-0.16
2025-10-10 14:34:22 INFO [HB] active | src=POLL dayR=0.00 pos=+59 avg=332700.98 bars=370 | arms=trend 1/-0.52, breakout 34/-0.16
2025-10-10 14:34:23 INFO [HB] active | src=POLL dayR=0.00 pos=+59 avg=332700.98 bars=370 | arms=trend 1/-0.52, breakout 34/-0.16
2025-10-10 14:34:23 INFO [HB] active | src=POLL dayR=0.00 pos=+59 avg=332700.98 bars=370 | arms=trend 1/-0.52, breakout 34/-0.16
2025-10-10 14:34:24 INFO [HB] active | src=POLL dayR=0.00 pos=+59 avg=332700.98 bars=370 | arms=trend 1/-0.52, breakout 34/-0.16
2025-10-10 14:34:24 INFO [HB] active | src=POLL dayR=0.00 pos=+59 avg=332700.98 bars=370 | arms=trend 1/-0.52, breakout 34/-0.16
2025-10-10 14:34:25 INFO [HB] active | src=POLL dayR=0.00 pos=+59 avg=332700.98 bars=370 | arms=trend 1/-0.52, breakout 34/-0.16
2025-10-10 14:34:25 INFO [HB] active | src=POLL dayR=0.00 pos=+59 avg=332700.98 bars=370 | arms=trend 1/-0.52, breakout 34/-0.16
[2025-10-10 14:34:26] [WD] hb uptime=100s restarts=0 child_alive=True
[2025-10-10 14:34:31] [WD] hb uptime=105s restarts=0 child_alive=True
[2025-10-10 14:34:36] [WD] hb uptime=110s restarts=0 child_alive=True
[2025-10-10 14:34:41] [WD] hb uptime=115s restarts=0 child_alive=True
[2025-10-10 14:34:46] [WD] hb uptime=120s restarts=0 child_alive=True
[2025-10-10 14:34:51] [WD] hb uptime=125s restarts=0 child_alive=True
2025-10-10 14:34:26 INFO [HB] active | src=POLL dayR=0.00 pos=+59 avg=332700.98 bars=370 | arms=trend 1/-0.52, breakout 34/-0.16
2025-10-10 14:34:26 INFO [HB] active | src=POLL dayR=0.00 pos=+59 avg=332700.98 bars=370 | arms=trend 1/-0.52, breakout 34/-0.16
2025-10-10 14:34:27 INFO [HB] active | src=POLL dayR=0.00 pos=+59 avg=332700.98 bars=370 | arms=trend 1/-0.52, breakout 34/-0.16
2025-10-10 14:34:27 INFO [HB] active | src=POLL dayR=0.00 pos=+59 avg=332700.98 bars=370 | arms=trend 1/-0.52, breakout 34/-0.16
2025-10-10 14:34:28 INFO [HB] active | src=POLL dayR=0.00 pos=+59 avg=332700.98 bars=370 | arms=trend 1/-0.52, breakout 34/-0.16
2025-10-10 14:34:28 INFO [HB] active | src=POLL dayR=0.00 pos=+59 avg=332700.98 bars=370 | arms=trend 1/-0.52, breakout 34/-0.16
2025-10-10 14:34:29 INFO [HB] active | src=POLL dayR=0.00 pos=+59 avg=332700.98 bars=370 | arms=trend 1/-0.52, breakout 34/-0.16
2025-10-10 14:34:29 INFO [HB] active | src=POLL dayR=0.00 pos=+59 avg=332700.98 bars=370 | arms=trend 1/-0.52, breakout 34/-0.16
2025-10-10 14:34:30 INFO [HB] active | src=POLL dayR=0.00 pos=+59 avg=332700.98 bars=370 | arms=trend 1/-0.52, breakout 34/-0.16
2025-10-10 14:34:30 INFO [HB] active | src=POLL dayR=0.00 pos=+59 avg=332700.98 bars=370 | arms=trend 1/-0.52, breakout 34/-0.16
Error 161, reqId 5385: Cancel attempted when order is not in a cancellable state.  Order permId =691446805
[MD] POLL appended bar 2025-10-10 14:34:25-05:00 close=6618.50 total=371
2025-10-10 19:34:31 INFO [OCO] Removing stale STP SELL to rebuild OCO.
2025-10-10 19:34:31 INFO [OCO] Rebuilt protection: SELL STP 332698.00 & LMT 332704.00 qty=59
2025-10-10 14:34:31 INFO [HB] active | src=POLL dayR=0.00 pos=+59 avg=332700.98 bars=371 | arms=trend 1/-0.52, breakout 34/-0.16
2025-10-10 14:34:32 INFO [HB] active | src=POLL dayR=0.00 pos=+59 avg=332700.98 bars=371 | arms=trend 1/-0.52, breakout 34/-0.16
2025-10-10 14:34:32 INFO [HB] active | src=POLL dayR=0.00 pos=+59 avg=332700.98 bars=371 | arms=trend 1/-0.52, breakout 34/-0.16
2025-10-10 14:34:33 INFO [HB] active | src=POLL dayR=0.00 pos=+59 avg=332700.98 bars=371 | arms=trend 1/-0.52, breakout 34/-0.16
2025-10-10 14:34:33 INFO [HB] active | src=POLL dayR=0.00 pos=+59 avg=332700.98 bars=371 | arms=trend 1/-0.52, breakout 34/-0.16
2025-10-10 14:34:34 INFO [HB] active | src=POLL dayR=0.00 pos=+59 avg=332700.98 bars=371 | arms=trend 1/-0.52, breakout 34/-0.16
2025-10-10 14:34:34 INFO [HB] active | src=POLL dayR=0.00 pos=+59 avg=332700.98 bars=371 | arms=trend 1/-0.52, breakout 34/-0.16
2025-10-10 14:34:35 INFO [HB] active | src=POLL dayR=0.00 pos=+59 avg=332700.98 bars=371 | arms=trend 1/-0.52, breakout 34/-0.16
2025-10-10 14:34:35 INFO [HB] active | src=POLL dayR=0.00 pos=+59 avg=332700.98 bars=371 | arms=trend 1/-0.52, breakout 34/-0.16
2025-10-10 14:34:36 INFO [HB] active | src=POLL dayR=0.00 pos=+59 avg=332700.98 bars=371 | arms=trend 1/-0.52, breakout 34/-0.16
2025-10-10 14:34:36 INFO [HB] active | src=POLL dayR=0.00 pos=+59 avg=332700.98 bars=371 | arms=trend 1/-0.52, breakout 34/-0.16
2025-10-10 14:34:37 INFO [HB] active | src=POLL dayR=0.00 pos=+59 avg=332700.98 bars=371 | arms=trend 1/-0.52, breakout 34/-0.16
2025-10-10 14:34:37 INFO [HB] active | src=POLL dayR=0.00 pos=+59 avg=332700.98 bars=371 | arms=trend 1/-0.52, breakout 34/-0.16
2025-10-10 14:34:38 INFO [HB] active | src=POLL dayR=0.00 pos=+59 avg=332700.98 bars=371 | arms=trend 1/-0.52, breakout 34/-0.16
2025-10-10 14:34:38 INFO [HB] active | src=POLL dayR=0.00 pos=+59 avg=332700.98 bars=371 | arms=trend 1/-0.52, breakout 34/-0.16
2025-10-10 14:34:39 INFO [HB] active | src=POLL dayR=0.00 pos=+59 avg=332700.98 bars=371 | arms=trend 1/-0.52, breakout 34/-0.16
2025-10-10 14:34:39 INFO [HB] active | src=POLL dayR=0.00 pos=+59 avg=332700.98 bars=371 | arms=trend 1/-0.52, breakout 34/-0.16
2025-10-10 14:34:40 INFO [HB] active | src=POLL dayR=0.00 pos=+59 avg=332700.98 bars=371 | arms=trend 1/-0.52, breakout 34/-0.16
2025-10-10 14:34:40 INFO [HB] active | src=POLL dayR=0.00 pos=+59 avg=332700.98 bars=371 | arms=trend 1/-0.52, breakout 34/-0.16
2025-10-10 14:34:41 INFO [HB] active | src=POLL dayR=0.00 pos=+59 avg=332700.98 bars=371 | arms=trend 1/-0.52, breakout 34/-0.16
Error 161, reqId 5388: Cancel attempted when order is not in a cancellable state.  Order permId =691446807
[MD] POLL appended bar 2025-10-10 14:34:40-05:00 close=6618.75 total=372
2025-10-10 19:34:41 INFO [OCO] Removing stale STP SELL to rebuild OCO.
2025-10-10 19:34:41 INFO [OCO] Rebuilt protection: SELL STP 332698.00 & LMT 332704.00 qty=59
2025-10-10 14:34:41 INFO [HB] active | src=POLL dayR=0.00 pos=+59 avg=332700.98 bars=372 | arms=trend 1/-0.52, breakout 34/-0.16
2025-10-10 14:34:42 INFO [HB] active | src=RT dayR=0.00 pos=+59 avg=332700.98 bars=373 | arms=trend 1/-0.52, breakout 34/-0.16
2025-10-10 14:34:42 INFO [HB] active | src=RT dayR=0.00 pos=+59 avg=332700.98 bars=373 | arms=trend 1/-0.52, breakout 34/-0.16
2025-10-10 14:34:43 INFO [HB] active | src=RT dayR=0.00 pos=+59 avg=332700.98 bars=373 | arms=trend 1/-0.52, breakout 34/-0.16
2025-10-10 14:34:43 INFO [HB] active | src=RT dayR=0.00 pos=+59 avg=332700.98 bars=373 | arms=trend 1/-0.52, breakout 34/-0.16
2025-10-10 14:34:44 INFO [HB] active | src=RT dayR=0.00 pos=+59 avg=332700.98 bars=373 | arms=trend 1/-0.52, breakout 34/-0.16
2025-10-10 14:34:44 INFO [HB] active | src=RT dayR=0.00 pos=+59 avg=332700.98 bars=373 | arms=trend 1/-0.52, breakout 34/-0.16
2025-10-10 14:34:45 INFO [HB] active | src=RT dayR=0.00 pos=+59 avg=332700.98 bars=373 | arms=trend 1/-0.52, breakout 34/-0.16
2025-10-10 14:34:45 INFO [HB] active | src=RT dayR=0.00 pos=+59 avg=332700.98 bars=373 | arms=trend 1/-0.52, breakout 34/-0.16
2025-10-10 14:34:46 INFO [HB] active | src=RT dayR=0.00 pos=+59 avg=332700.98 bars=373 | arms=trend 1/-0.52, breakout 34/-0.16
2025-10-10 14:34:46 INFO [HB] active | src=RT dayR=0.00 pos=+59 avg=332700.98 bars=373 | arms=trend 1/-0.52, breakout 34/-0.16
2025-10-10 14:34:47 INFO [HB] active | src=RT dayR=0.00 pos=+59 avg=332700.98 bars=373 | arms=trend 1/-0.52, breakout 34/-0.16
2025-10-10 14:34:47 INFO [HB] active | src=RT dayR=0.00 pos=+59 avg=332700.98 bars=373 | arms=trend 1/-0.52, breakout 34/-0.16
2025-10-10 14:34:48 INFO [HB] active | src=RT dayR=0.00 pos=+59 avg=332700.98 bars=373 | arms=trend 1/-0.52, breakout 34/-0.16
2025-10-10 14:34:48 INFO [HB] active | src=RT dayR=0.00 pos=+59 avg=332700.98 bars=373 | arms=trend 1/-0.52, breakout 34/-0.16
2025-10-10 14:34:49 INFO [HB] active | src=RT dayR=0.00 pos=+59 avg=332700.98 bars=373 | arms=trend 1/-0.52, breakout 34/-0.16
2025-10-10 14:34:49 INFO [HB] active | src=RT dayR=0.00 pos=+59 avg=332700.98 bars=373 | arms=trend 1/-0.52, breakout 34/-0.16
2025-10-10 14:34:50 INFO [HB] active | src=RT dayR=0.00 pos=+59 avg=332700.98 bars=373 | arms=trend 1/-0.52, breakout 34/-0.16
2025-10-10 14:34:50 INFO [HB] active | src=RT dayR=0.00 pos=+59 avg=332700.98 bars=373 | arms=trend 1/-0.52, breakout 34/-0.16
2025-10-10 14:34:51 INFO [HB] active | src=RT dayR=0.00 pos=+59 avg=332700.98 bars=373 | arms=trend 1/-0.52, breakout 34/-0.16
2025-10-10 14:34:51 INFO [HB] active | src=RT dayR=0.00 pos=+59 avg=332700.98 bars=373 | arms=trend 1/-0.52, breakout 34/-0.16
2025-10-10 14:34:52 INFO [HB] active | src=RT dayR=0.00 pos=+59 avg=332700.98 bars=373 | arms=trend 1/-0.52, breakout 34/-0.16
2025-10-10 14:34:52 INFO [HB] active | src=RT dayR=0.00 pos=+59 avg=332700.98 bars=373 | arms=trend 1/-0.52, breakout 34/-0.16
2025-10-10 14:34:53 INFO [HB] active | src=RT dayR=0.00 pos=+59 avg=332700.98 bars=373 | arms=trend 1/-0.52, breakout 34/-0.16
2025-10-10 14:34:53 INFO [HB] active | src=RT dayR=0.00 pos=+59 avg=332700.98 bars=373 | arms=trend 1/-0.52, breakout 34/-0.16
2025-10-10 14:34:54 INFO [HB] active | src=RT dayR=0.00 pos=+59 avg=332700.98 bars=373 | arms=trend 1/-0.52, breakout 34/-0.16
2025-10-10 14:34:54 INFO [HB] active | src=RT dayR=0.00 pos=+59 avg=332700.98 bars=373 | arms=trend 1/-0.52, breakout 34/-0.16
2025-10-10 14:34:55 INFO [HB] active | src=RT dayR=0.00 pos=+59 avg=332700.98 bars=373 | arms=trend 1/-0.52, breakout 34/-0.16
2025-10-10 14:34:55 INFO [HB] active | src=RT dayR=0.00 pos=+59 avg=332700.98 bars=373 | arms=trend 1/-0.52, breakout 34/-0.16
[2025-10-10 14:34:56] [WD] hb uptime=130s restarts=0 child_alive=True
[2025-10-10 14:35:01] [WD] hb uptime=135s restarts=0 child_alive=True
[2025-10-10 14:35:06] [WD] hb uptime=140s restarts=0 child_alive=True
[2025-10-10 14:35:11] [WD] hb uptime=145s restarts=0 child_alive=True
[2025-10-10 14:35:16] [WD] hb uptime=150s restarts=0 child_alive=True
[2025-10-10 14:35:21] [WD] hb uptime=155s restarts=0 child_alive=True
2025-10-10 14:34:56 INFO [HB] active | src=RT dayR=0.00 pos=+59 avg=332700.98 bars=373 | arms=trend 1/-0.52, breakout 34/-0.16
2025-10-10 14:34:56 INFO [HB] active | src=RT dayR=0.00 pos=+59 avg=332700.98 bars=373 | arms=trend 1/-0.52, breakout 34/-0.16
2025-10-10 14:34:57 INFO [HB] active | src=RT dayR=0.00 pos=+59 avg=332700.98 bars=373 | arms=trend 1/-0.52, breakout 34/-0.16
2025-10-10 14:34:57 INFO [HB] active | src=RT dayR=0.00 pos=+59 avg=332700.98 bars=373 | arms=trend 1/-0.52, breakout 34/-0.16
2025-10-10 14:34:58 INFO [HB] active | src=RT dayR=0.00 pos=+59 avg=332700.98 bars=373 | arms=trend 1/-0.52, breakout 34/-0.16
2025-10-10 14:34:58 INFO [HB] active | src=RT dayR=0.00 pos=+59 avg=332700.98 bars=373 | arms=trend 1/-0.52, breakout 34/-0.16
2025-10-10 14:34:59 INFO [HB] active | src=RT dayR=0.00 pos=+59 avg=332700.98 bars=373 | arms=trend 1/-0.52, breakout 34/-0.16
2025-10-10 14:34:59 INFO [HB] active | src=RT dayR=0.00 pos=+59 avg=332700.98 bars=373 | arms=trend 1/-0.52, breakout 34/-0.16
2025-10-10 14:35:00 INFO [HB] active | src=RT dayR=0.00 pos=+59 avg=332700.98 bars=373 | arms=trend 1/-0.52, breakout 34/-0.16
2025-10-10 14:35:00 INFO [HB] active | src=RT dayR=0.00 pos=+59 avg=332700.98 bars=373 | arms=trend 1/-0.52, breakout 34/-0.16
2025-10-10 14:35:01 INFO [HB] active | src=RT dayR=0.00 pos=+59 avg=332700.98 bars=373 | arms=trend 1/-0.52, breakout 34/-0.16
2025-10-10 14:35:01 INFO [HB] active | src=RT dayR=0.00 pos=+59 avg=332700.98 bars=373 | arms=trend 1/-0.52, breakout 34/-0.16
Error 161, reqId 5391: Cancel attempted when order is not in a cancellable state.  Order permId =691446809
[MD] POLL appended bar 2025-10-10 14:35:00-05:00 close=6618.00 total=374
2025-10-10 19:35:02 INFO [OCO] Removing stale STP SELL to rebuild OCO.
2025-10-10 19:35:02 INFO [OCO] Rebuilt protection: SELL STP 332698.00 & LMT 332704.00 qty=59
2025-10-10 14:35:02 INFO [HB] active | src=POLL dayR=0.00 pos=+59 avg=332700.98 bars=374 | arms=trend 1/-0.52, breakout 34/-0.16
2025-10-10 14:35:03 INFO [HB] active | src=RT dayR=0.00 pos=+59 avg=332700.98 bars=375 | arms=trend 1/-0.52, breakout 34/-0.16
2025-10-10 14:35:03 INFO [HB] active | src=RT dayR=0.00 pos=+59 avg=332700.98 bars=375 | arms=trend 1/-0.52, breakout 34/-0.16
2025-10-10 14:35:04 INFO [HB] active | src=RT dayR=0.00 pos=+59 avg=332700.98 bars=375 | arms=trend 1/-0.52, breakout 34/-0.16
2025-10-10 14:35:04 INFO [HB] active | src=RT dayR=0.00 pos=+59 avg=332700.98 bars=375 | arms=trend 1/-0.52, breakout 34/-0.16
2025-10-10 14:35:05 INFO [HB] active | src=RT dayR=0.00 pos=+59 avg=332700.98 bars=375 | arms=trend 1/-0.52, breakout 34/-0.16
2025-10-10 14:35:05 INFO [HB] active | src=RT dayR=0.00 pos=+59 avg=332700.98 bars=375 | arms=trend 1/-0.52, breakout 34/-0.16
2025-10-10 14:35:06 INFO [HB] active | src=RT dayR=0.00 pos=+59 avg=332700.98 bars=375 | arms=trend 1/-0.52, breakout 34/-0.16
2025-10-10 14:35:06 INFO [HB] active | src=RT dayR=0.00 pos=+59 avg=332700.98 bars=375 | arms=trend 1/-0.52, breakout 34/-0.16
2025-10-10 14:35:07 INFO [HB] active | src=RT dayR=0.00 pos=+59 avg=332700.98 bars=375 | arms=trend 1/-0.52, breakout 34/-0.16
2025-10-10 14:35:07 INFO [HB] active | src=RT dayR=0.00 pos=+59 avg=332700.98 bars=375 | arms=trend 1/-0.52, breakout 34/-0.16
2025-10-10 14:35:08 INFO [HB] active | src=RT dayR=0.00 pos=+59 avg=332700.98 bars=375 | arms=trend 1/-0.52, breakout 34/-0.16
2025-10-10 14:35:08 INFO [HB] active | src=RT dayR=0.00 pos=+59 avg=332700.98 bars=375 | arms=trend 1/-0.52, breakout 34/-0.16
2025-10-10 14:35:09 INFO [HB] active | src=RT dayR=0.00 pos=+59 avg=332700.98 bars=375 | arms=trend 1/-0.52, breakout 34/-0.16
2025-10-10 14:35:09 INFO [HB] active | src=RT dayR=0.00 pos=+59 avg=332700.98 bars=375 | arms=trend 1/-0.52, breakout 34/-0.16
2025-10-10 14:35:10 INFO [HB] active | src=RT dayR=0.00 pos=+59 avg=332700.98 bars=375 | arms=trend 1/-0.52, breakout 34/-0.16
2025-10-10 14:35:10 INFO [HB] active | src=RT dayR=0.00 pos=+59 avg=332700.98 bars=375 | arms=trend 1/-0.52, breakout 34/-0.16
2025-10-10 14:35:11 INFO [HB] active | src=RT dayR=0.00 pos=+59 avg=332700.98 bars=375 | arms=trend 1/-0.52, breakout 34/-0.16
2025-10-10 14:35:11 INFO [HB] active | src=RT dayR=0.00 pos=+59 avg=332700.98 bars=375 | arms=trend 1/-0.52, breakout 34/-0.16
2025-10-10 14:35:12 INFO [HB] active | src=RT dayR=0.00 pos=+59 avg=332700.98 bars=375 | arms=trend 1/-0.52, breakout 34/-0.16
2025-10-10 14:35:12 INFO [HB] active | src=RT dayR=0.00 pos=+59 avg=332700.98 bars=375 | arms=trend 1/-0.52, breakout 34/-0.16
2025-10-10 14:35:13 INFO [HB] active | src=RT dayR=0.00 pos=+59 avg=332700.98 bars=375 | arms=trend 1/-0.52, breakout 34/-0.16
2025-10-10 14:35:13 INFO [HB] active | src=RT dayR=0.00 pos=+59 avg=332700.98 bars=375 | arms=trend 1/-0.52, breakout 34/-0.16
2025-10-10 14:35:14 INFO [HB] active | src=RT dayR=0.00 pos=+59 avg=332700.98 bars=375 | arms=trend 1/-0.52, breakout 34/-0.16
2025-10-10 14:35:14 INFO [HB] active | src=RT dayR=0.00 pos=+59 avg=332700.98 bars=375 | arms=trend 1/-0.52, breakout 34/-0.16
2025-10-10 14:35:15 INFO [HB] active | src=RT dayR=0.00 pos=+59 avg=332700.98 bars=375 | arms=trend 1/-0.52, breakout 34/-0.16
2025-10-10 14:35:15 INFO [HB] active | src=RT dayR=0.00 pos=+59 avg=332700.98 bars=375 | arms=trend 1/-0.52, breakout 34/-0.16
2025-10-10 14:35:16 INFO [HB] active | src=RT dayR=0.00 pos=+59 avg=332700.98 bars=375 | arms=trend 1/-0.52, breakout 34/-0.16
2025-10-10 14:35:16 INFO [HB] active | src=RT dayR=0.00 pos=+59 avg=332700.98 bars=375 | arms=trend 1/-0.52, breakout 34/-0.16
2025-10-10 14:35:17 INFO [HB] active | src=RT dayR=0.00 pos=+59 avg=332700.98 bars=375 | arms=trend 1/-0.52, breakout 34/-0.16
2025-10-10 14:35:17 INFO [HB] active | src=RT dayR=0.00 pos=+59 avg=332700.98 bars=375 | arms=trend 1/-0.52, breakout 34/-0.16
2025-10-10 14:35:18 INFO [HB] active | src=RT dayR=0.00 pos=+59 avg=332700.98 bars=375 | arms=trend 1/-0.52, breakout 34/-0.16
2025-10-10 14:35:18 INFO [HB] active | src=RT dayR=0.00 pos=+59 avg=332700.98 bars=375 | arms=trend 1/-0.52, breakout 34/-0.16
2025-10-10 14:35:19 INFO [HB] active | src=RT dayR=0.00 pos=+59 avg=332700.98 bars=375 | arms=trend 1/-0.52, breakout 34/-0.16
2025-10-10 14:35:19 INFO [HB] active | src=RT dayR=0.00 pos=+59 avg=332700.98 bars=375 | arms=trend 1/-0.52, breakout 34/-0.16
2025-10-10 14:35:20 INFO [HB] active | src=RT dayR=0.00 pos=+59 avg=332700.98 bars=375 | arms=trend 1/-0.52, breakout 34/-0.16
2025-10-10 14:35:20 INFO [HB] active | src=RT dayR=0.00 pos=+59 avg=332700.98 bars=375 | arms=trend 1/-0.52, breakout 34/-0.16
2025-10-10 14:35:21 INFO [HB] active | src=RT dayR=0.00 pos=+59 avg=332700.98 bars=375 | arms=trend 1/-0.52, breakout 34/-0.16
2025-10-10 14:35:21 INFO [HB] active | src=RT dayR=0.00 pos=+59 avg=332700.98 bars=375 | arms=trend 1/-0.52, breakout 34/-0.16
2025-10-10 14:35:22 INFO [HB] active | src=RT dayR=0.00 pos=+59 avg=332700.98 bars=375 | arms=trend 1/-0.52, breakout 34/-0.16
2025-10-10 14:35:22 INFO [HB] active | src=RT dayR=0.00 pos=+59 avg=332700.98 bars=375 | arms=trend 1/-0.52, breakout 34/-0.16
Error 161, reqId 5394: Cancel attempted when order is not in a cancellable state.  Order permId =691446811
[MD] POLL appended bar 2025-10-10 14:35:20-05:00 close=6614.75 total=376
2025-10-10 19:35:23 INFO [OCO] Removing stale STP SELL to rebuild OCO.
2025-10-10 19:35:23 INFO [OCO] Rebuilt protection: SELL STP 332698.00 & LMT 332704.00 qty=59
2025-10-10 14:35:23 INFO [HB] active | src=POLL dayR=0.00 pos=+59 avg=332700.98 bars=376 | arms=trend 1/-0.52, breakout 34/-0.16
2025-10-10 14:35:24 INFO [HB] active | src=RT dayR=0.00 pos=+59 avg=332700.98 bars=377 | arms=trend 1/-0.52, breakout 34/-0.16
2025-10-10 14:35:24 INFO [HB] active | src=RT dayR=0.00 pos=+59 avg=332700.98 bars=377 | arms=trend 1/-0.52, breakout 34/-0.16
2025-10-10 14:35:25 INFO [HB] active | src=RT dayR=0.00 pos=+59 avg=332700.98 bars=377 | arms=trend 1/-0.52, breakout 34/-0.16
2025-10-10 14:35:25 INFO [HB] active | src=RT dayR=0.00 pos=+59 avg=332700.98 bars=377 | arms=trend 1/-0.52, breakout 34/-0.16
2025-10-10 14:35:26 INFO [HB] active | src=RT dayR=0.00 pos=+59 avg=332700.98 bars=377 | arms=trend 1/-0.52, breakout 34/-0.16
[2025-10-10 14:35:26] [WD] hb uptime=160s restarts=0 child_alive=True
[2025-10-10 14:35:31] [WD] hb uptime=165s restarts=0 child_alive=True
[2025-10-10 14:35:36] [WD] hb uptime=170s restarts=0 child_alive=True
[2025-10-10 14:35:41] [WD] hb uptime=175s restarts=0 child_alive=True
[2025-10-10 14:35:46] [WD] hb uptime=180s restarts=0 child_alive=True
[2025-10-10 14:35:51] [WD] hb uptime=185s restarts=0 child_alive=True
[2025-10-10 14:35:56] [WD] hb uptime=190s restarts=0 child_alive=True
2025-10-10 14:35:26 INFO [HB] active | src=RT dayR=0.00 pos=+59 avg=332700.98 bars=377 | arms=trend 1/-0.52, breakout 34/-0.16
2025-10-10 14:35:27 INFO [HB] active | src=RT dayR=0.00 pos=+59 avg=332700.98 bars=377 | arms=trend 1/-0.52, breakout 34/-0.16
2025-10-10 14:35:27 INFO [HB] active | src=RT dayR=0.00 pos=+59 avg=332700.98 bars=377 | arms=trend 1/-0.52, breakout 34/-0.16
2025-10-10 14:35:28 INFO [HB] active | src=RT dayR=0.00 pos=+59 avg=332700.98 bars=377 | arms=trend 1/-0.52, breakout 34/-0.16
2025-10-10 14:35:28 INFO [HB] active | src=RT dayR=0.00 pos=+59 avg=332700.98 bars=377 | arms=trend 1/-0.52, breakout 34/-0.16
2025-10-10 14:35:29 INFO [HB] active | src=RT dayR=0.00 pos=+59 avg=332700.98 bars=377 | arms=trend 1/-0.52, breakout 34/-0.16
2025-10-10 14:35:29 INFO [HB] active | src=RT dayR=0.00 pos=+59 avg=332700.98 bars=377 | arms=trend 1/-0.52, breakout 34/-0.16
2025-10-10 14:35:30 INFO [HB] active | src=RT dayR=0.00 pos=+59 avg=332700.98 bars=377 | arms=trend 1/-0.52, breakout 34/-0.16
2025-10-10 14:35:30 INFO [HB] active | src=RT dayR=0.00 pos=+59 avg=332700.98 bars=377 | arms=trend 1/-0.52, breakout 34/-0.16
2025-10-10 14:35:31 INFO [HB] active | src=RT dayR=0.00 pos=+59 avg=332700.98 bars=377 | arms=trend 1/-0.52, breakout 34/-0.16
2025-10-10 14:35:31 INFO [HB] active | src=RT dayR=0.00 pos=+59 avg=332700.98 bars=377 | arms=trend 1/-0.52, breakout 34/-0.16
2025-10-10 14:35:32 INFO [HB] active | src=RT dayR=0.00 pos=+59 avg=332700.98 bars=377 | arms=trend 1/-0.52, breakout 34/-0.16
2025-10-10 14:35:32 INFO [HB] active | src=RT dayR=0.00 pos=+59 avg=332700.98 bars=377 | arms=trend 1/-0.52, breakout 34/-0.16
2025-10-10 14:35:33 INFO [HB] active | src=RT dayR=0.00 pos=+59 avg=332700.98 bars=377 | arms=trend 1/-0.52, breakout 34/-0.16
2025-10-10 14:35:33 INFO [HB] active | src=RT dayR=0.00 pos=+59 avg=332700.98 bars=377 | arms=trend 1/-0.52, breakout 34/-0.16
2025-10-10 14:35:34 INFO [HB] active | src=RT dayR=0.00 pos=+59 avg=332700.98 bars=377 | arms=trend 1/-0.52, breakout 34/-0.16
2025-10-10 14:35:34 INFO [HB] active | src=RT dayR=0.00 pos=+59 avg=332700.98 bars=377 | arms=trend 1/-0.52, breakout 34/-0.16
2025-10-10 14:35:35 INFO [HB] active | src=RT dayR=0.00 pos=+59 avg=332700.98 bars=377 | arms=trend 1/-0.52, breakout 34/-0.16
2025-10-10 14:35:35 INFO [HB] active | src=RT dayR=0.00 pos=+59 avg=332700.98 bars=377 | arms=trend 1/-0.52, breakout 34/-0.16
2025-10-10 14:35:36 INFO [HB] active | src=RT dayR=0.00 pos=+59 avg=332700.98 bars=377 | arms=trend 1/-0.52, breakout 34/-0.16
2025-10-10 14:35:36 INFO [HB] active | src=RT dayR=0.00 pos=+59 avg=332700.98 bars=377 | arms=trend 1/-0.52, breakout 34/-0.16
2025-10-10 14:35:37 INFO [HB] active | src=RT dayR=0.00 pos=+59 avg=332700.98 bars=377 | arms=trend 1/-0.52, breakout 34/-0.16
2025-10-10 14:35:37 INFO [HB] active | src=RT dayR=0.00 pos=+59 avg=332700.98 bars=377 | arms=trend 1/-0.52, breakout 34/-0.16
2025-10-10 14:35:38 INFO [HB] active | src=RT dayR=0.00 pos=+59 avg=332700.98 bars=377 | arms=trend 1/-0.52, breakout 34/-0.16
2025-10-10 14:35:38 INFO [HB] active | src=RT dayR=0.00 pos=+59 avg=332700.98 bars=377 | arms=trend 1/-0.52, breakout 34/-0.16
2025-10-10 14:35:39 INFO [HB] active | src=RT dayR=0.00 pos=+59 avg=332700.98 bars=377 | arms=trend 1/-0.52, breakout 34/-0.16
2025-10-10 14:35:39 INFO [HB] active | src=RT dayR=0.00 pos=+59 avg=332700.98 bars=377 | arms=trend 1/-0.52, breakout 34/-0.16
2025-10-10 14:35:40 INFO [HB] active | src=RT dayR=0.00 pos=+59 avg=332700.98 bars=377 | arms=trend 1/-0.52, breakout 34/-0.16
2025-10-10 14:35:40 INFO [HB] active | src=RT dayR=0.00 pos=+59 avg=332700.98 bars=377 | arms=trend 1/-0.52, breakout 34/-0.16
2025-10-10 14:35:41 INFO [HB] active | src=RT dayR=0.00 pos=+59 avg=332700.98 bars=377 | arms=trend 1/-0.52, breakout 34/-0.16
2025-10-10 14:35:41 INFO [HB] active | src=RT dayR=0.00 pos=+59 avg=332700.98 bars=377 | arms=trend 1/-0.52, breakout 34/-0.16
2025-10-10 14:35:42 INFO [HB] active | src=RT dayR=0.00 pos=+59 avg=332700.98 bars=377 | arms=trend 1/-0.52, breakout 34/-0.16
2025-10-10 14:35:42 INFO [HB] active | src=RT dayR=0.00 pos=+59 avg=332700.98 bars=377 | arms=trend 1/-0.52, breakout 34/-0.16
2025-10-10 14:35:43 INFO [HB] active | src=RT dayR=0.00 pos=+59 avg=332700.98 bars=377 | arms=trend 1/-0.52, breakout 34/-0.16
2025-10-10 14:35:43 INFO [HB] active | src=RT dayR=0.00 pos=+59 avg=332700.98 bars=377 | arms=trend 1/-0.52, breakout 34/-0.16
Error 161, reqId 5397: Cancel attempted when order is not in a cancellable state.  Order permId =691446813
[MD] POLL appended bar 2025-10-10 14:35:40-05:00 close=6613.25 total=378
2025-10-10 19:35:44 INFO [OCO] Removing stale STP SELL to rebuild OCO.
2025-10-10 19:35:44 INFO [OCO] Rebuilt protection: SELL STP 332698.00 & LMT 332704.00 qty=59
2025-10-10 14:35:44 INFO [HB] active | src=POLL dayR=0.00 pos=+59 avg=332700.98 bars=378 | arms=trend 1/-0.52, breakout 34/-0.16
2025-10-10 14:35:44 INFO [HB] active | src=RT dayR=0.00 pos=+59 avg=332700.98 bars=379 | arms=trend 1/-0.52, breakout 34/-0.16
2025-10-10 14:35:45 INFO [HB] active | src=RT dayR=0.00 pos=+59 avg=332700.98 bars=379 | arms=trend 1/-0.52, breakout 34/-0.16
2025-10-10 14:35:45 INFO [HB] active | src=RT dayR=0.00 pos=+59 avg=332700.98 bars=379 | arms=trend 1/-0.52, breakout 34/-0.16
2025-10-10 14:35:46 INFO [HB] active | src=RT dayR=0.00 pos=+59 avg=332700.98 bars=379 | arms=trend 1/-0.52, breakout 34/-0.16
2025-10-10 14:35:46 INFO [HB] active | src=RT dayR=0.00 pos=+59 avg=332700.98 bars=379 | arms=trend 1/-0.52, breakout 34/-0.16
2025-10-10 14:35:47 INFO [HB] active | src=RT dayR=0.00 pos=+59 avg=332700.98 bars=379 | arms=trend 1/-0.52, breakout 34/-0.16
2025-10-10 14:35:47 INFO [HB] active | src=RT dayR=0.00 pos=+59 avg=332700.98 bars=379 | arms=trend 1/-0.52, breakout 34/-0.16
2025-10-10 14:35:48 INFO [HB] active | src=RT dayR=0.00 pos=+59 avg=332700.98 bars=379 | arms=trend 1/-0.52, breakout 34/-0.16
2025-10-10 14:35:48 INFO [HB] active | src=RT dayR=0.00 pos=+59 avg=332700.98 bars=379 | arms=trend 1/-0.52, breakout 34/-0.16
2025-10-10 14:35:49 INFO [HB] active | src=RT dayR=0.00 pos=+59 avg=332700.98 bars=379 | arms=trend 1/-0.52, breakout 34/-0.16
2025-10-10 14:35:49 INFO [HB] active | src=RT dayR=0.00 pos=+59 avg=332700.98 bars=379 | arms=trend 1/-0.52, breakout 34/-0.16
2025-10-10 14:35:50 INFO [HB] active | src=RT dayR=0.00 pos=+59 avg=332700.98 bars=379 | arms=trend 1/-0.52, breakout 34/-0.16
2025-10-10 14:35:50 INFO [HB] active | src=RT dayR=0.00 pos=+59 avg=332700.98 bars=379 | arms=trend 1/-0.52, breakout 34/-0.16
2025-10-10 14:35:51 INFO [HB] active | src=RT dayR=0.00 pos=+59 avg=332700.98 bars=379 | arms=trend 1/-0.52, breakout 34/-0.16
2025-10-10 14:35:51 INFO [HB] active | src=RT dayR=0.00 pos=+59 avg=332700.98 bars=379 | arms=trend 1/-0.52, breakout 34/-0.16
2025-10-10 14:35:52 INFO [HB] active | src=RT dayR=0.00 pos=+59 avg=332700.98 bars=379 | arms=trend 1/-0.52, breakout 34/-0.16
2025-10-10 14:35:52 INFO [HB] active | src=RT dayR=0.00 pos=+59 avg=332700.98 bars=379 | arms=trend 1/-0.52, breakout 34/-0.16
2025-10-10 14:35:53 INFO [HB] active | src=RT dayR=0.00 pos=+59 avg=332700.98 bars=379 | arms=trend 1/-0.52, breakout 34/-0.16
2025-10-10 14:35:53 INFO [HB] active | src=RT dayR=0.00 pos=+59 avg=332700.98 bars=379 | arms=trend 1/-0.52, breakout 34/-0.16
2025-10-10 14:35:54 INFO [HB] active | src=RT dayR=0.00 pos=+59 avg=332700.98 bars=379 | arms=trend 1/-0.52, breakout 34/-0.16
2025-10-10 14:35:54 INFO [HB] active | src=RT dayR=0.00 pos=+59 avg=332700.98 bars=379 | arms=trend 1/-0.52, breakout 34/-0.16
2025-10-10 14:35:55 INFO [HB] active | src=RT dayR=0.00 pos=+59 avg=332700.98 bars=379 | arms=trend 1/-0.52, breakout 34/-0.16
2025-10-10 14:35:55 INFO [HB] active | src=RT dayR=0.00 pos=+59 avg=332700.98 bars=379 | arms=trend 1/-0.52, breakout 34/-0.16
2025-10-10 14:35:56 INFO [HB] active | src=RT dayR=0.00 pos=+59 avg=332700.98 bars=379 | arms=trend 1/-0.52, breakout 34/-0.16
2025-10-10 14:35:56 INFO [HB] active | src=RT dayR=0.00 pos=+59 avg=332700.98 bars=379 | arms=trend 1/-0.52, breakout 34/-0.16
2025-10-10 14:35:57 INFO [HB] active | src=RT dayR=0.00 pos=+59 avg=332700.98 bars=379 | arms=trend 1/-0.52, breakout 34/-0.16
[2025-10-10 14:36:01] [WD] hb uptime=195s restarts=0 child_alive=True
[2025-10-10 14:36:06] [WD] hb uptime=200s restarts=0 child_alive=True
[2025-10-10 14:36:11] [WD] hb uptime=205s restarts=0 child_alive=True
[2025-10-10 14:36:16] [WD] hb uptime=210s restarts=0 child_alive=True
[2025-10-10 14:36:21] [WD] hb uptime=215s restarts=0 child_alive=True
[2025-10-10 14:36:26] [WD] hb uptime=220s restarts=0 child_alive=True
2025-10-10 14:35:57 INFO [HB] active | src=RT dayR=0.00 pos=+59 avg=332700.98 bars=379 | arms=trend 1/-0.52, breakout 34/-0.16
2025-10-10 14:35:58 INFO [HB] active | src=RT dayR=0.00 pos=+59 avg=332700.98 bars=379 | arms=trend 1/-0.52, breakout 34/-0.16
2025-10-10 14:35:58 INFO [HB] active | src=RT dayR=0.00 pos=+59 avg=332700.98 bars=379 | arms=trend 1/-0.52, breakout 34/-0.16
2025-10-10 14:35:59 INFO [HB] active | src=RT dayR=0.00 pos=+59 avg=332700.98 bars=379 | arms=trend 1/-0.52, breakout 34/-0.16
2025-10-10 14:35:59 INFO [HB] active | src=RT dayR=0.00 pos=+59 avg=332700.98 bars=379 | arms=trend 1/-0.52, breakout 34/-0.16
2025-10-10 14:36:00 INFO [HB] active | src=RT dayR=0.00 pos=+59 avg=332700.98 bars=379 | arms=trend 1/-0.52, breakout 34/-0.16
2025-10-10 14:36:00 INFO [HB] active | src=RT dayR=0.00 pos=+59 avg=332700.98 bars=379 | arms=trend 1/-0.52, breakout 34/-0.16
2025-10-10 14:36:01 INFO [HB] active | src=RT dayR=0.00 pos=+59 avg=332700.98 bars=379 | arms=trend 1/-0.52, breakout 34/-0.16
2025-10-10 14:36:01 INFO [HB] active | src=RT dayR=0.00 pos=+59 avg=332700.98 bars=379 | arms=trend 1/-0.52, breakout 34/-0.16
2025-10-10 14:36:02 INFO [HB] active | src=RT dayR=0.00 pos=+59 avg=332700.98 bars=379 | arms=trend 1/-0.52, breakout 34/-0.16
2025-10-10 14:36:02 INFO [HB] active | src=RT dayR=0.00 pos=+59 avg=332700.98 bars=379 | arms=trend 1/-0.52, breakout 34/-0.16
2025-10-10 14:36:03 INFO [HB] active | src=RT dayR=0.00 pos=+59 avg=332700.98 bars=379 | arms=trend 1/-0.52, breakout 34/-0.16
2025-10-10 14:36:03 INFO [HB] active | src=RT dayR=0.00 pos=+59 avg=332700.98 bars=379 | arms=trend 1/-0.52, breakout 34/-0.16
2025-10-10 14:36:04 INFO [HB] active | src=RT dayR=0.00 pos=+59 avg=332700.98 bars=379 | arms=trend 1/-0.52, breakout 34/-0.16
Error 161, reqId 5400: Cancel attempted when order is not in a cancellable state.  Order permId =691446815
[MD] POLL appended bar 2025-10-10 14:36:00-05:00 close=6613.75 total=380
2025-10-10 19:36:05 INFO [OCO] Removing stale STP SELL to rebuild OCO.
2025-10-10 19:36:05 INFO [OCO] Rebuilt protection: SELL STP 332698.00 & LMT 332704.00 qty=59
2025-10-10 14:36:04 INFO [HB] active | src=POLL dayR=0.00 pos=+59 avg=332700.98 bars=380 | arms=trend 1/-0.52, breakout 34/-0.16
2025-10-10 14:36:05 INFO [HB] active | src=RT dayR=0.00 pos=+59 avg=332700.98 bars=381 | arms=trend 1/-0.52, breakout 34/-0.16
2025-10-10 14:36:06 INFO [HB] active | src=RT dayR=0.00 pos=+59 avg=332700.98 bars=381 | arms=trend 1/-0.52, breakout 34/-0.16
2025-10-10 14:36:06 INFO [HB] active | src=RT dayR=0.00 pos=+59 avg=332700.98 bars=381 | arms=trend 1/-0.52, breakout 34/-0.16
2025-10-10 14:36:07 INFO [HB] active | src=RT dayR=0.00 pos=+59 avg=332700.98 bars=381 | arms=trend 1/-0.52, breakout 34/-0.16
2025-10-10 14:36:07 INFO [HB] active | src=RT dayR=0.00 pos=+59 avg=332700.98 bars=381 | arms=trend 1/-0.52, breakout 34/-0.16
2025-10-10 14:36:08 INFO [HB] active | src=RT dayR=0.00 pos=+59 avg=332700.98 bars=381 | arms=trend 1/-0.52, breakout 34/-0.16
2025-10-10 14:36:08 INFO [HB] active | src=RT dayR=0.00 pos=+59 avg=332700.98 bars=381 | arms=trend 1/-0.52, breakout 34/-0.16
2025-10-10 14:36:09 INFO [HB] active | src=RT dayR=0.00 pos=+59 avg=332700.98 bars=381 | arms=trend 1/-0.52, breakout 34/-0.16
2025-10-10 14:36:09 INFO [HB] active | src=RT dayR=0.00 pos=+59 avg=332700.98 bars=381 | arms=trend 1/-0.52, breakout 34/-0.16
2025-10-10 14:36:10 INFO [HB] active | src=RT dayR=0.00 pos=+59 avg=332700.98 bars=381 | arms=trend 1/-0.52, breakout 34/-0.16
2025-10-10 14:36:10 INFO [HB] active | src=RT dayR=0.00 pos=+59 avg=332700.98 bars=381 | arms=trend 1/-0.52, breakout 34/-0.16
2025-10-10 14:36:11 INFO [HB] active | src=RT dayR=0.00 pos=+59 avg=332700.98 bars=381 | arms=trend 1/-0.52, breakout 34/-0.16
2025-10-10 14:36:11 INFO [HB] active | src=RT dayR=0.00 pos=+59 avg=332700.98 bars=381 | arms=trend 1/-0.52, breakout 34/-0.16
2025-10-10 14:36:12 INFO [HB] active | src=RT dayR=0.00 pos=+59 avg=332700.98 bars=381 | arms=trend 1/-0.52, breakout 34/-0.16
2025-10-10 14:36:12 INFO [HB] active | src=RT dayR=0.00 pos=+59 avg=332700.98 bars=381 | arms=trend 1/-0.52, breakout 34/-0.16
2025-10-10 14:36:13 INFO [HB] active | src=RT dayR=0.00 pos=+59 avg=332700.98 bars=381 | arms=trend 1/-0.52, breakout 34/-0.16
2025-10-10 14:36:13 INFO [HB] active | src=RT dayR=0.00 pos=+59 avg=332700.98 bars=381 | arms=trend 1/-0.52, breakout 34/-0.16
2025-10-10 14:36:14 INFO [HB] active | src=RT dayR=0.00 pos=+59 avg=332700.98 bars=381 | arms=trend 1/-0.52, breakout 34/-0.16
2025-10-10 14:36:14 INFO [HB] active | src=RT dayR=0.00 pos=+59 avg=332700.98 bars=381 | arms=trend 1/-0.52, breakout 34/-0.16
2025-10-10 14:36:15 INFO [HB] active | src=RT dayR=0.00 pos=+59 avg=332700.98 bars=381 | arms=trend 1/-0.52, breakout 34/-0.16
2025-10-10 14:36:15 INFO [HB] active | src=RT dayR=0.00 pos=+59 avg=332700.98 bars=381 | arms=trend 1/-0.52, breakout 34/-0.16
2025-10-10 14:36:16 INFO [HB] active | src=RT dayR=0.00 pos=+59 avg=332700.98 bars=381 | arms=trend 1/-0.52, breakout 34/-0.16
2025-10-10 14:36:16 INFO [HB] active | src=RT dayR=0.00 pos=+59 avg=332700.98 bars=381 | arms=trend 1/-0.52, breakout 34/-0.16
2025-10-10 14:36:17 INFO [HB] active | src=RT dayR=0.00 pos=+59 avg=332700.98 bars=381 | arms=trend 1/-0.52, breakout 34/-0.16
2025-10-10 14:36:17 INFO [HB] active | src=RT dayR=0.00 pos=+59 avg=332700.98 bars=381 | arms=trend 1/-0.52, breakout 34/-0.16
2025-10-10 14:36:18 INFO [HB] active | src=RT dayR=0.00 pos=+59 avg=332700.98 bars=381 | arms=trend 1/-0.52, breakout 34/-0.16
2025-10-10 14:36:18 INFO [HB] active | src=RT dayR=0.00 pos=+59 avg=332700.98 bars=381 | arms=trend 1/-0.52, breakout 34/-0.16
2025-10-10 14:36:19 INFO [HB] active | src=RT dayR=0.00 pos=+59 avg=332700.98 bars=381 | arms=trend 1/-0.52, breakout 34/-0.16
2025-10-10 14:36:19 INFO [HB] active | src=RT dayR=0.00 pos=+59 avg=332700.98 bars=381 | arms=trend 1/-0.52, breakout 34/-0.16
2025-10-10 14:36:20 INFO [HB] active | src=RT dayR=0.00 pos=+59 avg=332700.98 bars=381 | arms=trend 1/-0.52, breakout 34/-0.16
2025-10-10 14:36:20 INFO [HB] active | src=RT dayR=0.00 pos=+59 avg=332700.98 bars=381 | arms=trend 1/-0.52, breakout 34/-0.16
2025-10-10 14:36:21 INFO [HB] active | src=RT dayR=0.00 pos=+59 avg=332700.98 bars=381 | arms=trend 1/-0.52, breakout 34/-0.16
2025-10-10 14:36:21 INFO [HB] active | src=RT dayR=0.00 pos=+59 avg=332700.98 bars=381 | arms=trend 1/-0.52, breakout 34/-0.16
2025-10-10 14:36:22 INFO [HB] active | src=RT dayR=0.00 pos=+59 avg=332700.98 bars=381 | arms=trend 1/-0.52, breakout 34/-0.16
2025-10-10 14:36:22 INFO [HB] active | src=RT dayR=0.00 pos=+59 avg=332700.98 bars=381 | arms=trend 1/-0.52, breakout 34/-0.16
2025-10-10 14:36:23 INFO [HB] active | src=RT dayR=0.00 pos=+59 avg=332700.98 bars=381 | arms=trend 1/-0.52, breakout 34/-0.16
2025-10-10 14:36:23 INFO [HB] active | src=RT dayR=0.00 pos=+59 avg=332700.98 bars=381 | arms=trend 1/-0.52, breakout 34/-0.16
2025-10-10 14:36:24 INFO [HB] active | src=RT dayR=0.00 pos=+59 avg=332700.98 bars=381 | arms=trend 1/-0.52, breakout 34/-0.16
2025-10-10 14:36:24 INFO [HB] active | src=RT dayR=0.00 pos=+59 avg=332700.98 bars=381 | arms=trend 1/-0.52, breakout 34/-0.16
2025-10-10 14:36:25 INFO [HB] active | src=RT dayR=0.00 pos=+59 avg=332700.98 bars=381 | arms=trend 1/-0.52, breakout 34/-0.16
Error 161, reqId 5403: Cancel attempted when order is not in a cancellable state.  Order permId =691446817
[MD] POLL appended bar 2025-10-10 14:36:20-05:00 close=6613.50 total=382
2025-10-10 19:36:25 INFO [OCO] Removing stale STP SELL to rebuild OCO.
2025-10-10 19:36:25 INFO [OCO] Rebuilt protection: SELL STP 332698.00 & LMT 332704.00 qty=59
2025-10-10 14:36:25 INFO [HB] active | src=POLL dayR=0.00 pos=+59 avg=332700.98 bars=382 | arms=trend 1/-0.52, breakout 34/-0.16
2025-10-10 14:36:26 INFO [HB] active | src=POLL dayR=0.00 pos=+59 avg=332700.98 bars=382 | arms=trend 1/-0.52, breakout 34/-0.16
2025-10-10 14:36:26 INFO [HB] active | src=POLL dayR=0.00 pos=+59 avg=332700.98 bars=382 | arms=trend 1/-0.52, breakout 34/-0.16
2025-10-10 14:36:27 INFO [HB] active | src=POLL dayR=0.00 pos=+59 avg=332700.98 bars=382 | arms=trend 1/-0.52, breakout 34/-0.16
[2025-10-10 14:36:31] [WD] hb uptime=225s restarts=0 child_alive=True
[2025-10-10 14:36:36] [WD] hb uptime=230s restarts=0 child_alive=True
2025-10-10 14:36:27 INFO [HB] active | src=POLL dayR=0.00 pos=+59 avg=332700.98 bars=382 | arms=trend 1/-0.52, breakout 34/-0.16
2025-10-10 14:36:28 INFO [HB] active | src=POLL dayR=0.00 pos=+59 avg=332700.98 bars=382 | arms=trend 1/-0.52, breakout 34/-0.16
2025-10-10 14:36:28 INFO [HB] active | src=POLL dayR=0.00 pos=+59 avg=332700.98 bars=382 | arms=trend 1/-0.52, breakout 34/-0.16
2025-10-10 14:36:29 INFO [HB] active | src=POLL dayR=0.00 pos=+59 avg=332700.98 bars=382 | arms=trend 1/-0.52, breakout 34/-0.16
2025-10-10 14:36:29 INFO [HB] active | src=POLL dayR=0.00 pos=+59 avg=332700.98 bars=382 | arms=trend 1/-0.52, breakout 34/-0.16
2025-10-10 14:36:30 INFO [HB] active | src=POLL dayR=0.00 pos=+59 avg=332700.98 bars=382 | arms=trend 1/-0.52, breakout 34/-0.16
2025-10-10 14:36:30 INFO [HB] active | src=POLL dayR=0.00 pos=+59 avg=332700.98 bars=382 | arms=trend 1/-0.52, breakout 34/-0.16
2025-10-10 14:36:31 INFO [HB] active | src=POLL dayR=0.00 pos=+59 avg=332700.98 bars=382 | arms=trend 1/-0.52, breakout 34/-0.16
2025-10-10 14:36:32 INFO [HB] active | src=POLL dayR=0.00 pos=+59 avg=332700.98 bars=382 | arms=trend 1/-0.52, breakout 34/-0.16
2025-10-10 14:36:32 INFO [HB] active | src=POLL dayR=0.00 pos=+59 avg=332700.98 bars=382 | arms=trend 1/-0.52, breakout 34/-0.16
2025-10-10 14:36:33 INFO [HB] active | src=POLL dayR=0.00 pos=+59 avg=332700.98 bars=382 | arms=trend 1/-0.52, breakout 34/-0.16
2025-10-10 14:36:33 INFO [HB] active | src=POLL dayR=0.00 pos=+59 avg=332700.98 bars=382 | arms=trend 1/-0.52, breakout 34/-0.16
2025-10-10 14:36:34 INFO [HB] active | src=POLL dayR=0.00 pos=+59 avg=332700.98 bars=382 | arms=trend 1/-0.52, breakout 34/-0.16
2025-10-10 14:36:34 INFO [HB] active | src=POLL dayR=0.00 pos=+59 avg=332700.98 bars=382 | arms=trend 1/-0.52, breakout 34/-0.16
2025-10-10 14:36:35 INFO [HB] active | src=POLL dayR=0.00 pos=+59 avg=332700.98 bars=382 | arms=trend 1/-0.52, breakout 34/-0.16
2025-10-10 14:36:35 INFO [HB] active | src=POLL dayR=0.00 pos=+59 avg=332700.98 bars=382 | arms=trend 1/-0.52, breakout 34/-0.16
Error 161, reqId 5406: Cancel attempted when order is not in a cancellable state.  Order permId =691446819
[MD] POLL appended bar 2025-10-10 14:36:30-05:00 close=6613.00 total=383
2025-10-10 19:36:36 INFO [OCO] Removing stale STP SELL to rebuild OCO.
2025-10-10 19:36:36 INFO [OCO] Rebuilt protection: SELL STP 332698.00 & LMT 332704.00 qty=59
2025-10-10 14:36:36 INFO [HB] active | src=POLL dayR=0.00 pos=+59 avg=332700.98 bars=383 | arms=trend 1/-0.52, breakout 34/-0.16
2025-10-10 14:36:36 INFO [HB] active | src=POLL dayR=0.00 pos=+59 avg=332700.98 bars=383 | arms=trend 1/-0.52, breakout 34/-0.16
2025-10-10 14:36:37 INFO [HB] active | src=POLL dayR=0.00 pos=+59 avg=332700.98 bars=383 | arms=trend 1/-0.52, breakout 34/-0.16
2025-10-10 14:36:37 INFO [HB] active | src=POLL dayR=0.00 pos=+59 avg=332700.98 bars=383 | arms=trend 1/-0.52, breakout 34/-0.16
2025-10-10 14:36:38 INFO [HB] active | src=POLL dayR=0.00 pos=+59 avg=332700.98 bars=383 | arms=trend 1/-0.52, breakout 34/-0.16
2025-10-10 14:36:38 INFO [HB] active | src=POLL dayR=0.00 pos=+59 avg=332700.98 bars=383 | arms=trend 1/-0.52, breakout 34/-0.16
2025-10-10 14:36:39 INFO [HB] active | src=POLL dayR=0.00 pos=+59 avg=332700.98 bars=383 | arms=trend 1/-0.52, breakout 34/-0.16
[2025-10-10 14:36:39] EXIT CODE: 1
