[2025-10-23 00:02:51] [WD] spawn
{"ts": "2025-10-23 05:02:51", "evt": "hb", "state": "-", "idle_reason": "starting_or_quiet", "net_qty": 0, "bars": 0, "rt_enabled": false, "rt_status": "disabled", "rt_age_sec": null, "rt_queue_len": 0, "in_session_window": false, "caps": [], "news_kill": false, "dayR": 0.0, "trades_today": 0, "cool_until": null, "orders_disabled_paper_safety": false}
[CONNECT] Attempt 1/10 -> clientId=111
{"ts": "2025-10-23 05:02:51", "evt": "boot_progress", "step": "connecting"}
{"ts": "2025-10-23 05:02:51", "evt": "ib_error", "reqId": -1, "code": 2104, "msg": "Market data farm connection is OK:usfuture.nj"}
{"ts": "2025-10-23 05:02:51", "evt": "ib_error", "reqId": -1, "code": 2104, "msg": "Market data farm connection is OK:usfuture"}
{"ts": "2025-10-23 05:02:51", "evt": "ib_error", "reqId": -1, "code": 2104, "msg": "Market data farm connection is OK:usfarm"}
{"ts": "2025-10-23 05:02:51", "evt": "ib_error", "reqId": -1, "code": 2106, "msg": "HMDS data farm connection is OK:ushmds"}
{"ts": "2025-10-23 05:02:51", "evt": "ib_error", "reqId": -1, "code": 2158, "msg": "Sec-def data farm connection is OK:secdefil"}
Connected (clientId=111)
[POST-CONNECT] isConnected=True host=127.0.0.1 port=7497 clientId=111
[POST-CONNECT] managedAccounts: ['DU2660649']
[MD] LIVE (1).
[CONTRACT] Using ESZ5 conId=495512563 exp=20251219
[CONTRACT] Multiplier detected: 50
{"ts": "2025-10-23 05:02:52", "evt": "hb", "state": "-", "idle_reason": "booting", "net_qty": 0, "bars": 0, "rt_enabled": true, "rt_status": "ok", "rt_age_sec": null, "rt_queue_len": 0, "in_session_window": false, "caps": [], "news_kill": false, "dayR": 0.0, "trades_today": 0, "cool_until": null, "orders_disabled_paper_safety": false}
{"ts": "2025-10-23 05:02:53", "evt": "md_warmup", "ok": true}
{"ts": "2025-10-23 05:02:53", "evt": "hb", "state": "-", "idle_reason": "booting", "net_qty": 0, "bars": 0, "rt_enabled": true, "rt_status": "ok", "rt_age_sec": null, "rt_queue_len": 0, "in_session_window": false, "caps": [], "news_kill": false, "dayR": 0.0, "trades_today": 0, "cool_until": null, "orders_disabled_paper_safety": false}
{"ts": "2025-10-23 05:02:54", "evt": "hb", "state": "-", "idle_reason": "booting", "net_qty": 0, "bars": 0, "rt_enabled": true, "rt_status": "ok", "rt_age_sec": null, "rt_queue_len": 0, "in_session_window": false, "caps": [], "news_kill": false, "dayR": 0.0, "trades_today": 0, "cool_until": null, "orders_disabled_paper_safety": false}
{"ts": "2025-10-23 05:02:55", "evt": "hb", "state": "-", "idle_reason": "booting", "net_qty": 0, "bars": 0, "rt_enabled": true, "rt_status": "ok", "rt_age_sec": null, "rt_queue_len": 0, "in_session_window": false, "caps": [], "news_kill": false, "dayR": 0.0, "trades_today": 0, "cool_until": null, "orders_disabled_paper_safety": false}
{"ts": "2025-10-23 05:02:56", "evt": "hb", "state": "-", "idle_reason": "booting", "net_qty": 0, "bars": 0, "rt_enabled": true, "rt_status": "ok", "rt_age_sec": null, "rt_queue_len": 0, "in_session_window": false, "caps": [], "news_kill": false, "dayR": 0.0, "trades_today": 0, "cool_until": null, "orders_disabled_paper_safety": false}
{"ts": "2025-10-23 05:02:57", "evt": "hb", "state": "-", "idle_reason": "booting", "net_qty": 0, "bars": 0, "rt_enabled": true, "rt_status": "ok", "rt_age_sec": null, "rt_queue_len": 0, "in_session_window": false, "caps": [], "news_kill": false, "dayR": 0.0, "trades_today": 0, "cool_until": null, "orders_disabled_paper_safety": false}
{"ts": "2025-10-23 05:02:58", "evt": "hb", "state": "-", "idle_reason": "booting", "net_qty": 0, "bars": 0, "rt_enabled": true, "rt_status": "ok", "rt_age_sec": null, "rt_queue_len": 0, "in_session_window": false, "caps": [], "news_kill": false, "dayR": 0.0, "trades_today": 0, "cool_until": null, "orders_disabled_paper_safety": false}
{"ts": "2025-10-23 05:02:59", "evt": "hb", "state": "-", "idle_reason": "booting", "net_qty": 0, "bars": 0, "rt_enabled": true, "rt_status": "ok", "rt_age_sec": null, "rt_queue_len": 0, "in_session_window": false, "caps": [], "news_kill": false, "dayR": 0.0, "trades_today": 0, "cool_until": null, "orders_disabled_paper_safety": false}
{"ts": "2025-10-23 05:03:00", "evt": "hb", "state": "-", "idle_reason": "booting", "net_qty": 0, "bars": 0, "rt_enabled": true, "rt_status": "ok", "rt_age_sec": null, "rt_queue_len": 0, "in_session_window": false, "caps": [], "news_kill": false, "dayR": 0.0, "trades_today": 0, "cool_until": null, "orders_disabled_paper_safety": false}
{"ts": "2025-10-23 05:03:01", "evt": "hb", "state": "-", "idle_reason": "booting", "net_qty": 0, "bars": 0, "rt_enabled": true, "rt_status": "ok", "rt_age_sec": null, "rt_queue_len": 0, "in_session_window": false, "caps": [], "news_kill": false, "dayR": 0.0, "trades_today": 0, "cool_until": null, "orders_disabled_paper_safety": false}
[2025-10-23 00:03:01] [WD-HB] watchdog alive (pid=14696)
{"ts": "2025-10-23 05:03:02", "evt": "hb", "state": "-", "idle_reason": "booting", "net_qty": 0, "bars": 0, "rt_enabled": true, "rt_status": "ok", "rt_age_sec": null, "rt_queue_len": 0, "in_session_window": false, "caps": [], "news_kill": false, "dayR": 0.0, "trades_today": 0, "cool_until": null, "orders_disabled_paper_safety": false}
{"ts": "2025-10-23 05:03:03", "evt": "hb", "state": "-", "idle_reason": "booting", "net_qty": 0, "bars": 0, "rt_enabled": true, "rt_status": "ok", "rt_age_sec": null, "rt_queue_len": 0, "in_session_window": false, "caps": [], "news_kill": false, "dayR": 0.0, "trades_today": 0, "cool_until": null, "orders_disabled_paper_safety": false}
{"ts": "2025-10-23 05:03:04", "evt": "hb", "state": "-", "idle_reason": "booting", "net_qty": 0, "bars": 0, "rt_enabled": true, "rt_status": "ok", "rt_age_sec": null, "rt_queue_len": 0, "in_session_window": false, "caps": [], "news_kill": false, "dayR": 0.0, "trades_today": 0, "cool_until": null, "orders_disabled_paper_safety": false}
{"ts": "2025-10-23 05:03:05", "evt": "hb", "state": "-", "idle_reason": "booting", "net_qty": 0, "bars": 0, "rt_enabled": true, "rt_status": "ok", "rt_age_sec": null, "rt_queue_len": 0, "in_session_window": false, "caps": [], "news_kill": false, "dayR": 0.0, "trades_today": 0, "cool_until": null, "orders_disabled_paper_safety": false}
{"ts": "2025-10-23 05:03:06", "evt": "hb", "state": "-", "idle_reason": "booting", "net_qty": 0, "bars": 0, "rt_enabled": true, "rt_status": "ok", "rt_age_sec": null, "rt_queue_len": 0, "in_session_window": false, "caps": [], "news_kill": false, "dayR": 0.0, "trades_today": 0, "cool_until": null, "orders_disabled_paper_safety": false}
{"ts": "2025-10-23 05:03:07", "evt": "hb", "state": "-", "idle_reason": "booting", "net_qty": 0, "bars": 0, "rt_enabled": true, "rt_status": "ok", "rt_age_sec": null, "rt_queue_len": 0, "in_session_window": false, "caps": [], "news_kill": false, "dayR": 0.0, "trades_today": 0, "cool_until": null, "orders_disabled_paper_safety": false}
{"ts": "2025-10-23 05:03:08", "evt": "hb", "state": "-", "idle_reason": "booting", "net_qty": 0, "bars": 0, "rt_enabled": true, "rt_status": "ok", "rt_age_sec": null, "rt_queue_len": 0, "in_session_window": false, "caps": [], "news_kill": false, "dayR": 0.0, "trades_today": 0, "cool_until": null, "orders_disabled_paper_safety": false}
{"ts": "2025-10-23 05:03:09", "evt": "hb", "state": "-", "idle_reason": "booting", "net_qty": 0, "bars": 0, "rt_enabled": true, "rt_status": "ok", "rt_age_sec": null, "rt_queue_len": 0, "in_session_window": false, "caps": [], "news_kill": false, "dayR": 0.0, "trades_today": 0, "cool_until": null, "orders_disabled_paper_safety": false}
{"ts": "2025-10-23 05:03:10", "evt": "hb", "state": "-", "idle_reason": "booting", "net_qty": 0, "bars": 0, "rt_enabled": true, "rt_status": "ok", "rt_age_sec": null, "rt_queue_len": 0, "in_session_window": false, "caps": [], "news_kill": false, "dayR": 0.0, "trades_today": 0, "cool_until": null, "orders_disabled_paper_safety": false}
{"ts": "2025-10-23 05:03:11", "evt": "hb", "state": "-", "idle_reason": "booting", "net_qty": 0, "bars": 0, "rt_enabled": true, "rt_status": "ok", "rt_age_sec": null, "rt_queue_len": 0, "in_session_window": false, "caps": [], "news_kill": false, "dayR": 0.0, "trades_today": 0, "cool_until": null, "orders_disabled_paper_safety": false}
[2025-10-23 00:03:11] [WD-HB] watchdog alive (pid=14696)
{"ts": "2025-10-23 05:03:12", "evt": "hb", "state": "-", "idle_reason": "booting", "net_qty": 0, "bars": 0, "rt_enabled": true, "rt_status": "ok", "rt_age_sec": null, "rt_queue_len": 0, "in_session_window": false, "caps": [], "news_kill": false, "dayR": 0.0, "trades_today": 0, "cool_until": null, "orders_disabled_paper_safety": false}
{"ts": "2025-10-23 05:03:13", "evt": "hb", "state": "-", "idle_reason": "booting", "net_qty": 0, "bars": 0, "rt_enabled": true, "rt_status": "ok", "rt_age_sec": null, "rt_queue_len": 0, "in_session_window": false, "caps": [], "news_kill": false, "dayR": 0.0, "trades_today": 0, "cool_until": null, "orders_disabled_paper_safety": false}
{"ts": "2025-10-23 05:03:14", "evt": "hb", "state": "-", "idle_reason": "booting", "net_qty": 0, "bars": 0, "rt_enabled": true, "rt_status": "ok", "rt_age_sec": null, "rt_queue_len": 0, "in_session_window": false, "caps": [], "news_kill": false, "dayR": 0.0, "trades_today": 0, "cool_until": null, "orders_disabled_paper_safety": false}
{"ts": "2025-10-23 05:03:15", "evt": "hb", "state": "-", "idle_reason": "booting", "net_qty": 0, "bars": 0, "rt_enabled": true, "rt_status": "ok", "rt_age_sec": null, "rt_queue_len": 0, "in_session_window": false, "caps": [], "news_kill": false, "dayR": 0.0, "trades_today": 0, "cool_until": null, "orders_disabled_paper_safety": false}
{"ts": "2025-10-23 05:03:16", "evt": "hb", "state": "-", "idle_reason": "booting", "net_qty": 0, "bars": 0, "rt_enabled": true, "rt_status": "ok", "rt_age_sec": null, "rt_queue_len": 0, "in_session_window": false, "caps": [], "news_kill": false, "dayR": 0.0, "trades_today": 0, "cool_until": null, "orders_disabled_paper_safety": false}
{"ts": "2025-10-23 05:03:17", "evt": "hb", "state": "-", "idle_reason": "booting", "net_qty": 0, "bars": 0, "rt_enabled": true, "rt_status": "ok", "rt_age_sec": null, "rt_queue_len": 0, "in_session_window": false, "caps": [], "news_kill": false, "dayR": 0.0, "trades_today": 0, "cool_until": null, "orders_disabled_paper_safety": false}
{"ts": "2025-10-23 05:03:18", "evt": "hb", "state": "-", "idle_reason": "booting", "net_qty": 0, "bars": 0, "rt_enabled": true, "rt_status": "ok", "rt_age_sec": null, "rt_queue_len": 0, "in_session_window": false, "caps": [], "news_kill": false, "dayR": 0.0, "trades_today": 0, "cool_until": null, "orders_disabled_paper_safety": false}
{"ts": "2025-10-23 05:03:19", "evt": "hb", "state": "-", "idle_reason": "booting", "net_qty": 0, "bars": 0, "rt_enabled": true, "rt_status": "ok", "rt_age_sec": null, "rt_queue_len": 0, "in_session_window": false, "caps": [], "news_kill": false, "dayR": 0.0, "trades_today": 0, "cool_until": null, "orders_disabled_paper_safety": false}
{"ts": "2025-10-23 05:03:20", "evt": "hb", "state": "-", "idle_reason": "booting", "net_qty": 0, "bars": 0, "rt_enabled": true, "rt_status": "ok", "rt_age_sec": null, "rt_queue_len": 0, "in_session_window": false, "caps": [], "news_kill": false, "dayR": 0.0, "trades_today": 0, "cool_until": null, "orders_disabled_paper_safety": false}
{"ts": "2025-10-23 05:03:21", "evt": "hb", "state": "-", "idle_reason": "booting", "net_qty": 0, "bars": 0, "rt_enabled": true, "rt_status": "ok", "rt_age_sec": null, "rt_queue_len": 0, "in_session_window": false, "caps": [], "news_kill": false, "dayR": 0.0, "trades_today": 0, "cool_until": null, "orders_disabled_paper_safety": false}
{"ts": "2025-10-23 05:03:22", "evt": "hb", "state": "-", "idle_reason": "booting", "net_qty": 0, "bars": 0, "rt_enabled": true, "rt_status": "ok", "rt_age_sec": null, "rt_queue_len": 0, "in_session_window": false, "caps": [], "news_kill": false, "dayR": 0.0, "trades_today": 0, "cool_until": null, "orders_disabled_paper_safety": false}
[2025-10-23 00:03:22] [WD-HB] watchdog alive (pid=14696)
{"ts": "2025-10-23 05:03:23", "evt": "hb", "state": "-", "idle_reason": "booting", "net_qty": 0, "bars": 0, "rt_enabled": true, "rt_status": "ok", "rt_age_sec": null, "rt_queue_len": 0, "in_session_window": false, "caps": [], "news_kill": false, "dayR": 0.0, "trades_today": 0, "cool_until": null, "orders_disabled_paper_safety": false}
{"ts": "2025-10-23 05:03:24", "evt": "hb", "state": "-", "idle_reason": "booting", "net_qty": 0, "bars": 0, "rt_enabled": true, "rt_status": "ok", "rt_age_sec": null, "rt_queue_len": 0, "in_session_window": false, "caps": [], "news_kill": false, "dayR": 0.0, "trades_today": 0, "cool_until": null, "orders_disabled_paper_safety": false}
{"ts": "2025-10-23 05:03:25", "evt": "hb", "state": "-", "idle_reason": "booting", "net_qty": 0, "bars": 0, "rt_enabled": true, "rt_status": "ok", "rt_age_sec": null, "rt_queue_len": 0, "in_session_window": false, "caps": [], "news_kill": false, "dayR": 0.0, "trades_today": 0, "cool_until": null, "orders_disabled_paper_safety": false}
{"ts": "2025-10-23 05:03:26", "evt": "hb", "state": "-", "idle_reason": "booting", "net_qty": 0, "bars": 0, "rt_enabled": true, "rt_status": "ok", "rt_age_sec": null, "rt_queue_len": 0, "in_session_window": false, "caps": [], "news_kill": false, "dayR": 0.0, "trades_today": 0, "cool_until": null, "orders_disabled_paper_safety": false}
{"ts": "2025-10-23 05:03:27", "evt": "hb", "state": "-", "idle_reason": "booting", "net_qty": 0, "bars": 0, "rt_enabled": true, "rt_status": "ok", "rt_age_sec": null, "rt_queue_len": 0, "in_session_window": false, "caps": [], "news_kill": false, "dayR": 0.0, "trades_today": 0, "cool_until": null, "orders_disabled_paper_safety": false}
{"ts": "2025-10-23 05:03:28", "evt": "hb", "state": "-", "idle_reason": "booting", "net_qty": 0, "bars": 0, "rt_enabled": true, "rt_status": "ok", "rt_age_sec": null, "rt_queue_len": 0, "in_session_window": false, "caps": [], "news_kill": false, "dayR": 0.0, "trades_today": 0, "cool_until": null, "orders_disabled_paper_safety": false}
{"ts": "2025-10-23 05:03:29", "evt": "hb", "state": "-", "idle_reason": "booting", "net_qty": 0, "bars": 0, "rt_enabled": true, "rt_status": "ok", "rt_age_sec": null, "rt_queue_len": 0, "in_session_window": false, "caps": [], "news_kill": false, "dayR": 0.0, "trades_today": 0, "cool_until": null, "orders_disabled_paper_safety": false}
{"ts": "2025-10-23 05:03:30", "evt": "hb", "state": "-", "idle_reason": "booting", "net_qty": 0, "bars": 0, "rt_enabled": true, "rt_status": "ok", "rt_age_sec": null, "rt_queue_len": 0, "in_session_window": false, "caps": [], "news_kill": false, "dayR": 0.0, "trades_today": 0, "cool_until": null, "orders_disabled_paper_safety": false}
{"ts": "2025-10-23 05:03:31", "evt": "hb", "state": "-", "idle_reason": "booting", "net_qty": 0, "bars": 0, "rt_enabled": true, "rt_status": "ok", "rt_age_sec": null, "rt_queue_len": 0, "in_session_window": false, "caps": [], "news_kill": false, "dayR": 0.0, "trades_today": 0, "cool_until": null, "orders_disabled_paper_safety": false}
{"ts": "2025-10-23 05:03:32", "evt": "hb", "state": "-", "idle_reason": "booting", "net_qty": 0, "bars": 0, "rt_enabled": true, "rt_status": "ok", "rt_age_sec": null, "rt_queue_len": 0, "in_session_window": false, "caps": [], "news_kill": false, "dayR": 0.0, "trades_today": 0, "cool_until": null, "orders_disabled_paper_safety": false}
[2025-10-23 00:03:32] [WD-HB] watchdog alive (pid=14696)
{"ts": "2025-10-23 05:03:33", "evt": "hb", "state": "-", "idle_reason": "booting", "net_qty": 0, "bars": 0, "rt_enabled": true, "rt_status": "ok", "rt_age_sec": null, "rt_queue_len": 0, "in_session_window": false, "caps": [], "news_kill": false, "dayR": 0.0, "trades_today": 0, "cool_until": null, "orders_disabled_paper_safety": false}
{"ts": "2025-10-23 05:03:34", "evt": "hb", "state": "-", "idle_reason": "booting", "net_qty": 0, "bars": 0, "rt_enabled": true, "rt_status": "ok", "rt_age_sec": null, "rt_queue_len": 0, "in_session_window": false, "caps": [], "news_kill": false, "dayR": 0.0, "trades_today": 0, "cool_until": null, "orders_disabled_paper_safety": false}
{"ts": "2025-10-23 05:03:35", "evt": "hb", "state": "-", "idle_reason": "booting", "net_qty": 0, "bars": 0, "rt_enabled": true, "rt_status": "ok", "rt_age_sec": null, "rt_queue_len": 0, "in_session_window": false, "caps": [], "news_kill": false, "dayR": 0.0, "trades_today": 0, "cool_until": null, "orders_disabled_paper_safety": false}
{"ts": "2025-10-23 05:03:36", "evt": "hb", "state": "-", "idle_reason": "booting", "net_qty": 0, "bars": 0, "rt_enabled": true, "rt_status": "ok", "rt_age_sec": null, "rt_queue_len": 0, "in_session_window": false, "caps": [], "news_kill": false, "dayR": 0.0, "trades_today": 0, "cool_until": null, "orders_disabled_paper_safety": false}
{"ts": "2025-10-23 05:03:37", "evt": "hb", "state": "-", "idle_reason": "booting", "net_qty": 0, "bars": 0, "rt_enabled": true, "rt_status": "ok", "rt_age_sec": null, "rt_queue_len": 0, "in_session_window": false, "caps": [], "news_kill": false, "dayR": 0.0, "trades_today": 0, "cool_until": null, "orders_disabled_paper_safety": false}
{"ts": "2025-10-23 05:03:38", "evt": "hb", "state": "-", "idle_reason": "booting", "net_qty": 0, "bars": 0, "rt_enabled": true, "rt_status": "ok", "rt_age_sec": null, "rt_queue_len": 0, "in_session_window": false, "caps": [], "news_kill": false, "dayR": 0.0, "trades_today": 0, "cool_until": null, "orders_disabled_paper_safety": false}
{"ts": "2025-10-23 05:03:39", "evt": "hb", "state": "-", "idle_reason": "booting", "net_qty": 0, "bars": 0, "rt_enabled": true, "rt_status": "ok", "rt_age_sec": null, "rt_queue_len": 0, "in_session_window": false, "caps": [], "news_kill": false, "dayR": 0.0, "trades_today": 0, "cool_until": null, "orders_disabled_paper_safety": false}
{"ts": "2025-10-23 05:03:40", "evt": "hb", "state": "-", "idle_reason": "booting", "net_qty": 0, "bars": 0, "rt_enabled": true, "rt_status": "ok", "rt_age_sec": null, "rt_queue_len": 0, "in_session_window": false, "caps": [], "news_kill": false, "dayR": 0.0, "trades_today": 0, "cool_until": null, "orders_disabled_paper_safety": false}
{"ts": "2025-10-23 05:03:41", "evt": "hb", "state": "-", "idle_reason": "booting", "net_qty": 0, "bars": 0, "rt_enabled": true, "rt_status": "ok", "rt_age_sec": null, "rt_queue_len": 0, "in_session_window": false, "caps": [], "news_kill": false, "dayR": 0.0, "trades_today": 0, "cool_until": null, "orders_disabled_paper_safety": false}
{"ts": "2025-10-23 05:03:42", "evt": "hb", "state": "-", "idle_reason": "booting", "net_qty": 0, "bars": 0, "rt_enabled": true, "rt_status": "ok", "rt_age_sec": null, "rt_queue_len": 0, "in_session_window": false, "caps": [], "news_kill": false, "dayR": 0.0, "trades_today": 0, "cool_until": null, "orders_disabled_paper_safety": false}
[2025-10-23 00:03:42] [WD-HB] watchdog alive (pid=14696)
{"ts": "2025-10-23 05:03:43", "evt": "hb", "state": "-", "idle_reason": "booting", "net_qty": 0, "bars": 0, "rt_enabled": true, "rt_status": "ok", "rt_age_sec": null, "rt_queue_len": 0, "in_session_window": false, "caps": [], "news_kill": false, "dayR": 0.0, "trades_today": 0, "cool_until": null, "orders_disabled_paper_safety": false}
{"ts": "2025-10-23 05:03:44", "evt": "hb", "state": "-", "idle_reason": "booting", "net_qty": 0, "bars": 0, "rt_enabled": true, "rt_status": "ok", "rt_age_sec": null, "rt_queue_len": 0, "in_session_window": false, "caps": [], "news_kill": false, "dayR": 0.0, "trades_today": 0, "cool_until": null, "orders_disabled_paper_safety": false}
{"ts": "2025-10-23 05:03:45", "evt": "hb", "state": "-", "idle_reason": "booting", "net_qty": 0, "bars": 0, "rt_enabled": true, "rt_status": "ok", "rt_age_sec": null, "rt_queue_len": 0, "in_session_window": false, "caps": [], "news_kill": false, "dayR": 0.0, "trades_today": 0, "cool_until": null, "orders_disabled_paper_safety": false}
{"ts": "2025-10-23 05:03:46", "evt": "hb", "state": "-", "idle_reason": "booting", "net_qty": 0, "bars": 0, "rt_enabled": true, "rt_status": "ok", "rt_age_sec": null, "rt_queue_len": 0, "in_session_window": false, "caps": [], "news_kill": false, "dayR": 0.0, "trades_today": 0, "cool_until": null, "orders_disabled_paper_safety": false}
{"ts": "2025-10-23 05:03:47", "evt": "hb", "state": "-", "idle_reason": "booting", "net_qty": 0, "bars": 0, "rt_enabled": true, "rt_status": "ok", "rt_age_sec": null, "rt_queue_len": 0, "in_session_window": false, "caps": [], "news_kill": false, "dayR": 0.0, "trades_today": 0, "cool_until": null, "orders_disabled_paper_safety": false}
{"ts": "2025-10-23 05:03:48", "evt": "hb", "state": "-", "idle_reason": "booting", "net_qty": 0, "bars": 0, "rt_enabled": true, "rt_status": "ok", "rt_age_sec": null, "rt_queue_len": 0, "in_session_window": false, "caps": [], "news_kill": false, "dayR": 0.0, "trades_today": 0, "cool_until": null, "orders_disabled_paper_safety": false}
{"ts": "2025-10-23 05:03:49", "evt": "hb", "state": "-", "idle_reason": "booting", "net_qty": 0, "bars": 0, "rt_enabled": true, "rt_status": "ok", "rt_age_sec": null, "rt_queue_len": 0, "in_session_window": false, "caps": [], "news_kill": false, "dayR": 0.0, "trades_today": 0, "cool_until": null, "orders_disabled_paper_safety": false}
{"ts": "2025-10-23 05:03:50", "evt": "hb", "state": "-", "idle_reason": "booting", "net_qty": 0, "bars": 0, "rt_enabled": true, "rt_status": "ok", "rt_age_sec": null, "rt_queue_len": 0, "in_session_window": false, "caps": [], "news_kill": false, "dayR": 0.0, "trades_today": 0, "cool_until": null, "orders_disabled_paper_safety": false}
{"ts": "2025-10-23 05:03:51", "evt": "hb", "state": "-", "idle_reason": "booting", "net_qty": 0, "bars": 0, "rt_enabled": true, "rt_status": "ok", "rt_age_sec": null, "rt_queue_len": 0, "in_session_window": false, "caps": [], "news_kill": false, "dayR": 0.0, "trades_today": 0, "cool_until": null, "orders_disabled_paper_safety": false}
{"ts": "2025-10-23 05:03:52", "evt": "hb", "state": "-", "idle_reason": "booting", "net_qty": 0, "bars": 0, "rt_enabled": true, "rt_status": "ok", "rt_age_sec": null, "rt_queue_len": 0, "in_session_window": false, "caps": [], "news_kill": false, "dayR": 0.0, "trades_today": 0, "cool_until": null, "orders_disabled_paper_safety": false}
[2025-10-23 00:03:52] [WD-HB] watchdog alive (pid=14696)
{"ts": "2025-10-23 05:03:53", "evt": "hb", "state": "-", "idle_reason": "booting", "net_qty": 0, "bars": 0, "rt_enabled": true, "rt_status": "ok", "rt_age_sec": null, "rt_queue_len": 0, "in_session_window": false, "caps": [], "news_kill": false, "dayR": 0.0, "trades_today": 0, "cool_until": null, "orders_disabled_paper_safety": false}
{"ts": "2025-10-23 05:03:54", "evt": "hb", "state": "-", "idle_reason": "booting", "net_qty": 0, "bars": 0, "rt_enabled": true, "rt_status": "ok", "rt_age_sec": null, "rt_queue_len": 0, "in_session_window": false, "caps": [], "news_kill": false, "dayR": 0.0, "trades_today": 0, "cool_until": null, "orders_disabled_paper_safety": false}
{"ts": "2025-10-23 05:03:55", "evt": "hb", "state": "-", "idle_reason": "booting", "net_qty": 0, "bars": 0, "rt_enabled": true, "rt_status": "ok", "rt_age_sec": null, "rt_queue_len": 0, "in_session_window": false, "caps": [], "news_kill": false, "dayR": 0.0, "trades_today": 0, "cool_until": null, "orders_disabled_paper_safety": false}
{"ts": "2025-10-23 05:03:56", "evt": "hb", "state": "-", "idle_reason": "booting", "net_qty": 0, "bars": 0, "rt_enabled": true, "rt_status": "ok", "rt_age_sec": null, "rt_queue_len": 0, "in_session_window": false, "caps": [], "news_kill": false, "dayR": 0.0, "trades_today": 0, "cool_until": null, "orders_disabled_paper_safety": false}
{"ts": "2025-10-23 05:03:57", "evt": "hb", "state": "-", "idle_reason": "booting", "net_qty": 0, "bars": 0, "rt_enabled": true, "rt_status": "ok", "rt_age_sec": null, "rt_queue_len": 0, "in_session_window": false, "caps": [], "news_kill": false, "dayR": 0.0, "trades_today": 0, "cool_until": null, "orders_disabled_paper_safety": false}
{"ts": "2025-10-23 05:03:58", "evt": "hb", "state": "-", "idle_reason": "booting", "net_qty": 0, "bars": 0, "rt_enabled": true, "rt_status": "ok", "rt_age_sec": null, "rt_queue_len": 0, "in_session_window": false, "caps": [], "news_kill": false, "dayR": 0.0, "trades_today": 0, "cool_until": null, "orders_disabled_paper_safety": false}
{"ts": "2025-10-23 05:03:59", "evt": "hb", "state": "-", "idle_reason": "booting", "net_qty": 0, "bars": 0, "rt_enabled": true, "rt_status": "ok", "rt_age_sec": null, "rt_queue_len": 0, "in_session_window": false, "caps": [], "news_kill": false, "dayR": 0.0, "trades_today": 0, "cool_until": null, "orders_disabled_paper_safety": false}
{"ts": "2025-10-23 05:04:00", "evt": "hb", "state": "-", "idle_reason": "booting", "net_qty": 0, "bars": 0, "rt_enabled": true, "rt_status": "ok", "rt_age_sec": null, "rt_queue_len": 0, "in_session_window": false, "caps": [], "news_kill": false, "dayR": 0.0, "trades_today": 0, "cool_until": null, "orders_disabled_paper_safety": false}
{"ts": "2025-10-23 05:04:01", "evt": "hb", "state": "-", "idle_reason": "booting", "net_qty": 0, "bars": 0, "rt_enabled": true, "rt_status": "ok", "rt_age_sec": null, "rt_queue_len": 0, "in_session_window": false, "caps": [], "news_kill": false, "dayR": 0.0, "trades_today": 0, "cool_until": null, "orders_disabled_paper_safety": false}
{"ts": "2025-10-23 05:04:02", "evt": "hb", "state": "-", "idle_reason": "booting", "net_qty": 0, "bars": 0, "rt_enabled": true, "rt_status": "ok", "rt_age_sec": null, "rt_queue_len": 0, "in_session_window": false, "caps": [], "news_kill": false, "dayR": 0.0, "trades_today": 0, "cool_until": null, "orders_disabled_paper_safety": false}
[2025-10-23 00:04:02] [WD-HB] watchdog alive (pid=14696)
{"ts": "2025-10-23 05:04:03", "evt": "hb", "state": "-", "idle_reason": "booting", "net_qty": 0, "bars": 0, "rt_enabled": true, "rt_status": "ok", "rt_age_sec": null, "rt_queue_len": 0, "in_session_window": false, "caps": [], "news_kill": false, "dayR": 0.0, "trades_today": 0, "cool_until": null, "orders_disabled_paper_safety": false}
{"ts": "2025-10-23 05:04:04", "evt": "hb", "state": "-", "idle_reason": "booting", "net_qty": 0, "bars": 0, "rt_enabled": true, "rt_status": "ok", "rt_age_sec": null, "rt_queue_len": 0, "in_session_window": false, "caps": [], "news_kill": false, "dayR": 0.0, "trades_today": 0, "cool_until": null, "orders_disabled_paper_safety": false}
{"ts": "2025-10-23 05:04:05", "evt": "hb", "state": "-", "idle_reason": "booting", "net_qty": 0, "bars": 0, "rt_enabled": true, "rt_status": "ok", "rt_age_sec": null, "rt_queue_len": 0, "in_session_window": false, "caps": [], "news_kill": false, "dayR": 0.0, "trades_today": 0, "cool_until": null, "orders_disabled_paper_safety": false}
{"ts": "2025-10-23 05:04:06", "evt": "hb", "state": "-", "idle_reason": "booting", "net_qty": 0, "bars": 0, "rt_enabled": true, "rt_status": "ok", "rt_age_sec": null, "rt_queue_len": 0, "in_session_window": false, "caps": [], "news_kill": false, "dayR": 0.0, "trades_today": 0, "cool_until": null, "orders_disabled_paper_safety": false}
{"ts": "2025-10-23 05:04:07", "evt": "hb", "state": "-", "idle_reason": "booting", "net_qty": 0, "bars": 0, "rt_enabled": true, "rt_status": "ok", "rt_age_sec": null, "rt_queue_len": 0, "in_session_window": false, "caps": [], "news_kill": false, "dayR": 0.0, "trades_today": 0, "cool_until": null, "orders_disabled_paper_safety": false}
{"ts": "2025-10-23 05:04:08", "evt": "hb", "state": "-", "idle_reason": "booting", "net_qty": 0, "bars": 0, "rt_enabled": true, "rt_status": "ok", "rt_age_sec": null, "rt_queue_len": 0, "in_session_window": false, "caps": [], "news_kill": false, "dayR": 0.0, "trades_today": 0, "cool_until": null, "orders_disabled_paper_safety": false}
{"ts": "2025-10-23 05:04:09", "evt": "hb", "state": "-", "idle_reason": "booting", "net_qty": 0, "bars": 0, "rt_enabled": true, "rt_status": "ok", "rt_age_sec": null, "rt_queue_len": 0, "in_session_window": false, "caps": [], "news_kill": false, "dayR": 0.0, "trades_today": 0, "cool_until": null, "orders_disabled_paper_safety": false}
{"ts": "2025-10-23 05:04:10", "evt": "hb", "state": "-", "idle_reason": "booting", "net_qty": 0, "bars": 0, "rt_enabled": true, "rt_status": "ok", "rt_age_sec": null, "rt_queue_len": 0, "in_session_window": false, "caps": [], "news_kill": false, "dayR": 0.0, "trades_today": 0, "cool_until": null, "orders_disabled_paper_safety": false}
{"ts": "2025-10-23 05:04:11", "evt": "hb", "state": "-", "idle_reason": "booting", "net_qty": 0, "bars": 0, "rt_enabled": true, "rt_status": "ok", "rt_age_sec": null, "rt_queue_len": 0, "in_session_window": false, "caps": [], "news_kill": false, "dayR": 0.0, "trades_today": 0, "cool_until": null, "orders_disabled_paper_safety": false}
{"ts": "2025-10-23 05:04:12", "evt": "hb", "state": "-", "idle_reason": "booting", "net_qty": 0, "bars": 0, "rt_enabled": true, "rt_status": "ok", "rt_age_sec": null, "rt_queue_len": 0, "in_session_window": false, "caps": [], "news_kill": false, "dayR": 0.0, "trades_today": 0, "cool_until": null, "orders_disabled_paper_safety": false}
[2025-10-23 00:04:12] [WD-HB] watchdog alive (pid=14696)
{"ts": "2025-10-23 05:04:13", "evt": "hb", "state": "-", "idle_reason": "booting", "net_qty": 0, "bars": 0, "rt_enabled": true, "rt_status": "ok", "rt_age_sec": null, "rt_queue_len": 0, "in_session_window": false, "caps": [], "news_kill": false, "dayR": 0.0, "trades_today": 0, "cool_until": null, "orders_disabled_paper_safety": false}
{"ts": "2025-10-23 05:04:14", "evt": "hb", "state": "-", "idle_reason": "booting", "net_qty": 0, "bars": 0, "rt_enabled": true, "rt_status": "ok", "rt_age_sec": null, "rt_queue_len": 0, "in_session_window": false, "caps": [], "news_kill": false, "dayR": 0.0, "trades_today": 0, "cool_until": null, "orders_disabled_paper_safety": false}
{"ts": "2025-10-23 05:04:15", "evt": "hb", "state": "-", "idle_reason": "booting", "net_qty": 0, "bars": 0, "rt_enabled": true, "rt_status": "ok", "rt_age_sec": null, "rt_queue_len": 0, "in_session_window": false, "caps": [], "news_kill": false, "dayR": 0.0, "trades_today": 0, "cool_until": null, "orders_disabled_paper_safety": false}
{"ts": "2025-10-23 05:04:16", "evt": "hb", "state": "-", "idle_reason": "booting", "net_qty": 0, "bars": 0, "rt_enabled": true, "rt_status": "ok", "rt_age_sec": null, "rt_queue_len": 0, "in_session_window": false, "caps": [], "news_kill": false, "dayR": 0.0, "trades_today": 0, "cool_until": null, "orders_disabled_paper_safety": false}
{"ts": "2025-10-23 05:04:17", "evt": "hb", "state": "-", "idle_reason": "booting", "net_qty": 0, "bars": 0, "rt_enabled": true, "rt_status": "ok", "rt_age_sec": null, "rt_queue_len": 0, "in_session_window": false, "caps": [], "news_kill": false, "dayR": 0.0, "trades_today": 0, "cool_until": null, "orders_disabled_paper_safety": false}
{"ts": "2025-10-23 05:04:18", "evt": "hb", "state": "-", "idle_reason": "booting", "net_qty": 0, "bars": 0, "rt_enabled": true, "rt_status": "ok", "rt_age_sec": null, "rt_queue_len": 0, "in_session_window": false, "caps": [], "news_kill": false, "dayR": 0.0, "trades_today": 0, "cool_until": null, "orders_disabled_paper_safety": false}
{"ts": "2025-10-23 05:04:19", "evt": "hb", "state": "-", "idle_reason": "booting", "net_qty": 0, "bars": 0, "rt_enabled": true, "rt_status": "ok", "rt_age_sec": null, "rt_queue_len": 0, "in_session_window": false, "caps": [], "news_kill": false, "dayR": 0.0, "trades_today": 0, "cool_until": null, "orders_disabled_paper_safety": false}
{"ts": "2025-10-23 05:04:20", "evt": "hb", "state": "-", "idle_reason": "booting", "net_qty": 0, "bars": 0, "rt_enabled": true, "rt_status": "ok", "rt_age_sec": null, "rt_queue_len": 0, "in_session_window": false, "caps": [], "news_kill": false, "dayR": 0.0, "trades_today": 0, "cool_until": null, "orders_disabled_paper_safety": false}
{"ts": "2025-10-23 05:04:21", "evt": "hb", "state": "-", "idle_reason": "booting", "net_qty": 0, "bars": 0, "rt_enabled": true, "rt_status": "ok", "rt_age_sec": null, "rt_queue_len": 0, "in_session_window": false, "caps": [], "news_kill": false, "dayR": 0.0, "trades_today": 0, "cool_until": null, "orders_disabled_paper_safety": false}
{"ts": "2025-10-23 05:04:22", "evt": "hb", "state": "-", "idle_reason": "booting", "net_qty": 0, "bars": 0, "rt_enabled": true, "rt_status": "ok", "rt_age_sec": null, "rt_queue_len": 0, "in_session_window": false, "caps": [], "news_kill": false, "dayR": 0.0, "trades_today": 0, "cool_until": null, "orders_disabled_paper_safety": false}
[2025-10-23 00:04:22] [WD-HB] watchdog alive (pid=14696)
{"ts": "2025-10-23 05:04:23", "evt": "hb", "state": "-", "idle_reason": "booting", "net_qty": 0, "bars": 0, "rt_enabled": true, "rt_status": "ok", "rt_age_sec": null, "rt_queue_len": 0, "in_session_window": false, "caps": [], "news_kill": false, "dayR": 0.0, "trades_today": 0, "cool_until": null, "orders_disabled_paper_safety": false}
{"ts": "2025-10-23 05:04:24", "evt": "hb", "state": "-", "idle_reason": "booting", "net_qty": 0, "bars": 0, "rt_enabled": true, "rt_status": "ok", "rt_age_sec": null, "rt_queue_len": 0, "in_session_window": false, "caps": [], "news_kill": false, "dayR": 0.0, "trades_today": 0, "cool_until": null, "orders_disabled_paper_safety": false}
{"ts": "2025-10-23 05:04:25", "evt": "hb", "state": "-", "idle_reason": "booting", "net_qty": 0, "bars": 0, "rt_enabled": true, "rt_status": "ok", "rt_age_sec": null, "rt_queue_len": 0, "in_session_window": false, "caps": [], "news_kill": false, "dayR": 0.0, "trades_today": 0, "cool_until": null, "orders_disabled_paper_safety": false}
{"ts": "2025-10-23 05:04:26", "evt": "hb", "state": "-", "idle_reason": "booting", "net_qty": 0, "bars": 0, "rt_enabled": true, "rt_status": "ok", "rt_age_sec": null, "rt_queue_len": 0, "in_session_window": false, "caps": [], "news_kill": false, "dayR": 0.0, "trades_today": 0, "cool_until": null, "orders_disabled_paper_safety": false}
{"ts": "2025-10-23 05:04:27", "evt": "hb", "state": "-", "idle_reason": "booting", "net_qty": 0, "bars": 0, "rt_enabled": true, "rt_status": "ok", "rt_age_sec": null, "rt_queue_len": 0, "in_session_window": false, "caps": [], "news_kill": false, "dayR": 0.0, "trades_today": 0, "cool_until": null, "orders_disabled_paper_safety": false}
{"ts": "2025-10-23 05:04:28", "evt": "hb", "state": "-", "idle_reason": "booting", "net_qty": 0, "bars": 0, "rt_enabled": true, "rt_status": "ok", "rt_age_sec": null, "rt_queue_len": 0, "in_session_window": false, "caps": [], "news_kill": false, "dayR": 0.0, "trades_today": 0, "cool_until": null, "orders_disabled_paper_safety": false}
{"ts": "2025-10-23 05:04:29", "evt": "hb", "state": "-", "idle_reason": "booting", "net_qty": 0, "bars": 0, "rt_enabled": true, "rt_status": "ok", "rt_age_sec": null, "rt_queue_len": 0, "in_session_window": false, "caps": [], "news_kill": false, "dayR": 0.0, "trades_today": 0, "cool_until": null, "orders_disabled_paper_safety": false}
{"ts": "2025-10-23 05:04:30", "evt": "hb", "state": "-", "idle_reason": "booting", "net_qty": 0, "bars": 0, "rt_enabled": true, "rt_status": "ok", "rt_age_sec": null, "rt_queue_len": 0, "in_session_window": false, "caps": [], "news_kill": false, "dayR": 0.0, "trades_today": 0, "cool_until": null, "orders_disabled_paper_safety": false}
{"ts": "2025-10-23 05:04:31", "evt": "hb", "state": "-", "idle_reason": "booting", "net_qty": 0, "bars": 0, "rt_enabled": true, "rt_status": "ok", "rt_age_sec": null, "rt_queue_len": 0, "in_session_window": false, "caps": [], "news_kill": false, "dayR": 0.0, "trades_today": 0, "cool_until": null, "orders_disabled_paper_safety": false}
{"ts": "2025-10-23 05:04:32", "evt": "hb", "state": "-", "idle_reason": "booting", "net_qty": 0, "bars": 0, "rt_enabled": true, "rt_status": "ok", "rt_age_sec": null, "rt_queue_len": 0, "in_session_window": false, "caps": [], "news_kill": false, "dayR": 0.0, "trades_today": 0, "cool_until": null, "orders_disabled_paper_safety": false}
[2025-10-23 00:04:32] [WD-HB] watchdog alive (pid=14696)
{"ts": "2025-10-23 05:04:33", "evt": "hb", "state": "-", "idle_reason": "booting", "net_qty": 0, "bars": 0, "rt_enabled": true, "rt_status": "ok", "rt_age_sec": null, "rt_queue_len": 0, "in_session_window": false, "caps": [], "news_kill": false, "dayR": 0.0, "trades_today": 0, "cool_until": null, "orders_disabled_paper_safety": false}
{"ts": "2025-10-23 05:04:34", "evt": "hb", "state": "-", "idle_reason": "booting", "net_qty": 0, "bars": 0, "rt_enabled": true, "rt_status": "ok", "rt_age_sec": null, "rt_queue_len": 0, "in_session_window": false, "caps": [], "news_kill": false, "dayR": 0.0, "trades_today": 0, "cool_until": null, "orders_disabled_paper_safety": false}
{"ts": "2025-10-23 05:04:35", "evt": "hb", "state": "-", "idle_reason": "booting", "net_qty": 0, "bars": 0, "rt_enabled": true, "rt_status": "ok", "rt_age_sec": null, "rt_queue_len": 0, "in_session_window": false, "caps": [], "news_kill": false, "dayR": 0.0, "trades_today": 0, "cool_until": null, "orders_disabled_paper_safety": false}
{"ts": "2025-10-23 05:04:36", "evt": "hb", "state": "-", "idle_reason": "booting", "net_qty": 0, "bars": 0, "rt_enabled": true, "rt_status": "ok", "rt_age_sec": null, "rt_queue_len": 0, "in_session_window": false, "caps": [], "news_kill": false, "dayR": 0.0, "trades_today": 0, "cool_until": null, "orders_disabled_paper_safety": false}
{"ts": "2025-10-23 05:04:37", "evt": "hb", "state": "-", "idle_reason": "booting", "net_qty": 0, "bars": 0, "rt_enabled": true, "rt_status": "ok", "rt_age_sec": null, "rt_queue_len": 0, "in_session_window": false, "caps": [], "news_kill": false, "dayR": 0.0, "trades_today": 0, "cool_until": null, "orders_disabled_paper_safety": false}
{"ts": "2025-10-23 05:04:38", "evt": "hb", "state": "-", "idle_reason": "booting", "net_qty": 0, "bars": 0, "rt_enabled": true, "rt_status": "ok", "rt_age_sec": null, "rt_queue_len": 0, "in_session_window": false, "caps": [], "news_kill": false, "dayR": 0.0, "trades_today": 0, "cool_until": null, "orders_disabled_paper_safety": false}
{"ts": "2025-10-23 05:04:39", "evt": "hb", "state": "-", "idle_reason": "booting", "net_qty": 0, "bars": 0, "rt_enabled": true, "rt_status": "ok", "rt_age_sec": null, "rt_queue_len": 0, "in_session_window": false, "caps": [], "news_kill": false, "dayR": 0.0, "trades_today": 0, "cool_until": null, "orders_disabled_paper_safety": false}
{"ts": "2025-10-23 05:04:40", "evt": "hb", "state": "-", "idle_reason": "booting", "net_qty": 0, "bars": 0, "rt_enabled": true, "rt_status": "ok", "rt_age_sec": null, "rt_queue_len": 0, "in_session_window": false, "caps": [], "news_kill": false, "dayR": 0.0, "trades_today": 0, "cool_until": null, "orders_disabled_paper_safety": false}
{"ts": "2025-10-23 05:04:41", "evt": "hb", "state": "-", "idle_reason": "booting", "net_qty": 0, "bars": 0, "rt_enabled": true, "rt_status": "ok", "rt_age_sec": null, "rt_queue_len": 0, "in_session_window": false, "caps": [], "news_kill": false, "dayR": 0.0, "trades_today": 0, "cool_until": null, "orders_disabled_paper_safety": false}
{"ts": "2025-10-23 05:04:42", "evt": "hb", "state": "-", "idle_reason": "booting", "net_qty": 0, "bars": 0, "rt_enabled": true, "rt_status": "ok", "rt_age_sec": null, "rt_queue_len": 0, "in_session_window": false, "caps": [], "news_kill": false, "dayR": 0.0, "trades_today": 0, "cool_until": null, "orders_disabled_paper_safety": false}
[2025-10-23 00:04:42] [WD-HB] watchdog alive (pid=14696)
{"ts": "2025-10-23 05:04:43", "evt": "hb", "state": "-", "idle_reason": "booting", "net_qty": 0, "bars": 0, "rt_enabled": true, "rt_status": "ok", "rt_age_sec": null, "rt_queue_len": 0, "in_session_window": false, "caps": [], "news_kill": false, "dayR": 0.0, "trades_today": 0, "cool_until": null, "orders_disabled_paper_safety": false}
{"ts": "2025-10-23 05:04:44", "evt": "hb", "state": "-", "idle_reason": "booting", "net_qty": 0, "bars": 0, "rt_enabled": true, "rt_status": "ok", "rt_age_sec": null, "rt_queue_len": 0, "in_session_window": false, "caps": [], "news_kill": false, "dayR": 0.0, "trades_today": 0, "cool_until": null, "orders_disabled_paper_safety": false}
{"ts": "2025-10-23 05:04:45", "evt": "hb", "state": "-", "idle_reason": "booting", "net_qty": 0, "bars": 0, "rt_enabled": true, "rt_status": "ok", "rt_age_sec": null, "rt_queue_len": 0, "in_session_window": false, "caps": [], "news_kill": false, "dayR": 0.0, "trades_today": 0, "cool_until": null, "orders_disabled_paper_safety": false}
{"ts": "2025-10-23 05:04:46", "evt": "hb", "state": "-", "idle_reason": "booting", "net_qty": 0, "bars": 0, "rt_enabled": true, "rt_status": "ok", "rt_age_sec": null, "rt_queue_len": 0, "in_session_window": false, "caps": [], "news_kill": false, "dayR": 0.0, "trades_today": 0, "cool_until": null, "orders_disabled_paper_safety": false}
{"ts": "2025-10-23 05:04:47", "evt": "hb", "state": "-", "idle_reason": "booting", "net_qty": 0, "bars": 0, "rt_enabled": true, "rt_status": "ok", "rt_age_sec": null, "rt_queue_len": 0, "in_session_window": false, "caps": [], "news_kill": false, "dayR": 0.0, "trades_today": 0, "cool_until": null, "orders_disabled_paper_safety": false}
{"ts": "2025-10-23 05:04:48", "evt": "hb", "state": "-", "idle_reason": "booting", "net_qty": 0, "bars": 0, "rt_enabled": true, "rt_status": "ok", "rt_age_sec": null, "rt_queue_len": 0, "in_session_window": false, "caps": [], "news_kill": false, "dayR": 0.0, "trades_today": 0, "cool_until": null, "orders_disabled_paper_safety": false}
{"ts": "2025-10-23 05:04:49", "evt": "hb", "state": "-", "idle_reason": "booting", "net_qty": 0, "bars": 0, "rt_enabled": true, "rt_status": "ok", "rt_age_sec": null, "rt_queue_len": 0, "in_session_window": false, "caps": [], "news_kill": false, "dayR": 0.0, "trades_today": 0, "cool_until": null, "orders_disabled_paper_safety": false}
{"ts": "2025-10-23 05:04:50", "evt": "hb", "state": "-", "idle_reason": "booting", "net_qty": 0, "bars": 0, "rt_enabled": true, "rt_status": "ok", "rt_age_sec": null, "rt_queue_len": 0, "in_session_window": false, "caps": [], "news_kill": false, "dayR": 0.0, "trades_today": 0, "cool_until": null, "orders_disabled_paper_safety": false}
{"ts": "2025-10-23 05:04:51", "evt": "hb", "state": "-", "idle_reason": "booting", "net_qty": 0, "bars": 0, "rt_enabled": true, "rt_status": "ok", "rt_age_sec": null, "rt_queue_len": 0, "in_session_window": false, "caps": [], "news_kill": false, "dayR": 0.0, "trades_today": 0, "cool_until": null, "orders_disabled_paper_safety": false}
{"ts": "2025-10-23 05:04:52", "evt": "hb", "state": "-", "idle_reason": "booting", "net_qty": 0, "bars": 0, "rt_enabled": true, "rt_status": "ok", "rt_age_sec": null, "rt_queue_len": 0, "in_session_window": false, "caps": [], "news_kill": false, "dayR": 0.0, "trades_today": 0, "cool_until": null, "orders_disabled_paper_safety": false}
[2025-10-23 00:04:52] [WD-HB] watchdog alive (pid=14696)
{"ts": "2025-10-23 05:04:53", "evt": "hb", "state": "-", "idle_reason": "booting", "net_qty": 0, "bars": 0, "rt_enabled": true, "rt_status": "ok", "rt_age_sec": null, "rt_queue_len": 0, "in_session_window": false, "caps": [], "news_kill": false, "dayR": 0.0, "trades_today": 0, "cool_until": null, "orders_disabled_paper_safety": false}
{"ts": "2025-10-23 05:04:54", "evt": "hb", "state": "-", "idle_reason": "booting", "net_qty": 0, "bars": 0, "rt_enabled": true, "rt_status": "ok", "rt_age_sec": null, "rt_queue_len": 0, "in_session_window": false, "caps": [], "news_kill": false, "dayR": 0.0, "trades_today": 0, "cool_until": null, "orders_disabled_paper_safety": false}
{"ts": "2025-10-23 05:04:55", "evt": "hb", "state": "-", "idle_reason": "booting", "net_qty": 0, "bars": 0, "rt_enabled": true, "rt_status": "ok", "rt_age_sec": null, "rt_queue_len": 0, "in_session_window": false, "caps": [], "news_kill": false, "dayR": 0.0, "trades_today": 0, "cool_until": null, "orders_disabled_paper_safety": false}
{"ts": "2025-10-23 05:04:56", "evt": "hb", "state": "-", "idle_reason": "booting", "net_qty": 0, "bars": 0, "rt_enabled": true, "rt_status": "ok", "rt_age_sec": null, "rt_queue_len": 0, "in_session_window": false, "caps": [], "news_kill": false, "dayR": 0.0, "trades_today": 0, "cool_until": null, "orders_disabled_paper_safety": false}
{"ts": "2025-10-23 05:04:57", "evt": "hb", "state": "-", "idle_reason": "booting", "net_qty": 0, "bars": 0, "rt_enabled": true, "rt_status": "ok", "rt_age_sec": null, "rt_queue_len": 0, "in_session_window": false, "caps": [], "news_kill": false, "dayR": 0.0, "trades_today": 0, "cool_until": null, "orders_disabled_paper_safety": false}
{"ts": "2025-10-23 05:04:58", "evt": "hb", "state": "-", "idle_reason": "booting", "net_qty": 0, "bars": 0, "rt_enabled": true, "rt_status": "ok", "rt_age_sec": null, "rt_queue_len": 0, "in_session_window": false, "caps": [], "news_kill": false, "dayR": 0.0, "trades_today": 0, "cool_until": null, "orders_disabled_paper_safety": false}
{"ts": "2025-10-23 05:04:59", "evt": "hb", "state": "-", "idle_reason": "booting", "net_qty": 0, "bars": 0, "rt_enabled": true, "rt_status": "ok", "rt_age_sec": null, "rt_queue_len": 0, "in_session_window": false, "caps": [], "news_kill": false, "dayR": 0.0, "trades_today": 0, "cool_until": null, "orders_disabled_paper_safety": false}
{"ts": "2025-10-23 05:05:00", "evt": "hb", "state": "-", "idle_reason": "booting", "net_qty": 0, "bars": 0, "rt_enabled": true, "rt_status": "ok", "rt_age_sec": null, "rt_queue_len": 0, "in_session_window": false, "caps": [], "news_kill": false, "dayR": 0.0, "trades_today": 0, "cool_until": null, "orders_disabled_paper_safety": false}
{"ts": "2025-10-23 05:05:01", "evt": "hb", "state": "-", "idle_reason": "booting", "net_qty": 0, "bars": 0, "rt_enabled": true, "rt_status": "ok", "rt_age_sec": null, "rt_queue_len": 0, "in_session_window": false, "caps": [], "news_kill": false, "dayR": 0.0, "trades_today": 0, "cool_until": null, "orders_disabled_paper_safety": false}
{"ts": "2025-10-23 05:05:02", "evt": "hb", "state": "-", "idle_reason": "booting", "net_qty": 0, "bars": 0, "rt_enabled": true, "rt_status": "ok", "rt_age_sec": null, "rt_queue_len": 0, "in_session_window": false, "caps": [], "news_kill": false, "dayR": 0.0, "trades_today": 0, "cool_until": null, "orders_disabled_paper_safety": false}
[2025-10-23 00:05:02] [WD-HB] watchdog alive (pid=14696)
{"ts": "2025-10-23 05:05:03", "evt": "hb", "state": "-", "idle_reason": "booting", "net_qty": 0, "bars": 0, "rt_enabled": true, "rt_status": "ok", "rt_age_sec": null, "rt_queue_len": 0, "in_session_window": false, "caps": [], "news_kill": false, "dayR": 0.0, "trades_today": 0, "cool_until": null, "orders_disabled_paper_safety": false}
{"ts": "2025-10-23 05:05:04", "evt": "hb", "state": "-", "idle_reason": "booting", "net_qty": 0, "bars": 0, "rt_enabled": true, "rt_status": "ok", "rt_age_sec": null, "rt_queue_len": 0, "in_session_window": false, "caps": [], "news_kill": false, "dayR": 0.0, "trades_today": 0, "cool_until": null, "orders_disabled_paper_safety": false}
{"ts": "2025-10-23 05:05:05", "evt": "hb", "state": "-", "idle_reason": "booting", "net_qty": 0, "bars": 0, "rt_enabled": true, "rt_status": "ok", "rt_age_sec": null, "rt_queue_len": 0, "in_session_window": false, "caps": [], "news_kill": false, "dayR": 0.0, "trades_today": 0, "cool_until": null, "orders_disabled_paper_safety": false}
{"ts": "2025-10-23 05:05:06", "evt": "hb", "state": "-", "idle_reason": "booting", "net_qty": 0, "bars": 0, "rt_enabled": true, "rt_status": "ok", "rt_age_sec": null, "rt_queue_len": 0, "in_session_window": false, "caps": [], "news_kill": false, "dayR": 0.0, "trades_today": 0, "cool_until": null, "orders_disabled_paper_safety": false}
{"ts": "2025-10-23 05:05:07", "evt": "hb", "state": "-", "idle_reason": "booting", "net_qty": 0, "bars": 0, "rt_enabled": true, "rt_status": "ok", "rt_age_sec": null, "rt_queue_len": 0, "in_session_window": false, "caps": [], "news_kill": false, "dayR": 0.0, "trades_today": 0, "cool_until": null, "orders_disabled_paper_safety": false}
{"ts": "2025-10-23 05:05:08", "evt": "hb", "state": "-", "idle_reason": "booting", "net_qty": 0, "bars": 0, "rt_enabled": true, "rt_status": "ok", "rt_age_sec": null, "rt_queue_len": 0, "in_session_window": false, "caps": [], "news_kill": false, "dayR": 0.0, "trades_today": 0, "cool_until": null, "orders_disabled_paper_safety": false}
{"ts": "2025-10-23 05:05:09", "evt": "hb", "state": "-", "idle_reason": "booting", "net_qty": 0, "bars": 0, "rt_enabled": true, "rt_status": "ok", "rt_age_sec": null, "rt_queue_len": 0, "in_session_window": false, "caps": [], "news_kill": false, "dayR": 0.0, "trades_today": 0, "cool_until": null, "orders_disabled_paper_safety": false}
{"ts": "2025-10-23 05:05:10", "evt": "hb", "state": "-", "idle_reason": "booting", "net_qty": 0, "bars": 0, "rt_enabled": true, "rt_status": "ok", "rt_age_sec": null, "rt_queue_len": 0, "in_session_window": false, "caps": [], "news_kill": false, "dayR": 0.0, "trades_today": 0, "cool_until": null, "orders_disabled_paper_safety": false}
{"ts": "2025-10-23 05:05:11", "evt": "hb", "state": "-", "idle_reason": "booting", "net_qty": 0, "bars": 0, "rt_enabled": true, "rt_status": "ok", "rt_age_sec": null, "rt_queue_len": 0, "in_session_window": false, "caps": [], "news_kill": false, "dayR": 0.0, "trades_today": 0, "cool_until": null, "orders_disabled_paper_safety": false}
{"ts": "2025-10-23 05:05:12", "evt": "hb", "state": "-", "idle_reason": "booting", "net_qty": 0, "bars": 0, "rt_enabled": true, "rt_status": "ok", "rt_age_sec": null, "rt_queue_len": 0, "in_session_window": false, "caps": [], "news_kill": false, "dayR": 0.0, "trades_today": 0, "cool_until": null, "orders_disabled_paper_safety": false}
[2025-10-23 00:05:12] [WD-HB] watchdog alive (pid=14696)
{"ts": "2025-10-23 05:05:13", "evt": "hb", "state": "-", "idle_reason": "booting", "net_qty": 0, "bars": 0, "rt_enabled": true, "rt_status": "ok", "rt_age_sec": null, "rt_queue_len": 0, "in_session_window": false, "caps": [], "news_kill": false, "dayR": 0.0, "trades_today": 0, "cool_until": null, "orders_disabled_paper_safety": false}
{"ts": "2025-10-23 05:05:14", "evt": "hb", "state": "-", "idle_reason": "booting", "net_qty": 0, "bars": 0, "rt_enabled": true, "rt_status": "ok", "rt_age_sec": null, "rt_queue_len": 0, "in_session_window": false, "caps": [], "news_kill": false, "dayR": 0.0, "trades_today": 0, "cool_until": null, "orders_disabled_paper_safety": false}
{"ts": "2025-10-23 05:05:15", "evt": "hb", "state": "-", "idle_reason": "booting", "net_qty": 0, "bars": 0, "rt_enabled": true, "rt_status": "ok", "rt_age_sec": null, "rt_queue_len": 0, "in_session_window": false, "caps": [], "news_kill": false, "dayR": 0.0, "trades_today": 0, "cool_until": null, "orders_disabled_paper_safety": false}
{"ts": "2025-10-23 05:05:16", "evt": "hb", "state": "-", "idle_reason": "booting", "net_qty": 0, "bars": 0, "rt_enabled": true, "rt_status": "ok", "rt_age_sec": null, "rt_queue_len": 0, "in_session_window": false, "caps": [], "news_kill": false, "dayR": 0.0, "trades_today": 0, "cool_until": null, "orders_disabled_paper_safety": false}
{"ts": "2025-10-23 05:05:17", "evt": "hb", "state": "-", "idle_reason": "booting", "net_qty": 0, "bars": 0, "rt_enabled": true, "rt_status": "ok", "rt_age_sec": null, "rt_queue_len": 0, "in_session_window": false, "caps": [], "news_kill": false, "dayR": 0.0, "trades_today": 0, "cool_until": null, "orders_disabled_paper_safety": false}
{"ts": "2025-10-23 05:05:18", "evt": "hb", "state": "-", "idle_reason": "booting", "net_qty": 0, "bars": 0, "rt_enabled": true, "rt_status": "ok", "rt_age_sec": null, "rt_queue_len": 0, "in_session_window": false, "caps": [], "news_kill": false, "dayR": 0.0, "trades_today": 0, "cool_until": null, "orders_disabled_paper_safety": false}
{"ts": "2025-10-23 05:05:19", "evt": "hb", "state": "-", "idle_reason": "booting", "net_qty": 0, "bars": 0, "rt_enabled": true, "rt_status": "ok", "rt_age_sec": null, "rt_queue_len": 0, "in_session_window": false, "caps": [], "news_kill": false, "dayR": 0.0, "trades_today": 0, "cool_until": null, "orders_disabled_paper_safety": false}
{"ts": "2025-10-23 05:05:20", "evt": "hb", "state": "-", "idle_reason": "booting", "net_qty": 0, "bars": 0, "rt_enabled": true, "rt_status": "ok", "rt_age_sec": null, "rt_queue_len": 0, "in_session_window": false, "caps": [], "news_kill": false, "dayR": 0.0, "trades_today": 0, "cool_until": null, "orders_disabled_paper_safety": false}
{"ts": "2025-10-23 05:05:21", "evt": "hb", "state": "-", "idle_reason": "booting", "net_qty": 0, "bars": 0, "rt_enabled": true, "rt_status": "ok", "rt_age_sec": null, "rt_queue_len": 0, "in_session_window": false, "caps": [], "news_kill": false, "dayR": 0.0, "trades_today": 0, "cool_until": null, "orders_disabled_paper_safety": false}
{"ts": "2025-10-23 05:05:22", "evt": "hb", "state": "-", "idle_reason": "booting", "net_qty": 0, "bars": 0, "rt_enabled": true, "rt_status": "ok", "rt_age_sec": null, "rt_queue_len": 0, "in_session_window": false, "caps": [], "news_kill": false, "dayR": 0.0, "trades_today": 0, "cool_until": null, "orders_disabled_paper_safety": false}
[2025-10-23 00:05:22] [WD-HB] watchdog alive (pid=14696)
{"ts": "2025-10-23 05:05:23", "evt": "hb", "state": "-", "idle_reason": "booting", "net_qty": 0, "bars": 0, "rt_enabled": true, "rt_status": "ok", "rt_age_sec": null, "rt_queue_len": 0, "in_session_window": false, "caps": [], "news_kill": false, "dayR": 0.0, "trades_today": 0, "cool_until": null, "orders_disabled_paper_safety": false}
{"ts": "2025-10-23 05:05:24", "evt": "hb", "state": "-", "idle_reason": "booting", "net_qty": 0, "bars": 0, "rt_enabled": true, "rt_status": "ok", "rt_age_sec": null, "rt_queue_len": 0, "in_session_window": false, "caps": [], "news_kill": false, "dayR": 0.0, "trades_today": 0, "cool_until": null, "orders_disabled_paper_safety": false}
{"ts": "2025-10-23 05:05:25", "evt": "hb", "state": "-", "idle_reason": "booting", "net_qty": 0, "bars": 0, "rt_enabled": true, "rt_status": "ok", "rt_age_sec": null, "rt_queue_len": 0, "in_session_window": false, "caps": [], "news_kill": false, "dayR": 0.0, "trades_today": 0, "cool_until": null, "orders_disabled_paper_safety": false}
{"ts": "2025-10-23 05:05:26", "evt": "hb", "state": "-", "idle_reason": "booting", "net_qty": 0, "bars": 0, "rt_enabled": true, "rt_status": "ok", "rt_age_sec": null, "rt_queue_len": 0, "in_session_window": false, "caps": [], "news_kill": false, "dayR": 0.0, "trades_today": 0, "cool_until": null, "orders_disabled_paper_safety": false}
{"ts": "2025-10-23 05:05:27", "evt": "hb", "state": "-", "idle_reason": "booting", "net_qty": 0, "bars": 0, "rt_enabled": true, "rt_status": "ok", "rt_age_sec": null, "rt_queue_len": 0, "in_session_window": false, "caps": [], "news_kill": false, "dayR": 0.0, "trades_today": 0, "cool_until": null, "orders_disabled_paper_safety": false}
{"ts": "2025-10-23 05:05:28", "evt": "hb", "state": "-", "idle_reason": "booting", "net_qty": 0, "bars": 0, "rt_enabled": true, "rt_status": "ok", "rt_age_sec": null, "rt_queue_len": 0, "in_session_window": false, "caps": [], "news_kill": false, "dayR": 0.0, "trades_today": 0, "cool_until": null, "orders_disabled_paper_safety": false}
{"ts": "2025-10-23 05:05:29", "evt": "hb", "state": "-", "idle_reason": "booting", "net_qty": 0, "bars": 0, "rt_enabled": true, "rt_status": "ok", "rt_age_sec": null, "rt_queue_len": 0, "in_session_window": false, "caps": [], "news_kill": false, "dayR": 0.0, "trades_today": 0, "cool_until": null, "orders_disabled_paper_safety": false}
{"ts": "2025-10-23 05:05:30", "evt": "hb", "state": "-", "idle_reason": "booting", "net_qty": 0, "bars": 0, "rt_enabled": true, "rt_status": "ok", "rt_age_sec": null, "rt_queue_len": 0, "in_session_window": false, "caps": [], "news_kill": false, "dayR": 0.0, "trades_today": 0, "cool_until": null, "orders_disabled_paper_safety": false}
{"ts": "2025-10-23 05:05:31", "evt": "hb", "state": "-", "idle_reason": "booting", "net_qty": 0, "bars": 0, "rt_enabled": true, "rt_status": "ok", "rt_age_sec": null, "rt_queue_len": 0, "in_session_window": false, "caps": [], "news_kill": false, "dayR": 0.0, "trades_today": 0, "cool_until": null, "orders_disabled_paper_safety": false}
{"ts": "2025-10-23 05:05:32", "evt": "hb", "state": "-", "idle_reason": "booting", "net_qty": 0, "bars": 0, "rt_enabled": true, "rt_status": "ok", "rt_age_sec": null, "rt_queue_len": 0, "in_session_window": false, "caps": [], "news_kill": false, "dayR": 0.0, "trades_today": 0, "cool_until": null, "orders_disabled_paper_safety": false}
[2025-10-23 00:05:32] [WD-HB] watchdog alive (pid=14696)
{"ts": "2025-10-23 05:05:33", "evt": "hb", "state": "-", "idle_reason": "booting", "net_qty": 0, "bars": 0, "rt_enabled": true, "rt_status": "ok", "rt_age_sec": null, "rt_queue_len": 0, "in_session_window": false, "caps": [], "news_kill": false, "dayR": 0.0, "trades_today": 0, "cool_until": null, "orders_disabled_paper_safety": false}
{"ts": "2025-10-23 05:05:34", "evt": "hb", "state": "-", "idle_reason": "booting", "net_qty": 0, "bars": 0, "rt_enabled": true, "rt_status": "ok", "rt_age_sec": null, "rt_queue_len": 0, "in_session_window": false, "caps": [], "news_kill": false, "dayR": 0.0, "trades_today": 0, "cool_until": null, "orders_disabled_paper_safety": false}
{"ts": "2025-10-23 05:05:35", "evt": "hb", "state": "-", "idle_reason": "booting", "net_qty": 0, "bars": 0, "rt_enabled": true, "rt_status": "ok", "rt_age_sec": null, "rt_queue_len": 0, "in_session_window": false, "caps": [], "news_kill": false, "dayR": 0.0, "trades_today": 0, "cool_until": null, "orders_disabled_paper_safety": false}
{"ts": "2025-10-23 05:05:36", "evt": "hb", "state": "-", "idle_reason": "booting", "net_qty": 0, "bars": 0, "rt_enabled": true, "rt_status": "ok", "rt_age_sec": null, "rt_queue_len": 0, "in_session_window": false, "caps": [], "news_kill": false, "dayR": 0.0, "trades_today": 0, "cool_until": null, "orders_disabled_paper_safety": false}
