[INFO] 2025-09-14 17:59:43 Enabled arms: trend,breakout,reversion,vwap
[INFO] 2025-09-14 17:59:43 Loaded chooser state from models\linucb_es.json
[INFO] 2025-09-14 17:59:43 [PING 1] clientId=19 connected: False
[INFO] 2025-09-14 17:59:43 Connected 127.0.0.1:7497 clientId=19 | Market data type: LIVE
[INFO] 2025-09-14 17:59:43 Using contract: ESZ5  (conId=495512563)
[INFO] 2025-09-14 17:59:43 [WARMUP] Fetching 5d of 1m bars...
[INFO] 2025-09-14 17:59:45 [WARMUP] Loaded 5580 historical 1m bars.
[REGIME] ADX=20.3  BBbw=0.0002  ATR%=0.000042  (ok=False)
[INFO] 2025-09-14 17:59:46 [ARMS] trend: EN n=0, avgR=+0.000, mu=+0.000, ucb=+0.694 | breakout: EN n=0, avgR=+0.000, mu=+0.000, ucb=+0.694 | reversion: EN n=0, avgR=+0.000, mu=+0.000, ucb=+0.694 | vwap: EN n=0, avgR=+0.000, mu=+0.000, ucb=+0.694
[HB] 2025-09-14 17:59:46 CT OpenTrades=0 | ChooserArm=trend | Gate=no | eps=0.050 | sessionR=0.00 | sessionN=0 | stall=no
[HB] 2025-09-14 17:59:47 CT OpenTrades=0 | ChooserArm=trend | Gate=no | eps=0.050 | sessionR=0.00 | sessionN=0 | stall=no
[HB] 2025-09-14 17:59:48 CT OpenTrades=0 | ChooserArm=trend | Gate=no | eps=0.050 | sessionR=0.00 | sessionN=0 | stall=no
[HB] 2025-09-14 17:59:50 CT OpenTrades=0 | ChooserArm=trend | Gate=no | eps=0.050 | sessionR=0.00 | sessionN=0 | stall=no
[HB] 2025-09-14 17:59:51 CT OpenTrades=0 | ChooserArm=trend | Gate=no | eps=0.050 | sessionR=0.00 | sessionN=0 | stall=no
[HB] 2025-09-14 17:59:52 CT OpenTrades=0 | ChooserArm=trend | Gate=no | eps=0.050 | sessionR=0.00 | sessionN=0 | stall=no
[HB] 2025-09-14 17:59:53 CT OpenTrades=0 | ChooserArm=trend | Gate=no | eps=0.050 | sessionR=0.00 | sessionN=0 | stall=no
[HB] 2025-09-14 17:59:54 CT OpenTrades=0 | ChooserArm=trend | Gate=no | eps=0.050 | sessionR=0.00 | sessionN=0 | stall=no
[HB] 2025-09-14 17:59:55 CT OpenTrades=0 | ChooserArm=trend | Gate=no | eps=0.050 | sessionR=0.00 | sessionN=0 | stall=no
[HB] 2025-09-14 17:59:56 CT OpenTrades=0 | ChooserArm=trend | Gate=no | eps=0.050 | sessionR=0.00 | sessionN=0 | stall=no
[HB] 2025-09-14 17:59:57 CT OpenTrades=0 | ChooserArm=trend | Gate=no | eps=0.050 | sessionR=0.00 | sessionN=0 | stall=no
[HB] 2025-09-14 17:59:58 CT OpenTrades=0 | ChooserArm=trend | Gate=no | eps=0.050 | sessionR=0.00 | sessionN=0 | stall=no
[HB] 2025-09-14 17:59:59 CT OpenTrades=0 | ChooserArm=trend | Gate=no | eps=0.050 | sessionR=0.00 | sessionN=0 | stall=no
[HB] 2025-09-14 18:00:00 CT OpenTrades=0 | ChooserArm=trend | Gate=no | eps=0.050 | sessionR=0.00 | sessionN=0 | stall=no
[REGIME] ADX=19.6  BBbw=0.0002  ATR%=0.000027  (ok=False)
[HB] 2025-09-14 18:00:02 CT OpenTrades=0 | ChooserArm=trend | Gate=no | eps=0.050 | sessionR=0.00 | sessionN=0 | stall=no
[HB] 2025-09-14 18:00:03 CT OpenTrades=0 | ChooserArm=trend | Gate=no | eps=0.050 | sessionR=0.00 | sessionN=0 | stall=no
[HB] 2025-09-14 18:00:04 CT OpenTrades=0 | ChooserArm=trend | Gate=no | eps=0.050 | sessionR=0.00 | sessionN=0 | stall=no
[HB] 2025-09-14 18:00:05 CT OpenTrades=0 | ChooserArm=trend | Gate=no | eps=0.050 | sessionR=0.00 | sessionN=0 | stall=no
[HB] 2025-09-14 18:00:06 CT OpenTrades=0 | ChooserArm=trend | Gate=no | eps=0.050 | sessionR=0.00 | sessionN=0 | stall=no
[HB] 2025-09-14 18:00:07 CT OpenTrades=0 | ChooserArm=trend | Gate=no | eps=0.050 | sessionR=0.00 | sessionN=0 | stall=no
[HB] 2025-09-14 18:00:08 CT OpenTrades=0 | ChooserArm=trend | Gate=no | eps=0.050 | sessionR=0.00 | sessionN=0 | stall=no
[HB] 2025-09-14 18:00:09 CT OpenTrades=0 | ChooserArm=trend | Gate=no | eps=0.050 | sessionR=0.00 | sessionN=0 | stall=no
[HB] 2025-09-14 18:00:10 CT OpenTrades=0 | ChooserArm=trend | Gate=no | eps=0.050 | sessionR=0.00 | sessionN=0 | stall=no
[HB] 2025-09-14 18:00:11 CT OpenTrades=0 | ChooserArm=trend | Gate=no | eps=0.050 | sessionR=0.00 | sessionN=0 | stall=no
[HB] 2025-09-14 18:00:12 CT OpenTrades=0 | ChooserArm=trend | Gate=no | eps=0.050 | sessionR=0.00 | sessionN=0 | stall=no
[HB] 2025-09-14 18:00:13 CT OpenTrades=0 | ChooserArm=trend | Gate=no | eps=0.050 | sessionR=0.00 | sessionN=0 | stall=no
[HB] 2025-09-14 18:00:15 CT OpenTrades=0 | ChooserArm=trend | Gate=no | eps=0.050 | sessionR=0.00 | sessionN=0 | stall=no
[HB] 2025-09-14 18:00:16 CT OpenTrades=0 | ChooserArm=trend | Gate=no | eps=0.050 | sessionR=0.00 | sessionN=0 | stall=no
[REGIME] ADX=19.0  BBbw=0.0001  ATR%=0.000015  (ok=False)
[HB] 2025-09-14 18:00:17 CT OpenTrades=0 | ChooserArm=trend | Gate=no | eps=0.050 | sessionR=0.00 | sessionN=0 | stall=no
[HB] 2025-09-14 18:00:18 CT OpenTrades=0 | ChooserArm=trend | Gate=no | eps=0.050 | sessionR=0.00 | sessionN=0 | stall=no
[HB] 2025-09-14 18:00:19 CT OpenTrades=0 | ChooserArm=trend | Gate=no | eps=0.050 | sessionR=0.00 | sessionN=0 | stall=no
[HB] 2025-09-14 18:00:20 CT OpenTrades=0 | ChooserArm=trend | Gate=no | eps=0.050 | sessionR=0.00 | sessionN=0 | stall=no
[HB] 2025-09-14 18:00:21 CT OpenTrades=0 | ChooserArm=trend | Gate=no | eps=0.050 | sessionR=0.00 | sessionN=0 | stall=no
[HB] 2025-09-14 18:00:22 CT OpenTrades=0 | ChooserArm=trend | Gate=no | eps=0.050 | sessionR=0.00 | sessionN=0 | stall=no
[HB] 2025-09-14 18:00:23 CT OpenTrades=0 | ChooserArm=trend | Gate=no | eps=0.050 | sessionR=0.00 | sessionN=0 | stall=no
[HB] 2025-09-14 18:00:24 CT OpenTrades=0 | ChooserArm=trend | Gate=no | eps=0.050 | sessionR=0.00 | sessionN=0 | stall=no
[HB] 2025-09-14 18:00:25 CT OpenTrades=0 | ChooserArm=trend | Gate=no | eps=0.050 | sessionR=0.00 | sessionN=0 | stall=no
[HB] 2025-09-14 18:00:27 CT OpenTrades=0 | ChooserArm=trend | Gate=no | eps=0.050 | sessionR=0.00 | sessionN=0 | stall=no
[HB] 2025-09-14 18:00:28 CT OpenTrades=0 | ChooserArm=trend | Gate=no | eps=0.050 | sessionR=0.00 | sessionN=0 | stall=no
[HB] 2025-09-14 18:00:29 CT OpenTrades=0 | ChooserArm=vwap | Gate=no | eps=0.050 | sessionR=0.00 | sessionN=0 | stall=no
[HB] 2025-09-14 18:00:30 CT OpenTrades=0 | ChooserArm=trend | Gate=no | eps=0.050 | sessionR=0.00 | sessionN=0 | stall=no
[HB] 2025-09-14 18:00:31 CT OpenTrades=0 | ChooserArm=trend | Gate=no | eps=0.050 | sessionR=0.00 | sessionN=0 | stall=no
[REGIME] ADX=22.6  BBbw=0.0001  ATR%=0.000014  (ok=False)
[HB] 2025-09-14 18:00:32 CT OpenTrades=0 | ChooserArm=trend | Gate=no | eps=0.050 | sessionR=0.00 | sessionN=0 | stall=no
[HB] 2025-09-14 18:00:33 CT OpenTrades=0 | ChooserArm=breakout | Gate=no | eps=0.050 | sessionR=0.00 | sessionN=0 | stall=no
[HB] 2025-09-14 18:00:34 CT OpenTrades=0 | ChooserArm=trend | Gate=no | eps=0.050 | sessionR=0.00 | sessionN=0 | stall=no
[HB] 2025-09-14 18:00:35 CT OpenTrades=0 | ChooserArm=trend | Gate=no | eps=0.050 | sessionR=0.00 | sessionN=0 | stall=no
[HB] 2025-09-14 18:00:36 CT OpenTrades=0 | ChooserArm=trend | Gate=no | eps=0.050 | sessionR=0.00 | sessionN=0 | stall=no
[HB] 2025-09-14 18:00:37 CT OpenTrades=0 | ChooserArm=trend | Gate=no | eps=0.050 | sessionR=0.00 | sessionN=0 | stall=no
[HB] 2025-09-14 18:00:39 CT OpenTrades=0 | ChooserArm=trend | Gate=no | eps=0.050 | sessionR=0.00 | sessionN=0 | stall=no
[HB] 2025-09-14 18:00:40 CT OpenTrades=0 | ChooserArm=trend | Gate=no | eps=0.050 | sessionR=0.00 | sessionN=0 | stall=no
[HB] 2025-09-14 18:00:41 CT OpenTrades=0 | ChooserArm=trend | Gate=no | eps=0.050 | sessionR=0.00 | sessionN=0 | stall=no
[HB] 2025-09-14 18:00:42 CT OpenTrades=0 | ChooserArm=trend | Gate=no | eps=0.050 | sessionR=0.00 | sessionN=0 | stall=no
[HB] 2025-09-14 18:00:43 CT OpenTrades=0 | ChooserArm=trend | Gate=no | eps=0.050 | sessionR=0.00 | sessionN=0 | stall=no
[HB] 2025-09-14 18:00:44 CT OpenTrades=0 | ChooserArm=trend | Gate=no | eps=0.050 | sessionR=0.00 | sessionN=0 | stall=no
[HB] 2025-09-14 18:00:45 CT OpenTrades=0 | ChooserArm=trend | Gate=no | eps=0.050 | sessionR=0.00 | sessionN=0 | stall=no
[HB] 2025-09-14 18:00:46 CT OpenTrades=0 | ChooserArm=trend | Gate=no | eps=0.050 | sessionR=0.00 | sessionN=0 | stall=no
[REGIME] ADX=26.5  BBbw=0.0001  ATR%=0.000009  (ok=False)
[INFO] 2025-09-14 18:00:47 [ARMS] trend: EN n=0, avgR=+0.000, mu=+0.000, ucb=+0.682 | breakout: EN n=0, avgR=+0.000, mu=+0.000, ucb=+0.682 | reversion: EN n=0, avgR=+0.000, mu=+0.000, ucb=+0.682 | vwap: EN n=0, avgR=+0.000, mu=+0.000, ucb=+0.682
[HB] 2025-09-14 18:00:47 CT OpenTrades=0 | ChooserArm=trend | Gate=no | eps=0.050 | sessionR=0.00 | sessionN=0 | stall=no
[HB] 2025-09-14 18:00:48 CT OpenTrades=0 | ChooserArm=trend | Gate=no | eps=0.050 | sessionR=0.00 | sessionN=0 | stall=no
[HB] 2025-09-14 18:00:49 CT OpenTrades=0 | ChooserArm=trend | Gate=no | eps=0.050 | sessionR=0.00 | sessionN=0 | stall=no
[HB] 2025-09-14 18:00:51 CT OpenTrades=0 | ChooserArm=trend | Gate=no | eps=0.050 | sessionR=0.00 | sessionN=0 | stall=no
[HB] 2025-09-14 18:00:52 CT OpenTrades=0 | ChooserArm=trend | Gate=no | eps=0.050 | sessionR=0.00 | sessionN=0 | stall=no
[HB] 2025-09-14 18:00:53 CT OpenTrades=0 | ChooserArm=trend | Gate=no | eps=0.050 | sessionR=0.00 | sessionN=0 | stall=no
[HB] 2025-09-14 18:00:54 CT OpenTrades=0 | ChooserArm=trend | Gate=no | eps=0.050 | sessionR=0.00 | sessionN=0 | stall=no
[HB] 2025-09-14 18:00:55 CT OpenTrades=0 | ChooserArm=trend | Gate=no | eps=0.050 | sessionR=0.00 | sessionN=0 | stall=no
[HB] 2025-09-14 18:00:56 CT OpenTrades=0 | ChooserArm=trend | Gate=no | eps=0.050 | sessionR=0.00 | sessionN=0 | stall=no
[HB] 2025-09-14 18:00:57 CT OpenTrades=0 | ChooserArm=trend | Gate=no | eps=0.050 | sessionR=0.00 | sessionN=0 | stall=no
[HB] 2025-09-14 18:00:58 CT OpenTrades=0 | ChooserArm=trend | Gate=no | eps=0.050 | sessionR=0.00 | sessionN=0 | stall=no
[HB] 2025-09-14 18:00:59 CT OpenTrades=0 | ChooserArm=trend | Gate=no | eps=0.050 | sessionR=0.00 | sessionN=0 | stall=no
[HB] 2025-09-14 18:01:00 CT OpenTrades=0 | ChooserArm=trend | Gate=no | eps=0.050 | sessionR=0.00 | sessionN=0 | stall=no
[HB] 2025-09-14 18:01:02 CT OpenTrades=0 | ChooserArm=trend | Gate=no | eps=0.050 | sessionR=0.00 | sessionN=0 | stall=no
[REGIME] ADX=36.2  BBbw=0.0002  ATR%=0.000019  (ok=False)
[HB] 2025-09-14 18:01:03 CT OpenTrades=0 | ChooserArm=trend | Gate=no | eps=0.050 | sessionR=0.00 | sessionN=0 | stall=no
[HB] 2025-09-14 18:01:04 CT OpenTrades=0 | ChooserArm=trend | Gate=no | eps=0.050 | sessionR=0.00 | sessionN=0 | stall=no
[HB] 2025-09-14 18:01:05 CT OpenTrades=0 | ChooserArm=trend | Gate=no | eps=0.050 | sessionR=0.00 | sessionN=0 | stall=no
[HB] 2025-09-14 18:01:06 CT OpenTrades=0 | ChooserArm=trend | Gate=no | eps=0.050 | sessionR=0.00 | sessionN=0 | stall=no
[HB] 2025-09-14 18:01:07 CT OpenTrades=0 | ChooserArm=trend | Gate=no | eps=0.050 | sessionR=0.00 | sessionN=0 | stall=no
[HB] 2025-09-14 18:01:08 CT OpenTrades=0 | ChooserArm=trend | Gate=no | eps=0.050 | sessionR=0.00 | sessionN=0 | stall=no
[HB] 2025-09-14 18:01:09 CT OpenTrades=0 | ChooserArm=trend | Gate=no | eps=0.050 | sessionR=0.00 | sessionN=0 | stall=no
[HB] 2025-09-14 18:01:10 CT OpenTrades=0 | ChooserArm=trend | Gate=no | eps=0.050 | sessionR=0.00 | sessionN=0 | stall=no
[HB] 2025-09-14 18:01:11 CT OpenTrades=0 | ChooserArm=trend | Gate=no | eps=0.050 | sessionR=0.00 | sessionN=0 | stall=no
[HB] 2025-09-14 18:01:12 CT OpenTrades=0 | ChooserArm=trend | Gate=no | eps=0.050 | sessionR=0.00 | sessionN=0 | stall=no
[HB] 2025-09-14 18:01:14 CT OpenTrades=0 | ChooserArm=trend | Gate=no | eps=0.050 | sessionR=0.00 | sessionN=0 | stall=no
[HB] 2025-09-14 18:01:15 CT OpenTrades=0 | ChooserArm=trend | Gate=no | eps=0.050 | sessionR=0.00 | sessionN=0 | stall=no
[HB] 2025-09-14 18:01:16 CT OpenTrades=0 | ChooserArm=trend | Gate=no | eps=0.050 | sessionR=0.00 | sessionN=0 | stall=no
[HB] 2025-09-14 18:01:17 CT OpenTrades=0 | ChooserArm=trend | Gate=no | eps=0.050 | sessionR=0.00 | sessionN=0 | stall=no
[REGIME] ADX=28.4  BBbw=0.0001  ATR%=0.000017  (ok=False)
[HB] 2025-09-14 18:01:18 CT OpenTrades=0 | ChooserArm=trend | Gate=no | eps=0.050 | sessionR=0.00 | sessionN=0 | stall=no
[HB] 2025-09-14 18:01:19 CT OpenTrades=0 | ChooserArm=trend | Gate=no | eps=0.050 | sessionR=0.00 | sessionN=0 | stall=no
[HB] 2025-09-14 18:01:20 CT OpenTrades=0 | ChooserArm=trend | Gate=no | eps=0.050 | sessionR=0.00 | sessionN=0 | stall=no
[HB] 2025-09-14 18:01:21 CT OpenTrades=0 | ChooserArm=trend | Gate=no | eps=0.050 | sessionR=0.00 | sessionN=0 | stall=no
[HB] 2025-09-14 18:01:22 CT OpenTrades=0 | ChooserArm=trend | Gate=no | eps=0.050 | sessionR=0.00 | sessionN=0 | stall=no
[HB] 2025-09-14 18:01:23 CT OpenTrades=0 | ChooserArm=trend | Gate=no | eps=0.050 | sessionR=0.00 | sessionN=0 | stall=no
[HB] 2025-09-14 18:01:25 CT OpenTrades=0 | ChooserArm=trend | Gate=no | eps=0.050 | sessionR=0.00 | sessionN=0 | stall=no
[HB] 2025-09-14 18:01:26 CT OpenTrades=0 | ChooserArm=trend | Gate=no | eps=0.050 | sessionR=0.00 | sessionN=0 | stall=no
[HB] 2025-09-14 18:01:27 CT OpenTrades=0 | ChooserArm=trend | Gate=no | eps=0.050 | sessionR=0.00 | sessionN=0 | stall=no
[HB] 2025-09-14 18:01:28 CT OpenTrades=0 | ChooserArm=trend | Gate=no | eps=0.050 | sessionR=0.00 | sessionN=0 | stall=no
[HB] 2025-09-14 18:01:29 CT OpenTrades=0 | ChooserArm=trend | Gate=no | eps=0.050 | sessionR=0.00 | sessionN=0 | stall=no
[HB] 2025-09-14 18:01:30 CT OpenTrades=0 | ChooserArm=trend | Gate=no | eps=0.050 | sessionR=0.00 | sessionN=0 | stall=no
[HB] 2025-09-14 18:01:31 CT OpenTrades=0 | ChooserArm=trend | Gate=no | eps=0.050 | sessionR=0.00 | sessionN=0 | stall=no
[HB] 2025-09-14 18:01:32 CT OpenTrades=0 | ChooserArm=trend | Gate=no | eps=0.050 | sessionR=0.00 | sessionN=0 | stall=no
[REGIME] ADX=21.7  BBbw=0.0001  ATR%=0.000011  (ok=False)
[HB] 2025-09-14 18:01:33 CT OpenTrades=0 | ChooserArm=trend | Gate=no | eps=0.050 | sessionR=0.00 | sessionN=0 | stall=no
[HB] 2025-09-14 18:01:34 CT OpenTrades=0 | ChooserArm=trend | Gate=no | eps=0.050 | sessionR=0.00 | sessionN=0 | stall=no
[HB] 2025-09-14 18:01:35 CT OpenTrades=0 | ChooserArm=trend | Gate=no | eps=0.050 | sessionR=0.00 | sessionN=0 | stall=no
[HB] 2025-09-14 18:01:37 CT OpenTrades=0 | ChooserArm=trend | Gate=no | eps=0.050 | sessionR=0.00 | sessionN=0 | stall=no
[HB] 2025-09-14 18:01:38 CT OpenTrades=0 | ChooserArm=trend | Gate=no | eps=0.050 | sessionR=0.00 | sessionN=0 | stall=no
[HB] 2025-09-14 18:01:39 CT OpenTrades=0 | ChooserArm=trend | Gate=no | eps=0.050 | sessionR=0.00 | sessionN=0 | stall=no
[HB] 2025-09-14 18:01:40 CT OpenTrades=0 | ChooserArm=trend | Gate=no | eps=0.050 | sessionR=0.00 | sessionN=0 | stall=no
[HB] 2025-09-14 18:01:41 CT OpenTrades=0 | ChooserArm=trend | Gate=no | eps=0.050 | sessionR=0.00 | sessionN=0 | stall=no
[HB] 2025-09-14 18:01:42 CT OpenTrades=0 | ChooserArm=trend | Gate=no | eps=0.050 | sessionR=0.00 | sessionN=0 | stall=no
[HB] 2025-09-14 18:01:43 CT OpenTrades=0 | ChooserArm=trend | Gate=no | eps=0.050 | sessionR=0.00 | sessionN=0 | stall=no
[HB] 2025-09-14 18:01:44 CT OpenTrades=0 | ChooserArm=trend | Gate=no | eps=0.050 | sessionR=0.00 | sessionN=0 | stall=no
[HB] 2025-09-14 18:01:45 CT OpenTrades=0 | ChooserArm=trend | Gate=no | eps=0.049 | sessionR=0.00 | sessionN=0 | stall=no
[HB] 2025-09-14 18:01:46 CT OpenTrades=0 | ChooserArm=trend | Gate=no | eps=0.049 | sessionR=0.00 | sessionN=0 | stall=no
[INFO] 2025-09-14 18:01:48 [ARMS] trend: EN n=0, avgR=+0.000, mu=+0.000, ucb=+0.636 | breakout: EN n=0, avgR=+0.000, mu=+0.000, ucb=+0.636 | reversion: EN n=0, avgR=+0.000, mu=+0.000, ucb=+0.636 | vwap: EN n=0, avgR=+0.000, mu=+0.000, ucb=+0.636
[HB] 2025-09-14 18:01:48 CT OpenTrades=0 | ChooserArm=trend | Gate=no | eps=0.049 | sessionR=0.00 | sessionN=0 | stall=no
[REGIME] ADX=17.3  BBbw=0.0001  ATR%=0.000007  (ok=False)
[HB] 2025-09-14 18:01:49 CT OpenTrades=0 | ChooserArm=trend | Gate=no | eps=0.049 | sessionR=0.00 | sessionN=0 | stall=no
[HB] 2025-09-14 18:01:50 CT OpenTrades=0 | ChooserArm=trend | Gate=no | eps=0.049 | sessionR=0.00 | sessionN=0 | stall=no
[HB] 2025-09-14 18:01:51 CT OpenTrades=0 | ChooserArm=trend | Gate=no | eps=0.049 | sessionR=0.00 | sessionN=0 | stall=no
[HB] 2025-09-14 18:01:52 CT OpenTrades=0 | ChooserArm=trend | Gate=no | eps=0.049 | sessionR=0.00 | sessionN=0 | stall=no
[HB] 2025-09-14 18:01:53 CT OpenTrades=0 | ChooserArm=trend | Gate=no | eps=0.049 | sessionR=0.00 | sessionN=0 | stall=no
[HB] 2025-09-14 18:01:54 CT OpenTrades=0 | ChooserArm=breakout | Gate=no | eps=0.049 | sessionR=0.00 | sessionN=0 | stall=no
[HB] 2025-09-14 18:01:55 CT OpenTrades=0 | ChooserArm=trend | Gate=no | eps=0.049 | sessionR=0.00 | sessionN=0 | stall=no
[HB] 2025-09-14 18:01:56 CT OpenTrades=0 | ChooserArm=trend | Gate=no | eps=0.049 | sessionR=0.00 | sessionN=0 | stall=no
[HB] 2025-09-14 18:01:57 CT OpenTrades=0 | ChooserArm=trend | Gate=no | eps=0.049 | sessionR=0.00 | sessionN=0 | stall=no
[HB] 2025-09-14 18:01:58 CT OpenTrades=0 | ChooserArm=trend | Gate=no | eps=0.049 | sessionR=0.00 | sessionN=0 | stall=no
[HB] 2025-09-14 18:02:00 CT OpenTrades=0 | ChooserArm=trend | Gate=no | eps=0.049 | sessionR=0.00 | sessionN=0 | stall=no
[HB] 2025-09-14 18:02:01 CT OpenTrades=0 | ChooserArm=trend | Gate=no | eps=0.049 | sessionR=0.00 | sessionN=0 | stall=no
[HB] 2025-09-14 18:02:02 CT OpenTrades=0 | ChooserArm=trend | Gate=no | eps=0.049 | sessionR=0.00 | sessionN=0 | stall=no
[HB] 2025-09-14 18:02:03 CT OpenTrades=0 | ChooserArm=trend | Gate=no | eps=0.049 | sessionR=0.00 | sessionN=0 | stall=no
[REGIME] ADX=20.9  BBbw=0.0001  ATR%=0.000010  (ok=False)
[HB] 2025-09-14 18:02:04 CT OpenTrades=0 | ChooserArm=trend | Gate=no | eps=0.049 | sessionR=0.00 | sessionN=0 | stall=no
[HB] 2025-09-14 18:02:05 CT OpenTrades=0 | ChooserArm=trend | Gate=no | eps=0.049 | sessionR=0.00 | sessionN=0 | stall=no
[HB] 2025-09-14 18:02:06 CT OpenTrades=0 | ChooserArm=trend | Gate=no | eps=0.049 | sessionR=0.00 | sessionN=0 | stall=no
[HB] 2025-09-14 18:02:07 CT OpenTrades=0 | ChooserArm=trend | Gate=no | eps=0.049 | sessionR=0.00 | sessionN=0 | stall=no
[HB] 2025-09-14 18:02:08 CT OpenTrades=0 | ChooserArm=trend | Gate=no | eps=0.049 | sessionR=0.00 | sessionN=0 | stall=no
[HB] 2025-09-14 18:02:09 CT OpenTrades=0 | ChooserArm=trend | Gate=no | eps=0.049 | sessionR=0.00 | sessionN=0 | stall=no
[HB] 2025-09-14 18:02:10 CT OpenTrades=0 | ChooserArm=trend | Gate=no | eps=0.049 | sessionR=0.00 | sessionN=0 | stall=no
[HB] 2025-09-14 18:02:12 CT OpenTrades=0 | ChooserArm=trend | Gate=no | eps=0.049 | sessionR=0.00 | sessionN=0 | stall=no
[HB] 2025-09-14 18:02:13 CT OpenTrades=0 | ChooserArm=trend | Gate=no | eps=0.049 | sessionR=0.00 | sessionN=0 | stall=no
[HB] 2025-09-14 18:02:14 CT OpenTrades=0 | ChooserArm=trend | Gate=no | eps=0.049 | sessionR=0.00 | sessionN=0 | stall=no
[HB] 2025-09-14 18:02:15 CT OpenTrades=0 | ChooserArm=trend | Gate=no | eps=0.049 | sessionR=0.00 | sessionN=0 | stall=no
[HB] 2025-09-14 18:02:16 CT OpenTrades=0 | ChooserArm=trend | Gate=no | eps=0.049 | sessionR=0.00 | sessionN=0 | stall=no
[HB] 2025-09-14 18:02:17 CT OpenTrades=0 | ChooserArm=trend | Gate=no | eps=0.049 | sessionR=0.00 | sessionN=0 | stall=no
[HB] 2025-09-14 18:02:18 CT OpenTrades=0 | ChooserArm=trend | Gate=no | eps=0.049 | sessionR=0.00 | sessionN=0 | stall=no
[REGIME] ADX=21.4  BBbw=0.0001  ATR%=0.000011  (ok=False)
[HB] 2025-09-14 18:02:19 CT OpenTrades=0 | ChooserArm=trend | Gate=no | eps=0.049 | sessionR=0.00 | sessionN=0 | stall=no
[HB] 2025-09-14 18:02:20 CT OpenTrades=0 | ChooserArm=trend | Gate=no | eps=0.049 | sessionR=0.00 | sessionN=0 | stall=no
[HB] 2025-09-14 18:02:21 CT OpenTrades=0 | ChooserArm=trend | Gate=no | eps=0.049 | sessionR=0.00 | sessionN=0 | stall=no
[HB] 2025-09-14 18:02:23 CT OpenTrades=0 | ChooserArm=trend | Gate=no | eps=0.049 | sessionR=0.00 | sessionN=0 | stall=no
[HB] 2025-09-14 18:02:24 CT OpenTrades=0 | ChooserArm=trend | Gate=no | eps=0.049 | sessionR=0.00 | sessionN=0 | stall=no
[HB] 2025-09-14 18:02:25 CT OpenTrades=0 | ChooserArm=trend | Gate=no | eps=0.049 | sessionR=0.00 | sessionN=0 | stall=no
[HB] 2025-09-14 18:02:26 CT OpenTrades=0 | ChooserArm=trend | Gate=no | eps=0.049 | sessionR=0.00 | sessionN=0 | stall=no
[HB] 2025-09-14 18:02:27 CT OpenTrades=0 | ChooserArm=trend | Gate=no | eps=0.049 | sessionR=0.00 | sessionN=0 | stall=no
[HB] 2025-09-14 18:02:28 CT OpenTrades=0 | ChooserArm=trend | Gate=no | eps=0.049 | sessionR=0.00 | sessionN=0 | stall=no
[HB] 2025-09-14 18:02:29 CT OpenTrades=0 | ChooserArm=trend | Gate=no | eps=0.049 | sessionR=0.00 | sessionN=0 | stall=no
[HB] 2025-09-14 18:02:30 CT OpenTrades=0 | ChooserArm=trend | Gate=no | eps=0.049 | sessionR=0.00 | sessionN=0 | stall=no
[HB] 2025-09-14 18:02:31 CT OpenTrades=0 | ChooserArm=trend | Gate=no | eps=0.049 | sessionR=0.00 | sessionN=0 | stall=no
[HB] 2025-09-14 18:02:32 CT OpenTrades=0 | ChooserArm=trend | Gate=no | eps=0.049 | sessionR=0.00 | sessionN=0 | stall=no
[HB] 2025-09-14 18:02:33 CT OpenTrades=0 | ChooserArm=trend | Gate=no | eps=0.049 | sessionR=0.00 | sessionN=0 | stall=no
[REGIME] ADX=16.7  BBbw=0.0001  ATR%=0.000007  (ok=False)
[HB] 2025-09-14 18:02:35 CT OpenTrades=0 | ChooserArm=trend | Gate=no | eps=0.049 | sessionR=0.00 | sessionN=0 | stall=no
[HB] 2025-09-14 18:02:36 CT OpenTrades=0 | ChooserArm=trend | Gate=no | eps=0.049 | sessionR=0.00 | sessionN=0 | stall=no
[HB] 2025-09-14 18:02:37 CT OpenTrades=0 | ChooserArm=trend | Gate=no | eps=0.049 | sessionR=0.00 | sessionN=0 | stall=no
[HB] 2025-09-14 18:02:38 CT OpenTrades=0 | ChooserArm=trend | Gate=no | eps=0.049 | sessionR=0.00 | sessionN=0 | stall=no
[HB] 2025-09-14 18:02:39 CT OpenTrades=0 | ChooserArm=trend | Gate=no | eps=0.049 | sessionR=0.00 | sessionN=0 | stall=no
[HB] 2025-09-14 18:02:40 CT OpenTrades=0 | ChooserArm=trend | Gate=no | eps=0.049 | sessionR=0.00 | sessionN=0 | stall=no
[HB] 2025-09-14 18:02:41 CT OpenTrades=0 | ChooserArm=trend | Gate=no | eps=0.049 | sessionR=0.00 | sessionN=0 | stall=no
[HB] 2025-09-14 18:02:42 CT OpenTrades=0 | ChooserArm=trend | Gate=no | eps=0.049 | sessionR=0.00 | sessionN=0 | stall=no
[HB] 2025-09-14 18:02:43 CT OpenTrades=0 | ChooserArm=trend | Gate=no | eps=0.049 | sessionR=0.00 | sessionN=0 | stall=no
[HB] 2025-09-14 18:02:44 CT OpenTrades=0 | ChooserArm=breakout | Gate=no | eps=0.049 | sessionR=0.00 | sessionN=0 | stall=no
[HB] 2025-09-14 18:02:46 CT OpenTrades=0 | ChooserArm=trend | Gate=no | eps=0.049 | sessionR=0.00 | sessionN=0 | stall=no
[HB] 2025-09-14 18:02:47 CT OpenTrades=0 | ChooserArm=trend | Gate=no | eps=0.049 | sessionR=0.00 | sessionN=0 | stall=no
[INFO] 2025-09-14 18:02:48 [ARMS] trend: EN n=0, avgR=+0.000, mu=+0.000, ucb=+0.623 | breakout: EN n=0, avgR=+0.000, mu=+0.000, ucb=+0.623 | reversion: EN n=0, avgR=+0.000, mu=+0.000, ucb=+0.623 | vwap: EN n=0, avgR=+0.000, mu=+0.000, ucb=+0.623
[HB] 2025-09-14 18:02:48 CT OpenTrades=0 | ChooserArm=trend | Gate=no | eps=0.049 | sessionR=0.00 | sessionN=0 | stall=no
[HB] 2025-09-14 18:02:49 CT OpenTrades=0 | ChooserArm=trend | Gate=no | eps=0.049 | sessionR=0.00 | sessionN=0 | stall=no
[REGIME] ADX=13.7  BBbw=0.0000  ATR%=0.000005  (ok=False)
[HB] 2025-09-14 18:02:50 CT OpenTrades=0 | ChooserArm=trend | Gate=no | eps=0.049 | sessionR=0.00 | sessionN=0 | stall=no
[HB] 2025-09-14 18:02:51 CT OpenTrades=0 | ChooserArm=trend | Gate=no | eps=0.049 | sessionR=0.00 | sessionN=0 | stall=no
[HB] 2025-09-14 18:02:52 CT OpenTrades=0 | ChooserArm=trend | Gate=no | eps=0.049 | sessionR=0.00 | sessionN=0 | stall=no
[HB] 2025-09-14 18:02:53 CT OpenTrades=0 | ChooserArm=trend | Gate=no | eps=0.049 | sessionR=0.00 | sessionN=0 | stall=no
[HB] 2025-09-14 18:02:54 CT OpenTrades=0 | ChooserArm=trend | Gate=no | eps=0.049 | sessionR=0.00 | sessionN=0 | stall=no
[HB] 2025-09-14 18:02:55 CT OpenTrades=0 | ChooserArm=trend | Gate=no | eps=0.049 | sessionR=0.00 | sessionN=0 | stall=no
[HB] 2025-09-14 18:02:57 CT OpenTrades=0 | ChooserArm=trend | Gate=no | eps=0.049 | sessionR=0.00 | sessionN=0 | stall=no
[HB] 2025-09-14 18:02:58 CT OpenTrades=0 | ChooserArm=vwap | Gate=no | eps=0.049 | sessionR=0.00 | sessionN=0 | stall=no
[HB] 2025-09-14 18:02:59 CT OpenTrades=0 | ChooserArm=trend | Gate=no | eps=0.049 | sessionR=0.00 | sessionN=0 | stall=no
[HB] 2025-09-14 18:03:00 CT OpenTrades=0 | ChooserArm=trend | Gate=no | eps=0.049 | sessionR=0.00 | sessionN=0 | stall=no
[HB] 2025-09-14 18:03:01 CT OpenTrades=0 | ChooserArm=trend | Gate=no | eps=0.049 | sessionR=0.00 | sessionN=0 | stall=no
[HB] 2025-09-14 18:03:02 CT OpenTrades=0 | ChooserArm=trend | Gate=no | eps=0.049 | sessionR=0.00 | sessionN=0 | stall=no
[HB] 2025-09-14 18:03:03 CT OpenTrades=0 | ChooserArm=vwap | Gate=no | eps=0.049 | sessionR=0.00 | sessionN=0 | stall=no
[HB] 2025-09-14 18:03:04 CT OpenTrades=0 | ChooserArm=trend | Gate=no | eps=0.049 | sessionR=0.00 | sessionN=0 | stall=no
[REGIME] ADX=11.7  BBbw=0.0000  ATR%=0.000003  (ok=False)
[HB] 2025-09-14 18:03:05 CT OpenTrades=0 | ChooserArm=trend | Gate=no | eps=0.049 | sessionR=0.00 | sessionN=0 | stall=no
[HB] 2025-09-14 18:03:06 CT OpenTrades=0 | ChooserArm=trend | Gate=no | eps=0.049 | sessionR=0.00 | sessionN=0 | stall=no
[HB] 2025-09-14 18:03:07 CT OpenTrades=0 | ChooserArm=trend | Gate=no | eps=0.049 | sessionR=0.00 | sessionN=0 | stall=no
[HB] 2025-09-14 18:03:09 CT OpenTrades=0 | ChooserArm=reversion | Gate=no | eps=0.049 | sessionR=0.00 | sessionN=0 | stall=no
[HB] 2025-09-14 18:03:10 CT OpenTrades=0 | ChooserArm=trend | Gate=no | eps=0.049 | sessionR=0.00 | sessionN=0 | stall=no
[HB] 2025-09-14 18:03:11 CT OpenTrades=0 | ChooserArm=trend | Gate=no | eps=0.049 | sessionR=0.00 | sessionN=0 | stall=no
[HB] 2025-09-14 18:03:12 CT OpenTrades=0 | ChooserArm=trend | Gate=no | eps=0.049 | sessionR=0.00 | sessionN=0 | stall=no
[HB] 2025-09-14 18:03:13 CT OpenTrades=0 | ChooserArm=trend | Gate=no | eps=0.049 | sessionR=0.00 | sessionN=0 | stall=no
[HB] 2025-09-14 18:03:14 CT OpenTrades=0 | ChooserArm=trend | Gate=no | eps=0.049 | sessionR=0.00 | sessionN=0 | stall=no
[HB] 2025-09-14 18:03:15 CT OpenTrades=0 | ChooserArm=trend | Gate=no | eps=0.049 | sessionR=0.00 | sessionN=0 | stall=no
[HB] 2025-09-14 18:03:16 CT OpenTrades=0 | ChooserArm=trend | Gate=no | eps=0.049 | sessionR=0.00 | sessionN=0 | stall=no
[HB] 2025-09-14 18:03:17 CT OpenTrades=0 | ChooserArm=trend | Gate=no | eps=0.049 | sessionR=0.00 | sessionN=0 | stall=no
[HB] 2025-09-14 18:03:18 CT OpenTrades=0 | ChooserArm=trend | Gate=no | eps=0.049 | sessionR=0.00 | sessionN=0 | stall=no
[HB] 2025-09-14 18:03:20 CT OpenTrades=0 | ChooserArm=trend | Gate=no | eps=0.049 | sessionR=0.00 | sessionN=0 | stall=no
[REGIME] ADX=35.0  BBbw=0.0001  ATR%=0.000009  (ok=False)
[HB] 2025-09-14 18:03:21 CT OpenTrades=0 | ChooserArm=trend | Gate=no | eps=0.049 | sessionR=0.00 | sessionN=0 | stall=no
[HB] 2025-09-14 18:03:22 CT OpenTrades=0 | ChooserArm=trend | Gate=no | eps=0.049 | sessionR=0.00 | sessionN=0 | stall=no
[HB] 2025-09-14 18:03:23 CT OpenTrades=0 | ChooserArm=trend | Gate=no | eps=0.049 | sessionR=0.00 | sessionN=0 | stall=no
[HB] 2025-09-14 18:03:24 CT OpenTrades=0 | ChooserArm=trend | Gate=no | eps=0.049 | sessionR=0.00 | sessionN=0 | stall=no
[HB] 2025-09-14 18:03:25 CT OpenTrades=0 | ChooserArm=trend | Gate=no | eps=0.049 | sessionR=0.00 | sessionN=0 | stall=no
[HB] 2025-09-14 18:03:26 CT OpenTrades=0 | ChooserArm=trend | Gate=no | eps=0.049 | sessionR=0.00 | sessionN=0 | stall=no
[HB] 2025-09-14 18:03:27 CT OpenTrades=0 | ChooserArm=trend | Gate=no | eps=0.049 | sessionR=0.00 | sessionN=0 | stall=no
[HB] 2025-09-14 18:03:28 CT OpenTrades=0 | ChooserArm=trend | Gate=no | eps=0.049 | sessionR=0.00 | sessionN=0 | stall=no
[HB] 2025-09-14 18:03:29 CT OpenTrades=0 | ChooserArm=trend | Gate=no | eps=0.049 | sessionR=0.00 | sessionN=0 | stall=no
[HB] 2025-09-14 18:03:30 CT OpenTrades=0 | ChooserArm=trend | Gate=no | eps=0.049 | sessionR=0.00 | sessionN=0 | stall=no
[HB] 2025-09-14 18:03:32 CT OpenTrades=0 | ChooserArm=trend | Gate=no | eps=0.049 | sessionR=0.00 | sessionN=0 | stall=no
[HB] 2025-09-14 18:03:33 CT OpenTrades=0 | ChooserArm=trend | Gate=no | eps=0.049 | sessionR=0.00 | sessionN=0 | stall=no
[HB] 2025-09-14 18:03:34 CT OpenTrades=0 | ChooserArm=breakout | Gate=no | eps=0.049 | sessionR=0.00 | sessionN=0 | stall=no
[HB] 2025-09-14 18:03:35 CT OpenTrades=0 | ChooserArm=trend | Gate=no | eps=0.049 | sessionR=0.00 | sessionN=0 | stall=no
[REGIME] ADX=50.2  BBbw=0.0001  ATR%=0.000006  (ok=False)
[HB] 2025-09-14 18:03:36 CT OpenTrades=0 | ChooserArm=trend | Gate=no | eps=0.049 | sessionR=0.00 | sessionN=0 | stall=no
[HB] 2025-09-14 18:03:37 CT OpenTrades=0 | ChooserArm=trend | Gate=no | eps=0.049 | sessionR=0.00 | sessionN=0 | stall=no
[HB] 2025-09-14 18:03:38 CT OpenTrades=0 | ChooserArm=trend | Gate=no | eps=0.049 | sessionR=0.00 | sessionN=0 | stall=no
[HB] 2025-09-14 18:03:39 CT OpenTrades=0 | ChooserArm=trend | Gate=no | eps=0.049 | sessionR=0.00 | sessionN=0 | stall=no
[HB] 2025-09-14 18:03:40 CT OpenTrades=0 | ChooserArm=trend | Gate=no | eps=0.049 | sessionR=0.00 | sessionN=0 | stall=no
[HB] 2025-09-14 18:03:41 CT OpenTrades=0 | ChooserArm=trend | Gate=no | eps=0.049 | sessionR=0.00 | sessionN=0 | stall=no
[HB] 2025-09-14 18:03:42 CT OpenTrades=0 | ChooserArm=trend | Gate=no | eps=0.049 | sessionR=0.00 | sessionN=0 | stall=no
[HB] 2025-09-14 18:03:44 CT OpenTrades=0 | ChooserArm=trend | Gate=no | eps=0.049 | sessionR=0.00 | sessionN=0 | stall=no
[HB] 2025-09-14 18:03:45 CT OpenTrades=0 | ChooserArm=vwap | Gate=no | eps=0.049 | sessionR=0.00 | sessionN=0 | stall=no
[HB] 2025-09-14 18:03:46 CT OpenTrades=0 | ChooserArm=trend | Gate=no | eps=0.049 | sessionR=0.00 | sessionN=0 | stall=no
[HB] 2025-09-14 18:03:47 CT OpenTrades=0 | ChooserArm=trend | Gate=no | eps=0.049 | sessionR=0.00 | sessionN=0 | stall=no
[INFO] 2025-09-14 18:03:48 [ARMS] trend: EN n=0, avgR=+0.000, mu=+0.000, ucb=+0.938 | breakout: EN n=0, avgR=+0.000, mu=+0.000, ucb=+0.938 | reversion: EN n=0, avgR=+0.000, mu=+0.000, ucb=+0.938 | vwap: EN n=0, avgR=+0.000, mu=+0.000, ucb=+0.938
[HB] 2025-09-14 18:03:48 CT OpenTrades=0 | ChooserArm=trend | Gate=no | eps=0.049 | sessionR=0.00 | sessionN=0 | stall=no
[HB] 2025-09-14 18:03:49 CT OpenTrades=0 | ChooserArm=trend | Gate=no | eps=0.049 | sessionR=0.00 | sessionN=0 | stall=no
[HB] 2025-09-14 18:03:50 CT OpenTrades=0 | ChooserArm=trend | Gate=no | eps=0.049 | sessionR=0.00 | sessionN=0 | stall=no
[REGIME] ADX=60.1  BBbw=0.0001  ATR%=0.000004  (ok=False)
[HB] 2025-09-14 18:03:51 CT OpenTrades=0 | ChooserArm=trend | Gate=no | eps=0.049 | sessionR=0.00 | sessionN=0 | stall=no
[HB] 2025-09-14 18:03:52 CT OpenTrades=0 | ChooserArm=trend | Gate=no | eps=0.049 | sessionR=0.00 | sessionN=0 | stall=no
[HB] 2025-09-14 18:03:53 CT OpenTrades=0 | ChooserArm=trend | Gate=no | eps=0.049 | sessionR=0.00 | sessionN=0 | stall=no
[HB] 2025-09-14 18:03:54 CT OpenTrades=0 | ChooserArm=trend | Gate=no | eps=0.049 | sessionR=0.00 | sessionN=0 | stall=no
[HB] 2025-09-14 18:03:56 CT OpenTrades=0 | ChooserArm=trend | Gate=no | eps=0.049 | sessionR=0.00 | sessionN=0 | stall=no
[HB] 2025-09-14 18:03:57 CT OpenTrades=0 | ChooserArm=trend | Gate=no | eps=0.049 | sessionR=0.00 | sessionN=0 | stall=no
[HB] 2025-09-14 18:03:58 CT OpenTrades=0 | ChooserArm=trend | Gate=no | eps=0.049 | sessionR=0.00 | sessionN=0 | stall=no
[HB] 2025-09-14 18:03:59 CT OpenTrades=0 | ChooserArm=trend | Gate=no | eps=0.049 | sessionR=0.00 | sessionN=0 | stall=no
[HB] 2025-09-14 18:04:00 CT OpenTrades=0 | ChooserArm=trend | Gate=no | eps=0.049 | sessionR=0.00 | sessionN=0 | stall=no
[HB] 2025-09-14 18:04:01 CT OpenTrades=0 | ChooserArm=trend | Gate=no | eps=0.049 | sessionR=0.00 | sessionN=0 | stall=no
[HB] 2025-09-14 18:04:02 CT OpenTrades=0 | ChooserArm=trend | Gate=no | eps=0.049 | sessionR=0.00 | sessionN=0 | stall=no
[HB] 2025-09-14 18:04:03 CT OpenTrades=0 | ChooserArm=trend | Gate=no | eps=0.049 | sessionR=0.00 | sessionN=0 | stall=no
[HB] 2025-09-14 18:04:04 CT OpenTrades=0 | ChooserArm=trend | Gate=no | eps=0.049 | sessionR=0.00 | sessionN=0 | stall=no
[HB] 2025-09-14 18:04:05 CT OpenTrades=0 | ChooserArm=trend | Gate=no | eps=0.049 | sessionR=0.00 | sessionN=0 | stall=no
[REGIME] ADX=66.5  BBbw=0.0001  ATR%=0.000003  (ok=False)
[HB] 2025-09-14 18:04:06 CT OpenTrades=0 | ChooserArm=trend | Gate=no | eps=0.049 | sessionR=0.00 | sessionN=0 | stall=no
[HB] 2025-09-14 18:04:08 CT OpenTrades=0 | ChooserArm=trend | Gate=no | eps=0.049 | sessionR=0.00 | sessionN=0 | stall=no
[HB] 2025-09-14 18:04:09 CT OpenTrades=0 | ChooserArm=trend | Gate=no | eps=0.049 | sessionR=0.00 | sessionN=0 | stall=no
[HB] 2025-09-14 18:04:10 CT OpenTrades=0 | ChooserArm=trend | Gate=no | eps=0.049 | sessionR=0.00 | sessionN=0 | stall=no
[HB] 2025-09-14 18:04:11 CT OpenTrades=0 | ChooserArm=trend | Gate=no | eps=0.049 | sessionR=0.00 | sessionN=0 | stall=no
[HB] 2025-09-14 18:04:12 CT OpenTrades=0 | ChooserArm=trend | Gate=no | eps=0.049 | sessionR=0.00 | sessionN=0 | stall=no
[HB] 2025-09-14 18:04:13 CT OpenTrades=0 | ChooserArm=trend | Gate=no | eps=0.049 | sessionR=0.00 | sessionN=0 | stall=no
[HB] 2025-09-14 18:04:14 CT OpenTrades=0 | ChooserArm=trend | Gate=no | eps=0.049 | sessionR=0.00 | sessionN=0 | stall=no
[HB] 2025-09-14 18:04:15 CT OpenTrades=0 | ChooserArm=reversion | Gate=no | eps=0.049 | sessionR=0.00 | sessionN=0 | stall=no
[HB] 2025-09-14 18:04:16 CT OpenTrades=0 | ChooserArm=trend | Gate=no | eps=0.049 | sessionR=0.00 | sessionN=0 | stall=no
[HB] 2025-09-14 18:04:17 CT OpenTrades=0 | ChooserArm=trend | Gate=no | eps=0.049 | sessionR=0.00 | sessionN=0 | stall=no
[HB] 2025-09-14 18:04:18 CT OpenTrades=0 | ChooserArm=trend | Gate=no | eps=0.049 | sessionR=0.00 | sessionN=0 | stall=no
[HB] 2025-09-14 18:04:20 CT OpenTrades=0 | ChooserArm=trend | Gate=no | eps=0.049 | sessionR=0.00 | sessionN=0 | stall=no
[HB] 2025-09-14 18:04:21 CT OpenTrades=0 | ChooserArm=trend | Gate=no | eps=0.049 | sessionR=0.00 | sessionN=0 | stall=no
[REGIME] ADX=57.0  BBbw=0.0001  ATR%=0.000005  (ok=False)
[HB] 2025-09-14 18:04:22 CT OpenTrades=0 | ChooserArm=trend | Gate=no | eps=0.049 | sessionR=0.00 | sessionN=0 | stall=no
[HB] 2025-09-14 18:04:23 CT OpenTrades=0 | ChooserArm=trend | Gate=no | eps=0.049 | sessionR=0.00 | sessionN=0 | stall=no
[HB] 2025-09-14 18:04:24 CT OpenTrades=0 | ChooserArm=trend | Gate=no | eps=0.049 | sessionR=0.00 | sessionN=0 | stall=no
[HB] 2025-09-14 18:04:25 CT OpenTrades=0 | ChooserArm=trend | Gate=no | eps=0.049 | sessionR=0.00 | sessionN=0 | stall=no
[HB] 2025-09-14 18:04:26 CT OpenTrades=0 | ChooserArm=trend | Gate=no | eps=0.049 | sessionR=0.00 | sessionN=0 | stall=no
[HB] 2025-09-14 18:04:27 CT OpenTrades=0 | ChooserArm=trend | Gate=no | eps=0.049 | sessionR=0.00 | sessionN=0 | stall=no
[HB] 2025-09-14 18:04:28 CT OpenTrades=0 | ChooserArm=trend | Gate=no | eps=0.049 | sessionR=0.00 | sessionN=0 | stall=no
[HB] 2025-09-14 18:04:29 CT OpenTrades=0 | ChooserArm=trend | Gate=no | eps=0.049 | sessionR=0.00 | sessionN=0 | stall=no
[HB] 2025-09-14 18:04:30 CT OpenTrades=0 | ChooserArm=trend | Gate=no | eps=0.049 | sessionR=0.00 | sessionN=0 | stall=no
[HB] 2025-09-14 18:04:32 CT OpenTrades=0 | ChooserArm=trend | Gate=no | eps=0.049 | sessionR=0.00 | sessionN=0 | stall=no
[HB] 2025-09-14 18:04:33 CT OpenTrades=0 | ChooserArm=trend | Gate=no | eps=0.049 | sessionR=0.00 | sessionN=0 | stall=no
[HB] 2025-09-14 18:04:34 CT OpenTrades=0 | ChooserArm=trend | Gate=no | eps=0.049 | sessionR=0.00 | sessionN=0 | stall=no
[HB] 2025-09-14 18:04:35 CT OpenTrades=0 | ChooserArm=trend | Gate=no | eps=0.049 | sessionR=0.00 | sessionN=0 | stall=no
[HB] 2025-09-14 18:04:36 CT OpenTrades=0 | ChooserArm=vwap | Gate=no | eps=0.049 | sessionR=0.00 | sessionN=0 | stall=no
[REGIME] ADX=52.7  BBbw=0.0000  ATR%=0.000003  (ok=False)
[HB] 2025-09-14 18:04:37 CT OpenTrades=0 | ChooserArm=trend | Gate=no | eps=0.049 | sessionR=0.00 | sessionN=0 | stall=no
[HB] 2025-09-14 18:04:38 CT OpenTrades=0 | ChooserArm=trend | Gate=no | eps=0.049 | sessionR=0.00 | sessionN=0 | stall=no
[HB] 2025-09-14 18:04:39 CT OpenTrades=0 | ChooserArm=trend | Gate=no | eps=0.049 | sessionR=0.00 | sessionN=0 | stall=no
[HB] 2025-09-14 18:04:40 CT OpenTrades=0 | ChooserArm=trend | Gate=no | eps=0.049 | sessionR=0.00 | sessionN=0 | stall=no
[HB] 2025-09-14 18:04:41 CT OpenTrades=0 | ChooserArm=trend | Gate=no | eps=0.049 | sessionR=0.00 | sessionN=0 | stall=no
[HB] 2025-09-14 18:04:43 CT OpenTrades=0 | ChooserArm=trend | Gate=no | eps=0.049 | sessionR=0.00 | sessionN=0 | stall=no
[HB] 2025-09-14 18:04:44 CT OpenTrades=0 | ChooserArm=trend | Gate=no | eps=0.049 | sessionR=0.00 | sessionN=0 | stall=no
[HB] 2025-09-14 18:04:45 CT OpenTrades=0 | ChooserArm=trend | Gate=no | eps=0.049 | sessionR=0.00 | sessionN=0 | stall=no
[HB] 2025-09-14 18:04:46 CT OpenTrades=0 | ChooserArm=trend | Gate=no | eps=0.049 | sessionR=0.00 | sessionN=0 | stall=no
[HB] 2025-09-14 18:04:47 CT OpenTrades=0 | ChooserArm=trend | Gate=no | eps=0.049 | sessionR=0.00 | sessionN=0 | stall=no
[INFO] 2025-09-14 18:04:48 [ARMS] trend: EN n=0, avgR=+0.000, mu=+0.000, ucb=+0.855 | breakout: EN n=0, avgR=+0.000, mu=+0.000, ucb=+0.855 | reversion: EN n=0, avgR=+0.000, mu=+0.000, ucb=+0.855 | vwap: EN n=0, avgR=+0.000, mu=+0.000, ucb=+0.855
[HB] 2025-09-14 18:04:48 CT OpenTrades=0 | ChooserArm=trend | Gate=no | eps=0.049 | sessionR=0.00 | sessionN=0 | stall=no
[HB] 2025-09-14 18:04:49 CT OpenTrades=0 | ChooserArm=trend | Gate=no | eps=0.049 | sessionR=0.00 | sessionN=0 | stall=no
[HB] 2025-09-14 18:04:50 CT OpenTrades=0 | ChooserArm=trend | Gate=no | eps=0.049 | sessionR=0.00 | sessionN=0 | stall=no
[HB] 2025-09-14 18:04:51 CT OpenTrades=0 | ChooserArm=trend | Gate=no | eps=0.049 | sessionR=0.00 | sessionN=0 | stall=no
[REGIME] ADX=49.9  BBbw=0.0000  ATR%=0.000002  (ok=False)
[HB] 2025-09-14 18:04:52 CT OpenTrades=0 | ChooserArm=trend | Gate=no | eps=0.049 | sessionR=0.00 | sessionN=0 | stall=no
[HB] 2025-09-14 18:04:54 CT OpenTrades=0 | ChooserArm=trend | Gate=no | eps=0.049 | sessionR=0.00 | sessionN=0 | stall=no
[HB] 2025-09-14 18:04:55 CT OpenTrades=0 | ChooserArm=trend | Gate=no | eps=0.049 | sessionR=0.00 | sessionN=0 | stall=no
[HB] 2025-09-14 18:04:56 CT OpenTrades=0 | ChooserArm=trend | Gate=no | eps=0.049 | sessionR=0.00 | sessionN=0 | stall=no
[HB] 2025-09-14 18:04:57 CT OpenTrades=0 | ChooserArm=trend | Gate=no | eps=0.049 | sessionR=0.00 | sessionN=0 | stall=no
[HB] 2025-09-14 18:04:58 CT OpenTrades=0 | ChooserArm=trend | Gate=no | eps=0.049 | sessionR=0.00 | sessionN=0 | stall=no
[HB] 2025-09-14 18:04:59 CT OpenTrades=0 | ChooserArm=trend | Gate=no | eps=0.049 | sessionR=0.00 | sessionN=0 | stall=no
[HB] 2025-09-14 18:05:00 CT OpenTrades=0 | ChooserArm=trend | Gate=no | eps=0.049 | sessionR=0.00 | sessionN=0 | stall=no
[HB] 2025-09-14 18:05:01 CT OpenTrades=0 | ChooserArm=trend | Gate=no | eps=0.049 | sessionR=0.00 | sessionN=0 | stall=no
[HB] 2025-09-14 18:05:02 CT OpenTrades=0 | ChooserArm=trend | Gate=no | eps=0.049 | sessionR=0.00 | sessionN=0 | stall=no
[HB] 2025-09-14 18:05:03 CT OpenTrades=0 | ChooserArm=trend | Gate=no | eps=0.049 | sessionR=0.00 | sessionN=0 | stall=no
[HB] 2025-09-14 18:05:04 CT OpenTrades=0 | ChooserArm=trend | Gate=no | eps=0.049 | sessionR=0.00 | sessionN=0 | stall=no
[HB] 2025-09-14 18:05:06 CT OpenTrades=0 | ChooserArm=trend | Gate=no | eps=0.049 | sessionR=0.00 | sessionN=0 | stall=no
[HB] 2025-09-14 18:05:07 CT OpenTrades=0 | ChooserArm=trend | Gate=no | eps=0.049 | sessionR=0.00 | sessionN=0 | stall=no
[REGIME] ADX=48.1  BBbw=0.0000  ATR%=0.000001  (ok=False)
[HB] 2025-09-14 18:05:08 CT OpenTrades=0 | ChooserArm=trend | Gate=no | eps=0.049 | sessionR=0.00 | sessionN=0 | stall=no
[HB] 2025-09-14 18:05:09 CT OpenTrades=0 | ChooserArm=trend | Gate=no | eps=0.049 | sessionR=0.00 | sessionN=0 | stall=no
[HB] 2025-09-14 18:05:10 CT OpenTrades=0 | ChooserArm=trend | Gate=no | eps=0.049 | sessionR=0.00 | sessionN=0 | stall=no
[HB] 2025-09-14 18:05:11 CT OpenTrades=0 | ChooserArm=trend | Gate=no | eps=0.049 | sessionR=0.00 | sessionN=0 | stall=no
[HB] 2025-09-14 18:05:12 CT OpenTrades=0 | ChooserArm=trend | Gate=no | eps=0.049 | sessionR=0.00 | sessionN=0 | stall=no
[HB] 2025-09-14 18:05:13 CT OpenTrades=0 | ChooserArm=trend | Gate=no | eps=0.049 | sessionR=0.00 | sessionN=0 | stall=no
[HB] 2025-09-14 18:05:14 CT OpenTrades=0 | ChooserArm=trend | Gate=no | eps=0.049 | sessionR=0.00 | sessionN=0 | stall=no
[HB] 2025-09-14 18:05:15 CT OpenTrades=0 | ChooserArm=trend | Gate=no | eps=0.049 | sessionR=0.00 | sessionN=0 | stall=no
[HB] 2025-09-14 18:05:16 CT OpenTrades=0 | ChooserArm=trend | Gate=no | eps=0.049 | sessionR=0.00 | sessionN=0 | stall=no
[HB] 2025-09-14 18:05:17 CT OpenTrades=0 | ChooserArm=trend | Gate=no | eps=0.049 | sessionR=0.00 | sessionN=0 | stall=no
[HB] 2025-09-14 18:05:19 CT OpenTrades=0 | ChooserArm=trend | Gate=no | eps=0.049 | sessionR=0.00 | sessionN=0 | stall=no
[HB] 2025-09-14 18:05:20 CT OpenTrades=0 | ChooserArm=trend | Gate=no | eps=0.049 | sessionR=0.00 | sessionN=0 | stall=no
[HB] 2025-09-14 18:05:21 CT OpenTrades=0 | ChooserArm=trend | Gate=no | eps=0.049 | sessionR=0.00 | sessionN=0 | stall=no
[HB] 2025-09-14 18:05:22 CT OpenTrades=0 | ChooserArm=trend | Gate=no | eps=0.049 | sessionR=0.00 | sessionN=0 | stall=no
[REGIME] ADX=46.9  BBbw=0.0000  ATR%=0.000001  (ok=False)
[HB] 2025-09-14 18:05:23 CT OpenTrades=0 | ChooserArm=trend | Gate=no | eps=0.049 | sessionR=0.00 | sessionN=0 | stall=no
[HB] 2025-09-14 18:05:24 CT OpenTrades=0 | ChooserArm=trend | Gate=no | eps=0.049 | sessionR=0.00 | sessionN=0 | stall=no
[HB] 2025-09-14 18:05:25 CT OpenTrades=0 | ChooserArm=trend | Gate=no | eps=0.049 | sessionR=0.00 | sessionN=0 | stall=no
[HB] 2025-09-14 18:05:26 CT OpenTrades=0 | ChooserArm=trend | Gate=no | eps=0.049 | sessionR=0.00 | sessionN=0 | stall=no
[HB] 2025-09-14 18:05:27 CT OpenTrades=0 | ChooserArm=trend | Gate=no | eps=0.049 | sessionR=0.00 | sessionN=0 | stall=no
[HB] 2025-09-14 18:05:28 CT OpenTrades=0 | ChooserArm=trend | Gate=no | eps=0.049 | sessionR=0.00 | sessionN=0 | stall=no
[HB] 2025-09-14 18:05:29 CT OpenTrades=0 | ChooserArm=trend | Gate=no | eps=0.049 | sessionR=0.00 | sessionN=0 | stall=no
[HB] 2025-09-14 18:05:31 CT OpenTrades=0 | ChooserArm=trend | Gate=no | eps=0.049 | sessionR=0.00 | sessionN=0 | stall=no
[HB] 2025-09-14 18:05:32 CT OpenTrades=0 | ChooserArm=trend | Gate=no | eps=0.049 | sessionR=0.00 | sessionN=0 | stall=no
[HB] 2025-09-14 18:05:33 CT OpenTrades=0 | ChooserArm=trend | Gate=no | eps=0.049 | sessionR=0.00 | sessionN=0 | stall=no
[HB] 2025-09-14 18:05:34 CT OpenTrades=0 | ChooserArm=trend | Gate=no | eps=0.049 | sessionR=0.00 | sessionN=0 | stall=no
[HB] 2025-09-14 18:05:35 CT OpenTrades=0 | ChooserArm=trend | Gate=no | eps=0.049 | sessionR=0.00 | sessionN=0 | stall=no
[HB] 2025-09-14 18:05:36 CT OpenTrades=0 | ChooserArm=trend | Gate=no | eps=0.049 | sessionR=0.00 | sessionN=0 | stall=no
[HB] 2025-09-14 18:05:37 CT OpenTrades=0 | ChooserArm=trend | Gate=no | eps=0.049 | sessionR=0.00 | sessionN=0 | stall=no
[REGIME] ADX=58.4  BBbw=0.0000  ATR%=0.000005  (ok=False)
[HB] 2025-09-14 18:05:38 CT OpenTrades=0 | ChooserArm=trend | Gate=no | eps=0.049 | sessionR=0.00 | sessionN=0 | stall=no
[HB] 2025-09-14 18:05:39 CT OpenTrades=0 | ChooserArm=trend | Gate=no | eps=0.049 | sessionR=0.00 | sessionN=0 | stall=no
[HB] 2025-09-14 18:05:40 CT OpenTrades=0 | ChooserArm=trend | Gate=no | eps=0.049 | sessionR=0.00 | sessionN=0 | stall=no
[HB] 2025-09-14 18:05:41 CT OpenTrades=0 | ChooserArm=trend | Gate=no | eps=0.049 | sessionR=0.00 | sessionN=0 | stall=no
[HB] 2025-09-14 18:05:43 CT OpenTrades=0 | ChooserArm=trend | Gate=no | eps=0.049 | sessionR=0.00 | sessionN=0 | stall=no
[HB] 2025-09-14 18:05:44 CT OpenTrades=0 | ChooserArm=trend | Gate=no | eps=0.049 | sessionR=0.00 | sessionN=0 | stall=no
[HB] 2025-09-14 18:05:45 CT OpenTrades=0 | ChooserArm=trend | Gate=no | eps=0.049 | sessionR=0.00 | sessionN=0 | stall=no
[HB] 2025-09-14 18:05:46 CT OpenTrades=0 | ChooserArm=trend | Gate=no | eps=0.048 | sessionR=0.00 | sessionN=0 | stall=no
[HB] 2025-09-14 18:05:47 CT OpenTrades=0 | ChooserArm=vwap | Gate=no | eps=0.048 | sessionR=0.00 | sessionN=0 | stall=no
[INFO] 2025-09-14 18:05:48 [ARMS] trend: EN n=0, avgR=+0.000, mu=+0.000, ucb=+1.005 | breakout: EN n=0, avgR=+0.000, mu=+0.000, ucb=+1.005 | reversion: EN n=0, avgR=+0.000, mu=+0.000, ucb=+1.005 | vwap: EN n=0, avgR=+0.000, mu=+0.000, ucb=+1.005
[HB] 2025-09-14 18:05:48 CT OpenTrades=0 | ChooserArm=trend | Gate=no | eps=0.048 | sessionR=0.00 | sessionN=0 | stall=no
[HB] 2025-09-14 18:05:49 CT OpenTrades=0 | ChooserArm=trend | Gate=no | eps=0.048 | sessionR=0.00 | sessionN=0 | stall=no
[HB] 2025-09-14 18:05:50 CT OpenTrades=0 | ChooserArm=trend | Gate=no | eps=0.048 | sessionR=0.00 | sessionN=0 | stall=no
[HB] 2025-09-14 18:05:51 CT OpenTrades=0 | ChooserArm=trend | Gate=no | eps=0.048 | sessionR=0.00 | sessionN=0 | stall=no
[HB] 2025-09-14 18:05:52 CT OpenTrades=0 | ChooserArm=trend | Gate=no | eps=0.048 | sessionR=0.00 | sessionN=0 | stall=no
[REGIME] ADX=70.7  BBbw=0.0001  ATR%=0.000003  (ok=False)
[HB] 2025-09-14 18:05:54 CT OpenTrades=0 | ChooserArm=trend | Gate=no | eps=0.048 | sessionR=0.00 | sessionN=0 | stall=no
[HB] 2025-09-14 18:05:55 CT OpenTrades=0 | ChooserArm=reversion | Gate=no | eps=0.048 | sessionR=0.00 | sessionN=0 | stall=no
[HB] 2025-09-14 18:05:56 CT OpenTrades=0 | ChooserArm=trend | Gate=no | eps=0.048 | sessionR=0.00 | sessionN=0 | stall=no
[HB] 2025-09-14 18:05:57 CT OpenTrades=0 | ChooserArm=trend | Gate=no | eps=0.048 | sessionR=0.00 | sessionN=0 | stall=no
[HB] 2025-09-14 18:05:58 CT OpenTrades=0 | ChooserArm=trend | Gate=no | eps=0.048 | sessionR=0.00 | sessionN=0 | stall=no
[HB] 2025-09-14 18:05:59 CT OpenTrades=0 | ChooserArm=trend | Gate=no | eps=0.048 | sessionR=0.00 | sessionN=0 | stall=no
[HB] 2025-09-14 18:06:00 CT OpenTrades=0 | ChooserArm=trend | Gate=no | eps=0.048 | sessionR=0.00 | sessionN=0 | stall=no
[HB] 2025-09-14 18:06:01 CT OpenTrades=0 | ChooserArm=trend | Gate=no | eps=0.048 | sessionR=0.00 | sessionN=0 | stall=no
[HB] 2025-09-14 18:06:02 CT OpenTrades=0 | ChooserArm=trend | Gate=no | eps=0.048 | sessionR=0.00 | sessionN=0 | stall=no
[HB] 2025-09-14 18:06:03 CT OpenTrades=0 | ChooserArm=trend | Gate=no | eps=0.048 | sessionR=0.00 | sessionN=0 | stall=no
[HB] 2025-09-14 18:06:04 CT OpenTrades=0 | ChooserArm=trend | Gate=no | eps=0.048 | sessionR=0.00 | sessionN=0 | stall=no
[HB] 2025-09-14 18:06:06 CT OpenTrades=0 | ChooserArm=trend | Gate=no | eps=0.048 | sessionR=0.00 | sessionN=0 | stall=no
[HB] 2025-09-14 18:06:07 CT OpenTrades=0 | ChooserArm=trend | Gate=no | eps=0.048 | sessionR=0.00 | sessionN=0 | stall=no
[HB] 2025-09-14 18:06:08 CT OpenTrades=0 | ChooserArm=trend | Gate=no | eps=0.048 | sessionR=0.00 | sessionN=0 | stall=no
[REGIME] ADX=78.8  BBbw=0.0001  ATR%=0.000002  (ok=False)
[HB] 2025-09-14 18:06:09 CT OpenTrades=0 | ChooserArm=trend | Gate=no | eps=0.048 | sessionR=0.00 | sessionN=0 | stall=no
[HB] 2025-09-14 18:06:10 CT OpenTrades=0 | ChooserArm=trend | Gate=no | eps=0.048 | sessionR=0.00 | sessionN=0 | stall=no
[HB] 2025-09-14 18:06:11 CT OpenTrades=0 | ChooserArm=trend | Gate=no | eps=0.048 | sessionR=0.00 | sessionN=0 | stall=no
[HB] 2025-09-14 18:06:12 CT OpenTrades=0 | ChooserArm=trend | Gate=no | eps=0.048 | sessionR=0.00 | sessionN=0 | stall=no
[HB] 2025-09-14 18:06:13 CT OpenTrades=0 | ChooserArm=trend | Gate=no | eps=0.048 | sessionR=0.00 | sessionN=0 | stall=no
[HB] 2025-09-14 18:06:14 CT OpenTrades=0 | ChooserArm=trend | Gate=no | eps=0.048 | sessionR=0.00 | sessionN=0 | stall=no
[HB] 2025-09-14 18:06:15 CT OpenTrades=0 | ChooserArm=trend | Gate=no | eps=0.048 | sessionR=0.00 | sessionN=0 | stall=no
[HB] 2025-09-14 18:06:16 CT OpenTrades=0 | ChooserArm=trend | Gate=no | eps=0.048 | sessionR=0.00 | sessionN=0 | stall=no
[HB] 2025-09-14 18:06:18 CT OpenTrades=0 | ChooserArm=trend | Gate=no | eps=0.048 | sessionR=0.00 | sessionN=0 | stall=no
[HB] 2025-09-14 18:06:19 CT OpenTrades=0 | ChooserArm=trend | Gate=no | eps=0.048 | sessionR=0.00 | sessionN=0 | stall=no
[HB] 2025-09-14 18:06:20 CT OpenTrades=0 | ChooserArm=trend | Gate=no | eps=0.048 | sessionR=0.00 | sessionN=0 | stall=no
[HB] 2025-09-14 18:06:21 CT OpenTrades=0 | ChooserArm=trend | Gate=no | eps=0.048 | sessionR=0.00 | sessionN=0 | stall=no
[HB] 2025-09-14 18:06:22 CT OpenTrades=0 | ChooserArm=trend | Gate=no | eps=0.048 | sessionR=0.00 | sessionN=0 | stall=no
[HB] 2025-09-14 18:06:23 CT OpenTrades=0 | ChooserArm=trend | Gate=no | eps=0.048 | sessionR=0.00 | sessionN=0 | stall=no
[REGIME] ADX=74.1  BBbw=0.0001  ATR%=0.000006  (ok=False)
[HB] 2025-09-14 18:06:24 CT OpenTrades=0 | ChooserArm=trend | Gate=no | eps=0.048 | sessionR=0.00 | sessionN=0 | stall=no
[HB] 2025-09-14 18:06:25 CT OpenTrades=0 | ChooserArm=trend | Gate=no | eps=0.048 | sessionR=0.00 | sessionN=0 | stall=no
[HB] 2025-09-14 18:06:26 CT OpenTrades=0 | ChooserArm=trend | Gate=no | eps=0.048 | sessionR=0.00 | sessionN=0 | stall=no
[HB] 2025-09-14 18:06:27 CT OpenTrades=0 | ChooserArm=trend | Gate=no | eps=0.048 | sessionR=0.00 | sessionN=0 | stall=no
[HB] 2025-09-14 18:06:29 CT OpenTrades=0 | ChooserArm=trend | Gate=no | eps=0.048 | sessionR=0.00 | sessionN=0 | stall=no
[HB] 2025-09-14 18:06:30 CT OpenTrades=0 | ChooserArm=trend | Gate=no | eps=0.048 | sessionR=0.00 | sessionN=0 | stall=no
[HB] 2025-09-14 18:06:31 CT OpenTrades=0 | ChooserArm=trend | Gate=no | eps=0.048 | sessionR=0.00 | sessionN=0 | stall=no
[HB] 2025-09-14 18:06:32 CT OpenTrades=0 | ChooserArm=trend | Gate=no | eps=0.048 | sessionR=0.00 | sessionN=0 | stall=no
[HB] 2025-09-14 18:06:33 CT OpenTrades=0 | ChooserArm=trend | Gate=no | eps=0.048 | sessionR=0.00 | sessionN=0 | stall=no
[HB] 2025-09-14 18:06:34 CT OpenTrades=0 | ChooserArm=trend | Gate=no | eps=0.048 | sessionR=0.00 | sessionN=0 | stall=no
[HB] 2025-09-14 18:06:35 CT OpenTrades=0 | ChooserArm=trend | Gate=no | eps=0.048 | sessionR=0.00 | sessionN=0 | stall=no
[HB] 2025-09-14 18:06:36 CT OpenTrades=0 | ChooserArm=trend | Gate=no | eps=0.048 | sessionR=0.00 | sessionN=0 | stall=no
[HB] 2025-09-14 18:06:37 CT OpenTrades=0 | ChooserArm=trend | Gate=no | eps=0.048 | sessionR=0.00 | sessionN=0 | stall=no
[HB] 2025-09-14 18:06:38 CT OpenTrades=0 | ChooserArm=trend | Gate=no | eps=0.048 | sessionR=0.00 | sessionN=0 | stall=no
[REGIME] ADX=67.1  BBbw=0.0001  ATR%=0.000004  (ok=False)
[HB] 2025-09-14 18:06:39 CT OpenTrades=0 | ChooserArm=trend | Gate=no | eps=0.048 | sessionR=0.00 | sessionN=0 | stall=no
[HB] 2025-09-14 18:06:40 CT OpenTrades=0 | ChooserArm=reversion | Gate=no | eps=0.048 | sessionR=0.00 | sessionN=0 | stall=no
[HB] 2025-09-14 18:06:41 CT OpenTrades=0 | ChooserArm=trend | Gate=no | eps=0.048 | sessionR=0.00 | sessionN=0 | stall=no
[HB] 2025-09-14 18:06:43 CT OpenTrades=0 | ChooserArm=trend | Gate=no | eps=0.048 | sessionR=0.00 | sessionN=0 | stall=no
[HB] 2025-09-14 18:06:44 CT OpenTrades=0 | ChooserArm=trend | Gate=no | eps=0.048 | sessionR=0.00 | sessionN=0 | stall=no
[HB] 2025-09-14 18:06:45 CT OpenTrades=0 | ChooserArm=trend | Gate=no | eps=0.048 | sessionR=0.00 | sessionN=0 | stall=no
[HB] 2025-09-14 18:06:46 CT OpenTrades=0 | ChooserArm=trend | Gate=no | eps=0.048 | sessionR=0.00 | sessionN=0 | stall=no
[HB] 2025-09-14 18:06:47 CT OpenTrades=0 | ChooserArm=trend | Gate=no | eps=0.048 | sessionR=0.00 | sessionN=0 | stall=no
[HB] 2025-09-14 18:06:48 CT OpenTrades=0 | ChooserArm=trend | Gate=no | eps=0.048 | sessionR=0.00 | sessionN=0 | stall=no
[INFO] 2025-09-14 18:06:49 [ARMS] trend: EN n=0, avgR=+0.000, mu=+0.000, ucb=+0.973 | breakout: EN n=0, avgR=+0.000, mu=+0.000, ucb=+0.973 | reversion: EN n=0, avgR=+0.000, mu=+0.000, ucb=+0.973 | vwap: EN n=0, avgR=+0.000, mu=+0.000, ucb=+0.973
[HB] 2025-09-14 18:06:49 CT OpenTrades=0 | ChooserArm=trend | Gate=no | eps=0.048 | sessionR=0.00 | sessionN=0 | stall=no
[HB] 2025-09-14 18:06:50 CT OpenTrades=0 | ChooserArm=trend | Gate=no | eps=0.048 | sessionR=0.00 | sessionN=0 | stall=no
[HB] 2025-09-14 18:06:51 CT OpenTrades=0 | ChooserArm=trend | Gate=no | eps=0.048 | sessionR=0.00 | sessionN=0 | stall=no
[HB] 2025-09-14 18:06:52 CT OpenTrades=0 | ChooserArm=trend | Gate=no | eps=0.048 | sessionR=0.00 | sessionN=0 | stall=no
[HB] 2025-09-14 18:06:53 CT OpenTrades=0 | ChooserArm=trend | Gate=no | eps=0.048 | sessionR=0.00 | sessionN=0 | stall=no
[REGIME] ADX=62.5  BBbw=0.0001  ATR%=0.000002  (ok=False)
[HB] 2025-09-14 18:06:55 CT OpenTrades=0 | ChooserArm=trend | Gate=no | eps=0.048 | sessionR=0.00 | sessionN=0 | stall=no
[HB] 2025-09-14 18:06:56 CT OpenTrades=0 | ChooserArm=trend | Gate=no | eps=0.048 | sessionR=0.00 | sessionN=0 | stall=no
[HB] 2025-09-14 18:06:57 CT OpenTrades=0 | ChooserArm=trend | Gate=no | eps=0.048 | sessionR=0.00 | sessionN=0 | stall=no
[HB] 2025-09-14 18:06:58 CT OpenTrades=0 | ChooserArm=trend | Gate=no | eps=0.048 | sessionR=0.00 | sessionN=0 | stall=no
[HB] 2025-09-14 18:06:59 CT OpenTrades=0 | ChooserArm=trend | Gate=no | eps=0.048 | sessionR=0.00 | sessionN=0 | stall=no
[HB] 2025-09-14 18:07:00 CT OpenTrades=0 | ChooserArm=trend | Gate=no | eps=0.048 | sessionR=0.00 | sessionN=0 | stall=no
[HB] 2025-09-14 18:07:01 CT OpenTrades=0 | ChooserArm=trend | Gate=no | eps=0.048 | sessionR=0.00 | sessionN=0 | stall=no
[HB] 2025-09-14 18:07:02 CT OpenTrades=0 | ChooserArm=trend | Gate=no | eps=0.048 | sessionR=0.00 | sessionN=0 | stall=no
[HB] 2025-09-14 18:07:03 CT OpenTrades=0 | ChooserArm=trend | Gate=no | eps=0.048 | sessionR=0.00 | sessionN=0 | stall=no
[HB] 2025-09-14 18:07:04 CT OpenTrades=0 | ChooserArm=trend | Gate=no | eps=0.048 | sessionR=0.00 | sessionN=0 | stall=no
[HB] 2025-09-14 18:07:05 CT OpenTrades=0 | ChooserArm=trend | Gate=no | eps=0.048 | sessionR=0.00 | sessionN=0 | stall=no
[HB] 2025-09-14 18:07:07 CT OpenTrades=0 | ChooserArm=trend | Gate=no | eps=0.048 | sessionR=0.00 | sessionN=0 | stall=no
[HB] 2025-09-14 18:07:08 CT OpenTrades=0 | ChooserArm=trend | Gate=no | eps=0.048 | sessionR=0.00 | sessionN=0 | stall=no
[HB] 2025-09-14 18:07:09 CT OpenTrades=0 | ChooserArm=trend | Gate=no | eps=0.048 | sessionR=0.00 | sessionN=0 | stall=no
[REGIME] ADX=73.7  BBbw=0.0002  ATR%=0.000013  (ok=False)
[HB] 2025-09-14 18:07:10 CT OpenTrades=0 | ChooserArm=trend | Gate=no | eps=0.048 | sessionR=0.00 | sessionN=0 | stall=no
[HB] 2025-09-14 18:07:11 CT OpenTrades=0 | ChooserArm=trend | Gate=no | eps=0.048 | sessionR=0.00 | sessionN=0 | stall=no
[HB] 2025-09-14 18:07:12 CT OpenTrades=0 | ChooserArm=vwap | Gate=no | eps=0.048 | sessionR=0.00 | sessionN=0 | stall=no
[HB] 2025-09-14 18:07:13 CT OpenTrades=0 | ChooserArm=trend | Gate=no | eps=0.048 | sessionR=0.00 | sessionN=0 | stall=no
[HB] 2025-09-14 18:07:14 CT OpenTrades=0 | ChooserArm=trend | Gate=no | eps=0.048 | sessionR=0.00 | sessionN=0 | stall=no
[INFO] 2025-09-14 18:07:15 Interrupted; shutting down.
[INFO] 2025-09-14 18:07:15 Saved chooser state to models\linucb_es.json
[INFO] 2025-09-14 18:07:15 [SNAPSHOT] Wrote logs\chooser_snapshots\linucb_es_20250914_20250914_180715.json
