[INFO] 2025-09-14 18:07:19 Enabled arms: trend,breakout,reversion,vwap
[INFO] 2025-09-14 18:07:19 Loaded chooser state from models\linucb_es.json
[INFO] 2025-09-14 18:07:19 [PING 1] clientId=19 connected: False
[INFO] 2025-09-14 18:07:20 Connected 127.0.0.1:7497 clientId=19 | Market data type: LIVE
[INFO] 2025-09-14 18:07:20 Using contract: ESZ5  (conId=495512563)
[INFO] 2025-09-14 18:07:20 [WARMUP] Fetching 5d of 1m bars...
[INFO] 2025-09-14 18:07:21 [WARMUP] Loaded 5588 historical 1m bars.
[REGIME] ADX=22.7  BBbw=0.0002  ATR%=0.000050  (ok=False)
[INFO] 2025-09-14 18:07:23 [ARMS] trend: EN n=0, avgR=+0.000, mu=+0.000, ucb=+0.724 | breakout: EN n=0, avgR=+0.000, mu=+0.000, ucb=+0.724 | reversion: EN n=0, avgR=+0.000, mu=+0.000, ucb=+0.724 | vwap: EN n=0, avgR=+0.000, mu=+0.000, ucb=+0.724
[HB] 2025-09-14 18:07:23 CT OpenTrades=0 | ChooserArm=trend | Gate=no | eps=0.050 | sessionR=0.00 | sessionN=0 | stall=no
[HB] 2025-09-14 18:07:24 CT OpenTrades=0 | ChooserArm=trend | Gate=no | eps=0.050 | sessionR=0.00 | sessionN=0 | stall=no
[HB] 2025-09-14 18:07:25 CT OpenTrades=0 | ChooserArm=trend | Gate=no | eps=0.050 | sessionR=0.00 | sessionN=0 | stall=no
[HB] 2025-09-14 18:07:26 CT OpenTrades=0 | ChooserArm=trend | Gate=no | eps=0.050 | sessionR=0.00 | sessionN=0 | stall=no
[HB] 2025-09-14 18:07:27 CT OpenTrades=0 | ChooserArm=trend | Gate=no | eps=0.050 | sessionR=0.00 | sessionN=0 | stall=no
[HB] 2025-09-14 18:07:28 CT OpenTrades=0 | ChooserArm=trend | Gate=no | eps=0.050 | sessionR=0.00 | sessionN=0 | stall=no
[HB] 2025-09-14 18:07:29 CT OpenTrades=0 | ChooserArm=trend | Gate=no | eps=0.050 | sessionR=0.00 | sessionN=0 | stall=no
[HB] 2025-09-14 18:07:30 CT OpenTrades=0 | ChooserArm=trend | Gate=no | eps=0.050 | sessionR=0.00 | sessionN=0 | stall=no
[HB] 2025-09-14 18:07:31 CT OpenTrades=0 | ChooserArm=trend | Gate=no | eps=0.050 | sessionR=0.00 | sessionN=0 | stall=no
[HB] 2025-09-14 18:07:32 CT OpenTrades=0 | ChooserArm=trend | Gate=no | eps=0.050 | sessionR=0.00 | sessionN=0 | stall=no
[HB] 2025-09-14 18:07:33 CT OpenTrades=0 | ChooserArm=trend | Gate=no | eps=0.050 | sessionR=0.00 | sessionN=0 | stall=no
[HB] 2025-09-14 18:07:35 CT OpenTrades=0 | ChooserArm=trend | Gate=no | eps=0.050 | sessionR=0.00 | sessionN=0 | stall=no
[HB] 2025-09-14 18:07:36 CT OpenTrades=0 | ChooserArm=trend | Gate=no | eps=0.050 | sessionR=0.00 | sessionN=0 | stall=no
[HB] 2025-09-14 18:07:37 CT OpenTrades=0 | ChooserArm=trend | Gate=no | eps=0.050 | sessionR=0.00 | sessionN=0 | stall=no
[REGIME] ADX=25.9  BBbw=0.0002  ATR%=0.000032  (ok=False)
[HB] 2025-09-14 18:07:38 CT OpenTrades=0 | ChooserArm=trend | Gate=no | eps=0.050 | sessionR=0.00 | sessionN=0 | stall=no
[HB] 2025-09-14 18:07:39 CT OpenTrades=0 | ChooserArm=trend | Gate=no | eps=0.050 | sessionR=0.00 | sessionN=0 | stall=no
[HB] 2025-09-14 18:07:40 CT OpenTrades=0 | ChooserArm=trend | Gate=no | eps=0.050 | sessionR=0.00 | sessionN=0 | stall=no
[HB] 2025-09-14 18:07:41 CT OpenTrades=0 | ChooserArm=trend | Gate=no | eps=0.050 | sessionR=0.00 | sessionN=0 | stall=no
[HB] 2025-09-14 18:07:42 CT OpenTrades=0 | ChooserArm=trend | Gate=no | eps=0.050 | sessionR=0.00 | sessionN=0 | stall=no
[HB] 2025-09-14 18:07:43 CT OpenTrades=0 | ChooserArm=trend | Gate=no | eps=0.050 | sessionR=0.00 | sessionN=0 | stall=no
[HB] 2025-09-14 18:07:44 CT OpenTrades=0 | ChooserArm=trend | Gate=no | eps=0.050 | sessionR=0.00 | sessionN=0 | stall=no
[HB] 2025-09-14 18:07:45 CT OpenTrades=0 | ChooserArm=trend | Gate=no | eps=0.050 | sessionR=0.00 | sessionN=0 | stall=no
[HB] 2025-09-14 18:07:47 CT OpenTrades=0 | ChooserArm=trend | Gate=no | eps=0.050 | sessionR=0.00 | sessionN=0 | stall=no
[HB] 2025-09-14 18:07:48 CT OpenTrades=0 | ChooserArm=trend | Gate=no | eps=0.050 | sessionR=0.00 | sessionN=0 | stall=no
[HB] 2025-09-14 18:07:49 CT OpenTrades=0 | ChooserArm=trend | Gate=no | eps=0.050 | sessionR=0.00 | sessionN=0 | stall=no
[HB] 2025-09-14 18:07:50 CT OpenTrades=0 | ChooserArm=trend | Gate=no | eps=0.050 | sessionR=0.00 | sessionN=0 | stall=no
[HB] 2025-09-14 18:07:51 CT OpenTrades=0 | ChooserArm=trend | Gate=no | eps=0.050 | sessionR=0.00 | sessionN=0 | stall=no
[HB] 2025-09-14 18:07:52 CT OpenTrades=0 | ChooserArm=trend | Gate=no | eps=0.050 | sessionR=0.00 | sessionN=0 | stall=no
[REGIME] ADX=28.0  BBbw=0.0003  ATR%=0.000021  (ok=False)
[HB] 2025-09-14 18:07:53 CT OpenTrades=0 | ChooserArm=trend | Gate=no | eps=0.050 | sessionR=0.00 | sessionN=0 | stall=no
[HB] 2025-09-14 18:07:54 CT OpenTrades=0 | ChooserArm=trend | Gate=no | eps=0.050 | sessionR=0.00 | sessionN=0 | stall=no
[HB] 2025-09-14 18:07:55 CT OpenTrades=0 | ChooserArm=trend | Gate=no | eps=0.050 | sessionR=0.00 | sessionN=0 | stall=no
[HB] 2025-09-14 18:07:56 CT OpenTrades=0 | ChooserArm=trend | Gate=no | eps=0.050 | sessionR=0.00 | sessionN=0 | stall=no
[HB] 2025-09-14 18:07:57 CT OpenTrades=0 | ChooserArm=trend | Gate=no | eps=0.050 | sessionR=0.00 | sessionN=0 | stall=no
[HB] 2025-09-14 18:07:58 CT OpenTrades=0 | ChooserArm=trend | Gate=no | eps=0.050 | sessionR=0.00 | sessionN=0 | stall=no
[HB] 2025-09-14 18:08:00 CT OpenTrades=0 | ChooserArm=trend | Gate=no | eps=0.050 | sessionR=0.00 | sessionN=0 | stall=no
[HB] 2025-09-14 18:08:01 CT OpenTrades=0 | ChooserArm=trend | Gate=no | eps=0.050 | sessionR=0.00 | sessionN=0 | stall=no
[HB] 2025-09-14 18:08:02 CT OpenTrades=0 | ChooserArm=trend | Gate=no | eps=0.050 | sessionR=0.00 | sessionN=0 | stall=no
[HB] 2025-09-14 18:08:03 CT OpenTrades=0 | ChooserArm=trend | Gate=no | eps=0.050 | sessionR=0.00 | sessionN=0 | stall=no
[HB] 2025-09-14 18:08:04 CT OpenTrades=0 | ChooserArm=trend | Gate=no | eps=0.050 | sessionR=0.00 | sessionN=0 | stall=no
[HB] 2025-09-14 18:08:05 CT OpenTrades=0 | ChooserArm=vwap | Gate=no | eps=0.050 | sessionR=0.00 | sessionN=0 | stall=no
[HB] 2025-09-14 18:08:06 CT OpenTrades=0 | ChooserArm=trend | Gate=no | eps=0.050 | sessionR=0.00 | sessionN=0 | stall=no
[HB] 2025-09-14 18:08:07 CT OpenTrades=0 | ChooserArm=trend | Gate=no | eps=0.050 | sessionR=0.00 | sessionN=0 | stall=no
[REGIME] ADX=29.3  BBbw=0.0003  ATR%=0.000014  (ok=False)
[HB] 2025-09-14 18:08:08 CT OpenTrades=0 | ChooserArm=trend | Gate=no | eps=0.050 | sessionR=0.00 | sessionN=0 | stall=no
[HB] 2025-09-14 18:08:09 CT OpenTrades=0 | ChooserArm=breakout | Gate=no | eps=0.050 | sessionR=0.00 | sessionN=0 | stall=no
[HB] 2025-09-14 18:08:10 CT OpenTrades=0 | ChooserArm=trend | Gate=no | eps=0.050 | sessionR=0.00 | sessionN=0 | stall=no
[HB] 2025-09-14 18:08:11 CT OpenTrades=0 | ChooserArm=trend | Gate=no | eps=0.050 | sessionR=0.00 | sessionN=0 | stall=no
[HB] 2025-09-14 18:08:12 CT OpenTrades=0 | ChooserArm=trend | Gate=no | eps=0.050 | sessionR=0.00 | sessionN=0 | stall=no
[HB] 2025-09-14 18:08:14 CT OpenTrades=0 | ChooserArm=trend | Gate=no | eps=0.050 | sessionR=0.00 | sessionN=0 | stall=no
[HB] 2025-09-14 18:08:15 CT OpenTrades=0 | ChooserArm=trend | Gate=no | eps=0.050 | sessionR=0.00 | sessionN=0 | stall=no
[HB] 2025-09-14 18:08:16 CT OpenTrades=0 | ChooserArm=trend | Gate=no | eps=0.050 | sessionR=0.00 | sessionN=0 | stall=no
[HB] 2025-09-14 18:08:17 CT OpenTrades=0 | ChooserArm=trend | Gate=no | eps=0.050 | sessionR=0.00 | sessionN=0 | stall=no
[HB] 2025-09-14 18:08:18 CT OpenTrades=0 | ChooserArm=trend | Gate=no | eps=0.050 | sessionR=0.00 | sessionN=0 | stall=no
[HB] 2025-09-14 18:08:19 CT OpenTrades=0 | ChooserArm=trend | Gate=no | eps=0.050 | sessionR=0.00 | sessionN=0 | stall=no
[HB] 2025-09-14 18:08:20 CT OpenTrades=0 | ChooserArm=trend | Gate=no | eps=0.050 | sessionR=0.00 | sessionN=0 | stall=no
[HB] 2025-09-14 18:08:21 CT OpenTrades=0 | ChooserArm=trend | Gate=no | eps=0.050 | sessionR=0.00 | sessionN=0 | stall=no
[HB] 2025-09-14 18:08:22 CT OpenTrades=0 | ChooserArm=trend | Gate=no | eps=0.050 | sessionR=0.00 | sessionN=0 | stall=no
[REGIME] ADX=30.2  BBbw=0.0002  ATR%=0.000009  (ok=False)
[INFO] 2025-09-14 18:08:23 [ARMS] trend: EN n=0, avgR=+0.000, mu=+0.000, ucb=+0.703 | breakout: EN n=0, avgR=+0.000, mu=+0.000, ucb=+0.703 | reversion: EN n=0, avgR=+0.000, mu=+0.000, ucb=+0.703 | vwap: EN n=0, avgR=+0.000, mu=+0.000, ucb=+0.703
[HB] 2025-09-14 18:08:23 CT OpenTrades=0 | ChooserArm=trend | Gate=no | eps=0.050 | sessionR=0.00 | sessionN=0 | stall=no
[HB] 2025-09-14 18:08:24 CT OpenTrades=0 | ChooserArm=trend | Gate=no | eps=0.050 | sessionR=0.00 | sessionN=0 | stall=no
[HB] 2025-09-14 18:08:26 CT OpenTrades=0 | ChooserArm=trend | Gate=no | eps=0.050 | sessionR=0.00 | sessionN=0 | stall=no
[HB] 2025-09-14 18:08:27 CT OpenTrades=0 | ChooserArm=trend | Gate=no | eps=0.050 | sessionR=0.00 | sessionN=0 | stall=no
[HB] 2025-09-14 18:08:28 CT OpenTrades=0 | ChooserArm=trend | Gate=no | eps=0.050 | sessionR=0.00 | sessionN=0 | stall=no
[HB] 2025-09-14 18:08:29 CT OpenTrades=0 | ChooserArm=trend | Gate=no | eps=0.050 | sessionR=0.00 | sessionN=0 | stall=no
[HB] 2025-09-14 18:08:30 CT OpenTrades=0 | ChooserArm=trend | Gate=no | eps=0.050 | sessionR=0.00 | sessionN=0 | stall=no
[HB] 2025-09-14 18:08:31 CT OpenTrades=0 | ChooserArm=trend | Gate=no | eps=0.050 | sessionR=0.00 | sessionN=0 | stall=no
[HB] 2025-09-14 18:08:32 CT OpenTrades=0 | ChooserArm=trend | Gate=no | eps=0.050 | sessionR=0.00 | sessionN=0 | stall=no
[HB] 2025-09-14 18:08:33 CT OpenTrades=0 | ChooserArm=trend | Gate=no | eps=0.050 | sessionR=0.00 | sessionN=0 | stall=no
[HB] 2025-09-14 18:08:34 CT OpenTrades=0 | ChooserArm=trend | Gate=no | eps=0.050 | sessionR=0.00 | sessionN=0 | stall=no
[HB] 2025-09-14 18:08:35 CT OpenTrades=0 | ChooserArm=trend | Gate=no | eps=0.050 | sessionR=0.00 | sessionN=0 | stall=no
[HB] 2025-09-14 18:08:37 CT OpenTrades=0 | ChooserArm=trend | Gate=no | eps=0.050 | sessionR=0.00 | sessionN=0 | stall=no
[HB] 2025-09-14 18:08:38 CT OpenTrades=0 | ChooserArm=trend | Gate=no | eps=0.050 | sessionR=0.00 | sessionN=0 | stall=no
[REGIME] ADX=31.3  BBbw=0.0002  ATR%=0.000015  (ok=False)
[HB] 2025-09-14 18:08:39 CT OpenTrades=0 | ChooserArm=trend | Gate=no | eps=0.050 | sessionR=0.00 | sessionN=0 | stall=no
[HB] 2025-09-14 18:08:40 CT OpenTrades=0 | ChooserArm=trend | Gate=no | eps=0.050 | sessionR=0.00 | sessionN=0 | stall=no
[HB] 2025-09-14 18:08:41 CT OpenTrades=0 | ChooserArm=trend | Gate=no | eps=0.050 | sessionR=0.00 | sessionN=0 | stall=no
[HB] 2025-09-14 18:08:42 CT OpenTrades=0 | ChooserArm=trend | Gate=no | eps=0.050 | sessionR=0.00 | sessionN=0 | stall=no
[HB] 2025-09-14 18:08:43 CT OpenTrades=0 | ChooserArm=trend | Gate=no | eps=0.050 | sessionR=0.00 | sessionN=0 | stall=no
[HB] 2025-09-14 18:08:44 CT OpenTrades=0 | ChooserArm=trend | Gate=no | eps=0.050 | sessionR=0.00 | sessionN=0 | stall=no
[HB] 2025-09-14 18:08:45 CT OpenTrades=0 | ChooserArm=trend | Gate=no | eps=0.050 | sessionR=0.00 | sessionN=0 | stall=no
[HB] 2025-09-14 18:08:46 CT OpenTrades=0 | ChooserArm=trend | Gate=no | eps=0.050 | sessionR=0.00 | sessionN=0 | stall=no
[HB] 2025-09-14 18:08:47 CT OpenTrades=0 | ChooserArm=trend | Gate=no | eps=0.050 | sessionR=0.00 | sessionN=0 | stall=no
[INFO] 2025-09-14 18:08:48 Interrupted; shutting down.
[INFO] 2025-09-14 18:08:48 Saved chooser state to models\linucb_es.json
[INFO] 2025-09-14 18:08:48 [SNAPSHOT] Wrote logs\chooser_snapshots\linucb_es_20250914_20250914_180848.json
