[INFO] 2025-09-14 18:30:16 Enabled arms: trend,breakout,reversion,vwap
[INFO] 2025-09-14 18:30:16 Loaded chooser state from models\linucb_es.json
[INFO] 2025-09-14 18:30:16 [PING 1] clientId=19 connected: False
[INFO] 2025-09-14 18:30:16 Connected 127.0.0.1:7497 clientId=19 | Market data type: LIVE
[INFO] 2025-09-14 18:30:16 Using contract: ESZ5  (conId=495512563)
[INFO] 2025-09-14 18:30:16 [WARMUP] Fetching 5d of 1m bars...
[INFO] 2025-09-14 18:30:18 [WARMUP] Loaded 5611 historical 1m bars.
[REGIME] ADX=58.3  BBbw=0.0005  ATR%=0.000059  (ok=False)
[INFO] 2025-09-14 18:30:19 [ARMS] trend: EN n=0, avgR=+0.000, mu=+0.000, ucb=+0.988 | breakout: EN n=0, avgR=+0.000, mu=+0.000, ucb=+0.988 | reversion: EN n=0, avgR=+0.000, mu=+0.000, ucb=+0.988 | vwap: EN n=0, avgR=+0.000, mu=+0.000, ucb=+0.988
[HB] 2025-09-14 18:30:19 CT OpenTrades=0 | ChooserArm=trend | Gate=no | eps=0.050 | sessionR=0.00 | sessionN=0 | stall=no
[HB] 2025-09-14 18:30:20 CT OpenTrades=0 | ChooserArm=trend | Gate=no | eps=0.050 | sessionR=0.00 | sessionN=0 | stall=no
[HB] 2025-09-14 18:30:21 CT OpenTrades=0 | ChooserArm=vwap | Gate=no | eps=0.050 | sessionR=0.00 | sessionN=0 | stall=no
[HB] 2025-09-14 18:30:22 CT OpenTrades=0 | ChooserArm=reversion | Gate=no | eps=0.050 | sessionR=0.00 | sessionN=0 | stall=no
[HB] 2025-09-14 18:30:23 CT OpenTrades=0 | ChooserArm=trend | Gate=no | eps=0.050 | sessionR=0.00 | sessionN=0 | stall=no
[HB] 2025-09-14 18:30:24 CT OpenTrades=0 | ChooserArm=breakout | Gate=no | eps=0.050 | sessionR=0.00 | sessionN=0 | stall=no
[HB] 2025-09-14 18:30:25 CT OpenTrades=0 | ChooserArm=vwap | Gate=no | eps=0.050 | sessionR=0.00 | sessionN=0 | stall=no
[HB] 2025-09-14 18:30:26 CT OpenTrades=0 | ChooserArm=vwap | Gate=no | eps=0.050 | sessionR=0.00 | sessionN=0 | stall=no
[HB] 2025-09-14 18:30:27 CT OpenTrades=0 | ChooserArm=vwap | Gate=no | eps=0.050 | sessionR=0.00 | sessionN=0 | stall=no
[HB] 2025-09-14 18:30:29 CT OpenTrades=0 | ChooserArm=reversion | Gate=no | eps=0.050 | sessionR=0.00 | sessionN=0 | stall=no
[HB] 2025-09-14 18:30:30 CT OpenTrades=0 | ChooserArm=trend | Gate=no | eps=0.050 | sessionR=0.00 | sessionN=0 | stall=no
[HB] 2025-09-14 18:30:31 CT OpenTrades=0 | ChooserArm=breakout | Gate=no | eps=0.050 | sessionR=0.00 | sessionN=0 | stall=no
[HB] 2025-09-14 18:30:32 CT OpenTrades=0 | ChooserArm=vwap | Gate=no | eps=0.050 | sessionR=0.00 | sessionN=0 | stall=no
[HB] 2025-09-14 18:30:33 CT OpenTrades=0 | ChooserArm=reversion | Gate=no | eps=0.050 | sessionR=0.00 | sessionN=0 | stall=no
[HB] 2025-09-14 18:30:34 CT OpenTrades=0 | ChooserArm=vwap | Gate=no | eps=0.050 | sessionR=0.00 | sessionN=0 | stall=no
[REGIME] ADX=66.3  BBbw=0.0006  ATR%=0.000038  (ok=False)
[HB] 2025-09-14 18:30:35 CT OpenTrades=0 | ChooserArm=reversion | Gate=no | eps=0.050 | sessionR=0.00 | sessionN=0 | stall=no
[HB] 2025-09-14 18:30:36 CT OpenTrades=0 | ChooserArm=vwap | Gate=no | eps=0.050 | sessionR=0.00 | sessionN=0 | stall=no
[HB] 2025-09-14 18:30:37 CT OpenTrades=0 | ChooserArm=breakout | Gate=no | eps=0.050 | sessionR=0.00 | sessionN=0 | stall=no
[HB] 2025-09-14 18:30:38 CT OpenTrades=0 | ChooserArm=trend | Gate=no | eps=0.050 | sessionR=0.00 | sessionN=0 | stall=no
[HB] 2025-09-14 18:30:39 CT OpenTrades=0 | ChooserArm=breakout | Gate=no | eps=0.050 | sessionR=0.00 | sessionN=0 | stall=no
[HB] 2025-09-14 18:30:40 CT OpenTrades=0 | ChooserArm=breakout | Gate=no | eps=0.050 | sessionR=0.00 | sessionN=0 | stall=no
[HB] 2025-09-14 18:30:41 CT OpenTrades=0 | ChooserArm=vwap | Gate=no | eps=0.050 | sessionR=0.00 | sessionN=0 | stall=no
[HB] 2025-09-14 18:30:42 CT OpenTrades=0 | ChooserArm=breakout | Gate=no | eps=0.050 | sessionR=0.00 | sessionN=0 | stall=no
[HB] 2025-09-14 18:30:43 CT OpenTrades=0 | ChooserArm=reversion | Gate=no | eps=0.050 | sessionR=0.00 | sessionN=0 | stall=no
[HB] 2025-09-14 18:30:44 CT OpenTrades=0 | ChooserArm=vwap | Gate=no | eps=0.050 | sessionR=0.00 | sessionN=0 | stall=no
[HB] 2025-09-14 18:30:45 CT OpenTrades=0 | ChooserArm=reversion | Gate=no | eps=0.050 | sessionR=0.00 | sessionN=0 | stall=no
[HB] 2025-09-14 18:30:46 CT OpenTrades=0 | ChooserArm=vwap | Gate=no | eps=0.050 | sessionR=0.00 | sessionN=0 | stall=no
[HB] 2025-09-14 18:30:47 CT OpenTrades=0 | ChooserArm=breakout | Gate=no | eps=0.050 | sessionR=0.00 | sessionN=0 | stall=no
[HB] 2025-09-14 18:30:48 CT OpenTrades=0 | ChooserArm=breakout | Gate=no | eps=0.050 | sessionR=0.00 | sessionN=0 | stall=no
[HB] 2025-09-14 18:30:50 CT OpenTrades=0 | ChooserArm=reversion | Gate=no | eps=0.050 | sessionR=0.00 | sessionN=0 | stall=no
[REGIME] ADX=60.8  BBbw=0.0005  ATR%=0.000038  (ok=False)
[HB] 2025-09-14 18:30:51 CT OpenTrades=0 | ChooserArm=trend | Gate=no | eps=0.050 | sessionR=0.00 | sessionN=0 | stall=no
[HB] 2025-09-14 18:30:52 CT OpenTrades=0 | ChooserArm=breakout | Gate=no | eps=0.050 | sessionR=0.00 | sessionN=0 | stall=no
[HB] 2025-09-14 18:30:53 CT OpenTrades=0 | ChooserArm=trend | Gate=no | eps=0.050 | sessionR=0.00 | sessionN=0 | stall=no
[HB] 2025-09-14 18:30:54 CT OpenTrades=0 | ChooserArm=trend | Gate=no | eps=0.050 | sessionR=0.00 | sessionN=0 | stall=no
[HB] 2025-09-14 18:30:55 CT OpenTrades=0 | ChooserArm=trend | Gate=no | eps=0.050 | sessionR=0.00 | sessionN=0 | stall=no
[HB] 2025-09-14 18:30:56 CT OpenTrades=0 | ChooserArm=trend | Gate=no | eps=0.050 | sessionR=0.00 | sessionN=0 | stall=no
[HB] 2025-09-14 18:30:57 CT OpenTrades=0 | ChooserArm=trend | Gate=no | eps=0.050 | sessionR=0.00 | sessionN=0 | stall=no
[HB] 2025-09-14 18:30:58 CT OpenTrades=0 | ChooserArm=vwap | Gate=no | eps=0.050 | sessionR=0.00 | sessionN=0 | stall=no
[HB] 2025-09-14 18:30:59 CT OpenTrades=0 | ChooserArm=vwap | Gate=no | eps=0.050 | sessionR=0.00 | sessionN=0 | stall=no
[HB] 2025-09-14 18:31:00 CT OpenTrades=0 | ChooserArm=breakout | Gate=no | eps=0.050 | sessionR=0.00 | sessionN=0 | stall=no
[HB] 2025-09-14 18:31:01 CT OpenTrades=0 | ChooserArm=vwap | Gate=no | eps=0.050 | sessionR=0.00 | sessionN=0 | stall=no
[HB] 2025-09-14 18:31:02 CT OpenTrades=0 | ChooserArm=vwap | Gate=no | eps=0.050 | sessionR=0.00 | sessionN=0 | stall=no
[HB] 2025-09-14 18:31:03 CT OpenTrades=0 | ChooserArm=vwap | Gate=no | eps=0.050 | sessionR=0.00 | sessionN=0 | stall=no
[HB] 2025-09-14 18:31:04 CT OpenTrades=0 | ChooserArm=vwap | Gate=no | eps=0.050 | sessionR=0.00 | sessionN=0 | stall=no
[HB] 2025-09-14 18:31:05 CT OpenTrades=0 | ChooserArm=trend | Gate=no | eps=0.050 | sessionR=0.00 | sessionN=0 | stall=no
[REGIME] ADX=45.0  BBbw=0.0004  ATR%=0.000022  (ok=False)
[HB] 2025-09-14 18:31:07 CT OpenTrades=0 | ChooserArm=trend | Gate=no | eps=0.050 | sessionR=0.00 | sessionN=0 | stall=no
[HB] 2025-09-14 18:31:08 CT OpenTrades=0 | ChooserArm=breakout | Gate=no | eps=0.050 | sessionR=0.00 | sessionN=0 | stall=no
[HB] 2025-09-14 18:31:09 CT OpenTrades=0 | ChooserArm=reversion | Gate=no | eps=0.050 | sessionR=0.00 | sessionN=0 | stall=no
[HB] 2025-09-14 18:31:10 CT OpenTrades=0 | ChooserArm=breakout | Gate=no | eps=0.050 | sessionR=0.00 | sessionN=0 | stall=no
[HB] 2025-09-14 18:31:11 CT OpenTrades=0 | ChooserArm=vwap | Gate=no | eps=0.050 | sessionR=0.00 | sessionN=0 | stall=no
[HB] 2025-09-14 18:31:12 CT OpenTrades=0 | ChooserArm=trend | Gate=no | eps=0.050 | sessionR=0.00 | sessionN=0 | stall=no
[HB] 2025-09-14 18:31:13 CT OpenTrades=0 | ChooserArm=breakout | Gate=no | eps=0.050 | sessionR=0.00 | sessionN=0 | stall=no
[HB] 2025-09-14 18:31:14 CT OpenTrades=0 | ChooserArm=vwap | Gate=no | eps=0.050 | sessionR=0.00 | sessionN=0 | stall=no
[HB] 2025-09-14 18:31:15 CT OpenTrades=0 | ChooserArm=vwap | Gate=no | eps=0.050 | sessionR=0.00 | sessionN=0 | stall=no
[HB] 2025-09-14 18:31:16 CT OpenTrades=0 | ChooserArm=reversion | Gate=no | eps=0.050 | sessionR=0.00 | sessionN=0 | stall=no
[HB] 2025-09-14 18:31:17 CT OpenTrades=0 | ChooserArm=breakout | Gate=no | eps=0.050 | sessionR=0.00 | sessionN=0 | stall=no
[HB] 2025-09-14 18:31:18 CT OpenTrades=0 | ChooserArm=trend | Gate=no | eps=0.050 | sessionR=0.00 | sessionN=0 | stall=no
[INFO] 2025-09-14 18:31:19 [ARMS] trend: EN n=0, avgR=+0.000, mu=+0.000, ucb=+0.815 | breakout: EN n=0, avgR=+0.000, mu=+0.000, ucb=+0.815 | reversion: EN n=0, avgR=+0.000, mu=+0.000, ucb=+0.815 | vwap: EN n=0, avgR=+0.000, mu=+0.000, ucb=+0.815
[HB] 2025-09-14 18:31:19 CT OpenTrades=0 | ChooserArm=trend | Gate=no | eps=0.050 | sessionR=0.00 | sessionN=0 | stall=no
[HB] 2025-09-14 18:31:20 CT OpenTrades=0 | ChooserArm=vwap | Gate=no | eps=0.050 | sessionR=0.00 | sessionN=0 | stall=no
[HB] 2025-09-14 18:31:21 CT OpenTrades=0 | ChooserArm=breakout | Gate=no | eps=0.050 | sessionR=0.00 | sessionN=0 | stall=no
[REGIME] ADX=46.7  BBbw=0.0002  ATR%=0.000023  (ok=False)
[HB] 2025-09-14 18:31:22 CT OpenTrades=0 | ChooserArm=breakout | Gate=no | eps=0.050 | sessionR=0.00 | sessionN=0 | stall=no
[HB] 2025-09-14 18:31:23 CT OpenTrades=0 | ChooserArm=reversion | Gate=no | eps=0.050 | sessionR=0.00 | sessionN=0 | stall=no
[HB] 2025-09-14 18:31:24 CT OpenTrades=0 | ChooserArm=vwap | Gate=no | eps=0.050 | sessionR=0.00 | sessionN=0 | stall=no
[HB] 2025-09-14 18:31:26 CT OpenTrades=0 | ChooserArm=reversion | Gate=no | eps=0.050 | sessionR=0.00 | sessionN=0 | stall=no
[HB] 2025-09-14 18:31:27 CT OpenTrades=0 | ChooserArm=vwap | Gate=no | eps=0.050 | sessionR=0.00 | sessionN=0 | stall=no
[HB] 2025-09-14 18:31:28 CT OpenTrades=0 | ChooserArm=breakout | Gate=no | eps=0.050 | sessionR=0.00 | sessionN=0 | stall=no
[HB] 2025-09-14 18:31:29 CT OpenTrades=0 | ChooserArm=vwap | Gate=no | eps=0.050 | sessionR=0.00 | sessionN=0 | stall=no
[HB] 2025-09-14 18:31:30 CT OpenTrades=0 | ChooserArm=vwap | Gate=no | eps=0.050 | sessionR=0.00 | sessionN=0 | stall=no
[HB] 2025-09-14 18:31:31 CT OpenTrades=0 | ChooserArm=reversion | Gate=no | eps=0.050 | sessionR=0.00 | sessionN=0 | stall=no
[HB] 2025-09-14 18:31:32 CT OpenTrades=0 | ChooserArm=trend | Gate=no | eps=0.050 | sessionR=0.00 | sessionN=0 | stall=no
[HB] 2025-09-14 18:31:33 CT OpenTrades=0 | ChooserArm=vwap | Gate=no | eps=0.050 | sessionR=0.00 | sessionN=0 | stall=no
[HB] 2025-09-14 18:31:34 CT OpenTrades=0 | ChooserArm=breakout | Gate=no | eps=0.050 | sessionR=0.00 | sessionN=0 | stall=no
[HB] 2025-09-14 18:31:35 CT OpenTrades=0 | ChooserArm=reversion | Gate=no | eps=0.050 | sessionR=0.00 | sessionN=0 | stall=no
[HB] 2025-09-14 18:31:36 CT OpenTrades=0 | ChooserArm=trend | Gate=no | eps=0.050 | sessionR=0.00 | sessionN=0 | stall=no
[HB] 2025-09-14 18:31:37 CT OpenTrades=0 | ChooserArm=reversion | Gate=no | eps=0.050 | sessionR=0.00 | sessionN=0 | stall=no
[REGIME] ADX=50.9  BBbw=0.0001  ATR%=0.000015  (ok=False)
[HB] 2025-09-14 18:31:38 CT OpenTrades=0 | ChooserArm=breakout | Gate=no | eps=0.050 | sessionR=0.00 | sessionN=0 | stall=no
[HB] 2025-09-14 18:31:39 CT OpenTrades=0 | ChooserArm=trend | Gate=no | eps=0.050 | sessionR=0.00 | sessionN=0 | stall=no
[HB] 2025-09-14 18:31:40 CT OpenTrades=0 | ChooserArm=trend | Gate=no | eps=0.050 | sessionR=0.00 | sessionN=0 | stall=no
[HB] 2025-09-14 18:31:41 CT OpenTrades=0 | ChooserArm=breakout | Gate=no | eps=0.050 | sessionR=0.00 | sessionN=0 | stall=no
[HB] 2025-09-14 18:31:42 CT OpenTrades=0 | ChooserArm=breakout | Gate=no | eps=0.050 | sessionR=0.00 | sessionN=0 | stall=no
[HB] 2025-09-14 18:31:43 CT OpenTrades=0 | ChooserArm=breakout | Gate=no | eps=0.050 | sessionR=0.00 | sessionN=0 | stall=no
[HB] 2025-09-14 18:31:44 CT OpenTrades=0 | ChooserArm=reversion | Gate=no | eps=0.050 | sessionR=0.00 | sessionN=0 | stall=no
[HB] 2025-09-14 18:31:45 CT OpenTrades=0 | ChooserArm=vwap | Gate=no | eps=0.050 | sessionR=0.00 | sessionN=0 | stall=no
[HB] 2025-09-14 18:31:46 CT OpenTrades=0 | ChooserArm=reversion | Gate=no | eps=0.050 | sessionR=0.00 | sessionN=0 | stall=no
[HB] 2025-09-14 18:31:48 CT OpenTrades=0 | ChooserArm=vwap | Gate=no | eps=0.050 | sessionR=0.00 | sessionN=0 | stall=no
[HB] 2025-09-14 18:31:49 CT OpenTrades=0 | ChooserArm=reversion | Gate=no | eps=0.050 | sessionR=0.00 | sessionN=0 | stall=no
[HB] 2025-09-14 18:31:50 CT OpenTrades=0 | ChooserArm=reversion | Gate=no | eps=0.050 | sessionR=0.00 | sessionN=0 | stall=no
[HB] 2025-09-14 18:31:51 CT OpenTrades=0 | ChooserArm=reversion | Gate=no | eps=0.050 | sessionR=0.00 | sessionN=0 | stall=no
[HB] 2025-09-14 18:31:52 CT OpenTrades=0 | ChooserArm=breakout | Gate=no | eps=0.050 | sessionR=0.00 | sessionN=0 | stall=no
[HB] 2025-09-14 18:31:53 CT OpenTrades=0 | ChooserArm=vwap | Gate=no | eps=0.050 | sessionR=0.00 | sessionN=0 | stall=no
[REGIME] ADX=58.2  BBbw=0.0002  ATR%=0.000013  (ok=False)
[HB] 2025-09-14 18:31:54 CT OpenTrades=0 | ChooserArm=trend | Gate=no | eps=0.050 | sessionR=0.00 | sessionN=0 | stall=no
[HB] 2025-09-14 18:31:55 CT OpenTrades=0 | ChooserArm=trend | Gate=no | eps=0.050 | sessionR=0.00 | sessionN=0 | stall=no
[HB] 2025-09-14 18:31:56 CT OpenTrades=0 | ChooserArm=reversion | Gate=no | eps=0.050 | sessionR=0.00 | sessionN=0 | stall=no
[HB] 2025-09-14 18:31:57 CT OpenTrades=0 | ChooserArm=reversion | Gate=no | eps=0.050 | sessionR=0.00 | sessionN=0 | stall=no
[HB] 2025-09-14 18:31:58 CT OpenTrades=0 | ChooserArm=breakout | Gate=no | eps=0.050 | sessionR=0.00 | sessionN=0 | stall=no
[HB] 2025-09-14 18:31:59 CT OpenTrades=0 | ChooserArm=trend | Gate=no | eps=0.050 | sessionR=0.00 | sessionN=0 | stall=no
[HB] 2025-09-14 18:32:00 CT OpenTrades=0 | ChooserArm=vwap | Gate=no | eps=0.050 | sessionR=0.00 | sessionN=0 | stall=no
[HB] 2025-09-14 18:32:01 CT OpenTrades=0 | ChooserArm=trend | Gate=no | eps=0.050 | sessionR=0.00 | sessionN=0 | stall=no
[HB] 2025-09-14 18:32:02 CT OpenTrades=0 | ChooserArm=vwap | Gate=no | eps=0.050 | sessionR=0.00 | sessionN=0 | stall=no
[HB] 2025-09-14 18:32:03 CT OpenTrades=0 | ChooserArm=breakout | Gate=no | eps=0.050 | sessionR=0.00 | sessionN=0 | stall=no
[HB] 2025-09-14 18:32:04 CT OpenTrades=0 | ChooserArm=reversion | Gate=no | eps=0.050 | sessionR=0.00 | sessionN=0 | stall=no
[HB] 2025-09-14 18:32:05 CT OpenTrades=0 | ChooserArm=trend | Gate=no | eps=0.050 | sessionR=0.00 | sessionN=0 | stall=no
[HB] 2025-09-14 18:32:06 CT OpenTrades=0 | ChooserArm=breakout | Gate=no | eps=0.050 | sessionR=0.00 | sessionN=0 | stall=no
[HB] 2025-09-14 18:32:07 CT OpenTrades=0 | ChooserArm=breakout | Gate=no | eps=0.050 | sessionR=0.00 | sessionN=0 | stall=no
[HB] 2025-09-14 18:32:08 CT OpenTrades=0 | ChooserArm=vwap | Gate=no | eps=0.050 | sessionR=0.00 | sessionN=0 | stall=no
[REGIME] ADX=66.7  BBbw=0.0002  ATR%=0.000017  (ok=False)
[HB] 2025-09-14 18:32:10 CT OpenTrades=0 | ChooserArm=vwap | Gate=no | eps=0.050 | sessionR=0.00 | sessionN=0 | stall=no
[HB] 2025-09-14 18:32:11 CT OpenTrades=0 | ChooserArm=trend | Gate=no | eps=0.050 | sessionR=0.00 | sessionN=0 | stall=no
[HB] 2025-09-14 18:32:12 CT OpenTrades=0 | ChooserArm=vwap | Gate=no | eps=0.050 | sessionR=0.00 | sessionN=0 | stall=no
[HB] 2025-09-14 18:32:13 CT OpenTrades=0 | ChooserArm=vwap | Gate=no | eps=0.050 | sessionR=0.00 | sessionN=0 | stall=no
[HB] 2025-09-14 18:32:14 CT OpenTrades=0 | ChooserArm=trend | Gate=no | eps=0.050 | sessionR=0.00 | sessionN=0 | stall=no
[HB] 2025-09-14 18:32:15 CT OpenTrades=0 | ChooserArm=vwap | Gate=no | eps=0.050 | sessionR=0.00 | sessionN=0 | stall=no
[HB] 2025-09-14 18:32:16 CT OpenTrades=0 | ChooserArm=reversion | Gate=no | eps=0.050 | sessionR=0.00 | sessionN=0 | stall=no
[HB] 2025-09-14 18:32:17 CT OpenTrades=0 | ChooserArm=trend | Gate=no | eps=0.050 | sessionR=0.00 | sessionN=0 | stall=no
[HB] 2025-09-14 18:32:18 CT OpenTrades=0 | ChooserArm=trend | Gate=no | eps=0.050 | sessionR=0.00 | sessionN=0 | stall=no
[HB] 2025-09-14 18:32:19 CT OpenTrades=0 | ChooserArm=vwap | Gate=no | eps=0.049 | sessionR=0.00 | sessionN=0 | stall=no
[INFO] 2025-09-14 18:32:20 [ARMS] trend: EN n=0, avgR=+0.000, mu=+0.000, ucb=+0.887 | breakout: EN n=0, avgR=+0.000, mu=+0.000, ucb=+0.887 | reversion: EN n=0, avgR=+0.000, mu=+0.000, ucb=+0.887 | vwap: EN n=0, avgR=+0.000, mu=+0.000, ucb=+0.887
[HB] 2025-09-14 18:32:20 CT OpenTrades=0 | ChooserArm=trend | Gate=no | eps=0.049 | sessionR=0.00 | sessionN=0 | stall=no
[HB] 2025-09-14 18:32:21 CT OpenTrades=0 | ChooserArm=breakout | Gate=no | eps=0.049 | sessionR=0.00 | sessionN=0 | stall=no
[HB] 2025-09-14 18:32:22 CT OpenTrades=0 | ChooserArm=reversion | Gate=no | eps=0.049 | sessionR=0.00 | sessionN=0 | stall=no
[HB] 2025-09-14 18:32:23 CT OpenTrades=0 | ChooserArm=vwap | Gate=no | eps=0.049 | sessionR=0.00 | sessionN=0 | stall=no
[HB] 2025-09-14 18:32:24 CT OpenTrades=0 | ChooserArm=trend | Gate=no | eps=0.049 | sessionR=0.00 | sessionN=0 | stall=no
[REGIME] ADX=47.2  BBbw=0.0002  ATR%=0.000023  (ok=False)
[HB] 2025-09-14 18:32:25 CT OpenTrades=0 | ChooserArm=trend | Gate=no | eps=0.049 | sessionR=0.00 | sessionN=0 | stall=no
[HB] 2025-09-14 18:32:26 CT OpenTrades=0 | ChooserArm=vwap | Gate=no | eps=0.049 | sessionR=0.00 | sessionN=0 | stall=no
[HB] 2025-09-14 18:32:27 CT OpenTrades=0 | ChooserArm=trend | Gate=no | eps=0.049 | sessionR=0.00 | sessionN=0 | stall=no
[HB] 2025-09-14 18:32:28 CT OpenTrades=0 | ChooserArm=trend | Gate=no | eps=0.049 | sessionR=0.00 | sessionN=0 | stall=no
[HB] 2025-09-14 18:32:29 CT OpenTrades=0 | ChooserArm=vwap | Gate=no | eps=0.049 | sessionR=0.00 | sessionN=0 | stall=no
[HB] 2025-09-14 18:32:31 CT OpenTrades=0 | ChooserArm=reversion | Gate=no | eps=0.049 | sessionR=0.00 | sessionN=0 | stall=no
[HB] 2025-09-14 18:32:32 CT OpenTrades=0 | ChooserArm=reversion | Gate=no | eps=0.049 | sessionR=0.00 | sessionN=0 | stall=no
[HB] 2025-09-14 18:32:33 CT OpenTrades=0 | ChooserArm=reversion | Gate=no | eps=0.049 | sessionR=0.00 | sessionN=0 | stall=no
[HB] 2025-09-14 18:32:34 CT OpenTrades=0 | ChooserArm=reversion | Gate=no | eps=0.049 | sessionR=0.00 | sessionN=0 | stall=no
[HB] 2025-09-14 18:32:35 CT OpenTrades=0 | ChooserArm=breakout | Gate=no | eps=0.049 | sessionR=0.00 | sessionN=0 | stall=no
[HB] 2025-09-14 18:32:36 CT OpenTrades=0 | ChooserArm=vwap | Gate=no | eps=0.049 | sessionR=0.00 | sessionN=0 | stall=no
[HB] 2025-09-14 18:32:37 CT OpenTrades=0 | ChooserArm=reversion | Gate=no | eps=0.049 | sessionR=0.00 | sessionN=0 | stall=no
[HB] 2025-09-14 18:32:38 CT OpenTrades=0 | ChooserArm=breakout | Gate=no | eps=0.049 | sessionR=0.00 | sessionN=0 | stall=no
[HB] 2025-09-14 18:32:39 CT OpenTrades=0 | ChooserArm=trend | Gate=no | eps=0.049 | sessionR=0.00 | sessionN=0 | stall=no
[HB] 2025-09-14 18:32:40 CT OpenTrades=0 | ChooserArm=vwap | Gate=no | eps=0.049 | sessionR=0.00 | sessionN=0 | stall=no
[REGIME] ADX=42.9  BBbw=0.0002  ATR%=0.000027  (ok=False)
[HB] 2025-09-14 18:32:41 CT OpenTrades=0 | ChooserArm=reversion | Gate=no | eps=0.049 | sessionR=0.00 | sessionN=0 | stall=no
[HB] 2025-09-14 18:32:42 CT OpenTrades=0 | ChooserArm=reversion | Gate=no | eps=0.049 | sessionR=0.00 | sessionN=0 | stall=no
[HB] 2025-09-14 18:32:43 CT OpenTrades=0 | ChooserArm=trend | Gate=no | eps=0.049 | sessionR=0.00 | sessionN=0 | stall=no
[HB] 2025-09-14 18:32:44 CT OpenTrades=0 | ChooserArm=vwap | Gate=no | eps=0.049 | sessionR=0.00 | sessionN=0 | stall=no
[HB] 2025-09-14 18:32:45 CT OpenTrades=0 | ChooserArm=vwap | Gate=no | eps=0.049 | sessionR=0.00 | sessionN=0 | stall=no
[HB] 2025-09-14 18:32:46 CT OpenTrades=0 | ChooserArm=breakout | Gate=no | eps=0.049 | sessionR=0.00 | sessionN=0 | stall=no
[HB] 2025-09-14 18:32:47 CT OpenTrades=0 | ChooserArm=breakout | Gate=no | eps=0.049 | sessionR=0.00 | sessionN=0 | stall=no
[HB] 2025-09-14 18:32:48 CT OpenTrades=0 | ChooserArm=trend | Gate=no | eps=0.049 | sessionR=0.00 | sessionN=0 | stall=no
[HB] 2025-09-14 18:32:50 CT OpenTrades=0 | ChooserArm=vwap | Gate=no | eps=0.049 | sessionR=0.00 | sessionN=0 | stall=no
[HB] 2025-09-14 18:32:51 CT OpenTrades=0 | ChooserArm=reversion | Gate=no | eps=0.049 | sessionR=0.00 | sessionN=0 | stall=no
[HB] 2025-09-14 18:32:52 CT OpenTrades=0 | ChooserArm=breakout | Gate=no | eps=0.049 | sessionR=0.00 | sessionN=0 | stall=no
[HB] 2025-09-14 18:32:53 CT OpenTrades=0 | ChooserArm=trend | Gate=no | eps=0.049 | sessionR=0.00 | sessionN=0 | stall=no
[HB] 2025-09-14 18:32:54 CT OpenTrades=0 | ChooserArm=trend | Gate=no | eps=0.049 | sessionR=0.00 | sessionN=0 | stall=no
[HB] 2025-09-14 18:32:55 CT OpenTrades=0 | ChooserArm=reversion | Gate=no | eps=0.049 | sessionR=0.00 | sessionN=0 | stall=no
[HB] 2025-09-14 18:32:56 CT OpenTrades=0 | ChooserArm=breakout | Gate=no | eps=0.049 | sessionR=0.00 | sessionN=0 | stall=no
[REGIME] ADX=40.9  BBbw=0.0002  ATR%=0.000015  (ok=False)
[HB] 2025-09-14 18:32:57 CT OpenTrades=0 | ChooserArm=trend | Gate=no | eps=0.049 | sessionR=0.00 | sessionN=0 | stall=no
[HB] 2025-09-14 18:32:58 CT OpenTrades=0 | ChooserArm=reversion | Gate=no | eps=0.049 | sessionR=0.00 | sessionN=0 | stall=no
[HB] 2025-09-14 18:32:59 CT OpenTrades=0 | ChooserArm=breakout | Gate=no | eps=0.049 | sessionR=0.00 | sessionN=0 | stall=no
[HB] 2025-09-14 18:33:00 CT OpenTrades=0 | ChooserArm=trend | Gate=no | eps=0.049 | sessionR=0.00 | sessionN=0 | stall=no
[HB] 2025-09-14 18:33:01 CT OpenTrades=0 | ChooserArm=trend | Gate=no | eps=0.049 | sessionR=0.00 | sessionN=0 | stall=no
[HB] 2025-09-14 18:33:02 CT OpenTrades=0 | ChooserArm=vwap | Gate=no | eps=0.049 | sessionR=0.00 | sessionN=0 | stall=no
[HB] 2025-09-14 18:33:03 CT OpenTrades=0 | ChooserArm=vwap | Gate=no | eps=0.049 | sessionR=0.00 | sessionN=0 | stall=no
[HB] 2025-09-14 18:33:04 CT OpenTrades=0 | ChooserArm=trend | Gate=no | eps=0.049 | sessionR=0.00 | sessionN=0 | stall=no
[HB] 2025-09-14 18:33:05 CT OpenTrades=0 | ChooserArm=vwap | Gate=no | eps=0.049 | sessionR=0.00 | sessionN=0 | stall=no
[HB] 2025-09-14 18:33:06 CT OpenTrades=0 | ChooserArm=reversion | Gate=no | eps=0.049 | sessionR=0.00 | sessionN=0 | stall=no
[HB] 2025-09-14 18:33:07 CT OpenTrades=0 | ChooserArm=reversion | Gate=no | eps=0.049 | sessionR=0.00 | sessionN=0 | stall=no
[HB] 2025-09-14 18:33:08 CT OpenTrades=0 | ChooserArm=trend | Gate=no | eps=0.049 | sessionR=0.00 | sessionN=0 | stall=no
[HB] 2025-09-14 18:33:10 CT OpenTrades=0 | ChooserArm=trend | Gate=no | eps=0.049 | sessionR=0.00 | sessionN=0 | stall=no
[HB] 2025-09-14 18:33:11 CT OpenTrades=0 | ChooserArm=breakout | Gate=no | eps=0.049 | sessionR=0.00 | sessionN=0 | stall=no
[HB] 2025-09-14 18:33:12 CT OpenTrades=0 | ChooserArm=breakout | Gate=no | eps=0.049 | sessionR=0.00 | sessionN=0 | stall=no
[REGIME] ADX=40.0  BBbw=0.0002  ATR%=0.000010  (ok=False)
[HB] 2025-09-14 18:33:13 CT OpenTrades=0 | ChooserArm=reversion | Gate=no | eps=0.049 | sessionR=0.00 | sessionN=0 | stall=no
[HB] 2025-09-14 18:33:14 CT OpenTrades=0 | ChooserArm=trend | Gate=no | eps=0.049 | sessionR=0.00 | sessionN=0 | stall=no
[HB] 2025-09-14 18:33:15 CT OpenTrades=0 | ChooserArm=breakout | Gate=no | eps=0.049 | sessionR=0.00 | sessionN=0 | stall=no
[HB] 2025-09-14 18:33:16 CT OpenTrades=0 | ChooserArm=trend | Gate=no | eps=0.049 | sessionR=0.00 | sessionN=0 | stall=no
[HB] 2025-09-14 18:33:17 CT OpenTrades=0 | ChooserArm=vwap | Gate=no | eps=0.049 | sessionR=0.00 | sessionN=0 | stall=no
[HB] 2025-09-14 18:33:18 CT OpenTrades=0 | ChooserArm=trend | Gate=no | eps=0.049 | sessionR=0.00 | sessionN=0 | stall=no
[HB] 2025-09-14 18:33:19 CT OpenTrades=0 | ChooserArm=vwap | Gate=no | eps=0.049 | sessionR=0.00 | sessionN=0 | stall=no
[HB] 2025-09-14 18:33:20 CT OpenTrades=0 | ChooserArm=vwap | Gate=no | eps=0.049 | sessionR=0.00 | sessionN=0 | stall=no
[INFO] 2025-09-14 18:33:21 [ARMS] trend: EN n=0, avgR=+0.000, mu=+0.000, ucb=+0.769 | breakout: EN n=0, avgR=+0.000, mu=+0.000, ucb=+0.769 | reversion: EN n=0, avgR=+0.000, mu=+0.000, ucb=+0.769 | vwap: EN n=0, avgR=+0.000, mu=+0.000, ucb=+0.769
[HB] 2025-09-14 18:33:21 CT OpenTrades=0 | ChooserArm=vwap | Gate=no | eps=0.049 | sessionR=0.00 | sessionN=0 | stall=no
[HB] 2025-09-14 18:33:22 CT OpenTrades=0 | ChooserArm=vwap | Gate=no | eps=0.049 | sessionR=0.00 | sessionN=0 | stall=no
[HB] 2025-09-14 18:33:23 CT OpenTrades=0 | ChooserArm=breakout | Gate=no | eps=0.049 | sessionR=0.00 | sessionN=0 | stall=no
[HB] 2025-09-14 18:33:24 CT OpenTrades=0 | ChooserArm=reversion | Gate=no | eps=0.049 | sessionR=0.00 | sessionN=0 | stall=no
[HB] 2025-09-14 18:33:25 CT OpenTrades=0 | ChooserArm=breakout | Gate=no | eps=0.049 | sessionR=0.00 | sessionN=0 | stall=no
[HB] 2025-09-14 18:33:26 CT OpenTrades=0 | ChooserArm=reversion | Gate=no | eps=0.049 | sessionR=0.00 | sessionN=0 | stall=no
[HB] 2025-09-14 18:33:27 CT OpenTrades=0 | ChooserArm=reversion | Gate=no | eps=0.049 | sessionR=0.00 | sessionN=0 | stall=no
[REGIME] ADX=39.4  BBbw=0.0002  ATR%=0.000006  (ok=False)
[HB] 2025-09-14 18:33:28 CT OpenTrades=0 | ChooserArm=reversion | Gate=no | eps=0.049 | sessionR=0.00 | sessionN=0 | stall=no
[HB] 2025-09-14 18:33:30 CT OpenTrades=0 | ChooserArm=reversion | Gate=no | eps=0.049 | sessionR=0.00 | sessionN=0 | stall=no
[HB] 2025-09-14 18:33:31 CT OpenTrades=0 | ChooserArm=trend | Gate=no | eps=0.049 | sessionR=0.00 | sessionN=0 | stall=no
[HB] 2025-09-14 18:33:32 CT OpenTrades=0 | ChooserArm=breakout | Gate=no | eps=0.049 | sessionR=0.00 | sessionN=0 | stall=no
[HB] 2025-09-14 18:33:33 CT OpenTrades=0 | ChooserArm=trend | Gate=no | eps=0.049 | sessionR=0.00 | sessionN=0 | stall=no
[HB] 2025-09-14 18:33:34 CT OpenTrades=0 | ChooserArm=trend | Gate=no | eps=0.049 | sessionR=0.00 | sessionN=0 | stall=no
[HB] 2025-09-14 18:33:35 CT OpenTrades=0 | ChooserArm=reversion | Gate=no | eps=0.049 | sessionR=0.00 | sessionN=0 | stall=no
[HB] 2025-09-14 18:33:36 CT OpenTrades=0 | ChooserArm=trend | Gate=no | eps=0.049 | sessionR=0.00 | sessionN=0 | stall=no
[HB] 2025-09-14 18:33:37 CT OpenTrades=0 | ChooserArm=vwap | Gate=no | eps=0.049 | sessionR=0.00 | sessionN=0 | stall=no
[HB] 2025-09-14 18:33:38 CT OpenTrades=0 | ChooserArm=vwap | Gate=no | eps=0.049 | sessionR=0.00 | sessionN=0 | stall=no
[HB] 2025-09-14 18:33:39 CT OpenTrades=0 | ChooserArm=vwap | Gate=no | eps=0.049 | sessionR=0.00 | sessionN=0 | stall=no
[HB] 2025-09-14 18:33:40 CT OpenTrades=0 | ChooserArm=trend | Gate=no | eps=0.049 | sessionR=0.00 | sessionN=0 | stall=no
[HB] 2025-09-14 18:33:41 CT OpenTrades=0 | ChooserArm=trend | Gate=no | eps=0.049 | sessionR=0.00 | sessionN=0 | stall=no
[HB] 2025-09-14 18:33:42 CT OpenTrades=0 | ChooserArm=vwap | Gate=no | eps=0.049 | sessionR=0.00 | sessionN=0 | stall=no
[HB] 2025-09-14 18:33:43 CT OpenTrades=0 | ChooserArm=breakout | Gate=no | eps=0.049 | sessionR=0.00 | sessionN=0 | stall=no
[REGIME] ADX=43.6  BBbw=0.0002  ATR%=0.000009  (ok=False)
[HB] 2025-09-14 18:33:44 CT OpenTrades=0 | ChooserArm=trend | Gate=no | eps=0.049 | sessionR=0.00 | sessionN=0 | stall=no
[HB] 2025-09-14 18:33:45 CT OpenTrades=0 | ChooserArm=breakout | Gate=no | eps=0.049 | sessionR=0.00 | sessionN=0 | stall=no
[HB] 2025-09-14 18:33:46 CT OpenTrades=0 | ChooserArm=trend | Gate=no | eps=0.049 | sessionR=0.00 | sessionN=0 | stall=no
[HB] 2025-09-14 18:33:47 CT OpenTrades=0 | ChooserArm=trend | Gate=no | eps=0.049 | sessionR=0.00 | sessionN=0 | stall=no
[HB] 2025-09-14 18:33:48 CT OpenTrades=0 | ChooserArm=trend | Gate=no | eps=0.049 | sessionR=0.00 | sessionN=0 | stall=no
[HB] 2025-09-14 18:33:49 CT OpenTrades=0 | ChooserArm=vwap | Gate=no | eps=0.049 | sessionR=0.00 | sessionN=0 | stall=no
[HB] 2025-09-14 18:33:50 CT OpenTrades=0 | ChooserArm=breakout | Gate=no | eps=0.049 | sessionR=0.00 | sessionN=0 | stall=no
[HB] 2025-09-14 18:33:52 CT OpenTrades=0 | ChooserArm=breakout | Gate=no | eps=0.049 | sessionR=0.00 | sessionN=0 | stall=no
[HB] 2025-09-14 18:33:53 CT OpenTrades=0 | ChooserArm=trend | Gate=no | eps=0.049 | sessionR=0.00 | sessionN=0 | stall=no
[HB] 2025-09-14 18:33:54 CT OpenTrades=0 | ChooserArm=breakout | Gate=no | eps=0.049 | sessionR=0.00 | sessionN=0 | stall=no
[HB] 2025-09-14 18:33:55 CT OpenTrades=0 | ChooserArm=vwap | Gate=no | eps=0.049 | sessionR=0.00 | sessionN=0 | stall=no
[HB] 2025-09-14 18:33:56 CT OpenTrades=0 | ChooserArm=breakout | Gate=no | eps=0.049 | sessionR=0.00 | sessionN=0 | stall=no
[HB] 2025-09-14 18:33:57 CT OpenTrades=0 | ChooserArm=breakout | Gate=no | eps=0.049 | sessionR=0.00 | sessionN=0 | stall=no
[HB] 2025-09-14 18:33:58 CT OpenTrades=0 | ChooserArm=vwap | Gate=no | eps=0.049 | sessionR=0.00 | sessionN=0 | stall=no
[HB] 2025-09-14 18:33:59 CT OpenTrades=0 | ChooserArm=breakout | Gate=no | eps=0.049 | sessionR=0.00 | sessionN=0 | stall=no
[REGIME] ADX=53.5  BBbw=0.0001  ATR%=0.000020  (ok=False)
[HB] 2025-09-14 18:34:00 CT OpenTrades=0 | ChooserArm=reversion | Gate=no | eps=0.049 | sessionR=0.00 | sessionN=0 | stall=no
[HB] 2025-09-14 18:34:01 CT OpenTrades=0 | ChooserArm=vwap | Gate=no | eps=0.049 | sessionR=0.00 | sessionN=0 | stall=no
[HB] 2025-09-14 18:34:02 CT OpenTrades=0 | ChooserArm=vwap | Gate=no | eps=0.049 | sessionR=0.00 | sessionN=0 | stall=no
[HB] 2025-09-14 18:34:03 CT OpenTrades=0 | ChooserArm=breakout | Gate=no | eps=0.049 | sessionR=0.00 | sessionN=0 | stall=no
[HB] 2025-09-14 18:34:04 CT OpenTrades=0 | ChooserArm=breakout | Gate=no | eps=0.049 | sessionR=0.00 | sessionN=0 | stall=no
[HB] 2025-09-14 18:34:05 CT OpenTrades=0 | ChooserArm=trend | Gate=no | eps=0.049 | sessionR=0.00 | sessionN=0 | stall=no
[HB] 2025-09-14 18:34:06 CT OpenTrades=0 | ChooserArm=breakout | Gate=no | eps=0.049 | sessionR=0.00 | sessionN=0 | stall=no
[HB] 2025-09-14 18:34:07 CT OpenTrades=0 | ChooserArm=trend | Gate=no | eps=0.049 | sessionR=0.00 | sessionN=0 | stall=no
[HB] 2025-09-14 18:34:08 CT OpenTrades=0 | ChooserArm=vwap | Gate=no | eps=0.049 | sessionR=0.00 | sessionN=0 | stall=no
[HB] 2025-09-14 18:34:09 CT OpenTrades=0 | ChooserArm=trend | Gate=no | eps=0.049 | sessionR=0.00 | sessionN=0 | stall=no
[HB] 2025-09-14 18:34:11 CT OpenTrades=0 | ChooserArm=vwap | Gate=no | eps=0.049 | sessionR=0.00 | sessionN=0 | stall=no
[HB] 2025-09-14 18:34:12 CT OpenTrades=0 | ChooserArm=breakout | Gate=no | eps=0.049 | sessionR=0.00 | sessionN=0 | stall=no
[HB] 2025-09-14 18:34:13 CT OpenTrades=0 | ChooserArm=reversion | Gate=no | eps=0.049 | sessionR=0.00 | sessionN=0 | stall=no
[HB] 2025-09-14 18:34:14 CT OpenTrades=0 | ChooserArm=reversion | Gate=no | eps=0.049 | sessionR=0.00 | sessionN=0 | stall=no
[HB] 2025-09-14 18:34:15 CT OpenTrades=0 | ChooserArm=breakout | Gate=no | eps=0.049 | sessionR=0.00 | sessionN=0 | stall=no
[REGIME] ADX=60.0  BBbw=0.0001  ATR%=0.000013  (ok=False)
[HB] 2025-09-14 18:34:16 CT OpenTrades=0 | ChooserArm=breakout | Gate=no | eps=0.049 | sessionR=0.00 | sessionN=0 | stall=no
[HB] 2025-09-14 18:34:17 CT OpenTrades=0 | ChooserArm=vwap | Gate=no | eps=0.049 | sessionR=0.00 | sessionN=0 | stall=no
[HB] 2025-09-14 18:34:18 CT OpenTrades=0 | ChooserArm=breakout | Gate=no | eps=0.049 | sessionR=0.00 | sessionN=0 | stall=no
[HB] 2025-09-14 18:34:19 CT OpenTrades=0 | ChooserArm=reversion | Gate=no | eps=0.049 | sessionR=0.00 | sessionN=0 | stall=no
[HB] 2025-09-14 18:34:20 CT OpenTrades=0 | ChooserArm=vwap | Gate=no | eps=0.049 | sessionR=0.00 | sessionN=0 | stall=no
[INFO] 2025-09-14 18:34:21 [ARMS] trend: EN n=0, avgR=+0.000, mu=+0.000, ucb=+0.955 | breakout: EN n=0, avgR=+0.000, mu=+0.000, ucb=+0.955 | reversion: EN n=0, avgR=+0.000, mu=+0.000, ucb=+0.955 | vwap: EN n=0, avgR=+0.000, mu=+0.000, ucb=+0.955
[HB] 2025-09-14 18:34:21 CT OpenTrades=0 | ChooserArm=vwap | Gate=no | eps=0.049 | sessionR=0.00 | sessionN=0 | stall=no
[HB] 2025-09-14 18:34:22 CT OpenTrades=0 | ChooserArm=trend | Gate=no | eps=0.049 | sessionR=0.00 | sessionN=0 | stall=no
[HB] 2025-09-14 18:34:23 CT OpenTrades=0 | ChooserArm=trend | Gate=no | eps=0.049 | sessionR=0.00 | sessionN=0 | stall=no
[HB] 2025-09-14 18:34:24 CT OpenTrades=0 | ChooserArm=vwap | Gate=no | eps=0.049 | sessionR=0.00 | sessionN=0 | stall=no
[HB] 2025-09-14 18:34:25 CT OpenTrades=0 | ChooserArm=vwap | Gate=no | eps=0.049 | sessionR=0.00 | sessionN=0 | stall=no
[HB] 2025-09-14 18:34:26 CT OpenTrades=0 | ChooserArm=reversion | Gate=no | eps=0.049 | sessionR=0.00 | sessionN=0 | stall=no
[HB] 2025-09-14 18:34:27 CT OpenTrades=0 | ChooserArm=breakout | Gate=no | eps=0.049 | sessionR=0.00 | sessionN=0 | stall=no
[HB] 2025-09-14 18:34:29 CT OpenTrades=0 | ChooserArm=vwap | Gate=no | eps=0.049 | sessionR=0.00 | sessionN=0 | stall=no
[HB] 2025-09-14 18:34:30 CT OpenTrades=0 | ChooserArm=reversion | Gate=no | eps=0.049 | sessionR=0.00 | sessionN=0 | stall=no
[HB] 2025-09-14 18:34:31 CT OpenTrades=0 | ChooserArm=reversion | Gate=no | eps=0.049 | sessionR=0.00 | sessionN=0 | stall=no
[REGIME] ADX=64.2  BBbw=0.0001  ATR%=0.000008  (ok=False)
[HB] 2025-09-14 18:34:32 CT OpenTrades=0 | ChooserArm=trend | Gate=no | eps=0.049 | sessionR=0.00 | sessionN=0 | stall=no
[HB] 2025-09-14 18:34:33 CT OpenTrades=0 | ChooserArm=vwap | Gate=no | eps=0.049 | sessionR=0.00 | sessionN=0 | stall=no
[HB] 2025-09-14 18:34:34 CT OpenTrades=0 | ChooserArm=trend | Gate=no | eps=0.049 | sessionR=0.00 | sessionN=0 | stall=no
[HB] 2025-09-14 18:34:35 CT OpenTrades=0 | ChooserArm=reversion | Gate=no | eps=0.049 | sessionR=0.00 | sessionN=0 | stall=no
[HB] 2025-09-14 18:34:36 CT OpenTrades=0 | ChooserArm=trend | Gate=no | eps=0.049 | sessionR=0.00 | sessionN=0 | stall=no
[HB] 2025-09-14 18:34:37 CT OpenTrades=0 | ChooserArm=vwap | Gate=no | eps=0.049 | sessionR=0.00 | sessionN=0 | stall=no
[HB] 2025-09-14 18:34:38 CT OpenTrades=0 | ChooserArm=trend | Gate=no | eps=0.049 | sessionR=0.00 | sessionN=0 | stall=no
[HB] 2025-09-14 18:34:39 CT OpenTrades=0 | ChooserArm=vwap | Gate=no | eps=0.049 | sessionR=0.00 | sessionN=0 | stall=no
[HB] 2025-09-14 18:34:40 CT OpenTrades=0 | ChooserArm=reversion | Gate=no | eps=0.049 | sessionR=0.00 | sessionN=0 | stall=no
[HB] 2025-09-14 18:34:41 CT OpenTrades=0 | ChooserArm=breakout | Gate=no | eps=0.049 | sessionR=0.00 | sessionN=0 | stall=no
[HB] 2025-09-14 18:34:42 CT OpenTrades=0 | ChooserArm=trend | Gate=no | eps=0.049 | sessionR=0.00 | sessionN=0 | stall=no
[HB] 2025-09-14 18:34:43 CT OpenTrades=0 | ChooserArm=breakout | Gate=no | eps=0.049 | sessionR=0.00 | sessionN=0 | stall=no
[HB] 2025-09-14 18:34:44 CT OpenTrades=0 | ChooserArm=reversion | Gate=no | eps=0.049 | sessionR=0.00 | sessionN=0 | stall=no
[HB] 2025-09-14 18:34:45 CT OpenTrades=0 | ChooserArm=reversion | Gate=no | eps=0.049 | sessionR=0.00 | sessionN=0 | stall=no
[HB] 2025-09-14 18:34:46 CT OpenTrades=0 | ChooserArm=vwap | Gate=no | eps=0.049 | sessionR=0.00 | sessionN=0 | stall=no
[REGIME] ADX=52.0  BBbw=0.0001  ATR%=0.000013  (ok=False)
[HB] 2025-09-14 18:34:47 CT OpenTrades=0 | ChooserArm=reversion | Gate=no | eps=0.049 | sessionR=0.00 | sessionN=0 | stall=no
[HB] 2025-09-14 18:34:48 CT OpenTrades=0 | ChooserArm=trend | Gate=no | eps=0.049 | sessionR=0.00 | sessionN=0 | stall=no
[HB] 2025-09-14 18:34:50 CT OpenTrades=0 | ChooserArm=trend | Gate=no | eps=0.049 | sessionR=0.00 | sessionN=0 | stall=no
[HB] 2025-09-14 18:34:51 CT OpenTrades=0 | ChooserArm=reversion | Gate=no | eps=0.049 | sessionR=0.00 | sessionN=0 | stall=no
[HB] 2025-09-14 18:34:52 CT OpenTrades=0 | ChooserArm=trend | Gate=no | eps=0.049 | sessionR=0.00 | sessionN=0 | stall=no
[HB] 2025-09-14 18:34:53 CT OpenTrades=0 | ChooserArm=reversion | Gate=no | eps=0.049 | sessionR=0.00 | sessionN=0 | stall=no
[HB] 2025-09-14 18:34:54 CT OpenTrades=0 | ChooserArm=reversion | Gate=no | eps=0.049 | sessionR=0.00 | sessionN=0 | stall=no
[HB] 2025-09-14 18:34:55 CT OpenTrades=0 | ChooserArm=trend | Gate=no | eps=0.049 | sessionR=0.00 | sessionN=0 | stall=no
[HB] 2025-09-14 18:34:56 CT OpenTrades=0 | ChooserArm=trend | Gate=no | eps=0.049 | sessionR=0.00 | sessionN=0 | stall=no
[HB] 2025-09-14 18:34:57 CT OpenTrades=0 | ChooserArm=vwap | Gate=no | eps=0.049 | sessionR=0.00 | sessionN=0 | stall=no
[HB] 2025-09-14 18:34:58 CT OpenTrades=0 | ChooserArm=breakout | Gate=no | eps=0.049 | sessionR=0.00 | sessionN=0 | stall=no
[HB] 2025-09-14 18:34:59 CT OpenTrades=0 | ChooserArm=vwap | Gate=no | eps=0.049 | sessionR=0.00 | sessionN=0 | stall=no
[HB] 2025-09-14 18:35:00 CT OpenTrades=0 | ChooserArm=breakout | Gate=no | eps=0.049 | sessionR=0.00 | sessionN=0 | stall=no
[HB] 2025-09-14 18:35:01 CT OpenTrades=0 | ChooserArm=trend | Gate=no | eps=0.049 | sessionR=0.00 | sessionN=0 | stall=no
[HB] 2025-09-14 18:35:02 CT OpenTrades=0 | ChooserArm=breakout | Gate=no | eps=0.049 | sessionR=0.00 | sessionN=0 | stall=no
[REGIME] ADX=48.2  BBbw=0.0001  ATR%=0.000013  (ok=False)
[HB] 2025-09-14 18:35:03 CT OpenTrades=0 | ChooserArm=trend | Gate=no | eps=0.049 | sessionR=0.00 | sessionN=0 | stall=no
[HB] 2025-09-14 18:35:04 CT OpenTrades=0 | ChooserArm=breakout | Gate=no | eps=0.049 | sessionR=0.00 | sessionN=0 | stall=no
[HB] 2025-09-14 18:35:05 CT OpenTrades=0 | ChooserArm=breakout | Gate=no | eps=0.049 | sessionR=0.00 | sessionN=0 | stall=no
[HB] 2025-09-14 18:35:06 CT OpenTrades=0 | ChooserArm=vwap | Gate=no | eps=0.049 | sessionR=0.00 | sessionN=0 | stall=no
[HB] 2025-09-14 18:35:07 CT OpenTrades=0 | ChooserArm=reversion | Gate=no | eps=0.049 | sessionR=0.00 | sessionN=0 | stall=no
[HB] 2025-09-14 18:35:08 CT OpenTrades=0 | ChooserArm=trend | Gate=no | eps=0.049 | sessionR=0.00 | sessionN=0 | stall=no
[HB] 2025-09-14 18:35:10 CT OpenTrades=0 | ChooserArm=trend | Gate=no | eps=0.049 | sessionR=0.00 | sessionN=0 | stall=no
[HB] 2025-09-14 18:35:11 CT OpenTrades=0 | ChooserArm=vwap | Gate=no | eps=0.049 | sessionR=0.00 | sessionN=0 | stall=no
[HB] 2025-09-14 18:35:12 CT OpenTrades=0 | ChooserArm=breakout | Gate=no | eps=0.049 | sessionR=0.00 | sessionN=0 | stall=no
[HB] 2025-09-14 18:35:13 CT OpenTrades=0 | ChooserArm=vwap | Gate=no | eps=0.049 | sessionR=0.00 | sessionN=0 | stall=no
[HB] 2025-09-14 18:35:14 CT OpenTrades=0 | ChooserArm=vwap | Gate=no | eps=0.049 | sessionR=0.00 | sessionN=0 | stall=no
[HB] 2025-09-14 18:35:15 CT OpenTrades=0 | ChooserArm=trend | Gate=no | eps=0.049 | sessionR=0.00 | sessionN=0 | stall=no
[HB] 2025-09-14 18:35:16 CT OpenTrades=0 | ChooserArm=trend | Gate=no | eps=0.049 | sessionR=0.00 | sessionN=0 | stall=no
[HB] 2025-09-14 18:35:17 CT OpenTrades=0 | ChooserArm=trend | Gate=no | eps=0.049 | sessionR=0.00 | sessionN=0 | stall=no
[HB] 2025-09-14 18:35:18 CT OpenTrades=0 | ChooserArm=breakout | Gate=no | eps=0.049 | sessionR=0.00 | sessionN=0 | stall=no
[REGIME] ADX=49.2  BBbw=0.0001  ATR%=0.000016  (ok=False)
[HB] 2025-09-14 18:35:19 CT OpenTrades=0 | ChooserArm=trend | Gate=no | eps=0.049 | sessionR=0.00 | sessionN=0 | stall=no
[HB] 2025-09-14 18:35:20 CT OpenTrades=0 | ChooserArm=breakout | Gate=no | eps=0.049 | sessionR=0.00 | sessionN=0 | stall=no
[INFO] 2025-09-14 18:35:21 [ARMS] trend: EN n=0, avgR=+0.000, mu=+0.000, ucb=+0.847 | breakout: EN n=0, avgR=+0.000, mu=+0.000, ucb=+0.847 | reversion: EN n=0, avgR=+0.000, mu=+0.000, ucb=+0.847 | vwap: EN n=0, avgR=+0.000, mu=+0.000, ucb=+0.847
[HB] 2025-09-14 18:35:21 CT OpenTrades=0 | ChooserArm=breakout | Gate=no | eps=0.049 | sessionR=0.00 | sessionN=0 | stall=no
[HB] 2025-09-14 18:35:22 CT OpenTrades=0 | ChooserArm=vwap | Gate=no | eps=0.049 | sessionR=0.00 | sessionN=0 | stall=no
[HB] 2025-09-14 18:35:23 CT OpenTrades=0 | ChooserArm=reversion | Gate=no | eps=0.049 | sessionR=0.00 | sessionN=0 | stall=no
[HB] 2025-09-14 18:35:24 CT OpenTrades=0 | ChooserArm=breakout | Gate=no | eps=0.049 | sessionR=0.00 | sessionN=0 | stall=no
[HB] 2025-09-14 18:35:25 CT OpenTrades=0 | ChooserArm=vwap | Gate=no | eps=0.049 | sessionR=0.00 | sessionN=0 | stall=no
[HB] 2025-09-14 18:35:26 CT OpenTrades=0 | ChooserArm=reversion | Gate=no | eps=0.049 | sessionR=0.00 | sessionN=0 | stall=no
[HB] 2025-09-14 18:35:28 CT OpenTrades=0 | ChooserArm=breakout | Gate=no | eps=0.049 | sessionR=0.00 | sessionN=0 | stall=no
[HB] 2025-09-14 18:35:29 CT OpenTrades=0 | ChooserArm=breakout | Gate=no | eps=0.049 | sessionR=0.00 | sessionN=0 | stall=no
[HB] 2025-09-14 18:35:30 CT OpenTrades=0 | ChooserArm=reversion | Gate=no | eps=0.049 | sessionR=0.00 | sessionN=0 | stall=no
[HB] 2025-09-14 18:35:31 CT OpenTrades=0 | ChooserArm=vwap | Gate=no | eps=0.049 | sessionR=0.00 | sessionN=0 | stall=no
[HB] 2025-09-14 18:35:32 CT OpenTrades=0 | ChooserArm=vwap | Gate=no | eps=0.049 | sessionR=0.00 | sessionN=0 | stall=no
[HB] 2025-09-14 18:35:33 CT OpenTrades=0 | ChooserArm=reversion | Gate=no | eps=0.049 | sessionR=0.00 | sessionN=0 | stall=no
[HB] 2025-09-14 18:35:34 CT OpenTrades=0 | ChooserArm=reversion | Gate=no | eps=0.049 | sessionR=0.00 | sessionN=0 | stall=no
[REGIME] ADX=49.9  BBbw=0.0001  ATR%=0.000010  (ok=False)
[HB] 2025-09-14 18:35:35 CT OpenTrades=0 | ChooserArm=trend | Gate=no | eps=0.049 | sessionR=0.00 | sessionN=0 | stall=no
[HB] 2025-09-14 18:35:36 CT OpenTrades=0 | ChooserArm=vwap | Gate=no | eps=0.049 | sessionR=0.00 | sessionN=0 | stall=no
[HB] 2025-09-14 18:35:37 CT OpenTrades=0 | ChooserArm=vwap | Gate=no | eps=0.049 | sessionR=0.00 | sessionN=0 | stall=no
[HB] 2025-09-14 18:35:38 CT OpenTrades=0 | ChooserArm=vwap | Gate=no | eps=0.049 | sessionR=0.00 | sessionN=0 | stall=no
[HB] 2025-09-14 18:35:39 CT OpenTrades=0 | ChooserArm=reversion | Gate=no | eps=0.049 | sessionR=0.00 | sessionN=0 | stall=no
[HB] 2025-09-14 18:35:40 CT OpenTrades=0 | ChooserArm=reversion | Gate=no | eps=0.049 | sessionR=0.00 | sessionN=0 | stall=no
[HB] 2025-09-14 18:35:41 CT OpenTrades=0 | ChooserArm=trend | Gate=no | eps=0.049 | sessionR=0.00 | sessionN=0 | stall=no
[HB] 2025-09-14 18:35:42 CT OpenTrades=0 | ChooserArm=trend | Gate=no | eps=0.049 | sessionR=0.00 | sessionN=0 | stall=no
[HB] 2025-09-14 18:35:43 CT OpenTrades=0 | ChooserArm=trend | Gate=no | eps=0.049 | sessionR=0.00 | sessionN=0 | stall=no
[HB] 2025-09-14 18:35:44 CT OpenTrades=0 | ChooserArm=trend | Gate=no | eps=0.049 | sessionR=0.00 | sessionN=0 | stall=no
[HB] 2025-09-14 18:35:45 CT OpenTrades=0 | ChooserArm=reversion | Gate=no | eps=0.049 | sessionR=0.00 | sessionN=0 | stall=no
[HB] 2025-09-14 18:35:46 CT OpenTrades=0 | ChooserArm=trend | Gate=no | eps=0.049 | sessionR=0.00 | sessionN=0 | stall=no
[HB] 2025-09-14 18:35:47 CT OpenTrades=0 | ChooserArm=breakout | Gate=no | eps=0.049 | sessionR=0.00 | sessionN=0 | stall=no
[HB] 2025-09-14 18:35:48 CT OpenTrades=0 | ChooserArm=breakout | Gate=no | eps=0.049 | sessionR=0.00 | sessionN=0 | stall=no
[HB] 2025-09-14 18:35:50 CT OpenTrades=0 | ChooserArm=reversion | Gate=no | eps=0.049 | sessionR=0.00 | sessionN=0 | stall=no
[REGIME] ADX=59.9  BBbw=0.0001  ATR%=0.000010  (ok=False)
[HB] 2025-09-14 18:35:51 CT OpenTrades=0 | ChooserArm=trend | Gate=no | eps=0.049 | sessionR=0.00 | sessionN=0 | stall=no
[HB] 2025-09-14 18:35:52 CT OpenTrades=0 | ChooserArm=breakout | Gate=no | eps=0.049 | sessionR=0.00 | sessionN=0 | stall=no
[HB] 2025-09-14 18:35:53 CT OpenTrades=0 | ChooserArm=vwap | Gate=no | eps=0.049 | sessionR=0.00 | sessionN=0 | stall=no
[HB] 2025-09-14 18:35:54 CT OpenTrades=0 | ChooserArm=reversion | Gate=no | eps=0.049 | sessionR=0.00 | sessionN=0 | stall=no
[HB] 2025-09-14 18:35:55 CT OpenTrades=0 | ChooserArm=reversion | Gate=no | eps=0.049 | sessionR=0.00 | sessionN=0 | stall=no
[HB] 2025-09-14 18:35:56 CT OpenTrades=0 | ChooserArm=vwap | Gate=no | eps=0.049 | sessionR=0.00 | sessionN=0 | stall=no
[HB] 2025-09-14 18:35:57 CT OpenTrades=0 | ChooserArm=vwap | Gate=no | eps=0.049 | sessionR=0.00 | sessionN=0 | stall=no
[HB] 2025-09-14 18:35:58 CT OpenTrades=0 | ChooserArm=breakout | Gate=no | eps=0.049 | sessionR=0.00 | sessionN=0 | stall=no
[HB] 2025-09-14 18:35:59 CT OpenTrades=0 | ChooserArm=breakout | Gate=no | eps=0.049 | sessionR=0.00 | sessionN=0 | stall=no
[HB] 2025-09-14 18:36:00 CT OpenTrades=0 | ChooserArm=trend | Gate=no | eps=0.049 | sessionR=0.00 | sessionN=0 | stall=no
[HB] 2025-09-14 18:36:01 CT OpenTrades=0 | ChooserArm=breakout | Gate=no | eps=0.049 | sessionR=0.00 | sessionN=0 | stall=no
[HB] 2025-09-14 18:36:02 CT OpenTrades=0 | ChooserArm=vwap | Gate=no | eps=0.049 | sessionR=0.00 | sessionN=0 | stall=no
[HB] 2025-09-14 18:36:03 CT OpenTrades=0 | ChooserArm=reversion | Gate=no | eps=0.049 | sessionR=0.00 | sessionN=0 | stall=no
[HB] 2025-09-14 18:36:04 CT OpenTrades=0 | ChooserArm=vwap | Gate=no | eps=0.049 | sessionR=0.00 | sessionN=0 | stall=no
[HB] 2025-09-14 18:36:05 CT OpenTrades=0 | ChooserArm=reversion | Gate=no | eps=0.049 | sessionR=0.00 | sessionN=0 | stall=no
[REGIME] ADX=66.5  BBbw=0.0001  ATR%=0.000007  (ok=False)
[HB] 2025-09-14 18:36:06 CT OpenTrades=0 | ChooserArm=vwap | Gate=no | eps=0.049 | sessionR=0.00 | sessionN=0 | stall=no
[HB] 2025-09-14 18:36:07 CT OpenTrades=0 | ChooserArm=trend | Gate=no | eps=0.049 | sessionR=0.00 | sessionN=0 | stall=no
[HB] 2025-09-14 18:36:08 CT OpenTrades=0 | ChooserArm=trend | Gate=no | eps=0.049 | sessionR=0.00 | sessionN=0 | stall=no
[HB] 2025-09-14 18:36:09 CT OpenTrades=0 | ChooserArm=breakout | Gate=no | eps=0.049 | sessionR=0.00 | sessionN=0 | stall=no
[HB] 2025-09-14 18:36:11 CT OpenTrades=0 | ChooserArm=breakout | Gate=no | eps=0.049 | sessionR=0.00 | sessionN=0 | stall=no
[HB] 2025-09-14 18:36:12 CT OpenTrades=0 | ChooserArm=reversion | Gate=no | eps=0.049 | sessionR=0.00 | sessionN=0 | stall=no
[HB] 2025-09-14 18:36:13 CT OpenTrades=0 | ChooserArm=breakout | Gate=no | eps=0.049 | sessionR=0.00 | sessionN=0 | stall=no
[HB] 2025-09-14 18:36:14 CT OpenTrades=0 | ChooserArm=breakout | Gate=no | eps=0.049 | sessionR=0.00 | sessionN=0 | stall=no
[HB] 2025-09-14 18:36:15 CT OpenTrades=0 | ChooserArm=breakout | Gate=no | eps=0.049 | sessionR=0.00 | sessionN=0 | stall=no
[HB] 2025-09-14 18:36:16 CT OpenTrades=0 | ChooserArm=vwap | Gate=no | eps=0.049 | sessionR=0.00 | sessionN=0 | stall=no
[HB] 2025-09-14 18:36:17 CT OpenTrades=0 | ChooserArm=breakout | Gate=no | eps=0.049 | sessionR=0.00 | sessionN=0 | stall=no
[HB] 2025-09-14 18:36:18 CT OpenTrades=0 | ChooserArm=trend | Gate=no | eps=0.049 | sessionR=0.00 | sessionN=0 | stall=no
[HB] 2025-09-14 18:36:19 CT OpenTrades=0 | ChooserArm=vwap | Gate=no | eps=0.048 | sessionR=0.00 | sessionN=0 | stall=no
[HB] 2025-09-14 18:36:20 CT OpenTrades=0 | ChooserArm=breakout | Gate=no | eps=0.048 | sessionR=0.00 | sessionN=0 | stall=no
[HB] 2025-09-14 18:36:21 CT OpenTrades=0 | ChooserArm=reversion | Gate=no | eps=0.048 | sessionR=0.00 | sessionN=0 | stall=no
[REGIME] ADX=63.9  BBbw=0.0001  ATR%=0.000011  (ok=False)
[INFO] 2025-09-14 18:36:22 [ARMS] trend: EN n=0, avgR=+0.000, mu=+0.000, ucb=+0.976 | breakout: EN n=0, avgR=+0.000, mu=+0.000, ucb=+0.976 | reversion: EN n=0, avgR=+0.000, mu=+0.000, ucb=+0.976 | vwap: EN n=0, avgR=+0.000, mu=+0.000, ucb=+0.976
[HB] 2025-09-14 18:36:22 CT OpenTrades=0 | ChooserArm=trend | Gate=no | eps=0.048 | sessionR=0.00 | sessionN=0 | stall=no
[HB] 2025-09-14 18:36:23 CT OpenTrades=0 | ChooserArm=breakout | Gate=no | eps=0.048 | sessionR=0.00 | sessionN=0 | stall=no
[HB] 2025-09-14 18:36:24 CT OpenTrades=0 | ChooserArm=trend | Gate=no | eps=0.048 | sessionR=0.00 | sessionN=0 | stall=no
[HB] 2025-09-14 18:36:25 CT OpenTrades=0 | ChooserArm=vwap | Gate=no | eps=0.048 | sessionR=0.00 | sessionN=0 | stall=no
[HB] 2025-09-14 18:36:26 CT OpenTrades=0 | ChooserArm=breakout | Gate=no | eps=0.048 | sessionR=0.00 | sessionN=0 | stall=no
[HB] 2025-09-14 18:36:27 CT OpenTrades=0 | ChooserArm=trend | Gate=no | eps=0.048 | sessionR=0.00 | sessionN=0 | stall=no
[HB] 2025-09-14 18:36:28 CT OpenTrades=0 | ChooserArm=trend | Gate=no | eps=0.048 | sessionR=0.00 | sessionN=0 | stall=no
[HB] 2025-09-14 18:36:29 CT OpenTrades=0 | ChooserArm=trend | Gate=no | eps=0.048 | sessionR=0.00 | sessionN=0 | stall=no
[HB] 2025-09-14 18:36:30 CT OpenTrades=0 | ChooserArm=reversion | Gate=no | eps=0.048 | sessionR=0.00 | sessionN=0 | stall=no
[HB] 2025-09-14 18:36:31 CT OpenTrades=0 | ChooserArm=vwap | Gate=no | eps=0.048 | sessionR=0.00 | sessionN=0 | stall=no
[HB] 2025-09-14 18:36:33 CT OpenTrades=0 | ChooserArm=breakout | Gate=no | eps=0.048 | sessionR=0.00 | sessionN=0 | stall=no
[HB] 2025-09-14 18:36:34 CT OpenTrades=0 | ChooserArm=reversion | Gate=no | eps=0.048 | sessionR=0.00 | sessionN=0 | stall=no
[HB] 2025-09-14 18:36:35 CT OpenTrades=0 | ChooserArm=vwap | Gate=no | eps=0.048 | sessionR=0.00 | sessionN=0 | stall=no
[HB] 2025-09-14 18:36:36 CT OpenTrades=0 | ChooserArm=trend | Gate=no | eps=0.048 | sessionR=0.00 | sessionN=0 | stall=no
[HB] 2025-09-14 18:36:37 CT OpenTrades=0 | ChooserArm=breakout | Gate=no | eps=0.048 | sessionR=0.00 | sessionN=0 | stall=no
[REGIME] ADX=48.8  BBbw=0.0001  ATR%=0.000012  (ok=False)
[HB] 2025-09-14 18:36:38 CT OpenTrades=0 | ChooserArm=trend | Gate=no | eps=0.048 | sessionR=0.00 | sessionN=0 | stall=no
[HB] 2025-09-14 18:36:39 CT OpenTrades=0 | ChooserArm=trend | Gate=no | eps=0.048 | sessionR=0.00 | sessionN=0 | stall=no
[HB] 2025-09-14 18:36:40 CT OpenTrades=0 | ChooserArm=trend | Gate=no | eps=0.048 | sessionR=0.00 | sessionN=0 | stall=no
[HB] 2025-09-14 18:36:41 CT OpenTrades=0 | ChooserArm=vwap | Gate=no | eps=0.048 | sessionR=0.00 | sessionN=0 | stall=no
[HB] 2025-09-14 18:36:42 CT OpenTrades=0 | ChooserArm=reversion | Gate=no | eps=0.048 | sessionR=0.00 | sessionN=0 | stall=no
[HB] 2025-09-14 18:36:43 CT OpenTrades=0 | ChooserArm=breakout | Gate=no | eps=0.048 | sessionR=0.00 | sessionN=0 | stall=no
[HB] 2025-09-14 18:36:44 CT OpenTrades=0 | ChooserArm=trend | Gate=no | eps=0.048 | sessionR=0.00 | sessionN=0 | stall=no
[HB] 2025-09-14 18:36:45 CT OpenTrades=0 | ChooserArm=reversion | Gate=no | eps=0.048 | sessionR=0.00 | sessionN=0 | stall=no
[HB] 2025-09-14 18:36:46 CT OpenTrades=0 | ChooserArm=breakout | Gate=no | eps=0.048 | sessionR=0.00 | sessionN=0 | stall=no
[HB] 2025-09-14 18:36:47 CT OpenTrades=0 | ChooserArm=reversion | Gate=no | eps=0.048 | sessionR=0.00 | sessionN=0 | stall=no
[HB] 2025-09-14 18:36:48 CT OpenTrades=0 | ChooserArm=trend | Gate=no | eps=0.048 | sessionR=0.00 | sessionN=0 | stall=no
[HB] 2025-09-14 18:36:49 CT OpenTrades=0 | ChooserArm=vwap | Gate=no | eps=0.048 | sessionR=0.00 | sessionN=0 | stall=no
[HB] 2025-09-14 18:36:50 CT OpenTrades=0 | ChooserArm=trend | Gate=no | eps=0.048 | sessionR=0.00 | sessionN=0 | stall=no
[HB] 2025-09-14 18:36:52 CT OpenTrades=0 | ChooserArm=trend | Gate=no | eps=0.048 | sessionR=0.00 | sessionN=0 | stall=no
[HB] 2025-09-14 18:36:53 CT OpenTrades=0 | ChooserArm=vwap | Gate=no | eps=0.048 | sessionR=0.00 | sessionN=0 | stall=no
[REGIME] ADX=34.0  BBbw=0.0001  ATR%=0.000008  (ok=False)
[HB] 2025-09-14 18:36:54 CT OpenTrades=0 | ChooserArm=trend | Gate=no | eps=0.048 | sessionR=0.00 | sessionN=0 | stall=no
[HB] 2025-09-14 18:36:55 CT OpenTrades=0 | ChooserArm=reversion | Gate=no | eps=0.048 | sessionR=0.00 | sessionN=0 | stall=no
[HB] 2025-09-14 18:36:56 CT OpenTrades=0 | ChooserArm=reversion | Gate=no | eps=0.048 | sessionR=0.00 | sessionN=0 | stall=no
[HB] 2025-09-14 18:36:57 CT OpenTrades=0 | ChooserArm=reversion | Gate=no | eps=0.048 | sessionR=0.00 | sessionN=0 | stall=no
[HB] 2025-09-14 18:36:58 CT OpenTrades=0 | ChooserArm=reversion | Gate=no | eps=0.048 | sessionR=0.00 | sessionN=0 | stall=no
[HB] 2025-09-14 18:36:59 CT OpenTrades=0 | ChooserArm=trend | Gate=no | eps=0.048 | sessionR=0.00 | sessionN=0 | stall=no
[HB] 2025-09-14 18:37:00 CT OpenTrades=0 | ChooserArm=breakout | Gate=no | eps=0.048 | sessionR=0.00 | sessionN=0 | stall=no
[HB] 2025-09-14 18:37:01 CT OpenTrades=0 | ChooserArm=trend | Gate=no | eps=0.048 | sessionR=0.00 | sessionN=0 | stall=no
[HB] 2025-09-14 18:37:02 CT OpenTrades=0 | ChooserArm=trend | Gate=no | eps=0.048 | sessionR=0.00 | sessionN=0 | stall=no
[HB] 2025-09-14 18:37:03 CT OpenTrades=0 | ChooserArm=trend | Gate=no | eps=0.048 | sessionR=0.00 | sessionN=0 | stall=no
[HB] 2025-09-14 18:37:04 CT OpenTrades=0 | ChooserArm=reversion | Gate=no | eps=0.048 | sessionR=0.00 | sessionN=0 | stall=no
[HB] 2025-09-14 18:37:05 CT OpenTrades=0 | ChooserArm=breakout | Gate=no | eps=0.048 | sessionR=0.00 | sessionN=0 | stall=no
[HB] 2025-09-14 18:37:06 CT OpenTrades=0 | ChooserArm=reversion | Gate=no | eps=0.048 | sessionR=0.00 | sessionN=0 | stall=no
[HB] 2025-09-14 18:37:07 CT OpenTrades=0 | ChooserArm=trend | Gate=no | eps=0.048 | sessionR=0.00 | sessionN=0 | stall=no
[HB] 2025-09-14 18:37:08 CT OpenTrades=0 | ChooserArm=reversion | Gate=no | eps=0.048 | sessionR=0.00 | sessionN=0 | stall=no
[REGIME] ADX=24.4  BBbw=0.0001  ATR%=0.000005  (ok=False)
[HB] 2025-09-14 18:37:09 CT OpenTrades=0 | ChooserArm=vwap | Gate=no | eps=0.048 | sessionR=0.00 | sessionN=0 | stall=no
[HB] 2025-09-14 18:37:10 CT OpenTrades=0 | ChooserArm=vwap | Gate=no | eps=0.048 | sessionR=0.00 | sessionN=0 | stall=no
[HB] 2025-09-14 18:37:12 CT OpenTrades=0 | ChooserArm=vwap | Gate=no | eps=0.048 | sessionR=0.00 | sessionN=0 | stall=no
[HB] 2025-09-14 18:37:13 CT OpenTrades=0 | ChooserArm=vwap | Gate=no | eps=0.048 | sessionR=0.00 | sessionN=0 | stall=no
[HB] 2025-09-14 18:37:14 CT OpenTrades=0 | ChooserArm=trend | Gate=no | eps=0.048 | sessionR=0.00 | sessionN=0 | stall=no
[HB] 2025-09-14 18:37:15 CT OpenTrades=0 | ChooserArm=breakout | Gate=no | eps=0.048 | sessionR=0.00 | sessionN=0 | stall=no
[HB] 2025-09-14 18:37:16 CT OpenTrades=0 | ChooserArm=vwap | Gate=no | eps=0.048 | sessionR=0.00 | sessionN=0 | stall=no
[HB] 2025-09-14 18:37:17 CT OpenTrades=0 | ChooserArm=vwap | Gate=no | eps=0.048 | sessionR=0.00 | sessionN=0 | stall=no
[HB] 2025-09-14 18:37:18 CT OpenTrades=0 | ChooserArm=vwap | Gate=no | eps=0.048 | sessionR=0.00 | sessionN=0 | stall=no
[HB] 2025-09-14 18:37:19 CT OpenTrades=0 | ChooserArm=reversion | Gate=no | eps=0.048 | sessionR=0.00 | sessionN=0 | stall=no
[HB] 2025-09-14 18:37:20 CT OpenTrades=0 | ChooserArm=reversion | Gate=no | eps=0.048 | sessionR=0.00 | sessionN=0 | stall=no
[HB] 2025-09-14 18:37:21 CT OpenTrades=0 | ChooserArm=reversion | Gate=no | eps=0.048 | sessionR=0.00 | sessionN=0 | stall=no
[HB] 2025-09-14 18:37:22 CT OpenTrades=0 | ChooserArm=reversion | Gate=no | eps=0.048 | sessionR=0.00 | sessionN=0 | stall=no
[INFO] 2025-09-14 18:37:23 [ARMS] trend: EN n=0, avgR=+0.000, mu=+0.000, ucb=+0.639 | breakout: EN n=0, avgR=+0.000, mu=+0.000, ucb=+0.639 | reversion: EN n=0, avgR=+0.000, mu=+0.000, ucb=+0.639 | vwap: EN n=0, avgR=+0.000, mu=+0.000, ucb=+0.639
[HB] 2025-09-14 18:37:23 CT OpenTrades=0 | ChooserArm=vwap | Gate=no | eps=0.048 | sessionR=0.00 | sessionN=0 | stall=no
[HB] 2025-09-14 18:37:24 CT OpenTrades=0 | ChooserArm=breakout | Gate=no | eps=0.048 | sessionR=0.00 | sessionN=0 | stall=no
[REGIME] ADX=18.1  BBbw=0.0001  ATR%=0.000003  (ok=False)
[HB] 2025-09-14 18:37:25 CT OpenTrades=0 | ChooserArm=reversion | Gate=no | eps=0.048 | sessionR=0.00 | sessionN=0 | stall=no
[HB] 2025-09-14 18:37:26 CT OpenTrades=0 | ChooserArm=breakout | Gate=no | eps=0.048 | sessionR=0.00 | sessionN=0 | stall=no
[HB] 2025-09-14 18:37:27 CT OpenTrades=0 | ChooserArm=reversion | Gate=no | eps=0.048 | sessionR=0.00 | sessionN=0 | stall=no
[HB] 2025-09-14 18:37:28 CT OpenTrades=0 | ChooserArm=vwap | Gate=no | eps=0.048 | sessionR=0.00 | sessionN=0 | stall=no
[HB] 2025-09-14 18:37:29 CT OpenTrades=0 | ChooserArm=breakout | Gate=no | eps=0.048 | sessionR=0.00 | sessionN=0 | stall=no
[HB] 2025-09-14 18:37:30 CT OpenTrades=0 | ChooserArm=breakout | Gate=no | eps=0.048 | sessionR=0.00 | sessionN=0 | stall=no
[HB] 2025-09-14 18:37:31 CT OpenTrades=0 | ChooserArm=reversion | Gate=no | eps=0.048 | sessionR=0.00 | sessionN=0 | stall=no
[HB] 2025-09-14 18:37:32 CT OpenTrades=0 | ChooserArm=reversion | Gate=no | eps=0.048 | sessionR=0.00 | sessionN=0 | stall=no
[HB] 2025-09-14 18:37:34 CT OpenTrades=0 | ChooserArm=trend | Gate=no | eps=0.048 | sessionR=0.00 | sessionN=0 | stall=no
[HB] 2025-09-14 18:37:35 CT OpenTrades=0 | ChooserArm=trend | Gate=no | eps=0.048 | sessionR=0.00 | sessionN=0 | stall=no
[HB] 2025-09-14 18:37:36 CT OpenTrades=0 | ChooserArm=reversion | Gate=no | eps=0.048 | sessionR=0.00 | sessionN=0 | stall=no
[HB] 2025-09-14 18:37:37 CT OpenTrades=0 | ChooserArm=breakout | Gate=no | eps=0.048 | sessionR=0.00 | sessionN=0 | stall=no
[HB] 2025-09-14 18:37:38 CT OpenTrades=0 | ChooserArm=vwap | Gate=no | eps=0.048 | sessionR=0.00 | sessionN=0 | stall=no
[HB] 2025-09-14 18:37:39 CT OpenTrades=0 | ChooserArm=reversion | Gate=no | eps=0.048 | sessionR=0.00 | sessionN=0 | stall=no
[HB] 2025-09-14 18:37:40 CT OpenTrades=0 | ChooserArm=breakout | Gate=no | eps=0.048 | sessionR=0.00 | sessionN=0 | stall=no
[REGIME] ADX=14.1  BBbw=0.0001  ATR%=0.000002  (ok=False)
[HB] 2025-09-14 18:37:41 CT OpenTrades=0 | ChooserArm=breakout | Gate=no | eps=0.048 | sessionR=0.00 | sessionN=0 | stall=no
[HB] 2025-09-14 18:37:42 CT OpenTrades=0 | ChooserArm=trend | Gate=no | eps=0.048 | sessionR=0.00 | sessionN=0 | stall=no
[HB] 2025-09-14 18:37:43 CT OpenTrades=0 | ChooserArm=vwap | Gate=no | eps=0.048 | sessionR=0.00 | sessionN=0 | stall=no
[HB] 2025-09-14 18:37:44 CT OpenTrades=0 | ChooserArm=vwap | Gate=no | eps=0.048 | sessionR=0.00 | sessionN=0 | stall=no
[HB] 2025-09-14 18:37:45 CT OpenTrades=0 | ChooserArm=vwap | Gate=no | eps=0.048 | sessionR=0.00 | sessionN=0 | stall=no
[HB] 2025-09-14 18:37:46 CT OpenTrades=0 | ChooserArm=vwap | Gate=no | eps=0.048 | sessionR=0.00 | sessionN=0 | stall=no
[HB] 2025-09-14 18:37:47 CT OpenTrades=0 | ChooserArm=vwap | Gate=no | eps=0.048 | sessionR=0.00 | sessionN=0 | stall=no
[HB] 2025-09-14 18:37:48 CT OpenTrades=0 | ChooserArm=trend | Gate=no | eps=0.048 | sessionR=0.00 | sessionN=0 | stall=no
[HB] 2025-09-14 18:37:49 CT OpenTrades=0 | ChooserArm=trend | Gate=no | eps=0.048 | sessionR=0.00 | sessionN=0 | stall=no
[HB] 2025-09-14 18:37:50 CT OpenTrades=0 | ChooserArm=breakout | Gate=no | eps=0.048 | sessionR=0.00 | sessionN=0 | stall=no
[HB] 2025-09-14 18:37:51 CT OpenTrades=0 | ChooserArm=vwap | Gate=no | eps=0.048 | sessionR=0.00 | sessionN=0 | stall=no
[HB] 2025-09-14 18:37:52 CT OpenTrades=0 | ChooserArm=reversion | Gate=no | eps=0.048 | sessionR=0.00 | sessionN=0 | stall=no
[HB] 2025-09-14 18:37:53 CT OpenTrades=0 | ChooserArm=reversion | Gate=no | eps=0.048 | sessionR=0.00 | sessionN=0 | stall=no
[HB] 2025-09-14 18:37:54 CT OpenTrades=0 | ChooserArm=reversion | Gate=no | eps=0.048 | sessionR=0.00 | sessionN=0 | stall=no
[HB] 2025-09-14 18:37:56 CT OpenTrades=0 | ChooserArm=vwap | Gate=no | eps=0.048 | sessionR=0.00 | sessionN=0 | stall=no
[REGIME] ADX=11.4  BBbw=0.0001  ATR%=0.000001  (ok=False)
[HB] 2025-09-14 18:37:57 CT OpenTrades=0 | ChooserArm=breakout | Gate=no | eps=0.048 | sessionR=0.00 | sessionN=0 | stall=no
[HB] 2025-09-14 18:37:58 CT OpenTrades=0 | ChooserArm=reversion | Gate=no | eps=0.048 | sessionR=0.00 | sessionN=0 | stall=no
[HB] 2025-09-14 18:37:59 CT OpenTrades=0 | ChooserArm=trend | Gate=no | eps=0.048 | sessionR=0.00 | sessionN=0 | stall=no
[HB] 2025-09-14 18:38:00 CT OpenTrades=0 | ChooserArm=vwap | Gate=no | eps=0.048 | sessionR=0.00 | sessionN=0 | stall=no
[HB] 2025-09-14 18:38:01 CT OpenTrades=0 | ChooserArm=vwap | Gate=no | eps=0.048 | sessionR=0.00 | sessionN=0 | stall=no
[HB] 2025-09-14 18:38:02 CT OpenTrades=0 | ChooserArm=trend | Gate=no | eps=0.048 | sessionR=0.00 | sessionN=0 | stall=no
[HB] 2025-09-14 18:38:03 CT OpenTrades=0 | ChooserArm=trend | Gate=no | eps=0.048 | sessionR=0.00 | sessionN=0 | stall=no
[HB] 2025-09-14 18:38:04 CT OpenTrades=0 | ChooserArm=vwap | Gate=no | eps=0.048 | sessionR=0.00 | sessionN=0 | stall=no
[HB] 2025-09-14 18:38:05 CT OpenTrades=0 | ChooserArm=trend | Gate=no | eps=0.048 | sessionR=0.00 | sessionN=0 | stall=no
[HB] 2025-09-14 18:38:06 CT OpenTrades=0 | ChooserArm=trend | Gate=no | eps=0.048 | sessionR=0.00 | sessionN=0 | stall=no
[HB] 2025-09-14 18:38:07 CT OpenTrades=0 | ChooserArm=trend | Gate=no | eps=0.048 | sessionR=0.00 | sessionN=0 | stall=no
[HB] 2025-09-14 18:38:08 CT OpenTrades=0 | ChooserArm=vwap | Gate=no | eps=0.048 | sessionR=0.00 | sessionN=0 | stall=no
[HB] 2025-09-14 18:38:09 CT OpenTrades=0 | ChooserArm=breakout | Gate=no | eps=0.048 | sessionR=0.00 | sessionN=0 | stall=no
[HB] 2025-09-14 18:38:10 CT OpenTrades=0 | ChooserArm=breakout | Gate=no | eps=0.048 | sessionR=0.00 | sessionN=0 | stall=no
[HB] 2025-09-14 18:38:11 CT OpenTrades=0 | ChooserArm=breakout | Gate=no | eps=0.048 | sessionR=0.00 | sessionN=0 | stall=no
[REGIME] ADX=9.2  BBbw=0.0000  ATR%=0.000001  (ok=False)
[HB] 2025-09-14 18:38:12 CT OpenTrades=0 | ChooserArm=trend | Gate=no | eps=0.048 | sessionR=0.00 | sessionN=0 | stall=no
[HB] 2025-09-14 18:38:13 CT OpenTrades=0 | ChooserArm=reversion | Gate=no | eps=0.048 | sessionR=0.00 | sessionN=0 | stall=no
[HB] 2025-09-14 18:38:14 CT OpenTrades=0 | ChooserArm=breakout | Gate=no | eps=0.048 | sessionR=0.00 | sessionN=0 | stall=no
[HB] 2025-09-14 18:38:15 CT OpenTrades=0 | ChooserArm=breakout | Gate=no | eps=0.048 | sessionR=0.00 | sessionN=0 | stall=no
[HB] 2025-09-14 18:38:17 CT OpenTrades=0 | ChooserArm=vwap | Gate=no | eps=0.048 | sessionR=0.00 | sessionN=0 | stall=no
[HB] 2025-09-14 18:38:18 CT OpenTrades=0 | ChooserArm=breakout | Gate=no | eps=0.048 | sessionR=0.00 | sessionN=0 | stall=no
[HB] 2025-09-14 18:38:19 CT OpenTrades=0 | ChooserArm=breakout | Gate=no | eps=0.048 | sessionR=0.00 | sessionN=0 | stall=no
[HB] 2025-09-14 18:38:20 CT OpenTrades=0 | ChooserArm=reversion | Gate=no | eps=0.048 | sessionR=0.00 | sessionN=0 | stall=no
[HB] 2025-09-14 18:38:21 CT OpenTrades=0 | ChooserArm=trend | Gate=no | eps=0.048 | sessionR=0.00 | sessionN=0 | stall=no
[HB] 2025-09-14 18:38:22 CT OpenTrades=0 | ChooserArm=reversion | Gate=no | eps=0.048 | sessionR=0.00 | sessionN=0 | stall=no
[HB] 2025-09-14 18:38:23 CT OpenTrades=0 | ChooserArm=trend | Gate=no | eps=0.048 | sessionR=0.00 | sessionN=0 | stall=no
[INFO] 2025-09-14 18:38:24 [ARMS] trend: EN n=0, avgR=+0.000, mu=+0.000, ucb=+0.609 | breakout: EN n=0, avgR=+0.000, mu=+0.000, ucb=+0.609 | reversion: EN n=0, avgR=+0.000, mu=+0.000, ucb=+0.609 | vwap: EN n=0, avgR=+0.000, mu=+0.000, ucb=+0.609
[HB] 2025-09-14 18:38:24 CT OpenTrades=0 | ChooserArm=vwap | Gate=no | eps=0.048 | sessionR=0.00 | sessionN=0 | stall=no
[HB] 2025-09-14 18:38:25 CT OpenTrades=0 | ChooserArm=vwap | Gate=no | eps=0.048 | sessionR=0.00 | sessionN=0 | stall=no
[HB] 2025-09-14 18:38:26 CT OpenTrades=0 | ChooserArm=reversion | Gate=no | eps=0.048 | sessionR=0.00 | sessionN=0 | stall=no
[HB] 2025-09-14 18:38:27 CT OpenTrades=0 | ChooserArm=trend | Gate=no | eps=0.048 | sessionR=0.00 | sessionN=0 | stall=no
[REGIME] ADX=8.3  BBbw=0.0000  ATR%=0.000001  (ok=False)
[HB] 2025-09-14 18:38:28 CT OpenTrades=0 | ChooserArm=trend | Gate=no | eps=0.048 | sessionR=0.00 | sessionN=0 | stall=no
[HB] 2025-09-14 18:38:29 CT OpenTrades=0 | ChooserArm=reversion | Gate=no | eps=0.048 | sessionR=0.00 | sessionN=0 | stall=no
[HB] 2025-09-14 18:38:30 CT OpenTrades=0 | ChooserArm=reversion | Gate=no | eps=0.048 | sessionR=0.00 | sessionN=0 | stall=no
[HB] 2025-09-14 18:38:31 CT OpenTrades=0 | ChooserArm=breakout | Gate=no | eps=0.048 | sessionR=0.00 | sessionN=0 | stall=no
[HB] 2025-09-14 18:38:32 CT OpenTrades=0 | ChooserArm=reversion | Gate=no | eps=0.048 | sessionR=0.00 | sessionN=0 | stall=no
[HB] 2025-09-14 18:38:33 CT OpenTrades=0 | ChooserArm=vwap | Gate=no | eps=0.048 | sessionR=0.00 | sessionN=0 | stall=no
[HB] 2025-09-14 18:38:34 CT OpenTrades=0 | ChooserArm=breakout | Gate=no | eps=0.048 | sessionR=0.00 | sessionN=0 | stall=no
[HB] 2025-09-14 18:38:36 CT OpenTrades=0 | ChooserArm=trend | Gate=no | eps=0.048 | sessionR=0.00 | sessionN=0 | stall=no
[HB] 2025-09-14 18:38:37 CT OpenTrades=0 | ChooserArm=vwap | Gate=no | eps=0.048 | sessionR=0.00 | sessionN=0 | stall=no
[HB] 2025-09-14 18:38:38 CT OpenTrades=0 | ChooserArm=reversion | Gate=no | eps=0.048 | sessionR=0.00 | sessionN=0 | stall=no
[HB] 2025-09-14 18:38:39 CT OpenTrades=0 | ChooserArm=reversion | Gate=no | eps=0.048 | sessionR=0.00 | sessionN=0 | stall=no
[HB] 2025-09-14 18:38:40 CT OpenTrades=0 | ChooserArm=vwap | Gate=no | eps=0.048 | sessionR=0.00 | sessionN=0 | stall=no
[HB] 2025-09-14 18:38:41 CT OpenTrades=0 | ChooserArm=reversion | Gate=no | eps=0.048 | sessionR=0.00 | sessionN=0 | stall=no
[HB] 2025-09-14 18:38:42 CT OpenTrades=0 | ChooserArm=trend | Gate=no | eps=0.048 | sessionR=0.00 | sessionN=0 | stall=no
[HB] 2025-09-14 18:38:43 CT OpenTrades=0 | ChooserArm=breakout | Gate=no | eps=0.048 | sessionR=0.00 | sessionN=0 | stall=no
[REGIME] ADX=7.6  BBbw=0.0000  ATR%=0.000000  (ok=False)
[HB] 2025-09-14 18:38:44 CT OpenTrades=0 | ChooserArm=reversion | Gate=no | eps=0.048 | sessionR=0.00 | sessionN=0 | stall=no
[HB] 2025-09-14 18:38:45 CT OpenTrades=0 | ChooserArm=reversion | Gate=no | eps=0.048 | sessionR=0.00 | sessionN=0 | stall=no
[HB] 2025-09-14 18:38:46 CT OpenTrades=0 | ChooserArm=trend | Gate=no | eps=0.048 | sessionR=0.00 | sessionN=0 | stall=no
[HB] 2025-09-14 18:38:47 CT OpenTrades=0 | ChooserArm=reversion | Gate=no | eps=0.048 | sessionR=0.00 | sessionN=0 | stall=no
[HB] 2025-09-14 18:38:48 CT OpenTrades=0 | ChooserArm=trend | Gate=no | eps=0.048 | sessionR=0.00 | sessionN=0 | stall=no
[HB] 2025-09-14 18:38:49 CT OpenTrades=0 | ChooserArm=breakout | Gate=no | eps=0.048 | sessionR=0.00 | sessionN=0 | stall=no
[HB] 2025-09-14 18:38:50 CT OpenTrades=0 | ChooserArm=trend | Gate=no | eps=0.048 | sessionR=0.00 | sessionN=0 | stall=no
[HB] 2025-09-14 18:38:51 CT OpenTrades=0 | ChooserArm=trend | Gate=no | eps=0.048 | sessionR=0.00 | sessionN=0 | stall=no
[HB] 2025-09-14 18:38:52 CT OpenTrades=0 | ChooserArm=reversion | Gate=no | eps=0.048 | sessionR=0.00 | sessionN=0 | stall=no
[HB] 2025-09-14 18:38:53 CT OpenTrades=0 | ChooserArm=breakout | Gate=no | eps=0.048 | sessionR=0.00 | sessionN=0 | stall=no
[HB] 2025-09-14 18:38:54 CT OpenTrades=0 | ChooserArm=trend | Gate=no | eps=0.048 | sessionR=0.00 | sessionN=0 | stall=no
[HB] 2025-09-14 18:38:55 CT OpenTrades=0 | ChooserArm=breakout | Gate=no | eps=0.048 | sessionR=0.00 | sessionN=0 | stall=no
[HB] 2025-09-14 18:38:57 CT OpenTrades=0 | ChooserArm=trend | Gate=no | eps=0.048 | sessionR=0.00 | sessionN=0 | stall=no
[HB] 2025-09-14 18:38:58 CT OpenTrades=0 | ChooserArm=reversion | Gate=no | eps=0.048 | sessionR=0.00 | sessionN=0 | stall=no
[HB] 2025-09-14 18:38:59 CT OpenTrades=0 | ChooserArm=reversion | Gate=no | eps=0.048 | sessionR=0.00 | sessionN=0 | stall=no
[REGIME] ADX=29.8  BBbw=0.0001  ATR%=0.000010  (ok=False)
[HB] 2025-09-14 18:39:00 CT OpenTrades=0 | ChooserArm=breakout | Gate=no | eps=0.048 | sessionR=0.00 | sessionN=0 | stall=no
[HB] 2025-09-14 18:39:01 CT OpenTrades=0 | ChooserArm=reversion | Gate=no | eps=0.048 | sessionR=0.00 | sessionN=0 | stall=no
[HB] 2025-09-14 18:39:02 CT OpenTrades=0 | ChooserArm=vwap | Gate=no | eps=0.048 | sessionR=0.00 | sessionN=0 | stall=no
[HB] 2025-09-14 18:39:03 CT OpenTrades=0 | ChooserArm=breakout | Gate=no | eps=0.048 | sessionR=0.00 | sessionN=0 | stall=no
[HB] 2025-09-14 18:39:04 CT OpenTrades=0 | ChooserArm=breakout | Gate=no | eps=0.048 | sessionR=0.00 | sessionN=0 | stall=no
[HB] 2025-09-14 18:39:05 CT OpenTrades=0 | ChooserArm=vwap | Gate=no | eps=0.048 | sessionR=0.00 | sessionN=0 | stall=no
[HB] 2025-09-14 18:39:06 CT OpenTrades=0 | ChooserArm=breakout | Gate=no | eps=0.048 | sessionR=0.00 | sessionN=0 | stall=no
[HB] 2025-09-14 18:39:07 CT OpenTrades=0 | ChooserArm=vwap | Gate=no | eps=0.048 | sessionR=0.00 | sessionN=0 | stall=no
[HB] 2025-09-14 18:39:08 CT OpenTrades=0 | ChooserArm=vwap | Gate=no | eps=0.048 | sessionR=0.00 | sessionN=0 | stall=no
[HB] 2025-09-14 18:39:09 CT OpenTrades=0 | ChooserArm=reversion | Gate=no | eps=0.048 | sessionR=0.00 | sessionN=0 | stall=no
[HB] 2025-09-14 18:39:10 CT OpenTrades=0 | ChooserArm=trend | Gate=no | eps=0.048 | sessionR=0.00 | sessionN=0 | stall=no
[HB] 2025-09-14 18:39:11 CT OpenTrades=0 | ChooserArm=vwap | Gate=no | eps=0.048 | sessionR=0.00 | sessionN=0 | stall=no
[HB] 2025-09-14 18:39:12 CT OpenTrades=0 | ChooserArm=vwap | Gate=no | eps=0.048 | sessionR=0.00 | sessionN=0 | stall=no
[HB] 2025-09-14 18:39:13 CT OpenTrades=0 | ChooserArm=vwap | Gate=no | eps=0.048 | sessionR=0.00 | sessionN=0 | stall=no
[HB] 2025-09-14 18:39:14 CT OpenTrades=0 | ChooserArm=trend | Gate=no | eps=0.048 | sessionR=0.00 | sessionN=0 | stall=no
[REGIME] ADX=41.8  BBbw=0.0001  ATR%=0.000011  (ok=False)
[HB] 2025-09-14 18:39:15 CT OpenTrades=0 | ChooserArm=vwap | Gate=no | eps=0.048 | sessionR=0.00 | sessionN=0 | stall=no
[HB] 2025-09-14 18:39:16 CT OpenTrades=0 | ChooserArm=reversion | Gate=no | eps=0.048 | sessionR=0.00 | sessionN=0 | stall=no
[HB] 2025-09-14 18:39:18 CT OpenTrades=0 | ChooserArm=vwap | Gate=no | eps=0.048 | sessionR=0.00 | sessionN=0 | stall=no
[HB] 2025-09-14 18:39:19 CT OpenTrades=0 | ChooserArm=breakout | Gate=no | eps=0.048 | sessionR=0.00 | sessionN=0 | stall=no
[HB] 2025-09-14 18:39:20 CT OpenTrades=0 | ChooserArm=trend | Gate=no | eps=0.048 | sessionR=0.00 | sessionN=0 | stall=no
[HB] 2025-09-14 18:39:21 CT OpenTrades=0 | ChooserArm=vwap | Gate=no | eps=0.048 | sessionR=0.00 | sessionN=0 | stall=no
[HB] 2025-09-14 18:39:22 CT OpenTrades=0 | ChooserArm=reversion | Gate=no | eps=0.048 | sessionR=0.00 | sessionN=0 | stall=no
[HB] 2025-09-14 18:39:23 CT OpenTrades=0 | ChooserArm=breakout | Gate=no | eps=0.048 | sessionR=0.00 | sessionN=0 | stall=no
[HB] 2025-09-14 18:39:24 CT OpenTrades=0 | ChooserArm=trend | Gate=no | eps=0.048 | sessionR=0.00 | sessionN=0 | stall=no
[INFO] 2025-09-14 18:39:25 [ARMS] trend: EN n=0, avgR=+0.000, mu=+0.000, ucb=+0.726 | breakout: EN n=0, avgR=+0.000, mu=+0.000, ucb=+0.726 | reversion: EN n=0, avgR=+0.000, mu=+0.000, ucb=+0.726 | vwap: EN n=0, avgR=+0.000, mu=+0.000, ucb=+0.726
[HB] 2025-09-14 18:39:25 CT OpenTrades=0 | ChooserArm=reversion | Gate=no | eps=0.048 | sessionR=0.00 | sessionN=0 | stall=no
[HB] 2025-09-14 18:39:26 CT OpenTrades=0 | ChooserArm=breakout | Gate=no | eps=0.048 | sessionR=0.00 | sessionN=0 | stall=no
[HB] 2025-09-14 18:39:27 CT OpenTrades=0 | ChooserArm=trend | Gate=no | eps=0.048 | sessionR=0.00 | sessionN=0 | stall=no
[HB] 2025-09-14 18:39:28 CT OpenTrades=0 | ChooserArm=breakout | Gate=no | eps=0.048 | sessionR=0.00 | sessionN=0 | stall=no
[HB] 2025-09-14 18:39:29 CT OpenTrades=0 | ChooserArm=reversion | Gate=no | eps=0.048 | sessionR=0.00 | sessionN=0 | stall=no
[HB] 2025-09-14 18:39:30 CT OpenTrades=0 | ChooserArm=reversion | Gate=no | eps=0.048 | sessionR=0.00 | sessionN=0 | stall=no
[REGIME] ADX=34.0  BBbw=0.0001  ATR%=0.000012  (ok=False)
[HB] 2025-09-14 18:39:31 CT OpenTrades=0 | ChooserArm=trend | Gate=no | eps=0.048 | sessionR=0.00 | sessionN=0 | stall=no
[HB] 2025-09-14 18:39:32 CT OpenTrades=0 | ChooserArm=vwap | Gate=no | eps=0.048 | sessionR=0.00 | sessionN=0 | stall=no
[HB] 2025-09-14 18:39:33 CT OpenTrades=0 | ChooserArm=trend | Gate=no | eps=0.048 | sessionR=0.00 | sessionN=0 | stall=no
[HB] 2025-09-14 18:39:34 CT OpenTrades=0 | ChooserArm=breakout | Gate=no | eps=0.048 | sessionR=0.00 | sessionN=0 | stall=no
[HB] 2025-09-14 18:39:35 CT OpenTrades=0 | ChooserArm=vwap | Gate=no | eps=0.048 | sessionR=0.00 | sessionN=0 | stall=no
[HB] 2025-09-14 18:39:36 CT OpenTrades=0 | ChooserArm=reversion | Gate=no | eps=0.048 | sessionR=0.00 | sessionN=0 | stall=no
[HB] 2025-09-14 18:39:37 CT OpenTrades=0 | ChooserArm=reversion | Gate=no | eps=0.048 | sessionR=0.00 | sessionN=0 | stall=no
[HB] 2025-09-14 18:39:38 CT OpenTrades=0 | ChooserArm=breakout | Gate=no | eps=0.048 | sessionR=0.00 | sessionN=0 | stall=no
[HB] 2025-09-14 18:39:40 CT OpenTrades=0 | ChooserArm=reversion | Gate=no | eps=0.048 | sessionR=0.00 | sessionN=0 | stall=no
[HB] 2025-09-14 18:39:41 CT OpenTrades=0 | ChooserArm=breakout | Gate=no | eps=0.048 | sessionR=0.00 | sessionN=0 | stall=no
[HB] 2025-09-14 18:39:42 CT OpenTrades=0 | ChooserArm=vwap | Gate=no | eps=0.048 | sessionR=0.00 | sessionN=0 | stall=no
[HB] 2025-09-14 18:39:43 CT OpenTrades=0 | ChooserArm=breakout | Gate=no | eps=0.048 | sessionR=0.00 | sessionN=0 | stall=no
[HB] 2025-09-14 18:39:44 CT OpenTrades=0 | ChooserArm=vwap | Gate=no | eps=0.048 | sessionR=0.00 | sessionN=0 | stall=no
[HB] 2025-09-14 18:39:45 CT OpenTrades=0 | ChooserArm=breakout | Gate=no | eps=0.048 | sessionR=0.00 | sessionN=0 | stall=no
[HB] 2025-09-14 18:39:46 CT OpenTrades=0 | ChooserArm=breakout | Gate=no | eps=0.048 | sessionR=0.00 | sessionN=0 | stall=no
[REGIME] ADX=31.0  BBbw=0.0001  ATR%=0.000020  (ok=False)
[HB] 2025-09-14 18:39:47 CT OpenTrades=0 | ChooserArm=reversion | Gate=no | eps=0.048 | sessionR=0.00 | sessionN=0 | stall=no
[HB] 2025-09-14 18:39:48 CT OpenTrades=0 | ChooserArm=vwap | Gate=no | eps=0.048 | sessionR=0.00 | sessionN=0 | stall=no
[HB] 2025-09-14 18:39:49 CT OpenTrades=0 | ChooserArm=trend | Gate=no | eps=0.048 | sessionR=0.00 | sessionN=0 | stall=no
[HB] 2025-09-14 18:39:50 CT OpenTrades=0 | ChooserArm=breakout | Gate=no | eps=0.048 | sessionR=0.00 | sessionN=0 | stall=no
[HB] 2025-09-14 18:39:51 CT OpenTrades=0 | ChooserArm=vwap | Gate=no | eps=0.048 | sessionR=0.00 | sessionN=0 | stall=no
[HB] 2025-09-14 18:39:52 CT OpenTrades=0 | ChooserArm=reversion | Gate=no | eps=0.048 | sessionR=0.00 | sessionN=0 | stall=no
[HB] 2025-09-14 18:39:53 CT OpenTrades=0 | ChooserArm=trend | Gate=no | eps=0.048 | sessionR=0.00 | sessionN=0 | stall=no
[HB] 2025-09-14 18:39:54 CT OpenTrades=0 | ChooserArm=breakout | Gate=no | eps=0.048 | sessionR=0.00 | sessionN=0 | stall=no
[HB] 2025-09-14 18:39:55 CT OpenTrades=0 | ChooserArm=trend | Gate=no | eps=0.048 | sessionR=0.00 | sessionN=0 | stall=no
[HB] 2025-09-14 18:39:56 CT OpenTrades=0 | ChooserArm=reversion | Gate=no | eps=0.048 | sessionR=0.00 | sessionN=0 | stall=no
[HB] 2025-09-14 18:39:57 CT OpenTrades=0 | ChooserArm=reversion | Gate=no | eps=0.048 | sessionR=0.00 | sessionN=0 | stall=no
[HB] 2025-09-14 18:39:58 CT OpenTrades=0 | ChooserArm=trend | Gate=no | eps=0.048 | sessionR=0.00 | sessionN=0 | stall=no
[HB] 2025-09-14 18:39:59 CT OpenTrades=0 | ChooserArm=reversion | Gate=no | eps=0.048 | sessionR=0.00 | sessionN=0 | stall=no
[HB] 2025-09-14 18:40:01 CT OpenTrades=0 | ChooserArm=vwap | Gate=no | eps=0.048 | sessionR=0.00 | sessionN=0 | stall=no
[HB] 2025-09-14 18:40:02 CT OpenTrades=0 | ChooserArm=trend | Gate=no | eps=0.048 | sessionR=0.00 | sessionN=0 | stall=no
[REGIME] ADX=34.7  BBbw=0.0002  ATR%=0.000027  (ok=False)
[HB] 2025-09-14 18:40:03 CT OpenTrades=0 | ChooserArm=reversion | Gate=no | eps=0.048 | sessionR=0.00 | sessionN=0 | stall=no
[HB] 2025-09-14 18:40:04 CT OpenTrades=0 | ChooserArm=vwap | Gate=no | eps=0.048 | sessionR=0.00 | sessionN=0 | stall=no
[HB] 2025-09-14 18:40:05 CT OpenTrades=0 | ChooserArm=breakout | Gate=no | eps=0.048 | sessionR=0.00 | sessionN=0 | stall=no
[HB] 2025-09-14 18:40:06 CT OpenTrades=0 | ChooserArm=reversion | Gate=no | eps=0.048 | sessionR=0.00 | sessionN=0 | stall=no
[HB] 2025-09-14 18:40:07 CT OpenTrades=0 | ChooserArm=reversion | Gate=no | eps=0.048 | sessionR=0.00 | sessionN=0 | stall=no
[HB] 2025-09-14 18:40:08 CT OpenTrades=0 | ChooserArm=breakout | Gate=no | eps=0.048 | sessionR=0.00 | sessionN=0 | stall=no
[HB] 2025-09-14 18:40:09 CT OpenTrades=0 | ChooserArm=trend | Gate=no | eps=0.048 | sessionR=0.00 | sessionN=0 | stall=no
[HB] 2025-09-14 18:40:10 CT OpenTrades=0 | ChooserArm=breakout | Gate=no | eps=0.048 | sessionR=0.00 | sessionN=0 | stall=no
[HB] 2025-09-14 18:40:11 CT OpenTrades=0 | ChooserArm=vwap | Gate=no | eps=0.048 | sessionR=0.00 | sessionN=0 | stall=no
[HB] 2025-09-14 18:40:12 CT OpenTrades=0 | ChooserArm=breakout | Gate=no | eps=0.048 | sessionR=0.00 | sessionN=0 | stall=no
[HB] 2025-09-14 18:40:13 CT OpenTrades=0 | ChooserArm=trend | Gate=no | eps=0.048 | sessionR=0.00 | sessionN=0 | stall=no
[HB] 2025-09-14 18:40:14 CT OpenTrades=0 | ChooserArm=vwap | Gate=no | eps=0.048 | sessionR=0.00 | sessionN=0 | stall=no
[HB] 2025-09-14 18:40:15 CT OpenTrades=0 | ChooserArm=breakout | Gate=no | eps=0.048 | sessionR=0.00 | sessionN=0 | stall=no
[HB] 2025-09-14 18:40:16 CT OpenTrades=0 | ChooserArm=vwap | Gate=no | eps=0.048 | sessionR=0.00 | sessionN=0 | stall=no
[HB] 2025-09-14 18:40:17 CT OpenTrades=0 | ChooserArm=reversion | Gate=no | eps=0.048 | sessionR=0.00 | sessionN=0 | stall=no
[REGIME] ADX=31.2  BBbw=0.0002  ATR%=0.000022  (ok=False)
[HB] 2025-09-14 18:40:18 CT OpenTrades=0 | ChooserArm=reversion | Gate=no | eps=0.047 | sessionR=0.00 | sessionN=0 | stall=no
[INFO] 2025-09-14 18:40:19 Interrupted; shutting down.
[INFO] 2025-09-14 18:40:19 Saved chooser state to models\linucb_es.json
[INFO] 2025-09-14 18:40:19 [SNAPSHOT] Wrote logs\chooser_snapshots\linucb_es_20250914_20250914_184019.json
