usage: paper_trader.py [-h] [--host HOST] [--port PORT] [--clientId CLIENTID]
                       [--conId CONID] [--symbol SYMBOL] [--expiry EXPIRY]
                       [--exchange EXCHANGE] [--warmup-days WARMUP_DAYS]
                       [--tp-ladder TP_LADDER] [--risk-ticks RISK_TICKS]
                       [--tick-size TICK_SIZE] [--place-orders]
                       [--debug-regime] [--no-gate] [--alpha ALPHA]
                       [--epsilon EPSILON] [--epsilon-final EPSILON_FINAL]
                       [--epsilon-decay-min EPSILON_DECAY_MIN]
                       [--enable-arms ENABLE_ARMS] [--persist-chooser]
                       [--chooser-model-path CHOOSER_MODEL_PATH]
                       [--reward-mode {linear}]
                       [--reward-penalty-time REWARD_PENALTY_TIME]
                       [--reward-penalty-dd REWARD_PENALTY_DD]
                       [--reward-penalty-slip REWARD_PENALTY_SLIP]
                       [--reward-regime-bonus REWARD_REGIME_BONUS]
                       [--max-daily-R-loss MAX_DAILY_R_LOSS]
                       [--max-trades-per-day MAX_TRADES_PER_DAY]
                       [--one-trade-at-a-time]
                       [--strategy-cooldown-sec STRATEGY_COOLDOWN_SEC]
                       [--debounce-one-bar] [--rth-only] [--session SESSION]
                       [--arm-min-trades ARM_MIN_TRADES]
                       [--arm-good-thresh ARM_GOOD_THRESH]
                       [--arm-bad-thresh ARM_BAD_THRESH] [--auto-freeze-bad]
                       [--alpha-boost-good]
                       [--alpha-boost-mult ALPHA_BOOST_MULT]
                       [--alpha-boost-secs ALPHA_BOOST_SECS]
                       [--freeze-cooldown-secs FREEZE_COOLDOWN_SECS]
                       [--decay-every-secs DECAY_EVERY_SECS]
                       [--decay-gamma DECAY_GAMMA] [--shadow-enable]
                       [--shadow-winR SHADOW_WINR]
                       [--shadow-lossR SHADOW_LOSSR]
                       [--shadow-expire-min SHADOW_EXPIRE_MIN]
                       [--shadow-window SHADOW_WINDOW]
                       [--shadow-recover-thresh SHADOW_RECOVER_THRESH]
                       [--stall-secs STALL_SECS] [--daily-summary]
                       [--force-trade {LONG,SHORT}] [--force-qty FORCE_QTY]
                       [--log-file LOG_FILE]
paper_trader.py: error: unrecognized arguments: --reset-time 08:15
