[INFO] 2025-09-14 17:48:04 Enabled arms: trend,breakout,reversion,vwap
[INFO] 2025-09-14 17:48:04 Loaded chooser state from .\models\linucb_es.json
[INFO] 2025-09-14 17:48:04 [PING 1] clientId=19 connected: False
[INFO] 2025-09-14 17:48:04 Connected 127.0.0.1:7497 clientId=19 | Market data type: LIVE
[INFO] 2025-09-14 17:48:04 Using contract: ESZ5  (conId=495512563)
[INFO] 2025-09-14 17:48:04 [WARMUP] Fetching 5d of 1m bars...
[INFO] 2025-09-14 17:48:06 [WARMUP] Loaded 5568 historical 1m bars.
[INFO] 2025-09-14 17:48:12 [ARMS] trend: EN n=0, avgR=+0.000, mu=+0.000, ucb=+0.759 | breakout: EN n=0, avgR=+0.000, mu=+0.000, ucb=+0.759 | reversion: EN n=0, avgR=+0.000, mu=+0.000, ucb=+0.759 | vwap: EN n=0, avgR=+0.000, mu=+0.000, ucb=+0.759
[HB] 2025-09-14 17:48:12 CT OpenTrades=0 | ChooserArm=trend | Gate=no | eps=0.050 | sessionR=0.00 | sessionN=0 | stall=no
[HB] 2025-09-14 17:48:13 CT OpenTrades=0 | ChooserArm=trend | Gate=no | eps=0.050 | sessionR=0.00 | sessionN=0 | stall=no
[HB] 2025-09-14 17:48:14 CT OpenTrades=0 | ChooserArm=trend | Gate=no | eps=0.050 | sessionR=0.00 | sessionN=0 | stall=no
[HB] 2025-09-14 17:48:15 CT OpenTrades=0 | ChooserArm=trend | Gate=no | eps=0.050 | sessionR=0.00 | sessionN=0 | stall=no
[HB] 2025-09-14 17:48:16 CT OpenTrades=0 | ChooserArm=trend | Gate=no | eps=0.050 | sessionR=0.00 | sessionN=0 | stall=no
[HB] 2025-09-14 17:48:18 CT OpenTrades=0 | ChooserArm=trend | Gate=no | eps=0.050 | sessionR=0.00 | sessionN=0 | stall=no
[HB] 2025-09-14 17:48:19 CT OpenTrades=0 | ChooserArm=trend | Gate=no | eps=0.050 | sessionR=0.00 | sessionN=0 | stall=no
[HB] 2025-09-14 17:48:20 CT OpenTrades=0 | ChooserArm=trend | Gate=no | eps=0.050 | sessionR=0.00 | sessionN=0 | stall=no
[HB] 2025-09-14 17:48:21 CT OpenTrades=0 | ChooserArm=trend | Gate=no | eps=0.050 | sessionR=0.00 | sessionN=0 | stall=no
[HB] 2025-09-14 17:48:22 CT OpenTrades=0 | ChooserArm=trend | Gate=no | eps=0.050 | sessionR=0.00 | sessionN=0 | stall=no
[HB] 2025-09-14 17:48:23 CT OpenTrades=0 | ChooserArm=trend | Gate=no | eps=0.050 | sessionR=0.00 | sessionN=0 | stall=no
[HB] 2025-09-14 17:48:24 CT OpenTrades=0 | ChooserArm=trend | Gate=no | eps=0.050 | sessionR=0.00 | sessionN=0 | stall=no
[HB] 2025-09-14 17:48:25 CT OpenTrades=0 | ChooserArm=trend | Gate=no | eps=0.050 | sessionR=0.00 | sessionN=0 | stall=no
[HB] 2025-09-14 17:48:26 CT OpenTrades=0 | ChooserArm=trend | Gate=no | eps=0.050 | sessionR=0.00 | sessionN=0 | stall=no
[HB] 2025-09-14 17:48:27 CT OpenTrades=0 | ChooserArm=trend | Gate=no | eps=0.050 | sessionR=0.00 | sessionN=0 | stall=no
[HB] 2025-09-14 17:48:28 CT OpenTrades=0 | ChooserArm=trend | Gate=no | eps=0.050 | sessionR=0.00 | sessionN=0 | stall=no
[HB] 2025-09-14 17:48:29 CT OpenTrades=0 | ChooserArm=trend | Gate=no | eps=0.050 | sessionR=0.00 | sessionN=0 | stall=no
[HB] 2025-09-14 17:48:31 CT OpenTrades=0 | ChooserArm=trend | Gate=no | eps=0.050 | sessionR=0.00 | sessionN=0 | stall=no
[HB] 2025-09-14 17:48:32 CT OpenTrades=0 | ChooserArm=trend | Gate=no | eps=0.050 | sessionR=0.00 | sessionN=0 | stall=no
[HB] 2025-09-14 17:48:33 CT OpenTrades=0 | ChooserArm=trend | Gate=no | eps=0.050 | sessionR=0.00 | sessionN=0 | stall=no
[HB] 2025-09-14 17:48:34 CT OpenTrades=0 | ChooserArm=trend | Gate=no | eps=0.050 | sessionR=0.00 | sessionN=0 | stall=no
[HB] 2025-09-14 17:48:35 CT OpenTrades=0 | ChooserArm=trend | Gate=no | eps=0.050 | sessionR=0.00 | sessionN=0 | stall=no
[HB] 2025-09-14 17:48:36 CT OpenTrades=0 | ChooserArm=trend | Gate=no | eps=0.050 | sessionR=0.00 | sessionN=0 | stall=no
[HB] 2025-09-14 17:48:37 CT OpenTrades=0 | ChooserArm=trend | Gate=no | eps=0.050 | sessionR=0.00 | sessionN=0 | stall=no
[HB] 2025-09-14 17:48:38 CT OpenTrades=0 | ChooserArm=trend | Gate=no | eps=0.050 | sessionR=0.00 | sessionN=0 | stall=no
[HB] 2025-09-14 17:48:39 CT OpenTrades=0 | ChooserArm=trend | Gate=no | eps=0.050 | sessionR=0.00 | sessionN=0 | stall=no
[HB] 2025-09-14 17:48:40 CT OpenTrades=0 | ChooserArm=trend | Gate=no | eps=0.050 | sessionR=0.00 | sessionN=0 | stall=no
[HB] 2025-09-14 17:48:42 CT OpenTrades=0 | ChooserArm=trend | Gate=no | eps=0.050 | sessionR=0.00 | sessionN=0 | stall=no
[HB] 2025-09-14 17:48:43 CT OpenTrades=0 | ChooserArm=trend | Gate=no | eps=0.050 | sessionR=0.00 | sessionN=0 | stall=no
[HB] 2025-09-14 17:48:44 CT OpenTrades=0 | ChooserArm=trend | Gate=no | eps=0.050 | sessionR=0.00 | sessionN=0 | stall=no
[HB] 2025-09-14 17:48:45 CT OpenTrades=0 | ChooserArm=trend | Gate=no | eps=0.050 | sessionR=0.00 | sessionN=0 | stall=no
[HB] 2025-09-14 17:48:46 CT OpenTrades=0 | ChooserArm=trend | Gate=no | eps=0.050 | sessionR=0.00 | sessionN=0 | stall=no
[HB] 2025-09-14 17:48:47 CT OpenTrades=0 | ChooserArm=trend | Gate=no | eps=0.050 | sessionR=0.00 | sessionN=0 | stall=no
[HB] 2025-09-14 17:48:48 CT OpenTrades=0 | ChooserArm=trend | Gate=no | eps=0.050 | sessionR=0.00 | sessionN=0 | stall=no
[HB] 2025-09-14 17:48:49 CT OpenTrades=0 | ChooserArm=trend | Gate=no | eps=0.050 | sessionR=0.00 | sessionN=0 | stall=no
[HB] 2025-09-14 17:48:50 CT OpenTrades=0 | ChooserArm=trend | Gate=no | eps=0.050 | sessionR=0.00 | sessionN=0 | stall=no
[HB] 2025-09-14 17:48:51 CT OpenTrades=0 | ChooserArm=trend | Gate=no | eps=0.050 | sessionR=0.00 | sessionN=0 | stall=no
[HB] 2025-09-14 17:48:52 CT OpenTrades=0 | ChooserArm=trend | Gate=no | eps=0.050 | sessionR=0.00 | sessionN=0 | stall=no
[HB] 2025-09-14 17:48:54 CT OpenTrades=0 | ChooserArm=trend | Gate=no | eps=0.050 | sessionR=0.00 | sessionN=0 | stall=no
[HB] 2025-09-14 17:48:55 CT OpenTrades=0 | ChooserArm=vwap | Gate=no | eps=0.050 | sessionR=0.00 | sessionN=0 | stall=no
[HB] 2025-09-14 17:48:56 CT OpenTrades=0 | ChooserArm=trend | Gate=no | eps=0.050 | sessionR=0.00 | sessionN=0 | stall=no
[HB] 2025-09-14 17:48:57 CT OpenTrades=0 | ChooserArm=trend | Gate=no | eps=0.050 | sessionR=0.00 | sessionN=0 | stall=no
[HB] 2025-09-14 17:48:58 CT OpenTrades=0 | ChooserArm=trend | Gate=no | eps=0.050 | sessionR=0.00 | sessionN=0 | stall=no
[HB] 2025-09-14 17:48:59 CT OpenTrades=0 | ChooserArm=breakout | Gate=no | eps=0.050 | sessionR=0.00 | sessionN=0 | stall=no
[HB] 2025-09-14 17:49:00 CT OpenTrades=0 | ChooserArm=trend | Gate=no | eps=0.050 | sessionR=0.00 | sessionN=0 | stall=no
[HB] 2025-09-14 17:49:01 CT OpenTrades=0 | ChooserArm=trend | Gate=no | eps=0.050 | sessionR=0.00 | sessionN=0 | stall=no
[HB] 2025-09-14 17:49:02 CT OpenTrades=0 | ChooserArm=trend | Gate=no | eps=0.050 | sessionR=0.00 | sessionN=0 | stall=no
[HB] 2025-09-14 17:49:03 CT OpenTrades=0 | ChooserArm=trend | Gate=no | eps=0.050 | sessionR=0.00 | sessionN=0 | stall=no
[HB] 2025-09-14 17:49:04 CT OpenTrades=0 | ChooserArm=trend | Gate=no | eps=0.050 | sessionR=0.00 | sessionN=0 | stall=no
[HB] 2025-09-14 17:49:06 CT OpenTrades=0 | ChooserArm=trend | Gate=no | eps=0.050 | sessionR=0.00 | sessionN=0 | stall=no
[HB] 2025-09-14 17:49:07 CT OpenTrades=0 | ChooserArm=trend | Gate=no | eps=0.050 | sessionR=0.00 | sessionN=0 | stall=no
[HB] 2025-09-14 17:49:08 CT OpenTrades=0 | ChooserArm=trend | Gate=no | eps=0.050 | sessionR=0.00 | sessionN=0 | stall=no
[HB] 2025-09-14 17:49:09 CT OpenTrades=0 | ChooserArm=trend | Gate=no | eps=0.050 | sessionR=0.00 | sessionN=0 | stall=no
[HB] 2025-09-14 17:49:10 CT OpenTrades=0 | ChooserArm=trend | Gate=no | eps=0.050 | sessionR=0.00 | sessionN=0 | stall=no
[HB] 2025-09-14 17:49:11 CT OpenTrades=0 | ChooserArm=trend | Gate=no | eps=0.050 | sessionR=0.00 | sessionN=0 | stall=no
[INFO] 2025-09-14 17:49:12 [ARMS] trend: EN n=0, avgR=+0.000, mu=+0.000, ucb=+0.673 | breakout: EN n=0, avgR=+0.000, mu=+0.000, ucb=+0.673 | reversion: EN n=0, avgR=+0.000, mu=+0.000, ucb=+0.673 | vwap: EN n=0, avgR=+0.000, mu=+0.000, ucb=+0.673
[HB] 2025-09-14 17:49:12 CT OpenTrades=0 | ChooserArm=trend | Gate=no | eps=0.050 | sessionR=0.00 | sessionN=0 | stall=no
[HB] 2025-09-14 17:49:13 CT OpenTrades=0 | ChooserArm=trend | Gate=no | eps=0.050 | sessionR=0.00 | sessionN=0 | stall=no
[HB] 2025-09-14 17:49:14 CT OpenTrades=0 | ChooserArm=trend | Gate=no | eps=0.050 | sessionR=0.00 | sessionN=0 | stall=no
[HB] 2025-09-14 17:49:15 CT OpenTrades=0 | ChooserArm=trend | Gate=no | eps=0.050 | sessionR=0.00 | sessionN=0 | stall=no
[HB] 2025-09-14 17:49:16 CT OpenTrades=0 | ChooserArm=trend | Gate=no | eps=0.050 | sessionR=0.00 | sessionN=0 | stall=no
[HB] 2025-09-14 17:49:18 CT OpenTrades=0 | ChooserArm=trend | Gate=no | eps=0.050 | sessionR=0.00 | sessionN=0 | stall=no
[HB] 2025-09-14 17:49:19 CT OpenTrades=0 | ChooserArm=trend | Gate=no | eps=0.050 | sessionR=0.00 | sessionN=0 | stall=no
[HB] 2025-09-14 17:49:20 CT OpenTrades=0 | ChooserArm=trend | Gate=no | eps=0.050 | sessionR=0.00 | sessionN=0 | stall=no
[HB] 2025-09-14 17:49:21 CT OpenTrades=0 | ChooserArm=trend | Gate=no | eps=0.050 | sessionR=0.00 | sessionN=0 | stall=no
[HB] 2025-09-14 17:49:22 CT OpenTrades=0 | ChooserArm=trend | Gate=no | eps=0.050 | sessionR=0.00 | sessionN=0 | stall=no
[HB] 2025-09-14 17:49:23 CT OpenTrades=0 | ChooserArm=trend | Gate=no | eps=0.050 | sessionR=0.00 | sessionN=0 | stall=no
[HB] 2025-09-14 17:49:24 CT OpenTrades=0 | ChooserArm=trend | Gate=no | eps=0.050 | sessionR=0.00 | sessionN=0 | stall=no
[HB] 2025-09-14 17:49:25 CT OpenTrades=0 | ChooserArm=trend | Gate=no | eps=0.050 | sessionR=0.00 | sessionN=0 | stall=no
[HB] 2025-09-14 17:49:26 CT OpenTrades=0 | ChooserArm=trend | Gate=no | eps=0.050 | sessionR=0.00 | sessionN=0 | stall=no
[HB] 2025-09-14 17:49:27 CT OpenTrades=0 | ChooserArm=trend | Gate=no | eps=0.050 | sessionR=0.00 | sessionN=0 | stall=no
[HB] 2025-09-14 17:49:28 CT OpenTrades=0 | ChooserArm=trend | Gate=no | eps=0.050 | sessionR=0.00 | sessionN=0 | stall=no
[HB] 2025-09-14 17:49:30 CT OpenTrades=0 | ChooserArm=trend | Gate=no | eps=0.050 | sessionR=0.00 | sessionN=0 | stall=no
[HB] 2025-09-14 17:49:31 CT OpenTrades=0 | ChooserArm=trend | Gate=no | eps=0.050 | sessionR=0.00 | sessionN=0 | stall=no
[HB] 2025-09-14 17:49:32 CT OpenTrades=0 | ChooserArm=trend | Gate=no | eps=0.050 | sessionR=0.00 | sessionN=0 | stall=no
[HB] 2025-09-14 17:49:33 CT OpenTrades=0 | ChooserArm=trend | Gate=no | eps=0.050 | sessionR=0.00 | sessionN=0 | stall=no
[HB] 2025-09-14 17:49:34 CT OpenTrades=0 | ChooserArm=trend | Gate=no | eps=0.050 | sessionR=0.00 | sessionN=0 | stall=no
[HB] 2025-09-14 17:49:35 CT OpenTrades=0 | ChooserArm=trend | Gate=no | eps=0.050 | sessionR=0.00 | sessionN=0 | stall=no
[HB] 2025-09-14 17:49:36 CT OpenTrades=0 | ChooserArm=trend | Gate=no | eps=0.050 | sessionR=0.00 | sessionN=0 | stall=no
[HB] 2025-09-14 17:49:37 CT OpenTrades=0 | ChooserArm=trend | Gate=no | eps=0.050 | sessionR=0.00 | sessionN=0 | stall=no
[HB] 2025-09-14 17:49:38 CT OpenTrades=0 | ChooserArm=trend | Gate=no | eps=0.050 | sessionR=0.00 | sessionN=0 | stall=no
[HB] 2025-09-14 17:49:39 CT OpenTrades=0 | ChooserArm=trend | Gate=no | eps=0.050 | sessionR=0.00 | sessionN=0 | stall=no
[HB] 2025-09-14 17:49:40 CT OpenTrades=0 | ChooserArm=trend | Gate=no | eps=0.050 | sessionR=0.00 | sessionN=0 | stall=no
[HB] 2025-09-14 17:49:41 CT OpenTrades=0 | ChooserArm=trend | Gate=no | eps=0.050 | sessionR=0.00 | sessionN=0 | stall=no
[HB] 2025-09-14 17:49:43 CT OpenTrades=0 | ChooserArm=trend | Gate=no | eps=0.050 | sessionR=0.00 | sessionN=0 | stall=no
[HB] 2025-09-14 17:49:44 CT OpenTrades=0 | ChooserArm=trend | Gate=no | eps=0.050 | sessionR=0.00 | sessionN=0 | stall=no
[HB] 2025-09-14 17:49:45 CT OpenTrades=0 | ChooserArm=trend | Gate=no | eps=0.050 | sessionR=0.00 | sessionN=0 | stall=no
[HB] 2025-09-14 17:49:46 CT OpenTrades=0 | ChooserArm=trend | Gate=no | eps=0.050 | sessionR=0.00 | sessionN=0 | stall=no
[HB] 2025-09-14 17:49:47 CT OpenTrades=0 | ChooserArm=trend | Gate=no | eps=0.050 | sessionR=0.00 | sessionN=0 | stall=no
[HB] 2025-09-14 17:49:48 CT OpenTrades=0 | ChooserArm=trend | Gate=no | eps=0.050 | sessionR=0.00 | sessionN=0 | stall=no
[HB] 2025-09-14 17:49:49 CT OpenTrades=0 | ChooserArm=trend | Gate=no | eps=0.050 | sessionR=0.00 | sessionN=0 | stall=no
[HB] 2025-09-14 17:49:50 CT OpenTrades=0 | ChooserArm=trend | Gate=no | eps=0.050 | sessionR=0.00 | sessionN=0 | stall=no
[HB] 2025-09-14 17:49:51 CT OpenTrades=0 | ChooserArm=trend | Gate=no | eps=0.050 | sessionR=0.00 | sessionN=0 | stall=no
[HB] 2025-09-14 17:49:52 CT OpenTrades=0 | ChooserArm=trend | Gate=no | eps=0.050 | sessionR=0.00 | sessionN=0 | stall=no
[HB] 2025-09-14 17:49:53 CT OpenTrades=0 | ChooserArm=trend | Gate=no | eps=0.050 | sessionR=0.00 | sessionN=0 | stall=no
[HB] 2025-09-14 17:49:54 CT OpenTrades=0 | ChooserArm=trend | Gate=no | eps=0.050 | sessionR=0.00 | sessionN=0 | stall=no
[HB] 2025-09-14 17:49:56 CT OpenTrades=0 | ChooserArm=trend | Gate=no | eps=0.050 | sessionR=0.00 | sessionN=0 | stall=no
[HB] 2025-09-14 17:49:57 CT OpenTrades=0 | ChooserArm=trend | Gate=no | eps=0.050 | sessionR=0.00 | sessionN=0 | stall=no
[HB] 2025-09-14 17:49:58 CT OpenTrades=0 | ChooserArm=trend | Gate=no | eps=0.050 | sessionR=0.00 | sessionN=0 | stall=no
[HB] 2025-09-14 17:49:59 CT OpenTrades=0 | ChooserArm=trend | Gate=no | eps=0.050 | sessionR=0.00 | sessionN=0 | stall=no
[HB] 2025-09-14 17:50:00 CT OpenTrades=0 | ChooserArm=trend | Gate=no | eps=0.050 | sessionR=0.00 | sessionN=0 | stall=no
[HB] 2025-09-14 17:50:01 CT OpenTrades=0 | ChooserArm=trend | Gate=no | eps=0.050 | sessionR=0.00 | sessionN=0 | stall=no
[HB] 2025-09-14 17:50:02 CT OpenTrades=0 | ChooserArm=trend | Gate=no | eps=0.050 | sessionR=0.00 | sessionN=0 | stall=no
[HB] 2025-09-14 17:50:03 CT OpenTrades=0 | ChooserArm=trend | Gate=no | eps=0.050 | sessionR=0.00 | sessionN=0 | stall=no
[HB] 2025-09-14 17:50:04 CT OpenTrades=0 | ChooserArm=trend | Gate=no | eps=0.050 | sessionR=0.00 | sessionN=0 | stall=no
[HB] 2025-09-14 17:50:05 CT OpenTrades=0 | ChooserArm=trend | Gate=no | eps=0.050 | sessionR=0.00 | sessionN=0 | stall=no
[HB] 2025-09-14 17:50:06 CT OpenTrades=0 | ChooserArm=trend | Gate=no | eps=0.049 | sessionR=0.00 | sessionN=0 | stall=no
[HB] 2025-09-14 17:50:08 CT OpenTrades=0 | ChooserArm=trend | Gate=no | eps=0.049 | sessionR=0.00 | sessionN=0 | stall=no
[HB] 2025-09-14 17:50:09 CT OpenTrades=0 | ChooserArm=trend | Gate=no | eps=0.049 | sessionR=0.00 | sessionN=0 | stall=no
[HB] 2025-09-14 17:50:10 CT OpenTrades=0 | ChooserArm=trend | Gate=no | eps=0.049 | sessionR=0.00 | sessionN=0 | stall=no
[HB] 2025-09-14 17:50:11 CT OpenTrades=0 | ChooserArm=trend | Gate=no | eps=0.049 | sessionR=0.00 | sessionN=0 | stall=no
[HB] 2025-09-14 17:50:12 CT OpenTrades=0 | ChooserArm=trend | Gate=no | eps=0.049 | sessionR=0.00 | sessionN=0 | stall=no
[INFO] 2025-09-14 17:50:13 [ARMS] trend: EN n=0, avgR=+0.000, mu=+0.000, ucb=+0.874 | breakout: EN n=0, avgR=+0.000, mu=+0.000, ucb=+0.874 | reversion: EN n=0, avgR=+0.000, mu=+0.000, ucb=+0.874 | vwap: EN n=0, avgR=+0.000, mu=+0.000, ucb=+0.874
[HB] 2025-09-14 17:50:13 CT OpenTrades=0 | ChooserArm=trend | Gate=no | eps=0.049 | sessionR=0.00 | sessionN=0 | stall=no
[HB] 2025-09-14 17:50:14 CT OpenTrades=0 | ChooserArm=trend | Gate=no | eps=0.049 | sessionR=0.00 | sessionN=0 | stall=no
[HB] 2025-09-14 17:50:15 CT OpenTrades=0 | ChooserArm=trend | Gate=no | eps=0.049 | sessionR=0.00 | sessionN=0 | stall=no
[HB] 2025-09-14 17:50:16 CT OpenTrades=0 | ChooserArm=trend | Gate=no | eps=0.049 | sessionR=0.00 | sessionN=0 | stall=no
[HB] 2025-09-14 17:50:17 CT OpenTrades=0 | ChooserArm=trend | Gate=no | eps=0.049 | sessionR=0.00 | sessionN=0 | stall=no
[HB] 2025-09-14 17:50:19 CT OpenTrades=0 | ChooserArm=trend | Gate=no | eps=0.049 | sessionR=0.00 | sessionN=0 | stall=no
[HB] 2025-09-14 17:50:20 CT OpenTrades=0 | ChooserArm=breakout | Gate=no | eps=0.049 | sessionR=0.00 | sessionN=0 | stall=no
[HB] 2025-09-14 17:50:21 CT OpenTrades=0 | ChooserArm=trend | Gate=no | eps=0.049 | sessionR=0.00 | sessionN=0 | stall=no
[HB] 2025-09-14 17:50:22 CT OpenTrades=0 | ChooserArm=trend | Gate=no | eps=0.049 | sessionR=0.00 | sessionN=0 | stall=no
[HB] 2025-09-14 17:50:23 CT OpenTrades=0 | ChooserArm=trend | Gate=no | eps=0.049 | sessionR=0.00 | sessionN=0 | stall=no
[HB] 2025-09-14 17:50:24 CT OpenTrades=0 | ChooserArm=trend | Gate=no | eps=0.049 | sessionR=0.00 | sessionN=0 | stall=no
[HB] 2025-09-14 17:50:25 CT OpenTrades=0 | ChooserArm=trend | Gate=no | eps=0.049 | sessionR=0.00 | sessionN=0 | stall=no
[HB] 2025-09-14 17:50:26 CT OpenTrades=0 | ChooserArm=trend | Gate=no | eps=0.049 | sessionR=0.00 | sessionN=0 | stall=no
[HB] 2025-09-14 17:50:27 CT OpenTrades=0 | ChooserArm=trend | Gate=no | eps=0.049 | sessionR=0.00 | sessionN=0 | stall=no
[HB] 2025-09-14 17:50:28 CT OpenTrades=0 | ChooserArm=trend | Gate=no | eps=0.049 | sessionR=0.00 | sessionN=0 | stall=no
[HB] 2025-09-14 17:50:29 CT OpenTrades=0 | ChooserArm=trend | Gate=no | eps=0.049 | sessionR=0.00 | sessionN=0 | stall=no
[HB] 2025-09-14 17:50:31 CT OpenTrades=0 | ChooserArm=trend | Gate=no | eps=0.049 | sessionR=0.00 | sessionN=0 | stall=no
[HB] 2025-09-14 17:50:32 CT OpenTrades=0 | ChooserArm=trend | Gate=no | eps=0.049 | sessionR=0.00 | sessionN=0 | stall=no
[HB] 2025-09-14 17:50:33 CT OpenTrades=0 | ChooserArm=trend | Gate=no | eps=0.049 | sessionR=0.00 | sessionN=0 | stall=no
[HB] 2025-09-14 17:50:34 CT OpenTrades=0 | ChooserArm=trend | Gate=no | eps=0.049 | sessionR=0.00 | sessionN=0 | stall=no
[HB] 2025-09-14 17:50:35 CT OpenTrades=0 | ChooserArm=trend | Gate=no | eps=0.049 | sessionR=0.00 | sessionN=0 | stall=no
[HB] 2025-09-14 17:50:36 CT OpenTrades=0 | ChooserArm=trend | Gate=no | eps=0.049 | sessionR=0.00 | sessionN=0 | stall=no
[HB] 2025-09-14 17:50:37 CT OpenTrades=0 | ChooserArm=trend | Gate=no | eps=0.049 | sessionR=0.00 | sessionN=0 | stall=no
[HB] 2025-09-14 17:50:38 CT OpenTrades=0 | ChooserArm=trend | Gate=no | eps=0.049 | sessionR=0.00 | sessionN=0 | stall=no
[HB] 2025-09-14 17:50:39 CT OpenTrades=0 | ChooserArm=trend | Gate=no | eps=0.049 | sessionR=0.00 | sessionN=0 | stall=no
[HB] 2025-09-14 17:50:40 CT OpenTrades=0 | ChooserArm=trend | Gate=no | eps=0.049 | sessionR=0.00 | sessionN=0 | stall=no
[HB] 2025-09-14 17:50:41 CT OpenTrades=0 | ChooserArm=trend | Gate=no | eps=0.049 | sessionR=0.00 | sessionN=0 | stall=no
[HB] 2025-09-14 17:50:43 CT OpenTrades=0 | ChooserArm=trend | Gate=no | eps=0.049 | sessionR=0.00 | sessionN=0 | stall=no
[HB] 2025-09-14 17:50:44 CT OpenTrades=0 | ChooserArm=trend | Gate=no | eps=0.049 | sessionR=0.00 | sessionN=0 | stall=no
[HB] 2025-09-14 17:50:45 CT OpenTrades=0 | ChooserArm=trend | Gate=no | eps=0.049 | sessionR=0.00 | sessionN=0 | stall=no
[HB] 2025-09-14 17:50:46 CT OpenTrades=0 | ChooserArm=trend | Gate=no | eps=0.049 | sessionR=0.00 | sessionN=0 | stall=no
[HB] 2025-09-14 17:50:47 CT OpenTrades=0 | ChooserArm=trend | Gate=no | eps=0.049 | sessionR=0.00 | sessionN=0 | stall=no
[HB] 2025-09-14 17:50:48 CT OpenTrades=0 | ChooserArm=trend | Gate=no | eps=0.049 | sessionR=0.00 | sessionN=0 | stall=no
[HB] 2025-09-14 17:50:49 CT OpenTrades=0 | ChooserArm=trend | Gate=no | eps=0.049 | sessionR=0.00 | sessionN=0 | stall=no
[HB] 2025-09-14 17:50:50 CT OpenTrades=0 | ChooserArm=trend | Gate=no | eps=0.049 | sessionR=0.00 | sessionN=0 | stall=no
[HB] 2025-09-14 17:50:51 CT OpenTrades=0 | ChooserArm=trend | Gate=no | eps=0.049 | sessionR=0.00 | sessionN=0 | stall=no
[HB] 2025-09-14 17:50:52 CT OpenTrades=0 | ChooserArm=trend | Gate=no | eps=0.049 | sessionR=0.00 | sessionN=0 | stall=no
[HB] 2025-09-14 17:50:53 CT OpenTrades=0 | ChooserArm=trend | Gate=no | eps=0.049 | sessionR=0.00 | sessionN=0 | stall=no
[HB] 2025-09-14 17:50:55 CT OpenTrades=0 | ChooserArm=trend | Gate=no | eps=0.049 | sessionR=0.00 | sessionN=0 | stall=no
[HB] 2025-09-14 17:50:56 CT OpenTrades=0 | ChooserArm=trend | Gate=no | eps=0.049 | sessionR=0.00 | sessionN=0 | stall=no
[HB] 2025-09-14 17:50:57 CT OpenTrades=0 | ChooserArm=trend | Gate=no | eps=0.049 | sessionR=0.00 | sessionN=0 | stall=no
[HB] 2025-09-14 17:50:58 CT OpenTrades=0 | ChooserArm=trend | Gate=no | eps=0.049 | sessionR=0.00 | sessionN=0 | stall=no
[HB] 2025-09-14 17:50:59 CT OpenTrades=0 | ChooserArm=trend | Gate=no | eps=0.049 | sessionR=0.00 | sessionN=0 | stall=no
[HB] 2025-09-14 17:51:00 CT OpenTrades=0 | ChooserArm=trend | Gate=no | eps=0.049 | sessionR=0.00 | sessionN=0 | stall=no
[HB] 2025-09-14 17:51:01 CT OpenTrades=0 | ChooserArm=trend | Gate=no | eps=0.049 | sessionR=0.00 | sessionN=0 | stall=no
[HB] 2025-09-14 17:51:02 CT OpenTrades=0 | ChooserArm=trend | Gate=no | eps=0.049 | sessionR=0.00 | sessionN=0 | stall=no
[HB] 2025-09-14 17:51:03 CT OpenTrades=0 | ChooserArm=trend | Gate=no | eps=0.049 | sessionR=0.00 | sessionN=0 | stall=no
[HB] 2025-09-14 17:51:04 CT OpenTrades=0 | ChooserArm=trend | Gate=no | eps=0.049 | sessionR=0.00 | sessionN=0 | stall=no
[HB] 2025-09-14 17:51:05 CT OpenTrades=0 | ChooserArm=trend | Gate=no | eps=0.049 | sessionR=0.00 | sessionN=0 | stall=no
[HB] 2025-09-14 17:51:07 CT OpenTrades=0 | ChooserArm=trend | Gate=no | eps=0.049 | sessionR=0.00 | sessionN=0 | stall=no
[HB] 2025-09-14 17:51:08 CT OpenTrades=0 | ChooserArm=trend | Gate=no | eps=0.049 | sessionR=0.00 | sessionN=0 | stall=no
[HB] 2025-09-14 17:51:09 CT OpenTrades=0 | ChooserArm=trend | Gate=no | eps=0.049 | sessionR=0.00 | sessionN=0 | stall=no
[HB] 2025-09-14 17:51:10 CT OpenTrades=0 | ChooserArm=breakout | Gate=no | eps=0.049 | sessionR=0.00 | sessionN=0 | stall=no
[HB] 2025-09-14 17:51:11 CT OpenTrades=0 | ChooserArm=trend | Gate=no | eps=0.049 | sessionR=0.00 | sessionN=0 | stall=no
[HB] 2025-09-14 17:51:12 CT OpenTrades=0 | ChooserArm=trend | Gate=no | eps=0.049 | sessionR=0.00 | sessionN=0 | stall=no
[INFO] 2025-09-14 17:51:13 [ARMS] trend: EN n=0, avgR=+0.000, mu=+0.000, ucb=+0.771 | breakout: EN n=0, avgR=+0.000, mu=+0.000, ucb=+0.771 | reversion: EN n=0, avgR=+0.000, mu=+0.000, ucb=+0.771 | vwap: EN n=0, avgR=+0.000, mu=+0.000, ucb=+0.771
[HB] 2025-09-14 17:51:13 CT OpenTrades=0 | ChooserArm=trend | Gate=no | eps=0.049 | sessionR=0.00 | sessionN=0 | stall=no
[HB] 2025-09-14 17:51:14 CT OpenTrades=0 | ChooserArm=trend | Gate=no | eps=0.049 | sessionR=0.00 | sessionN=0 | stall=no
[HB] 2025-09-14 17:51:15 CT OpenTrades=0 | ChooserArm=trend | Gate=no | eps=0.049 | sessionR=0.00 | sessionN=0 | stall=no
[HB] 2025-09-14 17:51:16 CT OpenTrades=0 | ChooserArm=trend | Gate=no | eps=0.049 | sessionR=0.00 | sessionN=0 | stall=no
[HB] 2025-09-14 17:51:17 CT OpenTrades=0 | ChooserArm=trend | Gate=no | eps=0.049 | sessionR=0.00 | sessionN=0 | stall=no
[HB] 2025-09-14 17:51:19 CT OpenTrades=0 | ChooserArm=trend | Gate=no | eps=0.049 | sessionR=0.00 | sessionN=0 | stall=no
[HB] 2025-09-14 17:51:20 CT OpenTrades=0 | ChooserArm=trend | Gate=no | eps=0.049 | sessionR=0.00 | sessionN=0 | stall=no
[HB] 2025-09-14 17:51:21 CT OpenTrades=0 | ChooserArm=trend | Gate=no | eps=0.049 | sessionR=0.00 | sessionN=0 | stall=no
[HB] 2025-09-14 17:51:22 CT OpenTrades=0 | ChooserArm=trend | Gate=no | eps=0.049 | sessionR=0.00 | sessionN=0 | stall=no
[HB] 2025-09-14 17:51:23 CT OpenTrades=0 | ChooserArm=vwap | Gate=no | eps=0.049 | sessionR=0.00 | sessionN=0 | stall=no
[HB] 2025-09-14 17:51:24 CT OpenTrades=0 | ChooserArm=trend | Gate=no | eps=0.049 | sessionR=0.00 | sessionN=0 | stall=no
[HB] 2025-09-14 17:51:25 CT OpenTrades=0 | ChooserArm=trend | Gate=no | eps=0.049 | sessionR=0.00 | sessionN=0 | stall=no
[HB] 2025-09-14 17:51:26 CT OpenTrades=0 | ChooserArm=trend | Gate=no | eps=0.049 | sessionR=0.00 | sessionN=0 | stall=no
[HB] 2025-09-14 17:51:27 CT OpenTrades=0 | ChooserArm=trend | Gate=no | eps=0.049 | sessionR=0.00 | sessionN=0 | stall=no
[HB] 2025-09-14 17:51:28 CT OpenTrades=0 | ChooserArm=vwap | Gate=no | eps=0.049 | sessionR=0.00 | sessionN=0 | stall=no
[HB] 2025-09-14 17:51:29 CT OpenTrades=0 | ChooserArm=trend | Gate=no | eps=0.049 | sessionR=0.00 | sessionN=0 | stall=no
[HB] 2025-09-14 17:51:31 CT OpenTrades=0 | ChooserArm=trend | Gate=no | eps=0.049 | sessionR=0.00 | sessionN=0 | stall=no
[HB] 2025-09-14 17:51:32 CT OpenTrades=0 | ChooserArm=trend | Gate=no | eps=0.049 | sessionR=0.00 | sessionN=0 | stall=no
[HB] 2025-09-14 17:51:33 CT OpenTrades=0 | ChooserArm=trend | Gate=no | eps=0.049 | sessionR=0.00 | sessionN=0 | stall=no
[HB] 2025-09-14 17:51:34 CT OpenTrades=0 | ChooserArm=reversion | Gate=no | eps=0.049 | sessionR=0.00 | sessionN=0 | stall=no
[HB] 2025-09-14 17:51:35 CT OpenTrades=0 | ChooserArm=trend | Gate=no | eps=0.049 | sessionR=0.00 | sessionN=0 | stall=no
[HB] 2025-09-14 17:51:36 CT OpenTrades=0 | ChooserArm=trend | Gate=no | eps=0.049 | sessionR=0.00 | sessionN=0 | stall=no
[HB] 2025-09-14 17:51:37 CT OpenTrades=0 | ChooserArm=trend | Gate=no | eps=0.049 | sessionR=0.00 | sessionN=0 | stall=no
[HB] 2025-09-14 17:51:38 CT OpenTrades=0 | ChooserArm=trend | Gate=no | eps=0.049 | sessionR=0.00 | sessionN=0 | stall=no
[HB] 2025-09-14 17:51:39 CT OpenTrades=0 | ChooserArm=trend | Gate=no | eps=0.049 | sessionR=0.00 | sessionN=0 | stall=no
[HB] 2025-09-14 17:51:40 CT OpenTrades=0 | ChooserArm=trend | Gate=no | eps=0.049 | sessionR=0.00 | sessionN=0 | stall=no
[HB] 2025-09-14 17:51:41 CT OpenTrades=0 | ChooserArm=trend | Gate=no | eps=0.049 | sessionR=0.00 | sessionN=0 | stall=no
[HB] 2025-09-14 17:51:42 CT OpenTrades=0 | ChooserArm=trend | Gate=no | eps=0.049 | sessionR=0.00 | sessionN=0 | stall=no
[HB] 2025-09-14 17:51:44 CT OpenTrades=0 | ChooserArm=trend | Gate=no | eps=0.049 | sessionR=0.00 | sessionN=0 | stall=no
[HB] 2025-09-14 17:51:45 CT OpenTrades=0 | ChooserArm=trend | Gate=no | eps=0.049 | sessionR=0.00 | sessionN=0 | stall=no
[HB] 2025-09-14 17:51:46 CT OpenTrades=0 | ChooserArm=trend | Gate=no | eps=0.049 | sessionR=0.00 | sessionN=0 | stall=no
[HB] 2025-09-14 17:51:47 CT OpenTrades=0 | ChooserArm=trend | Gate=no | eps=0.049 | sessionR=0.00 | sessionN=0 | stall=no
[HB] 2025-09-14 17:51:48 CT OpenTrades=0 | ChooserArm=trend | Gate=no | eps=0.049 | sessionR=0.00 | sessionN=0 | stall=no
[HB] 2025-09-14 17:51:49 CT OpenTrades=0 | ChooserArm=trend | Gate=no | eps=0.049 | sessionR=0.00 | sessionN=0 | stall=no
[HB] 2025-09-14 17:51:50 CT OpenTrades=0 | ChooserArm=trend | Gate=no | eps=0.049 | sessionR=0.00 | sessionN=0 | stall=no
[HB] 2025-09-14 17:51:51 CT OpenTrades=0 | ChooserArm=trend | Gate=no | eps=0.049 | sessionR=0.00 | sessionN=0 | stall=no
[HB] 2025-09-14 17:51:52 CT OpenTrades=0 | ChooserArm=trend | Gate=no | eps=0.049 | sessionR=0.00 | sessionN=0 | stall=no
[HB] 2025-09-14 17:51:53 CT OpenTrades=0 | ChooserArm=trend | Gate=no | eps=0.049 | sessionR=0.00 | sessionN=0 | stall=no
[HB] 2025-09-14 17:51:54 CT OpenTrades=0 | ChooserArm=trend | Gate=no | eps=0.049 | sessionR=0.00 | sessionN=0 | stall=no
[HB] 2025-09-14 17:51:55 CT OpenTrades=0 | ChooserArm=trend | Gate=no | eps=0.049 | sessionR=0.00 | sessionN=0 | stall=no
[HB] 2025-09-14 17:51:57 CT OpenTrades=0 | ChooserArm=trend | Gate=no | eps=0.049 | sessionR=0.00 | sessionN=0 | stall=no
[HB] 2025-09-14 17:51:58 CT OpenTrades=0 | ChooserArm=trend | Gate=no | eps=0.049 | sessionR=0.00 | sessionN=0 | stall=no
[HB] 2025-09-14 17:51:59 CT OpenTrades=0 | ChooserArm=breakout | Gate=no | eps=0.049 | sessionR=0.00 | sessionN=0 | stall=no
[HB] 2025-09-14 17:52:00 CT OpenTrades=0 | ChooserArm=trend | Gate=no | eps=0.049 | sessionR=0.00 | sessionN=0 | stall=no
[HB] 2025-09-14 17:52:01 CT OpenTrades=0 | ChooserArm=trend | Gate=no | eps=0.049 | sessionR=0.00 | sessionN=0 | stall=no
[HB] 2025-09-14 17:52:02 CT OpenTrades=0 | ChooserArm=trend | Gate=no | eps=0.049 | sessionR=0.00 | sessionN=0 | stall=no
[HB] 2025-09-14 17:52:03 CT OpenTrades=0 | ChooserArm=trend | Gate=no | eps=0.049 | sessionR=0.00 | sessionN=0 | stall=no
[HB] 2025-09-14 17:52:04 CT OpenTrades=0 | ChooserArm=trend | Gate=no | eps=0.049 | sessionR=0.00 | sessionN=0 | stall=no
[HB] 2025-09-14 17:52:05 CT OpenTrades=0 | ChooserArm=trend | Gate=no | eps=0.049 | sessionR=0.00 | sessionN=0 | stall=no
[HB] 2025-09-14 17:52:06 CT OpenTrades=0 | ChooserArm=trend | Gate=no | eps=0.049 | sessionR=0.00 | sessionN=0 | stall=no
[HB] 2025-09-14 17:52:07 CT OpenTrades=0 | ChooserArm=trend | Gate=no | eps=0.049 | sessionR=0.00 | sessionN=0 | stall=no
[HB] 2025-09-14 17:52:09 CT OpenTrades=0 | ChooserArm=trend | Gate=no | eps=0.049 | sessionR=0.00 | sessionN=0 | stall=no
[HB] 2025-09-14 17:52:10 CT OpenTrades=0 | ChooserArm=vwap | Gate=no | eps=0.049 | sessionR=0.00 | sessionN=0 | stall=no
[HB] 2025-09-14 17:52:11 CT OpenTrades=0 | ChooserArm=trend | Gate=no | eps=0.049 | sessionR=0.00 | sessionN=0 | stall=no
[HB] 2025-09-14 17:52:12 CT OpenTrades=0 | ChooserArm=trend | Gate=no | eps=0.049 | sessionR=0.00 | sessionN=0 | stall=no
[HB] 2025-09-14 17:52:13 CT OpenTrades=0 | ChooserArm=trend | Gate=no | eps=0.049 | sessionR=0.00 | sessionN=0 | stall=no
[INFO] 2025-09-14 17:52:14 [ARMS] trend: EN n=0, avgR=+0.000, mu=+0.000, ucb=+0.648 | breakout: EN n=0, avgR=+0.000, mu=+0.000, ucb=+0.648 | reversion: EN n=0, avgR=+0.000, mu=+0.000, ucb=+0.648 | vwap: EN n=0, avgR=+0.000, mu=+0.000, ucb=+0.648
[HB] 2025-09-14 17:52:14 CT OpenTrades=0 | ChooserArm=trend | Gate=no | eps=0.049 | sessionR=0.00 | sessionN=0 | stall=no
[HB] 2025-09-14 17:52:15 CT OpenTrades=0 | ChooserArm=trend | Gate=no | eps=0.049 | sessionR=0.00 | sessionN=0 | stall=no
[HB] 2025-09-14 17:52:16 CT OpenTrades=0 | ChooserArm=trend | Gate=no | eps=0.049 | sessionR=0.00 | sessionN=0 | stall=no
[HB] 2025-09-14 17:52:17 CT OpenTrades=0 | ChooserArm=trend | Gate=no | eps=0.049 | sessionR=0.00 | sessionN=0 | stall=no
[HB] 2025-09-14 17:52:18 CT OpenTrades=0 | ChooserArm=trend | Gate=no | eps=0.049 | sessionR=0.00 | sessionN=0 | stall=no
[HB] 2025-09-14 17:52:19 CT OpenTrades=0 | ChooserArm=trend | Gate=no | eps=0.049 | sessionR=0.00 | sessionN=0 | stall=no
[HB] 2025-09-14 17:52:21 CT OpenTrades=0 | ChooserArm=trend | Gate=no | eps=0.049 | sessionR=0.00 | sessionN=0 | stall=no
[HB] 2025-09-14 17:52:22 CT OpenTrades=0 | ChooserArm=trend | Gate=no | eps=0.049 | sessionR=0.00 | sessionN=0 | stall=no
[HB] 2025-09-14 17:52:23 CT OpenTrades=0 | ChooserArm=trend | Gate=no | eps=0.049 | sessionR=0.00 | sessionN=0 | stall=no
[HB] 2025-09-14 17:52:24 CT OpenTrades=0 | ChooserArm=trend | Gate=no | eps=0.049 | sessionR=0.00 | sessionN=0 | stall=no
[HB] 2025-09-14 17:52:25 CT OpenTrades=0 | ChooserArm=trend | Gate=no | eps=0.049 | sessionR=0.00 | sessionN=0 | stall=no
[HB] 2025-09-14 17:52:26 CT OpenTrades=0 | ChooserArm=trend | Gate=no | eps=0.049 | sessionR=0.00 | sessionN=0 | stall=no
[HB] 2025-09-14 17:52:27 CT OpenTrades=0 | ChooserArm=trend | Gate=no | eps=0.049 | sessionR=0.00 | sessionN=0 | stall=no
[HB] 2025-09-14 17:52:28 CT OpenTrades=0 | ChooserArm=trend | Gate=no | eps=0.049 | sessionR=0.00 | sessionN=0 | stall=no
[HB] 2025-09-14 17:52:29 CT OpenTrades=0 | ChooserArm=trend | Gate=no | eps=0.049 | sessionR=0.00 | sessionN=0 | stall=no
[HB] 2025-09-14 17:52:30 CT OpenTrades=0 | ChooserArm=trend | Gate=no | eps=0.049 | sessionR=0.00 | sessionN=0 | stall=no
[HB] 2025-09-14 17:52:32 CT OpenTrades=0 | ChooserArm=trend | Gate=no | eps=0.049 | sessionR=0.00 | sessionN=0 | stall=no
[HB] 2025-09-14 17:52:33 CT OpenTrades=0 | ChooserArm=trend | Gate=no | eps=0.049 | sessionR=0.00 | sessionN=0 | stall=no
[HB] 2025-09-14 17:52:34 CT OpenTrades=0 | ChooserArm=trend | Gate=no | eps=0.049 | sessionR=0.00 | sessionN=0 | stall=no
[HB] 2025-09-14 17:52:35 CT OpenTrades=0 | ChooserArm=trend | Gate=no | eps=0.049 | sessionR=0.00 | sessionN=0 | stall=no
[HB] 2025-09-14 17:52:36 CT OpenTrades=0 | ChooserArm=trend | Gate=no | eps=0.049 | sessionR=0.00 | sessionN=0 | stall=no
[HB] 2025-09-14 17:52:37 CT OpenTrades=0 | ChooserArm=trend | Gate=no | eps=0.049 | sessionR=0.00 | sessionN=0 | stall=no
[HB] 2025-09-14 17:52:38 CT OpenTrades=0 | ChooserArm=trend | Gate=no | eps=0.049 | sessionR=0.00 | sessionN=0 | stall=no
[HB] 2025-09-14 17:52:39 CT OpenTrades=0 | ChooserArm=trend | Gate=no | eps=0.049 | sessionR=0.00 | sessionN=0 | stall=no
[HB] 2025-09-14 17:52:40 CT OpenTrades=0 | ChooserArm=reversion | Gate=no | eps=0.049 | sessionR=0.00 | sessionN=0 | stall=no
[HB] 2025-09-14 17:52:41 CT OpenTrades=0 | ChooserArm=trend | Gate=no | eps=0.049 | sessionR=0.00 | sessionN=0 | stall=no
[HB] 2025-09-14 17:52:42 CT OpenTrades=0 | ChooserArm=trend | Gate=no | eps=0.049 | sessionR=0.00 | sessionN=0 | stall=no
[HB] 2025-09-14 17:52:44 CT OpenTrades=0 | ChooserArm=trend | Gate=no | eps=0.049 | sessionR=0.00 | sessionN=0 | stall=no
[HB] 2025-09-14 17:52:45 CT OpenTrades=0 | ChooserArm=trend | Gate=no | eps=0.049 | sessionR=0.00 | sessionN=0 | stall=no
[HB] 2025-09-14 17:52:46 CT OpenTrades=0 | ChooserArm=trend | Gate=no | eps=0.049 | sessionR=0.00 | sessionN=0 | stall=no
[HB] 2025-09-14 17:52:47 CT OpenTrades=0 | ChooserArm=trend | Gate=no | eps=0.049 | sessionR=0.00 | sessionN=0 | stall=no
[HB] 2025-09-14 17:52:48 CT OpenTrades=0 | ChooserArm=trend | Gate=no | eps=0.049 | sessionR=0.00 | sessionN=0 | stall=no
[HB] 2025-09-14 17:52:49 CT OpenTrades=0 | ChooserArm=trend | Gate=no | eps=0.049 | sessionR=0.00 | sessionN=0 | stall=no
[HB] 2025-09-14 17:52:50 CT OpenTrades=0 | ChooserArm=trend | Gate=no | eps=0.049 | sessionR=0.00 | sessionN=0 | stall=no
[HB] 2025-09-14 17:52:51 CT OpenTrades=0 | ChooserArm=trend | Gate=no | eps=0.049 | sessionR=0.00 | sessionN=0 | stall=no
[HB] 2025-09-14 17:52:52 CT OpenTrades=0 | ChooserArm=trend | Gate=no | eps=0.049 | sessionR=0.00 | sessionN=0 | stall=no
[HB] 2025-09-14 17:52:53 CT OpenTrades=0 | ChooserArm=trend | Gate=no | eps=0.049 | sessionR=0.00 | sessionN=0 | stall=no
[HB] 2025-09-14 17:52:54 CT OpenTrades=0 | ChooserArm=trend | Gate=no | eps=0.049 | sessionR=0.00 | sessionN=0 | stall=no
[HB] 2025-09-14 17:52:56 CT OpenTrades=0 | ChooserArm=trend | Gate=no | eps=0.049 | sessionR=0.00 | sessionN=0 | stall=no
[HB] 2025-09-14 17:52:57 CT OpenTrades=0 | ChooserArm=trend | Gate=no | eps=0.049 | sessionR=0.00 | sessionN=0 | stall=no
[HB] 2025-09-14 17:52:58 CT OpenTrades=0 | ChooserArm=trend | Gate=no | eps=0.049 | sessionR=0.00 | sessionN=0 | stall=no
[HB] 2025-09-14 17:52:59 CT OpenTrades=0 | ChooserArm=trend | Gate=no | eps=0.049 | sessionR=0.00 | sessionN=0 | stall=no
[HB] 2025-09-14 17:53:00 CT OpenTrades=0 | ChooserArm=trend | Gate=no | eps=0.049 | sessionR=0.00 | sessionN=0 | stall=no
[HB] 2025-09-14 17:53:01 CT OpenTrades=0 | ChooserArm=vwap | Gate=no | eps=0.049 | sessionR=0.00 | sessionN=0 | stall=no
[HB] 2025-09-14 17:53:02 CT OpenTrades=0 | ChooserArm=trend | Gate=no | eps=0.049 | sessionR=0.00 | sessionN=0 | stall=no
[HB] 2025-09-14 17:53:03 CT OpenTrades=0 | ChooserArm=trend | Gate=no | eps=0.049 | sessionR=0.00 | sessionN=0 | stall=no
[HB] 2025-09-14 17:53:04 CT OpenTrades=0 | ChooserArm=trend | Gate=no | eps=0.049 | sessionR=0.00 | sessionN=0 | stall=no
[HB] 2025-09-14 17:53:05 CT OpenTrades=0 | ChooserArm=trend | Gate=no | eps=0.049 | sessionR=0.00 | sessionN=0 | stall=no
[HB] 2025-09-14 17:53:07 CT OpenTrades=0 | ChooserArm=trend | Gate=no | eps=0.049 | sessionR=0.00 | sessionN=0 | stall=no
[HB] 2025-09-14 17:53:08 CT OpenTrades=0 | ChooserArm=trend | Gate=no | eps=0.049 | sessionR=0.00 | sessionN=0 | stall=no
[HB] 2025-09-14 17:53:09 CT OpenTrades=0 | ChooserArm=trend | Gate=no | eps=0.049 | sessionR=0.00 | sessionN=0 | stall=no
[HB] 2025-09-14 17:53:10 CT OpenTrades=0 | ChooserArm=trend | Gate=no | eps=0.049 | sessionR=0.00 | sessionN=0 | stall=no
[HB] 2025-09-14 17:53:11 CT OpenTrades=0 | ChooserArm=trend | Gate=no | eps=0.049 | sessionR=0.00 | sessionN=0 | stall=no
[HB] 2025-09-14 17:53:12 CT OpenTrades=0 | ChooserArm=trend | Gate=no | eps=0.049 | sessionR=0.00 | sessionN=0 | stall=no
[HB] 2025-09-14 17:53:13 CT OpenTrades=0 | ChooserArm=trend | Gate=no | eps=0.049 | sessionR=0.00 | sessionN=0 | stall=no
[INFO] 2025-09-14 17:53:14 [ARMS] trend: EN n=0, avgR=+0.000, mu=+0.000, ucb=+0.701 | breakout: EN n=0, avgR=+0.000, mu=+0.000, ucb=+0.701 | reversion: EN n=0, avgR=+0.000, mu=+0.000, ucb=+0.701 | vwap: EN n=0, avgR=+0.000, mu=+0.000, ucb=+0.701
[HB] 2025-09-14 17:53:14 CT OpenTrades=0 | ChooserArm=trend | Gate=no | eps=0.049 | sessionR=0.00 | sessionN=0 | stall=no
[HB] 2025-09-14 17:53:15 CT OpenTrades=0 | ChooserArm=trend | Gate=no | eps=0.049 | sessionR=0.00 | sessionN=0 | stall=no
[HB] 2025-09-14 17:53:16 CT OpenTrades=0 | ChooserArm=trend | Gate=no | eps=0.049 | sessionR=0.00 | sessionN=0 | stall=no
[HB] 2025-09-14 17:53:17 CT OpenTrades=0 | ChooserArm=trend | Gate=no | eps=0.049 | sessionR=0.00 | sessionN=0 | stall=no
[HB] 2025-09-14 17:53:19 CT OpenTrades=0 | ChooserArm=trend | Gate=no | eps=0.049 | sessionR=0.00 | sessionN=0 | stall=no
[HB] 2025-09-14 17:53:20 CT OpenTrades=0 | ChooserArm=trend | Gate=no | eps=0.049 | sessionR=0.00 | sessionN=0 | stall=no
[HB] 2025-09-14 17:53:21 CT OpenTrades=0 | ChooserArm=trend | Gate=no | eps=0.049 | sessionR=0.00 | sessionN=0 | stall=no
[HB] 2025-09-14 17:53:22 CT OpenTrades=0 | ChooserArm=trend | Gate=no | eps=0.049 | sessionR=0.00 | sessionN=0 | stall=no
[HB] 2025-09-14 17:53:23 CT OpenTrades=0 | ChooserArm=trend | Gate=no | eps=0.049 | sessionR=0.00 | sessionN=0 | stall=no
[HB] 2025-09-14 17:53:24 CT OpenTrades=0 | ChooserArm=trend | Gate=no | eps=0.049 | sessionR=0.00 | sessionN=0 | stall=no
[HB] 2025-09-14 17:53:25 CT OpenTrades=0 | ChooserArm=trend | Gate=no | eps=0.049 | sessionR=0.00 | sessionN=0 | stall=no
[HB] 2025-09-14 17:53:26 CT OpenTrades=0 | ChooserArm=trend | Gate=no | eps=0.049 | sessionR=0.00 | sessionN=0 | stall=no
[HB] 2025-09-14 17:53:27 CT OpenTrades=0 | ChooserArm=trend | Gate=no | eps=0.049 | sessionR=0.00 | sessionN=0 | stall=no
[HB] 2025-09-14 17:53:28 CT OpenTrades=0 | ChooserArm=trend | Gate=no | eps=0.049 | sessionR=0.00 | sessionN=0 | stall=no
[HB] 2025-09-14 17:53:29 CT OpenTrades=0 | ChooserArm=trend | Gate=no | eps=0.049 | sessionR=0.00 | sessionN=0 | stall=no
[HB] 2025-09-14 17:53:31 CT OpenTrades=0 | ChooserArm=trend | Gate=no | eps=0.049 | sessionR=0.00 | sessionN=0 | stall=no
[HB] 2025-09-14 17:53:32 CT OpenTrades=0 | ChooserArm=trend | Gate=no | eps=0.049 | sessionR=0.00 | sessionN=0 | stall=no
[HB] 2025-09-14 17:53:33 CT OpenTrades=0 | ChooserArm=trend | Gate=no | eps=0.049 | sessionR=0.00 | sessionN=0 | stall=no
[HB] 2025-09-14 17:53:34 CT OpenTrades=0 | ChooserArm=trend | Gate=no | eps=0.049 | sessionR=0.00 | sessionN=0 | stall=no
[HB] 2025-09-14 17:53:35 CT OpenTrades=0 | ChooserArm=trend | Gate=no | eps=0.049 | sessionR=0.00 | sessionN=0 | stall=no
[HB] 2025-09-14 17:53:36 CT OpenTrades=0 | ChooserArm=trend | Gate=no | eps=0.049 | sessionR=0.00 | sessionN=0 | stall=no
[HB] 2025-09-14 17:53:37 CT OpenTrades=0 | ChooserArm=trend | Gate=no | eps=0.049 | sessionR=0.00 | sessionN=0 | stall=no
[HB] 2025-09-14 17:53:38 CT OpenTrades=0 | ChooserArm=trend | Gate=no | eps=0.049 | sessionR=0.00 | sessionN=0 | stall=no
[HB] 2025-09-14 17:53:39 CT OpenTrades=0 | ChooserArm=trend | Gate=no | eps=0.049 | sessionR=0.00 | sessionN=0 | stall=no
[HB] 2025-09-14 17:53:40 CT OpenTrades=0 | ChooserArm=trend | Gate=no | eps=0.049 | sessionR=0.00 | sessionN=0 | stall=no
[HB] 2025-09-14 17:53:41 CT OpenTrades=0 | ChooserArm=trend | Gate=no | eps=0.049 | sessionR=0.00 | sessionN=0 | stall=no
[HB] 2025-09-14 17:53:43 CT OpenTrades=0 | ChooserArm=trend | Gate=no | eps=0.049 | sessionR=0.00 | sessionN=0 | stall=no
[HB] 2025-09-14 17:53:44 CT OpenTrades=0 | ChooserArm=trend | Gate=no | eps=0.049 | sessionR=0.00 | sessionN=0 | stall=no
[HB] 2025-09-14 17:53:45 CT OpenTrades=0 | ChooserArm=trend | Gate=no | eps=0.049 | sessionR=0.00 | sessionN=0 | stall=no
[HB] 2025-09-14 17:53:46 CT OpenTrades=0 | ChooserArm=trend | Gate=no | eps=0.049 | sessionR=0.00 | sessionN=0 | stall=no
[HB] 2025-09-14 17:53:47 CT OpenTrades=0 | ChooserArm=trend | Gate=no | eps=0.049 | sessionR=0.00 | sessionN=0 | stall=no
[HB] 2025-09-14 17:53:48 CT OpenTrades=0 | ChooserArm=trend | Gate=no | eps=0.049 | sessionR=0.00 | sessionN=0 | stall=no
[HB] 2025-09-14 17:53:49 CT OpenTrades=0 | ChooserArm=trend | Gate=no | eps=0.049 | sessionR=0.00 | sessionN=0 | stall=no
[HB] 2025-09-14 17:53:50 CT OpenTrades=0 | ChooserArm=trend | Gate=no | eps=0.049 | sessionR=0.00 | sessionN=0 | stall=no
[HB] 2025-09-14 17:53:51 CT OpenTrades=0 | ChooserArm=trend | Gate=no | eps=0.049 | sessionR=0.00 | sessionN=0 | stall=no
[HB] 2025-09-14 17:53:52 CT OpenTrades=0 | ChooserArm=trend | Gate=no | eps=0.049 | sessionR=0.00 | sessionN=0 | stall=no
[HB] 2025-09-14 17:53:53 CT OpenTrades=0 | ChooserArm=trend | Gate=no | eps=0.049 | sessionR=0.00 | sessionN=0 | stall=no
[HB] 2025-09-14 17:53:55 CT OpenTrades=0 | ChooserArm=trend | Gate=no | eps=0.049 | sessionR=0.00 | sessionN=0 | stall=no
[HB] 2025-09-14 17:53:56 CT OpenTrades=0 | ChooserArm=trend | Gate=no | eps=0.049 | sessionR=0.00 | sessionN=0 | stall=no
[HB] 2025-09-14 17:53:57 CT OpenTrades=0 | ChooserArm=trend | Gate=no | eps=0.049 | sessionR=0.00 | sessionN=0 | stall=no
[HB] 2025-09-14 17:53:58 CT OpenTrades=0 | ChooserArm=trend | Gate=no | eps=0.049 | sessionR=0.00 | sessionN=0 | stall=no
[HB] 2025-09-14 17:53:59 CT OpenTrades=0 | ChooserArm=trend | Gate=no | eps=0.049 | sessionR=0.00 | sessionN=0 | stall=no
[HB] 2025-09-14 17:54:00 CT OpenTrades=0 | ChooserArm=trend | Gate=no | eps=0.049 | sessionR=0.00 | sessionN=0 | stall=no
[HB] 2025-09-14 17:54:01 CT OpenTrades=0 | ChooserArm=trend | Gate=no | eps=0.049 | sessionR=0.00 | sessionN=0 | stall=no
[HB] 2025-09-14 17:54:02 CT OpenTrades=0 | ChooserArm=trend | Gate=no | eps=0.049 | sessionR=0.00 | sessionN=0 | stall=no
[HB] 2025-09-14 17:54:03 CT OpenTrades=0 | ChooserArm=trend | Gate=no | eps=0.049 | sessionR=0.00 | sessionN=0 | stall=no
[HB] 2025-09-14 17:54:04 CT OpenTrades=0 | ChooserArm=trend | Gate=no | eps=0.049 | sessionR=0.00 | sessionN=0 | stall=no
[HB] 2025-09-14 17:54:05 CT OpenTrades=0 | ChooserArm=trend | Gate=no | eps=0.049 | sessionR=0.00 | sessionN=0 | stall=no
[HB] 2025-09-14 17:54:07 CT OpenTrades=0 | ChooserArm=trend | Gate=no | eps=0.048 | sessionR=0.00 | sessionN=0 | stall=no
[HB] 2025-09-14 17:54:08 CT OpenTrades=0 | ChooserArm=trend | Gate=no | eps=0.048 | sessionR=0.00 | sessionN=0 | stall=no
[HB] 2025-09-14 17:54:09 CT OpenTrades=0 | ChooserArm=trend | Gate=no | eps=0.048 | sessionR=0.00 | sessionN=0 | stall=no
[HB] 2025-09-14 17:54:10 CT OpenTrades=0 | ChooserArm=trend | Gate=no | eps=0.048 | sessionR=0.00 | sessionN=0 | stall=no
[HB] 2025-09-14 17:54:11 CT OpenTrades=0 | ChooserArm=trend | Gate=no | eps=0.048 | sessionR=0.00 | sessionN=0 | stall=no
[HB] 2025-09-14 17:54:12 CT OpenTrades=0 | ChooserArm=vwap | Gate=no | eps=0.048 | sessionR=0.00 | sessionN=0 | stall=no
[HB] 2025-09-14 17:54:13 CT OpenTrades=0 | ChooserArm=trend | Gate=no | eps=0.048 | sessionR=0.00 | sessionN=0 | stall=no
[INFO] 2025-09-14 17:54:14 [ARMS] trend: EN n=0, avgR=+0.000, mu=+0.000, ucb=+0.808 | breakout: EN n=0, avgR=+0.000, mu=+0.000, ucb=+0.808 | reversion: EN n=0, avgR=+0.000, mu=+0.000, ucb=+0.808 | vwap: EN n=0, avgR=+0.000, mu=+0.000, ucb=+0.808
[HB] 2025-09-14 17:54:14 CT OpenTrades=0 | ChooserArm=trend | Gate=no | eps=0.048 | sessionR=0.00 | sessionN=0 | stall=no
[HB] 2025-09-14 17:54:15 CT OpenTrades=0 | ChooserArm=trend | Gate=no | eps=0.048 | sessionR=0.00 | sessionN=0 | stall=no
[HB] 2025-09-14 17:54:16 CT OpenTrades=0 | ChooserArm=trend | Gate=no | eps=0.048 | sessionR=0.00 | sessionN=0 | stall=no
[HB] 2025-09-14 17:54:17 CT OpenTrades=0 | ChooserArm=trend | Gate=no | eps=0.048 | sessionR=0.00 | sessionN=0 | stall=no
[HB] 2025-09-14 17:54:19 CT OpenTrades=0 | ChooserArm=trend | Gate=no | eps=0.048 | sessionR=0.00 | sessionN=0 | stall=no
[HB] 2025-09-14 17:54:20 CT OpenTrades=0 | ChooserArm=reversion | Gate=no | eps=0.048 | sessionR=0.00 | sessionN=0 | stall=no
[HB] 2025-09-14 17:54:21 CT OpenTrades=0 | ChooserArm=trend | Gate=no | eps=0.048 | sessionR=0.00 | sessionN=0 | stall=no
[HB] 2025-09-14 17:54:22 CT OpenTrades=0 | ChooserArm=trend | Gate=no | eps=0.048 | sessionR=0.00 | sessionN=0 | stall=no
[HB] 2025-09-14 17:54:23 CT OpenTrades=0 | ChooserArm=trend | Gate=no | eps=0.048 | sessionR=0.00 | sessionN=0 | stall=no
[HB] 2025-09-14 17:54:24 CT OpenTrades=0 | ChooserArm=trend | Gate=no | eps=0.048 | sessionR=0.00 | sessionN=0 | stall=no
[HB] 2025-09-14 17:54:25 CT OpenTrades=0 | ChooserArm=trend | Gate=no | eps=0.048 | sessionR=0.00 | sessionN=0 | stall=no
[HB] 2025-09-14 17:54:26 CT OpenTrades=0 | ChooserArm=trend | Gate=no | eps=0.048 | sessionR=0.00 | sessionN=0 | stall=no
[HB] 2025-09-14 17:54:27 CT OpenTrades=0 | ChooserArm=trend | Gate=no | eps=0.048 | sessionR=0.00 | sessionN=0 | stall=no
[HB] 2025-09-14 17:54:28 CT OpenTrades=0 | ChooserArm=trend | Gate=no | eps=0.048 | sessionR=0.00 | sessionN=0 | stall=no
[HB] 2025-09-14 17:54:29 CT OpenTrades=0 | ChooserArm=trend | Gate=no | eps=0.048 | sessionR=0.00 | sessionN=0 | stall=no
[HB] 2025-09-14 17:54:31 CT OpenTrades=0 | ChooserArm=trend | Gate=no | eps=0.048 | sessionR=0.00 | sessionN=0 | stall=no
[HB] 2025-09-14 17:54:32 CT OpenTrades=0 | ChooserArm=trend | Gate=no | eps=0.048 | sessionR=0.00 | sessionN=0 | stall=no
[HB] 2025-09-14 17:54:33 CT OpenTrades=0 | ChooserArm=trend | Gate=no | eps=0.048 | sessionR=0.00 | sessionN=0 | stall=no
[HB] 2025-09-14 17:54:34 CT OpenTrades=0 | ChooserArm=trend | Gate=no | eps=0.048 | sessionR=0.00 | sessionN=0 | stall=no
[HB] 2025-09-14 17:54:35 CT OpenTrades=0 | ChooserArm=trend | Gate=no | eps=0.048 | sessionR=0.00 | sessionN=0 | stall=no
[HB] 2025-09-14 17:54:36 CT OpenTrades=0 | ChooserArm=trend | Gate=no | eps=0.048 | sessionR=0.00 | sessionN=0 | stall=no
[HB] 2025-09-14 17:54:37 CT OpenTrades=0 | ChooserArm=trend | Gate=no | eps=0.048 | sessionR=0.00 | sessionN=0 | stall=no
[HB] 2025-09-14 17:54:38 CT OpenTrades=0 | ChooserArm=trend | Gate=no | eps=0.048 | sessionR=0.00 | sessionN=0 | stall=no
[HB] 2025-09-14 17:54:39 CT OpenTrades=0 | ChooserArm=trend | Gate=no | eps=0.048 | sessionR=0.00 | sessionN=0 | stall=no
[HB] 2025-09-14 17:54:40 CT OpenTrades=0 | ChooserArm=trend | Gate=no | eps=0.048 | sessionR=0.00 | sessionN=0 | stall=no
[HB] 2025-09-14 17:54:41 CT OpenTrades=0 | ChooserArm=trend | Gate=no | eps=0.048 | sessionR=0.00 | sessionN=0 | stall=no
[HB] 2025-09-14 17:54:43 CT OpenTrades=0 | ChooserArm=trend | Gate=no | eps=0.048 | sessionR=0.00 | sessionN=0 | stall=no
[HB] 2025-09-14 17:54:44 CT OpenTrades=0 | ChooserArm=trend | Gate=no | eps=0.048 | sessionR=0.00 | sessionN=0 | stall=no
[HB] 2025-09-14 17:54:45 CT OpenTrades=0 | ChooserArm=trend | Gate=no | eps=0.048 | sessionR=0.00 | sessionN=0 | stall=no
[HB] 2025-09-14 17:54:46 CT OpenTrades=0 | ChooserArm=trend | Gate=no | eps=0.048 | sessionR=0.00 | sessionN=0 | stall=no
[HB] 2025-09-14 17:54:47 CT OpenTrades=0 | ChooserArm=trend | Gate=no | eps=0.048 | sessionR=0.00 | sessionN=0 | stall=no
[HB] 2025-09-14 17:54:48 CT OpenTrades=0 | ChooserArm=trend | Gate=no | eps=0.048 | sessionR=0.00 | sessionN=0 | stall=no
[HB] 2025-09-14 17:54:49 CT OpenTrades=0 | ChooserArm=trend | Gate=no | eps=0.048 | sessionR=0.00 | sessionN=0 | stall=no
[HB] 2025-09-14 17:54:50 CT OpenTrades=0 | ChooserArm=trend | Gate=no | eps=0.048 | sessionR=0.00 | sessionN=0 | stall=no
[HB] 2025-09-14 17:54:51 CT OpenTrades=0 | ChooserArm=trend | Gate=no | eps=0.048 | sessionR=0.00 | sessionN=0 | stall=no
[HB] 2025-09-14 17:54:52 CT OpenTrades=0 | ChooserArm=trend | Gate=no | eps=0.048 | sessionR=0.00 | sessionN=0 | stall=no
[HB] 2025-09-14 17:54:53 CT OpenTrades=0 | ChooserArm=trend | Gate=no | eps=0.048 | sessionR=0.00 | sessionN=0 | stall=no
[HB] 2025-09-14 17:54:55 CT OpenTrades=0 | ChooserArm=trend | Gate=no | eps=0.048 | sessionR=0.00 | sessionN=0 | stall=no
[HB] 2025-09-14 17:54:56 CT OpenTrades=0 | ChooserArm=trend | Gate=no | eps=0.048 | sessionR=0.00 | sessionN=0 | stall=no
[HB] 2025-09-14 17:54:57 CT OpenTrades=0 | ChooserArm=trend | Gate=no | eps=0.048 | sessionR=0.00 | sessionN=0 | stall=no
[HB] 2025-09-14 17:54:58 CT OpenTrades=0 | ChooserArm=trend | Gate=no | eps=0.048 | sessionR=0.00 | sessionN=0 | stall=no
[HB] 2025-09-14 17:54:59 CT OpenTrades=0 | ChooserArm=trend | Gate=no | eps=0.048 | sessionR=0.00 | sessionN=0 | stall=no
[HB] 2025-09-14 17:55:00 CT OpenTrades=0 | ChooserArm=trend | Gate=no | eps=0.048 | sessionR=0.00 | sessionN=0 | stall=no
[HB] 2025-09-14 17:55:01 CT OpenTrades=0 | ChooserArm=trend | Gate=no | eps=0.048 | sessionR=0.00 | sessionN=0 | stall=no
[HB] 2025-09-14 17:55:02 CT OpenTrades=0 | ChooserArm=trend | Gate=no | eps=0.048 | sessionR=0.00 | sessionN=0 | stall=no
[HB] 2025-09-14 17:55:03 CT OpenTrades=0 | ChooserArm=trend | Gate=no | eps=0.048 | sessionR=0.00 | sessionN=0 | stall=no
[HB] 2025-09-14 17:55:05 CT OpenTrades=0 | ChooserArm=trend | Gate=no | eps=0.048 | sessionR=0.00 | sessionN=0 | stall=no
[HB] 2025-09-14 17:55:06 CT OpenTrades=0 | ChooserArm=reversion | Gate=no | eps=0.048 | sessionR=0.00 | sessionN=0 | stall=no
[HB] 2025-09-14 17:55:07 CT OpenTrades=0 | ChooserArm=trend | Gate=no | eps=0.048 | sessionR=0.00 | sessionN=0 | stall=no
[HB] 2025-09-14 17:55:08 CT OpenTrades=0 | ChooserArm=trend | Gate=no | eps=0.048 | sessionR=0.00 | sessionN=0 | stall=no
[HB] 2025-09-14 17:55:09 CT OpenTrades=0 | ChooserArm=trend | Gate=no | eps=0.048 | sessionR=0.00 | sessionN=0 | stall=no
[HB] 2025-09-14 17:55:10 CT OpenTrades=0 | ChooserArm=trend | Gate=no | eps=0.048 | sessionR=0.00 | sessionN=0 | stall=no
[HB] 2025-09-14 17:55:11 CT OpenTrades=0 | ChooserArm=trend | Gate=no | eps=0.048 | sessionR=0.00 | sessionN=0 | stall=no
[HB] 2025-09-14 17:55:12 CT OpenTrades=0 | ChooserArm=trend | Gate=no | eps=0.048 | sessionR=0.00 | sessionN=0 | stall=no
[HB] 2025-09-14 17:55:13 CT OpenTrades=0 | ChooserArm=trend | Gate=no | eps=0.048 | sessionR=0.00 | sessionN=0 | stall=no
[INFO] 2025-09-14 17:55:14 [ARMS] trend: EN n=0, avgR=+0.000, mu=+0.000, ucb=+0.889 | breakout: EN n=0, avgR=+0.000, mu=+0.000, ucb=+0.889 | reversion: EN n=0, avgR=+0.000, mu=+0.000, ucb=+0.889 | vwap: EN n=0, avgR=+0.000, mu=+0.000, ucb=+0.889
[HB] 2025-09-14 17:55:14 CT OpenTrades=0 | ChooserArm=trend | Gate=no | eps=0.048 | sessionR=0.00 | sessionN=0 | stall=no
[HB] 2025-09-14 17:55:15 CT OpenTrades=0 | ChooserArm=trend | Gate=no | eps=0.048 | sessionR=0.00 | sessionN=0 | stall=no
[HB] 2025-09-14 17:55:16 CT OpenTrades=0 | ChooserArm=trend | Gate=no | eps=0.048 | sessionR=0.00 | sessionN=0 | stall=no
[HB] 2025-09-14 17:55:18 CT OpenTrades=0 | ChooserArm=trend | Gate=no | eps=0.048 | sessionR=0.00 | sessionN=0 | stall=no
[HB] 2025-09-14 17:55:19 CT OpenTrades=0 | ChooserArm=trend | Gate=no | eps=0.048 | sessionR=0.00 | sessionN=0 | stall=no
[HB] 2025-09-14 17:55:20 CT OpenTrades=0 | ChooserArm=trend | Gate=no | eps=0.048 | sessionR=0.00 | sessionN=0 | stall=no
[HB] 2025-09-14 17:55:21 CT OpenTrades=0 | ChooserArm=trend | Gate=no | eps=0.048 | sessionR=0.00 | sessionN=0 | stall=no
[HB] 2025-09-14 17:55:22 CT OpenTrades=0 | ChooserArm=trend | Gate=no | eps=0.048 | sessionR=0.00 | sessionN=0 | stall=no
[HB] 2025-09-14 17:55:23 CT OpenTrades=0 | ChooserArm=trend | Gate=no | eps=0.048 | sessionR=0.00 | sessionN=0 | stall=no
[HB] 2025-09-14 17:55:24 CT OpenTrades=0 | ChooserArm=trend | Gate=no | eps=0.048 | sessionR=0.00 | sessionN=0 | stall=no
[HB] 2025-09-14 17:55:25 CT OpenTrades=0 | ChooserArm=trend | Gate=no | eps=0.048 | sessionR=0.00 | sessionN=0 | stall=no
[HB] 2025-09-14 17:55:26 CT OpenTrades=0 | ChooserArm=trend | Gate=no | eps=0.048 | sessionR=0.00 | sessionN=0 | stall=no
[HB] 2025-09-14 17:55:27 CT OpenTrades=0 | ChooserArm=trend | Gate=no | eps=0.048 | sessionR=0.00 | sessionN=0 | stall=no
[HB] 2025-09-14 17:55:28 CT OpenTrades=0 | ChooserArm=trend | Gate=no | eps=0.048 | sessionR=0.00 | sessionN=0 | stall=no
[HB] 2025-09-14 17:55:30 CT OpenTrades=0 | ChooserArm=trend | Gate=no | eps=0.048 | sessionR=0.00 | sessionN=0 | stall=no
[HB] 2025-09-14 17:55:31 CT OpenTrades=0 | ChooserArm=trend | Gate=no | eps=0.048 | sessionR=0.00 | sessionN=0 | stall=no
[HB] 2025-09-14 17:55:32 CT OpenTrades=0 | ChooserArm=trend | Gate=no | eps=0.048 | sessionR=0.00 | sessionN=0 | stall=no
[HB] 2025-09-14 17:55:33 CT OpenTrades=0 | ChooserArm=trend | Gate=no | eps=0.048 | sessionR=0.00 | sessionN=0 | stall=no
[HB] 2025-09-14 17:55:34 CT OpenTrades=0 | ChooserArm=trend | Gate=no | eps=0.048 | sessionR=0.00 | sessionN=0 | stall=no
[HB] 2025-09-14 17:55:35 CT OpenTrades=0 | ChooserArm=trend | Gate=no | eps=0.048 | sessionR=0.00 | sessionN=0 | stall=no
[HB] 2025-09-14 17:55:36 CT OpenTrades=0 | ChooserArm=trend | Gate=no | eps=0.048 | sessionR=0.00 | sessionN=0 | stall=no
[HB] 2025-09-14 17:55:37 CT OpenTrades=0 | ChooserArm=vwap | Gate=no | eps=0.048 | sessionR=0.00 | sessionN=0 | stall=no
[HB] 2025-09-14 17:55:38 CT OpenTrades=0 | ChooserArm=trend | Gate=no | eps=0.048 | sessionR=0.00 | sessionN=0 | stall=no
[HB] 2025-09-14 17:55:39 CT OpenTrades=0 | ChooserArm=trend | Gate=no | eps=0.048 | sessionR=0.00 | sessionN=0 | stall=no
[HB] 2025-09-14 17:55:40 CT OpenTrades=0 | ChooserArm=trend | Gate=no | eps=0.048 | sessionR=0.00 | sessionN=0 | stall=no
[HB] 2025-09-14 17:55:42 CT OpenTrades=0 | ChooserArm=trend | Gate=no | eps=0.048 | sessionR=0.00 | sessionN=0 | stall=no
[HB] 2025-09-14 17:55:43 CT OpenTrades=0 | ChooserArm=trend | Gate=no | eps=0.048 | sessionR=0.00 | sessionN=0 | stall=no
[HB] 2025-09-14 17:55:44 CT OpenTrades=0 | ChooserArm=trend | Gate=no | eps=0.048 | sessionR=0.00 | sessionN=0 | stall=no
[INFO] 2025-09-14 17:55:45 Interrupted; shutting down.
[INFO] 2025-09-14 17:55:45 Saved chooser state to .\models\linucb_es.json
[INFO] 2025-09-14 17:55:45 [SNAPSHOT] Wrote logs\chooser_snapshots\linucb_es_20250914_20250914_175545.json
