2025-08-28 14:23:21,099 ================== PAPER MODE ==================
2025-08-28 14:23:21,099 Host:127.0.0.1  Port:7497  ClientId:914825
2025-08-28 14:23:21,099 Paper account required (TWS/Gateway set to Paper). Orders WILL be sent (paper).
2025-08-28 14:23:21,099 Writing log to logs\run_Thu0828_142321.log
2025-08-28 14:23:21,100 [CONNECT] Attempt 1/12 to 127.0.0.1:7497 (clientId=914825, timeout=90s)
2025-08-28 14:23:21,650 Connected 127.0.0.1:7497 clientId=914825 | Market data type: LIVE (1)
2025-08-28 14:23:21,650 [AUTO] Selecting front quarter for ES/CME ...
2025-08-28 14:23:21,691 [AUTO] Front month chosen: ESU5 exp=20250919
2025-08-28 14:23:21,696 Using contract: ESU5  (conId=637533641)
2025-08-28 14:23:21,696 [RISK] Daily loss cap: $1,250.00
2025-08-28 14:23:22,007 [WARMUP] Loaded 6804 historical 1m bars.
2025-08-28 14:23:22,070 >> LIVE paper trading with stop-entry + OCO. Ctrl+C to stop.
2025-08-28 14:24:06,559 [HB] PnL=0.00 | ConsecLoss=0 | Blocked=no | ATRt=3.9 | Sprd=1.0
2025-08-28 14:24:06,559 [REGIME] ADX=16.5  BBbw=0.0005  ATR%=0.000149  (mins eff: ADX>=8.0, BBbw>=0.0007, ATR%>=0.000050)
2025-08-28 14:24:06,560 [Gate] ATRt<4.0
2025-08-28 14:25:06,470 [HB] PnL=0.00 | ConsecLoss=0 | Blocked=no | ATRt=3.8 | Sprd=1.0
2025-08-28 14:25:06,470 [REGIME] ADX=16.8  BBbw=0.0005  ATR%=0.000147  (mins eff: ADX>=8.0, BBbw>=0.0007, ATR%>=0.000050)
2025-08-28 14:25:06,471 [Gate] Regime fail
2025-08-28 14:26:06,251 [HB] PnL=0.00 | ConsecLoss=0 | Blocked=no | ATRt=3.7 | Sprd=1.0
2025-08-28 14:26:06,252 [REGIME] ADX=17.7  BBbw=0.0005  ATR%=0.000142  (mins eff: ADX>=8.0, BBbw>=0.0007, ATR%>=0.000050)
2025-08-28 14:26:06,252 [Gate] Regime fail
2025-08-28 14:27:06,140 [HB] PnL=0.00 | ConsecLoss=0 | Blocked=no | ATRt=3.6 | Sprd=1.0
2025-08-28 14:27:06,141 [REGIME] ADX=18.5  BBbw=0.0005  ATR%=0.000137  (mins eff: ADX>=8.0, BBbw>=0.0007, ATR%>=0.000050)
2025-08-28 14:27:06,142 [Gate] Regime fail
2025-08-28 14:28:05,871 [HB] PnL=0.00 | ConsecLoss=0 | Blocked=no | ATRt=3.8 | Sprd=1.0
2025-08-28 14:28:05,871 [REGIME] ADX=17.4  BBbw=0.0005  ATR%=0.000146  (mins eff: ADX>=8.0, BBbw>=0.0007, ATR%>=0.000050)
2025-08-28 14:28:05,872 [Gate] Regime fail
2025-08-28 14:29:06,916 [HB] PnL=0.00 | ConsecLoss=0 | Blocked=no | ATRt=3.8 | Sprd=1.0
2025-08-28 14:29:06,917 [REGIME] ADX=16.8  BBbw=0.0005  ATR%=0.000144  (mins eff: ADX>=8.0, BBbw>=0.0007, ATR%>=0.000050)
2025-08-28 14:29:06,918 [Gate] Regime fail
2025-08-28 14:30:05,698 [HB] PnL=0.00 | ConsecLoss=0 | Blocked=no | ATRt=3.7 | Sprd=1.0
2025-08-28 14:30:05,699 [REGIME] ADX=16.7  BBbw=0.0006  ATR%=0.000142  (mins eff: ADX>=8.0, BBbw>=0.0007, ATR%>=0.000050)
2025-08-28 14:30:05,700 [Gate] Regime fail
2025-08-28 14:31:06,556 [HB] PnL=0.00 | ConsecLoss=0 | Blocked=no | ATRt=3.6 | Sprd=1.0
2025-08-28 14:31:06,556 [REGIME] ADX=17.2  BBbw=0.0006  ATR%=0.000137  (mins eff: ADX>=8.0, BBbw>=0.0007, ATR%>=0.000050)
2025-08-28 14:31:06,557 [Gate] Regime fail
2025-08-28 14:32:06,286 [HB] PnL=0.00 | ConsecLoss=0 | Blocked=no | ATRt=3.5 | Sprd=1.0
2025-08-28 14:32:06,287 [REGIME] ADX=16.6  BBbw=0.0005  ATR%=0.000136  (mins eff: ADX>=8.0, BBbw>=0.0007, ATR%>=0.000050)
2025-08-28 14:32:06,287 [Gate] Regime fail
2025-08-28 14:33:06,036 [HB] PnL=0.00 | ConsecLoss=0 | Blocked=no | ATRt=3.4 | Sprd=1.0
2025-08-28 14:33:06,037 [REGIME] ADX=16.5  BBbw=0.0005  ATR%=0.000132  (mins eff: ADX>=8.0, BBbw>=0.0007, ATR%>=0.000050)
2025-08-28 14:33:06,037 [Gate] Regime fail
2025-08-28 14:34:05,856 [HB] PnL=0.00 | ConsecLoss=0 | Blocked=no | ATRt=3.5 | Sprd=1.0
2025-08-28 14:34:05,857 [REGIME] ADX=17.3  BBbw=0.0005  ATR%=0.000133  (mins eff: ADX>=8.0, BBbw>=0.0007, ATR%>=0.000050)
2025-08-28 14:34:05,857 [Gate] Regime fail
2025-08-28 14:35:05,527 [HB] PnL=0.00 | ConsecLoss=0 | Blocked=no | ATRt=3.6 | Sprd=1.0
2025-08-28 14:35:05,529 [REGIME] ADX=17.4  BBbw=0.0005  ATR%=0.000137  (mins eff: ADX>=8.0, BBbw>=0.0007, ATR%>=0.000050)
2025-08-28 14:35:05,530 [Gate] Regime fail
2025-08-28 14:36:06,373 [HB] PnL=0.00 | ConsecLoss=0 | Blocked=no | ATRt=3.6 | Sprd=1.0
2025-08-28 14:36:06,373 [REGIME] ADX=16.6  BBbw=0.0005  ATR%=0.000138  (mins eff: ADX>=8.0, BBbw>=0.0007, ATR%>=0.000050)
2025-08-28 14:36:06,374 [Gate] Regime fail
2025-08-28 14:37:06,096 [HB] PnL=0.00 | ConsecLoss=0 | Blocked=no | ATRt=4.0 | Sprd=1.0
2025-08-28 14:37:06,097 [REGIME] ADX=17.4  BBbw=0.0005  ATR%=0.000153  (mins eff: ADX>=8.0, BBbw>=0.0007, ATR%>=0.000050)
2025-08-28 14:37:06,098 [Gate] Regime fail
2025-08-28 14:38:05,884 [HB] PnL=0.00 | ConsecLoss=0 | Blocked=no | ATRt=4.1 | Sprd=1.0
2025-08-28 14:38:05,884 [REGIME] ADX=17.3  BBbw=0.0005  ATR%=0.000156  (mins eff: ADX>=8.0, BBbw>=0.0007, ATR%>=0.000050)
2025-08-28 14:38:05,885 [Gate] Regime fail
2025-08-28 14:39:06,794 [HB] PnL=0.00 | ConsecLoss=0 | Blocked=no | ATRt=3.9 | Sprd=1.0
2025-08-28 14:39:06,794 [REGIME] ADX=17.1  BBbw=0.0005  ATR%=0.000150  (mins eff: ADX>=8.0, BBbw>=0.0007, ATR%>=0.000050)
2025-08-28 14:39:06,794 [Gate] Regime fail
2025-08-28 14:40:06,514 [HB] PnL=0.00 | ConsecLoss=0 | Blocked=no | ATRt=3.9 | Sprd=1.0
2025-08-28 14:40:06,514 [REGIME] ADX=16.3  BBbw=0.0005  ATR%=0.000151  (mins eff: ADX>=8.0, BBbw>=0.0007, ATR%>=0.000050)
2025-08-28 14:40:06,515 [Gate] Regime fail
2025-08-28 14:41:06,262 [HB] PnL=0.00 | ConsecLoss=0 | Blocked=no | ATRt=4.1 | Sprd=1.0
2025-08-28 14:41:06,263 [REGIME] ADX=15.7  BBbw=0.0005  ATR%=0.000159  (mins eff: ADX>=8.0, BBbw>=0.0007, ATR%>=0.000050)
2025-08-28 14:41:06,263 [Gate] Regime fail
2025-08-28 14:42:06,953 [HB] PnL=0.00 | ConsecLoss=0 | Blocked=no | ATRt=4.0 | Sprd=1.0
2025-08-28 14:42:06,956 [REGIME] ADX=15.3  BBbw=0.0005  ATR%=0.000153  (mins eff: ADX>=8.0, BBbw>=0.0007, ATR%>=0.000050)
2025-08-28 14:42:06,961 [Gate] Regime fail
2025-08-28 14:43:05,646 [HB] PnL=0.00 | ConsecLoss=0 | Blocked=no | ATRt=3.9 | Sprd=1.0
2025-08-28 14:43:05,647 [REGIME] ADX=15.0  BBbw=0.0006  ATR%=0.000150  (mins eff: ADX>=8.0, BBbw>=0.0007, ATR%>=0.000050)
2025-08-28 14:43:05,648 [Gate] Regime fail
2025-08-28 14:44:06,657 [HB] PnL=0.00 | ConsecLoss=0 | Blocked=no | ATRt=3.7 | Sprd=1.0
2025-08-28 14:44:06,658 [REGIME] ADX=14.6  BBbw=0.0006  ATR%=0.000142  (mins eff: ADX>=8.0, BBbw>=0.0007, ATR%>=0.000050)
2025-08-28 14:44:06,658 [Gate] Regime fail
2025-08-28 14:45:06,375 [HB] PnL=0.00 | ConsecLoss=0 | Blocked=no | ATRt=3.8 | Sprd=1.0
2025-08-28 14:45:06,376 [REGIME] ADX=15.1  BBbw=0.0006  ATR%=0.000146  (mins eff: ADX>=8.0, BBbw>=0.0007, ATR%>=0.000050)
2025-08-28 14:45:06,377 [Gate] Regime fail
2025-08-28 14:46:07,108 [HB] PnL=0.00 | ConsecLoss=0 | Blocked=no | ATRt=3.7 | Sprd=1.0
2025-08-28 14:46:07,109 [REGIME] ADX=15.6  BBbw=0.0007  ATR%=0.000141  (mins eff: ADX>=8.0, BBbw>=0.0007, ATR%>=0.000050)
2025-08-28 14:46:07,110 [Gate] Regime fail
2025-08-28 14:47:05,763 [HB] PnL=0.00 | ConsecLoss=0 | Blocked=no | ATRt=3.9 | Sprd=1.0
2025-08-28 14:47:05,764 [REGIME] ADX=17.1  BBbw=0.0008  ATR%=0.000150  (mins eff: ADX>=8.0, BBbw>=0.0007, ATR%>=0.000050)
2025-08-28 14:47:05,765 [Gate] Regime fail
2025-08-28 14:48:06,472 [HB] PnL=0.00 | ConsecLoss=0 | Blocked=no | ATRt=3.8 | Sprd=1.0
2025-08-28 14:48:06,472 [REGIME] ADX=18.8  BBbw=0.0010  ATR%=0.000147  (mins eff: ADX>=8.0, BBbw>=0.0007, ATR%>=0.000050)
2025-08-28 14:48:06,473 [Gate] ATRt<4.0
2025-08-28 14:49:06,150 [HB] PnL=0.00 | ConsecLoss=0 | Blocked=no | ATRt=3.9 | Sprd=1.0
2025-08-28 14:49:06,150 [REGIME] ADX=19.3  BBbw=0.0010  ATR%=0.000151  (mins eff: ADX>=8.0, BBbw>=0.0007, ATR%>=0.000050)
2025-08-28 14:49:06,151 [Gate] ATRt<4.0
2025-08-28 14:50:05,855 [HB] PnL=0.00 | ConsecLoss=0 | Blocked=no | ATRt=4.1 | Sprd=1.0
2025-08-28 14:50:05,856 [REGIME] ADX=18.7  BBbw=0.0010  ATR%=0.000159  (mins eff: ADX>=8.0, BBbw>=0.0007, ATR%>=0.000050)
2025-08-28 14:51:05,535 [HB] PnL=0.00 | ConsecLoss=0 | Blocked=no | ATRt=4.9 | Sprd=1.0
2025-08-28 14:51:05,536 [REGIME] ADX=18.7  BBbw=0.0010  ATR%=0.000186  (mins eff: ADX>=8.0, BBbw>=0.0007, ATR%>=0.000050)
2025-08-28 14:52:06,344 [HB] PnL=0.00 | ConsecLoss=0 | Blocked=no | ATRt=5.2 | Sprd=1.0
2025-08-28 14:52:06,344 [REGIME] ADX=17.7  BBbw=0.0010  ATR%=0.000200  (mins eff: ADX>=8.0, BBbw>=0.0007, ATR%>=0.000050)
2025-08-28 14:53:06,090 [HB] PnL=0.00 | ConsecLoss=0 | Blocked=no | ATRt=5.2 | Sprd=1.0
2025-08-28 14:53:06,091 [REGIME] ADX=16.9  BBbw=0.0010  ATR%=0.000200  (mins eff: ADX>=8.0, BBbw>=0.0007, ATR%>=0.000050)
2025-08-28 14:54:06,149 [HB] PnL=0.00 | ConsecLoss=0 | Blocked=no | ATRt=5.2 | Sprd=1.0
2025-08-28 14:54:06,150 [REGIME] ADX=16.6  BBbw=0.0010  ATR%=0.000199  (mins eff: ADX>=8.0, BBbw>=0.0007, ATR%>=0.000050)
2025-08-28 14:55:05,760 [HB] PnL=0.00 | ConsecLoss=0 | Blocked=no | ATRt=6.0 | Sprd=1.0
2025-08-28 14:55:05,760 [REGIME] ADX=15.5  BBbw=0.0010  ATR%=0.000229  (mins eff: ADX>=8.0, BBbw>=0.0007, ATR%>=0.000050)
2025-08-28 14:56:05,609 [HB] PnL=0.00 | ConsecLoss=0 | Blocked=no | ATRt=5.8 | Sprd=1.0
2025-08-28 14:56:05,610 [REGIME] ADX=14.5  BBbw=0.0010  ATR%=0.000220  (mins eff: ADX>=8.0, BBbw>=0.0007, ATR%>=0.000050)
2025-08-28 14:57:00,224 [FLAT] Enforced flat at 14:57 CT; blocking new entries.
2025-08-28 14:57:06,438 [HB] PnL=0.00 | ConsecLoss=0 | Blocked=yes | ATRt=5.8 | Sprd=1.0
2025-08-28 14:57:06,439 [REGIME] ADX=13.6  BBbw=0.0009  ATR%=0.000221  (mins eff: ADX>=8.0, BBbw>=0.0007, ATR%>=0.000050)
2025-08-28 14:57:06,439 [Gate] Flat-at has been enforced
2025-08-28 14:58:06,080 [HB] PnL=0.00 | ConsecLoss=0 | Blocked=yes | ATRt=5.6 | Sprd=1.0
2025-08-28 14:58:06,081 [REGIME] ADX=12.9  BBbw=0.0009  ATR%=0.000216  (mins eff: ADX>=8.0, BBbw>=0.0007, ATR%>=0.000050)
2025-08-28 14:58:06,082 [Gate] Flat-at has been enforced
2025-08-28 14:59:05,709 [HB] PnL=0.00 | ConsecLoss=0 | Blocked=yes | ATRt=5.7 | Sprd=1.0
2025-08-28 14:59:05,709 [REGIME] ADX=12.4  BBbw=0.0008  ATR%=0.000220  (mins eff: ADX>=8.0, BBbw>=0.0007, ATR%>=0.000050)
2025-08-28 14:59:05,710 [Gate] Flat-at has been enforced
2025-08-28 15:00:06,478 [HB] PnL=0.00 | ConsecLoss=0 | Blocked=yes | ATRt=6.1 | Sprd=1.0
2025-08-28 15:00:06,479 [REGIME] ADX=13.3  BBbw=0.0008  ATR%=0.000235  (mins eff: ADX>=8.0, BBbw>=0.0007, ATR%>=0.000050)
2025-08-28 15:00:06,482 [Gate] Outside RTH 2025-08-28 20:00:00+00:00
2025-08-28 15:01:06,095 [HB] PnL=0.00 | ConsecLoss=0 | Blocked=yes | ATRt=6.3 | Sprd=1.0
2025-08-28 15:01:06,096 [REGIME] ADX=14.8  BBbw=0.0010  ATR%=0.000243  (mins eff: ADX>=8.0, BBbw>=0.0007, ATR%>=0.000050)
2025-08-28 15:01:06,097 [Gate] Outside RTH 2025-08-28 20:01:00+00:00
2025-08-28 15:02:06,943 [HB] PnL=0.00 | ConsecLoss=0 | Blocked=yes | ATRt=6.0 | Sprd=1.0
2025-08-28 15:02:06,945 [REGIME] ADX=16.0  BBbw=0.0011  ATR%=0.000231  (mins eff: ADX>=8.0, BBbw>=0.0007, ATR%>=0.000050)
2025-08-28 15:02:06,946 [Gate] Outside RTH 2025-08-28 20:02:00+00:00
2025-08-28 15:03:05,623 [HB] PnL=0.00 | ConsecLoss=0 | Blocked=yes | ATRt=5.8 | Sprd=1.0
2025-08-28 15:03:05,624 [REGIME] ADX=16.6  BBbw=0.0012  ATR%=0.000222  (mins eff: ADX>=8.0, BBbw>=0.0007, ATR%>=0.000050)
2025-08-28 15:03:05,625 [Gate] Outside RTH 2025-08-28 20:03:00+00:00
2025-08-28 15:04:06,434 [HB] PnL=0.00 | ConsecLoss=0 | Blocked=yes | ATRt=5.9 | Sprd=1.0
2025-08-28 15:04:06,434 [REGIME] ADX=16.2  BBbw=0.0012  ATR%=0.000226  (mins eff: ADX>=8.0, BBbw>=0.0007, ATR%>=0.000050)
2025-08-28 15:04:06,436 [Gate] Outside RTH 2025-08-28 20:04:00+00:00
2025-08-28 15:05:06,247 [HB] PnL=0.00 | ConsecLoss=0 | Blocked=yes | ATRt=5.7 | Sprd=1.0
2025-08-28 15:05:06,248 [REGIME] ADX=15.4  BBbw=0.0012  ATR%=0.000220  (mins eff: ADX>=8.0, BBbw>=0.0007, ATR%>=0.000050)
2025-08-28 15:05:06,248 [Gate] Outside RTH 2025-08-28 20:05:00+00:00
2025-08-28 15:06:05,888 [HB] PnL=0.00 | ConsecLoss=0 | Blocked=yes | ATRt=5.9 | Sprd=1.0
2025-08-28 15:06:05,889 [REGIME] ADX=15.5  BBbw=0.0013  ATR%=0.000227  (mins eff: ADX>=8.0, BBbw>=0.0007, ATR%>=0.000050)
2025-08-28 15:06:05,890 [Gate] Outside RTH 2025-08-28 20:06:00+00:00
2025-08-28 15:07:05,798 [HB] PnL=0.00 | ConsecLoss=0 | Blocked=yes | ATRt=5.7 | Sprd=1.0
2025-08-28 15:07:05,799 [REGIME] ADX=15.5  BBbw=0.0013  ATR%=0.000219  (mins eff: ADX>=8.0, BBbw>=0.0007, ATR%>=0.000050)
2025-08-28 15:07:05,799 [Gate] Outside RTH 2025-08-28 20:07:00+00:00
2025-08-28 15:08:06,602 [HB] PnL=0.00 | ConsecLoss=0 | Blocked=yes | ATRt=5.4 | Sprd=1.0
2025-08-28 15:08:06,603 [REGIME] ADX=15.3  BBbw=0.0012  ATR%=0.000209  (mins eff: ADX>=8.0, BBbw>=0.0007, ATR%>=0.000050)
2025-08-28 15:08:06,603 [Gate] Outside RTH 2025-08-28 20:08:00+00:00
2025-08-28 15:09:06,393 [HB] PnL=0.00 | ConsecLoss=0 | Blocked=yes | ATRt=5.2 | Sprd=1.0
2025-08-28 15:09:06,394 [REGIME] ADX=14.9  BBbw=0.0012  ATR%=0.000199  (mins eff: ADX>=8.0, BBbw>=0.0007, ATR%>=0.000050)
2025-08-28 15:09:06,395 [Gate] Outside RTH 2025-08-28 20:09:00+00:00
2025-08-28 15:10:07,140 [HB] PnL=0.00 | ConsecLoss=0 | Blocked=yes | ATRt=4.9 | Sprd=1.0
2025-08-28 15:10:07,140 [REGIME] ADX=14.3  BBbw=0.0012  ATR%=0.000188  (mins eff: ADX>=8.0, BBbw>=0.0007, ATR%>=0.000050)
2025-08-28 15:10:07,141 [Gate] Outside RTH 2025-08-28 20:10:00+00:00
2025-08-28 15:11:06,400 [HB] PnL=0.00 | ConsecLoss=0 | Blocked=yes | ATRt=4.6 | Sprd=1.0
2025-08-28 15:11:06,400 [REGIME] ADX=13.7  BBbw=0.0012  ATR%=0.000177  (mins eff: ADX>=8.0, BBbw>=0.0007, ATR%>=0.000050)
2025-08-28 15:11:06,401 [Gate] Outside RTH 2025-08-28 20:11:00+00:00
2025-08-28 15:12:06,165 [HB] PnL=0.00 | ConsecLoss=0 | Blocked=yes | ATRt=4.4 | Sprd=1.0
2025-08-28 15:12:06,166 [REGIME] ADX=13.2  BBbw=0.0012  ATR%=0.000167  (mins eff: ADX>=8.0, BBbw>=0.0007, ATR%>=0.000050)
2025-08-28 15:12:06,167 [Gate] Outside RTH 2025-08-28 20:12:00+00:00
2025-08-28 15:13:06,116 [HB] PnL=0.00 | ConsecLoss=0 | Blocked=yes | ATRt=4.2 | Sprd=1.0
2025-08-28 15:13:06,116 [REGIME] ADX=12.6  BBbw=0.0011  ATR%=0.000161  (mins eff: ADX>=8.0, BBbw>=0.0007, ATR%>=0.000050)
2025-08-28 15:13:06,117 [Gate] Outside RTH 2025-08-28 20:13:00+00:00
2025-08-28 15:14:06,871 [HB] PnL=0.00 | ConsecLoss=0 | Blocked=yes | ATRt=4.0 | Sprd=1.0
2025-08-28 15:14:06,871 [REGIME] ADX=12.0  BBbw=0.0011  ATR%=0.000155  (mins eff: ADX>=8.0, BBbw>=0.0007, ATR%>=0.000050)
2025-08-28 15:14:06,872 [Gate] Outside RTH 2025-08-28 20:14:00+00:00
2025-08-28 15:15:06,592 [HB] PnL=0.00 | ConsecLoss=0 | Blocked=yes | ATRt=3.8 | Sprd=1.0
2025-08-28 15:15:06,592 [REGIME] ADX=11.6  BBbw=0.0010  ATR%=0.000146  (mins eff: ADX>=8.0, BBbw>=0.0007, ATR%>=0.000050)
2025-08-28 15:15:06,593 [Gate] Outside RTH 2025-08-28 20:15:00+00:00
2025-08-28 15:16:06,291 [HB] PnL=0.00 | ConsecLoss=0 | Blocked=yes | ATRt=3.7 | Sprd=1.0
2025-08-28 15:16:06,292 [REGIME] ADX=11.1  BBbw=0.0009  ATR%=0.000141  (mins eff: ADX>=8.0, BBbw>=0.0007, ATR%>=0.000050)
2025-08-28 15:16:06,292 [Gate] Outside RTH 2025-08-28 20:16:00+00:00
2025-08-28 15:17:07,029 [HB] PnL=0.00 | ConsecLoss=0 | Blocked=yes | ATRt=3.7 | Sprd=1.0
2025-08-28 15:17:07,031 [REGIME] ADX=10.7  BBbw=0.0008  ATR%=0.000142  (mins eff: ADX>=8.0, BBbw>=0.0007, ATR%>=0.000050)
2025-08-28 15:17:07,033 [Gate] Outside RTH 2025-08-28 20:17:00+00:00
2025-08-28 15:18:06,824 [HB] PnL=0.00 | ConsecLoss=0 | Blocked=yes | ATRt=3.4 | Sprd=1.0
2025-08-28 15:18:06,825 [REGIME] ADX=10.3  BBbw=0.0006  ATR%=0.000132  (mins eff: ADX>=8.0, BBbw>=0.0007, ATR%>=0.000050)
2025-08-28 15:18:06,826 [Gate] Outside RTH 2025-08-28 20:18:00+00:00
2025-08-28 15:19:06,542 [HB] PnL=0.00 | ConsecLoss=0 | Blocked=yes | ATRt=3.3 | Sprd=1.0
2025-08-28 15:19:06,542 [REGIME] ADX=9.6  BBbw=0.0005  ATR%=0.000128  (mins eff: ADX>=8.0, BBbw>=0.0007, ATR%>=0.000050)
2025-08-28 15:19:06,543 [Gate] Regime fail
2025-08-28 15:20:06,499 [HB] PnL=0.00 | ConsecLoss=0 | Blocked=yes | ATRt=3.2 | Sprd=1.0
2025-08-28 15:20:06,499 [REGIME] ADX=9.3  BBbw=0.0005  ATR%=0.000122  (mins eff: ADX>=8.0, BBbw>=0.0007, ATR%>=0.000050)
2025-08-28 15:20:06,499 [Gate] Regime fail
2025-08-28 15:21:06,215 [HB] PnL=0.00 | ConsecLoss=0 | Blocked=yes | ATRt=3.0 | Sprd=1.0
2025-08-28 15:21:06,215 [REGIME] ADX=9.0  BBbw=0.0004  ATR%=0.000116  (mins eff: ADX>=8.0, BBbw>=0.0007, ATR%>=0.000050)
2025-08-28 15:21:06,216 [Gate] Regime fail
2025-08-28 15:22:06,992 [HB] PnL=0.00 | ConsecLoss=0 | Blocked=yes | ATRt=2.9 | Sprd=1.0
2025-08-28 15:22:06,994 [REGIME] ADX=8.9  BBbw=0.0003  ATR%=0.000110  (mins eff: ADX>=8.0, BBbw>=0.0007, ATR%>=0.000050)
2025-08-28 15:22:06,994 [Gate] Regime fail
2025-08-28 15:23:06,743 [HB] PnL=0.00 | ConsecLoss=0 | Blocked=yes | ATRt=2.8 | Sprd=1.0
2025-08-28 15:23:06,744 [REGIME] ADX=8.6  BBbw=0.0003  ATR%=0.000108  (mins eff: ADX>=8.0, BBbw>=0.0007, ATR%>=0.000050)
2025-08-28 15:23:06,745 [Gate] Regime fail
2025-08-28 15:24:06,406 [HB] PnL=0.00 | ConsecLoss=0 | Blocked=yes | ATRt=2.8 | Sprd=1.0
2025-08-28 15:24:06,407 [REGIME] ADX=8.0  BBbw=0.0003  ATR%=0.000106  (mins eff: ADX>=8.0, BBbw>=0.0007, ATR%>=0.000050)
2025-08-28 15:24:06,407 [Gate] Regime fail
2025-08-28 15:25:06,259 [HB] PnL=0.00 | ConsecLoss=0 | Blocked=yes | ATRt=2.6 | Sprd=1.0
2025-08-28 15:25:06,260 [REGIME] ADX=7.7  BBbw=0.0002  ATR%=0.000101  (mins eff: ADX>=8.0, BBbw>=0.0007, ATR%>=0.000050)
2025-08-28 15:25:06,260 [Gate] Regime fail
2025-08-28 15:26:07,138 [HB] PnL=0.00 | ConsecLoss=0 | Blocked=yes | ATRt=2.7 | Sprd=1.0
2025-08-28 15:26:07,139 [REGIME] ADX=8.0  BBbw=0.0003  ATR%=0.000102  (mins eff: ADX>=8.0, BBbw>=0.0007, ATR%>=0.000050)
2025-08-28 15:26:07,139 [Gate] Regime fail
2025-08-28 15:27:06,830 [HB] PnL=0.00 | ConsecLoss=0 | Blocked=yes | ATRt=2.5 | Sprd=1.0
2025-08-28 15:27:06,830 [REGIME] ADX=8.2  BBbw=0.0003  ATR%=0.000095  (mins eff: ADX>=8.0, BBbw>=0.0007, ATR%>=0.000050)
2025-08-28 15:27:06,830 [Gate] Regime fail
2025-08-28 15:28:06,527 [HB] PnL=0.00 | ConsecLoss=0 | Blocked=yes | ATRt=2.4 | Sprd=1.0
2025-08-28 15:28:06,528 [REGIME] ADX=7.8  BBbw=0.0003  ATR%=0.000093  (mins eff: ADX>=8.0, BBbw>=0.0007, ATR%>=0.000050)
2025-08-28 15:28:06,528 [Gate] Regime fail
2025-08-28 15:29:06,184 [HB] PnL=0.00 | ConsecLoss=0 | Blocked=yes | ATRt=2.3 | Sprd=1.0
2025-08-28 15:29:06,185 [REGIME] ADX=7.4  BBbw=0.0003  ATR%=0.000087  (mins eff: ADX>=8.0, BBbw>=0.0007, ATR%>=0.000050)
2025-08-28 15:29:06,185 [Gate] Regime fail
2025-08-28 15:30:06,891 [HB] PnL=0.00 | ConsecLoss=0 | Blocked=yes | ATRt=2.2 | Sprd=1.0
2025-08-28 15:30:06,891 [REGIME] ADX=7.1  BBbw=0.0003  ATR%=0.000083  (mins eff: ADX>=8.0, BBbw>=0.0007, ATR%>=0.000050)
2025-08-28 15:30:06,891 [Gate] Regime fail
2025-08-28 15:31:06,617 [HB] PnL=0.00 | ConsecLoss=0 | Blocked=yes | ATRt=2.2 | Sprd=1.0
2025-08-28 15:31:06,618 [REGIME] ADX=7.0  BBbw=0.0003  ATR%=0.000083  (mins eff: ADX>=8.0, BBbw>=0.0007, ATR%>=0.000050)
2025-08-28 15:31:06,618 [Gate] Regime fail
2025-08-28 15:32:06,770 [HB] PnL=0.00 | ConsecLoss=0 | Blocked=yes | ATRt=2.1 | Sprd=1.0
2025-08-28 15:32:06,773 [REGIME] ADX=6.7  BBbw=0.0003  ATR%=0.000080  (mins eff: ADX>=8.0, BBbw>=0.0007, ATR%>=0.000050)
2025-08-28 15:32:06,773 [Gate] Regime fail
2025-08-28 15:33:06,483 [HB] PnL=0.00 | ConsecLoss=0 | Blocked=yes | ATRt=2.1 | Sprd=1.0
2025-08-28 15:33:06,484 [REGIME] ADX=7.2  BBbw=0.0004  ATR%=0.000082  (mins eff: ADX>=8.0, BBbw>=0.0007, ATR%>=0.000050)
2025-08-28 15:33:06,485 [Gate] Regime fail
2025-08-28 15:34:06,335 [HB] PnL=0.00 | ConsecLoss=0 | Blocked=yes | ATRt=2.1 | Sprd=1.0
2025-08-28 15:34:06,335 [REGIME] ADX=7.4  BBbw=0.0004  ATR%=0.000082  (mins eff: ADX>=8.0, BBbw>=0.0007, ATR%>=0.000050)
2025-08-28 15:34:06,336 [Gate] Regime fail
2025-08-28 15:35:07,106 [HB] PnL=0.00 | ConsecLoss=0 | Blocked=yes | ATRt=2.0 | Sprd=1.0
2025-08-28 15:35:07,107 [REGIME] ADX=7.2  BBbw=0.0004  ATR%=0.000079  (mins eff: ADX>=8.0, BBbw>=0.0007, ATR%>=0.000050)
2025-08-28 15:35:07,107 [Gate] Regime fail
2025-08-28 15:36:06,800 [HB] PnL=0.00 | ConsecLoss=0 | Blocked=yes | ATRt=2.1 | Sprd=1.0
2025-08-28 15:36:06,800 [REGIME] ADX=7.9  BBbw=0.0004  ATR%=0.000081  (mins eff: ADX>=8.0, BBbw>=0.0007, ATR%>=0.000050)
2025-08-28 15:36:06,800 [Gate] Regime fail
2025-08-28 15:37:06,747 [HB] PnL=0.00 | ConsecLoss=0 | Blocked=yes | ATRt=2.1 | Sprd=1.0
2025-08-28 15:37:06,748 [REGIME] ADX=7.8  BBbw=0.0004  ATR%=0.000081  (mins eff: ADX>=8.0, BBbw>=0.0007, ATR%>=0.000050)
2025-08-28 15:37:06,748 [Gate] Regime fail
2025-08-28 15:38:06,463 [HB] PnL=0.00 | ConsecLoss=0 | Blocked=yes | ATRt=2.0 | Sprd=1.0
2025-08-28 15:38:06,464 [REGIME] ADX=8.0  BBbw=0.0004  ATR%=0.000078  (mins eff: ADX>=8.0, BBbw>=0.0007, ATR%>=0.000050)
2025-08-28 15:38:06,464 [Gate] Regime fail
2025-08-28 15:39:06,291 [HB] PnL=0.00 | ConsecLoss=0 | Blocked=yes | ATRt=2.0 | Sprd=1.0
2025-08-28 15:39:06,292 [REGIME] ADX=7.9  BBbw=0.0004  ATR%=0.000075  (mins eff: ADX>=8.0, BBbw>=0.0007, ATR%>=0.000050)
2025-08-28 15:39:06,292 [Gate] Regime fail
2025-08-28 15:40:06,365 [HB] PnL=0.00 | ConsecLoss=0 | Blocked=yes | ATRt=1.9 | Sprd=1.0
2025-08-28 15:40:06,365 [REGIME] ADX=7.8  BBbw=0.0004  ATR%=0.000072  (mins eff: ADX>=8.0, BBbw>=0.0007, ATR%>=0.000050)
2025-08-28 15:40:06,366 [Gate] Regime fail
2025-08-28 15:41:06,350 [HB] PnL=0.00 | ConsecLoss=0 | Blocked=yes | ATRt=1.9 | Sprd=1.0
2025-08-28 15:41:06,351 [REGIME] ADX=8.0  BBbw=0.0003  ATR%=0.000073  (mins eff: ADX>=8.0, BBbw>=0.0007, ATR%>=0.000050)
2025-08-28 15:41:06,351 [Gate] Regime fail
2025-08-28 15:42:06,477 [HB] PnL=0.00 | ConsecLoss=0 | Blocked=yes | ATRt=2.2 | Sprd=1.0
2025-08-28 15:42:06,477 [REGIME] ADX=8.6  BBbw=0.0003  ATR%=0.000084  (mins eff: ADX>=8.0, BBbw>=0.0007, ATR%>=0.000050)
2025-08-28 15:42:06,478 [Gate] Regime fail
2025-08-28 15:43:06,418 [HB] PnL=0.00 | ConsecLoss=0 | Blocked=yes | ATRt=2.0 | Sprd=1.0
2025-08-28 15:43:06,418 [REGIME] ADX=9.1  BBbw=0.0003  ATR%=0.000078  (mins eff: ADX>=8.0, BBbw>=0.0007, ATR%>=0.000050)
2025-08-28 15:43:06,419 [Gate] Regime fail
2025-08-28 15:44:06,262 [HB] PnL=0.00 | ConsecLoss=0 | Blocked=yes | ATRt=2.0 | Sprd=1.0
2025-08-28 15:44:06,269 [REGIME] ADX=8.9  BBbw=0.0002  ATR%=0.000078  (mins eff: ADX>=8.0, BBbw>=0.0007, ATR%>=0.000050)
2025-08-28 15:44:06,270 [Gate] Regime fail
2025-08-28 15:45:07,026 [HB] PnL=0.00 | ConsecLoss=0 | Blocked=yes | ATRt=2.0 | Sprd=1.0
2025-08-28 15:45:07,026 [REGIME] ADX=9.0  BBbw=0.0002  ATR%=0.000078  (mins eff: ADX>=8.0, BBbw>=0.0007, ATR%>=0.000050)
2025-08-28 15:45:07,027 [Gate] Regime fail
2025-08-28 15:46:06,903 [HB] PnL=0.00 | ConsecLoss=0 | Blocked=yes | ATRt=2.0 | Sprd=1.0
2025-08-28 15:46:06,904 [REGIME] ADX=8.8  BBbw=0.0002  ATR%=0.000078  (mins eff: ADX>=8.0, BBbw>=0.0007, ATR%>=0.000050)
2025-08-28 15:46:06,904 [Gate] Regime fail
2025-08-28 15:47:06,821 [HB] PnL=0.00 | ConsecLoss=0 | Blocked=yes | ATRt=2.0 | Sprd=1.0
2025-08-28 15:47:06,822 [REGIME] ADX=8.5  BBbw=0.0002  ATR%=0.000075  (mins eff: ADX>=8.0, BBbw>=0.0007, ATR%>=0.000050)
2025-08-28 15:47:06,822 [Gate] Regime fail
2025-08-28 15:48:06,567 [HB] PnL=0.00 | ConsecLoss=0 | Blocked=yes | ATRt=2.0 | Sprd=1.0
2025-08-28 15:48:06,568 [REGIME] ADX=9.0  BBbw=0.0003  ATR%=0.000075  (mins eff: ADX>=8.0, BBbw>=0.0007, ATR%>=0.000050)
2025-08-28 15:48:06,568 [Gate] Regime fail
2025-08-28 15:49:06,213 [HB] PnL=0.00 | ConsecLoss=0 | Blocked=yes | ATRt=1.8 | Sprd=1.0
2025-08-28 15:49:06,213 [REGIME] ADX=9.4  BBbw=0.0003  ATR%=0.000070  (mins eff: ADX>=8.0, BBbw>=0.0007, ATR%>=0.000050)
2025-08-28 15:49:06,214 [Gate] Regime fail
2025-08-28 15:50:06,175 [HB] PnL=0.00 | ConsecLoss=0 | Blocked=yes | ATRt=1.8 | Sprd=1.0
2025-08-28 15:50:06,175 [REGIME] ADX=9.7  BBbw=0.0003  ATR%=0.000070  (mins eff: ADX>=8.0, BBbw>=0.0007, ATR%>=0.000050)
2025-08-28 15:50:06,176 [Gate] Regime fail
2025-08-28 15:51:06,932 [HB] PnL=0.00 | ConsecLoss=0 | Blocked=yes | ATRt=1.8 | Sprd=1.0
2025-08-28 15:51:06,933 [REGIME] ADX=10.1  BBbw=0.0003  ATR%=0.000068  (mins eff: ADX>=8.0, BBbw>=0.0007, ATR%>=0.000050)
2025-08-28 15:51:06,933 [Gate] Regime fail
2025-08-28 15:52:06,671 [HB] PnL=0.00 | ConsecLoss=0 | Blocked=yes | ATRt=1.6 | Sprd=1.0
2025-08-28 15:52:06,672 [REGIME] ADX=10.4  BBbw=0.0004  ATR%=0.000063  (mins eff: ADX>=8.0, BBbw>=0.0007, ATR%>=0.000050)
2025-08-28 15:52:06,673 [Gate] Regime fail
2025-08-28 15:53:06,654 [HB] PnL=0.00 | ConsecLoss=0 | Blocked=yes | ATRt=1.6 | Sprd=1.0
2025-08-28 15:53:06,654 [REGIME] ADX=11.1  BBbw=0.0004  ATR%=0.000061  (mins eff: ADX>=8.0, BBbw>=0.0007, ATR%>=0.000050)
2025-08-28 15:53:06,655 [Gate] Regime fail
2025-08-28 15:54:06,436 [HB] PnL=0.00 | ConsecLoss=0 | Blocked=yes | ATRt=1.6 | Sprd=1.0
2025-08-28 15:54:06,437 [REGIME] ADX=11.7  BBbw=0.0003  ATR%=0.000060  (mins eff: ADX>=8.0, BBbw>=0.0007, ATR%>=0.000050)
2025-08-28 15:54:06,437 [Gate] Regime fail
2025-08-28 15:55:06,116 [HB] PnL=0.00 | ConsecLoss=0 | Blocked=yes | ATRt=1.5 | Sprd=1.0
2025-08-28 15:55:06,116 [REGIME] ADX=12.7  BBbw=0.0004  ATR%=0.000058  (mins eff: ADX>=8.0, BBbw>=0.0007, ATR%>=0.000050)
2025-08-28 15:55:06,117 [Gate] Regime fail
2025-08-28 15:56:06,276 [HB] PnL=0.00 | ConsecLoss=0 | Blocked=yes | ATRt=1.5 | Sprd=1.0
2025-08-28 15:56:06,276 [REGIME] ADX=13.6  BBbw=0.0003  ATR%=0.000057  (mins eff: ADX>=8.0, BBbw>=0.0007, ATR%>=0.000050)
2025-08-28 15:56:06,277 [Gate] Regime fail
2025-08-28 15:57:07,021 [HB] PnL=0.00 | ConsecLoss=0 | Blocked=yes | ATRt=1.4 | Sprd=1.0
2025-08-28 15:57:07,021 [REGIME] ADX=14.5  BBbw=0.0003  ATR%=0.000055  (mins eff: ADX>=8.0, BBbw>=0.0007, ATR%>=0.000050)
2025-08-28 15:57:07,022 [Gate] Regime fail
2025-08-28 15:58:07,032 [HB] PnL=0.00 | ConsecLoss=0 | Blocked=yes | ATRt=1.4 | Sprd=1.0
2025-08-28 15:58:07,033 [REGIME] ADX=15.7  BBbw=0.0003  ATR%=0.000054  (mins eff: ADX>=8.0, BBbw>=0.0007, ATR%>=0.000050)
2025-08-28 15:58:07,033 [Gate] Regime fail
2025-08-28 15:59:06,740 [HB] PnL=0.00 | ConsecLoss=0 | Blocked=yes | ATRt=1.5 | Sprd=1.0
2025-08-28 15:59:06,741 [REGIME] ADX=17.6  BBbw=0.0003  ATR%=0.000056  (mins eff: ADX>=8.0, BBbw>=0.0007, ATR%>=0.000050)
2025-08-28 15:59:06,741 [Gate] Regime fail
2025-08-28 17:00:02,892 [HB] PnL=0.00 | ConsecLoss=0 | Blocked=yes | ATRt=1.9 | Sprd=1.0
2025-08-28 17:00:02,893 [REGIME] ADX=16.4  BBbw=0.0003  ATR%=0.000074  (mins eff: ADX>=8.0, BBbw>=0.0007, ATR%>=0.000050)
2025-08-28 17:00:02,893 [Gate] Regime fail
2025-08-28 17:01:06,770 [HB] PnL=0.00 | ConsecLoss=0 | Blocked=yes | ATRt=2.1 | Sprd=1.0
2025-08-28 17:01:06,771 [REGIME] ADX=15.7  BBbw=0.0003  ATR%=0.000082  (mins eff: ADX>=8.0, BBbw>=0.0007, ATR%>=0.000050)
2025-08-28 17:01:06,771 [Gate] Regime fail
2025-08-28 17:02:06,282 [HB] PnL=0.00 | ConsecLoss=0 | Blocked=yes | ATRt=2.1 | Sprd=1.0
2025-08-28 17:02:06,282 [REGIME] ADX=15.5  BBbw=0.0004  ATR%=0.000079  (mins eff: ADX>=8.0, BBbw>=0.0007, ATR%>=0.000050)
2025-08-28 17:02:06,283 [Gate] Regime fail
2025-08-28 17:03:06,911 [HB] PnL=0.00 | ConsecLoss=0 | Blocked=yes | ATRt=2.1 | Sprd=1.0
2025-08-28 17:03:06,911 [REGIME] ADX=14.8  BBbw=0.0004  ATR%=0.000079  (mins eff: ADX>=8.0, BBbw>=0.0007, ATR%>=0.000050)
2025-08-28 17:03:06,912 [Gate] Regime fail
2025-08-28 17:04:06,604 [HB] PnL=0.00 | ConsecLoss=0 | Blocked=yes | ATRt=2.2 | Sprd=1.0
2025-08-28 17:04:06,607 [REGIME] ADX=14.9  BBbw=0.0004  ATR%=0.000084  (mins eff: ADX>=8.0, BBbw>=0.0007, ATR%>=0.000050)
2025-08-28 17:04:06,607 [Gate] Regime fail
2025-08-28 17:05:06,295 [HB] PnL=0.00 | ConsecLoss=0 | Blocked=yes | ATRt=2.2 | Sprd=1.0
2025-08-28 17:05:06,297 [REGIME] ADX=14.9  BBbw=0.0004  ATR%=0.000084  (mins eff: ADX>=8.0, BBbw>=0.0007, ATR%>=0.000050)
2025-08-28 17:05:06,297 [Gate] Regime fail
2025-08-28 17:06:07,009 [HB] PnL=0.00 | ConsecLoss=0 | Blocked=yes | ATRt=2.2 | Sprd=1.0
2025-08-28 17:06:07,009 [REGIME] ADX=15.6  BBbw=0.0003  ATR%=0.000083  (mins eff: ADX>=8.0, BBbw>=0.0007, ATR%>=0.000050)
2025-08-28 17:06:07,010 [Gate] Regime fail
2025-08-28 17:07:06,704 [HB] PnL=0.00 | ConsecLoss=0 | Blocked=yes | ATRt=2.1 | Sprd=1.0
2025-08-28 17:07:06,704 [REGIME] ADX=15.8  BBbw=0.0003  ATR%=0.000080  (mins eff: ADX>=8.0, BBbw>=0.0007, ATR%>=0.000050)
2025-08-28 17:07:06,705 [Gate] Regime fail
2025-08-28 17:08:06,419 [HB] PnL=0.00 | ConsecLoss=0 | Blocked=yes | ATRt=2.0 | Sprd=1.0
2025-08-28 17:08:06,419 [REGIME] ADX=15.5  BBbw=0.0003  ATR%=0.000077  (mins eff: ADX>=8.0, BBbw>=0.0007, ATR%>=0.000050)
2025-08-28 17:08:06,420 [Gate] Regime fail
2025-08-28 17:09:06,357 [HB] PnL=0.00 | ConsecLoss=0 | Blocked=yes | ATRt=2.0 | Sprd=1.0
2025-08-28 17:09:06,357 [REGIME] ADX=14.4  BBbw=0.0003  ATR%=0.000077  (mins eff: ADX>=8.0, BBbw>=0.0007, ATR%>=0.000050)
2025-08-28 17:09:06,358 [Gate] Regime fail
2025-08-28 17:10:07,069 [HB] PnL=0.00 | ConsecLoss=0 | Blocked=yes | ATRt=2.1 | Sprd=1.0
2025-08-28 17:10:07,069 [REGIME] ADX=14.4  BBbw=0.0003  ATR%=0.000080  (mins eff: ADX>=8.0, BBbw>=0.0007, ATR%>=0.000050)
2025-08-28 17:10:07,070 [Gate] Regime fail
2025-08-28 17:11:06,732 [HB] PnL=0.00 | ConsecLoss=0 | Blocked=yes | ATRt=2.1 | Sprd=1.0
2025-08-28 17:11:06,733 [REGIME] ADX=13.7  BBbw=0.0003  ATR%=0.000080  (mins eff: ADX>=8.0, BBbw>=0.0007, ATR%>=0.000050)
2025-08-28 17:11:06,733 [Gate] Regime fail
2025-08-28 17:12:06,387 [HB] PnL=0.00 | ConsecLoss=0 | Blocked=yes | ATRt=1.9 | Sprd=1.0
2025-08-28 17:12:06,388 [REGIME] ADX=13.0  BBbw=0.0003  ATR%=0.000074  (mins eff: ADX>=8.0, BBbw>=0.0007, ATR%>=0.000050)
2025-08-28 17:12:06,388 [Gate] Regime fail
2025-08-28 17:13:07,089 [HB] PnL=0.00 | ConsecLoss=0 | Blocked=yes | ATRt=2.0 | Sprd=1.0
2025-08-28 17:13:07,089 [REGIME] ADX=12.5  BBbw=0.0003  ATR%=0.000077  (mins eff: ADX>=8.0, BBbw>=0.0007, ATR%>=0.000050)
2025-08-28 17:13:07,089 [Gate] Regime fail
2025-08-28 17:14:06,788 [HB] PnL=0.00 | ConsecLoss=0 | Blocked=yes | ATRt=1.9 | Sprd=1.0
2025-08-28 17:14:06,789 [REGIME] ADX=12.1  BBbw=0.0003  ATR%=0.000074  (mins eff: ADX>=8.0, BBbw>=0.0007, ATR%>=0.000050)
2025-08-28 17:14:06,789 [Gate] Regime fail
2025-08-28 17:15:06,495 [HB] PnL=0.00 | ConsecLoss=0 | Blocked=yes | ATRt=2.0 | Sprd=1.0
2025-08-28 17:15:06,496 [REGIME] ADX=11.9  BBbw=0.0004  ATR%=0.000077  (mins eff: ADX>=8.0, BBbw>=0.0007, ATR%>=0.000050)
2025-08-28 17:15:06,497 [Gate] Regime fail
2025-08-28 17:16:07,217 [HB] PnL=0.00 | ConsecLoss=0 | Blocked=yes | ATRt=1.9 | Sprd=1.0
2025-08-28 17:16:07,218 [REGIME] ADX=11.7  BBbw=0.0004  ATR%=0.000071  (mins eff: ADX>=8.0, BBbw>=0.0007, ATR%>=0.000050)
2025-08-28 17:16:07,219 [Gate] Regime fail
2025-08-28 17:17:06,995 [HB] PnL=0.00 | ConsecLoss=0 | Blocked=yes | ATRt=1.7 | Sprd=1.0
2025-08-28 17:17:06,995 [REGIME] ADX=11.5  BBbw=0.0004  ATR%=0.000066  (mins eff: ADX>=8.0, BBbw>=0.0007, ATR%>=0.000050)
2025-08-28 17:17:06,996 [Gate] Regime fail
2025-08-28 17:18:06,796 [HB] PnL=0.00 | ConsecLoss=0 | Blocked=yes | ATRt=1.7 | Sprd=1.0
2025-08-28 17:18:06,797 [REGIME] ADX=10.9  BBbw=0.0004  ATR%=0.000067  (mins eff: ADX>=8.0, BBbw>=0.0007, ATR%>=0.000050)
2025-08-28 17:18:06,797 [Gate] Regime fail
2025-08-28 17:19:06,651 [HB] PnL=0.00 | ConsecLoss=0 | Blocked=yes | ATRt=1.8 | Sprd=1.0
2025-08-28 17:19:06,652 [REGIME] ADX=10.7  BBbw=0.0004  ATR%=0.000068  (mins eff: ADX>=8.0, BBbw>=0.0007, ATR%>=0.000050)
2025-08-28 17:19:06,652 [Gate] Regime fail
2025-08-28 17:20:06,340 [HB] PnL=0.00 | ConsecLoss=0 | Blocked=yes | ATRt=1.8 | Sprd=1.0
2025-08-28 17:20:06,341 [REGIME] ADX=11.2  BBbw=0.0004  ATR%=0.000068  (mins eff: ADX>=8.0, BBbw>=0.0007, ATR%>=0.000050)
2025-08-28 17:20:06,341 [Gate] Regime fail
2025-08-28 17:21:07,088 [HB] PnL=0.00 | ConsecLoss=0 | Blocked=yes | ATRt=1.7 | Sprd=1.0
2025-08-28 17:21:07,089 [REGIME] ADX=11.6  BBbw=0.0004  ATR%=0.000064  (mins eff: ADX>=8.0, BBbw>=0.0007, ATR%>=0.000050)
2025-08-28 17:21:07,090 [Gate] Regime fail
2025-08-28 17:22:06,747 [HB] PnL=0.00 | ConsecLoss=0 | Blocked=yes | ATRt=1.6 | Sprd=1.0
2025-08-28 17:22:06,748 [REGIME] ADX=11.6  BBbw=0.0005  ATR%=0.000062  (mins eff: ADX>=8.0, BBbw>=0.0007, ATR%>=0.000050)
2025-08-28 17:22:06,748 [Gate] Regime fail
2025-08-28 17:23:06,429 [HB] PnL=0.00 | ConsecLoss=0 | Blocked=yes | ATRt=1.7 | Sprd=1.0
2025-08-28 17:23:06,430 [REGIME] ADX=11.2  BBbw=0.0005  ATR%=0.000066  (mins eff: ADX>=8.0, BBbw>=0.0007, ATR%>=0.000050)
2025-08-28 17:23:06,430 [Gate] Regime fail
2025-08-28 17:24:07,153 [HB] PnL=0.00 | ConsecLoss=0 | Blocked=yes | ATRt=1.6 | Sprd=1.0
2025-08-28 17:24:07,153 [REGIME] ADX=10.8  BBbw=0.0004  ATR%=0.000061  (mins eff: ADX>=8.0, BBbw>=0.0007, ATR%>=0.000050)
2025-08-28 17:24:07,154 [Gate] Regime fail
2025-08-28 17:25:06,901 [HB] PnL=0.00 | ConsecLoss=0 | Blocked=yes | ATRt=1.5 | Sprd=1.0
2025-08-28 17:25:06,901 [REGIME] ADX=10.8  BBbw=0.0004  ATR%=0.000059  (mins eff: ADX>=8.0, BBbw>=0.0007, ATR%>=0.000050)
2025-08-28 17:25:06,902 [Gate] Regime fail
2025-08-28 17:26:06,597 [HB] PnL=0.00 | ConsecLoss=0 | Blocked=yes | ATRt=1.6 | Sprd=1.0
2025-08-28 17:26:06,598 [REGIME] ADX=10.5  BBbw=0.0004  ATR%=0.000063  (mins eff: ADX>=8.0, BBbw>=0.0007, ATR%>=0.000050)
2025-08-28 17:26:06,598 [Gate] Regime fail
2025-08-28 17:27:06,280 [HB] PnL=0.00 | ConsecLoss=0 | Blocked=yes | ATRt=1.5 | Sprd=1.0
2025-08-28 17:27:06,281 [REGIME] ADX=10.1  BBbw=0.0003  ATR%=0.000059  (mins eff: ADX>=8.0, BBbw>=0.0007, ATR%>=0.000050)
2025-08-28 17:27:06,282 [Gate] Regime fail
2025-08-28 17:28:07,019 [HB] PnL=0.00 | ConsecLoss=0 | Blocked=yes | ATRt=1.4 | Sprd=1.0
2025-08-28 17:28:07,020 [REGIME] ADX=9.8  BBbw=0.0003  ATR%=0.000055  (mins eff: ADX>=8.0, BBbw>=0.0007, ATR%>=0.000050)
2025-08-28 17:28:07,020 [Gate] Regime fail
2025-08-28 17:29:06,737 [HB] PnL=0.00 | ConsecLoss=0 | Blocked=yes | ATRt=1.7 | Sprd=1.0
2025-08-28 17:29:06,738 [REGIME] ADX=11.1  BBbw=0.0003  ATR%=0.000064  (mins eff: ADX>=8.0, BBbw>=0.0007, ATR%>=0.000050)
2025-08-28 17:29:06,738 [Gate] Regime fail
2025-08-28 17:30:06,377 [HB] PnL=0.00 | ConsecLoss=0 | Blocked=yes | ATRt=1.7 | Sprd=1.0
2025-08-28 17:30:06,378 [REGIME] ADX=11.9  BBbw=0.0003  ATR%=0.000065  (mins eff: ADX>=8.0, BBbw>=0.0007, ATR%>=0.000050)
2025-08-28 17:30:06,378 [Gate] Regime fail
2025-08-28 17:31:07,104 [HB] PnL=0.00 | ConsecLoss=0 | Blocked=yes | ATRt=1.6 | Sprd=1.0
2025-08-28 17:31:07,105 [REGIME] ADX=12.7  BBbw=0.0003  ATR%=0.000061  (mins eff: ADX>=8.0, BBbw>=0.0007, ATR%>=0.000050)
2025-08-28 17:31:07,105 [Gate] Regime fail
2025-08-28 17:32:06,817 [HB] PnL=0.00 | ConsecLoss=0 | Blocked=yes | ATRt=1.7 | Sprd=1.0
2025-08-28 17:32:06,817 [REGIME] ADX=12.1  BBbw=0.0003  ATR%=0.000064  (mins eff: ADX>=8.0, BBbw>=0.0007, ATR%>=0.000050)
2025-08-28 17:32:06,817 [Gate] Regime fail
2025-08-28 17:33:06,505 [HB] PnL=0.00 | ConsecLoss=0 | Blocked=yes | ATRt=1.9 | Sprd=1.0
2025-08-28 17:33:06,507 [REGIME] ADX=12.9  BBbw=0.0003  ATR%=0.000074  (mins eff: ADX>=8.0, BBbw>=0.0007, ATR%>=0.000050)
2025-08-28 17:33:06,507 [Gate] Regime fail
2025-08-28 17:34:07,231 [HB] PnL=0.00 | ConsecLoss=0 | Blocked=yes | ATRt=1.9 | Sprd=1.0
2025-08-28 17:34:07,232 [REGIME] ADX=13.0  BBbw=0.0003  ATR%=0.000074  (mins eff: ADX>=8.0, BBbw>=0.0007, ATR%>=0.000050)
2025-08-28 17:34:07,233 [Gate] Regime fail
2025-08-28 17:35:07,212 [HB] PnL=0.00 | ConsecLoss=0 | Blocked=yes | ATRt=1.9 | Sprd=1.0
2025-08-28 17:35:07,212 [REGIME] ADX=13.3  BBbw=0.0003  ATR%=0.000071  (mins eff: ADX>=8.0, BBbw>=0.0007, ATR%>=0.000050)
2025-08-28 17:35:07,213 [Gate] Regime fail
2025-08-28 17:36:05,830 [HB] PnL=0.00 | ConsecLoss=0 | Blocked=yes | ATRt=1.9 | Sprd=1.0
2025-08-28 17:36:05,830 [REGIME] ADX=14.1  BBbw=0.0003  ATR%=0.000072  (mins eff: ADX>=8.0, BBbw>=0.0007, ATR%>=0.000050)
2025-08-28 17:36:05,831 [Gate] Regime fail
2025-08-28 17:37:06,526 [HB] PnL=0.00 | ConsecLoss=0 | Blocked=yes | ATRt=2.0 | Sprd=1.0
2025-08-28 17:37:06,526 [REGIME] ADX=15.7  BBbw=0.0004  ATR%=0.000078  (mins eff: ADX>=8.0, BBbw>=0.0007, ATR%>=0.000050)
2025-08-28 17:37:06,526 [Gate] Regime fail
2025-08-28 17:38:07,184 [HB] PnL=0.00 | ConsecLoss=0 | Blocked=yes | ATRt=1.9 | Sprd=1.0
2025-08-28 17:38:07,184 [REGIME] ADX=17.1  BBbw=0.0005  ATR%=0.000072  (mins eff: ADX>=8.0, BBbw>=0.0007, ATR%>=0.000050)
2025-08-28 17:38:07,185 [Gate] Regime fail
2025-08-28 17:39:06,882 [HB] PnL=0.00 | ConsecLoss=0 | Blocked=yes | ATRt=1.7 | Sprd=1.0
2025-08-28 17:39:06,883 [REGIME] ADX=18.5  BBbw=0.0005  ATR%=0.000067  (mins eff: ADX>=8.0, BBbw>=0.0007, ATR%>=0.000050)
2025-08-28 17:39:06,887 [Gate] Regime fail
2025-08-28 17:40:06,564 [HB] PnL=0.00 | ConsecLoss=0 | Blocked=yes | ATRt=1.7 | Sprd=1.0
2025-08-28 17:40:06,564 [REGIME] ADX=19.9  BBbw=0.0006  ATR%=0.000065  (mins eff: ADX>=8.0, BBbw>=0.0007, ATR%>=0.000050)
2025-08-28 17:40:06,567 [Gate] Regime fail
2025-08-28 17:41:07,280 [HB] PnL=0.00 | ConsecLoss=0 | Blocked=yes | ATRt=1.6 | Sprd=1.0
2025-08-28 17:41:07,281 [REGIME] ADX=21.3  BBbw=0.0006  ATR%=0.000063  (mins eff: ADX>=8.0, BBbw>=0.0007, ATR%>=0.000050)
2025-08-28 17:41:07,281 [Gate] Regime fail
2025-08-28 17:42:06,970 [HB] PnL=0.00 | ConsecLoss=0 | Blocked=yes | ATRt=1.5 | Sprd=1.0
2025-08-28 17:42:06,971 [REGIME] ADX=22.6  BBbw=0.0007  ATR%=0.000058  (mins eff: ADX>=8.0, BBbw>=0.0007, ATR%>=0.000050)
2025-08-28 17:42:06,971 [Gate] Regime fail
2025-08-28 17:43:06,929 [HB] PnL=0.00 | ConsecLoss=0 | Blocked=yes | ATRt=1.6 | Sprd=1.0
2025-08-28 17:43:06,930 [REGIME] ADX=24.2  BBbw=0.0007  ATR%=0.000060  (mins eff: ADX>=8.0, BBbw>=0.0007, ATR%>=0.000050)
2025-08-28 17:43:06,930 [Gate] Regime fail
2025-08-28 17:44:06,743 [HB] PnL=0.00 | ConsecLoss=0 | Blocked=yes | ATRt=1.5 | Sprd=1.0
2025-08-28 17:44:06,744 [REGIME] ADX=25.1  BBbw=0.0007  ATR%=0.000058  (mins eff: ADX>=6.0, BBbw>=0.0007, ATR%>=0.000050)
2025-08-28 17:44:06,744 [Gate] Regime fail
2025-08-28 17:45:06,404 [HB] PnL=0.00 | ConsecLoss=0 | Blocked=yes | ATRt=1.6 | Sprd=1.0
2025-08-28 17:45:06,404 [REGIME] ADX=26.5  BBbw=0.0007  ATR%=0.000060  (mins eff: ADX>=6.0, BBbw>=0.0007, ATR%>=0.000050)
2025-08-28 17:45:06,405 [Gate] Regime fail
2025-08-28 17:46:07,137 [HB] PnL=0.00 | ConsecLoss=0 | Blocked=yes | ATRt=1.4 | Sprd=1.0
2025-08-28 17:46:07,138 [REGIME] ADX=27.7  BBbw=0.0007  ATR%=0.000055  (mins eff: ADX>=6.0, BBbw>=0.0007, ATR%>=0.000050)
2025-08-28 17:46:07,138 [Gate] Regime fail
2025-08-28 17:47:06,796 [HB] PnL=0.00 | ConsecLoss=0 | Blocked=yes | ATRt=1.4 | Sprd=1.0
2025-08-28 17:47:06,797 [REGIME] ADX=28.3  BBbw=0.0007  ATR%=0.000054  (mins eff: ADX>=6.0, BBbw>=0.0007, ATR%>=0.000050)
2025-08-28 17:47:06,797 [Gate] Regime fail
2025-08-28 17:48:06,444 [HB] PnL=0.00 | ConsecLoss=0 | Blocked=yes | ATRt=1.4 | Sprd=1.0
2025-08-28 17:48:06,445 [REGIME] ADX=29.1  BBbw=0.0006  ATR%=0.000053  (mins eff: ADX>=6.0, BBbw>=0.0007, ATR%>=0.000050)
2025-08-28 17:48:06,445 [Gate] Regime fail
2025-08-28 17:49:07,152 [HB] PnL=0.00 | ConsecLoss=0 | Blocked=yes | ATRt=1.4 | Sprd=1.0
2025-08-28 17:49:07,153 [REGIME] ADX=29.3  BBbw=0.0006  ATR%=0.000052  (mins eff: ADX>=6.0, BBbw>=0.0007, ATR%>=0.000050)
2025-08-28 17:49:07,154 [Gate] Regime fail
2025-08-28 17:50:06,370 [HB] PnL=0.00 | ConsecLoss=0 | Blocked=yes | ATRt=1.4 | Sprd=1.0
2025-08-28 17:50:06,371 [REGIME] ADX=28.4  BBbw=0.0006  ATR%=0.000054  (mins eff: ADX>=6.0, BBbw>=0.0007, ATR%>=0.000050)
2025-08-28 17:50:06,371 [Gate] Regime fail
2025-08-28 17:51:07,094 [HB] PnL=0.00 | ConsecLoss=0 | Blocked=yes | ATRt=1.4 | Sprd=1.0
2025-08-28 17:51:07,095 [REGIME] ADX=28.0  BBbw=0.0006  ATR%=0.000053  (mins eff: ADX>=6.0, BBbw>=0.0007, ATR%>=0.000050)
2025-08-28 17:51:07,095 [Gate] Regime fail
2025-08-28 17:52:06,791 [HB] PnL=0.00 | ConsecLoss=0 | Blocked=yes | ATRt=1.4 | Sprd=1.0
2025-08-28 17:52:06,791 [REGIME] ADX=26.6  BBbw=0.0004  ATR%=0.000054  (mins eff: ADX>=6.0, BBbw>=0.0007, ATR%>=0.000050)
2025-08-28 17:52:06,792 [Gate] Regime fail
2025-08-28 17:53:06,559 [HB] PnL=0.00 | ConsecLoss=0 | Blocked=yes | ATRt=1.3 | Sprd=1.0
2025-08-28 17:53:06,559 [REGIME] ADX=25.3  BBbw=0.0004  ATR%=0.000050  (mins eff: ADX>=6.0, BBbw>=0.0007, ATR%>=0.000050)
2025-08-28 17:53:06,560 [Gate] Regime fail
2025-08-28 17:54:07,285 [HB] PnL=0.00 | ConsecLoss=0 | Blocked=yes | ATRt=1.2 | Sprd=1.0
2025-08-28 17:54:07,296 [REGIME] ADX=24.1  BBbw=0.0003  ATR%=0.000047  (mins eff: ADX>=8.0, BBbw>=0.0007, ATR%>=0.000050)
2025-08-28 17:54:07,301 [Gate] Regime fail
2025-08-28 17:55:06,970 [HB] PnL=0.00 | ConsecLoss=0 | Blocked=yes | ATRt=1.2 | Sprd=1.0
2025-08-28 17:55:06,973 [REGIME] ADX=23.4  BBbw=0.0003  ATR%=0.000046  (mins eff: ADX>=8.0, BBbw>=0.0007, ATR%>=0.000050)
2025-08-28 17:55:06,973 [Gate] Regime fail
2025-08-28 17:56:06,905 [HB] PnL=0.00 | ConsecLoss=0 | Blocked=yes | ATRt=1.3 | Sprd=1.0
2025-08-28 17:56:06,906 [REGIME] ADX=23.5  BBbw=0.0002  ATR%=0.000048  (mins eff: ADX>=8.0, BBbw>=0.0007, ATR%>=0.000050)
2025-08-28 17:56:06,906 [Gate] Regime fail
2025-08-28 17:57:06,616 [HB] PnL=0.00 | ConsecLoss=0 | Blocked=yes | ATRt=1.4 | Sprd=1.0
2025-08-28 17:57:06,616 [REGIME] ADX=24.5  BBbw=0.0002  ATR%=0.000053  (mins eff: ADX>=8.0, BBbw>=0.0007, ATR%>=0.000050)
2025-08-28 17:57:06,617 [Gate] Regime fail
2025-08-28 17:58:06,664 [HB] PnL=0.00 | ConsecLoss=0 | Blocked=yes | ATRt=1.4 | Sprd=1.0
2025-08-28 17:58:06,665 [REGIME] ADX=24.8  BBbw=0.0002  ATR%=0.000052  (mins eff: ADX>=8.0, BBbw>=0.0007, ATR%>=0.000050)
2025-08-28 17:58:06,665 [Gate] Regime fail
2025-08-28 17:59:06,311 [HB] PnL=0.00 | ConsecLoss=0 | Blocked=yes | ATRt=1.3 | Sprd=1.0
2025-08-28 17:59:06,312 [REGIME] ADX=24.6  BBbw=0.0002  ATR%=0.000051  (mins eff: ADX>=8.0, BBbw>=0.0007, ATR%>=0.000050)
2025-08-28 17:59:06,312 [Gate] Regime fail
2025-08-28 18:00:07,062 [HB] PnL=0.00 | ConsecLoss=0 | Blocked=yes | ATRt=1.5 | Sprd=1.0
2025-08-28 18:00:07,063 [REGIME] ADX=23.1  BBbw=0.0002  ATR%=0.000056  (mins eff: ADX>=8.0, BBbw>=0.0007, ATR%>=0.000050)
2025-08-28 18:00:07,066 [Gate] Regime fail
2025-08-28 18:01:06,760 [HB] PnL=0.00 | ConsecLoss=0 | Blocked=yes | ATRt=1.5 | Sprd=1.0
2025-08-28 18:01:06,761 [REGIME] ADX=21.9  BBbw=0.0003  ATR%=0.000057  (mins eff: ADX>=8.0, BBbw>=0.0007, ATR%>=0.000050)
2025-08-28 18:01:06,761 [Gate] Regime fail
2025-08-28 18:02:06,402 [HB] PnL=0.00 | ConsecLoss=0 | Blocked=yes | ATRt=1.5 | Sprd=1.0
2025-08-28 18:02:06,403 [REGIME] ADX=21.2  BBbw=0.0003  ATR%=0.000059  (mins eff: ADX>=8.0, BBbw>=0.0007, ATR%>=0.000050)
2025-08-28 18:02:06,404 [Gate] Regime fail
2025-08-28 18:03:07,078 [HB] PnL=0.00 | ConsecLoss=0 | Blocked=yes | ATRt=1.9 | Sprd=1.0
2025-08-28 18:03:07,078 [REGIME] ADX=21.1  BBbw=0.0003  ATR%=0.000074  (mins eff: ADX>=8.0, BBbw>=0.0007, ATR%>=0.000050)
2025-08-28 18:03:07,078 [Gate] Regime fail
2025-08-28 18:04:06,795 [HB] PnL=0.00 | ConsecLoss=0 | Blocked=yes | ATRt=1.8 | Sprd=1.0
2025-08-28 18:04:06,796 [REGIME] ADX=20.9  BBbw=0.0003  ATR%=0.000068  (mins eff: ADX>=8.0, BBbw>=0.0007, ATR%>=0.000050)
2025-08-28 18:04:06,796 [Gate] Regime fail
2025-08-28 18:05:06,788 [HB] PnL=0.00 | ConsecLoss=0 | Blocked=yes | ATRt=2.0 | Sprd=1.0
2025-08-28 18:05:06,788 [REGIME] ADX=19.6  BBbw=0.0003  ATR%=0.000077  (mins eff: ADX>=8.0, BBbw>=0.0007, ATR%>=0.000050)
2025-08-28 18:05:06,789 [Gate] Regime fail
2025-08-28 18:06:06,527 [HB] PnL=0.00 | ConsecLoss=0 | Blocked=yes | ATRt=1.9 | Sprd=1.0
2025-08-28 18:06:06,527 [REGIME] ADX=18.4  BBbw=0.0003  ATR%=0.000072  (mins eff: ADX>=8.0, BBbw>=0.0007, ATR%>=0.000050)
2025-08-28 18:06:06,528 [Gate] Regime fail
2025-08-28 18:07:07,246 [HB] PnL=0.00 | ConsecLoss=0 | Blocked=yes | ATRt=1.7 | Sprd=1.0
2025-08-28 18:07:07,247 [REGIME] ADX=17.3  BBbw=0.0003  ATR%=0.000067  (mins eff: ADX>=8.0, BBbw>=0.0007, ATR%>=0.000050)
2025-08-28 18:07:07,247 [Gate] Regime fail
2025-08-28 18:08:07,015 [HB] PnL=0.00 | ConsecLoss=0 | Blocked=yes | ATRt=1.7 | Sprd=1.0
2025-08-28 18:08:07,015 [REGIME] ADX=16.6  BBbw=0.0003  ATR%=0.000065  (mins eff: ADX>=8.0, BBbw>=0.0007, ATR%>=0.000050)
2025-08-28 18:08:07,016 [Gate] Regime fail
2025-08-28 18:09:06,677 [HB] PnL=0.00 | ConsecLoss=0 | Blocked=yes | ATRt=1.6 | Sprd=1.0
2025-08-28 18:09:06,678 [REGIME] ADX=15.9  BBbw=0.0003  ATR%=0.000060  (mins eff: ADX>=8.0, BBbw>=0.0007, ATR%>=0.000050)
2025-08-28 18:09:06,679 [Gate] Regime fail
2025-08-28 18:10:06,320 [HB] PnL=0.00 | ConsecLoss=0 | Blocked=yes | ATRt=1.7 | Sprd=1.0
2025-08-28 18:10:06,320 [REGIME] ADX=16.2  BBbw=0.0004  ATR%=0.000064  (mins eff: ADX>=8.0, BBbw>=0.0007, ATR%>=0.000050)
2025-08-28 18:10:06,321 [Gate] Regime fail
2025-08-28 18:11:06,951 [HB] PnL=0.00 | ConsecLoss=0 | Blocked=yes | ATRt=1.6 | Sprd=1.0
2025-08-28 18:11:06,953 [REGIME] ADX=16.0  BBbw=0.0004  ATR%=0.000062  (mins eff: ADX>=8.0, BBbw>=0.0007, ATR%>=0.000050)
2025-08-28 18:11:06,953 [Gate] Regime fail
2025-08-28 18:12:06,638 [HB] PnL=0.00 | ConsecLoss=0 | Blocked=yes | ATRt=1.6 | Sprd=1.0
2025-08-28 18:12:06,639 [REGIME] ADX=15.5  BBbw=0.0004  ATR%=0.000060  (mins eff: ADX>=8.0, BBbw>=0.0007, ATR%>=0.000050)
2025-08-28 18:12:06,639 [Gate] Regime fail
2025-08-28 18:13:06,349 [HB] PnL=0.00 | ConsecLoss=0 | Blocked=yes | ATRt=1.5 | Sprd=1.0
2025-08-28 18:13:06,349 [REGIME] ADX=14.7  BBbw=0.0004  ATR%=0.000059  (mins eff: ADX>=8.0, BBbw>=0.0007, ATR%>=0.000050)
2025-08-28 18:13:06,350 [Gate] Regime fail
2025-08-28 18:14:07,108 [HB] PnL=0.00 | ConsecLoss=0 | Blocked=yes | ATRt=1.5 | Sprd=1.0
2025-08-28 18:14:07,108 [REGIME] ADX=13.7  BBbw=0.0004  ATR%=0.000057  (mins eff: ADX>=8.0, BBbw>=0.0007, ATR%>=0.000050)
2025-08-28 18:14:07,109 [Gate] Regime fail
2025-08-28 18:15:06,855 [HB] PnL=0.00 | ConsecLoss=0 | Blocked=yes | ATRt=1.4 | Sprd=1.0
2025-08-28 18:15:06,856 [REGIME] ADX=12.9  BBbw=0.0004  ATR%=0.000053  (mins eff: ADX>=8.0, BBbw>=0.0007, ATR%>=0.000050)
2025-08-28 18:15:06,856 [Gate] Regime fail
2025-08-28 18:16:06,671 [HB] PnL=0.00 | ConsecLoss=0 | Blocked=yes | ATRt=1.3 | Sprd=1.0
2025-08-28 18:16:06,671 [REGIME] ADX=12.1  BBbw=0.0004  ATR%=0.000049  (mins eff: ADX>=8.0, BBbw>=0.0007, ATR%>=0.000050)
2025-08-28 18:16:06,672 [Gate] Regime fail
2025-08-28 18:17:06,382 [HB] PnL=0.00 | ConsecLoss=0 | Blocked=yes | ATRt=1.3 | Sprd=1.0
2025-08-28 18:17:06,383 [REGIME] ADX=11.9  BBbw=0.0003  ATR%=0.000051  (mins eff: ADX>=8.0, BBbw>=0.0007, ATR%>=0.000050)
2025-08-28 18:17:06,383 [Gate] Regime fail
2025-08-28 18:18:07,151 [HB] PnL=0.00 | ConsecLoss=0 | Blocked=yes | ATRt=1.2 | Sprd=1.0
2025-08-28 18:18:07,151 [REGIME] ADX=11.7  BBbw=0.0003  ATR%=0.000048  (mins eff: ADX>=8.0, BBbw>=0.0007, ATR%>=0.000050)
2025-08-28 18:18:07,152 [Gate] Regime fail
2025-08-28 18:19:06,652 [HB] PnL=0.00 | ConsecLoss=0 | Blocked=yes | ATRt=1.2 | Sprd=1.0
2025-08-28 18:19:06,653 [REGIME] ADX=11.1  BBbw=0.0003  ATR%=0.000047  (mins eff: ADX>=8.0, BBbw>=0.0007, ATR%>=0.000050)
2025-08-28 18:19:06,654 [Gate] Regime fail
2025-08-28 18:20:07,251 [HB] PnL=0.00 | ConsecLoss=0 | Blocked=yes | ATRt=1.1 | Sprd=1.0
2025-08-28 18:20:07,251 [REGIME] ADX=10.5  BBbw=0.0003  ATR%=0.000044  (mins eff: ADX>=8.0, BBbw>=0.0007, ATR%>=0.000050)
2025-08-28 18:20:07,252 [Gate] Regime fail
2025-08-28 18:21:06,852 [HB] PnL=0.00 | ConsecLoss=0 | Blocked=yes | ATRt=1.1 | Sprd=1.0
2025-08-28 18:21:06,853 [REGIME] ADX=10.0  BBbw=0.0003  ATR%=0.000041  (mins eff: ADX>=8.0, BBbw>=0.0007, ATR%>=0.000050)
2025-08-28 18:21:06,854 [Gate] Regime fail
2025-08-28 18:22:06,579 [HB] PnL=0.00 | ConsecLoss=0 | Blocked=yes | ATRt=1.1 | Sprd=1.0
2025-08-28 18:22:06,580 [REGIME] ADX=10.0  BBbw=0.0003  ATR%=0.000043  (mins eff: ADX>=8.0, BBbw>=0.0007, ATR%>=0.000050)
2025-08-28 18:22:06,580 [Gate] Regime fail
2025-08-28 18:23:07,283 [HB] PnL=0.00 | ConsecLoss=0 | Blocked=yes | ATRt=1.1 | Sprd=1.0
2025-08-28 18:23:07,283 [REGIME] ADX=10.4  BBbw=0.0003  ATR%=0.000043  (mins eff: ADX>=8.0, BBbw>=0.0007, ATR%>=0.000050)
2025-08-28 18:23:07,284 [Gate] Regime fail
2025-08-28 18:24:07,023 [HB] PnL=0.00 | ConsecLoss=0 | Blocked=yes | ATRt=1.1 | Sprd=1.0
2025-08-28 18:24:07,024 [REGIME] ADX=10.3  BBbw=0.0002  ATR%=0.000043  (mins eff: ADX>=8.0, BBbw>=0.0007, ATR%>=0.000050)
2025-08-28 18:24:07,024 [Gate] Regime fail
2025-08-28 18:25:06,930 [HB] PnL=0.00 | ConsecLoss=0 | Blocked=yes | ATRt=1.1 | Sprd=1.0
2025-08-28 18:25:06,930 [REGIME] ADX=9.7  BBbw=0.0002  ATR%=0.000042  (mins eff: ADX>=8.0, BBbw>=0.0007, ATR%>=0.000050)
2025-08-28 18:25:06,931 [Gate] Regime fail
2025-08-28 18:26:06,640 [HB] PnL=0.00 | ConsecLoss=0 | Blocked=yes | ATRt=1.1 | Sprd=1.0
2025-08-28 18:26:06,641 [REGIME] ADX=9.6  BBbw=0.0002  ATR%=0.000042  (mins eff: ADX>=8.0, BBbw>=0.0007, ATR%>=0.000050)
2025-08-28 18:26:06,644 [Gate] Regime fail
2025-08-28 18:27:06,469 [HB] PnL=0.00 | ConsecLoss=0 | Blocked=yes | ATRt=1.1 | Sprd=1.0
2025-08-28 18:27:06,470 [REGIME] ADX=8.9  BBbw=0.0002  ATR%=0.000042  (mins eff: ADX>=8.0, BBbw>=0.0007, ATR%>=0.000050)
2025-08-28 18:27:06,471 [Gate] Regime fail
2025-08-28 18:28:07,230 [HB] PnL=0.00 | ConsecLoss=0 | Blocked=yes | ATRt=1.1 | Sprd=1.0
2025-08-28 18:28:07,230 [REGIME] ADX=8.8  BBbw=0.0002  ATR%=0.000041  (mins eff: ADX>=8.0, BBbw>=0.0007, ATR%>=0.000050)
2025-08-28 18:28:07,231 [Gate] Regime fail
2025-08-28 18:29:06,958 [HB] PnL=0.00 | ConsecLoss=0 | Blocked=yes | ATRt=1.1 | Sprd=1.0
2025-08-28 18:29:06,958 [REGIME] ADX=8.2  BBbw=0.0002  ATR%=0.000041  (mins eff: ADX>=8.0, BBbw>=0.0007, ATR%>=0.000050)
2025-08-28 18:29:06,958 [Gate] Regime fail
2025-08-28 18:30:06,791 [HB] PnL=0.00 | ConsecLoss=0 | Blocked=yes | ATRt=1.1 | Sprd=1.0
2025-08-28 18:30:06,792 [REGIME] ADX=8.1  BBbw=0.0002  ATR%=0.000041  (mins eff: ADX>=8.0, BBbw>=0.0007, ATR%>=0.000050)
2025-08-28 18:30:06,793 [Gate] Regime fail
2025-08-28 18:31:06,499 [HB] PnL=0.00 | ConsecLoss=0 | Blocked=yes | ATRt=1.1 | Sprd=1.0
2025-08-28 18:31:06,500 [REGIME] ADX=7.6  BBbw=0.0002  ATR%=0.000041  (mins eff: ADX>=8.0, BBbw>=0.0007, ATR%>=0.000050)
2025-08-28 18:31:06,501 [Gate] Regime fail
2025-08-28 18:32:07,269 [HB] PnL=0.00 | ConsecLoss=0 | Blocked=yes | ATRt=1.1 | Sprd=1.0
2025-08-28 18:32:07,270 [REGIME] ADX=7.5  BBbw=0.0002  ATR%=0.000041  (mins eff: ADX>=8.0, BBbw>=0.0007, ATR%>=0.000050)
2025-08-28 18:32:07,270 [Gate] Regime fail
2025-08-28 18:33:07,169 [HB] PnL=0.00 | ConsecLoss=0 | Blocked=yes | ATRt=1.1 | Sprd=1.0
2025-08-28 18:33:07,169 [REGIME] ADX=7.8  BBbw=0.0002  ATR%=0.000040  (mins eff: ADX>=8.0, BBbw>=0.0007, ATR%>=0.000050)
2025-08-28 18:33:07,170 [Gate] Regime fail
2025-08-28 18:34:06,839 [HB] PnL=0.00 | ConsecLoss=0 | Blocked=yes | ATRt=1.0 | Sprd=1.0
2025-08-28 18:34:06,839 [REGIME] ADX=8.2  BBbw=0.0002  ATR%=0.000038  (mins eff: ADX>=8.0, BBbw>=0.0007, ATR%>=0.000050)
2025-08-28 18:34:06,840 [Gate] Regime fail
2025-08-28 18:35:06,650 [HB] PnL=0.00 | ConsecLoss=0 | Blocked=yes | ATRt=0.9 | Sprd=1.0
2025-08-28 18:35:06,651 [REGIME] ADX=8.5  BBbw=0.0002  ATR%=0.000035  (mins eff: ADX>=8.0, BBbw>=0.0007, ATR%>=0.000050)
2025-08-28 18:35:06,651 [Gate] Regime fail
2025-08-28 18:36:06,463 [HB] PnL=0.00 | ConsecLoss=0 | Blocked=yes | ATRt=0.9 | Sprd=1.0
2025-08-28 18:36:06,464 [REGIME] ADX=9.3  BBbw=0.0002  ATR%=0.000035  (mins eff: ADX>=8.0, BBbw>=0.0007, ATR%>=0.000050)
2025-08-28 18:36:06,464 [Gate] Regime fail
2025-08-28 18:37:06,093 [HB] PnL=0.00 | ConsecLoss=0 | Blocked=yes | ATRt=1.0 | Sprd=1.0
2025-08-28 18:37:06,093 [REGIME] ADX=10.8  BBbw=0.0002  ATR%=0.000038  (mins eff: ADX>=8.0, BBbw>=0.0007, ATR%>=0.000050)
2025-08-28 18:37:06,094 [Gate] Regime fail
2025-08-28 18:38:07,143 [HB] PnL=0.00 | ConsecLoss=0 | Blocked=yes | ATRt=1.0 | Sprd=1.0
2025-08-28 18:38:07,143 [REGIME] ADX=12.7  BBbw=0.0003  ATR%=0.000038  (mins eff: ADX>=8.0, BBbw>=0.0007, ATR%>=0.000050)
2025-08-28 18:38:07,144 [Gate] Regime fail
2025-08-28 18:39:06,871 [HB] PnL=0.00 | ConsecLoss=0 | Blocked=yes | ATRt=1.1 | Sprd=1.0
2025-08-28 18:39:06,871 [REGIME] ADX=15.0  BBbw=0.0004  ATR%=0.000041  (mins eff: ADX>=8.0, BBbw>=0.0007, ATR%>=0.000050)
2025-08-28 18:39:06,872 [Gate] Regime fail
2025-08-28 18:40:06,576 [HB] PnL=0.00 | ConsecLoss=0 | Blocked=yes | ATRt=1.0 | Sprd=1.0
2025-08-28 18:40:06,577 [REGIME] ADX=17.1  BBbw=0.0004  ATR%=0.000038  (mins eff: ADX>=8.0, BBbw>=0.0007, ATR%>=0.000050)
2025-08-28 18:40:06,577 [Gate] Regime fail
2025-08-28 18:41:07,304 [HB] PnL=0.00 | ConsecLoss=0 | Blocked=yes | ATRt=1.0 | Sprd=1.0
2025-08-28 18:41:07,305 [REGIME] ADX=18.3  BBbw=0.0004  ATR%=0.000038  (mins eff: ADX>=8.0, BBbw>=0.0007, ATR%>=0.000050)
2025-08-28 18:41:07,305 [Gate] Regime fail
2025-08-28 18:42:06,964 [HB] PnL=0.00 | ConsecLoss=0 | Blocked=yes | ATRt=1.1 | Sprd=1.0
2025-08-28 18:42:06,965 [REGIME] ADX=18.2  BBbw=0.0004  ATR%=0.000041  (mins eff: ADX>=8.0, BBbw>=0.0007, ATR%>=0.000050)
2025-08-28 18:42:06,965 [Gate] Regime fail
2025-08-28 18:43:06,600 [HB] PnL=0.00 | ConsecLoss=0 | Blocked=yes | ATRt=1.1 | Sprd=1.0
2025-08-28 18:43:06,601 [REGIME] ADX=18.0  BBbw=0.0004  ATR%=0.000041  (mins eff: ADX>=8.0, BBbw>=0.0007, ATR%>=0.000050)
2025-08-28 18:43:06,601 [Gate] Regime fail
2025-08-28 18:44:07,265 [HB] PnL=0.00 | ConsecLoss=0 | Blocked=yes | ATRt=1.1 | Sprd=1.0
2025-08-28 18:44:07,266 [REGIME] ADX=18.7  BBbw=0.0004  ATR%=0.000043  (mins eff: ADX>=8.0, BBbw>=0.0007, ATR%>=0.000050)
2025-08-28 18:44:07,266 [Gate] Regime fail
2025-08-28 18:45:06,960 [HB] PnL=0.00 | ConsecLoss=0 | Blocked=yes | ATRt=1.1 | Sprd=1.0
2025-08-28 18:45:06,960 [REGIME] ADX=18.7  BBbw=0.0004  ATR%=0.000043  (mins eff: ADX>=8.0, BBbw>=0.0007, ATR%>=0.000050)
2025-08-28 18:45:06,961 [Gate] Regime fail
2025-08-28 18:46:06,633 [HB] PnL=0.00 | ConsecLoss=0 | Blocked=yes | ATRt=1.1 | Sprd=1.0
2025-08-28 18:46:06,634 [REGIME] ADX=18.1  BBbw=0.0004  ATR%=0.000043  (mins eff: ADX>=8.0, BBbw>=0.0007, ATR%>=0.000050)
2025-08-28 18:46:06,634 [Gate] Regime fail
2025-08-28 18:47:06,371 [HB] PnL=0.00 | ConsecLoss=0 | Blocked=yes | ATRt=1.1 | Sprd=1.0
2025-08-28 18:47:06,372 [REGIME] ADX=17.6  BBbw=0.0004  ATR%=0.000042  (mins eff: ADX>=8.0, BBbw>=0.0007, ATR%>=0.000050)
2025-08-28 18:47:06,372 [Gate] Regime fail
2025-08-28 18:48:07,250 [HB] PnL=0.00 | ConsecLoss=0 | Blocked=yes | ATRt=1.0 | Sprd=1.0
2025-08-28 18:48:07,251 [REGIME] ADX=17.1  BBbw=0.0003  ATR%=0.000039  (mins eff: ADX>=8.0, BBbw>=0.0007, ATR%>=0.000050)
2025-08-28 18:48:07,251 [Gate] Regime fail
2025-08-28 18:49:06,982 [HB] PnL=0.00 | ConsecLoss=0 | Blocked=yes | ATRt=1.0 | Sprd=1.0
2025-08-28 18:49:06,983 [REGIME] ADX=16.0  BBbw=0.0003  ATR%=0.000039  (mins eff: ADX>=8.0, BBbw>=0.0007, ATR%>=0.000050)
2025-08-28 18:49:06,984 [Gate] Regime fail
2025-08-28 18:50:06,735 [HB] PnL=0.00 | ConsecLoss=0 | Blocked=yes | ATRt=1.0 | Sprd=1.0
2025-08-28 18:50:06,735 [REGIME] ADX=15.3  BBbw=0.0003  ATR%=0.000039  (mins eff: ADX>=8.0, BBbw>=0.0007, ATR%>=0.000050)
2025-08-28 18:50:06,736 [Gate] Regime fail
