2025-09-02 14:49:32,529 ================== PAPER MODE ==================
2025-09-02 14:49:32,530 Host:127.0.0.1  Port:7497  ClientId:19
2025-09-02 14:49:32,530 Paper account required (TWS/Gateway set to Paper). Orders WILL be sent (paper).
2025-09-02 14:49:32,530 Writing log to logs\run_Tue0902_144932.log
2025-09-02 14:49:32,951 [PING 1] clientId=40572 connected: True
2025-09-02 14:49:32,952 [CONNECT] Attempt 1/8 to 127.0.0.1:7497 (clientId=19, timeout=60s)
2025-09-02 14:49:33,260 Connected 127.0.0.1:7497 clientId=19 | Market data type: LIVE (1)
2025-09-02 14:49:33,263 Using contract: ESU5  (conId=637533641)
2025-09-02 14:49:33,265 [AUTOROLL] Will warn 7 days before expiry (print-only).
2025-09-02 14:49:33,265 [RISK] Daily loss cap: $1,250.00
2025-09-02 14:49:33,563 [WARMUP] Loaded 7970 historical 1m bars.
2025-09-02 14:49:33,656 >> LIVE paper trading with adaptive chooser + promotion ladder. Ctrl+C to stop.
2025-09-02 14:50:05,883 [HB] PnL=0.00 | ConsecLoss=0 | Blocked=no | ATRt=9.0
2025-09-02 14:50:05,884 [REGIME] ADX=22.3  BBbw=0.0011  ATR%=0.000349  (mins eff: ADX>=8.0, BBbw>=0.0010, ATR%>=0.000050)
2025-09-02 14:51:05,708 [HB] PnL=0.00 | ConsecLoss=0 | Blocked=no | ATRt=8.7
2025-09-02 14:51:05,709 [REGIME] ADX=23.3  BBbw=0.0013  ATR%=0.000340  (mins eff: ADX>=8.0, BBbw>=0.0010, ATR%>=0.000050)
2025-09-02 14:52:05,366 [HB] PnL=0.00 | ConsecLoss=0 | Blocked=no | ATRt=8.3
2025-09-02 14:52:05,367 [REGIME] ADX=24.2  BBbw=0.0014  ATR%=0.000322  (mins eff: ADX>=8.0, BBbw>=0.0010, ATR%>=0.000050)
2025-09-02 14:53:05,683 [HB] PnL=0.00 | ConsecLoss=0 | Blocked=no | ATRt=8.1
2025-09-02 14:53:05,683 [REGIME] ADX=25.0  BBbw=0.0014  ATR%=0.000315  (mins eff: ADX>=8.0, BBbw>=0.0010, ATR%>=0.000050)
2025-09-02 14:54:05,959 [HB] PnL=0.00 | ConsecLoss=0 | Blocked=no | ATRt=7.8
2025-09-02 14:54:05,959 [REGIME] ADX=25.4  BBbw=0.0013  ATR%=0.000304  (mins eff: ADX>=8.0, BBbw>=0.0010, ATR%>=0.000050)
2025-09-02 14:55:05,872 [HB] PnL=0.00 | ConsecLoss=0 | Blocked=no | ATRt=8.1
2025-09-02 14:55:05,872 [REGIME] ADX=26.8  BBbw=0.0014  ATR%=0.000315  (mins eff: ADX>=8.0, BBbw>=0.0010, ATR%>=0.000050)
2025-09-02 14:56:06,186 [HB] PnL=0.00 | ConsecLoss=0 | Blocked=no | ATRt=7.9
2025-09-02 14:56:06,186 [REGIME] ADX=28.4  BBbw=0.0016  ATR%=0.000307  (mins eff: ADX>=8.0, BBbw>=0.0010, ATR%>=0.000050)
2025-09-02 14:57:05,568 [HB] PnL=0.00 | ConsecLoss=0 | Blocked=no | ATRt=7.9
2025-09-02 14:57:05,569 [REGIME] ADX=30.2  BBbw=0.0018  ATR%=0.000307  (mins eff: ADX>=8.0, BBbw>=0.0010, ATR%>=0.000050)
2025-09-02 14:57:05,569 [FLAT] Enforced flat time; blocking entries.
2025-09-02 14:58:05,869 [HB] PnL=0.00 | ConsecLoss=0 | Blocked=no | ATRt=8.0
2025-09-02 14:58:05,869 [REGIME] ADX=30.9  BBbw=0.0019  ATR%=0.000310  (mins eff: ADX>=8.0, BBbw>=0.0010, ATR%>=0.000050)
2025-09-02 14:58:05,869 [FLAT] Enforced flat time; blocking entries.
2025-09-02 14:59:05,606 [HB] PnL=0.00 | ConsecLoss=0 | Blocked=no | ATRt=8.0
2025-09-02 14:59:05,606 [REGIME] ADX=31.2  BBbw=0.0019  ATR%=0.000310  (mins eff: ADX>=8.0, BBbw>=0.0010, ATR%>=0.000050)
2025-09-02 14:59:05,607 [FLAT] Enforced flat time; blocking entries.
2025-09-02 15:00:05,998 [HB] PnL=0.00 | ConsecLoss=0 | Blocked=no | ATRt=8.3
2025-09-02 15:00:05,999 [REGIME] ADX=31.9  BBbw=0.0020  ATR%=0.000324  (mins eff: ADX>=8.0, BBbw>=0.0010, ATR%>=0.000050)
2025-09-02 15:00:05,999 [FLAT] Enforced flat time; blocking entries.
2025-09-02 15:01:05,726 [HB] PnL=0.00 | ConsecLoss=0 | Blocked=no | ATRt=8.2
2025-09-02 15:01:05,726 [REGIME] ADX=32.6  BBbw=0.0021  ATR%=0.000318  (mins eff: ADX>=8.0, BBbw>=0.0010, ATR%>=0.000050)
2025-09-02 15:01:05,727 [FLAT] Enforced flat time; blocking entries.
2025-09-02 15:02:06,106 [HB] PnL=0.00 | ConsecLoss=0 | Blocked=no | ATRt=7.9
2025-09-02 15:02:06,106 [REGIME] ADX=32.6  BBbw=0.0021  ATR%=0.000309  (mins eff: ADX>=8.0, BBbw>=0.0010, ATR%>=0.000050)
2025-09-02 15:02:06,107 [FLAT] Enforced flat time; blocking entries.
2025-09-02 15:03:06,439 [HB] PnL=0.00 | ConsecLoss=0 | Blocked=no | ATRt=7.7
2025-09-02 15:03:06,439 [REGIME] ADX=32.1  BBbw=0.0021  ATR%=0.000298  (mins eff: ADX>=8.0, BBbw>=0.0010, ATR%>=0.000050)
2025-09-02 15:03:06,440 [FLAT] Enforced flat time; blocking entries.
2025-09-02 15:04:06,096 [HB] PnL=0.00 | ConsecLoss=0 | Blocked=no | ATRt=7.4
2025-09-02 15:04:06,097 [REGIME] ADX=31.8  BBbw=0.0020  ATR%=0.000288  (mins eff: ADX>=8.0, BBbw>=0.0010, ATR%>=0.000050)
2025-09-02 15:04:06,097 [FLAT] Enforced flat time; blocking entries.
2025-09-02 15:05:06,493 [HB] PnL=0.00 | ConsecLoss=0 | Blocked=no | ATRt=7.2
2025-09-02 15:05:06,494 [REGIME] ADX=31.7  BBbw=0.0020  ATR%=0.000278  (mins eff: ADX>=8.0, BBbw>=0.0010, ATR%>=0.000050)
2025-09-02 15:05:06,494 [FLAT] Enforced flat time; blocking entries.
2025-09-02 15:06:06,841 [HB] PnL=0.00 | ConsecLoss=0 | Blocked=no | ATRt=7.1
2025-09-02 15:06:06,842 [REGIME] ADX=32.0  BBbw=0.0017  ATR%=0.000275  (mins eff: ADX>=8.0, BBbw>=0.0010, ATR%>=0.000050)
2025-09-02 15:06:06,842 [FLAT] Enforced flat time; blocking entries.
2025-09-02 15:07:06,484 [HB] PnL=0.00 | ConsecLoss=0 | Blocked=no | ATRt=6.6
2025-09-02 15:07:06,485 [REGIME] ADX=32.2  BBbw=0.0015  ATR%=0.000258  (mins eff: ADX>=8.0, BBbw>=0.0010, ATR%>=0.000050)
2025-09-02 15:07:06,485 [FLAT] Enforced flat time; blocking entries.
2025-09-02 15:08:06,192 [HB] PnL=0.00 | ConsecLoss=0 | Blocked=no | ATRt=7.7
2025-09-02 15:08:06,193 [REGIME] ADX=34.0  BBbw=0.0015  ATR%=0.000298  (mins eff: ADX>=8.0, BBbw>=0.0010, ATR%>=0.000050)
2025-09-02 15:08:06,193 [FLAT] Enforced flat time; blocking entries.
2025-09-02 15:09:05,870 [HB] PnL=0.00 | ConsecLoss=0 | Blocked=no | ATRt=8.6
2025-09-02 15:09:05,871 [REGIME] ADX=36.4  BBbw=0.0018  ATR%=0.000335  (mins eff: ADX>=8.0, BBbw>=0.0010, ATR%>=0.000050)
2025-09-02 15:09:05,871 [FLAT] Enforced flat time; blocking entries.
2025-09-02 15:10:05,482 [HB] PnL=0.00 | ConsecLoss=0 | Blocked=no | ATRt=10.4
2025-09-02 15:10:05,484 [REGIME] ADX=39.3  BBbw=0.0027  ATR%=0.000405  (mins eff: ADX>=8.0, BBbw>=0.0010, ATR%>=0.000050)
2025-09-02 15:10:05,484 [FLAT] Enforced flat time; blocking entries.
2025-09-02 15:11:05,914 [HB] PnL=0.00 | ConsecLoss=0 | Blocked=no | ATRt=10.0
2025-09-02 15:11:05,914 [REGIME] ADX=41.3  BBbw=0.0031  ATR%=0.000390  (mins eff: ADX>=8.0, BBbw>=0.0010, ATR%>=0.000050)
2025-09-02 15:11:05,915 [FLAT] Enforced flat time; blocking entries.
2025-09-02 15:12:05,843 [HB] PnL=0.00 | ConsecLoss=0 | Blocked=no | ATRt=10.1
2025-09-02 15:12:05,843 [REGIME] ADX=41.9  BBbw=0.0033  ATR%=0.000393  (mins eff: ADX>=8.0, BBbw>=0.0010, ATR%>=0.000050)
2025-09-02 15:12:05,844 [FLAT] Enforced flat time; blocking entries.
2025-09-02 15:13:06,544 [HB] PnL=0.00 | ConsecLoss=0 | Blocked=no | ATRt=9.9
2025-09-02 15:13:06,545 [REGIME] ADX=42.7  BBbw=0.0035  ATR%=0.000384  (mins eff: ADX>=8.0, BBbw>=0.0010, ATR%>=0.000050)
2025-09-02 15:13:06,545 [FLAT] Enforced flat time; blocking entries.
2025-09-02 15:14:06,111 [HB] PnL=0.00 | ConsecLoss=0 | Blocked=no | ATRt=9.6
2025-09-02 15:14:06,112 [REGIME] ADX=42.8  BBbw=0.0036  ATR%=0.000373  (mins eff: ADX>=8.0, BBbw>=0.0010, ATR%>=0.000050)
2025-09-02 15:14:06,112 [FLAT] Enforced flat time; blocking entries.
2025-09-02 15:15:06,737 [HB] PnL=0.00 | ConsecLoss=0 | Blocked=no | ATRt=9.4
2025-09-02 15:15:06,738 [REGIME] ADX=43.2  BBbw=0.0037  ATR%=0.000363  (mins eff: ADX>=8.0, BBbw>=0.0010, ATR%>=0.000050)
2025-09-02 15:15:06,739 [FLAT] Enforced flat time; blocking entries.
2025-09-02 15:16:06,344 [HB] PnL=0.00 | ConsecLoss=0 | Blocked=no | ATRt=8.8
2025-09-02 15:16:06,345 [REGIME] ADX=43.3  BBbw=0.0038  ATR%=0.000343  (mins eff: ADX>=8.0, BBbw>=0.0010, ATR%>=0.000050)
2025-09-02 15:16:06,345 [FLAT] Enforced flat time; blocking entries.
2025-09-02 15:17:05,975 [HB] PnL=0.00 | ConsecLoss=0 | Blocked=no | ATRt=8.8
2025-09-02 15:17:05,976 [REGIME] ADX=43.8  BBbw=0.0039  ATR%=0.000340  (mins eff: ADX>=8.0, BBbw>=0.0010, ATR%>=0.000050)
2025-09-02 15:17:05,976 [FLAT] Enforced flat time; blocking entries.
2025-09-02 15:18:05,928 [HB] PnL=0.00 | ConsecLoss=0 | Blocked=no | ATRt=8.6
2025-09-02 15:18:05,928 [REGIME] ADX=44.4  BBbw=0.0041  ATR%=0.000333  (mins eff: ADX>=8.0, BBbw>=0.0010, ATR%>=0.000050)
2025-09-02 15:18:05,929 [FLAT] Enforced flat time; blocking entries.
2025-09-02 15:19:06,480 [HB] PnL=0.00 | ConsecLoss=0 | Blocked=no | ATRt=8.1
2025-09-02 15:19:06,481 [REGIME] ADX=45.1  BBbw=0.0041  ATR%=0.000314  (mins eff: ADX>=8.0, BBbw>=0.0010, ATR%>=0.000050)
2025-09-02 15:19:06,482 [FLAT] Enforced flat time; blocking entries.
2025-09-02 15:20:06,191 [HB] PnL=0.00 | ConsecLoss=0 | Blocked=no | ATRt=7.8
2025-09-02 15:20:06,191 [REGIME] ADX=45.7  BBbw=0.0042  ATR%=0.000303  (mins eff: ADX>=8.0, BBbw>=0.0010, ATR%>=0.000050)
2025-09-02 15:20:06,191 [FLAT] Enforced flat time; blocking entries.
2025-09-02 15:21:05,840 [HB] PnL=0.00 | ConsecLoss=0 | Blocked=no | ATRt=7.6
2025-09-02 15:21:05,841 [REGIME] ADX=46.2  BBbw=0.0042  ATR%=0.000295  (mins eff: ADX>=8.0, BBbw>=0.0010, ATR%>=0.000050)
2025-09-02 15:21:05,841 [FLAT] Enforced flat time; blocking entries.
2025-09-02 15:22:06,454 [HB] PnL=0.00 | ConsecLoss=0 | Blocked=no | ATRt=7.7
2025-09-02 15:22:06,455 [REGIME] ADX=47.0  BBbw=0.0041  ATR%=0.000299  (mins eff: ADX>=8.0, BBbw>=0.0010, ATR%>=0.000050)
2025-09-02 15:22:06,455 [FLAT] Enforced flat time; blocking entries.
2025-09-02 15:23:06,368 [HB] PnL=0.00 | ConsecLoss=0 | Blocked=no | ATRt=7.8
2025-09-02 15:23:06,369 [REGIME] ADX=46.4  BBbw=0.0038  ATR%=0.000303  (mins eff: ADX>=8.0, BBbw>=0.0010, ATR%>=0.000050)
2025-09-02 15:23:06,370 [FLAT] Enforced flat time; blocking entries.
2025-09-02 15:24:06,131 [HB] PnL=0.00 | ConsecLoss=0 | Blocked=no | ATRt=7.8
2025-09-02 15:24:06,132 [REGIME] ADX=46.3  BBbw=0.0035  ATR%=0.000303  (mins eff: ADX>=8.0, BBbw>=0.0010, ATR%>=0.000050)
2025-09-02 15:24:06,132 [FLAT] Enforced flat time; blocking entries.
2025-09-02 15:25:06,518 [HB] PnL=0.00 | ConsecLoss=0 | Blocked=no | ATRt=7.4
2025-09-02 15:25:06,519 [REGIME] ADX=46.2  BBbw=0.0031  ATR%=0.000287  (mins eff: ADX>=8.0, BBbw>=0.0010, ATR%>=0.000050)
2025-09-02 15:25:06,520 [FLAT] Enforced flat time; blocking entries.
2025-09-02 15:26:06,094 [HB] PnL=0.00 | ConsecLoss=0 | Blocked=no | ATRt=7.3
2025-09-02 15:26:06,095 [REGIME] ADX=46.5  BBbw=0.0027  ATR%=0.000283  (mins eff: ADX>=8.0, BBbw>=0.0010, ATR%>=0.000050)
2025-09-02 15:26:06,096 [FLAT] Enforced flat time; blocking entries.
2025-09-02 15:27:06,702 [HB] PnL=0.00 | ConsecLoss=0 | Blocked=no | ATRt=7.0
2025-09-02 15:27:06,702 [REGIME] ADX=46.3  BBbw=0.0020  ATR%=0.000271  (mins eff: ADX>=8.0, BBbw>=0.0010, ATR%>=0.000050)
2025-09-02 15:27:06,702 [FLAT] Enforced flat time; blocking entries.
2025-09-02 15:28:06,272 [HB] PnL=0.00 | ConsecLoss=0 | Blocked=no | ATRt=6.8
2025-09-02 15:28:06,272 [REGIME] ADX=46.3  BBbw=0.0016  ATR%=0.000266  (mins eff: ADX>=8.0, BBbw>=0.0010, ATR%>=0.000050)
2025-09-02 15:28:06,273 [FLAT] Enforced flat time; blocking entries.
2025-09-02 15:29:06,173 [HB] PnL=0.00 | ConsecLoss=0 | Blocked=no | ATRt=7.1
2025-09-02 15:29:06,173 [REGIME] ADX=45.0  BBbw=0.0014  ATR%=0.000275  (mins eff: ADX>=8.0, BBbw>=0.0010, ATR%>=0.000050)
2025-09-02 15:29:06,174 [FLAT] Enforced flat time; blocking entries.
2025-09-02 15:30:06,834 [HB] PnL=0.00 | ConsecLoss=0 | Blocked=no | ATRt=6.9
2025-09-02 15:30:06,835 [REGIME] ADX=44.0  BBbw=0.0014  ATR%=0.000266  (mins eff: ADX>=8.0, BBbw>=0.0010, ATR%>=0.000050)
2025-09-02 15:30:06,835 [FLAT] Enforced flat time; blocking entries.
2025-09-02 15:31:05,890 [HB] PnL=0.00 | ConsecLoss=0 | Blocked=no | ATRt=6.9
2025-09-02 15:31:05,890 [REGIME] ADX=42.5  BBbw=0.0014  ATR%=0.000266  (mins eff: ADX>=8.0, BBbw>=0.0010, ATR%>=0.000050)
2025-09-02 15:31:05,891 [FLAT] Enforced flat time; blocking entries.
2025-09-02 15:32:06,266 [HB] PnL=0.00 | ConsecLoss=0 | Blocked=no | ATRt=6.7
2025-09-02 15:32:06,266 [REGIME] ADX=40.6  BBbw=0.0012  ATR%=0.000261  (mins eff: ADX>=8.0, BBbw>=0.0010, ATR%>=0.000050)
2025-09-02 15:32:06,267 [FLAT] Enforced flat time; blocking entries.
2025-09-02 15:33:06,691 [HB] PnL=0.00 | ConsecLoss=0 | Blocked=no | ATRt=6.3
2025-09-02 15:33:06,692 [REGIME] ADX=39.0  BBbw=0.0012  ATR%=0.000245  (mins eff: ADX>=8.0, BBbw>=0.0010, ATR%>=0.000050)
2025-09-02 15:33:06,693 [FLAT] Enforced flat time; blocking entries.
2025-09-02 15:34:06,395 [HB] PnL=0.00 | ConsecLoss=0 | Blocked=no | ATRt=6.4
2025-09-02 15:34:06,395 [REGIME] ADX=37.9  BBbw=0.0010  ATR%=0.000247  (mins eff: ADX>=8.0, BBbw>=0.0010, ATR%>=0.000050)
2025-09-02 15:34:06,396 [FLAT] Enforced flat time; blocking entries.
2025-09-02 15:35:06,707 [HB] PnL=0.00 | ConsecLoss=0 | Blocked=no | ATRt=6.1
2025-09-02 15:35:06,708 [REGIME] ADX=36.8  BBbw=0.0009  ATR%=0.000235  (mins eff: ADX>=8.0, BBbw>=0.0010, ATR%>=0.000050)
2025-09-02 15:35:06,709 [Gate] Regime fail
2025-09-02 15:36:06,677 [HB] PnL=0.00 | ConsecLoss=0 | Blocked=no | ATRt=5.9
2025-09-02 15:36:06,678 [REGIME] ADX=35.4  BBbw=0.0007  ATR%=0.000229  (mins eff: ADX>=8.0, BBbw>=0.0010, ATR%>=0.000050)
2025-09-02 15:36:06,678 [Gate] Regime fail
2025-09-02 15:37:06,369 [HB] PnL=0.00 | ConsecLoss=0 | Blocked=no | ATRt=5.7
2025-09-02 15:37:06,370 [REGIME] ADX=34.4  BBbw=0.0006  ATR%=0.000221  (mins eff: ADX>=8.0, BBbw>=0.0010, ATR%>=0.000050)
2025-09-02 15:37:06,370 [Gate] Regime fail
2025-09-02 15:38:06,863 [HB] PnL=0.00 | ConsecLoss=0 | Blocked=no | ATRt=5.4
2025-09-02 15:38:06,864 [REGIME] ADX=33.3  BBbw=0.0006  ATR%=0.000208  (mins eff: ADX>=8.0, BBbw>=0.0010, ATR%>=0.000050)
2025-09-02 15:38:06,864 [Gate] Regime fail
2025-09-02 15:39:06,777 [HB] PnL=0.00 | ConsecLoss=0 | Blocked=no | ATRt=5.1
2025-09-02 15:39:06,777 [REGIME] ADX=32.0  BBbw=0.0006  ATR%=0.000199  (mins eff: ADX>=8.0, BBbw>=0.0010, ATR%>=0.000050)
2025-09-02 15:39:06,777 [Gate] Regime fail
2025-09-02 15:40:06,372 [HB] PnL=0.00 | ConsecLoss=0 | Blocked=no | ATRt=4.8
2025-09-02 15:40:06,372 [REGIME] ADX=30.7  BBbw=0.0006  ATR%=0.000185  (mins eff: ADX>=8.0, BBbw>=0.0010, ATR%>=0.000050)
2025-09-02 15:40:06,372 [Gate] Regime fail
2025-09-02 15:41:06,816 [HB] PnL=0.00 | ConsecLoss=0 | Blocked=no | ATRt=4.6
2025-09-02 15:41:06,816 [REGIME] ADX=29.8  BBbw=0.0006  ATR%=0.000177  (mins eff: ADX>=8.0, BBbw>=0.0010, ATR%>=0.000050)
2025-09-02 15:41:06,816 [Gate] Regime fail
2025-09-02 15:42:06,395 [HB] PnL=0.00 | ConsecLoss=0 | Blocked=no | ATRt=4.6
2025-09-02 15:42:06,395 [REGIME] ADX=28.3  BBbw=0.0006  ATR%=0.000178  (mins eff: ADX>=8.0, BBbw>=0.0010, ATR%>=0.000050)
2025-09-02 15:42:06,395 [Gate] Regime fail
2025-09-02 15:43:06,740 [HB] PnL=0.00 | ConsecLoss=0 | Blocked=no | ATRt=4.5
2025-09-02 15:43:06,741 [REGIME] ADX=27.3  BBbw=0.0006  ATR%=0.000174  (mins eff: ADX>=8.0, BBbw>=0.0010, ATR%>=0.000050)
2025-09-02 15:43:06,741 [Gate] Regime fail
2025-09-02 15:44:06,379 [HB] PnL=0.00 | ConsecLoss=0 | Blocked=no | ATRt=4.3
2025-09-02 15:44:06,380 [REGIME] ADX=26.7  BBbw=0.0006  ATR%=0.000167  (mins eff: ADX>=8.0, BBbw>=0.0010, ATR%>=0.000050)
2025-09-02 15:44:06,380 [Gate] Regime fail
2025-09-02 15:45:06,036 [HB] PnL=0.00 | ConsecLoss=0 | Blocked=no | ATRt=4.2
2025-09-02 15:45:06,036 [REGIME] ADX=26.3  BBbw=0.0006  ATR%=0.000163  (mins eff: ADX>=8.0, BBbw>=0.0010, ATR%>=0.000050)
2025-09-02 15:45:06,037 [Gate] Regime fail
2025-09-02 15:46:06,411 [HB] PnL=0.00 | ConsecLoss=0 | Blocked=no | ATRt=4.2
2025-09-02 15:46:06,411 [REGIME] ADX=26.4  BBbw=0.0005  ATR%=0.000163  (mins eff: ADX>=8.0, BBbw>=0.0010, ATR%>=0.000050)
2025-09-02 15:46:06,412 [Gate] Regime fail
2025-09-02 15:47:06,852 [HB] PnL=0.00 | ConsecLoss=0 | Blocked=no | ATRt=4.3
2025-09-02 15:47:06,853 [REGIME] ADX=25.4  BBbw=0.0005  ATR%=0.000168  (mins eff: ADX>=8.0, BBbw>=0.0010, ATR%>=0.000050)
2025-09-02 15:47:06,853 [Gate] Regime fail
2025-09-02 15:48:06,711 [HB] PnL=0.00 | ConsecLoss=0 | Blocked=no | ATRt=4.3
2025-09-02 15:48:06,712 [REGIME] ADX=25.0  BBbw=0.0005  ATR%=0.000167  (mins eff: ADX>=8.0, BBbw>=0.0010, ATR%>=0.000050)
2025-09-02 15:48:06,712 [Gate] Regime fail
2025-09-02 15:49:06,696 [HB] PnL=0.00 | ConsecLoss=0 | Blocked=no | ATRt=4.1
2025-09-02 15:49:06,696 [REGIME] ADX=24.7  BBbw=0.0005  ATR%=0.000161  (mins eff: ADX>=8.0, BBbw>=0.0010, ATR%>=0.000050)
2025-09-02 15:49:06,697 [Gate] Regime fail
2025-09-02 15:50:06,284 [HB] PnL=0.00 | ConsecLoss=0 | Blocked=no | ATRt=4.1
2025-09-02 15:50:06,285 [REGIME] ADX=24.6  BBbw=0.0005  ATR%=0.000157  (mins eff: ADX>=8.0, BBbw>=0.0010, ATR%>=0.000050)
2025-09-02 15:50:06,285 [Gate] Regime fail
2025-09-02 15:51:06,609 [HB] PnL=0.00 | ConsecLoss=0 | Blocked=no | ATRt=3.8
2025-09-02 15:51:06,609 [REGIME] ADX=24.4  BBbw=0.0005  ATR%=0.000146  (mins eff: ADX>=8.0, BBbw>=0.0010, ATR%>=0.000050)
2025-09-02 15:51:06,609 [Gate] Regime fail
2025-09-02 15:52:06,375 [HB] PnL=0.00 | ConsecLoss=0 | Blocked=no | ATRt=3.9
2025-09-02 15:52:06,375 [REGIME] ADX=24.9  BBbw=0.0006  ATR%=0.000149  (mins eff: ADX>=8.0, BBbw>=0.0010, ATR%>=0.000050)
2025-09-02 15:52:06,376 [Gate] Regime fail
2025-09-02 15:53:06,148 [HB] PnL=0.00 | ConsecLoss=0 | Blocked=no | ATRt=3.9
2025-09-02 15:53:06,149 [REGIME] ADX=24.8  BBbw=0.0006  ATR%=0.000150  (mins eff: ADX>=8.0, BBbw>=0.0010, ATR%>=0.000050)
2025-09-02 15:53:06,149 [Gate] Regime fail
2025-09-02 15:54:06,458 [HB] PnL=0.00 | ConsecLoss=0 | Blocked=no | ATRt=3.7
2025-09-02 15:54:06,459 [REGIME] ADX=24.9  BBbw=0.0006  ATR%=0.000145  (mins eff: ADX>=8.0, BBbw>=0.0010, ATR%>=0.000050)
2025-09-02 15:54:06,459 [Gate] Regime fail
2025-09-02 15:55:06,162 [HB] PnL=0.00 | ConsecLoss=0 | Blocked=no | ATRt=4.0
2025-09-02 15:55:06,162 [REGIME] ADX=25.7  BBbw=0.0008  ATR%=0.000154  (mins eff: ADX>=8.0, BBbw>=0.0010, ATR%>=0.000050)
2025-09-02 15:55:06,163 [Gate] Regime fail
2025-09-02 15:56:06,467 [HB] PnL=0.00 | ConsecLoss=0 | Blocked=no | ATRt=4.0
2025-09-02 15:56:06,467 [REGIME] ADX=26.1  BBbw=0.0008  ATR%=0.000154  (mins eff: ADX>=8.0, BBbw>=0.0010, ATR%>=0.000050)
2025-09-02 15:56:06,468 [Gate] Regime fail
2025-09-02 15:57:06,092 [HB] PnL=0.00 | ConsecLoss=0 | Blocked=no | ATRt=4.0
2025-09-02 15:57:06,092 [REGIME] ADX=26.7  BBbw=0.0009  ATR%=0.000154  (mins eff: ADX>=8.0, BBbw>=0.0010, ATR%>=0.000050)
2025-09-02 15:57:06,093 [Gate] Regime fail
2025-09-02 15:58:06,583 [HB] PnL=0.00 | ConsecLoss=0 | Blocked=no | ATRt=3.8
2025-09-02 15:58:06,584 [REGIME] ADX=27.2  BBbw=0.0010  ATR%=0.000146  (mins eff: ADX>=8.0, BBbw>=0.0010, ATR%>=0.000050)
2025-09-02 15:58:06,584 [Gate] Regime fail
2025-09-02 15:59:06,338 [HB] PnL=0.00 | ConsecLoss=0 | Blocked=no | ATRt=3.6
2025-09-02 15:59:06,338 [REGIME] ADX=27.2  BBbw=0.0010  ATR%=0.000141  (mins eff: ADX>=8.0, BBbw>=0.0010, ATR%>=0.000050)
2025-09-02 15:59:06,339 [Gate] ATRt<4.0
2025-09-02 17:00:02,273 [HB] PnL=0.00 | ConsecLoss=0 | Blocked=no | ATRt=3.7
2025-09-02 17:00:02,273 [REGIME] ADX=27.9  BBbw=0.0011  ATR%=0.000145  (mins eff: ADX>=8.0, BBbw>=0.0010, ATR%>=0.000050)
2025-09-02 17:00:02,274 [Gate] ATRt<4.0
2025-09-02 17:01:06,141 [HB] PnL=0.00 | ConsecLoss=0 | Blocked=no | ATRt=4.2
2025-09-02 17:01:06,141 [REGIME] ADX=27.4  BBbw=0.0011  ATR%=0.000162  (mins eff: ADX>=8.0, BBbw>=0.0010, ATR%>=0.000050)
2025-09-02 17:01:06,141 [FLAT] Enforced flat time; blocking entries.
2025-09-02 17:02:06,340 [HB] PnL=0.00 | ConsecLoss=0 | Blocked=no | ATRt=4.2
2025-09-02 17:02:06,340 [REGIME] ADX=26.9  BBbw=0.0010  ATR%=0.000162  (mins eff: ADX>=8.0, BBbw>=0.0010, ATR%>=0.000050)
2025-09-02 17:02:06,340 [FLAT] Enforced flat time; blocking entries.
2025-09-02 17:03:06,796 [HB] PnL=0.00 | ConsecLoss=0 | Blocked=no | ATRt=4.0
2025-09-02 17:03:06,796 [REGIME] ADX=26.0  BBbw=0.0009  ATR%=0.000156  (mins eff: ADX>=8.0, BBbw>=0.0010, ATR%>=0.000050)
2025-09-02 17:03:06,797 [Gate] Regime fail
2025-09-02 17:04:06,452 [HB] PnL=0.00 | ConsecLoss=0 | Blocked=no | ATRt=4.0
2025-09-02 17:04:06,452 [REGIME] ADX=24.4  BBbw=0.0009  ATR%=0.000156  (mins eff: ADX>=8.0, BBbw>=0.0010, ATR%>=0.000050)
2025-09-02 17:04:06,452 [Gate] Regime fail
2025-09-02 17:05:06,084 [HB] PnL=0.00 | ConsecLoss=0 | Blocked=no | ATRt=3.7
2025-09-02 17:05:06,084 [REGIME] ADX=23.0  BBbw=0.0008  ATR%=0.000144  (mins eff: ADX>=8.0, BBbw>=0.0010, ATR%>=0.000050)
2025-09-02 17:05:06,084 [Gate] Regime fail
2025-09-02 17:06:06,429 [HB] PnL=0.00 | ConsecLoss=0 | Blocked=no | ATRt=3.6
2025-09-02 17:06:06,430 [REGIME] ADX=21.6  BBbw=0.0008  ATR%=0.000140  (mins eff: ADX>=8.0, BBbw>=0.0010, ATR%>=0.000050)
2025-09-02 17:06:06,430 [Gate] Regime fail
2025-09-02 17:07:06,250 [HB] PnL=0.00 | ConsecLoss=0 | Blocked=no | ATRt=3.8
2025-09-02 17:07:06,251 [REGIME] ADX=20.9  BBbw=0.0008  ATR%=0.000149  (mins eff: ADX>=8.0, BBbw>=0.0010, ATR%>=0.000050)
2025-09-02 17:07:06,251 [Gate] Regime fail
2025-09-02 17:08:06,551 [HB] PnL=0.00 | ConsecLoss=0 | Blocked=no | ATRt=3.7
2025-09-02 17:08:06,552 [REGIME] ADX=19.9  BBbw=0.0009  ATR%=0.000144  (mins eff: ADX>=8.0, BBbw>=0.0010, ATR%>=0.000050)
2025-09-02 17:08:06,552 [Gate] Regime fail
2025-09-02 17:09:06,245 [HB] PnL=0.00 | ConsecLoss=0 | Blocked=no | ATRt=3.5
2025-09-02 17:09:06,246 [REGIME] ADX=18.9  BBbw=0.0009  ATR%=0.000136  (mins eff: ADX>=8.0, BBbw>=0.0010, ATR%>=0.000050)
2025-09-02 17:09:06,246 [Gate] Regime fail
2025-09-02 17:10:06,539 [HB] PnL=0.00 | ConsecLoss=0 | Blocked=no | ATRt=3.3
2025-09-02 17:10:06,539 [REGIME] ADX=18.2  BBbw=0.0010  ATR%=0.000130  (mins eff: ADX>=8.0, BBbw>=0.0010, ATR%>=0.000050)
2025-09-02 17:10:06,540 [Gate] Regime fail
2025-09-02 17:11:06,390 [HB] PnL=0.00 | ConsecLoss=0 | Blocked=no | ATRt=3.2
2025-09-02 17:11:06,390 [REGIME] ADX=17.5  BBbw=0.0010  ATR%=0.000123  (mins eff: ADX>=8.0, BBbw>=0.0010, ATR%>=0.000050)
2025-09-02 17:11:06,391 [Gate] Regime fail
2025-09-02 17:12:06,719 [HB] PnL=0.00 | ConsecLoss=0 | Blocked=no | ATRt=3.0
2025-09-02 17:12:06,719 [REGIME] ADX=16.6  BBbw=0.0010  ATR%=0.000117  (mins eff: ADX>=8.0, BBbw>=0.0010, ATR%>=0.000050)
2025-09-02 17:12:06,719 [Gate] ATRt<4.0
2025-09-02 17:13:06,254 [HB] PnL=0.00 | ConsecLoss=0 | Blocked=no | ATRt=2.8
2025-09-02 17:13:06,255 [REGIME] ADX=15.8  BBbw=0.0011  ATR%=0.000109  (mins eff: ADX>=8.0, BBbw>=0.0010, ATR%>=0.000050)
2025-09-02 17:13:06,255 [Gate] ATRt<4.0
2025-09-02 17:14:06,553 [HB] PnL=0.00 | ConsecLoss=0 | Blocked=no | ATRt=2.8
2025-09-02 17:14:06,553 [REGIME] ADX=15.1  BBbw=0.0011  ATR%=0.000109  (mins eff: ADX>=8.0, BBbw>=0.0010, ATR%>=0.000050)
2025-09-02 17:14:06,553 [Gate] ATRt<4.0
2025-09-02 17:15:06,800 [HB] PnL=0.00 | ConsecLoss=0 | Blocked=no | ATRt=2.7
2025-09-02 17:15:06,802 [REGIME] ADX=14.6  BBbw=0.0011  ATR%=0.000104  (mins eff: ADX>=8.0, BBbw>=0.0010, ATR%>=0.000050)
2025-09-02 17:15:06,802 [Gate] ATRt<4.0
2025-09-02 17:16:06,336 [HB] PnL=0.00 | ConsecLoss=0 | Blocked=no | ATRt=2.9
2025-09-02 17:16:06,336 [REGIME] ADX=15.1  BBbw=0.0010  ATR%=0.000111  (mins eff: ADX>=8.0, BBbw>=0.0010, ATR%>=0.000050)
2025-09-02 17:16:06,336 [Gate] ATRt<4.0
2025-09-02 17:17:06,640 [HB] PnL=0.00 | ConsecLoss=0 | Blocked=no | ATRt=2.9
2025-09-02 17:17:06,640 [REGIME] ADX=16.0  BBbw=0.0010  ATR%=0.000114  (mins eff: ADX>=8.0, BBbw>=0.0010, ATR%>=0.000050)
2025-09-02 17:17:06,640 [Gate] ATRt<4.0
2025-09-02 17:18:06,239 [HB] PnL=0.00 | ConsecLoss=0 | Blocked=no | ATRt=2.9
2025-09-02 17:18:06,240 [REGIME] ADX=16.6  BBbw=0.0009  ATR%=0.000111  (mins eff: ADX>=8.0, BBbw>=0.0010, ATR%>=0.000050)
2025-09-02 17:18:06,240 [Gate] Regime fail
2025-09-02 17:19:06,330 [HB] PnL=0.00 | ConsecLoss=0 | Blocked=no | ATRt=3.1
2025-09-02 17:19:06,330 [REGIME] ADX=15.6  BBbw=0.0009  ATR%=0.000120  (mins eff: ADX>=8.0, BBbw>=0.0010, ATR%>=0.000050)
2025-09-02 17:19:06,331 [Gate] Regime fail
2025-09-02 17:20:06,670 [HB] PnL=0.00 | ConsecLoss=0 | Blocked=no | ATRt=3.1
2025-09-02 17:20:06,671 [REGIME] ADX=14.8  BBbw=0.0007  ATR%=0.000120  (mins eff: ADX>=8.0, BBbw>=0.0010, ATR%>=0.000050)
2025-09-02 17:20:06,671 [Gate] Regime fail
2025-09-02 17:21:06,262 [HB] PnL=0.00 | ConsecLoss=0 | Blocked=no | ATRt=3.2
2025-09-02 17:21:06,263 [REGIME] ADX=14.4  BBbw=0.0006  ATR%=0.000125  (mins eff: ADX>=8.0, BBbw>=0.0010, ATR%>=0.000050)
2025-09-02 17:21:06,264 [Gate] Regime fail
2025-09-02 17:22:06,589 [HB] PnL=0.00 | ConsecLoss=0 | Blocked=no | ATRt=3.1
2025-09-02 17:22:06,589 [REGIME] ADX=13.8  BBbw=0.0006  ATR%=0.000119  (mins eff: ADX>=8.0, BBbw>=0.0010, ATR%>=0.000050)
2025-09-02 17:22:06,589 [Gate] Regime fail
2025-09-02 17:23:06,526 [HB] PnL=0.00 | ConsecLoss=0 | Blocked=no | ATRt=2.8
2025-09-02 17:23:06,527 [REGIME] ADX=13.3  BBbw=0.0005  ATR%=0.000110  (mins eff: ADX>=8.0, BBbw>=0.0010, ATR%>=0.000050)
2025-09-02 17:23:06,527 [Gate] Regime fail
2025-09-02 17:24:06,887 [HB] PnL=0.00 | ConsecLoss=0 | Blocked=no | ATRt=2.6
2025-09-02 17:24:06,887 [REGIME] ADX=12.8  BBbw=0.0005  ATR%=0.000102  (mins eff: ADX>=8.0, BBbw>=0.0010, ATR%>=0.000050)
2025-09-02 17:24:06,887 [Gate] Regime fail
2025-09-02 17:25:06,726 [HB] PnL=0.00 | ConsecLoss=0 | Blocked=no | ATRt=2.6
2025-09-02 17:25:06,726 [REGIME] ADX=12.8  BBbw=0.0006  ATR%=0.000101  (mins eff: ADX>=8.0, BBbw>=0.0010, ATR%>=0.000050)
2025-09-02 17:25:06,727 [Gate] Regime fail
2025-09-02 17:26:06,126 [HB] PnL=0.00 | ConsecLoss=0 | Blocked=no | ATRt=2.6
2025-09-02 17:26:06,127 [REGIME] ADX=13.3  BBbw=0.0006  ATR%=0.000099  (mins eff: ADX>=8.0, BBbw>=0.0010, ATR%>=0.000050)
2025-09-02 17:26:06,127 [Gate] Regime fail
2025-09-02 17:27:06,489 [HB] PnL=0.00 | ConsecLoss=0 | Blocked=no | ATRt=2.5
2025-09-02 17:27:06,489 [REGIME] ADX=14.0  BBbw=0.0006  ATR%=0.000098  (mins eff: ADX>=8.0, BBbw>=0.0010, ATR%>=0.000050)
2025-09-02 17:27:06,490 [Gate] Regime fail
2025-09-02 17:28:06,359 [HB] PnL=0.00 | ConsecLoss=0 | Blocked=no | ATRt=2.4
2025-09-02 17:28:06,360 [REGIME] ADX=14.6  BBbw=0.0006  ATR%=0.000093  (mins eff: ADX>=8.0, BBbw>=0.0010, ATR%>=0.000050)
2025-09-02 17:28:06,360 [Gate] Regime fail
2025-09-02 17:29:06,661 [HB] PnL=0.00 | ConsecLoss=0 | Blocked=no | ATRt=2.4
2025-09-02 17:29:06,661 [REGIME] ADX=14.5  BBbw=0.0006  ATR%=0.000095  (mins eff: ADX>=8.0, BBbw>=0.0010, ATR%>=0.000050)
2025-09-02 17:29:06,661 [Gate] Regime fail
2025-09-02 17:30:06,265 [HB] PnL=0.00 | ConsecLoss=0 | Blocked=no | ATRt=2.4
2025-09-02 17:30:06,265 [REGIME] ADX=13.7  BBbw=0.0006  ATR%=0.000094  (mins eff: ADX>=8.0, BBbw>=0.0010, ATR%>=0.000050)
2025-09-02 17:30:06,265 [Gate] Regime fail
2025-09-02 17:31:06,573 [HB] PnL=0.00 | ConsecLoss=0 | Blocked=no | ATRt=2.3
2025-09-02 17:31:06,573 [REGIME] ADX=13.0  BBbw=0.0006  ATR%=0.000090  (mins eff: ADX>=8.0, BBbw>=0.0010, ATR%>=0.000050)
2025-09-02 17:31:06,574 [Gate] Regime fail
2025-09-02 17:32:06,255 [HB] PnL=0.00 | ConsecLoss=0 | Blocked=no | ATRt=2.5
2025-09-02 17:32:06,256 [REGIME] ADX=13.2  BBbw=0.0007  ATR%=0.000097  (mins eff: ADX>=8.0, BBbw>=0.0010, ATR%>=0.000050)
2025-09-02 17:32:06,256 [Gate] Regime fail
2025-09-02 17:33:06,867 [HB] PnL=0.00 | ConsecLoss=0 | Blocked=no | ATRt=2.7
2025-09-02 17:33:06,867 [REGIME] ADX=12.3  BBbw=0.0007  ATR%=0.000104  (mins eff: ADX>=8.0, BBbw>=0.0010, ATR%>=0.000050)
2025-09-02 17:33:06,867 [Gate] Regime fail
2025-09-02 17:34:06,621 [HB] PnL=0.00 | ConsecLoss=0 | Blocked=no | ATRt=2.9
2025-09-02 17:34:06,621 [REGIME] ADX=12.7  BBbw=0.0007  ATR%=0.000113  (mins eff: ADX>=8.0, BBbw>=0.0010, ATR%>=0.000050)
2025-09-02 17:34:06,622 [Gate] Regime fail
2025-09-02 17:35:06,879 [HB] PnL=0.00 | ConsecLoss=0 | Blocked=no | ATRt=2.9
2025-09-02 17:35:06,880 [REGIME] ADX=12.6  BBbw=0.0007  ATR%=0.000111  (mins eff: ADX>=8.0, BBbw>=0.0010, ATR%>=0.000050)
2025-09-02 17:35:06,880 [Gate] Regime fail
2025-09-02 17:36:06,425 [HB] PnL=0.00 | ConsecLoss=0 | Blocked=no | ATRt=2.8
2025-09-02 17:36:06,426 [REGIME] ADX=12.5  BBbw=0.0007  ATR%=0.000108  (mins eff: ADX>=8.0, BBbw>=0.0010, ATR%>=0.000050)
2025-09-02 17:36:06,426 [Gate] Regime fail
2025-09-02 17:37:06,725 [HB] PnL=0.00 | ConsecLoss=0 | Blocked=no | ATRt=3.0
2025-09-02 17:37:06,725 [REGIME] ADX=11.8  BBbw=0.0006  ATR%=0.000115  (mins eff: ADX>=8.0, BBbw>=0.0010, ATR%>=0.000050)
2025-09-02 17:37:06,726 [Gate] Regime fail
2025-09-02 17:38:06,285 [HB] PnL=0.00 | ConsecLoss=0 | Blocked=no | ATRt=3.1
2025-09-02 17:38:06,286 [REGIME] ADX=12.2  BBbw=0.0005  ATR%=0.000120  (mins eff: ADX>=8.0, BBbw>=0.0010, ATR%>=0.000050)
2025-09-02 17:38:06,286 [Gate] Regime fail
2025-09-02 17:39:06,582 [HB] PnL=0.00 | ConsecLoss=0 | Blocked=no | ATRt=2.9
2025-09-02 17:39:06,583 [REGIME] ADX=12.5  BBbw=0.0005  ATR%=0.000114  (mins eff: ADX>=8.0, BBbw>=0.0010, ATR%>=0.000050)
2025-09-02 17:39:06,583 [Gate] Regime fail
2025-09-02 17:40:06,940 [HB] PnL=0.00 | ConsecLoss=0 | Blocked=no | ATRt=3.0
2025-09-02 17:40:06,940 [REGIME] ADX=13.2  BBbw=0.0005  ATR%=0.000115  (mins eff: ADX>=8.0, BBbw>=0.0010, ATR%>=0.000050)
2025-09-02 17:40:06,941 [Gate] Regime fail
2025-09-02 17:41:06,485 [HB] PnL=0.00 | ConsecLoss=0 | Blocked=no | ATRt=3.2
2025-09-02 17:41:06,486 [REGIME] ADX=12.3  BBbw=0.0005  ATR%=0.000123  (mins eff: ADX>=8.0, BBbw>=0.0010, ATR%>=0.000050)
2025-09-02 17:41:06,486 [Gate] Regime fail
2025-09-02 17:42:06,823 [HB] PnL=0.00 | ConsecLoss=0 | Blocked=no | ATRt=3.1
2025-09-02 17:42:06,824 [REGIME] ADX=11.8  BBbw=0.0005  ATR%=0.000120  (mins eff: ADX>=8.0, BBbw>=0.0010, ATR%>=0.000050)
2025-09-02 17:42:06,825 [Gate] Regime fail
2025-09-02 17:43:06,380 [HB] PnL=0.00 | ConsecLoss=0 | Blocked=no | ATRt=2.9
2025-09-02 17:43:06,380 [REGIME] ADX=11.5  BBbw=0.0005  ATR%=0.000114  (mins eff: ADX>=8.0, BBbw>=0.0010, ATR%>=0.000050)
2025-09-02 17:43:06,381 [Gate] Regime fail
2025-09-02 17:44:06,741 [HB] PnL=0.00 | ConsecLoss=0 | Blocked=no | ATRt=2.9
2025-09-02 17:44:06,741 [REGIME] ADX=11.6  BBbw=0.0006  ATR%=0.000111  (mins eff: ADX>=8.0, BBbw>=0.0010, ATR%>=0.000050)
2025-09-02 17:44:06,742 [Gate] Regime fail
2025-09-02 17:45:06,351 [HB] PnL=0.00 | ConsecLoss=0 | Blocked=no | ATRt=2.7
2025-09-02 17:45:06,352 [REGIME] ADX=11.7  BBbw=0.0006  ATR%=0.000103  (mins eff: ADX>=8.0, BBbw>=0.0010, ATR%>=0.000050)
2025-09-02 17:45:06,352 [Gate] Regime fail
2025-09-02 17:46:06,743 [HB] PnL=0.00 | ConsecLoss=0 | Blocked=no | ATRt=2.8
2025-09-02 17:46:06,743 [REGIME] ADX=10.9  BBbw=0.0006  ATR%=0.000107  (mins eff: ADX>=8.0, BBbw>=0.0010, ATR%>=0.000050)
2025-09-02 17:46:06,744 [Gate] Regime fail
2025-09-02 17:47:06,669 [HB] PnL=0.00 | ConsecLoss=0 | Blocked=no | ATRt=2.8
2025-09-02 17:47:06,669 [REGIME] ADX=10.5  BBbw=0.0006  ATR%=0.000108  (mins eff: ADX>=8.0, BBbw>=0.0010, ATR%>=0.000050)
2025-09-02 17:47:06,670 [Gate] Regime fail
2025-09-02 17:48:06,583 [HB] PnL=0.00 | ConsecLoss=0 | Blocked=no | ATRt=2.6
2025-09-02 17:48:06,584 [REGIME] ADX=10.1  BBbw=0.0006  ATR%=0.000100  (mins eff: ADX>=8.0, BBbw>=0.0010, ATR%>=0.000050)
2025-09-02 17:48:06,584 [Gate] Regime fail
2025-09-02 17:49:06,913 [HB] PnL=0.00 | ConsecLoss=0 | Blocked=no | ATRt=2.5
2025-09-02 17:49:06,914 [REGIME] ADX=10.2  BBbw=0.0006  ATR%=0.000098  (mins eff: ADX>=8.0, BBbw>=0.0010, ATR%>=0.000050)
2025-09-02 17:49:06,914 [Gate] Regime fail
2025-09-02 17:50:06,785 [HB] PnL=0.00 | ConsecLoss=0 | Blocked=no | ATRt=2.4
2025-09-02 17:50:06,786 [REGIME] ADX=10.3  BBbw=0.0006  ATR%=0.000091  (mins eff: ADX>=8.0, BBbw>=0.0010, ATR%>=0.000050)
2025-09-02 17:50:06,786 [Gate] Regime fail
2025-09-02 17:51:06,408 [HB] PnL=0.00 | ConsecLoss=0 | Blocked=no | ATRt=2.5
2025-09-02 17:51:06,409 [REGIME] ADX=11.1  BBbw=0.0007  ATR%=0.000096  (mins eff: ADX>=8.0, BBbw>=0.0010, ATR%>=0.000050)
2025-09-02 17:51:06,409 [Gate] Regime fail
2025-09-02 17:52:06,253 [HB] PnL=0.00 | ConsecLoss=0 | Blocked=no | ATRt=2.4
2025-09-02 17:52:06,253 [REGIME] ADX=12.0  BBbw=0.0006  ATR%=0.000092  (mins eff: ADX>=8.0, BBbw>=0.0010, ATR%>=0.000050)
2025-09-02 17:52:06,254 [Gate] Regime fail
2025-09-02 17:53:06,576 [HB] PnL=0.00 | ConsecLoss=0 | Blocked=no | ATRt=2.6
2025-09-02 17:53:06,576 [REGIME] ADX=13.7  BBbw=0.0007  ATR%=0.000102  (mins eff: ADX>=8.0, BBbw>=0.0010, ATR%>=0.000050)
2025-09-02 17:53:06,576 [Gate] Regime fail
2025-09-02 17:54:06,955 [HB] PnL=0.00 | ConsecLoss=0 | Blocked=no | ATRt=2.6
2025-09-02 17:54:06,956 [REGIME] ADX=15.5  BBbw=0.0008  ATR%=0.000100  (mins eff: ADX>=8.0, BBbw>=0.0010, ATR%>=0.000050)
2025-09-02 17:54:06,956 [Gate] Regime fail
2025-09-02 17:55:06,601 [HB] PnL=0.00 | ConsecLoss=0 | Blocked=no | ATRt=2.6
2025-09-02 17:55:06,601 [REGIME] ADX=17.5  BBbw=0.0010  ATR%=0.000101  (mins eff: ADX>=8.0, BBbw>=0.0010, ATR%>=0.000050)
2025-09-02 17:55:06,601 [Gate] Regime fail
2025-09-02 17:56:06,943 [HB] PnL=0.00 | ConsecLoss=0 | Blocked=no | ATRt=2.5
2025-09-02 17:56:06,944 [REGIME] ADX=19.6  BBbw=0.0011  ATR%=0.000097  (mins eff: ADX>=8.0, BBbw>=0.0010, ATR%>=0.000050)
2025-09-02 17:56:06,944 [Gate] ATRt<4.0
2025-09-02 17:57:06,825 [HB] PnL=0.00 | ConsecLoss=0 | Blocked=no | ATRt=2.5
2025-09-02 17:57:06,826 [REGIME] ADX=21.8  BBbw=0.0012  ATR%=0.000096  (mins eff: ADX>=8.0, BBbw>=0.0010, ATR%>=0.000050)
2025-09-02 17:57:06,827 [Gate] ATRt<4.0
2025-09-02 17:58:06,614 [HB] PnL=0.00 | ConsecLoss=0 | Blocked=no | ATRt=2.6
2025-09-02 17:58:06,615 [REGIME] ADX=24.3  BBbw=0.0013  ATR%=0.000100  (mins eff: ADX>=8.0, BBbw>=0.0010, ATR%>=0.000050)
2025-09-02 17:58:06,615 [Gate] ATRt<4.0
2025-09-02 17:59:06,154 [HB] PnL=0.00 | ConsecLoss=0 | Blocked=no | ATRt=2.5
2025-09-02 17:59:06,154 [REGIME] ADX=26.2  BBbw=0.0013  ATR%=0.000098  (mins eff: ADX>=8.0, BBbw>=0.0010, ATR%>=0.000050)
2025-09-02 17:59:06,155 [Gate] ATRt<4.0
2025-09-02 18:00:06,566 [HB] PnL=0.00 | ConsecLoss=0 | Blocked=no | ATRt=2.4
2025-09-02 18:00:06,567 [REGIME] ADX=28.0  BBbw=0.0013  ATR%=0.000094  (mins eff: ADX>=8.0, BBbw>=0.0010, ATR%>=0.000050)
2025-09-02 18:00:06,567 [Gate] ATRt<4.0
2025-09-02 18:01:06,878 [HB] PnL=0.00 | ConsecLoss=0 | Blocked=no | ATRt=2.4
2025-09-02 18:01:06,878 [REGIME] ADX=29.2  BBbw=0.0013  ATR%=0.000093  (mins eff: ADX>=8.0, BBbw>=0.0010, ATR%>=0.000050)
2025-09-02 18:01:06,879 [Gate] ATRt<4.0
2025-09-02 18:02:06,594 [HB] PnL=0.00 | ConsecLoss=0 | Blocked=no | ATRt=2.3
2025-09-02 18:02:06,594 [REGIME] ADX=30.0  BBbw=0.0013  ATR%=0.000089  (mins eff: ADX>=8.0, BBbw>=0.0010, ATR%>=0.000050)
2025-09-02 18:02:06,594 [Gate] ATRt<4.0
2025-09-02 18:03:06,454 [HB] PnL=0.00 | ConsecLoss=0 | Blocked=no | ATRt=2.1
2025-09-02 18:03:06,455 [REGIME] ADX=30.7  BBbw=0.0013  ATR%=0.000083  (mins eff: ADX>=8.0, BBbw>=0.0010, ATR%>=0.000050)
2025-09-02 18:03:06,455 [Gate] ATRt<4.0
2025-09-02 18:04:06,804 [HB] PnL=0.00 | ConsecLoss=0 | Blocked=no | ATRt=2.0
2025-09-02 18:04:06,804 [REGIME] ADX=30.9  BBbw=0.0013  ATR%=0.000080  (mins eff: ADX>=8.0, BBbw>=0.0010, ATR%>=0.000050)
2025-09-02 18:04:06,805 [Gate] ATRt<4.0
2025-09-02 18:05:06,375 [HB] PnL=0.00 | ConsecLoss=0 | Blocked=no | ATRt=2.0
2025-09-02 18:05:06,376 [REGIME] ADX=31.5  BBbw=0.0012  ATR%=0.000079  (mins eff: ADX>=8.0, BBbw>=0.0010, ATR%>=0.000050)
2025-09-02 18:05:06,377 [Gate] ATRt<4.0
2025-09-02 18:06:06,611 [HB] PnL=0.00 | ConsecLoss=0 | Blocked=no | ATRt=1.9
2025-09-02 18:06:06,613 [REGIME] ADX=32.1  BBbw=0.0012  ATR%=0.000074  (mins eff: ADX>=8.0, BBbw>=0.0010, ATR%>=0.000050)
2025-09-02 18:06:06,614 [Gate] ATRt<4.0
2025-09-02 18:07:06,309 [HB] PnL=0.00 | ConsecLoss=0 | Blocked=no | ATRt=1.8
2025-09-02 18:07:06,310 [REGIME] ADX=32.2  BBbw=0.0011  ATR%=0.000071  (mins eff: ADX>=8.0, BBbw>=0.0010, ATR%>=0.000050)
2025-09-02 18:07:06,310 [Gate] ATRt<4.0
2025-09-02 18:08:06,584 [HB] PnL=0.00 | ConsecLoss=0 | Blocked=no | ATRt=1.8
2025-09-02 18:08:06,585 [REGIME] ADX=32.7  BBbw=0.0010  ATR%=0.000072  (mins eff: ADX>=8.0, BBbw>=0.0010, ATR%>=0.000050)
2025-09-02 18:08:06,585 [Gate] Regime fail
2025-09-02 18:09:06,284 [HB] PnL=0.00 | ConsecLoss=0 | Blocked=no | ATRt=1.8
2025-09-02 18:09:06,285 [REGIME] ADX=33.3  BBbw=0.0009  ATR%=0.000069  (mins eff: ADX>=8.0, BBbw>=0.0010, ATR%>=0.000050)
2025-09-02 18:09:06,285 [Gate] Regime fail
2025-09-02 18:10:06,000 [HB] PnL=0.00 | ConsecLoss=0 | Blocked=no | ATRt=1.7
2025-09-02 18:10:06,001 [REGIME] ADX=33.5  BBbw=0.0008  ATR%=0.000067  (mins eff: ADX>=8.0, BBbw>=0.0010, ATR%>=0.000050)
2025-09-02 18:10:06,001 [Gate] Regime fail
2025-09-02 18:11:06,300 [HB] PnL=0.00 | ConsecLoss=0 | Blocked=no | ATRt=1.7
2025-09-02 18:11:06,301 [REGIME] ADX=33.1  BBbw=0.0006  ATR%=0.000065  (mins eff: ADX>=8.0, BBbw>=0.0010, ATR%>=0.000050)
2025-09-02 18:11:06,302 [Gate] Regime fail
2025-09-02 18:12:06,582 [HB] PnL=0.00 | ConsecLoss=0 | Blocked=no | ATRt=1.7
2025-09-02 18:12:06,582 [REGIME] ADX=33.3  BBbw=0.0005  ATR%=0.000066  (mins eff: ADX>=8.0, BBbw>=0.0010, ATR%>=0.000050)
2025-09-02 18:12:06,582 [Gate] Regime fail
2025-09-02 18:13:06,857 [HB] PnL=0.00 | ConsecLoss=0 | Blocked=no | ATRt=1.7
2025-09-02 18:13:06,858 [REGIME] ADX=32.5  BBbw=0.0003  ATR%=0.000067  (mins eff: ADX>=8.0, BBbw>=0.0010, ATR%>=0.000050)
2025-09-02 18:13:06,858 [Gate] Regime fail
2025-09-02 18:14:06,374 [HB] PnL=0.00 | ConsecLoss=0 | Blocked=no | ATRt=1.6
2025-09-02 18:14:06,375 [REGIME] ADX=31.8  BBbw=0.0002  ATR%=0.000062  (mins eff: ADX>=8.0, BBbw>=0.0010, ATR%>=0.000050)
2025-09-02 18:14:06,375 [Gate] Regime fail
2025-09-02 18:15:06,659 [HB] PnL=0.00 | ConsecLoss=0 | Blocked=no | ATRt=1.6
2025-09-02 18:15:06,660 [REGIME] ADX=31.7  BBbw=0.0002  ATR%=0.000063  (mins eff: ADX>=8.0, BBbw>=0.0010, ATR%>=0.000050)
2025-09-02 18:15:06,660 [Gate] Regime fail
2025-09-02 18:16:06,497 [HB] PnL=0.00 | ConsecLoss=0 | Blocked=no | ATRt=1.5
2025-09-02 18:16:06,498 [REGIME] ADX=31.6  BBbw=0.0002  ATR%=0.000059  (mins eff: ADX>=8.0, BBbw>=0.0010, ATR%>=0.000050)
2025-09-02 18:16:06,498 [Gate] Regime fail
2025-09-02 18:17:06,912 [HB] PnL=0.00 | ConsecLoss=0 | Blocked=no | ATRt=1.5
2025-09-02 18:17:06,912 [REGIME] ADX=30.5  BBbw=0.0001  ATR%=0.000060  (mins eff: ADX>=8.0, BBbw>=0.0010, ATR%>=0.000050)
2025-09-02 18:17:06,913 [Gate] Regime fail
2025-09-02 18:18:06,717 [HB] PnL=0.00 | ConsecLoss=0 | Blocked=no | ATRt=1.4
2025-09-02 18:18:06,717 [REGIME] ADX=29.6  BBbw=0.0001  ATR%=0.000056  (mins eff: ADX>=8.0, BBbw>=0.0010, ATR%>=0.000050)
2025-09-02 18:18:06,718 [Gate] Regime fail
2025-09-02 18:19:06,317 [HB] PnL=0.00 | ConsecLoss=0 | Blocked=no | ATRt=1.4
2025-09-02 18:19:06,317 [REGIME] ADX=29.0  BBbw=0.0001  ATR%=0.000055  (mins eff: ADX>=8.0, BBbw>=0.0010, ATR%>=0.000050)
2025-09-02 18:19:06,317 [Gate] Regime fail
2025-09-02 18:20:06,617 [HB] PnL=0.00 | ConsecLoss=0 | Blocked=no | ATRt=1.9
2025-09-02 18:20:06,618 [REGIME] ADX=30.4  BBbw=0.0003  ATR%=0.000076  (mins eff: ADX>=8.0, BBbw>=0.0010, ATR%>=0.000050)
2025-09-02 18:20:06,618 [Gate] Regime fail
2025-09-02 18:21:06,304 [HB] PnL=0.00 | ConsecLoss=0 | Blocked=no | ATRt=2.0
2025-09-02 18:21:06,304 [REGIME] ADX=31.8  BBbw=0.0004  ATR%=0.000076  (mins eff: ADX>=8.0, BBbw>=0.0010, ATR%>=0.000050)
2025-09-02 18:21:06,304 [Gate] Regime fail
2025-09-02 18:22:06,576 [HB] PnL=0.00 | ConsecLoss=0 | Blocked=no | ATRt=2.0
2025-09-02 18:22:06,576 [REGIME] ADX=33.3  BBbw=0.0006  ATR%=0.000079  (mins eff: ADX>=8.0, BBbw>=0.0010, ATR%>=0.000050)
2025-09-02 18:22:06,577 [Gate] Regime fail
2025-09-02 18:23:06,872 [HB] PnL=0.00 | ConsecLoss=0 | Blocked=no | ATRt=1.9
2025-09-02 18:23:06,873 [REGIME] ADX=34.7  BBbw=0.0006  ATR%=0.000073  (mins eff: ADX>=8.0, BBbw>=0.0010, ATR%>=0.000050)
2025-09-02 18:23:06,873 [Gate] Regime fail
2025-09-02 18:24:06,682 [HB] PnL=0.00 | ConsecLoss=0 | Blocked=no | ATRt=1.8
2025-09-02 18:24:06,682 [REGIME] ADX=35.6  BBbw=0.0007  ATR%=0.000071  (mins eff: ADX>=8.0, BBbw>=0.0010, ATR%>=0.000050)
2025-09-02 18:24:06,683 [Gate] Regime fail
2025-09-02 18:25:06,252 [HB] PnL=0.00 | ConsecLoss=0 | Blocked=no | ATRt=1.8
2025-09-02 18:25:06,253 [REGIME] ADX=35.8  BBbw=0.0007  ATR%=0.000068  (mins eff: ADX>=8.0, BBbw>=0.0010, ATR%>=0.000050)
2025-09-02 18:25:06,253 [Gate] Regime fail
2025-09-02 18:26:06,511 [HB] PnL=0.00 | ConsecLoss=0 | Blocked=no | ATRt=1.8
2025-09-02 18:26:06,511 [REGIME] ADX=35.2  BBbw=0.0007  ATR%=0.000069  (mins eff: ADX>=8.0, BBbw>=0.0010, ATR%>=0.000050)
2025-09-02 18:26:06,511 [Gate] Regime fail
2025-09-02 18:27:06,559 [HB] PnL=0.00 | ConsecLoss=0 | Blocked=no | ATRt=1.7
2025-09-02 18:27:06,560 [REGIME] ADX=34.1  BBbw=0.0007  ATR%=0.000067  (mins eff: ADX>=8.0, BBbw>=0.0010, ATR%>=0.000050)
2025-09-02 18:27:06,560 [Gate] Regime fail
2025-09-02 18:28:06,935 [HB] PnL=0.00 | ConsecLoss=0 | Blocked=no | ATRt=1.7
2025-09-02 18:28:06,936 [REGIME] ADX=33.4  BBbw=0.0007  ATR%=0.000065  (mins eff: ADX>=8.0, BBbw>=0.0010, ATR%>=0.000050)
2025-09-02 18:28:06,936 [Gate] Regime fail
2025-09-02 18:29:06,769 [HB] PnL=0.00 | ConsecLoss=0 | Blocked=no | ATRt=1.7
2025-09-02 18:29:06,769 [REGIME] ADX=32.0  BBbw=0.0007  ATR%=0.000066  (mins eff: ADX>=8.0, BBbw>=0.0010, ATR%>=0.000050)
2025-09-02 18:29:06,770 [Gate] Regime fail
2025-09-02 18:30:06,410 [HB] PnL=0.00 | ConsecLoss=0 | Blocked=no | ATRt=1.6
2025-09-02 18:30:06,411 [REGIME] ADX=30.2  BBbw=0.0007  ATR%=0.000064  (mins eff: ADX>=8.0, BBbw>=0.0010, ATR%>=0.000050)
2025-09-02 18:30:06,412 [Gate] Regime fail
2025-09-02 18:31:06,580 [HB] PnL=0.00 | ConsecLoss=0 | Blocked=no | ATRt=1.6
2025-09-02 18:31:06,581 [REGIME] ADX=28.9  BBbw=0.0006  ATR%=0.000062  (mins eff: ADX>=8.0, BBbw>=0.0010, ATR%>=0.000050)
2025-09-02 18:31:06,581 [Gate] Regime fail
2025-09-02 18:32:06,849 [HB] PnL=0.00 | ConsecLoss=0 | Blocked=no | ATRt=1.6
2025-09-02 18:32:06,850 [REGIME] ADX=28.3  BBbw=0.0006  ATR%=0.000063  (mins eff: ADX>=8.0, BBbw>=0.0010, ATR%>=0.000050)
2025-09-02 18:32:06,850 [Gate] Regime fail
2025-09-02 18:33:06,457 [HB] PnL=0.00 | ConsecLoss=0 | Blocked=no | ATRt=1.6
2025-09-02 18:33:06,457 [REGIME] ADX=27.7  BBbw=0.0006  ATR%=0.000061  (mins eff: ADX>=8.0, BBbw>=0.0010, ATR%>=0.000050)
2025-09-02 18:33:06,458 [Gate] Regime fail
2025-09-02 18:34:06,784 [HB] PnL=0.00 | ConsecLoss=0 | Blocked=no | ATRt=1.5
2025-09-02 18:34:06,784 [REGIME] ADX=26.7  BBbw=0.0006  ATR%=0.000060  (mins eff: ADX>=8.0, BBbw>=0.0010, ATR%>=0.000050)
2025-09-02 18:34:06,785 [Gate] Regime fail
2025-09-02 18:35:06,342 [HB] PnL=0.00 | ConsecLoss=0 | Blocked=no | ATRt=1.4
2025-09-02 18:35:06,344 [REGIME] ADX=25.8  BBbw=0.0005  ATR%=0.000056  (mins eff: ADX>=8.0, BBbw>=0.0010, ATR%>=0.000050)
2025-09-02 18:35:06,344 [Gate] Regime fail
2025-09-02 18:36:06,332 [HB] PnL=0.00 | ConsecLoss=0 | Blocked=no | ATRt=1.4
2025-09-02 18:36:06,332 [REGIME] ADX=25.3  BBbw=0.0005  ATR%=0.000054  (mins eff: ADX>=8.0, BBbw>=0.0010, ATR%>=0.000050)
2025-09-02 18:36:06,333 [Gate] Regime fail
2025-09-02 18:37:06,388 [HB] PnL=0.00 | ConsecLoss=0 | Blocked=no | ATRt=1.4
2025-09-02 18:37:06,389 [REGIME] ADX=25.2  BBbw=0.0004  ATR%=0.000053  (mins eff: ADX>=8.0, BBbw>=0.0010, ATR%>=0.000050)
2025-09-02 18:37:06,389 [Gate] Regime fail
2025-09-02 18:38:06,654 [HB] PnL=0.00 | ConsecLoss=0 | Blocked=no | ATRt=1.3
2025-09-02 18:38:06,655 [REGIME] ADX=25.1  BBbw=0.0004  ATR%=0.000049  (mins eff: ADX>=8.0, BBbw>=0.0010, ATR%>=0.000050)
2025-09-02 18:38:06,655 [Gate] Regime fail
2025-09-02 18:39:06,551 [HB] PnL=0.00 | ConsecLoss=0 | Blocked=no | ATRt=1.3
2025-09-02 18:39:06,552 [REGIME] ADX=23.9  BBbw=0.0003  ATR%=0.000051  (mins eff: ADX>=8.0, BBbw>=0.0010, ATR%>=0.000050)
2025-09-02 18:39:06,552 [Gate] Regime fail
2025-09-02 18:40:06,953 [HB] PnL=0.00 | ConsecLoss=0 | Blocked=no | ATRt=1.3
2025-09-02 18:40:06,953 [REGIME] ADX=23.2  BBbw=0.0003  ATR%=0.000051  (mins eff: ADX>=8.0, BBbw>=0.0010, ATR%>=0.000050)
2025-09-02 18:40:06,954 [Gate] Regime fail
2025-09-02 18:41:06,756 [HB] PnL=0.00 | ConsecLoss=0 | Blocked=no | ATRt=1.3
2025-09-02 18:41:06,756 [REGIME] ADX=23.0  BBbw=0.0003  ATR%=0.000050  (mins eff: ADX>=8.0, BBbw>=0.0010, ATR%>=0.000050)
2025-09-02 18:41:06,756 [Gate] Regime fail
2025-09-02 18:42:06,506 [HB] PnL=0.00 | ConsecLoss=0 | Blocked=no | ATRt=1.3
2025-09-02 18:42:06,506 [REGIME] ADX=22.2  BBbw=0.0003  ATR%=0.000049  (mins eff: ADX>=8.0, BBbw>=0.0010, ATR%>=0.000050)
2025-09-02 18:42:06,506 [Gate] Regime fail
2025-09-02 18:43:06,312 [HB] PnL=0.00 | ConsecLoss=0 | Blocked=no | ATRt=1.2
2025-09-02 18:43:06,312 [REGIME] ADX=21.5  BBbw=0.0002  ATR%=0.000045  (mins eff: ADX>=8.0, BBbw>=0.0010, ATR%>=0.000050)
2025-09-02 18:43:06,313 [Gate] Regime fail
2025-09-02 18:44:06,721 [HB] PnL=0.00 | ConsecLoss=0 | Blocked=no | ATRt=1.2
2025-09-02 18:44:06,722 [REGIME] ADX=21.3  BBbw=0.0002  ATR%=0.000045  (mins eff: ADX>=8.0, BBbw>=0.0010, ATR%>=0.000050)
2025-09-02 18:44:06,722 [Gate] Regime fail
2025-09-02 18:45:06,331 [HB] PnL=0.00 | ConsecLoss=0 | Blocked=no | ATRt=1.1
2025-09-02 18:45:06,331 [REGIME] ADX=21.0  BBbw=0.0002  ATR%=0.000042  (mins eff: ADX>=8.0, BBbw>=0.0010, ATR%>=0.000050)
2025-09-02 18:45:06,331 [Gate] Regime fail
2025-09-02 18:46:06,837 [HB] PnL=0.00 | ConsecLoss=0 | Blocked=no | ATRt=1.1
2025-09-02 18:46:06,838 [REGIME] ADX=21.6  BBbw=0.0002  ATR%=0.000044  (mins eff: ADX>=8.0, BBbw>=0.0010, ATR%>=0.000050)
2025-09-02 18:46:06,838 [Gate] Regime fail
2025-09-02 18:47:06,498 [HB] PnL=0.00 | ConsecLoss=0 | Blocked=no | ATRt=1.3
2025-09-02 18:47:06,498 [REGIME] ADX=20.5  BBbw=0.0002  ATR%=0.000049  (mins eff: ADX>=8.0, BBbw>=0.0010, ATR%>=0.000050)
2025-09-02 18:47:06,499 [Gate] Regime fail
2025-09-02 18:48:06,870 [HB] PnL=0.00 | ConsecLoss=0 | Blocked=no | ATRt=1.2
2025-09-02 18:48:06,870 [REGIME] ADX=19.5  BBbw=0.0002  ATR%=0.000046  (mins eff: ADX>=8.0, BBbw>=0.0010, ATR%>=0.000050)
2025-09-02 18:48:06,870 [Gate] Regime fail
2025-09-02 18:49:06,678 [HB] PnL=0.00 | ConsecLoss=0 | Blocked=no | ATRt=1.2
2025-09-02 18:49:06,678 [REGIME] ADX=19.3  BBbw=0.0002  ATR%=0.000048  (mins eff: ADX>=8.0, BBbw>=0.0010, ATR%>=0.000050)
2025-09-02 18:49:06,679 [Gate] Regime fail
2025-09-02 18:50:06,358 [HB] PnL=0.00 | ConsecLoss=0 | Blocked=no | ATRt=1.2
2025-09-02 18:50:06,359 [REGIME] ADX=19.2  BBbw=0.0002  ATR%=0.000045  (mins eff: ADX>=8.0, BBbw>=0.0010, ATR%>=0.000050)
2025-09-02 18:50:06,359 [Gate] Regime fail
2025-09-02 18:51:06,580 [HB] PnL=0.00 | ConsecLoss=0 | Blocked=no | ATRt=1.1
2025-09-02 18:51:06,581 [REGIME] ADX=19.5  BBbw=0.0002  ATR%=0.000044  (mins eff: ADX>=8.0, BBbw>=0.0010, ATR%>=0.000050)
2025-09-02 18:51:06,581 [Gate] Regime fail
2025-09-02 18:52:06,532 [HB] PnL=0.00 | ConsecLoss=0 | Blocked=no | ATRt=1.1
2025-09-02 18:52:06,532 [REGIME] ADX=19.7  BBbw=0.0002  ATR%=0.000044  (mins eff: ADX>=8.0, BBbw>=0.0010, ATR%>=0.000050)
2025-09-02 18:52:06,533 [Gate] Regime fail
2025-09-02 18:53:06,809 [HB] PnL=0.00 | ConsecLoss=0 | Blocked=no | ATRt=1.1
2025-09-02 18:53:06,809 [REGIME] ADX=19.9  BBbw=0.0002  ATR%=0.000041  (mins eff: ADX>=8.0, BBbw>=0.0010, ATR%>=0.000050)
2025-09-02 18:53:06,810 [Gate] Regime fail
2025-09-02 18:54:06,546 [HB] PnL=0.00 | ConsecLoss=0 | Blocked=no | ATRt=1.2
2025-09-02 18:54:06,547 [REGIME] ADX=18.6  BBbw=0.0002  ATR%=0.000046  (mins eff: ADX>=8.0, BBbw>=0.0010, ATR%>=0.000050)
2025-09-02 18:54:06,548 [Gate] Regime fail
2025-09-02 18:55:06,822 [HB] PnL=0.00 | ConsecLoss=0 | Blocked=no | ATRt=1.2
2025-09-02 18:55:06,823 [REGIME] ADX=17.7  BBbw=0.0002  ATR%=0.000046  (mins eff: ADX>=8.0, BBbw>=0.0010, ATR%>=0.000050)
2025-09-02 18:55:06,823 [Gate] Regime fail
2025-09-02 18:56:06,508 [HB] PnL=0.00 | ConsecLoss=0 | Blocked=no | ATRt=1.3
2025-09-02 18:56:06,508 [REGIME] ADX=18.0  BBbw=0.0002  ATR%=0.000051  (mins eff: ADX>=8.0, BBbw>=0.0010, ATR%>=0.000050)
2025-09-02 18:56:06,508 [Gate] Regime fail
2025-09-02 18:57:06,755 [HB] PnL=0.00 | ConsecLoss=0 | Blocked=no | ATRt=1.4
2025-09-02 18:57:06,756 [REGIME] ADX=17.3  BBbw=0.0002  ATR%=0.000053  (mins eff: ADX>=8.0, BBbw>=0.0010, ATR%>=0.000050)
2025-09-02 18:57:06,756 [Gate] Regime fail
2025-09-02 18:58:06,304 [HB] PnL=0.00 | ConsecLoss=0 | Blocked=no | ATRt=1.3
2025-09-02 18:58:06,305 [REGIME] ADX=16.6  BBbw=0.0002  ATR%=0.000049  (mins eff: ADX>=8.0, BBbw>=0.0010, ATR%>=0.000050)
2025-09-02 18:58:06,305 [Gate] Regime fail
2025-09-02 18:59:06,964 [HB] PnL=0.00 | ConsecLoss=0 | Blocked=no | ATRt=1.2
2025-09-02 18:59:06,964 [REGIME] ADX=16.4  BBbw=0.0002  ATR%=0.000048  (mins eff: ADX>=8.0, BBbw>=0.0010, ATR%>=0.000050)
2025-09-02 18:59:06,965 [Gate] Regime fail
2025-09-02 19:00:06,840 [HB] PnL=0.00 | ConsecLoss=0 | Blocked=no | ATRt=1.4
2025-09-02 19:00:06,840 [REGIME] ADX=17.0  BBbw=0.0003  ATR%=0.000056  (mins eff: ADX>=8.0, BBbw>=0.0010, ATR%>=0.000050)
2025-09-02 19:00:06,841 [Gate] Regime fail
2025-09-02 19:01:06,867 [HB] PnL=0.00 | ConsecLoss=0 | Blocked=no | ATRt=1.5
2025-09-02 19:01:06,868 [REGIME] ADX=18.1  BBbw=0.0003  ATR%=0.000057  (mins eff: ADX>=8.0, BBbw>=0.0010, ATR%>=0.000050)
2025-09-02 19:01:06,868 [Gate] Regime fail
2025-09-02 19:02:06,961 [HB] PnL=0.00 | ConsecLoss=0 | Blocked=no | ATRt=1.7
2025-09-02 19:02:06,961 [REGIME] ADX=17.3  BBbw=0.0003  ATR%=0.000064  (mins eff: ADX>=8.0, BBbw>=0.0010, ATR%>=0.000050)
2025-09-02 19:02:06,962 [Gate] Regime fail
2025-09-02 19:03:06,817 [HB] PnL=0.00 | ConsecLoss=0 | Blocked=no | ATRt=1.6
2025-09-02 19:03:06,817 [REGIME] ADX=16.9  BBbw=0.0003  ATR%=0.000063  (mins eff: ADX>=8.0, BBbw>=0.0010, ATR%>=0.000050)
2025-09-02 19:03:06,821 [Gate] Regime fail
2025-09-02 19:04:06,718 [HB] PnL=0.00 | ConsecLoss=0 | Blocked=no | ATRt=1.6
2025-09-02 19:04:06,718 [REGIME] ADX=16.1  BBbw=0.0003  ATR%=0.000061  (mins eff: ADX>=8.0, BBbw>=0.0010, ATR%>=0.000050)
2025-09-02 19:04:06,718 [Gate] Regime fail
2025-09-02 19:05:06,858 [HB] PnL=0.00 | ConsecLoss=0 | Blocked=no | ATRt=1.6
2025-09-02 19:05:06,858 [REGIME] ADX=15.2  BBbw=0.0003  ATR%=0.000062  (mins eff: ADX>=8.0, BBbw>=0.0010, ATR%>=0.000050)
2025-09-02 19:05:06,858 [Gate] Regime fail
2025-09-02 19:06:06,722 [HB] PnL=0.00 | ConsecLoss=0 | Blocked=no | ATRt=1.8
2025-09-02 19:06:06,722 [REGIME] ADX=14.9  BBbw=0.0003  ATR%=0.000069  (mins eff: ADX>=8.0, BBbw>=0.0010, ATR%>=0.000050)
2025-09-02 19:06:06,723 [Gate] Regime fail
2025-09-02 19:07:06,578 [HB] PnL=0.00 | ConsecLoss=0 | Blocked=no | ATRt=1.7
2025-09-02 19:07:06,578 [REGIME] ADX=14.5  BBbw=0.0003  ATR%=0.000067  (mins eff: ADX>=8.0, BBbw>=0.0010, ATR%>=0.000050)
2025-09-02 19:07:06,578 [Gate] Regime fail
2025-09-02 19:08:06,543 [HB] PnL=0.00 | ConsecLoss=0 | Blocked=no | ATRt=1.6
2025-09-02 19:08:06,544 [REGIME] ADX=14.1  BBbw=0.0003  ATR%=0.000062  (mins eff: ADX>=8.0, BBbw>=0.0010, ATR%>=0.000050)
2025-09-02 19:08:06,544 [Gate] Regime fail
2025-09-02 19:09:06,625 [HB] PnL=0.00 | ConsecLoss=0 | Blocked=no | ATRt=1.6
2025-09-02 19:09:06,626 [REGIME] ADX=14.2  BBbw=0.0003  ATR%=0.000060  (mins eff: ADX>=8.0, BBbw>=0.0010, ATR%>=0.000050)
2025-09-02 19:09:06,626 [Gate] Regime fail
2025-09-02 19:10:06,655 [HB] PnL=0.00 | ConsecLoss=0 | Blocked=no | ATRt=1.6
2025-09-02 19:10:06,655 [REGIME] ADX=14.8  BBbw=0.0003  ATR%=0.000061  (mins eff: ADX>=8.0, BBbw>=0.0010, ATR%>=0.000050)
2025-09-02 19:10:06,656 [Gate] Regime fail
2025-09-02 19:11:06,550 [HB] PnL=0.00 | ConsecLoss=0 | Blocked=no | ATRt=1.5
2025-09-02 19:11:06,552 [REGIME] ADX=15.5  BBbw=0.0003  ATR%=0.000060  (mins eff: ADX>=8.0, BBbw>=0.0010, ATR%>=0.000050)
2025-09-02 19:11:06,552 [Gate] Regime fail
2025-09-02 19:12:06,440 [HB] PnL=0.00 | ConsecLoss=0 | Blocked=no | ATRt=1.6
2025-09-02 19:12:06,441 [REGIME] ADX=15.5  BBbw=0.0003  ATR%=0.000061  (mins eff: ADX>=8.0, BBbw>=0.0010, ATR%>=0.000050)
2025-09-02 19:12:06,441 [Gate] Regime fail
2025-09-02 19:13:06,371 [HB] PnL=0.00 | ConsecLoss=0 | Blocked=no | ATRt=1.5
2025-09-02 19:13:06,372 [REGIME] ADX=15.9  BBbw=0.0003  ATR%=0.000060  (mins eff: ADX>=8.0, BBbw>=0.0010, ATR%>=0.000050)
2025-09-02 19:13:06,372 [Gate] Regime fail
2025-09-02 19:14:06,442 [HB] PnL=0.00 | ConsecLoss=0 | Blocked=no | ATRt=1.7
2025-09-02 19:14:06,442 [REGIME] ADX=15.0  BBbw=0.0003  ATR%=0.000066  (mins eff: ADX>=8.0, BBbw>=0.0010, ATR%>=0.000050)
2025-09-02 19:14:06,443 [Gate] Regime fail
2025-09-02 19:15:06,405 [HB] PnL=0.00 | ConsecLoss=0 | Blocked=no | ATRt=1.7
2025-09-02 19:15:06,405 [REGIME] ADX=14.5  BBbw=0.0003  ATR%=0.000064  (mins eff: ADX>=8.0, BBbw>=0.0010, ATR%>=0.000050)
2025-09-02 19:15:06,406 [Gate] Regime fail
2025-09-02 19:16:07,015 [HB] PnL=0.00 | ConsecLoss=0 | Blocked=no | ATRt=1.5
2025-09-02 19:16:07,015 [REGIME] ADX=14.0  BBbw=0.0003  ATR%=0.000060  (mins eff: ADX>=8.0, BBbw>=0.0010, ATR%>=0.000050)
2025-09-02 19:16:07,016 [Gate] Regime fail
2025-09-02 19:17:06,542 [HB] PnL=0.00 | ConsecLoss=0 | Blocked=no | ATRt=1.6
2025-09-02 19:17:06,543 [REGIME] ADX=14.3  BBbw=0.0003  ATR%=0.000061  (mins eff: ADX>=8.0, BBbw>=0.0010, ATR%>=0.000050)
2025-09-02 19:17:06,543 [Gate] Regime fail
2025-09-02 19:18:06,824 [HB] PnL=0.00 | ConsecLoss=0 | Blocked=no | ATRt=1.5
2025-09-02 19:18:06,824 [REGIME] ADX=14.1  BBbw=0.0003  ATR%=0.000060  (mins eff: ADX>=8.0, BBbw>=0.0010, ATR%>=0.000050)
2025-09-02 19:18:06,825 [Gate] Regime fail
2025-09-02 19:19:06,425 [HB] PnL=0.00 | ConsecLoss=0 | Blocked=no | ATRt=1.6
2025-09-02 19:19:06,425 [REGIME] ADX=13.1  BBbw=0.0003  ATR%=0.000061  (mins eff: ADX>=8.0, BBbw>=0.0010, ATR%>=0.000050)
2025-09-02 19:19:06,426 [Gate] Regime fail
2025-09-02 19:20:06,971 [HB] PnL=0.00 | ConsecLoss=0 | Blocked=no | ATRt=1.7
2025-09-02 19:20:06,971 [REGIME] ADX=13.1  BBbw=0.0003  ATR%=0.000065  (mins eff: ADX>=8.0, BBbw>=0.0010, ATR%>=0.000050)
2025-09-02 19:20:06,971 [Gate] Regime fail
2025-09-02 19:21:06,578 [HB] PnL=0.00 | ConsecLoss=0 | Blocked=no | ATRt=1.7
2025-09-02 19:21:06,579 [REGIME] ADX=12.5  BBbw=0.0003  ATR%=0.000066  (mins eff: ADX>=8.0, BBbw>=0.0010, ATR%>=0.000050)
2025-09-02 19:21:06,579 [Gate] Regime fail
2025-09-02 19:22:06,860 [HB] PnL=0.00 | ConsecLoss=0 | Blocked=no | ATRt=1.7
2025-09-02 19:22:06,861 [REGIME] ADX=12.0  BBbw=0.0003  ATR%=0.000067  (mins eff: ADX>=8.0, BBbw>=0.0010, ATR%>=0.000050)
2025-09-02 19:22:06,861 [Gate] Regime fail
2025-09-02 19:23:06,564 [HB] PnL=0.00 | ConsecLoss=0 | Blocked=no | ATRt=1.6
2025-09-02 19:23:06,564 [REGIME] ADX=11.6  BBbw=0.0003  ATR%=0.000062  (mins eff: ADX>=8.0, BBbw>=0.0010, ATR%>=0.000050)
2025-09-02 19:23:06,564 [Gate] Regime fail
2025-09-02 19:24:06,397 [HB] PnL=0.00 | ConsecLoss=0 | Blocked=no | ATRt=1.6
2025-09-02 19:24:06,397 [REGIME] ADX=11.0  BBbw=0.0003  ATR%=0.000063  (mins eff: ADX>=8.0, BBbw>=0.0010, ATR%>=0.000050)
2025-09-02 19:24:06,398 [Gate] Regime fail
2025-09-02 19:25:06,498 [HB] PnL=0.00 | ConsecLoss=0 | Blocked=no | ATRt=1.6
2025-09-02 19:25:06,499 [REGIME] ADX=10.3  BBbw=0.0003  ATR%=0.000064  (mins eff: ADX>=8.0, BBbw>=0.0010, ATR%>=0.000050)
2025-09-02 19:25:06,499 [Gate] Regime fail
2025-09-02 19:26:06,633 [HB] PnL=0.00 | ConsecLoss=0 | Blocked=no | ATRt=1.7
2025-09-02 19:26:06,633 [REGIME] ADX=10.2  BBbw=0.0003  ATR%=0.000065  (mins eff: ADX>=8.0, BBbw>=0.0010, ATR%>=0.000050)
2025-09-02 19:26:06,634 [Gate] Regime fail
2025-09-02 19:27:06,958 [HB] PnL=0.00 | ConsecLoss=0 | Blocked=no | ATRt=1.6
2025-09-02 19:27:06,958 [REGIME] ADX=9.7  BBbw=0.0003  ATR%=0.000063  (mins eff: ADX>=8.0, BBbw>=0.0010, ATR%>=0.000050)
2025-09-02 19:27:06,958 [Gate] Regime fail
2025-09-02 19:28:07,025 [HB] PnL=0.00 | ConsecLoss=0 | Blocked=no | ATRt=1.6
2025-09-02 19:28:07,026 [REGIME] ADX=9.6  BBbw=0.0003  ATR%=0.000061  (mins eff: ADX>=8.0, BBbw>=0.0010, ATR%>=0.000050)
2025-09-02 19:28:07,026 [Gate] Regime fail
2025-09-02 19:29:06,939 [HB] PnL=0.00 | ConsecLoss=0 | Blocked=no | ATRt=1.6
2025-09-02 19:29:06,940 [REGIME] ADX=10.1  BBbw=0.0003  ATR%=0.000063  (mins eff: ADX>=8.0, BBbw>=0.0010, ATR%>=0.000050)
2025-09-02 19:29:06,940 [Gate] Regime fail
2025-09-02 19:30:06,920 [HB] PnL=0.00 | ConsecLoss=0 | Blocked=no | ATRt=1.5
2025-09-02 19:30:06,920 [REGIME] ADX=10.6  BBbw=0.0003  ATR%=0.000058  (mins eff: ADX>=8.0, BBbw>=0.0010, ATR%>=0.000050)
2025-09-02 19:30:06,921 [Gate] Regime fail
2025-09-02 19:31:06,452 [HB] PnL=0.00 | ConsecLoss=0 | Blocked=no | ATRt=1.5
2025-09-02 19:31:06,452 [REGIME] ADX=11.7  BBbw=0.0003  ATR%=0.000059  (mins eff: ADX>=8.0, BBbw>=0.0010, ATR%>=0.000050)
2025-09-02 19:31:06,452 [Gate] Regime fail
2025-09-02 19:32:06,470 [HB] PnL=0.00 | ConsecLoss=0 | Blocked=no | ATRt=1.6
2025-09-02 19:32:06,470 [REGIME] ADX=12.2  BBbw=0.0003  ATR%=0.000061  (mins eff: ADX>=8.0, BBbw>=0.0010, ATR%>=0.000050)
2025-09-02 19:32:06,470 [Gate] Regime fail
2025-09-02 19:33:06,722 [HB] PnL=0.00 | ConsecLoss=0 | Blocked=no | ATRt=1.5
2025-09-02 19:33:06,722 [REGIME] ADX=12.7  BBbw=0.0002  ATR%=0.000056  (mins eff: ADX>=8.0, BBbw>=0.0010, ATR%>=0.000050)
2025-09-02 19:33:06,722 [Gate] Regime fail
2025-09-02 19:34:06,468 [HB] PnL=0.00 | ConsecLoss=0 | Blocked=no | ATRt=1.4
2025-09-02 19:34:06,469 [REGIME] ADX=12.7  BBbw=0.0002  ATR%=0.000055  (mins eff: ADX>=8.0, BBbw>=0.0010, ATR%>=0.000050)
2025-09-02 19:34:06,469 [Gate] Regime fail
2025-09-02 19:35:06,866 [HB] PnL=0.00 | ConsecLoss=0 | Blocked=no | ATRt=1.5
2025-09-02 19:35:06,867 [REGIME] ADX=12.1  BBbw=0.0003  ATR%=0.000060  (mins eff: ADX>=8.0, BBbw>=0.0010, ATR%>=0.000050)
2025-09-02 19:35:06,867 [Gate] Regime fail
2025-09-02 19:36:06,474 [HB] PnL=0.00 | ConsecLoss=0 | Blocked=no | ATRt=1.4
2025-09-02 19:36:06,474 [REGIME] ADX=11.6  BBbw=0.0003  ATR%=0.000055  (mins eff: ADX>=8.0, BBbw>=0.0010, ATR%>=0.000050)
2025-09-02 19:36:06,474 [Gate] Regime fail
2025-09-02 19:37:06,835 [HB] PnL=0.00 | ConsecLoss=0 | Blocked=no | ATRt=1.4
2025-09-02 19:37:06,835 [REGIME] ADX=10.9  BBbw=0.0003  ATR%=0.000054  (mins eff: ADX>=8.0, BBbw>=0.0010, ATR%>=0.000050)
2025-09-02 19:37:06,835 [Gate] Regime fail
2025-09-02 19:38:06,598 [HB] PnL=0.00 | ConsecLoss=0 | Blocked=no | ATRt=1.4
2025-09-02 19:38:06,598 [REGIME] ADX=10.4  BBbw=0.0003  ATR%=0.000053  (mins eff: ADX>=8.0, BBbw>=0.0010, ATR%>=0.000050)
2025-09-02 19:38:06,598 [Gate] Regime fail
2025-09-02 19:39:06,548 [HB] PnL=0.00 | ConsecLoss=0 | Blocked=no | ATRt=1.3
2025-09-02 19:39:06,548 [REGIME] ADX=10.1  BBbw=0.0003  ATR%=0.000052  (mins eff: ADX>=8.0, BBbw>=0.0010, ATR%>=0.000050)
2025-09-02 19:39:06,549 [Gate] Regime fail
2025-09-02 19:40:06,924 [HB] PnL=0.00 | ConsecLoss=0 | Blocked=no | ATRt=1.4
2025-09-02 19:40:06,924 [REGIME] ADX=9.9  BBbw=0.0002  ATR%=0.000054  (mins eff: ADX>=8.0, BBbw>=0.0010, ATR%>=0.000050)
2025-09-02 19:40:06,924 [Gate] Regime fail
2025-09-02 19:41:06,501 [HB] PnL=0.00 | ConsecLoss=0 | Blocked=no | ATRt=1.6
2025-09-02 19:41:06,502 [REGIME] ADX=11.0  BBbw=0.0003  ATR%=0.000061  (mins eff: ADX>=8.0, BBbw>=0.0010, ATR%>=0.000050)
2025-09-02 19:41:06,502 [Gate] Regime fail
2025-09-02 19:42:06,818 [HB] PnL=0.00 | ConsecLoss=0 | Blocked=no | ATRt=1.5
2025-09-02 19:42:06,818 [REGIME] ADX=12.4  BBbw=0.0003  ATR%=0.000060  (mins eff: ADX>=8.0, BBbw>=0.0010, ATR%>=0.000050)
2025-09-02 19:42:06,818 [Gate] Regime fail
2025-09-02 19:43:06,521 [HB] PnL=0.00 | ConsecLoss=0 | Blocked=no | ATRt=1.4
2025-09-02 19:43:06,521 [REGIME] ADX=13.6  BBbw=0.0003  ATR%=0.000055  (mins eff: ADX>=8.0, BBbw>=0.0010, ATR%>=0.000050)
2025-09-02 19:43:06,522 [Gate] Regime fail
2025-09-02 19:44:06,392 [HB] PnL=0.00 | ConsecLoss=0 | Blocked=no | ATRt=1.3
2025-09-02 19:44:06,392 [REGIME] ADX=14.8  BBbw=0.0004  ATR%=0.000051  (mins eff: ADX>=8.0, BBbw>=0.0010, ATR%>=0.000050)
2025-09-02 19:44:06,393 [Gate] Regime fail
2025-09-02 19:45:06,719 [HB] PnL=0.00 | ConsecLoss=0 | Blocked=no | ATRt=1.5
2025-09-02 19:45:06,720 [REGIME] ADX=14.0  BBbw=0.0004  ATR%=0.000059  (mins eff: ADX>=8.0, BBbw>=0.0010, ATR%>=0.000050)
2025-09-02 19:45:06,720 [Gate] Regime fail
2025-09-02 19:46:06,332 [HB] PnL=0.00 | ConsecLoss=0 | Blocked=no | ATRt=1.6
2025-09-02 19:46:06,332 [REGIME] ADX=13.5  BBbw=0.0004  ATR%=0.000063  (mins eff: ADX>=8.0, BBbw>=0.0010, ATR%>=0.000050)
2025-09-02 19:46:06,332 [Gate] Regime fail
2025-09-02 19:47:06,772 [HB] PnL=0.00 | ConsecLoss=0 | Blocked=no | ATRt=1.6
2025-09-02 19:47:06,773 [REGIME] ADX=13.0  BBbw=0.0004  ATR%=0.000061  (mins eff: ADX>=8.0, BBbw>=0.0010, ATR%>=0.000050)
2025-09-02 19:47:06,773 [Gate] Regime fail
2025-09-02 19:48:06,513 [HB] PnL=0.00 | ConsecLoss=0 | Blocked=no | ATRt=1.5
2025-09-02 19:48:06,513 [REGIME] ADX=12.6  BBbw=0.0004  ATR%=0.000060  (mins eff: ADX>=8.0, BBbw>=0.0010, ATR%>=0.000050)
2025-09-02 19:48:06,514 [Gate] Regime fail
2025-09-02 19:49:06,900 [HB] PnL=0.00 | ConsecLoss=0 | Blocked=no | ATRt=1.6
2025-09-02 19:49:06,900 [REGIME] ADX=12.9  BBbw=0.0004  ATR%=0.000061  (mins eff: ADX>=8.0, BBbw>=0.0010, ATR%>=0.000050)
2025-09-02 19:49:06,900 [Gate] Regime fail
2025-09-02 19:50:06,518 [HB] PnL=0.00 | ConsecLoss=0 | Blocked=no | ATRt=1.5
2025-09-02 19:50:06,519 [REGIME] ADX=13.2  BBbw=0.0004  ATR%=0.000059  (mins eff: ADX>=8.0, BBbw>=0.0010, ATR%>=0.000050)
2025-09-02 19:50:06,519 [Gate] Regime fail
2025-09-02 19:51:06,164 [HB] PnL=0.00 | ConsecLoss=0 | Blocked=no | ATRt=1.5
2025-09-02 19:51:06,165 [REGIME] ADX=13.9  BBbw=0.0004  ATR%=0.000058  (mins eff: ADX>=8.0, BBbw>=0.0010, ATR%>=0.000050)
2025-09-02 19:51:06,165 [Gate] Regime fail
2025-09-02 19:52:06,658 [HB] PnL=0.00 | ConsecLoss=0 | Blocked=no | ATRt=1.5
2025-09-02 19:52:06,658 [REGIME] ADX=13.9  BBbw=0.0004  ATR%=0.000056  (mins eff: ADX>=8.0, BBbw>=0.0010, ATR%>=0.000050)
2025-09-02 19:52:06,659 [Gate] Regime fail
2025-09-02 19:53:06,941 [HB] PnL=0.00 | ConsecLoss=0 | Blocked=no | ATRt=1.5
2025-09-02 19:53:06,942 [REGIME] ADX=14.7  BBbw=0.0004  ATR%=0.000058  (mins eff: ADX>=8.0, BBbw>=0.0010, ATR%>=0.000050)
2025-09-02 19:53:06,942 [Gate] Regime fail
2025-09-02 19:54:06,529 [HB] PnL=0.00 | ConsecLoss=0 | Blocked=no | ATRt=1.5
2025-09-02 19:54:06,529 [REGIME] ADX=15.7  BBbw=0.0004  ATR%=0.000057  (mins eff: ADX>=8.0, BBbw>=0.0010, ATR%>=0.000050)
2025-09-02 19:54:06,530 [Gate] Regime fail
2025-09-02 19:55:06,920 [HB] PnL=0.00 | ConsecLoss=0 | Blocked=no | ATRt=1.4
2025-09-02 19:55:06,920 [REGIME] ADX=16.7  BBbw=0.0004  ATR%=0.000053  (mins eff: ADX>=8.0, BBbw>=0.0010, ATR%>=0.000050)
2025-09-02 19:55:06,920 [Gate] Regime fail
2025-09-02 19:56:06,506 [HB] PnL=0.00 | ConsecLoss=0 | Blocked=no | ATRt=1.3
2025-09-02 19:56:06,506 [REGIME] ADX=17.6  BBbw=0.0005  ATR%=0.000049  (mins eff: ADX>=8.0, BBbw>=0.0010, ATR%>=0.000050)
2025-09-02 19:56:06,506 [Gate] Regime fail
2025-09-02 19:57:06,869 [HB] PnL=0.00 | ConsecLoss=0 | Blocked=no | ATRt=1.2
2025-09-02 19:57:06,869 [REGIME] ADX=18.4  BBbw=0.0005  ATR%=0.000045  (mins eff: ADX>=8.0, BBbw>=0.0010, ATR%>=0.000050)
2025-09-02 19:57:06,870 [Gate] Regime fail
2025-09-02 19:58:06,472 [HB] PnL=0.00 | ConsecLoss=0 | Blocked=no | ATRt=1.4
2025-09-02 19:58:06,474 [REGIME] ADX=17.2  BBbw=0.0005  ATR%=0.000053  (mins eff: ADX>=8.0, BBbw>=0.0010, ATR%>=0.000050)
2025-09-02 19:58:06,474 [Gate] Regime fail
2025-09-02 19:59:06,898 [HB] PnL=0.00 | ConsecLoss=0 | Blocked=no | ATRt=1.4
2025-09-02 19:59:06,898 [REGIME] ADX=16.9  BBbw=0.0005  ATR%=0.000055  (mins eff: ADX>=8.0, BBbw>=0.0010, ATR%>=0.000050)
2025-09-02 19:59:06,899 [Gate] Regime fail
2025-09-02 20:00:06,803 [HB] PnL=0.00 | ConsecLoss=0 | Blocked=no | ATRt=1.3
2025-09-02 20:00:06,804 [REGIME] ADX=16.6  BBbw=0.0005  ATR%=0.000051  (mins eff: ADX>=8.0, BBbw>=0.0010, ATR%>=0.000050)
2025-09-02 20:00:06,805 [Gate] Regime fail
2025-09-02 20:01:06,502 [HB] PnL=0.00 | ConsecLoss=0 | Blocked=no | ATRt=1.2
2025-09-02 20:01:06,503 [REGIME] ADX=16.4  BBbw=0.0005  ATR%=0.000047  (mins eff: ADX>=8.0, BBbw>=0.0010, ATR%>=0.000050)
2025-09-02 20:01:06,503 [Gate] Regime fail
2025-09-02 20:02:06,348 [HB] PnL=0.00 | ConsecLoss=0 | Blocked=no | ATRt=1.3
2025-09-02 20:02:06,349 [REGIME] ADX=15.3  BBbw=0.0004  ATR%=0.000050  (mins eff: ADX>=8.0, BBbw>=0.0010, ATR%>=0.000050)
2025-09-02 20:02:06,349 [Gate] Regime fail
2025-09-02 20:03:06,713 [HB] PnL=0.00 | ConsecLoss=0 | Blocked=no | ATRt=1.3
2025-09-02 20:03:06,714 [REGIME] ADX=14.3  BBbw=0.0004  ATR%=0.000049  (mins eff: ADX>=8.0, BBbw>=0.0010, ATR%>=0.000050)
2025-09-02 20:03:06,715 [Gate] Regime fail
2025-09-02 20:04:06,389 [HB] PnL=0.00 | ConsecLoss=0 | Blocked=no | ATRt=1.2
2025-09-02 20:04:06,389 [REGIME] ADX=13.8  BBbw=0.0003  ATR%=0.000048  (mins eff: ADX>=8.0, BBbw>=0.0010, ATR%>=0.000050)
2025-09-02 20:04:06,389 [Gate] Regime fail
2025-09-02 20:05:06,861 [HB] PnL=0.00 | ConsecLoss=0 | Blocked=no | ATRt=1.2
2025-09-02 20:05:06,861 [REGIME] ADX=13.4  BBbw=0.0003  ATR%=0.000047  (mins eff: ADX>=8.0, BBbw>=0.0010, ATR%>=0.000050)
2025-09-02 20:05:06,862 [Gate] Regime fail
2025-09-02 20:06:06,690 [HB] PnL=0.00 | ConsecLoss=0 | Blocked=no | ATRt=1.5
2025-09-02 20:06:06,690 [REGIME] ADX=14.5  BBbw=0.0003  ATR%=0.000058  (mins eff: ADX>=8.0, BBbw>=0.0010, ATR%>=0.000050)
2025-09-02 20:06:06,690 [Gate] Regime fail
2025-09-02 20:07:06,429 [HB] PnL=0.00 | ConsecLoss=0 | Blocked=no | ATRt=1.5
2025-09-02 20:07:06,430 [REGIME] ADX=15.9  BBbw=0.0004  ATR%=0.000057  (mins eff: ADX>=8.0, BBbw>=0.0010, ATR%>=0.000050)
2025-09-02 20:07:06,430 [Gate] Regime fail
2025-09-02 20:08:07,042 [HB] PnL=0.00 | ConsecLoss=0 | Blocked=no | ATRt=1.4
2025-09-02 20:08:07,042 [REGIME] ADX=16.6  BBbw=0.0004  ATR%=0.000055  (mins eff: ADX>=8.0, BBbw>=0.0010, ATR%>=0.000050)
2025-09-02 20:08:07,043 [Gate] Regime fail
2025-09-02 20:09:06,635 [HB] PnL=0.00 | ConsecLoss=0 | Blocked=no | ATRt=1.4
2025-09-02 20:09:06,635 [REGIME] ADX=16.7  BBbw=0.0004  ATR%=0.000054  (mins eff: ADX>=8.0, BBbw>=0.0010, ATR%>=0.000050)
2025-09-02 20:09:06,635 [Gate] Regime fail
2025-09-02 20:10:06,488 [HB] PnL=0.00 | ConsecLoss=0 | Blocked=no | ATRt=1.5
2025-09-02 20:10:06,489 [REGIME] ADX=15.7  BBbw=0.0004  ATR%=0.000059  (mins eff: ADX>=8.0, BBbw>=0.0010, ATR%>=0.000050)
2025-09-02 20:10:06,489 [Gate] Regime fail
2025-09-02 20:11:06,854 [HB] PnL=0.00 | ConsecLoss=0 | Blocked=no | ATRt=1.4
2025-09-02 20:11:06,855 [REGIME] ADX=14.6  BBbw=0.0004  ATR%=0.000054  (mins eff: ADX>=8.0, BBbw>=0.0010, ATR%>=0.000050)
2025-09-02 20:11:06,855 [Gate] Regime fail
2025-09-02 20:12:06,474 [HB] PnL=0.00 | ConsecLoss=0 | Blocked=no | ATRt=1.4
2025-09-02 20:12:06,475 [REGIME] ADX=13.9  BBbw=0.0004  ATR%=0.000053  (mins eff: ADX>=8.0, BBbw>=0.0010, ATR%>=0.000050)
2025-09-02 20:12:06,475 [Gate] Regime fail
2025-09-02 20:13:06,859 [HB] PnL=0.00 | ConsecLoss=0 | Blocked=no | ATRt=1.4
2025-09-02 20:13:06,859 [REGIME] ADX=13.7  BBbw=0.0004  ATR%=0.000055  (mins eff: ADX>=8.0, BBbw>=0.0010, ATR%>=0.000050)
2025-09-02 20:13:06,860 [Gate] Regime fail
2025-09-02 20:14:06,675 [HB] PnL=0.00 | ConsecLoss=0 | Blocked=no | ATRt=1.5
2025-09-02 20:14:06,676 [REGIME] ADX=14.2  BBbw=0.0004  ATR%=0.000057  (mins eff: ADX>=8.0, BBbw>=0.0010, ATR%>=0.000050)
2025-09-02 20:14:06,676 [Gate] Regime fail
2025-09-02 20:15:06,977 [HB] PnL=0.00 | ConsecLoss=0 | Blocked=no | ATRt=1.4
2025-09-02 20:15:06,978 [REGIME] ADX=14.1  BBbw=0.0004  ATR%=0.000055  (mins eff: ADX>=8.0, BBbw>=0.0010, ATR%>=0.000050)
2025-09-02 20:15:06,978 [Gate] Regime fail
2025-09-02 20:16:06,564 [HB] PnL=0.00 | ConsecLoss=0 | Blocked=no | ATRt=1.5
2025-09-02 20:16:06,564 [REGIME] ADX=14.8  BBbw=0.0004  ATR%=0.000060  (mins eff: ADX>=8.0, BBbw>=0.0010, ATR%>=0.000050)
2025-09-02 20:16:06,564 [Gate] Regime fail
2025-09-02 20:17:07,054 [HB] PnL=0.00 | ConsecLoss=0 | Blocked=no | ATRt=1.5
2025-09-02 20:17:07,054 [REGIME] ADX=15.7  BBbw=0.0004  ATR%=0.000058  (mins eff: ADX>=8.0, BBbw>=0.0010, ATR%>=0.000050)
2025-09-02 20:17:07,055 [Gate] Regime fail
2025-09-02 20:18:06,678 [HB] PnL=0.00 | ConsecLoss=0 | Blocked=no | ATRt=1.4
2025-09-02 20:18:06,679 [REGIME] ADX=16.6  BBbw=0.0005  ATR%=0.000054  (mins eff: ADX>=8.0, BBbw>=0.0010, ATR%>=0.000050)
2025-09-02 20:18:06,679 [Gate] Regime fail
2025-09-02 20:19:06,361 [HB] PnL=0.00 | ConsecLoss=0 | Blocked=no | ATRt=1.4
2025-09-02 20:19:06,361 [REGIME] ADX=17.4  BBbw=0.0005  ATR%=0.000056  (mins eff: ADX>=8.0, BBbw>=0.0010, ATR%>=0.000050)
2025-09-02 20:19:06,362 [Gate] Regime fail
2025-09-02 20:20:05,974 [HB] PnL=0.00 | ConsecLoss=0 | Blocked=no | ATRt=1.4
2025-09-02 20:20:05,974 [REGIME] ADX=18.5  BBbw=0.0005  ATR%=0.000055  (mins eff: ADX>=8.0, BBbw>=0.0010, ATR%>=0.000050)
2025-09-02 20:20:05,974 [Gate] Regime fail
2025-09-02 20:21:06,687 [HB] PnL=0.00 | ConsecLoss=0 | Blocked=no | ATRt=1.4
2025-09-02 20:21:06,688 [REGIME] ADX=20.1  BBbw=0.0005  ATR%=0.000056  (mins eff: ADX>=8.0, BBbw>=0.0010, ATR%>=0.000050)
2025-09-02 20:21:06,688 [Gate] Regime fail
2025-09-02 20:22:07,059 [HB] PnL=0.00 | ConsecLoss=0 | Blocked=no | ATRt=1.3
2025-09-02 20:22:07,059 [REGIME] ADX=21.6  BBbw=0.0006  ATR%=0.000052  (mins eff: ADX>=8.0, BBbw>=0.0010, ATR%>=0.000050)
2025-09-02 20:22:07,060 [Gate] Regime fail
2025-09-02 20:23:06,597 [HB] PnL=0.00 | ConsecLoss=0 | Blocked=no | ATRt=1.5
2025-09-02 20:23:06,597 [REGIME] ADX=23.7  BBbw=0.0006  ATR%=0.000057  (mins eff: ADX>=8.0, BBbw>=0.0010, ATR%>=0.000050)
2025-09-02 20:23:06,597 [Gate] Regime fail
2025-09-02 20:24:06,981 [HB] PnL=0.00 | ConsecLoss=0 | Blocked=no | ATRt=1.4
2025-09-02 20:24:06,981 [REGIME] ADX=25.1  BBbw=0.0006  ATR%=0.000056  (mins eff: ADX>=8.0, BBbw>=0.0010, ATR%>=0.000050)
2025-09-02 20:24:06,982 [Gate] Regime fail
2025-09-02 20:25:06,112 [HB] PnL=0.00 | ConsecLoss=0 | Blocked=no | ATRt=1.5
2025-09-02 20:25:06,112 [REGIME] ADX=26.6  BBbw=0.0007  ATR%=0.000057  (mins eff: ADX>=8.0, BBbw>=0.0010, ATR%>=0.000050)
2025-09-02 20:25:06,113 [Gate] Regime fail
2025-09-02 20:26:06,503 [HB] PnL=0.00 | ConsecLoss=0 | Blocked=no | ATRt=1.6
2025-09-02 20:26:06,504 [REGIME] ADX=26.2  BBbw=0.0007  ATR%=0.000061  (mins eff: ADX>=8.0, BBbw>=0.0010, ATR%>=0.000050)
2025-09-02 20:26:06,504 [Gate] Regime fail
2025-09-02 20:27:06,990 [HB] PnL=0.00 | ConsecLoss=0 | Blocked=no | ATRt=1.7
2025-09-02 20:27:06,990 [REGIME] ADX=26.5  BBbw=0.0007  ATR%=0.000065  (mins eff: ADX>=8.0, BBbw>=0.0010, ATR%>=0.000050)
2025-09-02 20:27:06,991 [Gate] Regime fail
2025-09-02 20:28:06,596 [HB] PnL=0.00 | ConsecLoss=0 | Blocked=no | ATRt=1.6
2025-09-02 20:28:06,596 [REGIME] ADX=26.3  BBbw=0.0007  ATR%=0.000063  (mins eff: ADX>=8.0, BBbw>=0.0010, ATR%>=0.000050)
2025-09-02 20:28:06,597 [Gate] Regime fail
2025-09-02 20:29:06,556 [HB] PnL=0.00 | ConsecLoss=0 | Blocked=no | ATRt=1.6
2025-09-02 20:29:06,557 [REGIME] ADX=26.3  BBbw=0.0007  ATR%=0.000062  (mins eff: ADX>=8.0, BBbw>=0.0010, ATR%>=0.000050)
2025-09-02 20:29:06,557 [Gate] Regime fail
2025-09-02 20:30:06,889 [HB] PnL=0.00 | ConsecLoss=0 | Blocked=no | ATRt=1.6
2025-09-02 20:30:06,890 [REGIME] ADX=25.5  BBbw=0.0007  ATR%=0.000063  (mins eff: ADX>=8.0, BBbw>=0.0010, ATR%>=0.000050)
2025-09-02 20:30:06,890 [Gate] Regime fail
2025-09-02 20:31:06,499 [HB] PnL=0.00 | ConsecLoss=0 | Blocked=no | ATRt=1.6
2025-09-02 20:31:06,500 [REGIME] ADX=24.6  BBbw=0.0006  ATR%=0.000061  (mins eff: ADX>=8.0, BBbw>=0.0010, ATR%>=0.000050)
2025-09-02 20:31:06,500 [Gate] Regime fail
2025-09-02 20:32:06,802 [HB] PnL=0.00 | ConsecLoss=0 | Blocked=no | ATRt=1.7
2025-09-02 20:32:06,802 [REGIME] ADX=24.8  BBbw=0.0006  ATR%=0.000065  (mins eff: ADX>=8.0, BBbw>=0.0010, ATR%>=0.000050)
2025-09-02 20:32:06,802 [Gate] Regime fail
2025-09-02 20:33:06,427 [HB] PnL=0.00 | ConsecLoss=0 | Blocked=no | ATRt=1.6
2025-09-02 20:33:06,428 [REGIME] ADX=24.5  BBbw=0.0005  ATR%=0.000063  (mins eff: ADX>=8.0, BBbw>=0.0010, ATR%>=0.000050)
2025-09-02 20:33:06,428 [Gate] Regime fail
2025-09-02 20:34:06,811 [HB] PnL=0.00 | ConsecLoss=0 | Blocked=no | ATRt=1.6
2025-09-02 20:34:06,812 [REGIME] ADX=24.5  BBbw=0.0005  ATR%=0.000061  (mins eff: ADX>=8.0, BBbw>=0.0010, ATR%>=0.000050)
2025-09-02 20:34:06,812 [Gate] Regime fail
2025-09-02 20:35:06,396 [HB] PnL=0.00 | ConsecLoss=0 | Blocked=no | ATRt=1.5
2025-09-02 20:35:06,396 [REGIME] ADX=24.1  BBbw=0.0004  ATR%=0.000060  (mins eff: ADX>=8.0, BBbw>=0.0010, ATR%>=0.000050)
2025-09-02 20:35:06,397 [Gate] Regime fail
2025-09-02 20:36:06,817 [HB] PnL=0.00 | ConsecLoss=0 | Blocked=no | ATRt=1.4
2025-09-02 20:36:06,818 [REGIME] ADX=23.6  BBbw=0.0004  ATR%=0.000056  (mins eff: ADX>=8.0, BBbw>=0.0010, ATR%>=0.000050)
2025-09-02 20:36:06,818 [Gate] Regime fail
2025-09-02 20:37:06,407 [HB] PnL=0.00 | ConsecLoss=0 | Blocked=no | ATRt=1.5
2025-09-02 20:37:06,407 [REGIME] ADX=24.2  BBbw=0.0004  ATR%=0.000060  (mins eff: ADX>=8.0, BBbw>=0.0010, ATR%>=0.000050)
2025-09-02 20:37:06,408 [Gate] Regime fail
2025-09-02 20:38:07,053 [HB] PnL=0.00 | ConsecLoss=0 | Blocked=no | ATRt=1.5
2025-09-02 20:38:07,053 [REGIME] ADX=24.2  BBbw=0.0003  ATR%=0.000058  (mins eff: ADX>=8.0, BBbw>=0.0010, ATR%>=0.000050)
2025-09-02 20:38:07,053 [Gate] Regime fail
2025-09-02 20:39:06,937 [HB] PnL=0.00 | ConsecLoss=0 | Blocked=no | ATRt=1.5
2025-09-02 20:39:06,938 [REGIME] ADX=23.7  BBbw=0.0003  ATR%=0.000057  (mins eff: ADX>=8.0, BBbw>=0.0010, ATR%>=0.000050)
2025-09-02 20:39:06,938 [Gate] Regime fail
2025-09-02 20:40:06,448 [HB] PnL=0.00 | ConsecLoss=0 | Blocked=no | ATRt=1.4
2025-09-02 20:40:06,448 [REGIME] ADX=23.5  BBbw=0.0003  ATR%=0.000056  (mins eff: ADX>=8.0, BBbw>=0.0010, ATR%>=0.000050)
2025-09-02 20:40:06,449 [Gate] Regime fail
2025-09-02 20:41:06,473 [HB] PnL=0.00 | ConsecLoss=0 | Blocked=no | ATRt=1.7
2025-09-02 20:41:06,473 [REGIME] ADX=22.3  BBbw=0.0003  ATR%=0.000066  (mins eff: ADX>=8.0, BBbw>=0.0010, ATR%>=0.000050)
2025-09-02 20:41:06,474 [Gate] Regime fail
2025-09-02 20:42:06,359 [HB] PnL=0.00 | ConsecLoss=0 | Blocked=no | ATRt=1.7
2025-09-02 20:42:06,360 [REGIME] ADX=21.2  BBbw=0.0002  ATR%=0.000067  (mins eff: ADX>=8.0, BBbw>=0.0010, ATR%>=0.000050)
2025-09-02 20:42:06,360 [Gate] Regime fail
2025-09-02 20:43:07,064 [HB] PnL=0.00 | ConsecLoss=0 | Blocked=no | ATRt=1.7
2025-09-02 20:43:07,065 [REGIME] ADX=20.5  BBbw=0.0003  ATR%=0.000065  (mins eff: ADX>=8.0, BBbw>=0.0010, ATR%>=0.000050)
2025-09-02 20:43:07,065 [Gate] Regime fail
2025-09-02 20:44:06,302 [HB] PnL=0.00 | ConsecLoss=0 | Blocked=no | ATRt=1.7
2025-09-02 20:44:06,302 [REGIME] ADX=20.4  BBbw=0.0003  ATR%=0.000065  (mins eff: ADX>=8.0, BBbw>=0.0010, ATR%>=0.000050)
2025-09-02 20:44:06,303 [Gate] Regime fail
2025-09-02 20:45:06,963 [HB] PnL=0.00 | ConsecLoss=0 | Blocked=no | ATRt=1.7
2025-09-02 20:45:06,964 [REGIME] ADX=20.4  BBbw=0.0003  ATR%=0.000066  (mins eff: ADX>=8.0, BBbw>=0.0010, ATR%>=0.000050)
2025-09-02 20:45:06,964 [Gate] Regime fail
2025-09-02 20:46:06,934 [HB] PnL=0.00 | ConsecLoss=0 | Blocked=no | ATRt=1.9
2025-09-02 20:46:06,935 [REGIME] ADX=21.2  BBbw=0.0004  ATR%=0.000073  (mins eff: ADX>=8.0, BBbw>=0.0010, ATR%>=0.000050)
2025-09-02 20:46:06,935 [Gate] Regime fail
2025-09-02 20:47:06,877 [HB] PnL=0.00 | ConsecLoss=0 | Blocked=no | ATRt=1.8
2025-09-02 20:47:06,878 [REGIME] ADX=22.2  BBbw=0.0005  ATR%=0.000070  (mins eff: ADX>=8.0, BBbw>=0.0010, ATR%>=0.000050)
2025-09-02 20:47:06,878 [Gate] Regime fail
2025-09-02 20:48:06,829 [HB] PnL=0.00 | ConsecLoss=0 | Blocked=no | ATRt=1.8
2025-09-02 20:48:06,829 [REGIME] ADX=22.2  BBbw=0.0006  ATR%=0.000071  (mins eff: ADX>=8.0, BBbw>=0.0010, ATR%>=0.000050)
2025-09-02 20:48:06,830 [Gate] Regime fail
2025-09-02 20:49:06,739 [HB] PnL=0.00 | ConsecLoss=0 | Blocked=no | ATRt=1.8
2025-09-02 20:49:06,740 [REGIME] ADX=22.7  BBbw=0.0006  ATR%=0.000071  (mins eff: ADX>=8.0, BBbw>=0.0010, ATR%>=0.000050)
2025-09-02 20:49:06,740 [Gate] Regime fail
2025-09-02 20:50:06,673 [HB] PnL=0.00 | ConsecLoss=0 | Blocked=no | ATRt=1.8
2025-09-02 20:50:06,673 [REGIME] ADX=22.8  BBbw=0.0007  ATR%=0.000069  (mins eff: ADX>=8.0, BBbw>=0.0010, ATR%>=0.000050)
2025-09-02 20:50:06,674 [Gate] Regime fail
2025-09-02 20:51:06,909 [HB] PnL=0.00 | ConsecLoss=0 | Blocked=no | ATRt=1.7
2025-09-02 20:51:06,909 [REGIME] ADX=23.1  BBbw=0.0007  ATR%=0.000067  (mins eff: ADX>=8.0, BBbw>=0.0010, ATR%>=0.000050)
2025-09-02 20:51:06,909 [Gate] Regime fail
2025-09-02 20:52:06,849 [HB] PnL=0.00 | ConsecLoss=0 | Blocked=no | ATRt=1.9
2025-09-02 20:52:06,849 [REGIME] ADX=24.1  BBbw=0.0007  ATR%=0.000073  (mins eff: ADX>=8.0, BBbw>=0.0010, ATR%>=0.000050)
2025-09-02 20:52:06,850 [Gate] Regime fail
2025-09-02 20:53:06,339 [HB] PnL=0.00 | ConsecLoss=0 | Blocked=no | ATRt=1.9
2025-09-02 20:53:06,339 [REGIME] ADX=25.4  BBbw=0.0008  ATR%=0.000073  (mins eff: ADX>=8.0, BBbw>=0.0010, ATR%>=0.000050)
2025-09-02 20:53:06,339 [Gate] Regime fail
2025-09-02 20:54:06,385 [HB] PnL=0.00 | ConsecLoss=0 | Blocked=no | ATRt=1.8
2025-09-02 20:54:06,386 [REGIME] ADX=26.7  BBbw=0.0008  ATR%=0.000068  (mins eff: ADX>=8.0, BBbw>=0.0010, ATR%>=0.000050)
2025-09-02 20:54:06,386 [Gate] Regime fail
2025-09-02 20:55:07,089 [HB] PnL=0.00 | ConsecLoss=0 | Blocked=no | ATRt=1.8
2025-09-02 20:55:07,089 [REGIME] ADX=26.8  BBbw=0.0008  ATR%=0.000069  (mins eff: ADX>=8.0, BBbw>=0.0010, ATR%>=0.000050)
2025-09-02 20:55:07,090 [Gate] Regime fail
2025-09-02 20:56:06,380 [HB] PnL=0.00 | ConsecLoss=0 | Blocked=no | ATRt=1.7
2025-09-02 20:56:06,381 [REGIME] ADX=26.6  BBbw=0.0008  ATR%=0.000067  (mins eff: ADX>=8.0, BBbw>=0.0010, ATR%>=0.000050)
2025-09-02 20:56:06,381 [Gate] Regime fail
2025-09-02 20:57:07,008 [HB] PnL=0.00 | ConsecLoss=0 | Blocked=no | ATRt=1.6
2025-09-02 20:57:07,009 [REGIME] ADX=26.3  BBbw=0.0007  ATR%=0.000062  (mins eff: ADX>=8.0, BBbw>=0.0010, ATR%>=0.000050)
2025-09-02 20:57:07,009 [Gate] Regime fail
2025-09-02 20:58:06,997 [HB] PnL=0.00 | ConsecLoss=0 | Blocked=no | ATRt=1.6
2025-09-02 20:58:06,997 [REGIME] ADX=25.6  BBbw=0.0007  ATR%=0.000060  (mins eff: ADX>=8.0, BBbw>=0.0010, ATR%>=0.000050)
2025-09-02 20:58:06,997 [Gate] Regime fail
2025-09-02 20:59:07,014 [HB] PnL=0.00 | ConsecLoss=0 | Blocked=no | ATRt=1.5
2025-09-02 20:59:07,014 [REGIME] ADX=25.3  BBbw=0.0006  ATR%=0.000059  (mins eff: ADX>=8.0, BBbw>=0.0010, ATR%>=0.000050)
2025-09-02 20:59:07,014 [Gate] Regime fail
2025-09-02 21:00:06,975 [HB] PnL=0.00 | ConsecLoss=0 | Blocked=no | ATRt=1.7
2025-09-02 21:00:06,975 [REGIME] ADX=26.0  BBbw=0.0005  ATR%=0.000066  (mins eff: ADX>=8.0, BBbw>=0.0010, ATR%>=0.000050)
2025-09-02 21:00:06,976 [Gate] Regime fail
2025-09-02 21:01:06,998 [HB] PnL=0.00 | ConsecLoss=0 | Blocked=no | ATRt=1.7
2025-09-02 21:01:06,998 [REGIME] ADX=26.7  BBbw=0.0005  ATR%=0.000067  (mins eff: ADX>=8.0, BBbw>=0.0010, ATR%>=0.000050)
2025-09-02 21:01:06,999 [Gate] Regime fail
2025-09-02 21:02:06,744 [HB] PnL=0.00 | ConsecLoss=0 | Blocked=no | ATRt=1.6
2025-09-02 21:02:06,745 [REGIME] ADX=27.4  BBbw=0.0004  ATR%=0.000062  (mins eff: ADX>=8.0, BBbw>=0.0010, ATR%>=0.000050)
2025-09-02 21:02:06,745 [Gate] Regime fail
2025-09-02 21:03:06,402 [HB] PnL=0.00 | ConsecLoss=0 | Blocked=no | ATRt=1.5
2025-09-02 21:03:06,402 [REGIME] ADX=28.0  BBbw=0.0003  ATR%=0.000057  (mins eff: ADX>=8.0, BBbw>=0.0010, ATR%>=0.000050)
2025-09-02 21:03:06,403 [Gate] Regime fail
2025-09-02 21:04:06,793 [HB] PnL=0.00 | ConsecLoss=0 | Blocked=no | ATRt=1.4
2025-09-02 21:04:06,795 [REGIME] ADX=28.0  BBbw=0.0003  ATR%=0.000056  (mins eff: ADX>=8.0, BBbw>=0.0010, ATR%>=0.000050)
2025-09-02 21:04:06,795 [Gate] Regime fail
2025-09-02 21:05:06,441 [HB] PnL=0.00 | ConsecLoss=0 | Blocked=no | ATRt=1.4
2025-09-02 21:05:06,442 [REGIME] ADX=28.0  BBbw=0.0002  ATR%=0.000055  (mins eff: ADX>=8.0, BBbw>=0.0010, ATR%>=0.000050)
2025-09-02 21:05:06,442 [Gate] Regime fail
2025-09-02 21:06:06,843 [HB] PnL=0.00 | ConsecLoss=0 | Blocked=no | ATRt=1.5
2025-09-02 21:06:06,844 [REGIME] ADX=26.8  BBbw=0.0003  ATR%=0.000059  (mins eff: ADX>=8.0, BBbw>=0.0010, ATR%>=0.000050)
2025-09-02 21:06:06,844 [Gate] Regime fail
2025-09-02 21:07:06,457 [HB] PnL=0.00 | ConsecLoss=0 | Blocked=no | ATRt=1.4
2025-09-02 21:07:06,457 [REGIME] ADX=25.8  BBbw=0.0003  ATR%=0.000055  (mins eff: ADX>=8.0, BBbw>=0.0010, ATR%>=0.000050)
2025-09-02 21:07:06,457 [Gate] Regime fail
2025-09-02 21:08:06,763 [HB] PnL=0.00 | ConsecLoss=0 | Blocked=no | ATRt=1.4
2025-09-02 21:08:06,764 [REGIME] ADX=24.3  BBbw=0.0003  ATR%=0.000054  (mins eff: ADX>=8.0, BBbw>=0.0010, ATR%>=0.000050)
2025-09-02 21:08:06,764 [Gate] Regime fail
2025-09-02 21:09:07,079 [HB] PnL=0.00 | ConsecLoss=0 | Blocked=no | ATRt=1.4
2025-09-02 21:09:07,079 [REGIME] ADX=23.4  BBbw=0.0003  ATR%=0.000053  (mins eff: ADX>=8.0, BBbw>=0.0010, ATR%>=0.000050)
2025-09-02 21:09:07,079 [Gate] Regime fail
2025-09-02 21:10:06,676 [HB] PnL=0.00 | ConsecLoss=0 | Blocked=no | ATRt=1.3
2025-09-02 21:10:06,677 [REGIME] ADX=22.9  BBbw=0.0003  ATR%=0.000052  (mins eff: ADX>=8.0, BBbw>=0.0010, ATR%>=0.000050)
2025-09-02 21:10:06,677 [Gate] Regime fail
2025-09-02 21:11:07,021 [HB] PnL=0.00 | ConsecLoss=0 | Blocked=no | ATRt=1.4
2025-09-02 21:11:07,022 [REGIME] ADX=23.2  BBbw=0.0003  ATR%=0.000054  (mins eff: ADX>=8.0, BBbw>=0.0010, ATR%>=0.000050)
2025-09-02 21:11:07,022 [Gate] Regime fail
2025-09-02 21:12:06,643 [HB] PnL=0.00 | ConsecLoss=0 | Blocked=no | ATRt=1.4
2025-09-02 21:12:06,643 [REGIME] ADX=23.0  BBbw=0.0003  ATR%=0.000053  (mins eff: ADX>=8.0, BBbw>=0.0010, ATR%>=0.000050)
2025-09-02 21:12:06,643 [Gate] Regime fail
2025-09-02 21:13:07,072 [HB] PnL=0.00 | ConsecLoss=0 | Blocked=no | ATRt=1.4
2025-09-02 21:13:07,073 [REGIME] ADX=21.7  BBbw=0.0002  ATR%=0.000054  (mins eff: ADX>=8.0, BBbw>=0.0010, ATR%>=0.000050)
2025-09-02 21:13:07,073 [Gate] Regime fail
2025-09-02 21:14:06,738 [HB] PnL=0.00 | ConsecLoss=0 | Blocked=no | ATRt=1.5
2025-09-02 21:14:06,738 [REGIME] ADX=21.3  BBbw=0.0002  ATR%=0.000059  (mins eff: ADX>=8.0, BBbw>=0.0010, ATR%>=0.000050)
2025-09-02 21:14:06,739 [Gate] Regime fail
2025-09-02 21:15:06,927 [HB] PnL=0.00 | ConsecLoss=0 | Blocked=no | ATRt=1.5
2025-09-02 21:15:06,928 [REGIME] ADX=20.0  BBbw=0.0002  ATR%=0.000060  (mins eff: ADX>=8.0, BBbw>=0.0010, ATR%>=0.000050)
2025-09-02 21:15:06,928 [Gate] Regime fail
2025-09-02 21:16:06,655 [HB] PnL=0.00 | ConsecLoss=0 | Blocked=no | ATRt=1.5
2025-09-02 21:16:06,655 [REGIME] ADX=18.8  BBbw=0.0002  ATR%=0.000059  (mins eff: ADX>=8.0, BBbw>=0.0010, ATR%>=0.000050)
2025-09-02 21:16:06,656 [Gate] Regime fail
2025-09-02 21:17:06,335 [HB] PnL=0.00 | ConsecLoss=0 | Blocked=no | ATRt=1.5
2025-09-02 21:17:06,335 [REGIME] ADX=18.1  BBbw=0.0002  ATR%=0.000057  (mins eff: ADX>=8.0, BBbw>=0.0010, ATR%>=0.000050)
2025-09-02 21:17:06,336 [Gate] Regime fail
2025-09-02 21:18:06,411 [HB] PnL=0.00 | ConsecLoss=0 | Blocked=no | ATRt=1.4
2025-09-02 21:18:06,412 [REGIME] ADX=17.8  BBbw=0.0002  ATR%=0.000056  (mins eff: ADX>=8.0, BBbw>=0.0010, ATR%>=0.000050)
2025-09-02 21:18:06,412 [Gate] Regime fail
2025-09-02 21:19:06,395 [HB] PnL=0.00 | ConsecLoss=0 | Blocked=no | ATRt=1.5
2025-09-02 21:19:06,396 [REGIME] ADX=16.6  BBbw=0.0002  ATR%=0.000057  (mins eff: ADX>=8.0, BBbw>=0.0010, ATR%>=0.000050)
2025-09-02 21:19:06,396 [Gate] Regime fail
2025-09-02 21:20:06,706 [HB] PnL=0.00 | ConsecLoss=0 | Blocked=no | ATRt=1.5
2025-09-02 21:20:06,707 [REGIME] ADX=16.3  BBbw=0.0002  ATR%=0.000059  (mins eff: ADX>=8.0, BBbw>=0.0010, ATR%>=0.000050)
2025-09-02 21:20:06,707 [Gate] Regime fail
2025-09-02 21:21:07,047 [HB] PnL=0.00 | ConsecLoss=0 | Blocked=no | ATRt=1.6
2025-09-02 21:21:07,048 [REGIME] ADX=15.2  BBbw=0.0002  ATR%=0.000060  (mins eff: ADX>=8.0, BBbw>=0.0010, ATR%>=0.000050)
2025-09-02 21:21:07,048 [Gate] Regime fail
2025-09-02 21:22:06,770 [HB] PnL=0.00 | ConsecLoss=0 | Blocked=no | ATRt=1.6
2025-09-02 21:22:06,771 [REGIME] ADX=14.1  BBbw=0.0002  ATR%=0.000062  (mins eff: ADX>=8.0, BBbw>=0.0010, ATR%>=0.000050)
2025-09-02 21:22:06,771 [Gate] Regime fail
2025-09-02 21:23:06,425 [HB] PnL=0.00 | ConsecLoss=0 | Blocked=no | ATRt=1.6
2025-09-02 21:23:06,425 [REGIME] ADX=13.1  BBbw=0.0002  ATR%=0.000063  (mins eff: ADX>=8.0, BBbw>=0.0010, ATR%>=0.000050)
2025-09-02 21:23:06,425 [Gate] Regime fail
2025-09-02 21:24:06,893 [HB] PnL=0.00 | ConsecLoss=0 | Blocked=no | ATRt=1.6
2025-09-02 21:24:06,893 [REGIME] ADX=12.2  BBbw=0.0002  ATR%=0.000061  (mins eff: ADX>=8.0, BBbw>=0.0010, ATR%>=0.000050)
2025-09-02 21:24:06,893 [Gate] Regime fail
