2025-08-27 14:24:59,898 ================== PAPER MODE ==================
2025-08-27 14:24:59,899 Host:127.0.0.1  Port:7497  ClientId:1014
2025-08-27 14:24:59,899 Paper account required (TWS/Gateway set to Paper). Orders WILL be sent (paper).
2025-08-27 14:24:59,899 Writing log to logs\run_Wed0827_142459.log
2025-08-27 14:24:59,900 [CONNECT] Attempt 1/8 to 127.0.0.1:7497 (clientId=1014, timeout=60s)
2025-08-27 14:25:00,463 Connected 127.0.0.1:7497 clientId=1014 | Market data type: LIVE (1)
2025-08-27 14:25:00,463 [AUTO] Selecting front quarter for ES/CME ...
2025-08-27 14:25:00,501 [AUTO] Front month chosen: ESU5 exp=20250919
2025-08-27 14:25:00,504 Using contract: ESU5  (conId=637533641)
2025-08-27 14:25:00,505 [RISK] Daily loss cap: $1,250.00
2025-08-27 14:25:00,824 [WARMUP] Loaded 6805 historical 1m bars.
2025-08-27 14:25:00,893 >> LIVE paper trading with playbooks + bracket partials. Ctrl+C to stop.
2025-08-27 14:25:06,809 [HB] PnL=0.00 | ConsecLoss=0 | Blocked=no | ATRt=6.7 | Sprd=1.0
2025-08-27 14:25:06,810 [REGIME] ADX=48.9  BBbw=0.0014  ATR%=0.000257  (mins eff: ADX>=6.0, BBbw>=0.0007, ATR%>=0.000050)
2025-08-27 14:26:06,821 [HB] PnL=0.00 | ConsecLoss=0 | Blocked=no | ATRt=6.7 | Sprd=1.0
2025-08-27 14:26:06,822 [REGIME] ADX=46.8  BBbw=0.0013  ATR%=0.000258  (mins eff: ADX>=6.0, BBbw>=0.0007, ATR%>=0.000050)
2025-08-27 14:27:06,968 [HB] PnL=0.00 | ConsecLoss=0 | Blocked=no | ATRt=6.4 | Sprd=1.0
2025-08-27 14:27:06,969 [REGIME] ADX=45.2  BBbw=0.0013  ATR%=0.000245  (mins eff: ADX>=6.0, BBbw>=0.0007, ATR%>=0.000050)
2025-08-27 14:28:07,134 [HB] PnL=0.00 | ConsecLoss=0 | Blocked=no | ATRt=6.2 | Sprd=1.0
2025-08-27 14:28:07,135 [REGIME] ADX=44.1  BBbw=0.0012  ATR%=0.000239  (mins eff: ADX>=6.0, BBbw>=0.0007, ATR%>=0.000050)
2025-08-27 14:29:06,333 [HB] PnL=0.00 | ConsecLoss=0 | Blocked=no | ATRt=5.8 | Sprd=1.0
2025-08-27 14:29:06,334 [REGIME] ADX=43.0  BBbw=0.0011  ATR%=0.000224  (mins eff: ADX>=6.0, BBbw>=0.0007, ATR%>=0.000050)
2025-08-27 14:30:06,817 [HB] PnL=0.00 | ConsecLoss=0 | Blocked=no | ATRt=6.0 | Sprd=1.0
2025-08-27 14:30:06,817 [REGIME] ADX=40.3  BBbw=0.0011  ATR%=0.000230  (mins eff: ADX>=6.0, BBbw>=0.0007, ATR%>=0.000050)
2025-08-27 14:31:07,038 [HB] PnL=0.00 | ConsecLoss=0 | Blocked=no | ATRt=5.7 | Sprd=1.0
2025-08-27 14:31:07,039 [REGIME] ADX=37.8  BBbw=0.0011  ATR%=0.000219  (mins eff: ADX>=6.0, BBbw>=0.0007, ATR%>=0.000050)
2025-08-27 14:32:06,371 [HB] PnL=0.00 | ConsecLoss=0 | Blocked=no | ATRt=5.5 | Sprd=1.0
2025-08-27 14:32:06,371 [REGIME] ADX=35.3  BBbw=0.0009  ATR%=0.000212  (mins eff: ADX>=6.0, BBbw>=0.0007, ATR%>=0.000050)
2025-08-27 14:33:06,958 [HB] PnL=0.00 | ConsecLoss=0 | Blocked=no | ATRt=5.3 | Sprd=1.0
2025-08-27 14:33:06,958 [REGIME] ADX=33.1  BBbw=0.0009  ATR%=0.000202  (mins eff: ADX>=6.0, BBbw>=0.0007, ATR%>=0.000050)
2025-08-27 14:34:06,228 [HB] PnL=0.00 | ConsecLoss=0 | Blocked=no | ATRt=5.0 | Sprd=1.0
2025-08-27 14:34:06,228 [REGIME] ADX=30.8  BBbw=0.0007  ATR%=0.000193  (mins eff: ADX>=6.0, BBbw>=0.0007, ATR%>=0.000050)
2025-08-27 14:35:06,759 [HB] PnL=0.00 | ConsecLoss=0 | Blocked=no | ATRt=4.9 | Sprd=1.0
2025-08-27 14:35:06,760 [REGIME] ADX=29.1  BBbw=0.0006  ATR%=0.000188  (mins eff: ADX>=6.0, BBbw>=0.0007, ATR%>=0.000050)
2025-08-27 14:35:06,761 [Gate] Regime fail
2025-08-27 14:36:06,232 [HB] PnL=0.00 | ConsecLoss=0 | Blocked=no | ATRt=4.9 | Sprd=1.0
2025-08-27 14:36:06,233 [REGIME] ADX=28.2  BBbw=0.0007  ATR%=0.000188  (mins eff: ADX>=6.0, BBbw>=0.0007, ATR%>=0.000050)
2025-08-27 14:36:06,234 [Gate] Regime fail
2025-08-27 14:37:06,959 [HB] PnL=0.00 | ConsecLoss=0 | Blocked=no | ATRt=4.6 | Sprd=1.0
2025-08-27 14:37:06,959 [REGIME] ADX=27.4  BBbw=0.0007  ATR%=0.000177  (mins eff: ADX>=6.0, BBbw>=0.0007, ATR%>=0.000050)
2025-08-27 14:37:06,960 [Gate] Regime fail
2025-08-27 14:38:07,079 [HB] PnL=0.00 | ConsecLoss=0 | Blocked=no | ATRt=4.4 | Sprd=1.0
2025-08-27 14:38:07,080 [REGIME] ADX=26.4  BBbw=0.0007  ATR%=0.000167  (mins eff: ADX>=6.0, BBbw>=0.0007, ATR%>=0.000050)
2025-08-27 14:38:07,081 [Gate] Regime fail
2025-08-27 14:39:06,082 [HB] PnL=0.00 | ConsecLoss=0 | Blocked=no | ATRt=4.7 | Sprd=1.0
2025-08-27 14:39:06,083 [REGIME] ADX=26.8  BBbw=0.0009  ATR%=0.000180  (mins eff: ADX>=6.0, BBbw>=0.0007, ATR%>=0.000050)
2025-08-27 14:40:06,659 [HB] PnL=0.00 | ConsecLoss=0 | Blocked=no | ATRt=4.5 | Sprd=1.0
2025-08-27 14:40:06,660 [REGIME] ADX=27.3  BBbw=0.0010  ATR%=0.000173  (mins eff: ADX>=6.0, BBbw>=0.0007, ATR%>=0.000050)
2025-08-27 14:41:06,346 [HB] PnL=0.00 | ConsecLoss=0 | Blocked=no | ATRt=4.2 | Sprd=1.0
2025-08-27 14:41:06,346 [REGIME] ADX=27.7  BBbw=0.0010  ATR%=0.000163  (mins eff: ADX>=6.0, BBbw>=0.0007, ATR%>=0.000050)
2025-08-27 14:42:07,075 [HB] PnL=0.00 | ConsecLoss=0 | Blocked=no | ATRt=4.0 | Sprd=1.0
2025-08-27 14:42:07,075 [REGIME] ADX=28.3  BBbw=0.0011  ATR%=0.000154  (mins eff: ADX>=6.0, BBbw>=0.0007, ATR%>=0.000050)
