2025-09-03 14:16:46,550 ================== PAPER MODE ==================
2025-09-03 14:16:46,551 Host:127.0.0.1  Port:7497  ClientId:19
2025-09-03 14:16:46,551 Paper account required (TWS/Gateway set to Paper). Orders WILL be sent (paper).
2025-09-03 14:16:46,551 Writing log to logs\run_Wed0903_141646.log
2025-09-03 14:16:58,558 [PING 1] failed: TimeoutError: 
2025-09-03 14:17:00,084 [PING 2] clientId=40020 connected: True
2025-09-03 14:17:00,084 [CONNECT] Attempt 1/8 to 127.0.0.1:7497 (clientId=19, timeout=60s)
2025-09-03 14:17:00,394 Connected 127.0.0.1:7497 clientId=19 | Market data type: LIVE (1)
2025-09-03 14:17:00,412 Using contract: ESU5  (conId=637533641)
2025-09-03 14:17:00,412 [AUTOROLL] Will warn 7 days before expiry (print-only).
2025-09-03 14:17:00,412 [RISK] Daily loss cap: $1,250.00
2025-09-03 14:17:00,440 [WARMUP] No historical data.
2025-09-03 14:17:00,441 >> LIVE paper trading with adaptive chooser + promotion ladder. Ctrl+C to stop.
2025-09-03 14:29:18,674 [Gate] MinBars fail (1/400) RTH
2025-09-03 14:30:05,381 [Gate] MinBars fail (2/400) RTH
2025-09-03 14:31:05,773 [Gate] MinBars fail (3/400) RTH
2025-09-03 14:32:05,289 [Gate] MinBars fail (4/400) RTH
2025-09-03 14:33:05,909 [Gate] MinBars fail (5/400) RTH
2025-09-03 14:34:05,553 [Gate] MinBars fail (6/400) RTH
2025-09-03 14:35:05,244 [Gate] MinBars fail (7/400) RTH
2025-09-03 14:36:05,562 [Gate] MinBars fail (8/400) RTH
2025-09-03 14:37:05,852 [Gate] MinBars fail (9/400) RTH
2025-09-03 14:38:06,239 [Gate] MinBars fail (10/400) RTH
2025-09-03 14:39:05,865 [Gate] MinBars fail (11/400) RTH
2025-09-03 14:40:05,514 [Gate] MinBars fail (12/400) RTH
2025-09-03 14:41:05,860 [Gate] MinBars fail (13/400) RTH
2025-09-03 14:42:06,106 [Gate] MinBars fail (14/400) RTH
2025-09-03 14:43:05,212 [Gate] MinBars fail (15/400) RTH
2025-09-03 14:44:05,712 [Gate] MinBars fail (16/400) RTH
2025-09-03 14:45:05,426 [Gate] MinBars fail (17/400) RTH
2025-09-03 14:46:05,790 [Gate] MinBars fail (18/400) RTH
2025-09-03 14:47:06,050 [Gate] MinBars fail (19/400) RTH
2025-09-03 14:48:05,719 [Gate] MinBars fail (20/400) RTH
2025-09-03 14:49:05,320 [Gate] MinBars fail (21/400) RTH
2025-09-03 14:50:05,676 [Gate] MinBars fail (22/400) RTH
2025-09-03 14:51:05,598 [Gate] MinBars fail (23/400) RTH
2025-09-03 14:52:05,408 [Gate] MinBars fail (24/400) RTH
2025-09-03 14:53:05,938 [Gate] MinBars fail (25/400) RTH
2025-09-03 14:54:05,487 [Gate] MinBars fail (26/400) RTH
2025-09-03 14:55:05,144 [Gate] MinBars fail (27/400) RTH
2025-09-03 14:56:05,158 [Gate] MinBars fail (28/400) RTH
2025-09-03 14:57:05,336 [Gate] MinBars fail (29/400) RTH
2025-09-03 14:58:05,567 [Gate] MinBars fail (30/400) RTH
2025-09-03 14:59:05,113 [Gate] MinBars fail (31/400) RTH
2025-09-03 15:00:05,423 [Gate] MinBars fail (32/120) OVN
2025-09-03 15:01:05,686 [Gate] MinBars fail (33/120) OVN
2025-09-03 15:02:05,771 [Gate] MinBars fail (34/120) OVN
2025-09-03 15:03:05,481 [Gate] MinBars fail (35/120) OVN
2025-09-03 15:04:05,186 [Gate] MinBars fail (36/120) OVN
2025-09-03 15:05:05,462 [Gate] MinBars fail (37/120) OVN
2025-09-03 15:06:05,762 [Gate] MinBars fail (38/120) OVN
2025-09-03 15:07:05,499 [Gate] MinBars fail (39/120) OVN
2025-09-03 15:08:05,921 [Gate] MinBars fail (40/120) OVN
2025-09-03 15:09:05,845 [Gate] MinBars fail (41/120) OVN
2025-09-03 15:10:06,176 [Gate] MinBars fail (42/120) OVN
2025-09-03 15:11:05,820 [Gate] MinBars fail (43/120) OVN
2025-09-03 15:12:05,553 [Gate] MinBars fail (44/120) OVN
2025-09-03 15:13:05,967 [Gate] MinBars fail (45/120) OVN
2025-09-03 15:14:06,386 [Gate] MinBars fail (46/120) OVN
2025-09-03 15:15:06,246 [Gate] MinBars fail (47/120) OVN
2025-09-03 15:16:06,250 [Gate] MinBars fail (48/120) OVN
2025-09-03 15:17:05,868 [Gate] MinBars fail (49/120) OVN
2025-09-03 15:18:05,704 [Gate] MinBars fail (50/120) OVN
2025-09-03 15:19:06,244 [Gate] MinBars fail (51/120) OVN
2025-09-03 15:20:06,158 [Gate] MinBars fail (52/120) OVN
2025-09-03 15:21:06,102 [Gate] MinBars fail (53/120) OVN
2025-09-03 15:22:05,930 [Gate] MinBars fail (54/120) OVN
2025-09-03 15:23:06,279 [Gate] MinBars fail (55/120) OVN
2025-09-03 15:24:05,160 [Gate] MinBars fail (56/120) OVN
2025-09-03 15:25:06,307 [Gate] MinBars fail (57/120) OVN
2025-09-03 15:26:05,994 [Gate] MinBars fail (58/120) OVN
2025-09-03 15:27:05,715 [Gate] MinBars fail (59/120) OVN
2025-09-03 15:28:06,066 [Gate] MinBars fail (60/120) OVN
2025-09-03 15:29:05,755 [Gate] MinBars fail (61/120) OVN
2025-09-03 15:30:06,170 [Gate] MinBars fail (62/120) OVN
2025-09-03 15:31:05,884 [Gate] MinBars fail (63/120) OVN
2025-09-03 15:32:05,522 [Gate] MinBars fail (64/120) OVN
2025-09-03 15:33:05,935 [Gate] MinBars fail (65/120) OVN
2025-09-03 15:34:06,398 [Gate] MinBars fail (66/120) OVN
2025-09-03 15:35:06,071 [Gate] MinBars fail (67/120) OVN
2025-09-03 15:36:05,852 [Gate] MinBars fail (68/120) OVN
2025-09-03 15:37:06,256 [Gate] MinBars fail (69/120) OVN
2025-09-03 15:38:05,845 [Gate] MinBars fail (70/120) OVN
2025-09-03 15:39:05,724 [Gate] MinBars fail (71/120) OVN
2025-09-03 15:40:05,638 [Gate] MinBars fail (72/120) OVN
2025-09-03 15:41:05,996 [Gate] MinBars fail (73/120) OVN
2025-09-03 15:42:06,358 [Gate] MinBars fail (74/120) OVN
2025-09-03 15:43:06,012 [Gate] MinBars fail (75/120) OVN
2025-09-03 15:44:05,787 [Gate] MinBars fail (76/120) OVN
2025-09-03 15:45:05,965 [Gate] MinBars fail (77/120) OVN
2025-09-03 15:46:06,346 [Gate] MinBars fail (78/120) OVN
2025-09-03 15:47:06,208 [Gate] MinBars fail (79/120) OVN
2025-09-03 15:48:05,861 [Gate] MinBars fail (80/120) OVN
2025-09-03 15:49:05,798 [Gate] MinBars fail (81/120) OVN
2025-09-03 15:50:05,779 [Gate] MinBars fail (82/120) OVN
2025-09-03 15:51:06,186 [Gate] MinBars fail (83/120) OVN
2025-09-03 15:52:05,957 [Gate] MinBars fail (84/120) OVN
2025-09-03 15:53:06,365 [Gate] MinBars fail (85/120) OVN
2025-09-03 15:54:05,988 [Gate] MinBars fail (86/120) OVN
2025-09-03 15:55:06,172 [Gate] MinBars fail (87/120) OVN
2025-09-03 15:56:06,454 [Gate] MinBars fail (88/120) OVN
2025-09-03 15:57:06,170 [Gate] MinBars fail (89/120) OVN
2025-09-03 15:58:05,799 [Gate] MinBars fail (90/120) OVN
2025-09-03 15:59:06,405 [Gate] MinBars fail (91/120) OVN
2025-09-03 17:00:01,882 [Gate] MinBars fail (92/120) OVN
2025-09-03 17:01:06,253 [Gate] MinBars fail (93/120) OVN
2025-09-03 17:02:05,972 [Gate] MinBars fail (94/120) OVN
2025-09-03 17:03:05,475 [Gate] MinBars fail (95/120) OVN
2025-09-03 17:04:06,446 [Gate] MinBars fail (96/120) OVN
2025-09-03 17:05:05,824 [Gate] MinBars fail (97/120) OVN
2025-09-03 17:06:06,298 [Gate] MinBars fail (98/120) OVN
2025-09-03 17:07:05,820 [Gate] MinBars fail (99/120) OVN
2025-09-03 17:08:05,870 [Gate] MinBars fail (100/120) OVN
2025-09-03 17:09:05,783 [Gate] MinBars fail (101/120) OVN
2025-09-03 17:10:06,091 [Gate] MinBars fail (102/120) OVN
2025-09-03 17:11:05,563 [Gate] MinBars fail (103/120) OVN
2025-09-03 17:12:06,198 [Gate] MinBars fail (104/120) OVN
2025-09-03 17:13:06,133 [Gate] MinBars fail (105/120) OVN
2025-09-03 17:14:06,293 [Gate] MinBars fail (106/120) OVN
2025-09-03 17:15:05,972 [Gate] MinBars fail (107/120) OVN
2025-09-03 17:16:06,404 [Gate] MinBars fail (108/120) OVN
2025-09-03 17:17:06,087 [Gate] MinBars fail (109/120) OVN
2025-09-03 17:18:05,789 [Gate] MinBars fail (110/120) OVN
2025-09-03 17:19:06,209 [Gate] MinBars fail (111/120) OVN
2025-09-03 17:20:05,899 [Gate] MinBars fail (112/120) OVN
2025-09-03 17:21:05,826 [Gate] MinBars fail (113/120) OVN
2025-09-03 17:22:06,284 [Gate] MinBars fail (114/120) OVN
2025-09-03 17:23:05,991 [Gate] MinBars fail (115/120) OVN
2025-09-03 17:24:06,353 [Gate] MinBars fail (116/120) OVN
2025-09-03 17:25:06,257 [Gate] MinBars fail (117/120) OVN
2025-09-03 17:26:06,153 [Gate] MinBars fail (118/120) OVN
2025-09-03 17:27:06,047 [Gate] MinBars fail (119/120) OVN
2025-09-03 17:28:05,815 [HB] PnL=0.00 | ConsecLoss=0 | Blocked=no | ATRt=1.6 | Sprd=1.0
2025-09-03 17:28:05,815 [REGIME] ADX=19.6  BBbw=0.0005  ATR%=0.000060  (mins eff: ADX>=8.0, BBbw>=0.0010, ATR%>=0.000050)
2025-09-03 17:28:05,845 [Gate] Regime fail
2025-09-03 17:29:06,032 [HB] PnL=0.00 | ConsecLoss=0 | Blocked=no | ATRt=1.5 | Sprd=1.0
2025-09-03 17:29:06,032 [REGIME] ADX=20.4  BBbw=0.0005  ATR%=0.000059  (mins eff: ADX>=8.0, BBbw>=0.0010, ATR%>=0.000050)
2025-09-03 17:29:06,033 [Gate] Regime fail
2025-09-03 17:30:06,523 [HB] PnL=0.00 | ConsecLoss=0 | Blocked=no | ATRt=1.5 | Sprd=1.0
2025-09-03 17:30:06,523 [REGIME] ADX=21.4  BBbw=0.0006  ATR%=0.000057  (mins eff: ADX>=8.0, BBbw>=0.0010, ATR%>=0.000050)
2025-09-03 17:30:06,523 [Gate] Regime fail
2025-09-03 17:31:06,216 [HB] PnL=0.00 | ConsecLoss=0 | Blocked=no | ATRt=1.6 | Sprd=1.0
2025-09-03 17:31:06,217 [REGIME] ADX=21.2  BBbw=0.0006  ATR%=0.000062  (mins eff: ADX>=8.0, BBbw>=0.0010, ATR%>=0.000050)
2025-09-03 17:31:06,217 [Gate] Regime fail
2025-09-03 17:32:05,890 [HB] PnL=0.00 | ConsecLoss=0 | Blocked=no | ATRt=1.6 | Sprd=1.0
2025-09-03 17:32:05,890 [REGIME] ADX=20.2  BBbw=0.0005  ATR%=0.000063  (mins eff: ADX>=8.0, BBbw>=0.0010, ATR%>=0.000050)
2025-09-03 17:32:05,890 [Gate] Regime fail
2025-09-03 17:33:06,404 [HB] PnL=0.00 | ConsecLoss=0 | Blocked=no | ATRt=1.6 | Sprd=1.0
2025-09-03 17:33:06,404 [REGIME] ADX=19.3  BBbw=0.0005  ATR%=0.000061  (mins eff: ADX>=8.0, BBbw>=0.0010, ATR%>=0.000050)
2025-09-03 17:33:06,404 [Gate] Regime fail
2025-09-03 17:34:06,087 [HB] PnL=0.00 | ConsecLoss=0 | Blocked=no | ATRt=1.6 | Sprd=1.0
2025-09-03 17:34:06,087 [REGIME] ADX=18.2  BBbw=0.0005  ATR%=0.000062  (mins eff: ADX>=8.0, BBbw>=0.0010, ATR%>=0.000050)
2025-09-03 17:34:06,087 [Gate] Regime fail
2025-09-03 17:35:06,450 [HB] PnL=0.00 | ConsecLoss=0 | Blocked=no | ATRt=1.7 | Sprd=1.0
2025-09-03 17:35:06,450 [REGIME] ADX=17.7  BBbw=0.0005  ATR%=0.000066  (mins eff: ADX>=8.0, BBbw>=0.0010, ATR%>=0.000050)
2025-09-03 17:35:06,451 [Gate] Regime fail
2025-09-03 17:36:05,823 [HB] PnL=0.00 | ConsecLoss=0 | Blocked=no | ATRt=1.7 | Sprd=1.0
2025-09-03 17:36:05,823 [REGIME] ADX=17.6  BBbw=0.0005  ATR%=0.000064  (mins eff: ADX>=8.0, BBbw>=0.0010, ATR%>=0.000050)
2025-09-03 17:36:05,823 [Gate] Regime fail
2025-09-03 17:37:06,266 [HB] PnL=0.00 | ConsecLoss=0 | Blocked=no | ATRt=1.7 | Sprd=1.0
2025-09-03 17:37:06,266 [REGIME] ADX=16.6  BBbw=0.0004  ATR%=0.000065  (mins eff: ADX>=8.0, BBbw>=0.0010, ATR%>=0.000050)
2025-09-03 17:37:06,267 [Gate] Regime fail
2025-09-03 17:38:05,924 [HB] PnL=0.00 | ConsecLoss=0 | Blocked=no | ATRt=1.6 | Sprd=1.0
2025-09-03 17:38:05,924 [REGIME] ADX=15.7  BBbw=0.0004  ATR%=0.000060  (mins eff: ADX>=8.0, BBbw>=0.0010, ATR%>=0.000050)
2025-09-03 17:38:05,925 [Gate] Regime fail
2025-09-03 17:39:05,851 [HB] PnL=0.00 | ConsecLoss=0 | Blocked=no | ATRt=1.4 | Sprd=1.0
2025-09-03 17:39:05,851 [REGIME] ADX=14.9  BBbw=0.0004  ATR%=0.000056  (mins eff: ADX>=8.0, BBbw>=0.0010, ATR%>=0.000050)
2025-09-03 17:39:05,851 [Gate] Regime fail
2025-09-03 17:40:06,251 [HB] PnL=0.00 | ConsecLoss=0 | Blocked=no | ATRt=1.4 | Sprd=1.0
2025-09-03 17:40:06,252 [REGIME] ADX=14.5  BBbw=0.0003  ATR%=0.000055  (mins eff: ADX>=8.0, BBbw>=0.0010, ATR%>=0.000050)
2025-09-03 17:40:06,252 [Gate] Regime fail
2025-09-03 17:41:05,884 [HB] PnL=0.00 | ConsecLoss=0 | Blocked=no | ATRt=1.5 | Sprd=1.0
2025-09-03 17:41:05,884 [REGIME] ADX=14.9  BBbw=0.0003  ATR%=0.000056  (mins eff: ADX>=8.0, BBbw>=0.0010, ATR%>=0.000050)
2025-09-03 17:41:05,885 [Gate] Regime fail
2025-09-03 17:42:06,234 [HB] PnL=0.00 | ConsecLoss=0 | Blocked=no | ATRt=1.4 | Sprd=1.0
2025-09-03 17:42:06,234 [REGIME] ADX=15.3  BBbw=0.0002  ATR%=0.000052  (mins eff: ADX>=8.0, BBbw>=0.0010, ATR%>=0.000050)
2025-09-03 17:42:06,235 [Gate] Regime fail
2025-09-03 17:43:05,953 [HB] PnL=0.00 | ConsecLoss=0 | Blocked=no | ATRt=1.3 | Sprd=1.0
2025-09-03 17:43:05,954 [REGIME] ADX=15.1  BBbw=0.0002  ATR%=0.000051  (mins eff: ADX>=8.0, BBbw>=0.0010, ATR%>=0.000050)
2025-09-03 17:43:05,954 [Gate] Regime fail
2025-09-03 17:44:06,311 [HB] PnL=0.00 | ConsecLoss=0 | Blocked=no | ATRt=1.4 | Sprd=1.0
2025-09-03 17:44:06,311 [REGIME] ADX=15.6  BBbw=0.0002  ATR%=0.000053  (mins eff: ADX>=8.0, BBbw>=0.0010, ATR%>=0.000050)
2025-09-03 17:44:06,311 [Gate] Regime fail
2025-09-03 17:45:05,923 [HB] PnL=0.00 | ConsecLoss=0 | Blocked=no | ATRt=1.3 | Sprd=1.0
2025-09-03 17:45:05,924 [REGIME] ADX=16.4  BBbw=0.0002  ATR%=0.000052  (mins eff: ADX>=8.0, BBbw>=0.0010, ATR%>=0.000050)
2025-09-03 17:45:05,924 [Gate] Regime fail
2025-09-03 17:46:06,293 [HB] PnL=0.00 | ConsecLoss=0 | Blocked=no | ATRt=1.3 | Sprd=1.0
2025-09-03 17:46:06,293 [REGIME] ADX=17.2  BBbw=0.0003  ATR%=0.000049  (mins eff: ADX>=8.0, BBbw>=0.0010, ATR%>=0.000050)
2025-09-03 17:46:06,294 [Gate] Regime fail
2025-09-03 17:47:06,085 [HB] PnL=0.00 | ConsecLoss=0 | Blocked=no | ATRt=1.2 | Sprd=1.0
2025-09-03 17:47:06,086 [REGIME] ADX=17.9  BBbw=0.0003  ATR%=0.000045  (mins eff: ADX>=8.0, BBbw>=0.0010, ATR%>=0.000050)
2025-09-03 17:47:06,086 [Gate] Regime fail
2025-09-03 17:48:06,502 [HB] PnL=0.00 | ConsecLoss=0 | Blocked=no | ATRt=1.1 | Sprd=1.0
2025-09-03 17:48:06,502 [REGIME] ADX=18.6  BBbw=0.0003  ATR%=0.000042  (mins eff: ADX>=8.0, BBbw>=0.0010, ATR%>=0.000050)
2025-09-03 17:48:06,502 [Gate] Regime fail
2025-09-03 17:49:06,214 [HB] PnL=0.00 | ConsecLoss=0 | Blocked=no | ATRt=1.1 | Sprd=1.0
2025-09-03 17:49:06,214 [REGIME] ADX=19.6  BBbw=0.0003  ATR%=0.000042  (mins eff: ADX>=8.0, BBbw>=0.0010, ATR%>=0.000050)
2025-09-03 17:49:06,214 [Gate] Regime fail
2025-09-03 17:50:05,970 [HB] PnL=0.00 | ConsecLoss=0 | Blocked=no | ATRt=1.1 | Sprd=1.0
2025-09-03 17:50:05,970 [REGIME] ADX=19.2  BBbw=0.0003  ATR%=0.000044  (mins eff: ADX>=8.0, BBbw>=0.0010, ATR%>=0.000050)
2025-09-03 17:50:05,970 [Gate] Regime fail
2025-09-03 17:51:06,392 [HB] PnL=0.00 | ConsecLoss=0 | Blocked=no | ATRt=1.1 | Sprd=1.0
2025-09-03 17:51:06,392 [REGIME] ADX=18.9  BBbw=0.0003  ATR%=0.000041  (mins eff: ADX>=8.0, BBbw>=0.0010, ATR%>=0.000050)
2025-09-03 17:51:06,392 [Gate] Regime fail
2025-09-03 17:52:06,126 [HB] PnL=0.00 | ConsecLoss=0 | Blocked=no | ATRt=1.1 | Sprd=1.0
2025-09-03 17:52:06,127 [REGIME] ADX=19.0  BBbw=0.0003  ATR%=0.000041  (mins eff: ADX>=8.0, BBbw>=0.0010, ATR%>=0.000050)
2025-09-03 17:52:06,127 [Gate] Regime fail
2025-09-03 17:53:06,558 [HB] PnL=0.00 | ConsecLoss=0 | Blocked=no | ATRt=1.1 | Sprd=1.0
2025-09-03 17:53:06,558 [REGIME] ADX=18.5  BBbw=0.0003  ATR%=0.000041  (mins eff: ADX>=8.0, BBbw>=0.0010, ATR%>=0.000050)
2025-09-03 17:53:06,558 [Gate] Regime fail
2025-09-03 17:54:06,405 [HB] PnL=0.00 | ConsecLoss=0 | Blocked=no | ATRt=1.0 | Sprd=1.0
2025-09-03 17:54:06,405 [REGIME] ADX=18.5  BBbw=0.0002  ATR%=0.000041  (mins eff: ADX>=8.0, BBbw>=0.0010, ATR%>=0.000050)
2025-09-03 17:54:06,406 [Gate] Regime fail
2025-09-03 17:55:06,205 [HB] PnL=0.00 | ConsecLoss=0 | Blocked=no | ATRt=1.0 | Sprd=1.0
2025-09-03 17:55:06,205 [REGIME] ADX=17.9  BBbw=0.0002  ATR%=0.000040  (mins eff: ADX>=8.0, BBbw>=0.0010, ATR%>=0.000050)
2025-09-03 17:55:06,206 [Gate] Regime fail
2025-09-03 17:56:05,967 [HB] PnL=0.00 | ConsecLoss=0 | Blocked=no | ATRt=1.1 | Sprd=1.0
2025-09-03 17:56:05,967 [REGIME] ADX=16.9  BBbw=0.0002  ATR%=0.000043  (mins eff: ADX>=8.0, BBbw>=0.0010, ATR%>=0.000050)
2025-09-03 17:56:05,967 [Gate] Regime fail
2025-09-03 17:57:05,837 [HB] PnL=0.00 | ConsecLoss=0 | Blocked=no | ATRt=1.2 | Sprd=1.0
2025-09-03 17:57:05,837 [REGIME] ADX=16.7  BBbw=0.0002  ATR%=0.000048  (mins eff: ADX>=8.0, BBbw>=0.0010, ATR%>=0.000050)
2025-09-03 17:57:05,837 [Gate] Regime fail
2025-09-03 17:58:06,216 [HB] PnL=0.00 | ConsecLoss=0 | Blocked=no | ATRt=1.2 | Sprd=1.0
2025-09-03 17:58:06,217 [REGIME] ADX=16.9  BBbw=0.0002  ATR%=0.000048  (mins eff: ADX>=8.0, BBbw>=0.0010, ATR%>=0.000050)
2025-09-03 17:58:06,217 [Gate] Regime fail
2025-09-03 17:59:05,902 [HB] PnL=0.00 | ConsecLoss=0 | Blocked=no | ATRt=1.2 | Sprd=1.0
2025-09-03 17:59:05,903 [REGIME] ADX=17.4  BBbw=0.0002  ATR%=0.000047  (mins eff: ADX>=8.0, BBbw>=0.0010, ATR%>=0.000050)
2025-09-03 17:59:05,903 [Gate] Regime fail
2025-09-03 18:00:06,264 [HB] PnL=0.00 | ConsecLoss=0 | Blocked=no | ATRt=1.1 | Sprd=1.0
2025-09-03 18:00:06,264 [REGIME] ADX=17.8  BBbw=0.0002  ATR%=0.000044  (mins eff: ADX>=8.0, BBbw>=0.0010, ATR%>=0.000050)
2025-09-03 18:00:06,264 [Gate] Regime fail
2025-09-03 18:01:05,968 [HB] PnL=0.00 | ConsecLoss=0 | Blocked=no | ATRt=1.1 | Sprd=1.0
2025-09-03 18:01:05,968 [REGIME] ADX=17.7  BBbw=0.0002  ATR%=0.000043  (mins eff: ADX>=8.0, BBbw>=0.0010, ATR%>=0.000050)
2025-09-03 18:01:05,968 [Gate] Regime fail
2025-09-03 18:02:06,328 [HB] PnL=0.00 | ConsecLoss=0 | Blocked=no | ATRt=1.1 | Sprd=1.0
2025-09-03 18:02:06,329 [REGIME] ADX=17.0  BBbw=0.0002  ATR%=0.000043  (mins eff: ADX>=8.0, BBbw>=0.0010, ATR%>=0.000050)
2025-09-03 18:02:06,329 [Gate] Regime fail
2025-09-03 18:03:06,015 [HB] PnL=0.00 | ConsecLoss=0 | Blocked=no | ATRt=1.0 | Sprd=1.0
2025-09-03 18:03:06,015 [REGIME] ADX=16.4  BBbw=0.0002  ATR%=0.000040  (mins eff: ADX>=8.0, BBbw>=0.0010, ATR%>=0.000050)
2025-09-03 18:03:06,016 [Gate] Regime fail
2025-09-03 18:04:05,904 [HB] PnL=0.00 | ConsecLoss=0 | Blocked=no | ATRt=1.3 | Sprd=1.0
2025-09-03 18:04:05,905 [REGIME] ADX=16.8  BBbw=0.0002  ATR%=0.000051  (mins eff: ADX>=8.0, BBbw>=0.0010, ATR%>=0.000050)
2025-09-03 18:04:05,905 [Gate] Regime fail
2025-09-03 18:05:06,270 [HB] PnL=0.00 | ConsecLoss=0 | Blocked=no | ATRt=1.3 | Sprd=1.0
2025-09-03 18:05:06,270 [REGIME] ADX=17.2  BBbw=0.0003  ATR%=0.000050  (mins eff: ADX>=8.0, BBbw>=0.0010, ATR%>=0.000050)
2025-09-03 18:05:06,270 [Gate] Regime fail
2025-09-03 18:06:06,012 [HB] PnL=0.00 | ConsecLoss=0 | Blocked=no | ATRt=1.6 | Sprd=1.0
2025-09-03 18:06:06,012 [REGIME] ADX=18.6  BBbw=0.0004  ATR%=0.000060  (mins eff: ADX>=8.0, BBbw>=0.0010, ATR%>=0.000050)
2025-09-03 18:06:06,012 [Gate] Regime fail
2025-09-03 18:07:06,373 [HB] PnL=0.00 | ConsecLoss=0 | Blocked=no | ATRt=1.5 | Sprd=1.0
2025-09-03 18:07:06,373 [REGIME] ADX=20.0  BBbw=0.0005  ATR%=0.000059  (mins eff: ADX>=8.0, BBbw>=0.0010, ATR%>=0.000050)
2025-09-03 18:07:06,374 [Gate] Regime fail
2025-09-03 18:08:06,076 [HB] PnL=0.00 | ConsecLoss=0 | Blocked=no | ATRt=1.6 | Sprd=1.0
2025-09-03 18:08:06,076 [REGIME] ADX=20.3  BBbw=0.0005  ATR%=0.000060  (mins eff: ADX>=8.0, BBbw>=0.0010, ATR%>=0.000050)
2025-09-03 18:08:06,076 [Gate] Regime fail
2025-09-03 18:09:06,492 [HB] PnL=0.00 | ConsecLoss=0 | Blocked=no | ATRt=1.5 | Sprd=1.0
2025-09-03 18:09:06,493 [REGIME] ADX=20.0  BBbw=0.0005  ATR%=0.000059  (mins eff: ADX>=8.0, BBbw>=0.0010, ATR%>=0.000050)
2025-09-03 18:09:06,493 [Gate] Regime fail
2025-09-03 18:10:06,156 [HB] PnL=0.00 | ConsecLoss=0 | Blocked=no | ATRt=1.5 | Sprd=1.0
2025-09-03 18:10:06,156 [REGIME] ADX=20.1  BBbw=0.0005  ATR%=0.000057  (mins eff: ADX>=8.0, BBbw>=0.0010, ATR%>=0.000050)
2025-09-03 18:10:06,156 [Gate] Regime fail
