2025-08-29 08:28:37,214 ================== PAPER MODE ==================
2025-08-29 08:28:37,214 Host:127.0.0.1  Port:7497  ClientId:930839
2025-08-29 08:28:37,215 Paper account required (TWS/Gateway set to Paper). Orders WILL be sent (paper).
2025-08-29 08:28:37,215 Writing log to logs\run_Fri0829_082837.log
2025-08-29 08:28:37,218 [CONNECT] Attempt 1/12 to 127.0.0.1:7497 (clientId=930839, timeout=90s)
2025-08-29 08:28:37,773 Connected 127.0.0.1:7497 clientId=930839 | Market data type: LIVE (1)
2025-08-29 08:28:37,773 [AUTO] Selecting front quarter for ES/CME ...
2025-08-29 08:28:37,889 [AUTO] Front month chosen: ESU5 exp=20250919
2025-08-29 08:28:37,894 Using contract: ESU5  (conId=637533641)
2025-08-29 08:28:37,894 [RISK] Daily loss cap: $1,250.00
2025-08-29 08:28:38,243 [WARMUP] Loaded 6449 historical 1m bars.
2025-08-29 08:28:38,444 >> LIVE paper trading with stop-entry + OCO. Ctrl+C to stop.
2025-08-29 08:29:05,712 [HB] PnL=0.00 | ConsecLoss=0 | Blocked=no | ATRt=6.0 | Sprd=1.0
2025-08-29 08:29:05,715 [REGIME] ADX=15.4  BBbw=0.0007  ATR%=0.000229  (mins eff: ADX>=8.0, BBbw>=0.0007, ATR%>=0.000050)
2025-08-29 08:29:05,717 [Gate] Outside RTH 2025-08-29 13:29:00+00:00
2025-08-29 08:30:05,732 [HB] PnL=0.00 | ConsecLoss=0 | Blocked=no | ATRt=6.8 | Sprd=1.0
2025-08-29 08:30:05,733 [REGIME] ADX=15.6  BBbw=0.0007  ATR%=0.000262  (mins eff: ADX>=8.0, BBbw>=0.0007, ATR%>=0.000050)
2025-08-29 08:31:05,500 [HB] PnL=0.00 | ConsecLoss=0 | Blocked=no | ATRt=7.3 | Sprd=1.0
2025-08-29 08:31:05,501 [REGIME] ADX=15.9  BBbw=0.0007  ATR%=0.000282  (mins eff: ADX>=8.0, BBbw>=0.0007, ATR%>=0.000050)
2025-08-29 08:32:05,027 [HB] PnL=0.00 | ConsecLoss=0 | Blocked=no | ATRt=7.4 | Sprd=1.0
2025-08-29 08:32:05,027 [REGIME] ADX=14.9  BBbw=0.0007  ATR%=0.000284  (mins eff: ADX>=8.0, BBbw>=0.0007, ATR%>=0.000050)
2025-08-29 08:33:05,457 [HB] PnL=0.00 | ConsecLoss=0 | Blocked=no | ATRt=7.6 | Sprd=1.0
2025-08-29 08:33:05,457 [REGIME] ADX=15.2  BBbw=0.0008  ATR%=0.000294  (mins eff: ADX>=8.0, BBbw>=0.0007, ATR%>=0.000050)
2025-08-29 08:33:05,459 [RISK] scale=1.00  base_rpt=$150  eff_rpt=$150
2025-08-29 08:33:05,460 [ORDER] SHORT STP_LMT qty=1 stop=6498.25 tp=6494.75 sl=6501.75 (parentId 262)
2025-08-29 08:34:05,226 [HB] PnL=0.00 | ConsecLoss=0 | Blocked=no | ATRt=7.5 | Sprd=1.0
2025-08-29 08:34:05,227 [REGIME] ADX=15.8  BBbw=0.0009  ATR%=0.000287  (mins eff: ADX>=8.0, BBbw>=0.0007, ATR%>=0.000050)
2025-08-29 08:35:05,636 [HB] PnL=0.00 | ConsecLoss=0 | Blocked=no | ATRt=7.2 | Sprd=1.0
2025-08-29 08:35:05,637 [REGIME] ADX=16.6  BBbw=0.0009  ATR%=0.000277  (mins eff: ADX>=8.0, BBbw>=0.0007, ATR%>=0.000050)
2025-08-29 08:36:06,219 [HB] PnL=0.00 | ConsecLoss=0 | Blocked=no | ATRt=7.0 | Sprd=1.0
2025-08-29 08:36:06,219 [REGIME] ADX=17.7  BBbw=0.0011  ATR%=0.000269  (mins eff: ADX>=8.0, BBbw>=0.0007, ATR%>=0.000050)
2025-08-29 08:37:05,748 [HB] PnL=0.00 | ConsecLoss=0 | Blocked=no | ATRt=6.7 | Sprd=1.0
2025-08-29 08:37:05,749 [REGIME] ADX=18.7  BBbw=0.0012  ATR%=0.000258  (mins eff: ADX>=8.0, BBbw>=0.0007, ATR%>=0.000050)
2025-08-29 08:38:05,036 [HB] PnL=0.00 | ConsecLoss=0 | Blocked=no | ATRt=6.8 | Sprd=1.0
2025-08-29 08:38:05,037 [REGIME] ADX=20.4  BBbw=0.0014  ATR%=0.000261  (mins eff: ADX>=8.0, BBbw>=0.0007, ATR%>=0.000050)
2025-08-29 08:39:05,367 [HB] PnL=0.00 | ConsecLoss=0 | Blocked=no | ATRt=6.6 | Sprd=1.0
2025-08-29 08:39:05,368 [REGIME] ADX=21.9  BBbw=0.0015  ATR%=0.000254  (mins eff: ADX>=8.0, BBbw>=0.0007, ATR%>=0.000050)
2025-08-29 08:40:05,684 [HB] PnL=0.00 | ConsecLoss=0 | Blocked=no | ATRt=6.9 | Sprd=1.0
2025-08-29 08:40:05,684 [REGIME] ADX=24.2  BBbw=0.0018  ATR%=0.000266  (mins eff: ADX>=8.0, BBbw>=0.0007, ATR%>=0.000050)
2025-08-29 08:41:06,088 [HB] PnL=0.00 | ConsecLoss=0 | Blocked=no | ATRt=6.6 | Sprd=1.0
2025-08-29 08:41:06,088 [REGIME] ADX=26.2  BBbw=0.0019  ATR%=0.000255  (mins eff: ADX>=6.0, BBbw>=0.0007, ATR%>=0.000050)
2025-08-29 08:42:05,738 [HB] PnL=0.00 | ConsecLoss=0 | Blocked=no | ATRt=6.9 | Sprd=1.0
2025-08-29 08:42:05,739 [REGIME] ADX=26.2  BBbw=0.0020  ATR%=0.000267  (mins eff: ADX>=6.0, BBbw>=0.0007, ATR%>=0.000050)
2025-08-29 08:43:05,053 [HB] PnL=0.00 | ConsecLoss=0 | Blocked=no | ATRt=6.8 | Sprd=1.0
2025-08-29 08:43:05,053 [REGIME] ADX=26.5  BBbw=0.0021  ATR%=0.000262  (mins eff: ADX>=6.0, BBbw>=0.0007, ATR%>=0.000050)
2025-08-29 08:44:05,421 [HB] PnL=0.00 | ConsecLoss=0 | Blocked=no | ATRt=6.8 | Sprd=1.0
2025-08-29 08:44:05,421 [REGIME] ADX=27.4  BBbw=0.0022  ATR%=0.000262  (mins eff: ADX>=6.0, BBbw>=0.0007, ATR%>=0.000050)
2025-08-29 08:45:04,933 [HB] PnL=0.00 | ConsecLoss=0 | Blocked=no | ATRt=7.2 | Sprd=1.0
2025-08-29 08:45:04,933 [REGIME] ADX=28.6  BBbw=0.0022  ATR%=0.000277  (mins eff: ADX>=6.0, BBbw>=0.0007, ATR%>=0.000050)
2025-08-29 08:46:05,759 [HB] PnL=0.00 | ConsecLoss=0 | Blocked=no | ATRt=7.6 | Sprd=1.0
2025-08-29 08:46:05,759 [REGIME] ADX=30.4  BBbw=0.0023  ATR%=0.000293  (mins eff: ADX>=6.0, BBbw>=0.0007, ATR%>=0.000050)
2025-08-29 08:47:05,508 [HB] PnL=0.00 | ConsecLoss=0 | Blocked=no | ATRt=8.3 | Sprd=1.0
2025-08-29 08:47:05,514 [REGIME] ADX=32.7  BBbw=0.0026  ATR%=0.000322  (mins eff: ADX>=6.0, BBbw>=0.0007, ATR%>=0.000038)
2025-08-29 08:48:05,052 [HB] PnL=0.00 | ConsecLoss=0 | Blocked=no | ATRt=7.9 | Sprd=1.0
2025-08-29 08:48:05,056 [REGIME] ADX=34.8  BBbw=0.0027  ATR%=0.000304  (mins eff: ADX>=6.0, BBbw>=0.0007, ATR%>=0.000038)
2025-08-29 08:49:05,726 [HB] PnL=0.00 | ConsecLoss=0 | Blocked=no | ATRt=7.7 | Sprd=1.0
2025-08-29 08:49:05,727 [REGIME] ADX=36.0  BBbw=0.0028  ATR%=0.000296  (mins eff: ADX>=6.0, BBbw>=0.0007, ATR%>=0.000050)
2025-08-29 08:50:05,153 [HB] PnL=0.00 | ConsecLoss=0 | Blocked=no | ATRt=7.7 | Sprd=1.0
2025-08-29 08:50:05,154 [REGIME] ADX=37.5  BBbw=0.0029  ATR%=0.000297  (mins eff: ADX>=6.0, BBbw>=0.0007, ATR%>=0.000050)
2025-08-29 08:51:05,655 [HB] PnL=0.00 | ConsecLoss=0 | Blocked=no | ATRt=7.4 | Sprd=1.0
2025-08-29 08:51:05,655 [REGIME] ADX=39.0  BBbw=0.0030  ATR%=0.000284  (mins eff: ADX>=6.0, BBbw>=0.0007, ATR%>=0.000050)
2025-08-29 08:52:05,237 [HB] PnL=0.00 | ConsecLoss=0 | Blocked=no | ATRt=7.5 | Sprd=1.0
2025-08-29 08:52:05,239 [REGIME] ADX=39.1  BBbw=0.0029  ATR%=0.000289  (mins eff: ADX>=6.0, BBbw>=0.0007, ATR%>=0.000050)
2025-08-29 08:53:05,820 [HB] PnL=0.00 | ConsecLoss=0 | Blocked=no | ATRt=7.2 | Sprd=1.0
2025-08-29 08:53:05,820 [REGIME] ADX=39.3  BBbw=0.0028  ATR%=0.000279  (mins eff: ADX>=6.0, BBbw>=0.0007, ATR%>=0.000050)
2025-08-29 08:54:05,554 [HB] PnL=0.00 | ConsecLoss=0 | Blocked=no | ATRt=7.0 | Sprd=1.0
2025-08-29 08:54:05,554 [REGIME] ADX=39.2  BBbw=0.0028  ATR%=0.000270  (mins eff: ADX>=6.0, BBbw>=0.0007, ATR%>=0.000050)
2025-08-29 08:55:05,319 [HB] PnL=0.00 | ConsecLoss=0 | Blocked=no | ATRt=7.1 | Sprd=1.0
2025-08-29 08:55:05,319 [REGIME] ADX=39.6  BBbw=0.0028  ATR%=0.000273  (mins eff: ADX>=6.0, BBbw>=0.0007, ATR%>=0.000050)
2025-08-29 08:56:05,249 [HB] PnL=0.00 | ConsecLoss=0 | Blocked=no | ATRt=7.4 | Sprd=1.0
2025-08-29 08:56:05,249 [REGIME] ADX=40.5  BBbw=0.0028  ATR%=0.000284  (mins eff: ADX>=6.0, BBbw>=0.0007, ATR%>=0.000050)
2025-08-29 08:57:06,023 [HB] PnL=0.00 | ConsecLoss=0 | Blocked=no | ATRt=7.5 | Sprd=1.0
2025-08-29 08:57:06,023 [REGIME] ADX=41.7  BBbw=0.0029  ATR%=0.000288  (mins eff: ADX>=6.0, BBbw>=0.0007, ATR%>=0.000050)
2025-08-29 08:58:05,624 [HB] PnL=0.00 | ConsecLoss=0 | Blocked=no | ATRt=7.3 | Sprd=1.0
2025-08-29 08:58:05,624 [REGIME] ADX=42.9  BBbw=0.0030  ATR%=0.000282  (mins eff: ADX>=6.0, BBbw>=0.0007, ATR%>=0.000050)
2025-08-29 08:59:06,318 [HB] PnL=0.00 | ConsecLoss=0 | Blocked=no | ATRt=7.0 | Sprd=1.0
2025-08-29 08:59:06,318 [REGIME] ADX=43.8  BBbw=0.0030  ATR%=0.000270  (mins eff: ADX>=6.0, BBbw>=0.0007, ATR%>=0.000050)
2025-08-29 09:00:05,831 [HB] PnL=0.00 | ConsecLoss=0 | Blocked=no | ATRt=8.3 | Sprd=1.0
2025-08-29 09:00:05,831 [REGIME] ADX=45.2  BBbw=0.0031  ATR%=0.000322  (mins eff: ADX>=6.0, BBbw>=0.0007, ATR%>=0.000038)
2025-08-29 09:01:05,429 [HB] PnL=0.00 | ConsecLoss=0 | Blocked=no | ATRt=9.3 | Sprd=1.0
2025-08-29 09:01:05,430 [REGIME] ADX=45.0  BBbw=0.0029  ATR%=0.000359  (mins eff: ADX>=6.0, BBbw>=0.0007, ATR%>=0.000038)
2025-08-29 09:02:05,123 [HB] PnL=0.00 | ConsecLoss=0 | Blocked=no | ATRt=10.1 | Sprd=1.0
2025-08-29 09:02:05,123 [REGIME] ADX=45.5  BBbw=0.0027  ATR%=0.000389  (mins eff: ADX>=6.0, BBbw>=0.0007, ATR%>=0.000038)
2025-08-29 09:03:05,751 [HB] PnL=0.00 | ConsecLoss=0 | Blocked=no | ATRt=9.7 | Sprd=1.0
2025-08-29 09:03:05,751 [REGIME] ADX=46.1  BBbw=0.0025  ATR%=0.000372  (mins eff: ADX>=6.0, BBbw>=0.0007, ATR%>=0.000038)
2025-08-29 09:04:05,328 [HB] PnL=0.00 | ConsecLoss=0 | Blocked=no | ATRt=10.7 | Sprd=1.0
2025-08-29 09:04:05,329 [REGIME] ADX=47.3  BBbw=0.0025  ATR%=0.000412  (mins eff: ADX>=6.0, BBbw>=0.0007, ATR%>=0.000038)
2025-08-29 09:05:05,133 [HB] PnL=0.00 | ConsecLoss=0 | Blocked=no | ATRt=11.4 | Sprd=1.0
2025-08-29 09:05:05,133 [REGIME] ADX=48.8  BBbw=0.0028  ATR%=0.000441  (mins eff: ADX>=6.0, BBbw>=0.0007, ATR%>=0.000038)
2025-08-29 09:06:04,949 [HB] PnL=0.00 | ConsecLoss=0 | Blocked=no | ATRt=12.1 | Sprd=1.0
2025-08-29 09:06:04,950 [REGIME] ADX=50.6  BBbw=0.0034  ATR%=0.000468  (mins eff: ADX>=6.0, BBbw>=0.0007, ATR%>=0.000038)
2025-08-29 09:07:05,785 [HB] PnL=0.00 | ConsecLoss=0 | Blocked=no | ATRt=11.9 | Sprd=1.0
2025-08-29 09:07:05,786 [REGIME] ADX=52.3  BBbw=0.0040  ATR%=0.000459  (mins eff: ADX>=6.0, BBbw>=0.0007, ATR%>=0.000038)
2025-08-29 09:08:05,537 [HB] PnL=0.00 | ConsecLoss=0 | Blocked=no | ATRt=11.5 | Sprd=1.0
2025-08-29 09:08:05,537 [REGIME] ADX=53.5  BBbw=0.0044  ATR%=0.000443  (mins eff: ADX>=6.0, BBbw>=0.0007, ATR%>=0.000038)
2025-08-29 09:09:06,179 [HB] PnL=0.00 | ConsecLoss=0 | Blocked=no | ATRt=11.2 | Sprd=1.0
2025-08-29 09:09:06,180 [REGIME] ADX=54.7  BBbw=0.0048  ATR%=0.000434  (mins eff: ADX>=6.0, BBbw>=0.0007, ATR%>=0.000038)
2025-08-29 09:10:05,927 [HB] PnL=0.00 | ConsecLoss=0 | Blocked=no | ATRt=11.3 | Sprd=1.0
2025-08-29 09:10:05,929 [REGIME] ADX=55.0  BBbw=0.0049  ATR%=0.000438  (mins eff: ADX>=6.0, BBbw>=0.0007, ATR%>=0.000038)
2025-08-29 09:11:05,663 [HB] PnL=0.00 | ConsecLoss=0 | Blocked=no | ATRt=11.0 | Sprd=1.0
2025-08-29 09:11:05,668 [REGIME] ADX=55.3  BBbw=0.0051  ATR%=0.000426  (mins eff: ADX>=6.0, BBbw>=0.0007, ATR%>=0.000038)
2025-08-29 09:12:05,149 [HB] PnL=0.00 | ConsecLoss=0 | Blocked=no | ATRt=10.6 | Sprd=1.0
2025-08-29 09:12:05,150 [REGIME] ADX=55.6  BBbw=0.0051  ATR%=0.000410  (mins eff: ADX>=6.0, BBbw>=0.0007, ATR%>=0.000038)
2025-08-29 09:13:05,685 [HB] PnL=0.00 | ConsecLoss=0 | Blocked=no | ATRt=10.3 | Sprd=1.0
2025-08-29 09:13:05,685 [REGIME] ADX=56.0  BBbw=0.0051  ATR%=0.000400  (mins eff: ADX>=6.0, BBbw>=0.0007, ATR%>=0.000038)
2025-08-29 09:14:05,272 [HB] PnL=0.00 | ConsecLoss=0 | Blocked=no | ATRt=10.9 | Sprd=1.0
2025-08-29 09:14:05,272 [REGIME] ADX=54.7  BBbw=0.0049  ATR%=0.000421  (mins eff: ADX>=6.0, BBbw>=0.0007, ATR%>=0.000038)
2025-08-29 09:15:05,856 [HB] PnL=0.00 | ConsecLoss=0 | Blocked=no | ATRt=10.7 | Sprd=1.0
2025-08-29 09:15:05,856 [REGIME] ADX=53.8  BBbw=0.0047  ATR%=0.000413  (mins eff: ADX>=6.0, BBbw>=0.0007, ATR%>=0.000038)
2025-08-29 09:16:05,583 [HB] PnL=0.00 | ConsecLoss=0 | Blocked=no | ATRt=11.3 | Sprd=1.0
2025-08-29 09:16:05,583 [REGIME] ADX=53.6  BBbw=0.0047  ATR%=0.000439  (mins eff: ADX>=6.0, BBbw>=0.0007, ATR%>=0.000038)
2025-08-29 09:17:05,179 [HB] PnL=0.00 | ConsecLoss=0 | Blocked=no | ATRt=11.8 | Sprd=1.0
2025-08-29 09:17:05,180 [REGIME] ADX=52.0  BBbw=0.0046  ATR%=0.000457  (mins eff: ADX>=6.0, BBbw>=0.0007, ATR%>=0.000038)
2025-08-29 09:18:05,143 [HB] PnL=0.00 | ConsecLoss=0 | Blocked=no | ATRt=11.5 | Sprd=1.0
2025-08-29 09:18:05,144 [REGIME] ADX=50.5  BBbw=0.0044  ATR%=0.000444  (mins eff: ADX>=6.0, BBbw>=0.0007, ATR%>=0.000038)
2025-08-29 09:19:05,856 [HB] PnL=0.00 | ConsecLoss=0 | Blocked=no | ATRt=11.0 | Sprd=1.0
2025-08-29 09:19:05,857 [REGIME] ADX=49.0  BBbw=0.0042  ATR%=0.000426  (mins eff: ADX>=6.0, BBbw>=0.0007, ATR%>=0.000038)
2025-08-29 09:20:05,429 [HB] PnL=0.00 | ConsecLoss=0 | Blocked=no | ATRt=11.1 | Sprd=1.0
2025-08-29 09:20:05,430 [REGIME] ADX=47.0  BBbw=0.0039  ATR%=0.000429  (mins eff: ADX>=6.0, BBbw>=0.0007, ATR%>=0.000038)
2025-08-29 09:21:06,199 [HB] PnL=0.00 | ConsecLoss=0 | Blocked=no | ATRt=11.0 | Sprd=1.0
2025-08-29 09:21:06,199 [REGIME] ADX=44.4  BBbw=0.0032  ATR%=0.000425  (mins eff: ADX>=6.0, BBbw>=0.0007, ATR%>=0.000038)
2025-08-29 09:22:05,860 [HB] PnL=0.00 | ConsecLoss=0 | Blocked=no | ATRt=11.2 | Sprd=1.0
2025-08-29 09:22:05,860 [REGIME] ADX=41.3  BBbw=0.0027  ATR%=0.000431  (mins eff: ADX>=6.0, BBbw>=0.0007, ATR%>=0.000038)
2025-08-29 09:23:05,431 [HB] PnL=0.00 | ConsecLoss=0 | Blocked=no | ATRt=11.5 | Sprd=1.0
2025-08-29 09:23:05,432 [REGIME] ADX=39.3  BBbw=0.0020  ATR%=0.000444  (mins eff: ADX>=6.0, BBbw>=0.0007, ATR%>=0.000038)
2025-08-29 09:24:05,939 [HB] PnL=0.00 | ConsecLoss=0 | Blocked=no | ATRt=10.8 | Sprd=1.0
2025-08-29 09:24:05,939 [REGIME] ADX=37.3  BBbw=0.0016  ATR%=0.000418  (mins eff: ADX>=6.0, BBbw>=0.0007, ATR%>=0.000038)
2025-08-29 09:25:05,560 [HB] PnL=0.00 | ConsecLoss=0 | Blocked=no | ATRt=10.3 | Sprd=1.0
2025-08-29 09:25:05,564 [REGIME] ADX=35.4  BBbw=0.0015  ATR%=0.000399  (mins eff: ADX>=6.0, BBbw>=0.0007, ATR%>=0.000038)
2025-08-29 09:26:05,083 [HB] PnL=0.00 | ConsecLoss=0 | Blocked=no | ATRt=9.9 | Sprd=1.0
2025-08-29 09:26:05,083 [REGIME] ADX=33.8  BBbw=0.0015  ATR%=0.000382  (mins eff: ADX>=6.0, BBbw>=0.0007, ATR%>=0.000038)
2025-08-29 09:27:05,792 [HB] PnL=0.00 | ConsecLoss=0 | Blocked=no | ATRt=10.5 | Sprd=1.0
2025-08-29 09:27:05,792 [REGIME] ADX=33.3  BBbw=0.0015  ATR%=0.000404  (mins eff: ADX>=6.0, BBbw>=0.0007, ATR%>=0.000038)
2025-08-29 09:28:05,456 [HB] PnL=0.00 | ConsecLoss=0 | Blocked=no | ATRt=10.0 | Sprd=1.0
2025-08-29 09:28:05,456 [REGIME] ADX=32.5  BBbw=0.0015  ATR%=0.000387  (mins eff: ADX>=6.0, BBbw>=0.0007, ATR%>=0.000038)
2025-08-29 09:29:06,174 [HB] PnL=0.00 | ConsecLoss=0 | Blocked=no | ATRt=9.4 | Sprd=1.0
2025-08-29 09:29:06,174 [REGIME] ADX=31.9  BBbw=0.0014  ATR%=0.000365  (mins eff: ADX>=6.0, BBbw>=0.0007, ATR%>=0.000038)
2025-08-29 09:30:05,931 [HB] PnL=0.00 | ConsecLoss=0 | Blocked=no | ATRt=10.5 | Sprd=1.0
2025-08-29 09:30:05,933 [REGIME] ADX=29.7  BBbw=0.0015  ATR%=0.000404  (mins eff: ADX>=6.0, BBbw>=0.0007, ATR%>=0.000038)
2025-08-29 09:31:06,580 [HB] PnL=0.00 | ConsecLoss=0 | Blocked=no | ATRt=10.0 | Sprd=1.0
2025-08-29 09:31:06,581 [REGIME] ADX=27.7  BBbw=0.0016  ATR%=0.000387  (mins eff: ADX>=6.0, BBbw>=0.0007, ATR%>=0.000038)
2025-08-29 09:32:05,177 [HB] PnL=0.00 | ConsecLoss=0 | Blocked=no | ATRt=9.6 | Sprd=1.0
2025-08-29 09:32:05,177 [REGIME] ADX=25.9  BBbw=0.0017  ATR%=0.000373  (mins eff: ADX>=6.0, BBbw>=0.0007, ATR%>=0.000038)
2025-08-29 09:32:05,178 [RISK] scale=1.25  base_rpt=$150  eff_rpt=$188
2025-08-29 09:32:05,179 [ORDER] LONG STP_LMT qty=1 stop=6472.25 tp=6476.50 sl=6468.00 (parentId 3650)
2025-08-29 09:33:05,742 [HB] PnL=0.00 | ConsecLoss=0 | Blocked=no | ATRt=9.2 | Sprd=1.0
2025-08-29 09:33:05,742 [REGIME] ADX=24.2  BBbw=0.0017  ATR%=0.000354  (mins eff: ADX>=8.0, BBbw>=0.0007, ATR%>=0.000038)
2025-08-29 09:34:05,805 [HB] PnL=0.00 | ConsecLoss=0 | Blocked=no | ATRt=9.2 | Sprd=1.0
2025-08-29 09:34:05,805 [REGIME] ADX=23.1  BBbw=0.0018  ATR%=0.000354  (mins eff: ADX>=8.0, BBbw>=0.0007, ATR%>=0.000038)
2025-08-29 09:35:05,547 [HB] PnL=0.00 | ConsecLoss=0 | Blocked=no | ATRt=8.7 | Sprd=1.0
2025-08-29 09:35:05,548 [REGIME] ADX=22.1  BBbw=0.0019  ATR%=0.000337  (mins eff: ADX>=8.0, BBbw>=0.0007, ATR%>=0.000038)
2025-08-29 09:36:05,040 [HB] PnL=0.00 | ConsecLoss=0 | Blocked=no | ATRt=9.0 | Sprd=1.0
2025-08-29 09:36:05,041 [REGIME] ADX=20.8  BBbw=0.0017  ATR%=0.000346  (mins eff: ADX>=8.0, BBbw>=0.0007, ATR%>=0.000038)
2025-08-29 09:37:05,648 [HB] PnL=0.00 | ConsecLoss=0 | Blocked=no | ATRt=8.6 | Sprd=1.0
2025-08-29 09:37:05,649 [REGIME] ADX=19.5  BBbw=0.0017  ATR%=0.000332  (mins eff: ADX>=8.0, BBbw>=0.0007, ATR%>=0.000038)
2025-08-29 09:38:05,256 [HB] PnL=0.00 | ConsecLoss=0 | Blocked=no | ATRt=8.6 | Sprd=1.0
2025-08-29 09:38:05,256 [REGIME] ADX=18.6  BBbw=0.0017  ATR%=0.000333  (mins eff: ADX>=8.0, BBbw>=0.0007, ATR%>=0.000038)
2025-08-29 09:39:06,148 [HB] PnL=0.00 | ConsecLoss=0 | Blocked=no | ATRt=8.2 | Sprd=1.0
2025-08-29 09:39:06,149 [REGIME] ADX=17.7  BBbw=0.0016  ATR%=0.000318  (mins eff: ADX>=8.0, BBbw>=0.0007, ATR%>=0.000038)
2025-08-29 09:40:05,670 [HB] PnL=0.00 | ConsecLoss=0 | Blocked=no | ATRt=7.9 | Sprd=1.0
2025-08-29 09:40:05,671 [REGIME] ADX=17.0  BBbw=0.0016  ATR%=0.000303  (mins eff: ADX>=8.0, BBbw>=0.0007, ATR%>=0.000038)
2025-08-29 09:41:05,179 [HB] PnL=0.00 | ConsecLoss=0 | Blocked=no | ATRt=7.5 | Sprd=1.0
2025-08-29 09:41:05,180 [REGIME] ADX=16.5  BBbw=0.0017  ATR%=0.000290  (mins eff: ADX>=8.0, BBbw>=0.0007, ATR%>=0.000050)
2025-08-29 09:42:05,754 [HB] PnL=0.00 | ConsecLoss=0 | Blocked=no | ATRt=7.8 | Sprd=1.0
2025-08-29 09:42:05,755 [REGIME] ADX=15.5  BBbw=0.0017  ATR%=0.000300  (mins eff: ADX>=8.0, BBbw>=0.0007, ATR%>=0.000050)
2025-08-29 09:43:05,290 [HB] PnL=0.00 | ConsecLoss=0 | Blocked=no | ATRt=7.4 | Sprd=1.0
2025-08-29 09:43:05,290 [REGIME] ADX=14.5  BBbw=0.0017  ATR%=0.000287  (mins eff: ADX>=8.0, BBbw>=0.0007, ATR%>=0.000050)
2025-08-29 09:44:05,813 [HB] PnL=0.00 | ConsecLoss=0 | Blocked=no | ATRt=7.2 | Sprd=1.0
2025-08-29 09:44:05,814 [REGIME] ADX=14.1  BBbw=0.0017  ATR%=0.000280  (mins eff: ADX>=8.0, BBbw>=0.0007, ATR%>=0.000050)
2025-08-29 09:45:05,433 [HB] PnL=0.00 | ConsecLoss=0 | Blocked=no | ATRt=8.1 | Sprd=1.0
2025-08-29 09:45:05,434 [REGIME] ADX=15.0  BBbw=0.0017  ATR%=0.000313  (mins eff: ADX>=8.0, BBbw>=0.0007, ATR%>=0.000038)
