2025-08-26 16:55:41,826 ================== PAPER MODE ==================
2025-08-26 16:55:41,827 Host:127.0.0.1  Port:7497  ClientId:123
2025-08-26 16:55:41,827 Paper account required (TWS/Gateway set to Paper). Orders WILL be sent (paper).
2025-08-26 16:55:41,827 Writing log to logs\run_Tue0826_165541.log
2025-08-26 16:55:41,829 [CONNECT] Attempt 1/8 to 127.0.0.1:7497 (clientId=123, timeout=60s)
2025-08-26 16:55:41,940 Connected 127.0.0.1:7497 clientId=123 | Market data type: LIVE (1)
2025-08-26 16:55:41,940 [AUTO] Selecting front quarter for ES/CME ...
2025-08-26 16:55:41,978 [AUTO] Front month chosen: ESU5 exp=20250919
2025-08-26 16:55:41,981 Using contract: ESU5  (conId=637533641)
2025-08-26 16:55:42,055 [WARMUP] Loaded 900 historical 1m bars.
2025-08-26 16:55:42,067 >> LIVE paper trading with stop-entry + OCO. Ctrl+C to stop.
2025-08-26 16:55:42,086 [FLAT] Enforced flat at 14:57 CT; blocking new entries.
2025-08-26 21:35:04,037 [WARN] Disconnected — pausing new entries.
2025-08-26 21:35:04,038 [LIVE] reqHistoricalData 180 S failed (Socket disconnect); retry in 1s
2025-08-26 21:35:05,040 [WARN] Lost connection; attempting reconnect...
2025-08-26 21:35:07,095 [WARN] Reconnect 1 failed: [WinError 1225] The remote computer refused the network connection
2025-08-26 21:35:11,126 [WARN] Reconnect 2 failed: [WinError 1225] The remote computer refused the network connection
2025-08-26 21:35:17,131 [WARN] Reconnect 3 failed: [WinError 1225] The remote computer refused the network connection
2025-08-26 21:35:25,159 [WARN] Reconnect 4 failed: [WinError 1225] The remote computer refused the network connection
2025-08-26 21:35:35,195 [WARN] Reconnect 5 failed: [WinError 1225] The remote computer refused the network connection
2025-08-26 21:35:47,230 [WARN] Reconnect 6 failed: [WinError 1225] The remote computer refused the network connection
2025-08-26 21:36:01,262 [WARN] Reconnect 7 failed: [WinError 1225] The remote computer refused the network connection
2025-08-26 21:36:17,310 [WARN] Reconnect 8 failed: [WinError 1225] The remote computer refused the network connection
2025-08-26 21:36:33,311 [CRASH] Could not reconnect; backing off 10s
2025-08-26 21:36:43,312 [WARN] Lost connection; attempting reconnect...
2025-08-26 21:36:45,343 [WARN] Reconnect 1 failed: [WinError 1225] The remote computer refused the network connection
2025-08-26 21:36:49,362 [WARN] Reconnect 2 failed: [WinError 1225] The remote computer refused the network connection
2025-08-26 21:36:55,396 [WARN] Reconnect 3 failed: [WinError 1225] The remote computer refused the network connection
2025-08-26 21:37:03,428 [WARN] Reconnect 4 failed: [WinError 1225] The remote computer refused the network connection
2025-08-26 21:37:13,478 [WARN] Reconnect 5 failed: [WinError 1225] The remote computer refused the network connection
2025-08-26 21:37:25,515 [WARN] Reconnect 6 failed: [WinError 1225] The remote computer refused the network connection
2025-08-26 21:37:39,556 [WARN] Reconnect 7 failed: [WinError 1225] The remote computer refused the network connection
2025-08-26 21:37:55,580 [WARN] Reconnect 8 failed: [WinError 1225] The remote computer refused the network connection
2025-08-26 21:38:11,581 [CRASH] Could not reconnect; backing off 10s
2025-08-26 21:38:21,582 [WARN] Lost connection; attempting reconnect...
2025-08-26 21:38:23,628 [WARN] Reconnect 1 failed: [WinError 1225] The remote computer refused the network connection
2025-08-26 21:38:27,644 [WARN] Reconnect 2 failed: [WinError 1225] The remote computer refused the network connection
2025-08-26 21:38:33,669 [WARN] Reconnect 3 failed: [WinError 1225] The remote computer refused the network connection
2025-08-26 21:38:41,702 [WARN] Reconnect 4 failed: [WinError 1225] The remote computer refused the network connection
2025-08-26 21:38:51,736 [WARN] Reconnect 5 failed: [WinError 1225] The remote computer refused the network connection
2025-08-26 21:39:03,788 [WARN] Reconnect 6 failed: [WinError 1225] The remote computer refused the network connection
2025-08-26 21:39:17,812 [WARN] Reconnect 7 failed: [WinError 1225] The remote computer refused the network connection
2025-08-26 21:39:33,846 [WARN] Reconnect 8 failed: [WinError 1225] The remote computer refused the network connection
2025-08-26 21:39:49,847 [CRASH] Could not reconnect; backing off 10s
2025-08-26 21:39:59,849 [WARN] Lost connection; attempting reconnect...
2025-08-26 21:40:01,887 [WARN] Reconnect 1 failed: [WinError 1225] The remote computer refused the network connection
2025-08-26 21:40:05,926 [WARN] Reconnect 2 failed: [WinError 1225] The remote computer refused the network connection
2025-08-26 21:40:11,952 [WARN] Reconnect 3 failed: [WinError 1225] The remote computer refused the network connection
2025-08-26 21:40:19,993 [WARN] Reconnect 4 failed: [WinError 1225] The remote computer refused the network connection
2025-08-26 21:40:30,037 [WARN] Reconnect 5 failed: [WinError 1225] The remote computer refused the network connection
2025-08-26 21:40:42,083 [WARN] Reconnect 6 failed: [WinError 1225] The remote computer refused the network connection
2025-08-26 21:40:56,099 [WARN] Reconnect 7 failed: [WinError 1225] The remote computer refused the network connection
2025-08-26 21:41:12,129 [WARN] Reconnect 8 failed: [WinError 1225] The remote computer refused the network connection
2025-08-26 21:41:28,130 [CRASH] Could not reconnect; backing off 10s
2025-08-26 21:41:38,131 [WARN] Lost connection; attempting reconnect...
2025-08-26 21:41:40,167 [WARN] Reconnect 1 failed: [WinError 1225] The remote computer refused the network connection
2025-08-26 21:41:44,211 [WARN] Reconnect 2 failed: [WinError 1225] The remote computer refused the network connection
2025-08-26 21:41:50,258 [WARN] Reconnect 3 failed: [WinError 1225] The remote computer refused the network connection
2025-08-26 21:41:58,293 [WARN] Reconnect 4 failed: [WinError 1225] The remote computer refused the network connection
2025-08-26 21:42:08,330 [WARN] Reconnect 5 failed: [WinError 1225] The remote computer refused the network connection
2025-08-26 21:42:20,360 [WARN] Reconnect 6 failed: [WinError 1225] The remote computer refused the network connection
2025-08-26 21:42:34,399 [WARN] Reconnect 7 failed: [WinError 1225] The remote computer refused the network connection
2025-08-26 21:42:50,434 [WARN] Reconnect 8 failed: [WinError 1225] The remote computer refused the network connection
2025-08-26 21:43:06,436 [CRASH] Could not reconnect; backing off 10s
2025-08-26 21:43:16,439 [WARN] Lost connection; attempting reconnect...
2025-08-26 21:43:18,472 [WARN] Reconnect 1 failed: [WinError 1225] The remote computer refused the network connection
2025-08-26 21:43:22,513 [WARN] Reconnect 2 failed: [WinError 1225] The remote computer refused the network connection
2025-08-26 21:43:28,554 [WARN] Reconnect 3 failed: [WinError 1225] The remote computer refused the network connection
2025-08-26 21:43:36,603 [WARN] Reconnect 4 failed: [WinError 1225] The remote computer refused the network connection
2025-08-26 21:43:46,648 [WARN] Reconnect 5 failed: [WinError 1225] The remote computer refused the network connection
2025-08-26 21:43:58,672 [WARN] Reconnect 6 failed: [WinError 1225] The remote computer refused the network connection
2025-08-26 21:44:12,705 [WARN] Reconnect 7 failed: [WinError 1225] The remote computer refused the network connection
2025-08-26 21:44:28,728 [WARN] Reconnect 8 failed: [WinError 1225] The remote computer refused the network connection
2025-08-26 21:44:44,729 [CRASH] Could not reconnect; backing off 10s
2025-08-26 21:44:54,730 [WARN] Lost connection; attempting reconnect...
2025-08-26 21:44:56,755 [WARN] Reconnect 1 failed: [WinError 1225] The remote computer refused the network connection
2025-08-26 21:45:00,780 [WARN] Reconnect 2 failed: [WinError 1225] The remote computer refused the network connection
2025-08-26 21:45:06,811 [WARN] Reconnect 3 failed: [WinError 1225] The remote computer refused the network connection
2025-08-26 21:45:14,858 [WARN] Reconnect 4 failed: [WinError 1225] The remote computer refused the network connection
2025-08-26 21:45:24,879 [WARN] Reconnect 5 failed: [WinError 1225] The remote computer refused the network connection
2025-08-26 21:45:36,912 [WARN] Reconnect 6 failed: [WinError 1225] The remote computer refused the network connection
2025-08-26 21:45:50,946 [WARN] Reconnect 7 failed: [WinError 1225] The remote computer refused the network connection
2025-08-26 21:46:06,980 [WARN] Reconnect 8 failed: [WinError 1225] The remote computer refused the network connection
2025-08-26 21:46:22,981 [CRASH] Could not reconnect; backing off 10s
2025-08-26 21:46:32,982 [WARN] Lost connection; attempting reconnect...
2025-08-26 21:46:34,997 [WARN] Reconnect 1 failed: [WinError 1225] The remote computer refused the network connection
2025-08-26 21:46:39,024 [WARN] Reconnect 2 failed: [WinError 1225] The remote computer refused the network connection
2025-08-26 21:46:45,060 [WARN] Reconnect 3 failed: [WinError 1225] The remote computer refused the network connection
2025-08-26 21:46:53,108 [WARN] Reconnect 4 failed: [WinError 1225] The remote computer refused the network connection
2025-08-26 21:47:03,129 [WARN] Reconnect 5 failed: [WinError 1225] The remote computer refused the network connection
2025-08-26 21:47:15,177 [WARN] Reconnect 6 failed: [WinError 1225] The remote computer refused the network connection
2025-08-26 21:47:29,227 [WARN] Reconnect 7 failed: [WinError 1225] The remote computer refused the network connection
2025-08-26 21:47:45,272 [WARN] Reconnect 8 failed: [WinError 1225] The remote computer refused the network connection
2025-08-26 21:48:01,274 [CRASH] Could not reconnect; backing off 10s
2025-08-26 21:48:11,277 [WARN] Lost connection; attempting reconnect...
2025-08-26 21:48:13,314 [WARN] Reconnect 1 failed: [WinError 1225] The remote computer refused the network connection
2025-08-26 21:48:17,348 [WARN] Reconnect 2 failed: [WinError 1225] The remote computer refused the network connection
2025-08-26 21:48:23,366 [WARN] Reconnect 3 failed: [WinError 1225] The remote computer refused the network connection
2025-08-26 21:48:31,393 [WARN] Reconnect 4 failed: [WinError 1225] The remote computer refused the network connection
2025-08-26 21:48:41,435 [WARN] Reconnect 5 failed: [WinError 1225] The remote computer refused the network connection
2025-08-26 21:48:53,468 [WARN] Reconnect 6 failed: [WinError 1225] The remote computer refused the network connection
2025-08-26 21:49:07,499 [WARN] Reconnect 7 failed: [WinError 1225] The remote computer refused the network connection
2025-08-26 21:49:23,547 [WARN] Reconnect 8 failed: [WinError 1225] The remote computer refused the network connection
2025-08-26 21:49:39,549 [CRASH] Could not reconnect; backing off 10s
2025-08-26 21:49:49,551 [WARN] Lost connection; attempting reconnect...
2025-08-26 21:49:51,581 [WARN] Reconnect 1 failed: [WinError 1225] The remote computer refused the network connection
2025-08-26 21:49:55,626 [WARN] Reconnect 2 failed: [WinError 1225] The remote computer refused the network connection
2025-08-26 21:50:01,661 [WARN] Reconnect 3 failed: [WinError 1225] The remote computer refused the network connection
2025-08-26 21:50:09,683 [WARN] Reconnect 4 failed: [WinError 1225] The remote computer refused the network connection
2025-08-26 21:50:19,699 [WARN] Reconnect 5 failed: [WinError 1225] The remote computer refused the network connection
2025-08-26 21:50:31,730 [WARN] Reconnect 6 failed: [WinError 1225] The remote computer refused the network connection
2025-08-26 21:50:45,764 [WARN] Reconnect 7 failed: [WinError 1225] The remote computer refused the network connection
2025-08-26 21:51:01,801 [WARN] Reconnect 8 failed: [WinError 1225] The remote computer refused the network connection
2025-08-26 22:00:18,661 [CRASH] Could not reconnect; backing off 10s
2025-08-27 00:43:32,789 [WARN] Lost connection; attempting reconnect...
2025-08-27 00:43:34,822 [WARN] Reconnect 1 failed: [WinError 1225] The remote computer refused the network connection
2025-08-27 07:18:53,092 [WARN] Reconnect 2 failed: [WinError 1225] The remote computer refused the network connection
2025-08-27 07:18:59,111 [WARN] Reconnect 3 failed: [WinError 1225] The remote computer refused the network connection
2025-08-27 07:19:07,151 [WARN] Reconnect 4 failed: [WinError 1225] The remote computer refused the network connection
2025-08-27 07:19:17,190 [WARN] Reconnect 5 failed: [WinError 1225] The remote computer refused the network connection
2025-08-27 07:19:29,237 [WARN] Reconnect 6 failed: [WinError 1225] The remote computer refused the network connection
2025-08-27 07:19:43,284 [WARN] Reconnect 7 failed: [WinError 1225] The remote computer refused the network connection
2025-08-27 07:19:59,314 [WARN] Reconnect 8 failed: [WinError 1225] The remote computer refused the network connection
2025-08-27 07:20:15,315 [CRASH] Could not reconnect; backing off 10s
2025-08-27 07:20:25,316 [WARN] Lost connection; attempting reconnect...
2025-08-27 07:20:27,340 [WARN] Reconnect 1 failed: [WinError 1225] The remote computer refused the network connection
2025-08-27 07:20:31,370 [WARN] Reconnect 2 failed: [WinError 1225] The remote computer refused the network connection
2025-08-27 07:20:37,390 [WARN] Reconnect 3 failed: [WinError 1225] The remote computer refused the network connection
2025-08-27 07:20:45,420 [WARN] Reconnect 4 failed: [WinError 1225] The remote computer refused the network connection
2025-08-27 07:20:55,470 [WARN] Reconnect 5 failed: [WinError 1225] The remote computer refused the network connection
2025-08-27 07:21:07,530 [WARN] Reconnect 6 failed: [WinError 1225] The remote computer refused the network connection
2025-08-27 07:21:21,569 [WARN] Reconnect 7 failed: [WinError 1225] The remote computer refused the network connection
2025-08-27 07:21:37,610 [WARN] Reconnect 8 failed: [WinError 1225] The remote computer refused the network connection
2025-08-27 07:21:53,611 [CRASH] Could not reconnect; backing off 10s
2025-08-27 07:22:03,613 [WARN] Lost connection; attempting reconnect...
2025-08-27 07:23:03,626 [WARN] Reconnect 1 failed: 
2025-08-27 07:23:06,152 [WARN] Reconnected
2025-08-27 07:24:26,706 [WARN] Disconnected — pausing new entries.
2025-08-27 07:24:26,707 [LIVE] reqHistoricalData 180 S failed (Socket disconnect); retry in 1s
2025-08-27 07:24:27,708 [WARN] Lost connection; attempting reconnect...
2025-08-27 07:24:29,740 [WARN] Reconnect 1 failed: [WinError 1225] The remote computer refused the network connection
2025-08-27 07:24:33,759 [WARN] Reconnect 2 failed: [WinError 1225] The remote computer refused the network connection
2025-08-27 07:24:39,771 [WARN] Reconnect 3 failed: [WinError 1225] The remote computer refused the network connection
2025-08-27 07:24:47,815 [WARN] Reconnect 4 failed: [WinError 1225] The remote computer refused the network connection
2025-08-27 07:25:57,861 [WARN] Reconnect 5 failed: 
2025-08-27 07:26:08,388 [WARN] Reconnected
2025-08-27 07:49:53,930 [WARN] Disconnected — pausing new entries.
2025-08-27 07:49:53,931 [LIVE] reqHistoricalData 180 S failed (Socket disconnect); retry in 1s
2025-08-27 07:49:54,932 [WARN] Lost connection; attempting reconnect...
2025-08-27 07:49:56,989 [WARN] Reconnect 1 failed: [WinError 1225] The remote computer refused the network connection
2025-08-27 07:50:01,015 [WARN] Reconnect 2 failed: [WinError 1225] The remote computer refused the network connection
2025-08-27 07:50:07,061 [WARN] Reconnect 3 failed: [WinError 1225] The remote computer refused the network connection
2025-08-27 07:50:16,790 [WARN] Reconnected
2025-08-27 08:26:04,734 [WARN] Disconnected — pausing new entries.
2025-08-27 08:26:04,734 [LIVE] reqHistoricalData 180 S failed (Socket disconnect); retry in 1s
2025-08-27 08:26:05,736 [WARN] Lost connection; attempting reconnect...
2025-08-27 08:26:07,784 [WARN] Reconnect 1 failed: [WinError 1225] The remote computer refused the network connection
2025-08-27 08:26:11,836 [WARN] Reconnect 2 failed: [WinError 1225] The remote computer refused the network connection
2025-08-27 08:26:17,860 [WARN] Reconnect 3 failed: [WinError 1225] The remote computer refused the network connection
2025-08-27 08:26:25,888 [WARN] Reconnect 4 failed: [WinError 1225] The remote computer refused the network connection
2025-08-27 08:26:35,914 [WARN] Reconnect 5 failed: [WinError 1225] The remote computer refused the network connection
2025-08-27 08:26:47,944 [WARN] Reconnect 6 failed: [WinError 1225] The remote computer refused the network connection
2025-08-27 08:27:01,974 [WARN] Reconnect 7 failed: [WinError 1225] The remote computer refused the network connection
2025-08-27 08:27:18,010 [WARN] Reconnect 8 failed: [WinError 1225] The remote computer refused the network connection
2025-08-27 08:27:34,011 [CRASH] Could not reconnect; backing off 10s
2025-08-27 08:27:44,012 [WARN] Lost connection; attempting reconnect...
2025-08-27 08:28:44,021 [WARN] Reconnect 1 failed: 
2025-08-27 08:29:46,027 [WARN] Reconnect 2 failed: 
2025-08-27 08:30:50,045 [WARN] Reconnect 3 failed: 
2025-08-27 08:31:56,058 [WARN] Reconnect 4 failed: 
2025-08-27 08:33:04,079 [WARN] Reconnect 5 failed: 
2025-08-27 08:34:14,095 [WARN] Reconnect 6 failed: 
2025-08-27 08:35:26,103 [WARN] Reconnect 7 failed: 
2025-08-27 08:36:40,116 [WARN] Reconnect 8 failed: 
2025-08-27 08:36:56,117 [CRASH] Could not reconnect; backing off 10s
2025-08-27 08:37:06,118 [WARN] Lost connection; attempting reconnect...
2025-08-27 08:38:06,126 [WARN] Reconnect 1 failed: 
2025-08-27 08:39:08,144 [WARN] Reconnect 2 failed: 
2025-08-27 08:40:12,160 [WARN] Reconnect 3 failed: 
2025-08-27 08:41:18,167 [WARN] Reconnect 4 failed: 
2025-08-27 08:42:26,180 [WARN] Reconnect 5 failed: 
2025-08-27 08:43:36,190 [WARN] Reconnect 6 failed: 
2025-08-27 08:44:48,208 [WARN] Reconnect 7 failed: 
2025-08-27 08:46:02,217 [WARN] Reconnect 8 failed: 
2025-08-27 08:46:18,219 [CRASH] Could not reconnect; backing off 10s
2025-08-27 08:46:28,220 [WARN] Lost connection; attempting reconnect...
2025-08-27 08:47:28,233 [WARN] Reconnect 1 failed: 
2025-08-27 08:48:30,252 [WARN] Reconnect 2 failed: 
2025-08-27 08:49:34,258 [WARN] Reconnect 3 failed: 
2025-08-27 08:50:40,279 [WARN] Reconnect 4 failed: 
2025-08-27 08:51:48,291 [WARN] Reconnect 5 failed: 
2025-08-27 08:52:58,301 [WARN] Reconnect 6 failed: 
2025-08-27 08:54:10,314 [WARN] Reconnect 7 failed: 
2025-08-27 08:55:24,332 [WARN] Reconnect 8 failed: 
2025-08-27 08:55:40,333 [CRASH] Could not reconnect; backing off 10s
2025-08-27 08:55:50,335 [WARN] Lost connection; attempting reconnect...
2025-08-27 08:56:50,345 [WARN] Reconnect 1 failed: 
2025-08-27 08:57:52,359 [WARN] Reconnect 2 failed: 
2025-08-27 08:58:56,384 [WARN] Reconnect 3 failed: 
2025-08-27 09:00:02,400 [WARN] Reconnect 4 failed: 
2025-08-27 09:01:10,410 [WARN] Reconnect 5 failed: 
2025-08-27 09:02:20,422 [WARN] Reconnect 6 failed: 
2025-08-27 09:03:32,435 [WARN] Reconnect 7 failed: 
2025-08-27 09:04:46,456 [WARN] Reconnect 8 failed: 
2025-08-27 09:05:02,458 [CRASH] Could not reconnect; backing off 10s
2025-08-27 09:05:12,459 [WARN] Lost connection; attempting reconnect...
2025-08-27 09:06:12,478 [WARN] Reconnect 1 failed: 
2025-08-27 09:07:14,496 [WARN] Reconnect 2 failed: 
2025-08-27 09:08:18,521 [WARN] Reconnect 3 failed: 
2025-08-27 09:09:24,536 [WARN] Reconnect 4 failed: 
2025-08-27 09:10:32,550 [WARN] Reconnect 5 failed: 
2025-08-27 09:11:42,566 [WARN] Reconnect 6 failed: 
2025-08-27 09:12:54,598 [WARN] Reconnect 7 failed: 
2025-08-27 09:14:08,613 [WARN] Reconnect 8 failed: 
2025-08-27 09:14:24,613 [CRASH] Could not reconnect; backing off 10s
2025-08-27 09:14:34,618 [WARN] Lost connection; attempting reconnect...
2025-08-27 09:15:34,637 [WARN] Reconnect 1 failed: 
2025-08-27 09:16:36,650 [WARN] Reconnect 2 failed: 
2025-08-27 09:17:40,666 [WARN] Reconnect 3 failed: 
2025-08-27 09:18:46,685 [WARN] Reconnect 4 failed: 
2025-08-27 09:19:54,709 [WARN] Reconnect 5 failed: 
2025-08-27 09:21:04,718 [WARN] Reconnect 6 failed: 
2025-08-27 09:22:16,731 [WARN] Reconnect 7 failed: 
2025-08-27 09:23:30,751 [WARN] Reconnect 8 failed: 
2025-08-27 09:23:46,755 [CRASH] Could not reconnect; backing off 10s
2025-08-27 09:23:56,758 [WARN] Lost connection; attempting reconnect...
2025-08-27 09:24:56,774 [WARN] Reconnect 1 failed: 
2025-08-27 09:25:58,786 [WARN] Reconnect 2 failed: 
2025-08-27 09:27:02,800 [WARN] Reconnect 3 failed: 
2025-08-27 09:28:08,806 [WARN] Reconnect 4 failed: 
2025-08-27 09:29:16,823 [WARN] Reconnect 5 failed: 
2025-08-27 09:30:26,842 [WARN] Reconnect 6 failed: 
2025-08-27 09:31:38,855 [WARN] Reconnect 7 failed: 
2025-08-27 09:32:52,862 [WARN] Reconnect 8 failed: 
2025-08-27 09:33:08,863 [CRASH] Could not reconnect; backing off 10s
2025-08-27 09:33:18,864 [WARN] Lost connection; attempting reconnect...
2025-08-27 09:34:18,868 [WARN] Reconnect 1 failed: 
2025-08-27 09:35:20,884 [WARN] Reconnect 2 failed: 
2025-08-27 09:36:24,897 [WARN] Reconnect 3 failed: 
2025-08-27 09:37:30,906 [WARN] Reconnect 4 failed: 
2025-08-27 09:38:38,925 [WARN] Reconnect 5 failed: 
2025-08-27 09:39:48,939 [WARN] Reconnect 6 failed: 
2025-08-27 09:41:00,961 [WARN] Reconnect 7 failed: 
2025-08-27 09:42:14,980 [WARN] Reconnect 8 failed: 
2025-08-27 09:42:30,982 [CRASH] Could not reconnect; backing off 10s
2025-08-27 09:42:40,985 [WARN] Lost connection; attempting reconnect...
2025-08-27 09:43:41,008 [WARN] Reconnect 1 failed: 
2025-08-27 09:44:43,022 [WARN] Reconnect 2 failed: 
2025-08-27 09:45:47,038 [WARN] Reconnect 3 failed: 
2025-08-27 09:46:53,055 [WARN] Reconnect 4 failed: 
2025-08-27 09:48:01,071 [WARN] Reconnect 5 failed: 
2025-08-27 09:49:11,085 [WARN] Reconnect 6 failed: 
2025-08-27 09:50:23,095 [WARN] Reconnect 7 failed: 
2025-08-27 09:51:37,108 [WARN] Reconnect 8 failed: 
2025-08-27 09:51:53,108 [CRASH] Could not reconnect; backing off 10s
2025-08-27 09:52:03,109 [WARN] Lost connection; attempting reconnect...
2025-08-27 09:53:03,121 [WARN] Reconnect 1 failed: 
2025-08-27 09:54:05,138 [WARN] Reconnect 2 failed: 
2025-08-27 09:55:09,145 [WARN] Reconnect 3 failed: 
2025-08-27 09:56:15,159 [WARN] Reconnect 4 failed: 
2025-08-27 09:57:23,178 [WARN] Reconnect 5 failed: 
2025-08-27 09:58:33,194 [WARN] Reconnect 6 failed: 
2025-08-27 09:59:45,208 [WARN] Reconnect 7 failed: 
2025-08-27 10:00:59,219 [WARN] Reconnect 8 failed: 
2025-08-27 10:01:15,221 [CRASH] Could not reconnect; backing off 10s
2025-08-27 10:01:25,224 [WARN] Lost connection; attempting reconnect...
2025-08-27 10:02:25,234 [WARN] Reconnect 1 failed: 
2025-08-27 10:03:27,242 [WARN] Reconnect 2 failed: 
2025-08-27 10:04:31,253 [WARN] Reconnect 3 failed: 
2025-08-27 10:05:37,265 [WARN] Reconnect 4 failed: 
2025-08-27 10:06:45,274 [WARN] Reconnect 5 failed: 
2025-08-27 10:07:55,290 [WARN] Reconnect 6 failed: 
2025-08-27 10:09:07,298 [WARN] Reconnect 7 failed: 
2025-08-27 10:10:21,314 [WARN] Reconnect 8 failed: 
2025-08-27 10:10:37,317 [CRASH] Could not reconnect; backing off 10s
2025-08-27 10:10:47,320 [WARN] Lost connection; attempting reconnect...
2025-08-27 10:11:47,342 [WARN] Reconnect 1 failed: 
2025-08-27 10:12:49,360 [WARN] Reconnect 2 failed: 
2025-08-27 10:13:53,379 [WARN] Reconnect 3 failed: 
2025-08-27 10:14:59,399 [WARN] Reconnect 4 failed: 
2025-08-27 10:16:07,413 [WARN] Reconnect 5 failed: 
2025-08-27 10:17:17,426 [WARN] Reconnect 6 failed: 
2025-08-27 10:18:29,436 [WARN] Reconnect 7 failed: 
2025-08-27 10:19:43,449 [WARN] Reconnect 8 failed: 
2025-08-27 10:19:59,452 [CRASH] Could not reconnect; backing off 10s
2025-08-27 10:20:09,453 [WARN] Lost connection; attempting reconnect...
2025-08-27 10:21:09,466 [WARN] Reconnect 1 failed: 
2025-08-27 10:22:11,483 [WARN] Reconnect 2 failed: 
2025-08-27 10:23:15,502 [WARN] Reconnect 3 failed: 
2025-08-27 10:24:21,528 [WARN] Reconnect 4 failed: 
2025-08-27 10:25:29,545 [WARN] Reconnect 5 failed: 
2025-08-27 10:26:39,566 [WARN] Reconnect 6 failed: 
2025-08-27 10:27:51,576 [WARN] Reconnect 7 failed: 
2025-08-27 10:29:05,595 [WARN] Reconnect 8 failed: 
2025-08-27 10:29:21,596 [CRASH] Could not reconnect; backing off 10s
2025-08-27 10:29:31,598 [WARN] Lost connection; attempting reconnect...
2025-08-27 10:30:31,606 [WARN] Reconnect 1 failed: 
2025-08-27 10:31:33,622 [WARN] Reconnect 2 failed: 
2025-08-27 10:32:37,638 [WARN] Reconnect 3 failed: 
2025-08-27 10:33:43,663 [WARN] Reconnect 4 failed: 
2025-08-27 10:34:51,678 [WARN] Reconnect 5 failed: 
2025-08-27 10:36:01,692 [WARN] Reconnect 6 failed: 
2025-08-27 10:37:13,714 [WARN] Reconnect 7 failed: 
2025-08-27 10:38:27,726 [WARN] Reconnect 8 failed: 
2025-08-27 10:38:43,727 [CRASH] Could not reconnect; backing off 10s
2025-08-27 10:38:53,729 [WARN] Lost connection; attempting reconnect...
2025-08-27 10:39:53,746 [WARN] Reconnect 1 failed: 
2025-08-27 10:40:55,755 [WARN] Reconnect 2 failed: 
2025-08-27 10:41:59,759 [WARN] Reconnect 3 failed: 
2025-08-27 10:43:05,768 [WARN] Reconnect 4 failed: 
2025-08-27 10:44:13,776 [WARN] Reconnect 5 failed: 
2025-08-27 10:45:23,784 [WARN] Reconnect 6 failed: 
2025-08-27 10:46:35,801 [WARN] Reconnect 7 failed: 
2025-08-27 10:47:49,814 [WARN] Reconnect 8 failed: 
2025-08-27 10:48:05,816 [CRASH] Could not reconnect; backing off 10s
2025-08-27 10:48:15,818 [WARN] Lost connection; attempting reconnect...
2025-08-27 10:49:15,821 [WARN] Reconnect 1 failed: 
2025-08-27 10:50:17,829 [WARN] Reconnect 2 failed: 
2025-08-27 10:51:21,862 [WARN] Reconnect 3 failed: 
2025-08-27 10:52:27,880 [WARN] Reconnect 4 failed: 
2025-08-27 10:53:35,897 [WARN] Reconnect 5 failed: 
2025-08-27 10:54:45,907 [WARN] Reconnect 6 failed: 
2025-08-27 10:55:57,916 [WARN] Reconnect 7 failed: 
2025-08-27 10:57:11,930 [WARN] Reconnect 8 failed: 
2025-08-27 10:57:27,931 [CRASH] Could not reconnect; backing off 10s
2025-08-27 10:57:37,933 [WARN] Lost connection; attempting reconnect...
2025-08-27 10:58:37,952 [WARN] Reconnect 1 failed: 
2025-08-27 10:59:39,971 [WARN] Reconnect 2 failed: 
2025-08-27 11:00:43,988 [WARN] Reconnect 3 failed: 
2025-08-27 11:01:49,999 [WARN] Reconnect 4 failed: 
2025-08-27 11:02:58,018 [WARN] Reconnect 5 failed: 
2025-08-27 11:04:08,028 [WARN] Reconnect 6 failed: 
2025-08-27 11:05:20,047 [WARN] Reconnect 7 failed: 
2025-08-27 11:06:34,059 [WARN] Reconnect 8 failed: 
2025-08-27 11:06:50,064 [CRASH] Could not reconnect; backing off 10s
2025-08-27 11:07:00,065 [WARN] Lost connection; attempting reconnect...
2025-08-27 11:08:00,072 [WARN] Reconnect 1 failed: 
2025-08-27 11:09:02,089 [WARN] Reconnect 2 failed: 
2025-08-27 11:10:06,112 [WARN] Reconnect 3 failed: 
2025-08-27 11:11:12,117 [WARN] Reconnect 4 failed: 
2025-08-27 11:12:20,128 [WARN] Reconnect 5 failed: 
2025-08-27 11:13:30,142 [WARN] Reconnect 6 failed: 
2025-08-27 11:14:42,160 [WARN] Reconnect 7 failed: 
2025-08-27 11:15:56,165 [WARN] Reconnect 8 failed: 
2025-08-27 11:16:12,166 [CRASH] Could not reconnect; backing off 10s
2025-08-27 11:16:22,167 [WARN] Lost connection; attempting reconnect...
2025-08-27 11:17:22,186 [WARN] Reconnect 1 failed: 
2025-08-27 11:18:24,195 [WARN] Reconnect 2 failed: 
2025-08-27 11:19:28,206 [WARN] Reconnect 3 failed: 
2025-08-27 11:20:34,219 [WARN] Reconnect 4 failed: 
2025-08-27 11:21:42,237 [WARN] Reconnect 5 failed: 
2025-08-27 11:22:52,241 [WARN] Reconnect 6 failed: 
2025-08-27 11:24:04,249 [WARN] Reconnect 7 failed: 
2025-08-27 11:25:18,259 [WARN] Reconnect 8 failed: 
2025-08-27 11:25:34,260 [CRASH] Could not reconnect; backing off 10s
2025-08-27 11:25:44,261 [WARN] Lost connection; attempting reconnect...
2025-08-27 11:26:44,269 [WARN] Reconnect 1 failed: 
2025-08-27 11:27:46,287 [WARN] Reconnect 2 failed: 
2025-08-27 11:28:50,292 [WARN] Reconnect 3 failed: 
2025-08-27 11:29:56,302 [WARN] Reconnect 4 failed: 
2025-08-27 11:31:04,321 [WARN] Reconnect 5 failed: 
2025-08-27 11:32:14,335 [WARN] Reconnect 6 failed: 
2025-08-27 11:33:26,346 [WARN] Reconnect 7 failed: 
2025-08-27 11:34:40,362 [WARN] Reconnect 8 failed: 
2025-08-27 11:34:56,363 [CRASH] Could not reconnect; backing off 10s
2025-08-27 11:35:06,364 [WARN] Lost connection; attempting reconnect...
2025-08-27 11:36:06,372 [WARN] Reconnect 1 failed: 
2025-08-27 11:37:08,388 [WARN] Reconnect 2 failed: 
2025-08-27 11:38:12,406 [WARN] Reconnect 3 failed: 
2025-08-27 11:39:18,426 [WARN] Reconnect 4 failed: 
2025-08-27 11:40:26,444 [WARN] Reconnect 5 failed: 
2025-08-27 11:41:36,463 [WARN] Reconnect 6 failed: 
2025-08-27 11:42:48,490 [WARN] Reconnect 7 failed: 
2025-08-27 11:44:02,501 [WARN] Reconnect 8 failed: 
2025-08-27 11:44:18,504 [CRASH] Could not reconnect; backing off 10s
2025-08-27 11:44:28,508 [WARN] Lost connection; attempting reconnect...
2025-08-27 11:45:28,531 [WARN] Reconnect 1 failed: 
2025-08-27 11:46:30,549 [WARN] Reconnect 2 failed: 
2025-08-27 11:47:34,571 [WARN] Reconnect 3 failed: 
2025-08-27 11:48:40,578 [WARN] Reconnect 4 failed: 
2025-08-27 11:49:48,599 [WARN] Reconnect 5 failed: 
2025-08-27 11:50:58,619 [WARN] Reconnect 6 failed: 
2025-08-27 11:52:10,633 [WARN] Reconnect 7 failed: 
2025-08-27 11:53:24,645 [WARN] Reconnect 8 failed: 
2025-08-27 11:53:40,647 [CRASH] Could not reconnect; backing off 10s
2025-08-27 11:53:50,654 [WARN] Lost connection; attempting reconnect...
2025-08-27 11:54:50,663 [WARN] Reconnect 1 failed: 
2025-08-27 11:55:52,677 [WARN] Reconnect 2 failed: 
2025-08-27 11:56:56,695 [WARN] Reconnect 3 failed: 
2025-08-27 11:58:02,706 [WARN] Reconnect 4 failed: 
2025-08-27 11:59:10,716 [WARN] Reconnect 5 failed: 
2025-08-27 12:00:20,733 [WARN] Reconnect 6 failed: 
2025-08-27 12:01:32,745 [WARN] Reconnect 7 failed: 
2025-08-27 12:02:46,767 [WARN] Reconnect 8 failed: 
2025-08-27 12:03:02,768 [CRASH] Could not reconnect; backing off 10s
2025-08-27 12:03:12,773 [WARN] Lost connection; attempting reconnect...
2025-08-27 12:04:12,791 [WARN] Reconnect 1 failed: 
2025-08-27 12:05:14,800 [WARN] Reconnect 2 failed: 
2025-08-27 12:06:18,806 [WARN] Reconnect 3 failed: 
2025-08-27 12:07:24,825 [WARN] Reconnect 4 failed: 
2025-08-27 12:08:32,844 [WARN] Reconnect 5 failed: 
2025-08-27 12:09:42,864 [WARN] Reconnect 6 failed: 
2025-08-27 12:10:54,878 [WARN] Reconnect 7 failed: 
2025-08-27 12:12:08,896 [WARN] Reconnect 8 failed: 
2025-08-27 12:12:24,898 [CRASH] Could not reconnect; backing off 10s
2025-08-27 12:12:34,899 [WARN] Lost connection; attempting reconnect...
2025-08-27 12:13:34,916 [WARN] Reconnect 1 failed: 
2025-08-27 12:14:36,933 [WARN] Reconnect 2 failed: 
2025-08-27 12:15:40,942 [WARN] Reconnect 3 failed: 
2025-08-27 12:16:46,964 [WARN] Reconnect 4 failed: 
2025-08-27 12:17:54,983 [WARN] Reconnect 5 failed: 
2025-08-27 12:19:05,001 [WARN] Reconnect 6 failed: 
2025-08-27 12:20:17,013 [WARN] Reconnect 7 failed: 
2025-08-27 12:20:31,530 [WARN] Reconnected
2025-08-27 12:20:31,728 [HB] PnL=0.00 | ConsecLoss=0 | Blocked=yes | ATRt=3.3 | Sprd=1.0
2025-08-27 12:20:31,728 [REGIME] ADX=51.5  BBbw=0.0008  ATR%=0.000126  (mins eff: ADX>=6.0, BBbw>=0.0007, ATR%>=0.000050)
2025-08-27 12:20:31,729 [Gate] ATRt<4.0
2025-08-27 12:21:06,661 [HB] PnL=0.00 | ConsecLoss=0 | Blocked=yes | ATRt=3.4 | Sprd=1.0
2025-08-27 12:21:06,661 [REGIME] ADX=51.8  BBbw=0.0009  ATR%=0.000131  (mins eff: ADX>=6.0, BBbw>=0.0007, ATR%>=0.000050)
2025-08-27 12:21:06,661 [Gate] ATRt<4.0
2025-08-27 12:22:07,342 [HB] PnL=0.00 | ConsecLoss=0 | Blocked=yes | ATRt=3.2 | Sprd=1.0
2025-08-27 12:22:07,343 [REGIME] ADX=52.1  BBbw=0.0010  ATR%=0.000125  (mins eff: ADX>=6.0, BBbw>=0.0007, ATR%>=0.000050)
2025-08-27 12:22:07,343 [Gate] ATRt<4.0
2025-08-27 12:23:07,974 [HB] PnL=0.00 | ConsecLoss=0 | Blocked=yes | ATRt=3.4 | Sprd=1.0
2025-08-27 12:23:07,974 [REGIME] ADX=52.8  BBbw=0.0012  ATR%=0.000129  (mins eff: ADX>=6.0, BBbw>=0.0007, ATR%>=0.000050)
2025-08-27 12:23:07,975 [Gate] ATRt<4.0
2025-08-27 12:24:07,868 [HB] PnL=0.00 | ConsecLoss=0 | Blocked=yes | ATRt=3.2 | Sprd=1.0
2025-08-27 12:24:07,869 [REGIME] ADX=53.5  BBbw=0.0013  ATR%=0.000123  (mins eff: ADX>=6.0, BBbw>=0.0007, ATR%>=0.000050)
2025-08-27 12:24:07,869 [Gate] ATRt<4.0
2025-08-27 12:25:07,638 [HB] PnL=0.00 | ConsecLoss=0 | Blocked=yes | ATRt=3.0 | Sprd=1.0
2025-08-27 12:25:07,638 [REGIME] ADX=54.3  BBbw=0.0014  ATR%=0.000117  (mins eff: ADX>=6.0, BBbw>=0.0007, ATR%>=0.000050)
2025-08-27 12:25:07,638 [Gate] ATRt<4.0
2025-08-27 12:26:07,270 [HB] PnL=0.00 | ConsecLoss=0 | Blocked=yes | ATRt=3.0 | Sprd=1.0
2025-08-27 12:26:07,270 [REGIME] ADX=53.8  BBbw=0.0015  ATR%=0.000117  (mins eff: ADX>=6.0, BBbw>=0.0007, ATR%>=0.000050)
2025-08-27 12:26:07,271 [Gate] ATRt<4.0
2025-08-27 12:27:06,942 [HB] PnL=0.00 | ConsecLoss=0 | Blocked=yes | ATRt=2.9 | Sprd=1.0
2025-08-27 12:27:06,942 [REGIME] ADX=53.4  BBbw=0.0016  ATR%=0.000111  (mins eff: ADX>=6.0, BBbw>=0.0007, ATR%>=0.000050)
2025-08-27 12:27:06,943 [Gate] ATRt<4.0
2025-08-27 12:28:06,888 [HB] PnL=0.00 | ConsecLoss=0 | Blocked=yes | ATRt=2.8 | Sprd=1.0
2025-08-27 12:28:06,888 [REGIME] ADX=53.2  BBbw=0.0016  ATR%=0.000109  (mins eff: ADX>=6.0, BBbw>=0.0007, ATR%>=0.000050)
2025-08-27 12:28:06,889 [Gate] ATRt<4.0
2025-08-27 12:29:07,512 [HB] PnL=0.00 | ConsecLoss=0 | Blocked=yes | ATRt=2.6 | Sprd=1.0
2025-08-27 12:29:07,512 [REGIME] ADX=53.1  BBbw=0.0016  ATR%=0.000101  (mins eff: ADX>=6.0, BBbw>=0.0007, ATR%>=0.000050)
2025-08-27 12:29:07,512 [Gate] ATRt<4.0
2025-08-27 12:30:07,081 [HB] PnL=0.00 | ConsecLoss=0 | Blocked=yes | ATRt=2.6 | Sprd=1.0
2025-08-27 12:30:07,082 [REGIME] ADX=53.0  BBbw=0.0017  ATR%=0.000099  (mins eff: ADX>=6.0, BBbw>=0.0007, ATR%>=0.000050)
2025-08-27 12:30:07,082 [Gate] ATRt<4.0
2025-08-27 12:31:06,812 [HB] PnL=0.00 | ConsecLoss=0 | Blocked=yes | ATRt=2.5 | Sprd=1.0
2025-08-27 12:31:06,812 [REGIME] ADX=53.0  BBbw=0.0017  ATR%=0.000095  (mins eff: ADX>=6.0, BBbw>=0.0007, ATR%>=0.000050)
2025-08-27 12:31:06,813 [Gate] ATRt<4.0
2025-08-27 12:32:07,529 [HB] PnL=0.00 | ConsecLoss=0 | Blocked=yes | ATRt=2.6 | Sprd=1.0
2025-08-27 12:32:07,529 [REGIME] ADX=53.6  BBbw=0.0017  ATR%=0.000099  (mins eff: ADX>=6.0, BBbw>=0.0007, ATR%>=0.000050)
2025-08-27 12:32:07,530 [Gate] ATRt<4.0
2025-08-27 12:33:07,459 [HB] PnL=0.00 | ConsecLoss=0 | Blocked=yes | ATRt=2.5 | Sprd=1.0
2025-08-27 12:33:07,459 [REGIME] ADX=54.1  BBbw=0.0017  ATR%=0.000095  (mins eff: ADX>=6.0, BBbw>=0.0007, ATR%>=0.000050)
2025-08-27 12:33:07,459 [Gate] ATRt<4.0
2025-08-27 12:34:07,075 [HB] PnL=0.00 | ConsecLoss=0 | Blocked=yes | ATRt=2.4 | Sprd=1.0
2025-08-27 12:34:07,075 [REGIME] ADX=54.6  BBbw=0.0016  ATR%=0.000091  (mins eff: ADX>=6.0, BBbw>=0.0007, ATR%>=0.000050)
2025-08-27 12:34:07,076 [Gate] ATRt<4.0
2025-08-27 12:35:07,716 [HB] PnL=0.00 | ConsecLoss=0 | Blocked=yes | ATRt=2.3 | Sprd=1.0
2025-08-27 12:35:07,717 [REGIME] ADX=54.0  BBbw=0.0015  ATR%=0.000090  (mins eff: ADX>=6.0, BBbw>=0.0007, ATR%>=0.000050)
2025-08-27 12:35:07,717 [Gate] ATRt<4.0
2025-08-27 12:36:07,573 [HB] PnL=0.00 | ConsecLoss=0 | Blocked=yes | ATRt=2.5 | Sprd=1.0
2025-08-27 12:36:07,574 [REGIME] ADX=54.0  BBbw=0.0014  ATR%=0.000094  (mins eff: ADX>=6.0, BBbw>=0.0007, ATR%>=0.000050)
2025-08-27 12:36:07,574 [Gate] ATRt<4.0
2025-08-27 12:37:07,215 [HB] PnL=0.00 | ConsecLoss=0 | Blocked=yes | ATRt=2.3 | Sprd=1.0
2025-08-27 12:37:07,215 [REGIME] ADX=53.4  BBbw=0.0013  ATR%=0.000090  (mins eff: ADX>=6.0, BBbw>=0.0007, ATR%>=0.000050)
2025-08-27 12:37:07,216 [Gate] ATRt<4.0
2025-08-27 12:38:06,957 [HB] PnL=0.00 | ConsecLoss=0 | Blocked=yes | ATRt=2.3 | Sprd=1.0
2025-08-27 12:38:06,959 [REGIME] ADX=52.9  BBbw=0.0010  ATR%=0.000087  (mins eff: ADX>=6.0, BBbw>=0.0007, ATR%>=0.000050)
2025-08-27 12:38:06,959 [Gate] ATRt<4.0
2025-08-27 12:39:07,907 [HB] PnL=0.00 | ConsecLoss=0 | Blocked=yes | ATRt=2.2 | Sprd=1.0
2025-08-27 12:39:07,908 [REGIME] ADX=52.7  BBbw=0.0007  ATR%=0.000086  (mins eff: ADX>=6.0, BBbw>=0.0007, ATR%>=0.000050)
2025-08-27 12:39:07,908 [Gate] ATRt<4.0
2025-08-27 12:40:07,465 [HB] PnL=0.00 | ConsecLoss=0 | Blocked=yes | ATRt=2.2 | Sprd=1.0
2025-08-27 12:40:07,466 [REGIME] ADX=52.6  BBbw=0.0007  ATR%=0.000085  (mins eff: ADX>=6.0, BBbw>=0.0007, ATR%>=0.000050)
2025-08-27 12:40:07,466 [Gate] Regime fail
2025-08-27 12:41:07,282 [HB] PnL=0.00 | ConsecLoss=0 | Blocked=yes | ATRt=2.2 | Sprd=1.0
2025-08-27 12:41:07,283 [REGIME] ADX=52.0  BBbw=0.0006  ATR%=0.000085  (mins eff: ADX>=6.0, BBbw>=0.0007, ATR%>=0.000050)
2025-08-27 12:41:07,283 [Gate] Regime fail
2025-08-27 12:42:07,764 [HB] PnL=0.00 | ConsecLoss=0 | Blocked=yes | ATRt=2.1 | Sprd=1.0
2025-08-27 12:42:07,764 [REGIME] ADX=51.4  BBbw=0.0005  ATR%=0.000081  (mins eff: ADX>=6.0, BBbw>=0.0007, ATR%>=0.000050)
2025-08-27 12:42:07,765 [Gate] Regime fail
2025-08-27 12:43:07,308 [HB] PnL=0.00 | ConsecLoss=0 | Blocked=yes | ATRt=2.1 | Sprd=1.0
2025-08-27 12:43:07,309 [REGIME] ADX=49.8  BBbw=0.0005  ATR%=0.000081  (mins eff: ADX>=6.0, BBbw>=0.0007, ATR%>=0.000050)
2025-08-27 12:43:07,309 [Gate] Regime fail
2025-08-27 12:44:07,913 [HB] PnL=0.00 | ConsecLoss=0 | Blocked=yes | ATRt=2.2 | Sprd=1.0
2025-08-27 12:44:07,914 [REGIME] ADX=49.2  BBbw=0.0005  ATR%=0.000086  (mins eff: ADX>=6.0, BBbw>=0.0007, ATR%>=0.000050)
2025-08-27 12:44:07,914 [Gate] Regime fail
2025-08-27 12:45:07,427 [HB] PnL=0.00 | ConsecLoss=0 | Blocked=yes | ATRt=2.3 | Sprd=1.0
2025-08-27 12:45:07,427 [REGIME] ADX=47.4  BBbw=0.0005  ATR%=0.000088  (mins eff: ADX>=6.0, BBbw>=0.0007, ATR%>=0.000050)
2025-08-27 12:45:07,427 [Gate] Regime fail
2025-08-27 12:46:07,938 [HB] PnL=0.00 | ConsecLoss=0 | Blocked=yes | ATRt=2.3 | Sprd=1.0
2025-08-27 12:46:07,939 [REGIME] ADX=45.9  BBbw=0.0004  ATR%=0.000088  (mins eff: ADX>=6.0, BBbw>=0.0007, ATR%>=0.000050)
2025-08-27 12:46:07,939 [Gate] Regime fail
2025-08-27 12:47:07,366 [HB] PnL=0.00 | ConsecLoss=0 | Blocked=yes | ATRt=2.3 | Sprd=1.0
2025-08-27 12:47:07,367 [REGIME] ADX=44.8  BBbw=0.0004  ATR%=0.000087  (mins eff: ADX>=6.0, BBbw>=0.0007, ATR%>=0.000050)
2025-08-27 12:47:07,367 [Gate] Regime fail
2025-08-27 12:48:07,664 [HB] PnL=0.00 | ConsecLoss=0 | Blocked=yes | ATRt=2.2 | Sprd=1.0
2025-08-27 12:48:07,665 [REGIME] ADX=43.0  BBbw=0.0003  ATR%=0.000086  (mins eff: ADX>=6.0, BBbw>=0.0007, ATR%>=0.000050)
2025-08-27 12:48:07,666 [Gate] Regime fail
2025-08-27 12:49:06,894 [HB] PnL=0.00 | ConsecLoss=0 | Blocked=yes | ATRt=2.1 | Sprd=1.0
2025-08-27 12:49:06,895 [REGIME] ADX=41.2  BBbw=0.0003  ATR%=0.000083  (mins eff: ADX>=6.0, BBbw>=0.0007, ATR%>=0.000050)
2025-08-27 12:49:06,895 [Gate] Regime fail
2025-08-27 12:50:07,384 [HB] PnL=0.00 | ConsecLoss=0 | Blocked=yes | ATRt=2.1 | Sprd=1.0
2025-08-27 12:50:07,384 [REGIME] ADX=39.6  BBbw=0.0002  ATR%=0.000080  (mins eff: ADX>=6.0, BBbw>=0.0007, ATR%>=0.000050)
2025-08-27 12:50:07,385 [Gate] Regime fail
2025-08-27 12:51:07,535 [HB] PnL=0.00 | ConsecLoss=0 | Blocked=yes | ATRt=2.0 | Sprd=1.0
2025-08-27 12:51:07,536 [REGIME] ADX=37.7  BBbw=0.0002  ATR%=0.000077  (mins eff: ADX>=6.0, BBbw>=0.0007, ATR%>=0.000050)
2025-08-27 12:51:07,537 [Gate] Regime fail
2025-08-27 12:52:07,039 [HB] PnL=0.00 | ConsecLoss=0 | Blocked=yes | ATRt=2.2 | Sprd=1.0
2025-08-27 12:52:07,040 [REGIME] ADX=37.2  BBbw=0.0002  ATR%=0.000085  (mins eff: ADX>=6.0, BBbw>=0.0007, ATR%>=0.000050)
2025-08-27 12:52:07,040 [Gate] Regime fail
2025-08-27 12:53:06,478 [HB] PnL=0.00 | ConsecLoss=0 | Blocked=yes | ATRt=2.3 | Sprd=1.0
2025-08-27 12:53:06,478 [REGIME] ADX=37.3  BBbw=0.0003  ATR%=0.000087  (mins eff: ADX>=6.0, BBbw>=0.0007, ATR%>=0.000050)
2025-08-27 12:53:06,478 [Gate] Regime fail
2025-08-27 12:54:07,186 [HB] PnL=0.00 | ConsecLoss=0 | Blocked=yes | ATRt=2.2 | Sprd=1.0
2025-08-27 12:54:07,186 [REGIME] ADX=37.3  BBbw=0.0003  ATR%=0.000084  (mins eff: ADX>=6.0, BBbw>=0.0007, ATR%>=0.000050)
2025-08-27 12:54:07,187 [Gate] Regime fail
2025-08-27 12:55:07,620 [HB] PnL=0.00 | ConsecLoss=0 | Blocked=yes | ATRt=2.2 | Sprd=1.0
2025-08-27 12:55:07,620 [REGIME] ADX=36.9  BBbw=0.0003  ATR%=0.000083  (mins eff: ADX>=6.0, BBbw>=0.0007, ATR%>=0.000050)
2025-08-27 12:55:07,620 [Gate] Regime fail
2025-08-27 12:56:07,239 [HB] PnL=0.00 | ConsecLoss=0 | Blocked=yes | ATRt=2.1 | Sprd=1.0
2025-08-27 12:56:07,240 [REGIME] ADX=36.0  BBbw=0.0003  ATR%=0.000080  (mins eff: ADX>=6.0, BBbw>=0.0007, ATR%>=0.000050)
2025-08-27 12:56:07,240 [Gate] Regime fail
2025-08-27 12:57:07,901 [HB] PnL=0.00 | ConsecLoss=0 | Blocked=yes | ATRt=2.1 | Sprd=1.0
2025-08-27 12:57:07,901 [REGIME] ADX=34.7  BBbw=0.0003  ATR%=0.000080  (mins eff: ADX>=6.0, BBbw>=0.0007, ATR%>=0.000050)
2025-08-27 12:57:07,901 [Gate] Regime fail
2025-08-27 12:58:07,362 [HB] PnL=0.00 | ConsecLoss=0 | Blocked=yes | ATRt=2.2 | Sprd=1.0
2025-08-27 12:58:07,362 [REGIME] ADX=34.6  BBbw=0.0003  ATR%=0.000085  (mins eff: ADX>=6.0, BBbw>=0.0007, ATR%>=0.000050)
2025-08-27 12:58:07,362 [Gate] Regime fail
2025-08-27 12:59:07,239 [HB] PnL=0.00 | ConsecLoss=0 | Blocked=yes | ATRt=2.3 | Sprd=1.0
2025-08-27 12:59:07,239 [REGIME] ADX=35.1  BBbw=0.0004  ATR%=0.000087  (mins eff: ADX>=6.0, BBbw>=0.0007, ATR%>=0.000050)
2025-08-27 12:59:07,239 [Gate] Regime fail
2025-08-27 13:00:07,959 [HB] PnL=0.00 | ConsecLoss=0 | Blocked=yes | ATRt=2.3 | Sprd=1.0
2025-08-27 13:00:07,959 [REGIME] ADX=34.3  BBbw=0.0004  ATR%=0.000089  (mins eff: ADX>=6.0, BBbw>=0.0007, ATR%>=0.000050)
2025-08-27 13:00:07,960 [Gate] Regime fail
2025-08-27 13:01:07,696 [HB] PnL=0.00 | ConsecLoss=0 | Blocked=yes | ATRt=2.3 | Sprd=1.0
2025-08-27 13:01:07,697 [REGIME] ADX=33.3  BBbw=0.0004  ATR%=0.000088  (mins eff: ADX>=6.0, BBbw>=0.0007, ATR%>=0.000050)
2025-08-27 13:01:07,697 [Gate] Regime fail
2025-08-27 13:02:06,450 [HB] PnL=0.00 | ConsecLoss=0 | Blocked=yes | ATRt=2.3 | Sprd=1.0
2025-08-27 13:02:06,450 [REGIME] ADX=32.7  BBbw=0.0004  ATR%=0.000088  (mins eff: ADX>=6.0, BBbw>=0.0007, ATR%>=0.000050)
2025-08-27 13:02:06,450 [Gate] Regime fail
2025-08-27 13:03:06,709 [HB] PnL=0.00 | ConsecLoss=0 | Blocked=yes | ATRt=2.2 | Sprd=1.0
2025-08-27 13:03:06,709 [REGIME] ADX=31.9  BBbw=0.0004  ATR%=0.000084  (mins eff: ADX>=6.0, BBbw>=0.0007, ATR%>=0.000050)
2025-08-27 13:03:06,709 [Gate] Regime fail
2025-08-27 13:04:06,514 [HB] PnL=0.00 | ConsecLoss=0 | Blocked=yes | ATRt=2.1 | Sprd=1.0
2025-08-27 13:04:06,515 [REGIME] ADX=31.1  BBbw=0.0004  ATR%=0.000081  (mins eff: ADX>=6.0, BBbw>=0.0007, ATR%>=0.000050)
2025-08-27 13:04:06,515 [Gate] Regime fail
2025-08-27 13:05:07,563 [HB] PnL=0.00 | ConsecLoss=0 | Blocked=yes | ATRt=2.2 | Sprd=1.0
2025-08-27 13:05:07,564 [REGIME] ADX=29.2  BBbw=0.0003  ATR%=0.000083  (mins eff: ADX>=6.0, BBbw>=0.0007, ATR%>=0.000050)
2025-08-27 13:05:07,564 [Gate] Regime fail
2025-08-27 13:06:07,462 [HB] PnL=0.00 | ConsecLoss=0 | Blocked=yes | ATRt=2.2 | Sprd=1.0
2025-08-27 13:06:07,462 [REGIME] ADX=27.5  BBbw=0.0003  ATR%=0.000083  (mins eff: ADX>=6.0, BBbw>=0.0007, ATR%>=0.000050)
2025-08-27 13:06:07,462 [Gate] Regime fail
2025-08-27 13:07:07,105 [HB] PnL=0.00 | ConsecLoss=0 | Blocked=yes | ATRt=2.1 | Sprd=1.0
2025-08-27 13:07:07,106 [REGIME] ADX=26.2  BBbw=0.0003  ATR%=0.000082  (mins eff: ADX>=6.0, BBbw>=0.0007, ATR%>=0.000050)
2025-08-27 13:07:07,107 [Gate] Regime fail
2025-08-27 13:08:07,140 [HB] PnL=0.00 | ConsecLoss=0 | Blocked=yes | ATRt=2.3 | Sprd=1.0
2025-08-27 13:08:07,141 [REGIME] ADX=26.2  BBbw=0.0003  ATR%=0.000090  (mins eff: ADX>=6.0, BBbw>=0.0007, ATR%>=0.000050)
2025-08-27 13:08:07,141 [Gate] Regime fail
2025-08-27 13:09:06,971 [HB] PnL=0.00 | ConsecLoss=0 | Blocked=yes | ATRt=2.2 | Sprd=1.0
2025-08-27 13:09:06,972 [REGIME] ADX=25.7  BBbw=0.0003  ATR%=0.000087  (mins eff: ADX>=6.0, BBbw>=0.0007, ATR%>=0.000050)
2025-08-27 13:09:06,972 [Gate] Regime fail
2025-08-27 13:10:06,777 [HB] PnL=0.00 | ConsecLoss=0 | Blocked=yes | ATRt=2.2 | Sprd=1.0
2025-08-27 13:10:06,778 [REGIME] ADX=25.2  BBbw=0.0003  ATR%=0.000083  (mins eff: ADX>=6.0, BBbw>=0.0007, ATR%>=0.000050)
2025-08-27 13:10:06,778 [Gate] Regime fail
2025-08-27 13:11:06,473 [HB] PnL=0.00 | ConsecLoss=0 | Blocked=yes | ATRt=2.2 | Sprd=1.0
2025-08-27 13:11:06,473 [REGIME] ADX=25.4  BBbw=0.0003  ATR%=0.000085  (mins eff: ADX>=6.0, BBbw>=0.0007, ATR%>=0.000050)
2025-08-27 13:11:06,473 [Gate] Regime fail
2025-08-27 13:12:07,155 [HB] PnL=0.00 | ConsecLoss=0 | Blocked=yes | ATRt=2.1 | Sprd=1.0
2025-08-27 13:12:07,156 [REGIME] ADX=25.5  BBbw=0.0003  ATR%=0.000082  (mins eff: ADX>=6.0, BBbw>=0.0007, ATR%>=0.000050)
2025-08-27 13:12:07,156 [Gate] Regime fail
2025-08-27 13:13:06,910 [HB] PnL=0.00 | ConsecLoss=0 | Blocked=yes | ATRt=2.2 | Sprd=1.0
2025-08-27 13:13:06,911 [REGIME] ADX=26.3  BBbw=0.0004  ATR%=0.000084  (mins eff: ADX>=6.0, BBbw>=0.0007, ATR%>=0.000050)
2025-08-27 13:13:06,911 [Gate] Regime fail
2025-08-27 13:14:06,697 [HB] PnL=0.00 | ConsecLoss=0 | Blocked=yes | ATRt=2.6 | Sprd=1.0
2025-08-27 13:14:06,698 [REGIME] ADX=28.2  BBbw=0.0005  ATR%=0.000100  (mins eff: ADX>=6.0, BBbw>=0.0007, ATR%>=0.000050)
2025-08-27 13:14:06,698 [Gate] Regime fail
2025-08-27 13:15:07,698 [HB] PnL=0.00 | ConsecLoss=0 | Blocked=yes | ATRt=3.0 | Sprd=1.0
2025-08-27 13:15:07,698 [REGIME] ADX=30.7  BBbw=0.0008  ATR%=0.000115  (mins eff: ADX>=6.0, BBbw>=0.0007, ATR%>=0.000050)
2025-08-27 13:15:07,698 [Gate] Regime fail
2025-08-27 13:16:07,393 [HB] PnL=0.00 | ConsecLoss=0 | Blocked=yes | ATRt=3.0 | Sprd=1.0
2025-08-27 13:16:07,393 [REGIME] ADX=33.2  BBbw=0.0010  ATR%=0.000115  (mins eff: ADX>=6.0, BBbw>=0.0007, ATR%>=0.000050)
2025-08-27 13:16:07,393 [Gate] ATRt<4.0
2025-08-27 13:17:07,311 [HB] PnL=0.00 | ConsecLoss=0 | Blocked=yes | ATRt=3.1 | Sprd=1.0
2025-08-27 13:17:07,311 [REGIME] ADX=35.7  BBbw=0.0012  ATR%=0.000118  (mins eff: ADX>=6.0, BBbw>=0.0007, ATR%>=0.000050)
2025-08-27 13:17:07,312 [Gate] ATRt<4.0
2025-08-27 13:18:07,146 [HB] PnL=0.00 | ConsecLoss=0 | Blocked=yes | ATRt=3.0 | Sprd=1.0
2025-08-27 13:18:07,146 [REGIME] ADX=37.3  BBbw=0.0013  ATR%=0.000115  (mins eff: ADX>=6.0, BBbw>=0.0007, ATR%>=0.000050)
2025-08-27 13:18:07,146 [Gate] ATRt<4.0
2025-08-27 13:19:07,078 [HB] PnL=0.00 | ConsecLoss=0 | Blocked=yes | ATRt=3.0 | Sprd=1.0
2025-08-27 13:19:07,078 [REGIME] ADX=37.8  BBbw=0.0014  ATR%=0.000115  (mins eff: ADX>=6.0, BBbw>=0.0007, ATR%>=0.000050)
2025-08-27 13:19:07,078 [Gate] ATRt<4.0
2025-08-27 13:20:07,750 [HB] PnL=0.00 | ConsecLoss=0 | Blocked=yes | ATRt=3.0 | Sprd=1.0
2025-08-27 13:20:07,751 [REGIME] ADX=37.6  BBbw=0.0014  ATR%=0.000115  (mins eff: ADX>=6.0, BBbw>=0.0007, ATR%>=0.000050)
2025-08-27 13:20:07,751 [Gate] ATRt<4.0
2025-08-27 13:21:07,394 [HB] PnL=0.00 | ConsecLoss=0 | Blocked=yes | ATRt=2.9 | Sprd=1.0
2025-08-27 13:21:07,395 [REGIME] ADX=37.6  BBbw=0.0014  ATR%=0.000112  (mins eff: ADX>=6.0, BBbw>=0.0007, ATR%>=0.000050)
2025-08-27 13:21:07,395 [Gate] ATRt<4.0
2025-08-27 13:22:06,977 [HB] PnL=0.00 | ConsecLoss=0 | Blocked=yes | ATRt=2.8 | Sprd=1.0
2025-08-27 13:22:06,978 [REGIME] ADX=37.5  BBbw=0.0015  ATR%=0.000107  (mins eff: ADX>=6.0, BBbw>=0.0007, ATR%>=0.000050)
2025-08-27 13:22:06,978 [Gate] ATRt<4.0
2025-08-27 13:23:07,736 [HB] PnL=0.00 | ConsecLoss=0 | Blocked=yes | ATRt=2.8 | Sprd=1.0
2025-08-27 13:23:07,737 [REGIME] ADX=37.5  BBbw=0.0015  ATR%=0.000108  (mins eff: ADX>=6.0, BBbw>=0.0007, ATR%>=0.000050)
2025-08-27 13:23:07,737 [Gate] ATRt<4.0
2025-08-27 13:24:07,399 [HB] PnL=0.00 | ConsecLoss=0 | Blocked=yes | ATRt=3.1 | Sprd=1.0
2025-08-27 13:24:07,399 [REGIME] ADX=38.4  BBbw=0.0015  ATR%=0.000119  (mins eff: ADX>=6.0, BBbw>=0.0007, ATR%>=0.000050)
2025-08-27 13:24:07,400 [Gate] ATRt<4.0
2025-08-27 13:25:07,216 [HB] PnL=0.00 | ConsecLoss=0 | Blocked=yes | ATRt=3.1 | Sprd=1.0
2025-08-27 13:25:07,216 [REGIME] ADX=38.5  BBbw=0.0015  ATR%=0.000119  (mins eff: ADX>=6.0, BBbw>=0.0007, ATR%>=0.000050)
2025-08-27 13:25:07,217 [Gate] ATRt<4.0
2025-08-27 13:26:07,948 [HB] PnL=0.00 | ConsecLoss=0 | Blocked=yes | ATRt=2.9 | Sprd=1.0
2025-08-27 13:26:07,949 [REGIME] ADX=38.2  BBbw=0.0014  ATR%=0.000113  (mins eff: ADX>=6.0, BBbw>=0.0007, ATR%>=0.000050)
2025-08-27 13:26:07,949 [Gate] ATRt<4.0
2025-08-27 13:27:07,900 [HB] PnL=0.00 | ConsecLoss=0 | Blocked=yes | ATRt=2.9 | Sprd=1.0
2025-08-27 13:27:07,900 [REGIME] ADX=38.1  BBbw=0.0013  ATR%=0.000111  (mins eff: ADX>=6.0, BBbw>=0.0007, ATR%>=0.000050)
2025-08-27 13:27:07,901 [Gate] ATRt<4.0
2025-08-27 13:28:07,388 [HB] PnL=0.00 | ConsecLoss=0 | Blocked=yes | ATRt=2.8 | Sprd=1.0
2025-08-27 13:28:07,389 [REGIME] ADX=38.4  BBbw=0.0013  ATR%=0.000108  (mins eff: ADX>=6.0, BBbw>=0.0007, ATR%>=0.000050)
2025-08-27 13:28:07,389 [Gate] ATRt<4.0
2025-08-27 13:29:06,875 [HB] PnL=0.00 | ConsecLoss=0 | Blocked=yes | ATRt=2.8 | Sprd=1.0
2025-08-27 13:29:06,875 [REGIME] ADX=37.6  BBbw=0.0012  ATR%=0.000109  (mins eff: ADX>=6.0, BBbw>=0.0007, ATR%>=0.000050)
2025-08-27 13:29:06,875 [Gate] ATRt<4.0
2025-08-27 13:30:07,383 [HB] PnL=0.00 | ConsecLoss=0 | Blocked=yes | ATRt=2.8 | Sprd=1.0
2025-08-27 13:30:07,383 [REGIME] ADX=36.8  BBbw=0.0010  ATR%=0.000106  (mins eff: ADX>=6.0, BBbw>=0.0007, ATR%>=0.000050)
2025-08-27 13:30:07,383 [Gate] ATRt<4.0
2025-08-27 13:31:07,940 [HB] PnL=0.00 | ConsecLoss=0 | Blocked=yes | ATRt=2.7 | Sprd=1.0
2025-08-27 13:31:07,940 [REGIME] ADX=35.8  BBbw=0.0009  ATR%=0.000104  (mins eff: ADX>=6.0, BBbw>=0.0007, ATR%>=0.000050)
2025-08-27 13:31:07,940 [Gate] ATRt<4.0
2025-08-27 13:32:07,420 [HB] PnL=0.00 | ConsecLoss=0 | Blocked=yes | ATRt=2.6 | Sprd=1.0
2025-08-27 13:32:07,421 [REGIME] ADX=34.9  BBbw=0.0007  ATR%=0.000100  (mins eff: ADX>=6.0, BBbw>=0.0007, ATR%>=0.000050)
2025-08-27 13:32:07,421 [Gate] ATRt<4.0
2025-08-27 13:33:07,169 [HB] PnL=0.00 | ConsecLoss=0 | Blocked=yes | ATRt=2.5 | Sprd=1.0
2025-08-27 13:33:07,169 [REGIME] ADX=34.2  BBbw=0.0005  ATR%=0.000098  (mins eff: ADX>=6.0, BBbw>=0.0007, ATR%>=0.000050)
2025-08-27 13:33:07,170 [Gate] Regime fail
2025-08-27 13:34:07,575 [HB] PnL=0.00 | ConsecLoss=0 | Blocked=yes | ATRt=2.4 | Sprd=1.0
2025-08-27 13:34:07,575 [REGIME] ADX=33.6  BBbw=0.0004  ATR%=0.000094  (mins eff: ADX>=6.0, BBbw>=0.0007, ATR%>=0.000050)
2025-08-27 13:34:07,575 [Gate] Regime fail
2025-08-27 13:35:07,190 [HB] PnL=0.00 | ConsecLoss=0 | Blocked=yes | ATRt=2.3 | Sprd=1.0
2025-08-27 13:35:07,190 [REGIME] ADX=32.6  BBbw=0.0004  ATR%=0.000090  (mins eff: ADX>=6.0, BBbw>=0.0007, ATR%>=0.000050)
2025-08-27 13:35:07,190 [Gate] Regime fail
2025-08-27 13:36:07,837 [HB] PnL=0.00 | ConsecLoss=0 | Blocked=yes | ATRt=2.3 | Sprd=1.0
2025-08-27 13:36:07,837 [REGIME] ADX=32.0  BBbw=0.0004  ATR%=0.000089  (mins eff: ADX>=6.0, BBbw>=0.0007, ATR%>=0.000050)
2025-08-27 13:36:07,837 [Gate] Regime fail
2025-08-27 13:37:07,470 [HB] PnL=0.00 | ConsecLoss=0 | Blocked=yes | ATRt=2.2 | Sprd=1.0
2025-08-27 13:37:07,470 [REGIME] ADX=31.4  BBbw=0.0004  ATR%=0.000085  (mins eff: ADX>=6.0, BBbw>=0.0007, ATR%>=0.000050)
2025-08-27 13:37:07,471 [Gate] Regime fail
2025-08-27 13:38:06,437 [HB] PnL=0.00 | ConsecLoss=0 | Blocked=yes | ATRt=2.2 | Sprd=1.0
2025-08-27 13:38:06,438 [REGIME] ADX=29.9  BBbw=0.0004  ATR%=0.000085  (mins eff: ADX>=6.0, BBbw>=0.0007, ATR%>=0.000050)
2025-08-27 13:38:06,438 [Gate] Regime fail
2025-08-27 13:39:07,145 [HB] PnL=0.00 | ConsecLoss=0 | Blocked=yes | ATRt=2.3 | Sprd=1.0
2025-08-27 13:39:07,146 [REGIME] ADX=29.5  BBbw=0.0004  ATR%=0.000090  (mins eff: ADX>=6.0, BBbw>=0.0007, ATR%>=0.000050)
2025-08-27 13:39:07,146 [Gate] Regime fail
2025-08-27 13:40:07,686 [HB] PnL=0.00 | ConsecLoss=0 | Blocked=yes | ATRt=2.3 | Sprd=1.0
2025-08-27 13:40:07,687 [REGIME] ADX=28.6  BBbw=0.0003  ATR%=0.000089  (mins eff: ADX>=6.0, BBbw>=0.0007, ATR%>=0.000050)
2025-08-27 13:40:07,687 [Gate] Regime fail
2025-08-27 13:41:07,080 [HB] PnL=0.00 | ConsecLoss=0 | Blocked=yes | ATRt=2.3 | Sprd=1.0
2025-08-27 13:41:07,080 [REGIME] ADX=27.9  BBbw=0.0003  ATR%=0.000088  (mins eff: ADX>=6.0, BBbw>=0.0007, ATR%>=0.000050)
2025-08-27 13:41:07,081 [Gate] Regime fail
2025-08-27 13:42:07,648 [HB] PnL=0.00 | ConsecLoss=0 | Blocked=yes | ATRt=2.3 | Sprd=1.0
2025-08-27 13:42:07,648 [REGIME] ADX=26.7  BBbw=0.0003  ATR%=0.000087  (mins eff: ADX>=6.0, BBbw>=0.0007, ATR%>=0.000050)
2025-08-27 13:42:07,648 [Gate] Regime fail
2025-08-27 13:43:07,019 [HB] PnL=0.00 | ConsecLoss=0 | Blocked=yes | ATRt=2.2 | Sprd=1.0
2025-08-27 13:43:07,019 [REGIME] ADX=26.0  BBbw=0.0003  ATR%=0.000086  (mins eff: ADX>=6.0, BBbw>=0.0007, ATR%>=0.000050)
2025-08-27 13:43:07,019 [Gate] Regime fail
2025-08-27 13:44:07,609 [HB] PnL=0.00 | ConsecLoss=0 | Blocked=yes | ATRt=2.2 | Sprd=1.0
2025-08-27 13:44:07,610 [REGIME] ADX=24.8  BBbw=0.0003  ATR%=0.000083  (mins eff: ADX>=8.0, BBbw>=0.0007, ATR%>=0.000050)
2025-08-27 13:44:07,611 [Gate] Regime fail
2025-08-27 13:45:07,149 [HB] PnL=0.00 | ConsecLoss=0 | Blocked=yes | ATRt=2.1 | Sprd=1.0
2025-08-27 13:45:07,149 [REGIME] ADX=24.4  BBbw=0.0003  ATR%=0.000083  (mins eff: ADX>=8.0, BBbw>=0.0007, ATR%>=0.000050)
2025-08-27 13:45:07,150 [Gate] Regime fail
2025-08-27 13:46:06,707 [HB] PnL=0.00 | ConsecLoss=0 | Blocked=yes | ATRt=2.1 | Sprd=1.0
2025-08-27 13:46:06,707 [REGIME] ADX=24.7  BBbw=0.0003  ATR%=0.000082  (mins eff: ADX>=8.0, BBbw>=0.0007, ATR%>=0.000050)
2025-08-27 13:46:06,707 [Gate] Regime fail
2025-08-27 13:47:07,399 [HB] PnL=0.00 | ConsecLoss=0 | Blocked=yes | ATRt=2.1 | Sprd=1.0
2025-08-27 13:47:07,400 [REGIME] ADX=24.4  BBbw=0.0003  ATR%=0.000079  (mins eff: ADX>=8.0, BBbw>=0.0007, ATR%>=0.000050)
2025-08-27 13:47:07,400 [Gate] Regime fail
2025-08-27 13:48:07,684 [HB] PnL=0.00 | ConsecLoss=0 | Blocked=yes | ATRt=1.9 | Sprd=1.0
2025-08-27 13:48:07,684 [REGIME] ADX=24.2  BBbw=0.0002  ATR%=0.000073  (mins eff: ADX>=8.0, BBbw>=0.0007, ATR%>=0.000050)
2025-08-27 13:48:07,684 [Gate] Regime fail
2025-08-27 13:49:10,619 [HB] PnL=0.00 | ConsecLoss=0 | Blocked=yes | ATRt=1.9 | Sprd=1.0
2025-08-27 13:49:10,690 [REGIME] ADX=24.5  BBbw=0.0002  ATR%=0.000074  (mins eff: ADX>=8.0, BBbw>=0.0007, ATR%>=0.000050)
2025-08-27 13:49:10,779 [Gate] Regime fail
2025-08-27 13:49:22,099 [WARN] Disconnected — pausing new entries.
2025-08-27 13:49:23,152 [LIVE] reqHistoricalData 180 S failed (Socket disconnect); retry in 1s
2025-08-27 13:49:24,155 [WARN] Lost connection; attempting reconnect...
2025-08-27 13:49:27,232 [WARN] Reconnect 1 failed: [WinError 1225] The remote computer refused the network connection
2025-08-27 13:49:31,309 [WARN] Reconnect 2 failed: [WinError 1225] The remote computer refused the network connection
2025-08-27 13:49:37,472 [WARN] Reconnect 3 failed: [WinError 1225] The remote computer refused the network connection
2025-08-27 13:49:45,522 [WARN] Reconnect 4 failed: [WinError 1225] The remote computer refused the network connection
2025-08-27 13:49:55,673 [WARN] Reconnect 5 failed: [WinError 1225] The remote computer refused the network connection
2025-08-27 13:50:08,092 [WARN] Reconnect 6 failed: [WinError 1225] The remote computer refused the network connection
