2025-09-02 14:42:15,531 ================== PAPER MODE ==================
2025-09-02 14:42:15,531 Host:127.0.0.1  Port:7497  ClientId:19
2025-09-02 14:42:15,531 Paper account required (TWS/Gateway set to Paper). Orders WILL be sent (paper).
2025-09-02 14:42:15,531 Writing log to logs\run_Tue0902_144215.log
2025-09-02 14:42:16,055 [PING 1] clientId=40135 connected: True
2025-09-02 14:42:16,058 [CONNECT] Attempt 1/8 to 127.0.0.1:7497 (clientId=19, timeout=60s)
2025-09-02 14:42:16,369 Connected 127.0.0.1:7497 clientId=19 | Market data type: LIVE (1)
2025-09-02 14:42:16,372 Using contract: ESU5  (conId=637533641)
2025-09-02 14:42:16,374 [AUTOROLL] Will warn 7 days before expiry (print-only).
2025-09-02 14:42:16,374 [RISK] Daily loss cap: $1,250.00
2025-09-02 14:42:16,660 [WARMUP] Loaded 7963 historical 1m bars.
2025-09-02 14:42:16,749 >> LIVE paper trading with adaptive chooser + promotion ladder. Ctrl+C to stop.
2025-09-02 14:43:05,643 [HB] PnL=0.00 | ConsecLoss=0 | Blocked=no | ATRt=7.2
2025-09-02 14:43:05,643 [REGIME] ADX=28.6  BBbw=0.0017  ATR%=0.000282  (mins eff: ADX>=8.0, BBbw>=0.0010, ATR%>=0.000050)
2025-09-02 14:44:06,169 [HB] PnL=0.00 | ConsecLoss=0 | Blocked=no | ATRt=7.5
2025-09-02 14:44:06,170 [REGIME] ADX=27.2  BBbw=0.0015  ATR%=0.000292  (mins eff: ADX>=8.0, BBbw>=0.0010, ATR%>=0.000050)
2025-09-02 14:45:05,802 [HB] PnL=0.00 | ConsecLoss=0 | Blocked=no | ATRt=7.2
2025-09-02 14:45:05,803 [REGIME] ADX=25.7  BBbw=0.0015  ATR%=0.000280  (mins eff: ADX>=8.0, BBbw>=0.0010, ATR%>=0.000050)
2025-09-02 14:46:05,864 [HB] PnL=0.00 | ConsecLoss=0 | Blocked=no | ATRt=7.0
2025-09-02 14:46:05,865 [REGIME] ADX=24.4  BBbw=0.0014  ATR%=0.000271  (mins eff: ADX>=8.0, BBbw>=0.0010, ATR%>=0.000050)
2025-09-02 14:47:06,288 [HB] PnL=0.00 | ConsecLoss=0 | Blocked=no | ATRt=7.2
2025-09-02 14:47:06,289 [REGIME] ADX=23.6  BBbw=0.0013  ATR%=0.000282  (mins eff: ADX>=8.0, BBbw>=0.0010, ATR%>=0.000050)
2025-09-02 14:48:05,930 [HB] PnL=0.00 | ConsecLoss=0 | Blocked=no | ATRt=6.9
2025-09-02 14:48:05,931 [REGIME] ADX=22.8  BBbw=0.0012  ATR%=0.000268  (mins eff: ADX>=8.0, BBbw>=0.0010, ATR%>=0.000050)
2025-09-02 14:49:06,301 [HB] PnL=0.00 | ConsecLoss=0 | Blocked=no | ATRt=6.9
2025-09-02 14:49:06,302 [REGIME] ADX=21.3  BBbw=0.0011  ATR%=0.000271  (mins eff: ADX>=8.0, BBbw>=0.0010, ATR%>=0.000050)
