2025-09-03 12:52:48,800 ================== PAPER MODE ==================
2025-09-03 12:52:48,800 Host:127.0.0.1  Port:7497  ClientId:19
2025-09-03 12:52:48,801 Paper account required (TWS/Gateway set to Paper). Orders WILL be sent (paper).
2025-09-03 12:52:48,801 Writing log to logs\run_Wed0903_125248.log
2025-09-03 12:52:49,311 [PING 1] clientId=40968 connected: True
2025-09-03 12:52:49,311 [CONNECT] Attempt 1/8 to 127.0.0.1:7497 (clientId=19, timeout=60s)
2025-09-03 12:52:49,421 Connected 127.0.0.1:7497 clientId=19 | Market data type: LIVE (1)
2025-09-03 12:52:49,426 Using contract: ESU5  (conId=637533641)
2025-09-03 12:52:49,428 [AUTOROLL] Will warn 7 days before expiry (print-only).
2025-09-03 12:52:49,428 [RISK] Daily loss cap: $1,250.00
2025-09-03 12:52:50,030 [WARMUP] Loaded 7853 historical 1m bars.
2025-09-03 12:52:50,124 >> LIVE paper trading with adaptive chooser + promotion ladder. Ctrl+C to stop.
2025-09-03 12:53:05,973 [HB] PnL=0.00 | ConsecLoss=0 | Blocked=no | ATRt=10.5 | Sprd=1.0
2025-09-03 12:53:05,973 [REGIME] ADX=35.7  BBbw=0.0021  ATR%=0.000409  (mins eff: ADX>=8.0, BBbw>=0.0010, ATR%>=0.000050)
2025-09-03 12:54:05,292 [HB] PnL=0.00 | ConsecLoss=0 | Blocked=no | ATRt=10.1 | Sprd=1.0
2025-09-03 12:54:05,293 [REGIME] ADX=34.9  BBbw=0.0021  ATR%=0.000394  (mins eff: ADX>=8.0, BBbw>=0.0010, ATR%>=0.000050)
2025-09-03 12:55:05,855 [HB] PnL=0.00 | ConsecLoss=0 | Blocked=no | ATRt=9.8 | Sprd=1.0
2025-09-03 12:55:05,855 [REGIME] ADX=34.4  BBbw=0.0019  ATR%=0.000382  (mins eff: ADX>=8.0, BBbw>=0.0010, ATR%>=0.000050)
2025-09-03 12:56:05,537 [HB] PnL=0.00 | ConsecLoss=0 | Blocked=no | ATRt=9.7 | Sprd=1.0
2025-09-03 12:56:05,537 [REGIME] ADX=34.3  BBbw=0.0018  ATR%=0.000377  (mins eff: ADX>=8.0, BBbw>=0.0010, ATR%>=0.000050)
2025-09-03 12:57:06,025 [HB] PnL=0.00 | ConsecLoss=0 | Blocked=no | ATRt=9.6 | Sprd=1.0
2025-09-03 12:57:06,025 [REGIME] ADX=34.8  BBbw=0.0018  ATR%=0.000373  (mins eff: ADX>=8.0, BBbw>=0.0010, ATR%>=0.000050)
2025-09-03 12:58:05,704 [HB] PnL=0.00 | ConsecLoss=0 | Blocked=no | ATRt=9.2 | Sprd=1.0
2025-09-03 12:58:05,704 [REGIME] ADX=34.9  BBbw=0.0017  ATR%=0.000357  (mins eff: ADX>=8.0, BBbw>=0.0010, ATR%>=0.000050)
2025-09-03 12:59:05,761 [HB] PnL=0.00 | ConsecLoss=0 | Blocked=no | ATRt=8.8 | Sprd=1.0
2025-09-03 12:59:05,762 [REGIME] ADX=35.1  BBbw=0.0016  ATR%=0.000343  (mins eff: ADX>=8.0, BBbw>=0.0010, ATR%>=0.000050)
2025-09-03 13:00:05,786 [HB] PnL=0.00 | ConsecLoss=0 | Blocked=no | ATRt=8.4 | Sprd=1.0
2025-09-03 13:00:05,787 [REGIME] ADX=35.2  BBbw=0.0015  ATR%=0.000326  (mins eff: ADX>=8.0, BBbw>=0.0010, ATR%>=0.000050)
2025-09-03 13:01:05,519 [HB] PnL=0.00 | ConsecLoss=0 | Blocked=no | ATRt=8.9 | Sprd=1.0
2025-09-03 13:01:05,519 [REGIME] ADX=36.3  BBbw=0.0016  ATR%=0.000345  (mins eff: ADX>=8.0, BBbw>=0.0010, ATR%>=0.000050)
2025-09-03 13:02:05,615 [HB] PnL=0.00 | ConsecLoss=0 | Blocked=no | ATRt=9.3 | Sprd=1.0
2025-09-03 13:02:05,615 [REGIME] ADX=35.3  BBbw=0.0015  ATR%=0.000362  (mins eff: ADX>=8.0, BBbw>=0.0010, ATR%>=0.000050)
2025-09-03 13:03:12,388 [HB] PnL=0.00 | ConsecLoss=0 | Blocked=no | ATRt=8.9 | Sprd=1.0
2025-09-03 13:03:12,388 [REGIME] ADX=34.4  BBbw=0.0015  ATR%=0.000344  (mins eff: ADX>=8.0, BBbw>=0.0010, ATR%>=0.000050)
2025-09-03 13:04:05,385 [HB] PnL=0.00 | ConsecLoss=0 | Blocked=no | ATRt=8.8 | Sprd=1.0
2025-09-03 13:04:05,385 [REGIME] ADX=34.0  BBbw=0.0015  ATR%=0.000342  (mins eff: ADX>=8.0, BBbw>=0.0010, ATR%>=0.000050)
2025-09-03 13:04:05,388 [ORDER] LONG STP_LMT qty=1 stop=6431.00 sl=6427.00 TPx1 playbook=meanrev (parentId 4766)
2025-09-03 13:04:12,252 [TTL] Parent 4766 expired; cancel.
2025-09-03 13:05:04,956 [HB] PnL=0.00 | ConsecLoss=0 | Blocked=no | ATRt=8.6 | Sprd=1.0
2025-09-03 13:05:04,956 [REGIME] ADX=33.2  BBbw=0.0015  ATR%=0.000334  (mins eff: ADX>=8.0, BBbw>=0.0010, ATR%>=0.000050)
2025-09-03 13:06:05,374 [HB] PnL=0.00 | ConsecLoss=0 | Blocked=no | ATRt=8.8 | Sprd=1.0
2025-09-03 13:06:05,374 [REGIME] ADX=33.3  BBbw=0.0016  ATR%=0.000341  (mins eff: ADX>=8.0, BBbw>=0.0010, ATR%>=0.000050)
2025-09-03 13:07:05,464 [HB] PnL=0.00 | ConsecLoss=0 | Blocked=no | ATRt=9.1 | Sprd=1.0
2025-09-03 13:07:05,465 [REGIME] ADX=31.9  BBbw=0.0016  ATR%=0.000353  (mins eff: ADX>=8.0, BBbw>=0.0010, ATR%>=0.000050)
2025-09-03 13:08:05,855 [HB] PnL=0.00 | ConsecLoss=0 | Blocked=no | ATRt=8.7 | Sprd=1.0
2025-09-03 13:08:05,855 [REGIME] ADX=30.9  BBbw=0.0015  ATR%=0.000339  (mins eff: ADX>=8.0, BBbw>=0.0010, ATR%>=0.000050)
2025-09-03 13:09:05,283 [HB] PnL=0.00 | ConsecLoss=0 | Blocked=no | ATRt=8.6 | Sprd=1.0
2025-09-03 13:09:05,283 [REGIME] ADX=30.4  BBbw=0.0015  ATR%=0.000334  (mins eff: ADX>=8.0, BBbw>=0.0010, ATR%>=0.000050)
2025-09-03 13:10:05,507 [HB] PnL=0.00 | ConsecLoss=0 | Blocked=no | ATRt=8.4 | Sprd=1.0
2025-09-03 13:10:05,507 [REGIME] ADX=29.5  BBbw=0.0015  ATR%=0.000327  (mins eff: ADX>=8.0, BBbw>=0.0010, ATR%>=0.000050)
2025-09-03 13:11:04,956 [HB] PnL=0.00 | ConsecLoss=0 | Blocked=no | ATRt=8.3 | Sprd=1.0
2025-09-03 13:11:04,956 [REGIME] ADX=29.0  BBbw=0.0012  ATR%=0.000323  (mins eff: ADX>=8.0, BBbw>=0.0010, ATR%>=0.000050)
2025-09-03 13:12:05,416 [HB] PnL=0.00 | ConsecLoss=0 | Blocked=no | ATRt=8.0 | Sprd=1.0
2025-09-03 13:12:05,416 [REGIME] ADX=28.3  BBbw=0.0011  ATR%=0.000311  (mins eff: ADX>=8.0, BBbw>=0.0010, ATR%>=0.000050)
2025-09-03 13:13:05,089 [HB] PnL=0.00 | ConsecLoss=0 | Blocked=no | ATRt=7.6 | Sprd=1.0
2025-09-03 13:13:05,089 [REGIME] ADX=27.7  BBbw=0.0009  ATR%=0.000297  (mins eff: ADX>=8.0, BBbw>=0.0010, ATR%>=0.000050)
2025-09-03 13:13:05,090 [Gate] Regime fail
