2025-08-29 10:52:47,360 ================== PAPER MODE ==================
2025-08-29 10:52:47,360 Host:127.0.0.1  Port:7497  ClientId:auto
2025-08-29 10:52:47,361 Paper account required (TWS/Gateway set to Paper). Orders WILL be sent (paper).
2025-08-29 10:52:47,361 Writing log to logs\run_Fri0829_105247.log
2025-08-29 10:52:47,491 [PING 1] clientId=40767 connected: True
2025-08-29 10:52:47,492 [CONNECT] Attempt 1/12 to 127.0.0.1:7497 (clientId=30539, timeout=90s)
2025-08-29 10:52:47,607 Connected 127.0.0.1:7497 clientId=30539 | Market data type: LIVE (1)
2025-08-29 10:52:47,608 [AUTO] Selecting front quarter for ES/CME ...
2025-08-29 10:52:47,650 [AUTO] Front month chosen: ESU5 exp=20250919
2025-08-29 10:52:47,652 Using contract: ESU5  (conId=637533641)
2025-08-29 10:52:47,653 [RISK] Daily loss cap: $1,250.00
2025-08-29 10:52:47,893 [WARMUP] Loaded 6593 historical 1m bars.
2025-08-29 10:52:47,963 >> LIVE paper trading with brackets (BE/trail, TP ladder). Ctrl+C to stop.
2025-08-29 10:53:05,786 [HB] PnL=0.00 | ConsecLoss=0 | Blocked=no | ATRt=9.0 | Sprd=1.0
2025-08-29 10:54:06,692 [HB] PnL=0.00 | ConsecLoss=0 | Blocked=no | ATRt=8.8 | Sprd=1.0
2025-08-29 10:54:06,693 [Gate] Regime fail
2025-08-29 10:55:05,678 [HB] PnL=0.00 | ConsecLoss=0 | Blocked=no | ATRt=8.4 | Sprd=1.0
2025-08-29 10:55:05,682 [Gate] Regime fail
2025-08-29 10:56:05,237 [HB] PnL=0.00 | ConsecLoss=0 | Blocked=no | ATRt=8.1 | Sprd=1.0
2025-08-29 10:56:05,238 [Gate] Regime fail
2025-08-29 10:57:05,929 [HB] PnL=0.00 | ConsecLoss=0 | Blocked=no | ATRt=7.9 | Sprd=1.0
2025-08-29 10:57:05,930 [Gate] Regime fail
2025-08-29 10:58:05,495 [HB] PnL=0.00 | ConsecLoss=0 | Blocked=no | ATRt=7.5 | Sprd=1.0
2025-08-29 10:58:05,495 [Gate] Regime fail
2025-08-29 10:59:05,391 [HB] PnL=0.00 | ConsecLoss=0 | Blocked=no | ATRt=7.9 | Sprd=1.0
2025-08-29 10:59:05,391 [Gate] Regime fail
2025-08-29 11:00:05,272 [HB] PnL=0.00 | ConsecLoss=0 | Blocked=no | ATRt=7.4 | Sprd=1.0
2025-08-29 11:00:05,275 [Gate] Regime fail
2025-08-29 11:01:05,113 [HB] PnL=0.00 | ConsecLoss=0 | Blocked=no | ATRt=7.5 | Sprd=1.0
2025-08-29 11:01:05,113 [Gate] Regime fail
2025-08-29 11:02:06,036 [HB] PnL=0.00 | ConsecLoss=0 | Blocked=no | ATRt=7.6 | Sprd=1.0
2025-08-29 11:02:06,037 [Gate] Regime fail
2025-08-29 11:03:05,864 [HB] PnL=0.00 | ConsecLoss=0 | Blocked=no | ATRt=7.2 | Sprd=1.0
2025-08-29 11:03:05,865 [Gate] Regime fail
2025-08-29 11:04:06,617 [HB] PnL=0.00 | ConsecLoss=0 | Blocked=no | ATRt=6.8 | Sprd=1.0
2025-08-29 11:04:06,618 [Gate] Regime fail
2025-08-29 11:05:05,354 [HB] PnL=0.00 | ConsecLoss=0 | Blocked=no | ATRt=6.5 | Sprd=1.0
2025-08-29 11:05:05,359 [Gate] Regime fail
2025-08-29 11:06:06,054 [HB] PnL=0.00 | ConsecLoss=0 | Blocked=no | ATRt=6.9 | Sprd=1.0
2025-08-29 11:06:06,055 [Gate] Regime fail
2025-08-29 11:07:04,963 [HB] PnL=0.00 | ConsecLoss=0 | Blocked=no | ATRt=6.7 | Sprd=1.0
2025-08-29 11:07:04,963 [Gate] Regime fail
2025-08-29 11:08:05,657 [HB] PnL=0.00 | ConsecLoss=0 | Blocked=no | ATRt=6.7 | Sprd=1.0
2025-08-29 11:08:05,657 [Gate] Regime fail
2025-08-29 11:09:06,319 [HB] PnL=0.00 | ConsecLoss=0 | Blocked=no | ATRt=6.4 | Sprd=1.0
2025-08-29 11:09:06,320 [Gate] Regime fail
2025-08-29 11:10:06,172 [HB] PnL=0.00 | ConsecLoss=0 | Blocked=no | ATRt=6.1 | Sprd=1.0
2025-08-29 11:10:06,172 [Gate] Regime fail
2025-08-29 11:11:06,036 [HB] PnL=0.00 | ConsecLoss=0 | Blocked=no | ATRt=6.0 | Sprd=1.0
2025-08-29 11:11:06,036 [Gate] Regime fail
2025-08-29 11:12:05,600 [HB] PnL=0.00 | ConsecLoss=0 | Blocked=no | ATRt=5.9 | Sprd=1.0
2025-08-29 11:12:05,600 [Gate] Regime fail
2025-08-29 11:13:06,151 [HB] PnL=0.00 | ConsecLoss=0 | Blocked=no | ATRt=5.5 | Sprd=1.0
2025-08-29 11:14:05,610 [HB] PnL=0.00 | ConsecLoss=0 | Blocked=no | ATRt=5.5 | Sprd=1.0
2025-08-29 11:15:05,151 [HB] PnL=0.00 | ConsecLoss=0 | Blocked=no | ATRt=5.3 | Sprd=1.0
2025-08-29 11:16:05,981 [HB] PnL=0.00 | ConsecLoss=0 | Blocked=no | ATRt=5.1 | Sprd=1.0
2025-08-29 11:17:05,614 [HB] PnL=0.00 | ConsecLoss=0 | Blocked=no | ATRt=4.9 | Sprd=1.0
2025-08-29 11:18:05,277 [HB] PnL=0.00 | ConsecLoss=0 | Blocked=no | ATRt=4.7 | Sprd=1.0
2025-08-29 11:18:05,285 [ORDER] SHORT STP_LMT qty=1 stop=6470.00 sl=6472.00 TPx1 playbook=meanrev (parentId 1455)
2025-08-29 11:19:06,243 [HB] PnL=0.00 | ConsecLoss=0 | Blocked=no | ATRt=5.0 | Sprd=1.0
2025-08-29 11:20:05,957 [HB] PnL=0.00 | ConsecLoss=0 | Blocked=no | ATRt=5.1 | Sprd=1.0
2025-08-29 11:21:05,731 [HB] PnL=0.00 | ConsecLoss=0 | Blocked=no | ATRt=4.9 | Sprd=1.0
2025-08-29 11:21:05,731 [Gate] Regime fail
2025-08-29 11:22:05,278 [HB] PnL=0.00 | ConsecLoss=0 | Blocked=no | ATRt=4.8 | Sprd=1.0
2025-08-29 11:22:05,279 [Gate] Regime fail
2025-08-29 11:23:05,905 [HB] PnL=0.00 | ConsecLoss=0 | Blocked=no | ATRt=4.6 | Sprd=1.0
2025-08-29 11:23:05,906 [Gate] Regime fail
2025-08-29 11:24:06,537 [HB] PnL=0.00 | ConsecLoss=0 | Blocked=no | ATRt=4.3 | Sprd=1.0
2025-08-29 11:24:06,537 [Gate] Regime fail
2025-08-29 11:25:05,850 [HB] PnL=0.00 | ConsecLoss=0 | Blocked=no | ATRt=4.3 | Sprd=1.0
2025-08-29 11:25:05,851 [Gate] Regime fail
2025-08-29 11:26:05,153 [HB] PnL=0.00 | ConsecLoss=0 | Blocked=no | ATRt=4.3 | Sprd=1.0
2025-08-29 11:26:05,154 [Gate] Regime fail
2025-08-29 11:27:05,993 [HB] PnL=0.00 | ConsecLoss=0 | Blocked=no | ATRt=4.4 | Sprd=1.0
2025-08-29 11:27:05,993 [Gate] Regime fail
2025-08-29 11:28:05,768 [HB] PnL=0.00 | ConsecLoss=0 | Blocked=no | ATRt=4.9 | Sprd=1.0
2025-08-29 11:28:05,769 [Gate] Regime fail
2025-08-29 11:29:05,683 [HB] PnL=0.00 | ConsecLoss=0 | Blocked=no | ATRt=4.8 | Sprd=1.0
2025-08-29 11:29:05,684 [Gate] Regime fail
2025-08-29 11:30:06,533 [HB] PnL=0.00 | ConsecLoss=0 | Blocked=no | ATRt=4.6 | Sprd=1.0
2025-08-29 11:30:06,533 [Gate] Regime fail
2025-08-29 11:31:05,535 [HB] PnL=0.00 | ConsecLoss=0 | Blocked=no | ATRt=4.9 | Sprd=1.0
2025-08-29 11:31:05,535 [Gate] Regime fail
2025-08-29 11:32:05,837 [HB] PnL=0.00 | ConsecLoss=0 | Blocked=no | ATRt=5.0 | Sprd=1.0
2025-08-29 11:32:05,837 [Gate] Regime fail
2025-08-29 11:33:05,757 [HB] PnL=0.00 | ConsecLoss=0 | Blocked=no | ATRt=5.0 | Sprd=1.0
2025-08-29 11:33:05,757 [Gate] Regime fail
2025-08-29 11:34:05,231 [HB] PnL=0.00 | ConsecLoss=0 | Blocked=no | ATRt=4.7 | Sprd=1.0
2025-08-29 11:34:05,232 [Gate] Regime fail
2025-08-29 11:35:05,833 [HB] PnL=0.00 | ConsecLoss=0 | Blocked=no | ATRt=4.5 | Sprd=1.0
2025-08-29 11:35:05,834 [Gate] Regime fail
2025-08-29 11:36:06,267 [HB] PnL=0.00 | ConsecLoss=0 | Blocked=no | ATRt=4.7 | Sprd=1.0
2025-08-29 11:36:06,268 [Gate] Regime fail
2025-08-29 11:37:05,676 [HB] PnL=0.00 | ConsecLoss=0 | Blocked=no | ATRt=4.6 | Sprd=1.0
2025-08-29 11:37:05,677 [Gate] Regime fail
2025-08-29 11:38:05,484 [HB] PnL=0.00 | ConsecLoss=0 | Blocked=no | ATRt=4.4 | Sprd=1.0
2025-08-29 11:38:05,484 [Gate] Regime fail
2025-08-29 11:39:06,245 [HB] PnL=0.00 | ConsecLoss=0 | Blocked=no | ATRt=4.4 | Sprd=1.0
2025-08-29 11:39:06,250 [Gate] Regime fail
2025-08-29 11:40:06,182 [HB] PnL=0.00 | ConsecLoss=0 | Blocked=no | ATRt=4.3 | Sprd=1.0
2025-08-29 11:40:06,183 [Gate] Regime fail
