2025-08-27 16:15:22,233 ================== PAPER MODE ==================
2025-08-27 16:15:22,233 Host:127.0.0.1  Port:7497  ClientId:17771
2025-08-27 16:15:22,233 Paper account required (TWS/Gateway set to Paper). Orders WILL be sent (paper).
2025-08-27 16:15:22,234 Writing log to logs\run_Wed0827_161522.log
2025-08-27 16:15:22,235 [CONNECT] Attempt 1/8 to 127.0.0.1:7497 (clientId=17771, timeout=60s)
2025-08-27 16:15:22,363 Connected 127.0.0.1:7497 clientId=17771 | Market data type: LIVE (1)
2025-08-27 16:15:22,364 [AUTO] Selecting front quarter for ES/CME ...
2025-08-27 16:15:22,396 [AUTO] Front month chosen: ESU5 exp=20250919
2025-08-27 16:15:22,401 Using contract: ESU5  (conId=637533641)
2025-08-27 16:15:22,402 [RISK] Daily loss cap: $1,250.00
2025-08-27 16:15:22,671 [WARMUP] Loaded 6900 historical 1m bars.
2025-08-27 16:15:22,731 >> LIVE paper trading with playbooks + bracket partials. Ctrl+C to stop.
2025-08-27 17:00:02,976 [HB] PnL=0.00 | ConsecLoss=0 | Blocked=no | ATRt=11.7 | Sprd=1.0
2025-08-27 17:00:02,977 [FLAT] Enforced flat at 14:57 CT; blocking new entries.
2025-08-27 17:00:02,980 [Gate] Outside RTH 2025-08-27 22:00:00+00:00
2025-08-27 17:01:06,857 [HB] PnL=0.00 | ConsecLoss=0 | Blocked=yes | ATRt=12.1 | Sprd=1.0
2025-08-27 17:01:06,858 [Gate] Outside RTH 2025-08-27 22:01:00+00:00
2025-08-27 17:02:06,556 [HB] PnL=0.00 | ConsecLoss=0 | Blocked=yes | ATRt=12.2 | Sprd=1.0
2025-08-27 17:02:06,556 [Gate] Outside RTH 2025-08-27 22:02:00+00:00
2025-08-27 17:03:06,793 [HB] PnL=0.00 | ConsecLoss=0 | Blocked=yes | ATRt=11.6 | Sprd=1.0
2025-08-27 17:03:06,794 [Gate] Outside RTH 2025-08-27 22:03:00+00:00
2025-08-27 17:04:07,701 [HB] PnL=0.00 | ConsecLoss=0 | Blocked=yes | ATRt=10.9 | Sprd=1.0
2025-08-27 17:04:07,702 [Gate] Outside RTH 2025-08-27 22:04:00+00:00
2025-08-27 17:05:07,281 [HB] PnL=0.00 | ConsecLoss=0 | Blocked=yes | ATRt=10.4 | Sprd=1.0
2025-08-27 17:05:07,281 [Gate] Outside RTH 2025-08-27 22:05:00+00:00
2025-08-27 17:06:06,917 [HB] PnL=0.00 | ConsecLoss=0 | Blocked=yes | ATRt=9.6 | Sprd=1.0
2025-08-27 17:06:06,925 [Gate] Outside RTH 2025-08-27 22:06:00+00:00
2025-08-27 17:07:07,558 [HB] PnL=0.00 | ConsecLoss=0 | Blocked=yes | ATRt=9.2 | Sprd=1.0
2025-08-27 17:07:07,558 [Gate] Outside RTH 2025-08-27 22:07:00+00:00
2025-08-27 17:08:07,219 [HB] PnL=0.00 | ConsecLoss=0 | Blocked=yes | ATRt=8.7 | Sprd=1.0
2025-08-27 17:08:07,220 [Gate] Outside RTH 2025-08-27 22:08:00+00:00
2025-08-27 17:09:06,869 [HB] PnL=0.00 | ConsecLoss=0 | Blocked=yes | ATRt=8.7 | Sprd=1.0
2025-08-27 17:09:06,871 [Gate] Outside RTH 2025-08-27 22:09:00+00:00
2025-08-27 17:10:07,544 [HB] PnL=0.00 | ConsecLoss=0 | Blocked=yes | ATRt=8.3 | Sprd=1.0
2025-08-27 17:10:07,545 [Gate] Outside RTH 2025-08-27 22:10:00+00:00
2025-08-27 17:11:07,156 [HB] PnL=0.00 | ConsecLoss=0 | Blocked=yes | ATRt=8.2 | Sprd=1.0
2025-08-27 17:11:07,157 [Gate] Outside RTH 2025-08-27 22:11:00+00:00
2025-08-27 17:12:07,049 [HB] PnL=0.00 | ConsecLoss=0 | Blocked=yes | ATRt=8.1 | Sprd=1.0
2025-08-27 17:12:07,050 [Gate] Outside RTH 2025-08-27 22:12:00+00:00
2025-08-27 17:13:06,705 [HB] PnL=0.00 | ConsecLoss=0 | Blocked=yes | ATRt=8.6 | Sprd=1.0
2025-08-27 17:13:06,706 [Gate] Outside RTH 2025-08-27 22:13:00+00:00
2025-08-27 17:14:07,370 [HB] PnL=0.00 | ConsecLoss=0 | Blocked=yes | ATRt=8.0 | Sprd=1.0
2025-08-27 17:14:07,371 [Gate] Outside RTH 2025-08-27 22:14:00+00:00
2025-08-27 17:15:06,992 [HB] PnL=0.00 | ConsecLoss=0 | Blocked=yes | ATRt=7.6 | Sprd=1.0
2025-08-27 17:15:06,993 [Gate] Outside RTH 2025-08-27 22:15:00+00:00
2025-08-27 17:16:06,674 [HB] PnL=0.00 | ConsecLoss=0 | Blocked=yes | ATRt=7.1 | Sprd=1.0
2025-08-27 17:16:06,674 [Gate] Outside RTH 2025-08-27 22:16:00+00:00
2025-08-27 17:17:07,531 [HB] PnL=0.00 | ConsecLoss=0 | Blocked=yes | ATRt=6.9 | Sprd=1.0
2025-08-27 17:17:07,531 [Gate] Outside RTH 2025-08-27 22:17:00+00:00
2025-08-27 17:18:07,137 [HB] PnL=0.00 | ConsecLoss=0 | Blocked=yes | ATRt=6.6 | Sprd=1.0
2025-08-27 17:18:07,138 [Gate] Outside RTH 2025-08-27 22:18:00+00:00
2025-08-27 17:19:06,955 [HB] PnL=0.00 | ConsecLoss=0 | Blocked=yes | ATRt=6.4 | Sprd=1.0
2025-08-27 17:19:06,956 [Gate] Outside RTH 2025-08-27 22:19:00+00:00
2025-08-27 17:20:07,650 [HB] PnL=0.00 | ConsecLoss=0 | Blocked=yes | ATRt=6.3 | Sprd=1.0
2025-08-27 17:20:07,650 [Gate] Outside RTH 2025-08-27 22:20:00+00:00
2025-08-27 17:21:07,234 [HB] PnL=0.00 | ConsecLoss=0 | Blocked=yes | ATRt=6.0 | Sprd=1.0
2025-08-27 17:21:07,234 [Gate] Regime fail
2025-08-27 17:22:06,905 [HB] PnL=0.00 | ConsecLoss=0 | Blocked=yes | ATRt=6.0 | Sprd=1.0
2025-08-27 17:22:06,905 [Gate] Regime fail
2025-08-27 17:23:07,586 [HB] PnL=0.00 | ConsecLoss=0 | Blocked=yes | ATRt=5.7 | Sprd=1.0
2025-08-27 17:23:07,586 [Gate] Regime fail
2025-08-27 17:24:07,242 [HB] PnL=0.00 | ConsecLoss=0 | Blocked=yes | ATRt=5.4 | Sprd=1.0
2025-08-27 17:24:07,243 [Gate] Regime fail
2025-08-27 17:25:06,965 [HB] PnL=0.00 | ConsecLoss=0 | Blocked=yes | ATRt=5.1 | Sprd=1.0
2025-08-27 17:25:06,965 [Gate] Regime fail
2025-08-27 17:26:07,671 [HB] PnL=0.00 | ConsecLoss=0 | Blocked=yes | ATRt=5.0 | Sprd=1.0
2025-08-27 17:26:07,672 [Gate] Regime fail
2025-08-27 17:27:07,313 [HB] PnL=0.00 | ConsecLoss=0 | Blocked=yes | ATRt=4.7 | Sprd=1.0
2025-08-27 17:27:07,314 [Gate] Regime fail
2025-08-27 17:28:06,953 [HB] PnL=0.00 | ConsecLoss=0 | Blocked=yes | ATRt=4.6 | Sprd=1.0
2025-08-27 17:28:06,953 [Gate] Regime fail
2025-08-27 17:29:07,619 [HB] PnL=0.00 | ConsecLoss=0 | Blocked=yes | ATRt=4.4 | Sprd=1.0
2025-08-27 17:29:07,619 [Gate] Regime fail
2025-08-27 17:30:07,306 [HB] PnL=0.00 | ConsecLoss=0 | Blocked=yes | ATRt=4.5 | Sprd=1.0
2025-08-27 17:30:07,307 [Gate] Regime fail
2025-08-27 17:31:06,963 [HB] PnL=0.00 | ConsecLoss=0 | Blocked=yes | ATRt=4.3 | Sprd=1.0
2025-08-27 17:31:06,964 [Gate] Regime fail
2025-08-27 17:32:07,653 [HB] PnL=0.00 | ConsecLoss=0 | Blocked=yes | ATRt=4.2 | Sprd=1.0
2025-08-27 17:32:07,654 [Gate] Regime fail
2025-08-27 17:33:07,298 [HB] PnL=0.00 | ConsecLoss=0 | Blocked=yes | ATRt=4.1 | Sprd=1.0
2025-08-27 17:33:07,298 [Gate] Regime fail
2025-08-27 17:34:06,944 [HB] PnL=0.00 | ConsecLoss=0 | Blocked=yes | ATRt=4.4 | Sprd=1.0
2025-08-27 17:34:06,945 [Gate] Regime fail
2025-08-27 17:35:07,576 [HB] PnL=0.00 | ConsecLoss=0 | Blocked=yes | ATRt=4.3 | Sprd=1.0
2025-08-27 17:35:07,577 [Gate] Regime fail
2025-08-27 17:36:07,376 [HB] PnL=0.00 | ConsecLoss=0 | Blocked=yes | ATRt=4.1 | Sprd=1.0
2025-08-27 17:36:07,376 [Gate] Regime fail
2025-08-27 17:37:07,022 [HB] PnL=0.00 | ConsecLoss=0 | Blocked=yes | ATRt=3.9 | Sprd=1.0
2025-08-27 17:37:07,022 [Gate] Outside RTH 2025-08-27 22:37:00+00:00
2025-08-27 17:38:07,685 [HB] PnL=0.00 | ConsecLoss=0 | Blocked=yes | ATRt=3.7 | Sprd=1.0
2025-08-27 17:38:07,687 [Gate] Outside RTH 2025-08-27 22:38:00+00:00
2025-08-27 17:39:06,287 [HB] PnL=0.00 | ConsecLoss=0 | Blocked=yes | ATRt=3.5 | Sprd=1.0
2025-08-27 17:39:06,288 [Gate] Outside RTH 2025-08-27 22:39:00+00:00
2025-08-27 17:40:06,925 [HB] PnL=0.00 | ConsecLoss=0 | Blocked=yes | ATRt=3.4 | Sprd=1.0
2025-08-27 17:40:06,925 [Gate] Outside RTH 2025-08-27 22:40:00+00:00
2025-08-27 17:41:07,575 [HB] PnL=0.00 | ConsecLoss=0 | Blocked=yes | ATRt=3.4 | Sprd=1.0
2025-08-27 17:41:07,579 [Gate] Outside RTH 2025-08-27 22:41:00+00:00
2025-08-27 17:42:07,254 [HB] PnL=0.00 | ConsecLoss=0 | Blocked=yes | ATRt=3.4 | Sprd=1.0
2025-08-27 17:42:07,255 [Gate] Outside RTH 2025-08-27 22:42:00+00:00
2025-08-27 17:43:06,905 [HB] PnL=0.00 | ConsecLoss=0 | Blocked=yes | ATRt=3.3 | Sprd=1.0
2025-08-27 17:43:06,906 [Gate] Outside RTH 2025-08-27 22:43:00+00:00
2025-08-27 17:44:07,575 [HB] PnL=0.00 | ConsecLoss=0 | Blocked=yes | ATRt=3.4 | Sprd=1.0
2025-08-27 17:44:07,575 [Gate] Outside RTH 2025-08-27 22:44:00+00:00
2025-08-27 17:45:07,212 [HB] PnL=0.00 | ConsecLoss=0 | Blocked=yes | ATRt=3.3 | Sprd=1.0
2025-08-27 17:45:07,213 [Gate] Outside RTH 2025-08-27 22:45:00+00:00
2025-08-27 17:46:06,865 [HB] PnL=0.00 | ConsecLoss=0 | Blocked=yes | ATRt=3.0 | Sprd=1.0
2025-08-27 17:46:06,866 [Gate] Outside RTH 2025-08-27 22:46:00+00:00
2025-08-27 17:47:07,529 [HB] PnL=0.00 | ConsecLoss=0 | Blocked=yes | ATRt=2.9 | Sprd=1.0
2025-08-27 17:47:07,530 [Gate] Outside RTH 2025-08-27 22:47:00+00:00
2025-08-27 17:48:07,260 [HB] PnL=0.00 | ConsecLoss=0 | Blocked=yes | ATRt=3.2 | Sprd=1.0
2025-08-27 17:48:07,260 [Gate] Regime fail
2025-08-27 17:49:06,951 [HB] PnL=0.00 | ConsecLoss=0 | Blocked=yes | ATRt=3.1 | Sprd=1.0
2025-08-27 17:49:06,952 [Gate] Regime fail
2025-08-27 17:50:06,759 [HB] PnL=0.00 | ConsecLoss=0 | Blocked=yes | ATRt=3.0 | Sprd=1.0
2025-08-27 17:50:06,760 [Gate] Regime fail
2025-08-27 17:51:07,410 [HB] PnL=0.00 | ConsecLoss=0 | Blocked=yes | ATRt=3.0 | Sprd=1.0
2025-08-27 17:51:07,411 [Gate] Regime fail
2025-08-27 17:52:07,051 [HB] PnL=0.00 | ConsecLoss=0 | Blocked=yes | ATRt=3.0 | Sprd=1.0
2025-08-27 17:52:07,052 [Gate] Regime fail
2025-08-27 17:53:07,667 [HB] PnL=0.00 | ConsecLoss=0 | Blocked=yes | ATRt=2.8 | Sprd=1.0
2025-08-27 17:53:07,668 [Gate] Regime fail
2025-08-27 17:54:07,265 [HB] PnL=0.00 | ConsecLoss=0 | Blocked=yes | ATRt=2.7 | Sprd=1.0
2025-08-27 17:54:07,266 [Gate] Regime fail
2025-08-27 17:55:07,198 [HB] PnL=0.00 | ConsecLoss=0 | Blocked=yes | ATRt=2.8 | Sprd=1.0
2025-08-27 17:55:07,199 [Gate] Regime fail
2025-08-27 17:56:06,828 [HB] PnL=0.00 | ConsecLoss=0 | Blocked=yes | ATRt=2.9 | Sprd=1.0
2025-08-27 17:56:06,829 [Gate] Regime fail
2025-08-27 17:57:07,518 [HB] PnL=0.00 | ConsecLoss=0 | Blocked=yes | ATRt=2.7 | Sprd=1.0
2025-08-27 17:57:07,519 [Gate] Regime fail
2025-08-27 17:58:07,183 [HB] PnL=0.00 | ConsecLoss=0 | Blocked=yes | ATRt=2.5 | Sprd=1.0
2025-08-27 17:58:07,184 [Gate] Regime fail
2025-08-27 17:59:07,030 [HB] PnL=0.00 | ConsecLoss=0 | Blocked=yes | ATRt=2.6 | Sprd=1.0
2025-08-27 17:59:07,030 [Gate] Regime fail
2025-08-27 18:00:06,654 [HB] PnL=0.00 | ConsecLoss=0 | Blocked=yes | ATRt=2.6 | Sprd=1.0
2025-08-27 18:00:06,655 [Gate] Regime fail
2025-08-27 18:01:07,373 [HB] PnL=0.00 | ConsecLoss=0 | Blocked=yes | ATRt=2.7 | Sprd=1.0
2025-08-27 18:01:07,373 [Gate] Regime fail
2025-08-27 18:02:07,003 [HB] PnL=0.00 | ConsecLoss=0 | Blocked=yes | ATRt=2.7 | Sprd=1.0
2025-08-27 18:02:07,004 [Gate] Regime fail
2025-08-27 18:03:07,655 [HB] PnL=0.00 | ConsecLoss=0 | Blocked=yes | ATRt=2.5 | Sprd=1.0
2025-08-27 18:03:07,656 [Gate] Regime fail
2025-08-27 18:04:07,281 [HB] PnL=0.00 | ConsecLoss=0 | Blocked=yes | ATRt=2.6 | Sprd=1.0
2025-08-27 18:04:07,282 [Gate] Regime fail
2025-08-27 18:05:06,902 [HB] PnL=0.00 | ConsecLoss=0 | Blocked=yes | ATRt=3.0 | Sprd=1.0
2025-08-27 18:05:06,903 [Gate] Regime fail
2025-08-27 18:06:07,577 [HB] PnL=0.00 | ConsecLoss=0 | Blocked=yes | ATRt=3.0 | Sprd=1.0
2025-08-27 18:06:07,577 [Gate] Regime fail
2025-08-27 18:07:07,235 [HB] PnL=0.00 | ConsecLoss=0 | Blocked=yes | ATRt=2.8 | Sprd=1.0
2025-08-27 18:07:07,236 [Gate] Regime fail
2025-08-27 18:08:06,871 [HB] PnL=0.00 | ConsecLoss=0 | Blocked=yes | ATRt=3.1 | Sprd=1.0
2025-08-27 18:08:06,871 [Gate] Regime fail
2025-08-27 18:09:06,578 [HB] PnL=0.00 | ConsecLoss=0 | Blocked=yes | ATRt=3.2 | Sprd=1.0
2025-08-27 18:09:06,578 [Gate] Regime fail
2025-08-27 18:10:07,256 [HB] PnL=0.00 | ConsecLoss=0 | Blocked=yes | ATRt=2.9 | Sprd=1.0
2025-08-27 18:10:07,256 [Gate] Regime fail
2025-08-27 18:11:06,977 [HB] PnL=0.00 | ConsecLoss=0 | Blocked=yes | ATRt=2.8 | Sprd=1.0
2025-08-27 18:11:06,978 [Gate] Regime fail
2025-08-27 18:12:07,651 [HB] PnL=0.00 | ConsecLoss=0 | Blocked=yes | ATRt=2.7 | Sprd=1.0
2025-08-27 18:12:07,652 [Gate] Regime fail
2025-08-27 18:13:07,453 [HB] PnL=0.00 | ConsecLoss=0 | Blocked=yes | ATRt=2.7 | Sprd=1.0
2025-08-27 18:13:07,454 [Gate] Regime fail
2025-08-27 18:14:07,155 [HB] PnL=0.00 | ConsecLoss=0 | Blocked=yes | ATRt=2.7 | Sprd=1.0
2025-08-27 18:14:07,155 [Gate] Regime fail
2025-08-27 18:15:06,898 [HB] PnL=0.00 | ConsecLoss=0 | Blocked=yes | ATRt=2.5 | Sprd=1.0
2025-08-27 18:15:06,898 [Gate] Regime fail
