2025-08-26 13:10:00,932 ================== PAPER MODE ==================
2025-08-26 13:10:00,932 Host:127.0.0.1  Port:7497  ClientId:99
2025-08-26 13:10:00,933 Paper account required (TWS/Gateway set to Paper). Orders WILL be sent (paper).
2025-08-26 13:10:00,933 Writing log to logs\run_Tue0826_131000.log
2025-08-26 13:10:00,937 [CONNECT] Attempt 1/3 to 127.0.0.1:7497 (clientId=99, timeout=60s)
2025-08-26 13:10:01,063 Connected 127.0.0.1:7497 clientId=99 | Market data type: LIVE (1)
2025-08-26 13:10:01,090 Using contract: ESU5  (conId=637533641)
2025-08-26 13:10:01,325 [WARMUP] Loaded 2590 historical 1m bars.
2025-08-26 13:10:01,409 >> LIVE paper trading with stop-entry + OCO. Ctrl+C to stop.
2025-08-26 13:10:06,747 [HB] PnL=0.00 | ConsecLoss=0 | Blocked=no | ATRt=4.9 | Sprd=1.0
2025-08-26 13:10:06,748 [REGIME] ADX=21.5  BBbw=0.0010  ATR%=0.000189  (mins eff: ADX>=8.0, BBbw>=0.0020, ATR%>=0.000050)
2025-08-26 13:11:06,644 [HB] PnL=0.00 | ConsecLoss=0 | Blocked=no | ATRt=5.3 | Sprd=1.0
2025-08-26 13:11:06,645 [REGIME] ADX=22.6  BBbw=0.0012  ATR%=0.000206  (mins eff: ADX>=8.0, BBbw>=0.0020, ATR%>=0.000050)
2025-08-26 13:11:06,645 [Gate] Regime fail
2025-08-26 13:12:06,462 [HB] PnL=0.00 | ConsecLoss=0 | Blocked=no | ATRt=5.2 | Sprd=1.0
2025-08-26 13:12:06,462 [REGIME] ADX=23.5  BBbw=0.0012  ATR%=0.000202  (mins eff: ADX>=8.0, BBbw>=0.0020, ATR%>=0.000050)
2025-08-26 13:12:06,463 [Gate] Regime fail
2025-08-26 13:13:06,402 [HB] PnL=0.00 | ConsecLoss=0 | Blocked=no | ATRt=5.4 | Sprd=1.0
2025-08-26 13:13:06,403 [REGIME] ADX=22.5  BBbw=0.0013  ATR%=0.000207  (mins eff: ADX>=8.0, BBbw>=0.0020, ATR%>=0.000050)
2025-08-26 13:13:06,403 [Gate] Regime fail
2025-08-26 13:14:07,216 [HB] PnL=0.00 | ConsecLoss=0 | Blocked=no | ATRt=5.2 | Sprd=1.0
2025-08-26 13:14:07,216 [REGIME] ADX=22.1  BBbw=0.0011  ATR%=0.000201  (mins eff: ADX>=8.0, BBbw>=0.0020, ATR%>=0.000050)
2025-08-26 13:14:07,217 [Gate] Regime fail
2025-08-26 13:15:05,914 [HB] PnL=0.00 | ConsecLoss=0 | Blocked=no | ATRt=5.0 | Sprd=1.0
2025-08-26 13:15:05,915 [REGIME] ADX=22.3  BBbw=0.0011  ATR%=0.000195  (mins eff: ADX>=8.0, BBbw>=0.0020, ATR%>=0.000050)
2025-08-26 13:15:05,915 [Gate] Regime fail
2025-08-26 13:16:06,698 [HB] PnL=0.00 | ConsecLoss=0 | Blocked=no | ATRt=4.7 | Sprd=1.0
2025-08-26 13:16:06,698 [REGIME] ADX=22.4  BBbw=0.0011  ATR%=0.000184  (mins eff: ADX>=8.0, BBbw>=0.0020, ATR%>=0.000050)
2025-08-26 13:16:06,699 [Gate] Regime fail
2025-08-26 13:17:06,575 [HB] PnL=0.00 | ConsecLoss=0 | Blocked=no | ATRt=4.8 | Sprd=1.0
2025-08-26 13:17:06,575 [REGIME] ADX=23.2  BBbw=0.0011  ATR%=0.000184  (mins eff: ADX>=8.0, BBbw>=0.0020, ATR%>=0.000050)
2025-08-26 13:17:06,576 [Gate] Regime fail
2025-08-26 13:18:06,314 [HB] PnL=0.00 | ConsecLoss=0 | Blocked=no | ATRt=4.6 | Sprd=1.0
2025-08-26 13:18:06,314 [REGIME] ADX=24.0  BBbw=0.0011  ATR%=0.000177  (mins eff: ADX>=8.0, BBbw>=0.0020, ATR%>=0.000050)
2025-08-26 13:18:06,315 [Gate] Regime fail
2025-08-26 13:19:06,884 [HB] PnL=0.00 | ConsecLoss=0 | Blocked=no | ATRt=4.4 | Sprd=1.0
2025-08-26 13:19:06,884 [REGIME] ADX=25.0  BBbw=0.0011  ATR%=0.000169  (mins eff: ADX>=8.0, BBbw>=0.0020, ATR%>=0.000050)
2025-08-26 13:19:06,885 [Gate] Regime fail
2025-08-26 13:20:07,290 [HB] PnL=0.00 | ConsecLoss=0 | Blocked=no | ATRt=4.3 | Sprd=1.0
2025-08-26 13:20:07,290 [REGIME] ADX=26.2  BBbw=0.0011  ATR%=0.000166  (mins eff: ADX>=8.0, BBbw>=0.0020, ATR%>=0.000050)
2025-08-26 13:20:07,290 [Gate] Regime fail
2025-08-26 13:21:06,862 [HB] PnL=0.00 | ConsecLoss=0 | Blocked=no | ATRt=4.2 | Sprd=1.0
2025-08-26 13:21:06,862 [REGIME] ADX=26.7  BBbw=0.0011  ATR%=0.000162  (mins eff: ADX>=8.0, BBbw>=0.0020, ATR%>=0.000050)
2025-08-26 13:21:06,862 [Gate] Regime fail
