2025-08-27 12:20:13,894 ================== PAPER MODE ==================
2025-08-27 12:20:13,894 Host:127.0.0.1  Port:7497  ClientId:3452
2025-08-27 12:20:13,895 Paper account required (TWS/Gateway set to Paper). Orders WILL be sent (paper).
2025-08-27 12:20:13,896 Writing log to logs\run_Wed0827_122013.log
2025-08-27 12:20:13,897 [CONNECT] Attempt 1/8 to 127.0.0.1:7497 (clientId=3452, timeout=60s)
2025-08-27 12:20:14,034 Connected 127.0.0.1:7497 clientId=3452 | Market data type: LIVE (1)
2025-08-27 12:20:14,035 [AUTO] Selecting front quarter for ES/CME ...
2025-08-27 12:20:14,127 [AUTO] Front month chosen: ESU5 exp=20250919
2025-08-27 12:20:14,131 Using contract: ESU5  (conId=637533641)
2025-08-27 12:20:14,275 [WARMUP] Loaded 2541 historical 1m bars.
2025-08-27 12:20:14,323 >> LIVE paper trading with stop-entry + OCO. Ctrl+C to stop.
2025-08-27 12:21:07,304 [HB] PnL=0.00 | ConsecLoss=0 | Blocked=no | ATRt=4.6 | Sprd=1.0
2025-08-27 12:21:07,304 [REGIME] ADX=10.9  BBbw=0.0004  ATR%=0.000177  (mins eff: ADX>=8.0, BBbw>=0.0009, ATR%>=0.000050)
2025-08-27 12:22:07,184 [HB] PnL=0.00 | ConsecLoss=0 | Blocked=no | ATRt=4.3 | Sprd=1.0
2025-08-27 12:22:07,184 [REGIME] ADX=11.9  BBbw=0.0004  ATR%=0.000167  (mins eff: ADX>=8.0, BBbw>=0.0009, ATR%>=0.000050)
2025-08-27 12:22:07,184 [Gate] Regime fail
2025-08-27 12:23:07,833 [HB] PnL=0.00 | ConsecLoss=0 | Blocked=no | ATRt=4.4 | Sprd=1.0
2025-08-27 12:23:07,834 [REGIME] ADX=11.3  BBbw=0.0004  ATR%=0.000169  (mins eff: ADX>=8.0, BBbw>=0.0009, ATR%>=0.000050)
2025-08-27 12:23:07,834 [Gate] Regime fail
2025-08-27 12:24:07,492 [HB] PnL=0.00 | ConsecLoss=0 | Blocked=no | ATRt=4.1 | Sprd=1.0
2025-08-27 12:24:07,492 [REGIME] ADX=10.5  BBbw=0.0004  ATR%=0.000159  (mins eff: ADX>=8.0, BBbw>=0.0009, ATR%>=0.000050)
2025-08-27 12:24:07,492 [Gate] Regime fail
2025-08-27 12:25:07,244 [HB] PnL=0.00 | ConsecLoss=0 | Blocked=no | ATRt=3.9 | Sprd=1.0
2025-08-27 12:25:07,245 [REGIME] ADX=10.1  BBbw=0.0004  ATR%=0.000151  (mins eff: ADX>=8.0, BBbw>=0.0009, ATR%>=0.000050)
2025-08-27 12:25:07,245 [Gate] Regime fail
2025-08-27 12:26:07,066 [HB] PnL=0.00 | ConsecLoss=0 | Blocked=no | ATRt=3.9 | Sprd=1.0
2025-08-27 12:26:07,066 [REGIME] ADX=9.9  BBbw=0.0004  ATR%=0.000148  (mins eff: ADX>=8.0, BBbw>=0.0009, ATR%>=0.000050)
2025-08-27 12:26:07,066 [Gate] Regime fail
2025-08-27 12:27:06,746 [HB] PnL=0.00 | ConsecLoss=0 | Blocked=no | ATRt=3.6 | Sprd=1.0
2025-08-27 12:27:06,747 [REGIME] ADX=9.8  BBbw=0.0004  ATR%=0.000140  (mins eff: ADX>=8.0, BBbw>=0.0009, ATR%>=0.000050)
2025-08-27 12:27:06,747 [Gate] Regime fail
2025-08-27 12:28:07,483 [HB] PnL=0.00 | ConsecLoss=0 | Blocked=no | ATRt=3.5 | Sprd=1.0
2025-08-27 12:28:07,483 [REGIME] ADX=9.2  BBbw=0.0004  ATR%=0.000136  (mins eff: ADX>=8.0, BBbw>=0.0009, ATR%>=0.000050)
2025-08-27 12:28:07,484 [Gate] Regime fail
2025-08-27 12:29:07,070 [HB] PnL=0.00 | ConsecLoss=0 | Blocked=no | ATRt=3.3 | Sprd=1.0
2025-08-27 12:29:07,071 [REGIME] ADX=8.6  BBbw=0.0004  ATR%=0.000126  (mins eff: ADX>=8.0, BBbw>=0.0009, ATR%>=0.000050)
2025-08-27 12:29:07,071 [Gate] Regime fail
2025-08-27 12:30:07,791 [HB] PnL=0.00 | ConsecLoss=0 | Blocked=no | ATRt=3.2 | Sprd=1.0
2025-08-27 12:30:07,791 [REGIME] ADX=8.1  BBbw=0.0004  ATR%=0.000123  (mins eff: ADX>=8.0, BBbw>=0.0009, ATR%>=0.000050)
2025-08-27 12:30:07,791 [Gate] Regime fail
2025-08-27 12:31:06,559 [HB] PnL=0.00 | ConsecLoss=0 | Blocked=no | ATRt=3.0 | Sprd=1.0
2025-08-27 12:31:06,560 [REGIME] ADX=8.0  BBbw=0.0004  ATR%=0.000117  (mins eff: ADX>=8.0, BBbw>=0.0009, ATR%>=0.000050)
2025-08-27 12:31:06,560 [Gate] Regime fail
2025-08-27 12:32:07,318 [HB] PnL=0.00 | ConsecLoss=0 | Blocked=no | ATRt=3.1 | Sprd=1.0
2025-08-27 12:32:07,318 [REGIME] ADX=9.0  BBbw=0.0005  ATR%=0.000119  (mins eff: ADX>=8.0, BBbw>=0.0009, ATR%>=0.000050)
2025-08-27 12:32:07,319 [Gate] Regime fail
2025-08-27 12:33:07,027 [HB] PnL=0.00 | ConsecLoss=0 | Blocked=no | ATRt=2.9 | Sprd=1.0
2025-08-27 12:33:07,028 [REGIME] ADX=10.1  BBbw=0.0005  ATR%=0.000114  (mins eff: ADX>=8.0, BBbw>=0.0009, ATR%>=0.000050)
2025-08-27 12:33:07,028 [Gate] Regime fail
2025-08-27 12:34:06,755 [HB] PnL=0.00 | ConsecLoss=0 | Blocked=no | ATRt=2.8 | Sprd=1.0
2025-08-27 12:34:06,756 [REGIME] ADX=11.0  BBbw=0.0006  ATR%=0.000108  (mins eff: ADX>=8.0, BBbw>=0.0009, ATR%>=0.000050)
2025-08-27 12:34:06,756 [Gate] Regime fail
2025-08-27 12:35:07,479 [HB] PnL=0.00 | ConsecLoss=0 | Blocked=no | ATRt=2.8 | Sprd=1.0
2025-08-27 12:35:07,479 [REGIME] ADX=11.0  BBbw=0.0006  ATR%=0.000106  (mins eff: ADX>=8.0, BBbw>=0.0009, ATR%>=0.000050)
2025-08-27 12:35:07,479 [Gate] Regime fail
2025-08-27 12:36:07,125 [HB] PnL=0.00 | ConsecLoss=0 | Blocked=no | ATRt=2.8 | Sprd=1.0
2025-08-27 12:36:07,125 [REGIME] ADX=11.8  BBbw=0.0006  ATR%=0.000109  (mins eff: ADX>=8.0, BBbw>=0.0009, ATR%>=0.000050)
2025-08-27 12:36:07,126 [Gate] Regime fail
2025-08-27 12:37:06,454 [HB] PnL=0.00 | ConsecLoss=0 | Blocked=no | ATRt=2.7 | Sprd=1.0
2025-08-27 12:37:06,454 [REGIME] ADX=12.2  BBbw=0.0006  ATR%=0.000104  (mins eff: ADX>=8.0, BBbw>=0.0009, ATR%>=0.000050)
2025-08-27 12:37:06,454 [Gate] Regime fail
2025-08-27 12:38:07,044 [HB] PnL=0.00 | ConsecLoss=0 | Blocked=no | ATRt=2.6 | Sprd=1.0
2025-08-27 12:38:07,045 [REGIME] ADX=12.6  BBbw=0.0006  ATR%=0.000100  (mins eff: ADX>=8.0, BBbw>=0.0009, ATR%>=0.000050)
2025-08-27 12:38:07,045 [Gate] Regime fail
2025-08-27 12:39:07,964 [HB] PnL=0.00 | ConsecLoss=0 | Blocked=no | ATRt=2.5 | Sprd=1.0
2025-08-27 12:39:07,964 [REGIME] ADX=13.2  BBbw=0.0007  ATR%=0.000098  (mins eff: ADX>=8.0, BBbw>=0.0008, ATR%>=0.000050)
2025-08-27 12:39:07,965 [Gate] Regime fail
2025-08-27 12:40:07,539 [HB] PnL=0.00 | ConsecLoss=0 | Blocked=no | ATRt=2.5 | Sprd=1.0
2025-08-27 12:40:07,539 [REGIME] ADX=14.1  BBbw=0.0007  ATR%=0.000096  (mins eff: ADX>=8.0, BBbw>=0.0008, ATR%>=0.000050)
2025-08-27 12:40:07,539 [Gate] Regime fail
2025-08-27 12:41:07,309 [HB] PnL=0.00 | ConsecLoss=0 | Blocked=no | ATRt=2.5 | Sprd=1.0
2025-08-27 12:41:07,309 [REGIME] ADX=14.5  BBbw=0.0006  ATR%=0.000095  (mins eff: ADX>=8.0, BBbw>=0.0008, ATR%>=0.000050)
2025-08-27 12:41:07,309 [Gate] Regime fail
2025-08-27 12:42:07,798 [HB] PnL=0.00 | ConsecLoss=0 | Blocked=no | ATRt=2.4 | Sprd=1.0
2025-08-27 12:42:07,799 [REGIME] ADX=14.8  BBbw=0.0005  ATR%=0.000091  (mins eff: ADX>=8.0, BBbw>=0.0008, ATR%>=0.000050)
2025-08-27 12:42:07,799 [Gate] Regime fail
2025-08-27 12:43:07,846 [HB] PnL=0.00 | ConsecLoss=0 | Blocked=no | ATRt=2.3 | Sprd=1.0
2025-08-27 12:43:07,846 [REGIME] ADX=14.1  BBbw=0.0005  ATR%=0.000090  (mins eff: ADX>=8.0, BBbw>=0.0008, ATR%>=0.000050)
2025-08-27 12:43:07,846 [Gate] Regime fail
2025-08-27 12:44:07,416 [HB] PnL=0.00 | ConsecLoss=0 | Blocked=no | ATRt=2.5 | Sprd=1.0
2025-08-27 12:44:07,416 [REGIME] ADX=14.9  BBbw=0.0005  ATR%=0.000095  (mins eff: ADX>=8.0, BBbw>=0.0008, ATR%>=0.000050)
2025-08-27 12:44:07,416 [Gate] Regime fail
2025-08-27 12:45:07,960 [HB] PnL=0.00 | ConsecLoss=0 | Blocked=no | ATRt=2.5 | Sprd=1.0
2025-08-27 12:45:07,960 [REGIME] ADX=14.3  BBbw=0.0005  ATR%=0.000096  (mins eff: ADX>=8.0, BBbw>=0.0008, ATR%>=0.000050)
2025-08-27 12:45:07,960 [Gate] Regime fail
2025-08-27 12:46:07,456 [HB] PnL=0.00 | ConsecLoss=0 | Blocked=no | ATRt=2.5 | Sprd=1.0
2025-08-27 12:46:07,456 [REGIME] ADX=14.1  BBbw=0.0004  ATR%=0.000095  (mins eff: ADX>=8.0, BBbw>=0.0008, ATR%>=0.000050)
2025-08-27 12:46:07,457 [Gate] Regime fail
2025-08-27 12:47:06,989 [HB] PnL=0.00 | ConsecLoss=0 | Blocked=no | ATRt=2.4 | Sprd=1.0
2025-08-27 12:47:06,989 [REGIME] ADX=14.2  BBbw=0.0004  ATR%=0.000093  (mins eff: ADX>=8.0, BBbw>=0.0008, ATR%>=0.000050)
2025-08-27 12:47:06,990 [Gate] Regime fail
