2025-09-02 14:25:22,032 ================== PAPER MODE ==================
2025-09-02 14:25:22,032 Host:127.0.0.1  Port:7497  ClientId:19
2025-09-02 14:25:22,032 Paper account required (TWS/Gateway set to Paper). Orders WILL be sent (paper).
2025-09-02 14:25:22,032 Writing log to logs\run_Tue0902_142522.log
2025-09-02 14:25:22,617 [PING 1] clientId=40122 connected: True
2025-09-02 14:25:22,618 [CONNECT] Attempt 1/8 to 127.0.0.1:7497 (clientId=19, timeout=60s)
2025-09-02 14:25:22,730 Connected 127.0.0.1:7497 clientId=19 | Market data type: LIVE (1)
2025-09-02 14:25:22,743 Using contract: ESU5  (conId=637533641)
2025-09-02 14:25:22,744 [AUTOROLL] Will warn 7 days before expiry (print-only).
2025-09-02 14:25:22,744 [RISK] Daily loss cap: $1,250.00
2025-09-02 14:25:23,243 [WARMUP] Loaded 7946 historical 1m bars.
2025-09-02 14:25:23,343 >> LIVE paper trading with adaptive chooser + promotion ladder. Ctrl+C to stop.
2025-09-02 14:26:05,786 [HB] PnL=0.00 | ConsecLoss=0 | Blocked=no | ATRt=8.7
2025-09-02 14:26:05,787 [REGIME] ADX=28.6  BBbw=0.0015  ATR%=0.000338  (mins eff: ADX>=8.0, BBbw>=0.0010, ATR%>=0.000050)
2025-09-02 14:27:05,636 [HB] PnL=0.00 | ConsecLoss=0 | Blocked=no | ATRt=8.4
2025-09-02 14:27:05,636 [REGIME] ADX=28.5  BBbw=0.0014  ATR%=0.000328  (mins eff: ADX>=8.0, BBbw>=0.0010, ATR%>=0.000050)
2025-09-02 14:28:05,480 [HB] PnL=0.00 | ConsecLoss=0 | Blocked=no | ATRt=8.0
2025-09-02 14:28:05,481 [REGIME] ADX=28.3  BBbw=0.0014  ATR%=0.000310  (mins eff: ADX>=8.0, BBbw>=0.0010, ATR%>=0.000050)
2025-09-02 14:29:06,260 [HB] PnL=0.00 | ConsecLoss=0 | Blocked=no | ATRt=7.8
2025-09-02 14:29:06,261 [REGIME] ADX=28.7  BBbw=0.0013  ATR%=0.000305  (mins eff: ADX>=8.0, BBbw>=0.0010, ATR%>=0.000050)
2025-09-02 14:30:06,234 [HB] PnL=0.00 | ConsecLoss=0 | Blocked=no | ATRt=7.5
2025-09-02 14:30:06,234 [REGIME] ADX=29.1  BBbw=0.0013  ATR%=0.000294  (mins eff: ADX>=8.0, BBbw>=0.0010, ATR%>=0.000050)
2025-09-02 14:31:06,639 [HB] PnL=0.00 | ConsecLoss=0 | Blocked=no | ATRt=7.3
2025-09-02 14:31:06,640 [REGIME] ADX=29.6  BBbw=0.0011  ATR%=0.000284  (mins eff: ADX>=8.0, BBbw>=0.0010, ATR%>=0.000050)
2025-09-02 14:32:05,682 [HB] PnL=0.00 | ConsecLoss=0 | Blocked=no | ATRt=7.1
2025-09-02 14:32:05,682 [REGIME] ADX=30.3  BBbw=0.0011  ATR%=0.000275  (mins eff: ADX>=8.0, BBbw>=0.0010, ATR%>=0.000050)
2025-09-02 14:33:06,109 [HB] PnL=0.00 | ConsecLoss=0 | Blocked=no | ATRt=6.8
2025-09-02 14:33:06,109 [REGIME] ADX=31.2  BBbw=0.0011  ATR%=0.000267  (mins eff: ADX>=8.0, BBbw>=0.0010, ATR%>=0.000050)
2025-09-02 14:34:05,907 [HB] PnL=0.00 | ConsecLoss=0 | Blocked=no | ATRt=6.6
2025-09-02 14:34:05,907 [REGIME] ADX=32.1  BBbw=0.0011  ATR%=0.000256  (mins eff: ADX>=8.0, BBbw>=0.0010, ATR%>=0.000050)
2025-09-02 14:35:05,966 [HB] PnL=0.00 | ConsecLoss=0 | Blocked=no | ATRt=7.0
2025-09-02 14:35:05,966 [REGIME] ADX=30.6  BBbw=0.0010  ATR%=0.000271  (mins eff: ADX>=8.0, BBbw>=0.0010, ATR%>=0.000050)
2025-09-02 14:35:05,966 [Gate] Regime fail
