2025-09-02 12:10:54,057 ================== PAPER MODE ==================
2025-09-02 12:10:54,057 Host:127.0.0.1  Port:7497  ClientId:19
2025-09-02 12:10:54,058 Paper account required (TWS/Gateway set to Paper). Orders WILL be sent (paper).
2025-09-02 12:10:54,058 Writing log to logs\run_Tue0902_121054.log
2025-09-02 12:10:54,173 [PING 1] clientId=40054 connected: True
2025-09-02 12:10:54,174 [CONNECT] Attempt 1/8 to 127.0.0.1:7497 (clientId=19, timeout=60s)
2025-09-02 12:10:54,282 Connected 127.0.0.1:7497 clientId=19 | Market data type: LIVE (1)
2025-09-02 12:10:54,286 Using contract: ESU5  (conId=637533641)
2025-09-02 12:10:54,288 [AUTOROLL] Will warn 7 days before expiry (print-only).
2025-09-02 12:10:54,291 [RISK] Daily loss cap: $1,250.00
2025-09-02 12:10:54,644 [WARMUP] Loaded 7811 historical 1m bars.
2025-09-02 12:10:54,724 >> LIVE paper trading with adaptive chooser + promotion ladder. Ctrl+C to stop.
2025-09-02 12:11:05,977 [HB] PnL=0.00 | ConsecLoss=0 | Blocked=no | ATRt=7.5
2025-09-02 12:11:05,977 [REGIME] ADX=38.7  BBbw=0.0015  ATR%=0.000294  (mins eff: ADX>=8.0, BBbw>=0.0010, ATR%>=0.000050)
2025-09-02 12:12:06,000 [HB] PnL=0.00 | ConsecLoss=0 | Blocked=no | ATRt=7.6
2025-09-02 12:12:06,001 [REGIME] ADX=36.4  BBbw=0.0014  ATR%=0.000296  (mins eff: ADX>=8.0, BBbw>=0.0010, ATR%>=0.000050)
2025-09-02 12:13:05,857 [HB] PnL=0.00 | ConsecLoss=0 | Blocked=no | ATRt=7.4
2025-09-02 12:13:05,858 [REGIME] ADX=34.2  BBbw=0.0012  ATR%=0.000289  (mins eff: ADX>=8.0, BBbw>=0.0010, ATR%>=0.000050)
2025-09-02 12:14:05,465 [HB] PnL=0.00 | ConsecLoss=0 | Blocked=no | ATRt=7.1
2025-09-02 12:14:05,465 [REGIME] ADX=32.2  BBbw=0.0010  ATR%=0.000276  (mins eff: ADX>=8.0, BBbw>=0.0010, ATR%>=0.000050)
2025-09-02 12:15:05,922 [HB] PnL=0.00 | ConsecLoss=0 | Blocked=no | ATRt=6.9
2025-09-02 12:15:05,923 [REGIME] ADX=29.9  BBbw=0.0010  ATR%=0.000271  (mins eff: ADX>=8.0, BBbw>=0.0010, ATR%>=0.000050)
2025-09-02 12:16:06,512 [HB] PnL=0.00 | ConsecLoss=0 | Blocked=no | ATRt=6.8
2025-09-02 12:16:06,513 [REGIME] ADX=28.4  BBbw=0.0010  ATR%=0.000265  (mins eff: ADX>=8.0, BBbw>=0.0010, ATR%>=0.000050)
2025-09-02 12:17:06,053 [HB] PnL=0.00 | ConsecLoss=0 | Blocked=no | ATRt=6.7
2025-09-02 12:17:06,055 [REGIME] ADX=26.6  BBbw=0.0010  ATR%=0.000263  (mins eff: ADX>=8.0, BBbw>=0.0010, ATR%>=0.000050)
2025-09-02 12:18:06,258 [HB] PnL=0.00 | ConsecLoss=0 | Blocked=no | ATRt=6.4
2025-09-02 12:18:06,258 [REGIME] ADX=25.0  BBbw=0.0011  ATR%=0.000250  (mins eff: ADX>=8.0, BBbw>=0.0010, ATR%>=0.000050)
2025-09-02 12:19:05,549 [HB] PnL=0.00 | ConsecLoss=0 | Blocked=no | ATRt=6.6
2025-09-02 12:19:05,549 [REGIME] ADX=24.3  BBbw=0.0011  ATR%=0.000260  (mins eff: ADX>=8.0, BBbw>=0.0010, ATR%>=0.000050)
2025-09-02 12:20:06,045 [HB] PnL=0.00 | ConsecLoss=0 | Blocked=no | ATRt=6.2
2025-09-02 12:20:06,045 [REGIME] ADX=23.7  BBbw=0.0011  ATR%=0.000244  (mins eff: ADX>=8.0, BBbw>=0.0010, ATR%>=0.000050)
2025-09-02 12:21:05,726 [HB] PnL=0.00 | ConsecLoss=0 | Blocked=no | ATRt=6.0
2025-09-02 12:21:05,726 [REGIME] ADX=22.8  BBbw=0.0011  ATR%=0.000235  (mins eff: ADX>=8.0, BBbw>=0.0010, ATR%>=0.000050)
2025-09-02 12:22:06,459 [HB] PnL=0.00 | ConsecLoss=0 | Blocked=no | ATRt=6.2
2025-09-02 12:22:06,460 [REGIME] ADX=22.7  BBbw=0.0011  ATR%=0.000241  (mins eff: ADX>=8.0, BBbw>=0.0010, ATR%>=0.000050)
2025-09-02 12:23:05,613 [HB] PnL=0.00 | ConsecLoss=0 | Blocked=no | ATRt=5.9
2025-09-02 12:23:05,614 [REGIME] ADX=22.8  BBbw=0.0011  ATR%=0.000232  (mins eff: ADX>=8.0, BBbw>=0.0010, ATR%>=0.000050)
2025-09-02 12:24:06,598 [HB] PnL=0.00 | ConsecLoss=0 | Blocked=no | ATRt=5.8
2025-09-02 12:24:06,599 [REGIME] ADX=23.3  BBbw=0.0012  ATR%=0.000226  (mins eff: ADX>=8.0, BBbw>=0.0010, ATR%>=0.000050)
2025-09-02 12:25:05,633 [HB] PnL=0.00 | ConsecLoss=0 | Blocked=no | ATRt=5.9
2025-09-02 12:25:05,634 [REGIME] ADX=24.4  BBbw=0.0013  ATR%=0.000230  (mins eff: ADX>=8.0, BBbw>=0.0010, ATR%>=0.000050)
