2025-08-29 11:41:19,979 ================== PAPER MODE ==================
2025-08-29 11:41:19,979 Host:127.0.0.1  Port:7497  ClientId:auto
2025-08-29 11:41:19,979 Paper account required (TWS/Gateway set to Paper). Orders WILL be sent (paper).
2025-08-29 11:41:19,979 Writing log to logs\run_Fri0829_114119.log
2025-08-29 11:41:20,114 [PING 1] clientId=40679 connected: True
2025-08-29 11:41:20,116 [CONNECT] Attempt 1/12 to 127.0.0.1:7497 (clientId=38407, timeout=90s)
2025-08-29 11:41:20,226 Connected 127.0.0.1:7497 clientId=38407 | Market data type: LIVE (1)
2025-08-29 11:41:20,226 [AUTO] Selecting front quarter for ES/CME ...
2025-08-29 11:41:20,272 [AUTO] Front month chosen: ESU5 exp=20250919
2025-08-29 11:41:20,275 Using contract: ESU5  (conId=637533641)
2025-08-29 11:41:20,528 [RECON] open_orders=0 positions=0
2025-08-29 11:41:20,529 [RISK] Daily loss cap: $1,250.00
2025-08-29 11:41:20,812 [WARMUP] Loaded 6642 historical 1m bars.
2025-08-29 11:41:20,881 >> LIVE paper trading with brackets (BE/trail, TP ladder). Ctrl+C to stop.
2025-08-29 11:42:05,982 [HB] PnL=0.00 | ConsecLoss=0 | Blocked=no | ATRt=6.6 | Sprd=1.0
2025-08-29 11:43:05,770 [HB] PnL=0.00 | ConsecLoss=0 | Blocked=no | ATRt=6.4 | Sprd=1.0
2025-08-29 11:44:06,528 [HB] PnL=0.00 | ConsecLoss=0 | Blocked=no | ATRt=6.0 | Sprd=1.0
2025-08-29 11:45:05,210 [HB] PnL=0.00 | ConsecLoss=0 | Blocked=no | ATRt=5.9 | Sprd=1.0
2025-08-29 11:46:05,927 [HB] PnL=0.00 | ConsecLoss=0 | Blocked=no | ATRt=5.6 | Sprd=1.0
2025-08-29 11:47:06,648 [HB] PnL=0.00 | ConsecLoss=0 | Blocked=no | ATRt=5.3 | Sprd=1.0
2025-08-29 11:48:06,279 [HB] PnL=0.00 | ConsecLoss=0 | Blocked=no | ATRt=5.1 | Sprd=1.0
2025-08-29 11:49:05,931 [HB] PnL=0.00 | ConsecLoss=0 | Blocked=no | ATRt=4.9 | Sprd=1.0
2025-08-29 11:49:05,932 [Gate] Regime fail
2025-08-29 11:50:06,673 [HB] PnL=0.00 | ConsecLoss=0 | Blocked=no | ATRt=5.1 | Sprd=1.0
2025-08-29 11:50:06,673 [Gate] Regime fail
2025-08-29 11:51:05,493 [HB] PnL=0.00 | ConsecLoss=0 | Blocked=no | ATRt=5.0 | Sprd=1.0
2025-08-29 11:51:05,494 [Gate] Regime fail
2025-08-29 11:52:06,325 [HB] PnL=0.00 | ConsecLoss=0 | Blocked=no | ATRt=4.8 | Sprd=1.0
2025-08-29 11:52:06,326 [Gate] Regime fail
2025-08-29 11:53:06,161 [HB] PnL=0.00 | ConsecLoss=0 | Blocked=no | ATRt=4.6 | Sprd=1.0
2025-08-29 11:53:06,163 [Gate] Regime fail
2025-08-29 11:54:05,571 [HB] PnL=0.00 | ConsecLoss=0 | Blocked=no | ATRt=4.7 | Sprd=1.0
2025-08-29 11:54:05,572 [Gate] Regime fail
2025-08-29 11:55:05,438 [HB] PnL=0.00 | ConsecLoss=0 | Blocked=no | ATRt=4.4 | Sprd=1.0
2025-08-29 11:55:05,439 [Gate] Regime fail
2025-08-29 11:56:06,292 [HB] PnL=0.00 | ConsecLoss=0 | Blocked=no | ATRt=4.2 | Sprd=1.0
2025-08-29 11:56:06,293 [Gate] Regime fail
2025-08-29 11:57:05,909 [HB] PnL=0.00 | ConsecLoss=0 | Blocked=no | ATRt=4.4 | Sprd=1.0
2025-08-29 11:57:05,909 [Gate] Regime fail
2025-08-29 11:58:06,615 [HB] PnL=0.00 | ConsecLoss=0 | Blocked=no | ATRt=4.3 | Sprd=1.0
2025-08-29 11:58:06,616 [Gate] Regime fail
2025-08-29 11:59:06,187 [HB] PnL=0.00 | ConsecLoss=0 | Blocked=no | ATRt=4.0 | Sprd=1.0
2025-08-29 11:59:06,188 [Gate] Regime fail
2025-08-29 12:00:05,720 [HB] PnL=0.00 | ConsecLoss=0 | Blocked=no | ATRt=4.2 | Sprd=1.0
2025-08-29 12:00:05,721 [Gate] Regime fail
2025-08-29 12:01:05,283 [HB] PnL=0.00 | ConsecLoss=0 | Blocked=no | ATRt=4.7 | Sprd=1.0
2025-08-29 12:01:05,283 [Gate] Regime fail
2025-08-29 12:02:05,901 [HB] PnL=0.00 | ConsecLoss=0 | Blocked=no | ATRt=4.6 | Sprd=1.0
2025-08-29 12:02:05,901 [Gate] Regime fail
2025-08-29 12:03:05,452 [HB] PnL=0.00 | ConsecLoss=0 | Blocked=no | ATRt=4.5 | Sprd=1.0
2025-08-29 12:03:05,453 [Gate] Regime fail
2025-08-29 12:04:06,108 [HB] PnL=0.00 | ConsecLoss=0 | Blocked=no | ATRt=4.4 | Sprd=1.0
2025-08-29 12:04:06,108 [Gate] Regime fail
2025-08-29 12:05:05,750 [HB] PnL=0.00 | ConsecLoss=0 | Blocked=no | ATRt=5.1 | Sprd=1.0
2025-08-29 12:06:05,550 [HB] PnL=0.00 | ConsecLoss=0 | Blocked=no | ATRt=5.0 | Sprd=1.0
2025-08-29 12:07:05,406 [HB] PnL=0.00 | ConsecLoss=0 | Blocked=no | ATRt=5.4 | Sprd=1.0
2025-08-29 12:08:06,197 [HB] PnL=0.00 | ConsecLoss=0 | Blocked=no | ATRt=5.3 | Sprd=1.0
2025-08-29 12:09:05,929 [HB] PnL=0.00 | ConsecLoss=0 | Blocked=no | ATRt=5.0 | Sprd=1.0
2025-08-29 12:10:05,652 [HB] PnL=0.00 | ConsecLoss=0 | Blocked=no | ATRt=4.9 | Sprd=1.0
2025-08-29 12:11:05,352 [HB] PnL=0.00 | ConsecLoss=0 | Blocked=no | ATRt=5.2 | Sprd=1.0
2025-08-29 12:12:06,046 [HB] PnL=0.00 | ConsecLoss=0 | Blocked=no | ATRt=5.0 | Sprd=1.0
2025-08-29 12:13:05,651 [HB] PnL=0.00 | ConsecLoss=0 | Blocked=no | ATRt=4.9 | Sprd=1.0
2025-08-29 12:14:05,817 [HB] PnL=0.00 | ConsecLoss=0 | Blocked=no | ATRt=5.1 | Sprd=1.0
2025-08-29 12:15:05,747 [HB] PnL=0.00 | ConsecLoss=0 | Blocked=no | ATRt=4.9 | Sprd=1.0
2025-08-29 12:16:05,512 [HB] PnL=0.00 | ConsecLoss=0 | Blocked=no | ATRt=5.4 | Sprd=1.0
2025-08-29 12:17:05,582 [HB] PnL=0.00 | ConsecLoss=0 | Blocked=no | ATRt=5.3 | Sprd=1.0
2025-08-29 12:18:05,285 [HB] PnL=0.00 | ConsecLoss=0 | Blocked=no | ATRt=5.2 | Sprd=1.0
2025-08-29 12:19:05,904 [HB] PnL=0.00 | ConsecLoss=0 | Blocked=no | ATRt=5.2 | Sprd=1.0
2025-08-29 12:20:06,560 [HB] PnL=0.00 | ConsecLoss=0 | Blocked=no | ATRt=5.2 | Sprd=1.0
2025-08-29 12:21:06,153 [HB] PnL=0.00 | ConsecLoss=0 | Blocked=no | ATRt=5.4 | Sprd=1.0
2025-08-29 12:22:06,066 [HB] PnL=0.00 | ConsecLoss=0 | Blocked=no | ATRt=5.3 | Sprd=1.0
2025-08-29 12:23:05,767 [HB] PnL=0.00 | ConsecLoss=0 | Blocked=no | ATRt=5.4 | Sprd=1.0
2025-08-29 12:24:05,500 [HB] PnL=0.00 | ConsecLoss=0 | Blocked=no | ATRt=5.3 | Sprd=1.0
2025-08-29 12:24:05,500 [Gate] Regime fail
2025-08-29 12:25:06,114 [HB] PnL=0.00 | ConsecLoss=0 | Blocked=no | ATRt=5.2 | Sprd=1.0
2025-08-29 12:25:06,114 [Gate] Regime fail
2025-08-29 12:26:05,907 [HB] PnL=0.00 | ConsecLoss=0 | Blocked=no | ATRt=4.9 | Sprd=1.0
2025-08-29 12:26:05,907 [Gate] Regime fail
2025-08-29 12:27:06,341 [HB] PnL=0.00 | ConsecLoss=0 | Blocked=no | ATRt=4.9 | Sprd=1.0
2025-08-29 12:27:06,342 [Gate] Regime fail
2025-08-29 12:28:05,649 [HB] PnL=0.00 | ConsecLoss=0 | Blocked=no | ATRt=4.7 | Sprd=1.0
2025-08-29 12:28:05,650 [Gate] Regime fail
2025-08-29 12:29:06,287 [HB] PnL=0.00 | ConsecLoss=0 | Blocked=no | ATRt=4.4 | Sprd=1.0
2025-08-29 12:29:06,287 [Gate] Regime fail
2025-08-29 12:30:05,786 [HB] PnL=0.00 | ConsecLoss=0 | Blocked=no | ATRt=4.4 | Sprd=1.0
2025-08-29 12:30:05,786 [Gate] Regime fail
2025-08-29 12:31:06,191 [HB] PnL=0.00 | ConsecLoss=0 | Blocked=no | ATRt=4.8 | Sprd=1.0
2025-08-29 12:31:06,192 [Gate] Regime fail
2025-08-29 12:32:05,947 [HB] PnL=0.00 | ConsecLoss=0 | Blocked=no | ATRt=5.0 | Sprd=1.0
2025-08-29 12:32:05,947 [Gate] Regime fail
2025-08-29 12:33:06,708 [HB] PnL=0.00 | ConsecLoss=0 | Blocked=no | ATRt=5.3 | Sprd=1.0
2025-08-29 12:33:06,720 [Gate] Regime fail
2025-08-29 12:34:05,364 [HB] PnL=0.00 | ConsecLoss=0 | Blocked=no | ATRt=5.0 | Sprd=1.0
2025-08-29 12:34:05,365 [Gate] Regime fail
2025-08-29 12:35:05,976 [HB] PnL=0.00 | ConsecLoss=0 | Blocked=no | ATRt=4.9 | Sprd=1.0
2025-08-29 12:35:05,976 [Gate] Regime fail
2025-08-29 12:36:05,837 [HB] PnL=0.00 | ConsecLoss=0 | Blocked=no | ATRt=4.7 | Sprd=1.0
2025-08-29 12:36:05,839 [Gate] Regime fail
2025-08-29 12:37:05,697 [HB] PnL=0.00 | ConsecLoss=0 | Blocked=no | ATRt=4.5 | Sprd=1.0
2025-08-29 12:37:05,698 [Gate] Regime fail
2025-08-29 12:38:06,445 [HB] PnL=0.00 | ConsecLoss=0 | Blocked=no | ATRt=4.6 | Sprd=1.0
2025-08-29 12:38:06,446 [Gate] Regime fail
2025-08-29 12:39:06,119 [HB] PnL=0.00 | ConsecLoss=0 | Blocked=no | ATRt=4.4 | Sprd=1.0
2025-08-29 12:39:06,120 [Gate] Regime fail
2025-08-29 12:40:05,763 [HB] PnL=0.00 | ConsecLoss=0 | Blocked=no | ATRt=4.4 | Sprd=1.0
2025-08-29 12:40:05,764 [Gate] Regime fail
2025-08-29 12:41:05,380 [HB] PnL=0.00 | ConsecLoss=0 | Blocked=no | ATRt=4.4 | Sprd=1.0
2025-08-29 12:41:05,385 [Gate] Regime fail
2025-08-29 12:42:06,088 [HB] PnL=0.00 | ConsecLoss=0 | Blocked=no | ATRt=4.4 | Sprd=1.0
2025-08-29 12:42:06,088 [Gate] Regime fail
2025-08-29 12:43:05,831 [HB] PnL=0.00 | ConsecLoss=0 | Blocked=no | ATRt=4.3 | Sprd=1.0
2025-08-29 12:43:05,835 [Gate] Regime fail
2025-08-29 12:44:06,489 [HB] PnL=0.00 | ConsecLoss=0 | Blocked=no | ATRt=4.1 | Sprd=1.0
2025-08-29 12:44:06,490 [Gate] Regime fail
2025-08-29 12:45:06,173 [HB] PnL=0.00 | ConsecLoss=0 | Blocked=no | ATRt=4.2 | Sprd=1.0
2025-08-29 12:45:06,184 [Gate] Regime fail
2025-08-29 12:46:05,838 [HB] PnL=0.00 | ConsecLoss=0 | Blocked=no | ATRt=4.6 | Sprd=1.0
2025-08-29 12:46:05,839 [Gate] Regime fail
2025-08-29 12:47:05,615 [HB] PnL=0.00 | ConsecLoss=0 | Blocked=no | ATRt=4.5 | Sprd=1.0
2025-08-29 12:47:05,616 [Gate] Regime fail
2025-08-29 12:48:05,851 [HB] PnL=0.00 | ConsecLoss=0 | Blocked=no | ATRt=4.3 | Sprd=1.0
2025-08-29 12:48:05,852 [Gate] Regime fail
2025-08-29 12:49:05,607 [HB] PnL=0.00 | ConsecLoss=0 | Blocked=no | ATRt=4.3 | Sprd=1.0
2025-08-29 12:49:05,607 [Gate] Regime fail
2025-08-29 12:50:05,548 [HB] PnL=0.00 | ConsecLoss=0 | Blocked=no | ATRt=4.2 | Sprd=1.0
2025-08-29 12:50:05,549 [Gate] Regime fail
2025-08-29 12:51:06,215 [HB] PnL=0.00 | ConsecLoss=0 | Blocked=no | ATRt=4.1 | Sprd=1.0
2025-08-29 12:51:06,216 [Gate] Regime fail
2025-08-29 12:52:05,942 [HB] PnL=0.00 | ConsecLoss=0 | Blocked=no | ATRt=4.6 | Sprd=1.0
2025-08-29 12:53:05,760 [HB] PnL=0.00 | ConsecLoss=0 | Blocked=no | ATRt=4.5 | Sprd=1.0
2025-08-29 12:54:05,428 [HB] PnL=0.00 | ConsecLoss=0 | Blocked=no | ATRt=4.6 | Sprd=1.0
2025-08-29 12:55:06,190 [HB] PnL=0.00 | ConsecLoss=0 | Blocked=no | ATRt=4.6 | Sprd=1.0
2025-08-29 12:56:06,008 [HB] PnL=0.00 | ConsecLoss=0 | Blocked=no | ATRt=4.5 | Sprd=1.0
2025-08-29 12:57:05,685 [HB] PnL=0.00 | ConsecLoss=0 | Blocked=no | ATRt=4.5 | Sprd=1.0
2025-08-29 12:58:05,551 [HB] PnL=0.00 | ConsecLoss=0 | Blocked=no | ATRt=4.7 | Sprd=1.0
2025-08-29 12:59:06,174 [HB] PnL=0.00 | ConsecLoss=0 | Blocked=no | ATRt=4.5 | Sprd=1.0
2025-08-29 13:00:05,965 [HB] PnL=0.00 | ConsecLoss=0 | Blocked=no | ATRt=4.4 | Sprd=1.0
2025-08-29 13:01:05,683 [HB] PnL=0.00 | ConsecLoss=0 | Blocked=no | ATRt=4.6 | Sprd=1.0
2025-08-29 13:01:05,683 [Gate] Regime fail
2025-08-29 13:02:05,707 [HB] PnL=0.00 | ConsecLoss=0 | Blocked=no | ATRt=4.5 | Sprd=1.0
2025-08-29 13:02:05,707 [Gate] Regime fail
2025-08-29 13:03:05,367 [HB] PnL=0.00 | ConsecLoss=0 | Blocked=no | ATRt=4.3 | Sprd=1.0
2025-08-29 13:03:05,368 [Gate] Regime fail
2025-08-29 13:04:06,057 [HB] PnL=0.00 | ConsecLoss=0 | Blocked=no | ATRt=4.1 | Sprd=1.0
2025-08-29 13:04:06,058 [Gate] Regime fail
2025-08-29 13:05:05,090 [HB] PnL=0.00 | ConsecLoss=0 | Blocked=no | ATRt=4.1 | Sprd=1.0
2025-08-29 13:05:05,095 [Gate] Regime fail
2025-08-29 13:06:06,327 [HB] PnL=0.00 | ConsecLoss=0 | Blocked=no | ATRt=4.0 | Sprd=1.0
2025-08-29 13:06:06,327 [Gate] Regime fail
2025-08-29 13:07:05,897 [HB] PnL=0.00 | ConsecLoss=0 | Blocked=no | ATRt=4.3 | Sprd=1.0
2025-08-29 13:07:05,898 [Gate] Regime fail
2025-08-29 13:08:05,695 [HB] PnL=0.00 | ConsecLoss=0 | Blocked=no | ATRt=4.0 | Sprd=1.0
2025-08-29 13:09:06,299 [HB] PnL=0.00 | ConsecLoss=0 | Blocked=no | ATRt=4.0 | Sprd=1.0
2025-08-29 13:10:06,233 [HB] PnL=0.00 | ConsecLoss=0 | Blocked=no | ATRt=3.9 | Sprd=1.0
2025-08-29 13:10:06,234 [Gate] ATRt<4.0
2025-08-29 13:11:05,698 [HB] PnL=0.00 | ConsecLoss=0 | Blocked=no | ATRt=3.7 | Sprd=1.0
2025-08-29 13:11:05,700 [Gate] ATRt<4.0
2025-08-29 13:12:07,018 [HB] PnL=0.00 | ConsecLoss=0 | Blocked=no | ATRt=3.7 | Sprd=1.0
2025-08-29 13:12:07,022 [Gate] ATRt<4.0
2025-08-29 13:13:06,168 [HB] PnL=0.00 | ConsecLoss=0 | Blocked=no | ATRt=3.9 | Sprd=1.0
2025-08-29 13:13:06,169 [Gate] Regime fail
2025-08-29 13:14:05,515 [HB] PnL=0.00 | ConsecLoss=0 | Blocked=no | ATRt=3.8 | Sprd=1.0
2025-08-29 13:14:05,516 [Gate] Regime fail
2025-08-29 13:15:05,826 [HB] PnL=0.00 | ConsecLoss=0 | Blocked=no | ATRt=3.7 | Sprd=1.0
2025-08-29 13:15:05,826 [Gate] Regime fail
2025-08-29 13:16:05,793 [HB] PnL=0.00 | ConsecLoss=0 | Blocked=no | ATRt=3.6 | Sprd=1.0
2025-08-29 13:16:05,793 [Gate] Regime fail
2025-08-29 13:17:06,255 [HB] PnL=0.00 | ConsecLoss=0 | Blocked=no | ATRt=3.6 | Sprd=1.0
2025-08-29 13:17:06,261 [Gate] Regime fail
2025-08-29 13:18:05,284 [HB] PnL=0.00 | ConsecLoss=0 | Blocked=no | ATRt=3.6 | Sprd=1.0
2025-08-29 13:18:05,284 [Gate] Regime fail
2025-08-29 13:19:06,208 [HB] PnL=0.00 | ConsecLoss=0 | Blocked=no | ATRt=3.4 | Sprd=1.0
2025-08-29 13:19:06,209 [Gate] Regime fail
2025-08-29 13:20:06,099 [HB] PnL=0.00 | ConsecLoss=0 | Blocked=no | ATRt=3.3 | Sprd=1.0
2025-08-29 13:20:06,100 [Gate] Regime fail
2025-08-29 13:21:05,672 [HB] PnL=0.00 | ConsecLoss=0 | Blocked=no | ATRt=3.9 | Sprd=1.0
2025-08-29 13:21:05,675 [Gate] Regime fail
2025-08-29 13:22:05,261 [HB] PnL=0.00 | ConsecLoss=0 | Blocked=no | ATRt=3.9 | Sprd=1.0
2025-08-29 13:22:05,262 [Gate] Regime fail
2025-08-29 13:23:05,876 [HB] PnL=0.00 | ConsecLoss=0 | Blocked=no | ATRt=3.7 | Sprd=1.0
2025-08-29 13:23:05,877 [Gate] Regime fail
2025-08-29 13:24:06,461 [HB] PnL=0.00 | ConsecLoss=0 | Blocked=no | ATRt=4.0 | Sprd=1.0
2025-08-29 13:24:06,462 [Gate] Regime fail
2025-08-29 13:25:05,996 [HB] PnL=0.00 | ConsecLoss=0 | Blocked=no | ATRt=4.0 | Sprd=1.0
2025-08-29 13:25:05,996 [Gate] Regime fail
2025-08-29 13:26:05,592 [HB] PnL=0.00 | ConsecLoss=0 | Blocked=no | ATRt=4.1 | Sprd=1.0
2025-08-29 13:26:05,593 [Gate] Regime fail
2025-08-29 13:27:06,405 [HB] PnL=0.00 | ConsecLoss=0 | Blocked=no | ATRt=4.2 | Sprd=1.0
2025-08-29 13:27:06,406 [Gate] Regime fail
2025-08-29 13:28:06,102 [HB] PnL=0.00 | ConsecLoss=0 | Blocked=no | ATRt=4.0 | Sprd=1.0
2025-08-29 13:28:06,103 [Gate] Regime fail
2025-08-29 13:29:05,862 [HB] PnL=0.00 | ConsecLoss=0 | Blocked=no | ATRt=3.9 | Sprd=1.0
2025-08-29 13:29:05,867 [Gate] Regime fail
2025-08-29 13:30:05,476 [HB] PnL=0.00 | ConsecLoss=0 | Blocked=no | ATRt=3.8 | Sprd=1.0
2025-08-29 13:30:05,477 [Gate] Regime fail
2025-08-29 13:31:05,976 [HB] PnL=0.00 | ConsecLoss=0 | Blocked=no | ATRt=4.1 | Sprd=1.0
2025-08-29 13:31:05,976 [Gate] Regime fail
2025-08-29 13:32:06,676 [HB] PnL=0.00 | ConsecLoss=0 | Blocked=no | ATRt=4.0 | Sprd=1.0
2025-08-29 13:32:06,676 [Gate] Regime fail
2025-08-29 13:33:06,146 [HB] PnL=0.00 | ConsecLoss=0 | Blocked=no | ATRt=4.0 | Sprd=1.0
2025-08-29 13:33:06,147 [Gate] Regime fail
2025-08-29 13:34:06,708 [HB] PnL=0.00 | ConsecLoss=0 | Blocked=no | ATRt=3.7 | Sprd=1.0
2025-08-29 13:34:06,709 [Gate] Regime fail
2025-08-29 13:35:06,149 [HB] PnL=0.00 | ConsecLoss=0 | Blocked=no | ATRt=3.6 | Sprd=1.0
2025-08-29 13:35:06,149 [Gate] Regime fail
2025-08-29 13:36:06,592 [HB] PnL=0.00 | ConsecLoss=0 | Blocked=no | ATRt=3.6 | Sprd=1.0
2025-08-29 13:36:06,598 [Gate] Regime fail
2025-08-29 13:37:06,093 [HB] PnL=0.00 | ConsecLoss=0 | Blocked=no | ATRt=3.6 | Sprd=1.0
2025-08-29 13:37:06,094 [Gate] Regime fail
2025-08-29 13:38:06,503 [HB] PnL=0.00 | ConsecLoss=0 | Blocked=no | ATRt=3.4 | Sprd=1.0
2025-08-29 13:38:06,504 [Gate] Regime fail
2025-08-29 13:39:05,999 [HB] PnL=0.00 | ConsecLoss=0 | Blocked=no | ATRt=3.5 | Sprd=1.0
2025-08-29 13:39:06,001 [Gate] Regime fail
2025-08-29 13:40:06,595 [HB] PnL=0.00 | ConsecLoss=0 | Blocked=no | ATRt=3.5 | Sprd=1.0
2025-08-29 13:40:06,596 [Gate] Regime fail
2025-08-29 13:41:06,018 [HB] PnL=0.00 | ConsecLoss=0 | Blocked=no | ATRt=3.5 | Sprd=1.0
2025-08-29 13:41:06,019 [Gate] Regime fail
2025-08-29 13:42:06,571 [HB] PnL=0.00 | ConsecLoss=0 | Blocked=no | ATRt=3.4 | Sprd=1.0
2025-08-29 13:42:06,571 [Gate] Regime fail
2025-08-29 13:43:06,060 [HB] PnL=0.00 | ConsecLoss=0 | Blocked=no | ATRt=3.7 | Sprd=1.0
2025-08-29 13:43:06,064 [Gate] Regime fail
2025-08-29 13:44:06,651 [HB] PnL=0.00 | ConsecLoss=0 | Blocked=no | ATRt=3.4 | Sprd=1.0
2025-08-29 13:44:06,651 [Gate] Regime fail
2025-08-29 13:45:06,085 [HB] PnL=0.00 | ConsecLoss=0 | Blocked=no | ATRt=3.5 | Sprd=1.0
2025-08-29 13:45:06,086 [Gate] Regime fail
2025-08-29 13:46:06,579 [HB] PnL=0.00 | ConsecLoss=0 | Blocked=no | ATRt=3.6 | Sprd=1.0
2025-08-29 13:46:06,580 [Gate] Regime fail
2025-08-29 13:47:06,243 [HB] PnL=0.00 | ConsecLoss=0 | Blocked=no | ATRt=3.5 | Sprd=1.0
2025-08-29 13:47:06,243 [Gate] Regime fail
2025-08-29 13:48:06,823 [HB] PnL=0.00 | ConsecLoss=0 | Blocked=no | ATRt=3.6 | Sprd=1.0
2025-08-29 13:48:06,824 [Gate] Regime fail
2025-08-29 13:49:01,153 [WARN] Disconnected — pausing new entries.
2025-08-29 13:49:01,154 [LIVE] reqHistoricalData 180 S failed (Socket disconnect); retry in 1s
2025-08-29 13:49:02,156 [LIVE] reqHistoricalData 180 S failed (Not connected); retry in 1s
2025-08-29 13:49:03,157 [LIVE] reqHistoricalData 180 S failed (Not connected); retry in 1s
