[SUP] 2025-09-09 14:26:41 paper_trader.py supports persistence flags — enabling persistent learning.
[SUP] 2025-09-09 14:26:41 Supervisor started (24x5 + 08:15 CT daily restart).
[SUP] 2025-09-09 14:26:41 Workdir=C:\Users\owner\Desktop\es_futures_backtester
[SUP] 2025-09-09 14:26:41 Python=C:\Users\owner\AppData\Local\Programs\Python\Python313\python.exe
[SUP] 2025-09-09 14:26:42 AUTOROLL: FRONT ESU5 (exp 2025-09-19, dte=10) conId=637533641.
[SUP] 2025-09-09 14:26:42 Script=paper_trader.py ARGS=--host 127.0.0.1 --port 7497 --clientId 19 --conId 637533641 --tp-ladder 1.0R:50,2.0R:50 --no-confirm --place-orders --debug-regime --persist-chooser --chooser-model-path C:\Users\owner\Desktop\es_futures_backtester\models\linucb_state.json
[HB] 2025-09-09 14:26:42 CDT child=RUNNING
[HB] 2025-09-09 14:26:57 CDT child=RUNNING
[HB] 2025-09-09 14:27:12 CDT child=RUNNING
[HB] 2025-09-09 14:27:27 CDT child=RUNNING
[HB] 2025-09-09 14:27:42 CDT child=RUNNING
[HB] 2025-09-09 14:27:57 CDT child=RUNNING
[HB] 2025-09-09 14:28:12 CDT child=RUNNING
[HB] 2025-09-09 14:28:27 CDT child=RUNNING
[HB] 2025-09-09 14:28:42 CDT child=RUNNING
[HB] 2025-09-09 14:28:57 CDT child=RUNNING
[HB] 2025-09-09 14:29:12 CDT child=RUNNING
[HB] 2025-09-09 14:29:27 CDT child=RUNNING
[HB] 2025-09-09 14:29:42 CDT child=RUNNING
[HB] 2025-09-09 14:29:57 CDT child=RUNNING
[HB] 2025-09-09 14:30:12 CDT child=RUNNING
[HB] 2025-09-09 14:30:27 CDT child=RUNNING
[HB] 2025-09-09 14:30:42 CDT child=RUNNING
[HB] 2025-09-09 14:30:57 CDT child=RUNNING
[HB] 2025-09-09 14:31:12 CDT child=RUNNING
[HB] 2025-09-09 14:31:27 CDT child=RUNNING
[HB] 2025-09-09 14:31:42 CDT child=RUNNING
[HB] 2025-09-09 14:31:57 CDT child=RUNNING
[HB] 2025-09-09 14:32:12 CDT child=RUNNING
[HB] 2025-09-09 14:32:27 CDT child=RUNNING
[HB] 2025-09-09 14:32:42 CDT child=RUNNING
[HB] 2025-09-09 14:32:57 CDT child=RUNNING
[HB] 2025-09-09 14:33:12 CDT child=RUNNING
[HB] 2025-09-09 14:33:28 CDT child=RUNNING
[HB] 2025-09-09 14:33:43 CDT child=RUNNING
[HB] 2025-09-09 14:33:58 CDT child=RUNNING
[HB] 2025-09-09 14:34:13 CDT child=RUNNING
[HB] 2025-09-09 14:34:28 CDT child=RUNNING
[HB] 2025-09-09 14:34:43 CDT child=RUNNING
[HB] 2025-09-09 14:34:58 CDT child=RUNNING
[HB] 2025-09-09 14:35:13 CDT child=RUNNING
[HB] 2025-09-09 14:35:28 CDT child=RUNNING
[HB] 2025-09-09 14:35:43 CDT child=RUNNING
[HB] 2025-09-09 14:35:58 CDT child=RUNNING
[HB] 2025-09-09 14:36:13 CDT child=RUNNING
[HB] 2025-09-09 14:36:28 CDT child=RUNNING
[HB] 2025-09-09 14:36:43 CDT child=RUNNING
[HB] 2025-09-09 14:36:58 CDT child=RUNNING
[HB] 2025-09-09 14:37:13 CDT child=RUNNING
[HB] 2025-09-09 14:37:28 CDT child=RUNNING
[HB] 2025-09-09 14:37:43 CDT child=RUNNING
[HB] 2025-09-09 14:37:58 CDT child=RUNNING
[HB] 2025-09-09 14:38:13 CDT child=RUNNING
[HB] 2025-09-09 14:38:28 CDT child=RUNNING
[HB] 2025-09-09 14:38:43 CDT child=RUNNING
[HB] 2025-09-09 14:38:58 CDT child=RUNNING
[HB] 2025-09-09 14:39:13 CDT child=RUNNING
[HB] 2025-09-09 14:39:28 CDT child=RUNNING
[HB] 2025-09-09 14:39:43 CDT child=RUNNING
[HB] 2025-09-09 14:39:58 CDT child=RUNNING
[HB] 2025-09-09 14:40:13 CDT child=RUNNING
[HB] 2025-09-09 14:40:28 CDT child=RUNNING
[HB] 2025-09-09 14:40:43 CDT child=RUNNING
[HB] 2025-09-09 14:40:58 CDT child=RUNNING
[HB] 2025-09-09 14:41:13 CDT child=RUNNING
[HB] 2025-09-09 14:41:28 CDT child=RUNNING
[HB] 2025-09-09 14:41:43 CDT child=RUNNING
[HB] 2025-09-09 14:41:58 CDT child=RUNNING
[HB] 2025-09-09 14:42:14 CDT child=RUNNING
[HB] 2025-09-09 14:42:29 CDT child=RUNNING
[HB] 2025-09-09 14:42:44 CDT child=RUNNING
[HB] 2025-09-09 14:42:59 CDT child=RUNNING
[HB] 2025-09-09 14:43:14 CDT child=RUNNING
[HB] 2025-09-09 14:43:29 CDT child=RUNNING
[HB] 2025-09-09 14:43:44 CDT child=RUNNING
[HB] 2025-09-09 14:43:59 CDT child=RUNNING
[HB] 2025-09-09 14:44:14 CDT child=RUNNING
[HB] 2025-09-09 14:44:29 CDT child=RUNNING
[HB] 2025-09-09 14:44:44 CDT child=RUNNING
[HB] 2025-09-09 14:44:59 CDT child=RUNNING
[HB] 2025-09-09 14:45:14 CDT child=RUNNING
[SUP] 2025-09-09 14:45:29 paper_trader.py supports persistence flags — enabling persistent learning.
[SUP] 2025-09-09 14:45:29 Supervisor started (24x5 + 08:15 CT daily restart).
[SUP] 2025-09-09 14:45:29 Workdir=C:\Users\owner\Desktop\es_futures_backtester
[SUP] 2025-09-09 14:45:29 Python=C:\Users\owner\AppData\Local\Programs\Python\Python313\python.exe
[SUP] 2025-09-09 14:45:29 AUTOROLL: FRONT ESU5 (exp 2025-09-19, dte=10) conId=637533641.
[SUP] 2025-09-09 14:45:29 Script=paper_trader.py ARGS=--host 127.0.0.1 --port 7497 --clientId 19 --conId 637533641 --tp-ladder 1.0R:50,2.0R:50 --no-confirm --place-orders --debug-regime --persist-chooser --chooser-model-path C:\Users\owner\Desktop\es_futures_backtester\models\linucb_state.json
[HB] 2025-09-09 14:45:29 CDT child=RUNNING
[HB] 2025-09-09 14:45:44 CDT child=RUNNING
[HB] 2025-09-09 14:45:59 CDT child=RUNNING
[HB] 2025-09-09 14:46:14 CDT child=RUNNING
[HB] 2025-09-09 14:46:29 CDT child=RUNNING
[HB] 2025-09-09 14:46:44 CDT child=RUNNING
[HB] 2025-09-09 14:46:59 CDT child=RUNNING
[HB] 2025-09-09 14:47:14 CDT child=RUNNING
[HB] 2025-09-09 14:47:29 CDT child=RUNNING
[HB] 2025-09-09 14:47:44 CDT child=RUNNING
[HB] 2025-09-09 14:47:59 CDT child=RUNNING
[HB] 2025-09-09 14:48:14 CDT child=RUNNING
[HB] 2025-09-09 14:48:29 CDT child=RUNNING
[HB] 2025-09-09 14:48:44 CDT child=RUNNING
[HB] 2025-09-09 14:48:59 CDT child=RUNNING
[HB] 2025-09-09 14:49:15 CDT child=RUNNING
[HB] 2025-09-09 14:49:30 CDT child=RUNNING
[HB] 2025-09-09 14:49:45 CDT child=RUNNING
[HB] 2025-09-09 14:50:00 CDT child=RUNNING
[HB] 2025-09-09 14:50:15 CDT child=RUNNING
[HB] 2025-09-09 14:50:30 CDT child=RUNNING
[HB] 2025-09-09 14:50:45 CDT child=RUNNING
[HB] 2025-09-09 14:51:00 CDT child=RUNNING
[HB] 2025-09-09 14:51:15 CDT child=RUNNING
[HB] 2025-09-09 14:51:30 CDT child=RUNNING
[HB] 2025-09-09 14:51:45 CDT child=RUNNING
[HB] 2025-09-09 14:52:00 CDT child=RUNNING
[HB] 2025-09-09 14:52:15 CDT child=RUNNING
[HB] 2025-09-09 14:52:30 CDT child=RUNNING
[HB] 2025-09-09 14:52:45 CDT child=RUNNING
[HB] 2025-09-09 14:53:00 CDT child=RUNNING
[HB] 2025-09-09 14:53:15 CDT child=RUNNING
[HB] 2025-09-09 14:53:30 CDT child=RUNNING
[HB] 2025-09-09 14:53:45 CDT child=RUNNING
[HB] 2025-09-09 14:54:00 CDT child=RUNNING
[HB] 2025-09-09 14:54:15 CDT child=RUNNING
[HB] 2025-09-09 14:54:30 CDT child=RUNNING
[HB] 2025-09-09 14:54:45 CDT child=RUNNING
[HB] 2025-09-09 14:55:00 CDT child=RUNNING
[HB] 2025-09-09 14:55:15 CDT child=RUNNING
[HB] 2025-09-09 14:55:30 CDT child=RUNNING
[HB] 2025-09-09 14:55:45 CDT child=RUNNING
[HB] 2025-09-09 14:56:00 CDT child=RUNNING
[HB] 2025-09-09 14:56:15 CDT child=RUNNING
[HB] 2025-09-09 14:56:30 CDT child=RUNNING
[HB] 2025-09-09 14:56:45 CDT child=RUNNING
[HB] 2025-09-09 14:57:00 CDT child=RUNNING
[HB] 2025-09-09 14:57:15 CDT child=RUNNING
[HB] 2025-09-09 14:57:30 CDT child=RUNNING
[HB] 2025-09-09 14:57:45 CDT child=RUNNING
[HB] 2025-09-09 14:58:00 CDT child=RUNNING
[HB] 2025-09-09 14:58:15 CDT child=RUNNING
[HB] 2025-09-09 14:58:30 CDT child=RUNNING
[HB] 2025-09-09 14:58:45 CDT child=RUNNING
[HB] 2025-09-09 14:59:00 CDT child=RUNNING
[HB] 2025-09-09 14:59:15 CDT child=RUNNING
[HB] 2025-09-09 14:59:30 CDT child=RUNNING
[HB] 2025-09-09 14:59:45 CDT child=RUNNING
[HB] 2025-09-09 15:00:00 CDT child=RUNNING
[HB] 2025-09-09 15:00:15 CDT child=RUNNING
[HB] 2025-09-09 15:00:30 CDT child=RUNNING
[HB] 2025-09-09 15:00:45 CDT child=RUNNING
[HB] 2025-09-09 15:01:00 CDT child=RUNNING
[HB] 2025-09-09 15:01:15 CDT child=RUNNING
[HB] 2025-09-09 15:01:30 CDT child=RUNNING
[HB] 2025-09-09 15:01:45 CDT child=RUNNING
[HB] 2025-09-09 15:02:00 CDT child=RUNNING
[HB] 2025-09-09 15:02:15 CDT child=RUNNING
[HB] 2025-09-09 15:02:30 CDT child=RUNNING
[HB] 2025-09-09 15:02:45 CDT child=RUNNING
[HB] 2025-09-09 15:03:00 CDT child=RUNNING
[HB] 2025-09-09 15:03:15 CDT child=RUNNING
[HB] 2025-09-09 15:03:30 CDT child=RUNNING
[HB] 2025-09-09 15:03:45 CDT child=RUNNING
[HB] 2025-09-09 15:04:00 CDT child=RUNNING
[HB] 2025-09-09 15:04:15 CDT child=RUNNING
[HB] 2025-09-09 15:04:30 CDT child=RUNNING
[HB] 2025-09-09 15:04:45 CDT child=RUNNING
[HB] 2025-09-09 15:05:00 CDT child=RUNNING
[HB] 2025-09-09 15:05:15 CDT child=RUNNING
[HB] 2025-09-09 15:05:30 CDT child=RUNNING
[HB] 2025-09-09 15:05:45 CDT child=RUNNING
[HB] 2025-09-09 15:06:00 CDT child=RUNNING
[HB] 2025-09-09 15:06:15 CDT child=RUNNING
[HB] 2025-09-09 15:06:30 CDT child=RUNNING
[HB] 2025-09-09 15:06:45 CDT child=RUNNING
[HB] 2025-09-09 15:07:00 CDT child=RUNNING
[HB] 2025-09-09 15:07:15 CDT child=RUNNING
[HB] 2025-09-09 15:07:30 CDT child=RUNNING
[HB] 2025-09-09 15:07:45 CDT child=RUNNING
[HB] 2025-09-09 15:08:00 CDT child=RUNNING
[HB] 2025-09-09 15:08:15 CDT child=RUNNING
[HB] 2025-09-09 15:08:30 CDT child=RUNNING
[HB] 2025-09-09 15:08:45 CDT child=RUNNING
[HB] 2025-09-09 15:09:00 CDT child=RUNNING
[HB] 2025-09-09 15:09:15 CDT child=RUNNING
[HB] 2025-09-09 15:09:30 CDT child=RUNNING
[HB] 2025-09-09 15:09:46 CDT child=RUNNING
[HB] 2025-09-09 15:10:01 CDT child=RUNNING
[HB] 2025-09-09 15:10:16 CDT child=RUNNING
[HB] 2025-09-09 15:10:31 CDT child=RUNNING
[HB] 2025-09-09 15:10:46 CDT child=RUNNING
[HB] 2025-09-09 15:11:01 CDT child=RUNNING
[HB] 2025-09-09 15:11:16 CDT child=RUNNING
[HB] 2025-09-09 15:11:31 CDT child=RUNNING
[HB] 2025-09-09 15:11:46 CDT child=RUNNING
[HB] 2025-09-09 15:12:01 CDT child=RUNNING
[HB] 2025-09-09 15:12:16 CDT child=RUNNING
[HB] 2025-09-09 15:12:31 CDT child=RUNNING
[HB] 2025-09-09 15:12:46 CDT child=RUNNING
[HB] 2025-09-09 15:13:01 CDT child=RUNNING
[HB] 2025-09-09 15:13:16 CDT child=RUNNING
[HB] 2025-09-09 15:13:31 CDT child=RUNNING
[HB] 2025-09-09 15:13:46 CDT child=RUNNING
[HB] 2025-09-09 15:14:01 CDT child=RUNNING
[HB] 2025-09-09 15:14:16 CDT child=RUNNING
[HB] 2025-09-09 15:14:31 CDT child=RUNNING
[HB] 2025-09-09 15:14:46 CDT child=RUNNING
[HB] 2025-09-09 15:15:01 CDT child=RUNNING
[HB] 2025-09-09 15:15:16 CDT child=RUNNING
[HB] 2025-09-09 15:15:31 CDT child=RUNNING
[HB] 2025-09-09 15:15:46 CDT child=RUNNING
[HB] 2025-09-09 15:16:01 CDT child=RUNNING
[HB] 2025-09-09 15:16:16 CDT child=RUNNING
[HB] 2025-09-09 15:16:31 CDT child=RUNNING
[HB] 2025-09-09 15:16:46 CDT child=RUNNING
[HB] 2025-09-09 15:17:01 CDT child=RUNNING
[HB] 2025-09-09 15:17:16 CDT child=RUNNING
[HB] 2025-09-09 15:17:31 CDT child=RUNNING
[HB] 2025-09-09 15:17:46 CDT child=RUNNING
[HB] 2025-09-09 15:18:01 CDT child=RUNNING
[HB] 2025-09-09 15:18:16 CDT child=RUNNING
[HB] 2025-09-09 15:18:31 CDT child=RUNNING
[HB] 2025-09-09 15:18:46 CDT child=RUNNING
[HB] 2025-09-09 15:19:01 CDT child=RUNNING
[HB] 2025-09-09 15:19:16 CDT child=RUNNING
[HB] 2025-09-09 15:19:31 CDT child=RUNNING
[HB] 2025-09-09 15:19:46 CDT child=RUNNING
[HB] 2025-09-09 15:20:01 CDT child=RUNNING
[HB] 2025-09-09 15:20:16 CDT child=RUNNING
[HB] 2025-09-09 15:20:31 CDT child=RUNNING
[HB] 2025-09-09 15:20:46 CDT child=RUNNING
[HB] 2025-09-09 15:21:01 CDT child=RUNNING
[HB] 2025-09-09 15:21:16 CDT child=RUNNING
[HB] 2025-09-09 15:21:31 CDT child=RUNNING
[HB] 2025-09-09 15:21:46 CDT child=RUNNING
[HB] 2025-09-09 15:22:01 CDT child=RUNNING
[HB] 2025-09-09 15:22:16 CDT child=RUNNING
[HB] 2025-09-09 15:22:31 CDT child=RUNNING
[HB] 2025-09-09 15:22:46 CDT child=RUNNING
[HB] 2025-09-09 15:23:01 CDT child=RUNNING
[HB] 2025-09-09 15:23:16 CDT child=RUNNING
[HB] 2025-09-09 15:23:31 CDT child=RUNNING
[HB] 2025-09-09 15:23:46 CDT child=RUNNING
[HB] 2025-09-09 15:24:01 CDT child=RUNNING
[HB] 2025-09-09 15:24:16 CDT child=RUNNING
[HB] 2025-09-09 15:24:31 CDT child=RUNNING
[HB] 2025-09-09 15:24:46 CDT child=RUNNING
[HB] 2025-09-09 15:25:01 CDT child=RUNNING
[HB] 2025-09-09 15:25:16 CDT child=RUNNING
[HB] 2025-09-09 15:25:31 CDT child=RUNNING
[HB] 2025-09-09 15:25:46 CDT child=RUNNING
[HB] 2025-09-09 15:26:01 CDT child=RUNNING
[HB] 2025-09-09 15:26:16 CDT child=RUNNING
[HB] 2025-09-09 15:26:31 CDT child=RUNNING
[HB] 2025-09-09 15:26:46 CDT child=RUNNING
[HB] 2025-09-09 15:27:01 CDT child=RUNNING
[HB] 2025-09-09 15:27:16 CDT child=RUNNING
[HB] 2025-09-09 15:27:31 CDT child=RUNNING
[HB] 2025-09-09 15:27:46 CDT child=RUNNING
[HB] 2025-09-09 15:28:02 CDT child=RUNNING
[HB] 2025-09-09 15:28:17 CDT child=RUNNING
[HB] 2025-09-09 15:28:32 CDT child=RUNNING
[HB] 2025-09-09 15:28:47 CDT child=RUNNING
[HB] 2025-09-09 15:29:02 CDT child=RUNNING
[HB] 2025-09-09 15:29:17 CDT child=RUNNING
[HB] 2025-09-09 15:29:32 CDT child=RUNNING
[HB] 2025-09-09 15:29:47 CDT child=RUNNING
[HB] 2025-09-09 15:30:02 CDT child=RUNNING
[HB] 2025-09-09 15:30:17 CDT child=RUNNING
[HB] 2025-09-09 15:30:32 CDT child=RUNNING
[HB] 2025-09-09 15:30:47 CDT child=RUNNING
[HB] 2025-09-09 15:31:02 CDT child=RUNNING
[HB] 2025-09-09 15:31:17 CDT child=RUNNING
[HB] 2025-09-09 15:31:32 CDT child=RUNNING
[HB] 2025-09-09 15:31:47 CDT child=RUNNING
[HB] 2025-09-09 15:32:02 CDT child=RUNNING
[HB] 2025-09-09 15:32:17 CDT child=RUNNING
[HB] 2025-09-09 15:32:32 CDT child=RUNNING
[HB] 2025-09-09 15:32:47 CDT child=RUNNING
[HB] 2025-09-09 15:33:02 CDT child=RUNNING
[HB] 2025-09-09 15:33:17 CDT child=RUNNING
[HB] 2025-09-09 15:33:32 CDT child=RUNNING
[HB] 2025-09-09 15:33:47 CDT child=RUNNING
[HB] 2025-09-09 15:34:02 CDT child=RUNNING
[HB] 2025-09-09 15:34:17 CDT child=RUNNING
[HB] 2025-09-09 15:34:32 CDT child=RUNNING
[HB] 2025-09-09 15:34:47 CDT child=RUNNING
[HB] 2025-09-09 15:35:02 CDT child=RUNNING
[HB] 2025-09-09 15:35:17 CDT child=RUNNING
[HB] 2025-09-09 15:35:32 CDT child=RUNNING
[HB] 2025-09-09 15:35:47 CDT child=RUNNING
[HB] 2025-09-09 15:36:02 CDT child=RUNNING
[HB] 2025-09-09 15:36:17 CDT child=RUNNING
[HB] 2025-09-09 15:36:32 CDT child=RUNNING
[HB] 2025-09-09 15:36:47 CDT child=RUNNING
[HB] 2025-09-09 15:37:02 CDT child=RUNNING
[HB] 2025-09-09 15:37:17 CDT child=RUNNING
[HB] 2025-09-09 15:37:32 CDT child=RUNNING
[HB] 2025-09-09 15:37:47 CDT child=RUNNING
[HB] 2025-09-09 15:38:02 CDT child=RUNNING
[HB] 2025-09-09 15:38:17 CDT child=RUNNING
[HB] 2025-09-09 15:38:32 CDT child=RUNNING
[HB] 2025-09-09 15:38:47 CDT child=RUNNING
[HB] 2025-09-09 15:39:02 CDT child=RUNNING
[HB] 2025-09-09 15:39:17 CDT child=RUNNING
[HB] 2025-09-09 15:39:32 CDT child=RUNNING
[HB] 2025-09-09 15:39:47 CDT child=RUNNING
[HB] 2025-09-09 15:40:02 CDT child=RUNNING
[HB] 2025-09-09 15:40:17 CDT child=RUNNING
[HB] 2025-09-09 15:40:32 CDT child=RUNNING
[HB] 2025-09-09 15:40:47 CDT child=RUNNING
[HB] 2025-09-09 15:41:02 CDT child=RUNNING
[HB] 2025-09-09 15:41:17 CDT child=RUNNING
[HB] 2025-09-09 15:41:32 CDT child=RUNNING
[HB] 2025-09-09 15:41:47 CDT child=RUNNING
[HB] 2025-09-09 15:42:02 CDT child=RUNNING
[HB] 2025-09-09 15:42:17 CDT child=RUNNING
[HB] 2025-09-09 15:42:32 CDT child=RUNNING
[HB] 2025-09-09 15:42:47 CDT child=RUNNING
[HB] 2025-09-09 15:43:02 CDT child=RUNNING
[HB] 2025-09-09 15:43:17 CDT child=RUNNING
[HB] 2025-09-09 15:43:32 CDT child=RUNNING
[HB] 2025-09-09 15:43:47 CDT child=RUNNING
[HB] 2025-09-09 15:44:02 CDT child=RUNNING
[HB] 2025-09-09 15:44:17 CDT child=RUNNING
[HB] 2025-09-09 15:44:32 CDT child=RUNNING
[HB] 2025-09-09 15:44:47 CDT child=RUNNING
[HB] 2025-09-09 15:45:02 CDT child=RUNNING
[HB] 2025-09-09 15:45:17 CDT child=RUNNING
[HB] 2025-09-09 15:45:33 CDT child=RUNNING
[HB] 2025-09-09 15:45:48 CDT child=RUNNING
[HB] 2025-09-09 15:46:03 CDT child=RUNNING
[HB] 2025-09-09 15:46:18 CDT child=RUNNING
[HB] 2025-09-09 15:46:33 CDT child=RUNNING
[HB] 2025-09-09 15:46:48 CDT child=RUNNING
[HB] 2025-09-09 15:47:03 CDT child=RUNNING
[HB] 2025-09-09 15:47:18 CDT child=RUNNING
[HB] 2025-09-09 15:47:33 CDT child=RUNNING
[HB] 2025-09-09 15:47:48 CDT child=RUNNING
[HB] 2025-09-09 15:48:03 CDT child=RUNNING
[HB] 2025-09-09 15:48:18 CDT child=RUNNING
[HB] 2025-09-09 15:48:33 CDT child=RUNNING
[HB] 2025-09-09 15:48:48 CDT child=RUNNING
[HB] 2025-09-09 15:49:03 CDT child=RUNNING
[HB] 2025-09-09 15:49:18 CDT child=RUNNING
[HB] 2025-09-09 15:49:33 CDT child=RUNNING
[HB] 2025-09-09 15:49:48 CDT child=RUNNING
[HB] 2025-09-09 15:50:03 CDT child=RUNNING
[HB] 2025-09-09 15:50:18 CDT child=RUNNING
[HB] 2025-09-09 15:50:33 CDT child=RUNNING
[HB] 2025-09-09 15:50:48 CDT child=RUNNING
[HB] 2025-09-09 15:51:03 CDT child=RUNNING
[HB] 2025-09-09 15:51:18 CDT child=RUNNING
[HB] 2025-09-09 15:51:33 CDT child=RUNNING
[HB] 2025-09-09 15:51:48 CDT child=RUNNING
[HB] 2025-09-09 15:52:03 CDT child=RUNNING
[HB] 2025-09-09 15:52:18 CDT child=RUNNING
[HB] 2025-09-09 15:52:33 CDT child=RUNNING
[HB] 2025-09-09 15:52:48 CDT child=RUNNING
[HB] 2025-09-09 15:53:03 CDT child=RUNNING
[HB] 2025-09-09 15:53:18 CDT child=RUNNING
[HB] 2025-09-09 15:53:33 CDT child=RUNNING
[HB] 2025-09-09 15:53:48 CDT child=RUNNING
[HB] 2025-09-09 15:54:03 CDT child=RUNNING
[HB] 2025-09-09 15:54:18 CDT child=RUNNING
[HB] 2025-09-09 15:54:33 CDT child=RUNNING
[HB] 2025-09-09 15:54:48 CDT child=RUNNING
[HB] 2025-09-09 15:55:03 CDT child=RUNNING
[HB] 2025-09-09 15:55:18 CDT child=RUNNING
[HB] 2025-09-09 15:55:33 CDT child=RUNNING
[HB] 2025-09-09 15:55:48 CDT child=RUNNING
[HB] 2025-09-09 15:56:03 CDT child=RUNNING
[HB] 2025-09-09 15:56:18 CDT child=RUNNING
[HB] 2025-09-09 15:56:33 CDT child=RUNNING
[HB] 2025-09-09 15:56:48 CDT child=RUNNING
[HB] 2025-09-09 15:57:03 CDT child=RUNNING
[HB] 2025-09-09 15:57:18 CDT child=RUNNING
[HB] 2025-09-09 15:57:33 CDT child=RUNNING
[HB] 2025-09-09 15:57:48 CDT child=RUNNING
[HB] 2025-09-09 15:58:03 CDT child=RUNNING
[HB] 2025-09-09 15:58:18 CDT child=RUNNING
[HB] 2025-09-09 15:58:33 CDT child=RUNNING
[HB] 2025-09-09 15:58:48 CDT child=RUNNING
[HB] 2025-09-09 15:59:03 CDT child=RUNNING
[HB] 2025-09-09 15:59:18 CDT child=RUNNING
[HB] 2025-09-09 15:59:33 CDT child=RUNNING
[HB] 2025-09-09 15:59:48 CDT child=RUNNING
[HB] 2025-09-09 16:00:03 CDT child=RUNNING
[HB] 2025-09-09 16:00:18 CDT child=RUNNING
[HB] 2025-09-09 16:00:33 CDT child=RUNNING
[HB] 2025-09-09 16:00:48 CDT child=RUNNING
[HB] 2025-09-09 16:01:03 CDT child=RUNNING
[HB] 2025-09-09 16:01:18 CDT child=RUNNING
[HB] 2025-09-09 16:01:33 CDT child=RUNNING
[HB] 2025-09-09 16:01:48 CDT child=RUNNING
[HB] 2025-09-09 16:02:03 CDT child=RUNNING
[HB] 2025-09-09 16:02:18 CDT child=RUNNING
[HB] 2025-09-09 16:02:33 CDT child=RUNNING
[HB] 2025-09-09 16:02:48 CDT child=RUNNING
[HB] 2025-09-09 16:03:03 CDT child=RUNNING
[HB] 2025-09-09 16:03:18 CDT child=RUNNING
[HB] 2025-09-09 16:03:33 CDT child=RUNNING
[HB] 2025-09-09 16:03:48 CDT child=RUNNING
[HB] 2025-09-09 16:04:03 CDT child=RUNNING
[HB] 2025-09-09 16:04:18 CDT child=RUNNING
[HB] 2025-09-09 16:04:33 CDT child=RUNNING
[HB] 2025-09-09 16:04:48 CDT child=RUNNING
[HB] 2025-09-09 16:05:03 CDT child=RUNNING
[HB] 2025-09-09 16:05:18 CDT child=RUNNING
[HB] 2025-09-09 16:05:33 CDT child=RUNNING
[HB] 2025-09-09 16:05:48 CDT child=RUNNING
[HB] 2025-09-09 16:06:03 CDT child=RUNNING
[HB] 2025-09-09 16:06:18 CDT child=RUNNING
[HB] 2025-09-09 16:06:33 CDT child=RUNNING
[HB] 2025-09-09 16:06:48 CDT child=RUNNING
[HB] 2025-09-09 16:07:03 CDT child=RUNNING
[HB] 2025-09-09 16:07:18 CDT child=RUNNING
[HB] 2025-09-09 16:07:34 CDT child=RUNNING
[HB] 2025-09-09 16:07:49 CDT child=RUNNING
[HB] 2025-09-09 16:08:04 CDT child=RUNNING
[HB] 2025-09-09 16:08:19 CDT child=RUNNING
[HB] 2025-09-09 16:08:34 CDT child=RUNNING
[HB] 2025-09-09 16:08:49 CDT child=RUNNING
[HB] 2025-09-09 16:09:04 CDT child=RUNNING
[HB] 2025-09-09 16:09:19 CDT child=RUNNING
[HB] 2025-09-09 16:09:34 CDT child=RUNNING
[HB] 2025-09-09 16:09:49 CDT child=RUNNING
[HB] 2025-09-09 16:10:04 CDT child=RUNNING
[HB] 2025-09-09 16:10:19 CDT child=RUNNING
[HB] 2025-09-09 16:10:34 CDT child=RUNNING
[HB] 2025-09-09 16:10:49 CDT child=RUNNING
[HB] 2025-09-09 16:11:04 CDT child=RUNNING
[HB] 2025-09-09 16:11:19 CDT child=RUNNING
[HB] 2025-09-09 16:11:34 CDT child=RUNNING
[HB] 2025-09-09 16:11:49 CDT child=RUNNING
[HB] 2025-09-09 16:12:04 CDT child=RUNNING
[HB] 2025-09-09 16:12:19 CDT child=RUNNING
[HB] 2025-09-09 16:12:34 CDT child=RUNNING
[HB] 2025-09-09 16:12:49 CDT child=RUNNING
[HB] 2025-09-09 16:13:04 CDT child=RUNNING
[HB] 2025-09-09 16:13:19 CDT child=RUNNING
[HB] 2025-09-09 16:13:34 CDT child=RUNNING
[HB] 2025-09-09 16:13:49 CDT child=RUNNING
[HB] 2025-09-09 16:14:04 CDT child=RUNNING
[HB] 2025-09-09 16:14:19 CDT child=RUNNING
[HB] 2025-09-09 16:14:34 CDT child=RUNNING
[HB] 2025-09-09 16:14:49 CDT child=RUNNING
[HB] 2025-09-09 16:15:04 CDT child=RUNNING
[HB] 2025-09-09 16:15:19 CDT child=RUNNING
[HB] 2025-09-09 16:15:34 CDT child=RUNNING
[HB] 2025-09-09 16:15:49 CDT child=RUNNING
[HB] 2025-09-09 16:16:04 CDT child=RUNNING
[HB] 2025-09-09 16:16:19 CDT child=RUNNING
[HB] 2025-09-09 16:16:34 CDT child=RUNNING
[HB] 2025-09-09 16:16:49 CDT child=RUNNING
[HB] 2025-09-09 16:17:04 CDT child=RUNNING
[HB] 2025-09-09 16:17:19 CDT child=RUNNING
[HB] 2025-09-09 16:17:34 CDT child=RUNNING
[HB] 2025-09-09 16:17:49 CDT child=RUNNING
[HB] 2025-09-09 16:18:04 CDT child=RUNNING
[HB] 2025-09-09 16:18:19 CDT child=RUNNING
[HB] 2025-09-09 16:18:34 CDT child=RUNNING
[HB] 2025-09-09 16:18:49 CDT child=RUNNING
[HB] 2025-09-09 16:19:04 CDT child=RUNNING
[HB] 2025-09-09 16:19:19 CDT child=RUNNING
[HB] 2025-09-09 16:19:34 CDT child=RUNNING
[HB] 2025-09-09 16:19:49 CDT child=RUNNING
[HB] 2025-09-09 16:20:04 CDT child=RUNNING
[HB] 2025-09-09 16:20:19 CDT child=RUNNING
[HB] 2025-09-09 16:20:34 CDT child=RUNNING
[HB] 2025-09-09 16:20:49 CDT child=RUNNING
[HB] 2025-09-09 16:21:04 CDT child=RUNNING
[HB] 2025-09-09 16:21:19 CDT child=RUNNING
[HB] 2025-09-09 16:21:34 CDT child=RUNNING
[HB] 2025-09-09 16:21:49 CDT child=RUNNING
[HB] 2025-09-09 16:22:04 CDT child=RUNNING
[HB] 2025-09-09 16:22:19 CDT child=RUNNING
[HB] 2025-09-09 16:22:34 CDT child=RUNNING
[HB] 2025-09-09 16:22:49 CDT child=RUNNING
[HB] 2025-09-09 16:23:04 CDT child=RUNNING
[HB] 2025-09-09 16:23:19 CDT child=RUNNING
[HB] 2025-09-09 16:23:34 CDT child=RUNNING
[HB] 2025-09-09 16:23:49 CDT child=RUNNING
[HB] 2025-09-09 16:24:04 CDT child=RUNNING
[HB] 2025-09-09 16:24:19 CDT child=RUNNING
[HB] 2025-09-09 16:24:34 CDT child=RUNNING
[HB] 2025-09-09 16:24:49 CDT child=RUNNING
[HB] 2025-09-09 16:25:04 CDT child=RUNNING
[HB] 2025-09-09 16:25:19 CDT child=RUNNING
[HB] 2025-09-09 16:25:34 CDT child=RUNNING
[HB] 2025-09-09 16:25:49 CDT child=RUNNING
[HB] 2025-09-09 16:26:04 CDT child=RUNNING
[HB] 2025-09-09 16:26:19 CDT child=RUNNING
[HB] 2025-09-09 16:26:34 CDT child=RUNNING
[HB] 2025-09-09 16:26:49 CDT child=RUNNING
[HB] 2025-09-09 16:27:04 CDT child=RUNNING
[HB] 2025-09-09 16:27:19 CDT child=RUNNING
[HB] 2025-09-09 16:27:34 CDT child=RUNNING
[HB] 2025-09-09 16:27:49 CDT child=RUNNING
[HB] 2025-09-09 16:28:04 CDT child=RUNNING
[HB] 2025-09-09 16:28:19 CDT child=RUNNING
[HB] 2025-09-09 16:28:34 CDT child=RUNNING
[HB] 2025-09-09 16:28:49 CDT child=RUNNING
[HB] 2025-09-09 16:29:04 CDT child=RUNNING
[HB] 2025-09-09 16:29:19 CDT child=RUNNING
[HB] 2025-09-09 16:29:34 CDT child=RUNNING
[HB] 2025-09-09 16:29:49 CDT child=RUNNING
[HB] 2025-09-09 16:30:04 CDT child=RUNNING
[HB] 2025-09-09 16:30:19 CDT child=RUNNING
[HB] 2025-09-09 16:30:34 CDT child=RUNNING
[HB] 2025-09-09 16:30:49 CDT child=RUNNING
[HB] 2025-09-09 16:31:04 CDT child=RUNNING
[HB] 2025-09-09 16:31:19 CDT child=RUNNING
[HB] 2025-09-09 16:31:34 CDT child=RUNNING
[HB] 2025-09-09 16:31:49 CDT child=RUNNING
[HB] 2025-09-09 16:32:04 CDT child=RUNNING
[HB] 2025-09-09 16:32:19 CDT child=RUNNING
[HB] 2025-09-09 16:32:34 CDT child=RUNNING
[HB] 2025-09-09 16:32:49 CDT child=RUNNING
[HB] 2025-09-09 16:33:04 CDT child=RUNNING
[HB] 2025-09-09 16:33:19 CDT child=RUNNING
[HB] 2025-09-09 16:33:34 CDT child=RUNNING
[HB] 2025-09-09 16:33:49 CDT child=RUNNING
[HB] 2025-09-09 16:34:04 CDT child=RUNNING
[HB] 2025-09-09 16:34:19 CDT child=RUNNING
[HB] 2025-09-09 16:34:34 CDT child=RUNNING
[HB] 2025-09-09 16:34:49 CDT child=RUNNING
[HB] 2025-09-09 16:35:04 CDT child=RUNNING
[HB] 2025-09-09 16:35:19 CDT child=RUNNING
[HB] 2025-09-09 16:35:34 CDT child=RUNNING
[HB] 2025-09-09 16:35:49 CDT child=RUNNING
[HB] 2025-09-09 16:36:04 CDT child=RUNNING
[HB] 2025-09-09 16:36:19 CDT child=RUNNING
[HB] 2025-09-09 16:36:34 CDT child=RUNNING
[HB] 2025-09-09 16:36:49 CDT child=RUNNING
[HB] 2025-09-09 16:37:04 CDT child=RUNNING
[HB] 2025-09-09 16:37:19 CDT child=RUNNING
[HB] 2025-09-09 16:37:34 CDT child=RUNNING
[HB] 2025-09-09 16:37:49 CDT child=RUNNING
[HB] 2025-09-09 16:38:04 CDT child=RUNNING
